/* Converted from PWscf output file */ 
#L_UNITS ang 
#E_UNITS eV 
#S_UNITS GPA 
#F_UNITS EV/ANG 
#ALAT 	   6.29676     // a0 
#X 	   1.00000     0.00000     0.00000     // X 
#Y 	   0.00000     1.05447     0.00000     // Y 
#Z 	   0.00000     0.00000     1.00000     // Z 
#SX 	 106.19675     0.00000     0.00000     // SX 
#SY 	   0.00000    85.04951     0.00000     // SY 
#SZ 	   0.00000     0.00000   106.19792     // SZ 
#EPA 	  -4.13976     // Energy per Atom 
#RCUT 	6.5        // Rcut 
FE      0.00000      0.00000      0.00000      0.00000      0.00000      0.00000
FE      0.25000      0.25000      0.00000      0.00002      0.00014      0.00000
FE      0.25000      0.00000      0.25000     -0.00014      0.00000      0.00000
FE      0.00000      0.25000      0.25000      0.00000      0.00069     -0.00015
FE      0.00000      0.00000      0.50000      0.00000      0.00000      0.00000
FE      0.25000      0.25000      0.50000     -0.00010      0.00020      0.00000
FE      0.25000      0.00000      0.75000     -0.00014      0.00000     -0.00000
FE      0.00000      0.25000      0.75000      0.00000      0.00069      0.00015
FE      0.00000      0.50000      0.00000      0.00000      0.00000      0.00000
FE      0.25000      0.75000      0.00000      0.00002     -0.00014     -0.00000
FE      0.25000      0.50000      0.25000      0.00001      0.00000      0.00033
FE      0.00000      0.75000      0.25000      0.00000     -0.00069     -0.00015
FE      0.00000      0.50000      0.50000      0.00000      0.00000      0.00000
FE      0.25000      0.75000      0.50000     -0.00010     -0.00020     -0.00000
FE      0.25000      0.50000      0.75000      0.00001      0.00000     -0.00033
FE      0.00000      0.75000      0.75000      0.00000     -0.00069      0.00015
FE      0.50000      0.00000      0.00000      0.00000      0.00000      0.00000
FE      0.75000      0.25000      0.00000     -0.00002      0.00014     -0.00000
FE      0.75000      0.00000      0.25000      0.00014      0.00000      0.00000
FE      0.50000      0.25000      0.25000      0.00000      0.00011      0.00125
FE      0.50000      0.00000      0.50000      0.00000      0.00000      0.00000
FE      0.75000      0.25000      0.50000      0.00010      0.00020     -0.00000
FE      0.75000      0.00000      0.75000      0.00014      0.00000     -0.00000
FE      0.50000      0.25000      0.75000      0.00000      0.00011     -0.00125
FE      0.50000      0.50000      0.00000      0.00000      0.00000      0.00000
FE      0.75000      0.75000      0.00000     -0.00002     -0.00014      0.00000
FE      0.75000      0.50000      0.25000     -0.00001      0.00000      0.00033
FE      0.50000      0.75000      0.25000      0.00000     -0.00011      0.00125
FE      0.50000      0.50000      0.50000      0.00000      0.00000      0.00000
FE      0.75000      0.75000      0.50000      0.00010     -0.00020     -0.00000
FE      0.75000      0.50000      0.75000     -0.00001      0.00000     -0.00033
FE      0.50000      0.75000      0.75000      0.00000     -0.00011     -0.00125
