/* Converted from PWscf output file */ 
#L_UNITS ang 
#E_UNITS eV 
#S_UNITS GPA 
#F_UNITS EV/ANG 
#ALAT 	   6.84431     // a0 
#X 	   1.00000     0.00000     0.00000     // X 
#Y 	   0.00000     1.05447     0.00000     // Y 
#Z 	   0.00000     0.00000     1.00000     // Z 
#SX 	  -0.26498     0.00000     0.00000     // SX 
#SY 	   0.00000    -0.24763     0.00000     // SY 
#SZ 	   0.00000     0.00000    -0.26805     // SZ 
#EPA 	  -4.78982     // Energy per Atom 
#RCUT 	6.5        // Rcut 
FE      0.00000      0.00000      0.00000      0.00000      0.00000      0.00000
FE      0.25000      0.25000      0.00000     -0.00177     -0.00181      0.00000
FE      0.25000      0.00000      0.25000      0.00106      0.00000      0.00423
FE      0.00000      0.25000      0.25000      0.00000      0.00119     -0.00013
FE      0.00000      0.00000      0.50000      0.00000      0.00000      0.00000
FE      0.25000      0.25000      0.50000      0.00245     -0.00247      0.00000
FE      0.25000      0.00000      0.75000      0.00106      0.00000     -0.00423
FE      0.00000      0.25000      0.75000      0.00000      0.00119      0.00013
FE      0.00000      0.50000      0.00000      0.00000      0.00000      0.00000
FE      0.25000      0.75000      0.00000     -0.00177      0.00181      0.00000
FE      0.25000      0.50000      0.25000     -0.00523      0.00000     -0.00061
FE      0.00000      0.75000      0.25000      0.00000     -0.00119     -0.00013
FE      0.00000      0.50000      0.50000      0.00000      0.00000      0.00000
FE      0.25000      0.75000      0.50000      0.00245      0.00247      0.00000
FE      0.25000      0.50000      0.75000     -0.00523      0.00000      0.00061
FE      0.00000      0.75000      0.75000      0.00000     -0.00119      0.00013
FE      0.50000      0.00000      0.00000      0.00000      0.00000      0.00000
FE      0.75000      0.25000      0.00000      0.00177     -0.00181      0.00000
FE      0.75000      0.00000      0.25000     -0.00106      0.00000      0.00423
FE      0.50000      0.25000      0.25000      0.00000      0.00383     -0.00841
FE      0.50000      0.00000      0.50000      0.00000      0.00000      0.00000
FE      0.75000      0.25000      0.50000     -0.00245     -0.00247      0.00000
FE      0.75000      0.00000      0.75000     -0.00106      0.00000     -0.00423
FE      0.50000      0.25000      0.75000      0.00000      0.00383      0.00841
FE      0.50000      0.50000      0.00000      0.00000      0.00000      0.00000
FE      0.75000      0.75000      0.00000      0.00177      0.00181      0.00000
FE      0.75000      0.50000      0.25000      0.00523      0.00000     -0.00061
FE      0.50000      0.75000      0.25000      0.00000     -0.00383     -0.00841
FE      0.50000      0.50000      0.50000      0.00000      0.00000      0.00000
FE      0.75000      0.75000      0.50000     -0.00245      0.00247      0.00000
FE      0.75000      0.50000      0.75000      0.00523      0.00000      0.00061
FE      0.50000      0.75000      0.75000      0.00000     -0.00383      0.00841
