/* Converted from PWscf output file */ 
#L_UNITS ang 
#E_UNITS eV 
#S_UNITS GPA 
#F_UNITS EV/ANG 
#ALAT 	   7.93940     // a0 
#X 	   1.00000     0.00000     0.00000     // X 
#Y 	   0.00000     1.05447     0.00000     // Y 
#Z 	   0.00000     0.00000     1.00000     // Z 
#SX 	 -31.27438     0.00000     0.00000     // SX 
#SY 	   0.00000   -26.00577     0.00000     // SY 
#SZ 	   0.00000     0.00000   -31.27453     // SZ 
#EPA 	  -4.06198     // Energy per Atom 
#RCUT 	6.5        // Rcut 
FE      0.00000      0.00000      0.00000      0.00000      0.00000      0.00000
FE      0.25000      0.25000      0.00000      0.00259      0.00083      0.00000
FE      0.25000      0.00000      0.25000      0.00142      0.00000     -0.00229
FE      0.00000      0.25000      0.25000      0.00000     -0.00083     -0.00060
FE      0.00000      0.00000      0.50000      0.00000      0.00000      0.00000
FE      0.25000      0.25000      0.50000     -0.00049      0.00098      0.00000
FE      0.25000      0.00000      0.75000      0.00142      0.00000      0.00229
FE      0.00000      0.25000      0.75000      0.00000     -0.00083      0.00060
FE      0.00000      0.50000      0.00000      0.00000      0.00000      0.00000
FE      0.25000      0.75000      0.00000      0.00259     -0.00083      0.00000
FE      0.25000      0.50000      0.25000      0.00287      0.00000     -0.00056
FE      0.00000      0.75000      0.25000      0.00000      0.00083     -0.00060
FE      0.00000      0.50000      0.50000      0.00000      0.00000      0.00000
FE      0.25000      0.75000      0.50000     -0.00049     -0.00098      0.00000
FE      0.25000      0.50000      0.75000      0.00287      0.00000      0.00056
FE      0.00000      0.75000      0.75000      0.00000      0.00083      0.00060
FE      0.50000      0.00000      0.00000      0.00000      0.00000      0.00000
FE      0.75000      0.25000      0.00000     -0.00259      0.00083      0.00000
FE      0.75000      0.00000      0.25000     -0.00142      0.00000     -0.00229
FE      0.50000      0.25000      0.25000      0.00000     -0.00108      0.00192
FE      0.50000      0.00000      0.50000      0.00000      0.00000      0.00000
FE      0.75000      0.25000      0.50000      0.00049      0.00098      0.00000
FE      0.75000      0.00000      0.75000     -0.00142      0.00000      0.00229
FE      0.50000      0.25000      0.75000      0.00000     -0.00108     -0.00192
FE      0.50000      0.50000      0.00000      0.00000      0.00000      0.00000
FE      0.75000      0.75000      0.00000     -0.00259     -0.00083      0.00000
FE      0.75000      0.50000      0.25000     -0.00287      0.00000     -0.00056
FE      0.50000      0.75000      0.25000     -0.00000      0.00108      0.00192
FE      0.50000      0.50000      0.50000      0.00000      0.00000      0.00000
FE      0.75000      0.75000      0.50000      0.00049     -0.00098      0.00000
FE      0.75000      0.50000      0.75000     -0.00287      0.00000      0.00056
FE      0.50000      0.75000      0.75000      0.00000      0.00108     -0.00192
