/* Converted from PWscf output file */ 
#L_UNITS ang 
#E_UNITS eV 
#S_UNITS GPA 
#F_UNITS EV/ANG 
#ALAT 	   8.76071     // a0 
#X 	   1.00000     0.00000     0.00000     // X 
#Y 	   0.00000     1.05447     0.00000     // Y 
#Z 	   0.00000     0.00000     1.00000     // Z 
#SX 	 -25.60253     0.00000     0.00000     // SX 
#SY 	   0.00000   -23.27601     0.00000     // SY 
#SZ 	   0.00000     0.00000   -25.60341     // SZ 
#EPA 	  -3.18355     // Energy per Atom 
#RCUT 	6.5        // Rcut 
FE      0.00000      0.00000      0.00000      0.00000      0.00000      0.00000
FE      0.25000      0.25000      0.00000      0.00259     -0.00020     -0.00000
FE      0.25000      0.00000      0.25000      0.00163      0.00000     -0.00157
FE      0.00000      0.25000      0.25000      0.00000     -0.00183      0.00003
FE      0.00000      0.00000      0.50000      0.00000      0.00000      0.00000
FE      0.25000      0.25000      0.50000      0.00078     -0.00030      0.00000
FE      0.25000      0.00000      0.75000      0.00163      0.00000      0.00157
FE      0.00000      0.25000      0.75000      0.00000     -0.00183     -0.00003
FE      0.00000      0.50000      0.00000      0.00000      0.00000      0.00000
FE      0.25000      0.75000      0.00000      0.00259      0.00020     -0.00000
FE      0.25000      0.50000      0.25000      0.00351      0.00000     -0.00037
FE      0.00000      0.75000      0.25000      0.00000      0.00183      0.00003
FE      0.00000      0.50000      0.50000      0.00000      0.00000      0.00000
FE      0.25000      0.75000      0.50000      0.00078      0.00030      0.00000
FE      0.25000      0.50000      0.75000      0.00351      0.00000      0.00037
FE      0.00000      0.75000      0.75000      0.00000      0.00183     -0.00003
FE      0.50000      0.00000      0.00000      0.00000      0.00000      0.00000
FE      0.75000      0.25000      0.00000     -0.00259     -0.00020     -0.00000
FE      0.75000      0.00000      0.25000     -0.00163      0.00000     -0.00157
FE      0.50000      0.25000      0.25000      0.00000     -0.00165      0.00213
FE      0.50000      0.00000      0.50000      0.00000      0.00000      0.00000
FE      0.75000      0.25000      0.50000     -0.00078     -0.00030      0.00000
FE      0.75000      0.00000      0.75000     -0.00163      0.00000      0.00157
FE      0.50000      0.25000      0.75000      0.00000     -0.00165     -0.00213
FE      0.50000      0.50000      0.00000      0.00000      0.00000      0.00000
FE      0.75000      0.75000      0.00000     -0.00259      0.00020     -0.00000
FE      0.75000      0.50000      0.25000     -0.00351      0.00000     -0.00037
FE      0.50000      0.75000      0.25000      0.00000      0.00165      0.00213
FE      0.50000      0.50000      0.50000      0.00000      0.00000      0.00000
FE      0.75000      0.75000      0.50000     -0.00078      0.00030     -0.00000
FE      0.75000      0.50000      0.75000     -0.00351      0.00000      0.00037
FE      0.50000      0.75000      0.75000      0.00000      0.00165     -0.00213
