/* Converted from PWscf output file */ 
#L_UNITS ang 
#E_UNITS eV 
#S_UNITS GPA 
#F_UNITS EV/ANG 
#ALAT 	   6.02299     // a0 
#X 	   1.00000     0.00000     0.00000     // X 
#Y 	   0.00000     1.05447     0.00000     // Y 
#Z 	   0.00000     0.00000     1.00000     // Z 
#SX 	 227.16013     0.00000     0.00000     // SX 
#SY 	   0.00000   199.04587     0.00000     // SY 
#SZ 	   0.00000     0.00000   227.15678     // SZ 
#EPA 	  -3.11124     // Energy per Atom 
#RCUT 	6.5        // Rcut 
FE      0.00000      0.00000      0.00000      0.00000      0.00000      0.00000
FE      0.25000      0.25000      0.00000      0.01033     -0.00032      0.00000
FE      0.25000      0.00000      0.25000      0.00847      0.00000      0.00639
FE      0.00000      0.25000      0.25000      0.00000     -0.00147      0.00880
FE      0.00000      0.00000      0.50000      0.00000      0.00000      0.00000
FE      0.25000      0.25000      0.50000      0.00654     -0.00020      0.00000
FE      0.25000      0.00000      0.75000      0.00847      0.00000     -0.00639
FE      0.00000      0.25000      0.75000      0.00000     -0.00147     -0.00880
FE      0.00000      0.50000      0.00000      0.00000      0.00000      0.00000
FE      0.25000      0.75000      0.00000      0.01033      0.00032     -0.00000
FE      0.25000      0.50000      0.25000      0.01000      0.00000      0.00752
FE      0.00000      0.75000      0.25000      0.00000      0.00147      0.00880
FE      0.00000      0.50000      0.50000      0.00000      0.00000      0.00000
FE      0.25000      0.75000      0.50000      0.00654      0.00020     -0.00000
FE      0.25000      0.50000      0.75000      0.01000      0.00000     -0.00752
FE      0.00000      0.75000      0.75000      0.00000      0.00147     -0.00880
FE      0.50000      0.00000      0.00000      0.00000      0.00000      0.00000
FE      0.75000      0.25000      0.00000     -0.01033     -0.00032     -0.00000
FE      0.75000      0.00000      0.25000     -0.00847      0.00000      0.00639
FE      0.50000      0.25000      0.25000      0.00000     -0.00149      0.00733
FE      0.50000      0.00000      0.50000      0.00000      0.00000      0.00000
FE      0.75000      0.25000      0.50000     -0.00654     -0.00020      0.00000
FE      0.75000      0.00000      0.75000     -0.00847      0.00000     -0.00639
FE      0.50000      0.25000      0.75000     -0.00000     -0.00149     -0.00733
FE      0.50000      0.50000      0.00000      0.00000      0.00000      0.00000
FE      0.75000      0.75000      0.00000     -0.01033      0.00032      0.00000
FE      0.75000      0.50000      0.25000     -0.01000      0.00000      0.00752
FE      0.50000      0.75000      0.25000      0.00000      0.00149      0.00733
FE      0.50000      0.50000      0.50000      0.00000      0.00000      0.00000
FE      0.75000      0.75000      0.50000     -0.00654      0.00020      0.00000
FE      0.75000      0.50000      0.75000     -0.01000     -0.00000     -0.00752
FE      0.50000      0.75000      0.75000      0.00000      0.00149     -0.00733
