/* Converted from PWscf output file */ 
#L_UNITS ang 
#E_UNITS eV 
#S_UNITS GPA 
#F_UNITS EV/ANG 
#ALAT 	   8.21317     // a0 
#X 	   1.00000     0.00000     0.00000     // X 
#Y 	   0.00000     1.05447     0.00000     // Y 
#Z 	   0.00000     0.00000     1.00000     // Z 
#SX 	 -29.64306     0.00000     0.00000     // SX 
#SY 	   0.00000   -25.74005     0.00000     // SY 
#SZ 	   0.00000     0.00000   -29.64408     // SZ 
#EPA 	  -3.77412     // Energy per Atom 
#RCUT 	6.5        // Rcut 
FE      0.00000      0.00000      0.00000      0.00000      0.00000      0.00000
FE      0.25000      0.25000      0.00000      0.00189      0.00070      0.00000
FE      0.25000      0.00000      0.25000     -0.00008      0.00000     -0.00364
FE      0.00000      0.25000      0.25000      0.00000     -0.00242     -0.00053
FE      0.00000      0.00000      0.50000      0.00000      0.00000      0.00000
FE      0.25000      0.25000      0.50000     -0.00075      0.00089      0.00000
FE      0.25000      0.00000      0.75000     -0.00008      0.00000      0.00364
FE      0.00000      0.25000      0.75000      0.00000     -0.00242      0.00053
FE      0.00000      0.50000      0.00000      0.00000      0.00000      0.00000
FE      0.25000      0.75000      0.00000      0.00189     -0.00070     -0.00000
FE      0.25000      0.50000      0.25000      0.00484      0.00000     -0.00008
FE      0.00000      0.75000      0.25000      0.00000      0.00242     -0.00053
FE      0.00000      0.50000      0.50000      0.00000      0.00000      0.00000
FE      0.25000      0.75000      0.50000     -0.00075     -0.00089      0.00000
FE      0.25000      0.50000      0.75000      0.00484      0.00000      0.00008
FE      0.00000      0.75000      0.75000      0.00000      0.00242      0.00053
FE      0.50000      0.00000      0.00000      0.00000      0.00000      0.00000
FE      0.75000      0.25000      0.00000     -0.00189      0.00070     -0.00000
FE      0.75000      0.00000      0.25000      0.00008      0.00000     -0.00364
FE      0.50000      0.25000      0.25000      0.00000     -0.00309      0.00616
FE      0.50000      0.00000      0.50000      0.00000      0.00000      0.00000
FE      0.75000      0.25000      0.50000      0.00075      0.00089      0.00000
FE      0.75000      0.00000      0.75000      0.00008      0.00000      0.00364
FE      0.50000      0.25000      0.75000      0.00000     -0.00309     -0.00616
FE      0.50000      0.50000      0.00000      0.00000      0.00000      0.00000
FE      0.75000      0.75000      0.00000     -0.00189     -0.00070      0.00000
FE      0.75000      0.50000      0.25000     -0.00484     -0.00000     -0.00008
FE      0.50000      0.75000      0.25000      0.00000      0.00309      0.00616
FE      0.50000      0.50000      0.50000      0.00000      0.00000      0.00000
FE      0.75000      0.75000      0.50000      0.00075     -0.00089      0.00000
FE      0.75000      0.50000      0.75000     -0.00484      0.00000      0.00008
FE      0.50000      0.75000      0.75000      0.00000      0.00309     -0.00616
