/* Converted from PWscf output file */ 
#L_UNITS ang 
#E_UNITS eV 
#S_UNITS GPA 
#F_UNITS EV/ANG 
#ALAT 	   7.64654     // a0 
#X 	   1.00000     0.00000     0.00000     // X 
#Y 	   0.00000     0.99626     0.00000     // Y 
#Z 	   0.00000     0.00000     0.99626     // Z 
#SX 	  -2.24237     0.00000     0.00000     // SX 
#SY 	   0.00000    -1.30640     0.00000     // SY 
#SZ 	   0.00000     0.00000    -1.30640     // SZ 
#EPA 	  -6.71126     // Energy per Atom 
#RCUT 	6.5        // Rcut 
RU      0.00000      0.00000      0.00000      0.00000      0.00000      0.00000
RU      0.25000      0.25000      0.00000     -0.01039     -0.00319      0.00000
RU      0.25000      0.00000      0.25000     -0.01039     -0.00000     -0.00319
RU      0.00000      0.25000      0.25000     -0.00000     -0.00084     -0.00084
RU      0.00000      0.00000      0.50000      0.00000      0.00000      0.00000
RU      0.25000      0.25000      0.50000     -0.00289      0.00905      0.00000
RU      0.25000      0.00000      0.75000     -0.01039     -0.00000      0.00319
RU      0.00000      0.25000      0.75000      0.00000     -0.00084      0.00084
RU      0.00000      0.50000      0.00000      0.00000      0.00000      0.00000
RU      0.25000      0.75000      0.00000     -0.01039      0.00319      0.00000
RU      0.25000      0.50000      0.25000     -0.00289      0.00000      0.00905
RU      0.00000      0.75000      0.25000      0.00000      0.00084     -0.00084
RU      0.00000      0.50000      0.50000      0.00000      0.00000      0.00000
RU      0.25000      0.75000      0.50000     -0.00289     -0.00905      0.00000
RU      0.25000      0.50000      0.75000     -0.00289      0.00000     -0.00905
RU      0.00000      0.75000      0.75000     -0.00000      0.00084      0.00084
RU      0.50000      0.00000      0.00000      0.00000      0.00000      0.00000
RU      0.75000      0.25000      0.00000      0.01039     -0.00319      0.00000
RU      0.75000      0.00000      0.25000      0.01039     -0.00000     -0.00319
RU      0.50000      0.25000      0.25000      0.00000      0.00689      0.00689
RU      0.50000      0.00000      0.50000      0.00000      0.00000      0.00000
RU      0.75000      0.25000      0.50000      0.00289      0.00905      0.00000
RU      0.75000      0.00000      0.75000      0.01039      0.00000      0.00319
RU      0.50000      0.25000      0.75000      0.00000      0.00689     -0.00689
RU      0.50000      0.50000      0.00000      0.00000      0.00000      0.00000
RU      0.75000      0.75000      0.00000      0.01039      0.00319      0.00000
RU      0.75000      0.50000      0.25000      0.00289      0.00000      0.00905
RU      0.50000      0.75000      0.25000      0.00000     -0.00689      0.00689
RU      0.50000      0.50000      0.50000      0.00000      0.00000      0.00000
RU      0.75000      0.75000      0.50000      0.00289     -0.00905      0.00000
RU      0.75000      0.50000      0.75000      0.00289      0.00000     -0.00905
RU      0.50000      0.75000      0.75000      0.00000     -0.00689     -0.00689
