/* Converted from PWscf output file */ 
#L_UNITS ang 
#E_UNITS eV 
#S_UNITS GPA 
#F_UNITS EV/ANG 
#ALAT 	   7.63702     // a0 
#X 	   1.00000     0.00000     0.00000     // X 
#Y 	   0.00000     0.99751     0.00000     // Y 
#Z 	   0.00000     0.00000     0.99751     // Z 
#SX 	  -1.57853     0.00000     0.00000     // SX 
#SY 	   0.00000    -0.95654     0.00000     // SY 
#SZ 	   0.00000     0.00000    -0.95654     // SZ 
#EPA 	  -6.71139     // Energy per Atom 
#RCUT 	6.5        // Rcut 
RU      0.00000      0.00000      0.00000      0.00000      0.00000      0.00000
RU      0.25000      0.25000      0.00000     -0.00011      0.00031      0.00000
RU      0.25000      0.00000      0.25000     -0.00011      0.00000      0.00031
RU      0.00000      0.25000      0.25000     -0.00000      0.00013      0.00013
RU      0.00000      0.00000      0.50000      0.00000      0.00000      0.00000
RU      0.25000      0.25000      0.50000     -0.00029     -0.00019      0.00000
RU      0.25000      0.00000      0.75000     -0.00011      0.00000     -0.00031
RU      0.00000      0.25000      0.75000      0.00000      0.00013     -0.00013
RU      0.00000      0.50000      0.00000      0.00000      0.00000      0.00000
RU      0.25000      0.75000      0.00000     -0.00011     -0.00031     -0.00000
RU      0.25000      0.50000      0.25000     -0.00029     -0.00000     -0.00019
RU      0.00000      0.75000      0.25000      0.00000     -0.00013      0.00013
RU      0.00000      0.50000      0.50000      0.00000      0.00000      0.00000
RU      0.25000      0.75000      0.50000     -0.00029      0.00019      0.00000
RU      0.25000      0.50000      0.75000     -0.00029     -0.00000      0.00019
RU      0.00000      0.75000      0.75000     -0.00000     -0.00013     -0.00013
RU      0.50000      0.00000      0.00000      0.00000      0.00000      0.00000
RU      0.75000      0.25000      0.00000      0.00011      0.00031     -0.00000
RU      0.75000      0.00000      0.25000      0.00011      0.00000      0.00031
RU      0.50000      0.25000      0.25000      0.00000      0.00008      0.00008
RU      0.50000      0.00000      0.50000      0.00000      0.00000      0.00000
RU      0.75000      0.25000      0.50000      0.00029     -0.00019      0.00000
RU      0.75000      0.00000      0.75000      0.00011      0.00000     -0.00031
RU      0.50000      0.25000      0.75000     -0.00000      0.00008     -0.00008
RU      0.50000      0.50000      0.00000      0.00000      0.00000      0.00000
RU      0.75000      0.75000      0.00000      0.00011     -0.00031      0.00000
RU      0.75000      0.50000      0.25000      0.00029      0.00000     -0.00019
RU      0.50000      0.75000      0.25000     -0.00000     -0.00008      0.00008
RU      0.50000      0.50000      0.50000      0.00000      0.00000      0.00000
RU      0.75000      0.75000      0.50000      0.00029      0.00019      0.00000
RU      0.75000      0.50000      0.75000      0.00029     -0.00000      0.00019
RU      0.50000      0.75000      0.75000      0.00000     -0.00008     -0.00008
