/* Converted from PWscf output file */ 
#L_UNITS ang 
#E_UNITS eV 
#S_UNITS GPA 
#F_UNITS EV/ANG 
#ALAT 	   7.65606     // a0 
#X 	   1.00000     0.00000     0.00000     // X 
#Y 	   0.00000     0.99502     0.00000     // Y 
#Z 	   0.00000     0.00000     0.99502     // Z 
#SX 	  -2.68440     0.00000     0.00000     // SX 
#SY 	   0.00000    -1.44173     0.00000     // SY 
#SZ 	   0.00000     0.00000    -1.44173     // SZ 
#EPA 	  -6.71106     // Energy per Atom 
#RCUT 	6.5        // Rcut 
RU      0.00000      0.00000      0.00000      0.00000      0.00000      0.00000
RU      0.25000      0.25000      0.00000     -0.00969     -0.00328      0.00000
RU      0.25000      0.00000      0.25000     -0.00969      0.00000     -0.00328
RU      0.00000      0.25000      0.25000      0.00000     -0.00102     -0.00102
RU      0.00000      0.00000      0.50000      0.00000      0.00000      0.00000
RU      0.25000      0.25000      0.50000     -0.00235      0.00863      0.00000
RU      0.25000      0.00000      0.75000     -0.00969      0.00000      0.00328
RU      0.00000      0.25000      0.75000      0.00000     -0.00102      0.00102
RU      0.00000      0.50000      0.00000      0.00000      0.00000      0.00000
RU      0.25000      0.75000      0.00000     -0.00969      0.00328     -0.00000
RU      0.25000      0.50000      0.25000     -0.00235      0.00000      0.00863
RU      0.00000      0.75000      0.25000      0.00000      0.00102     -0.00102
RU      0.00000      0.50000      0.50000      0.00000      0.00000      0.00000
RU      0.25000      0.75000      0.50000     -0.00235     -0.00863      0.00000
RU      0.25000      0.50000      0.75000     -0.00235      0.00000     -0.00863
RU      0.00000      0.75000      0.75000      0.00000      0.00102      0.00102
RU      0.50000      0.00000      0.00000      0.00000      0.00000      0.00000
RU      0.75000      0.25000      0.00000      0.00969     -0.00328     -0.00000
RU      0.75000      0.00000      0.25000      0.00969      0.00000     -0.00328
RU      0.50000      0.25000      0.25000      0.00000      0.00656      0.00656
RU      0.50000      0.00000      0.50000      0.00000      0.00000      0.00000
RU      0.75000      0.25000      0.50000      0.00235      0.00863      0.00000
RU      0.75000      0.00000      0.75000      0.00969      0.00000      0.00328
RU      0.50000      0.25000      0.75000      0.00000      0.00656     -0.00656
RU      0.50000      0.50000      0.00000      0.00000      0.00000      0.00000
RU      0.75000      0.75000      0.00000      0.00969      0.00328      0.00000
RU      0.75000      0.50000      0.25000      0.00235      0.00000      0.00863
RU      0.50000      0.75000      0.25000      0.00000     -0.00656      0.00656
RU      0.50000      0.50000      0.50000      0.00000      0.00000      0.00000
RU      0.75000      0.75000      0.50000      0.00235     -0.00863      0.00000
RU      0.75000      0.50000      0.75000      0.00235      0.00000     -0.00863
RU      0.50000      0.75000      0.75000      0.00000     -0.00656     -0.00656
