/* Converted from PWscf output file */ 
#L_UNITS ang 
#E_UNITS eV 
#S_UNITS GPA 
#F_UNITS EV/ANG 
#ALAT 	   7.65130     // a0 
#X 	   1.00000     0.00000     0.00000     // X 
#Y 	   0.00000     0.99564     0.00000     // Y 
#Z 	   0.00000     0.00000     0.99564     // Z 
#SX 	  -2.46784     0.00000     0.00000     // SX 
#SY 	   0.00000    -1.37830     0.00000     // SY 
#SZ 	   0.00000     0.00000    -1.37830     // SZ 
#EPA 	  -6.71117     // Energy per Atom 
#RCUT 	6.5        // Rcut 
RU      0.00000      0.00000      0.00000      0.00000      0.00000      0.00000
RU      0.25000      0.25000      0.00000     -0.01025     -0.00324      0.00000
RU      0.25000      0.00000      0.25000     -0.01025      0.00000     -0.00324
RU      0.00000      0.25000      0.25000      0.00000     -0.00098     -0.00098
RU      0.00000      0.00000      0.50000      0.00000      0.00000      0.00000
RU      0.25000      0.25000      0.50000     -0.00273      0.00881      0.00000
RU      0.25000      0.00000      0.75000     -0.01025      0.00000      0.00324
RU      0.00000      0.25000      0.75000      0.00000     -0.00098      0.00098
RU      0.00000      0.50000      0.00000      0.00000      0.00000      0.00000
RU      0.25000      0.75000      0.00000     -0.01025      0.00324     -0.00000
RU      0.25000      0.50000      0.25000     -0.00273      0.00000      0.00881
RU      0.00000      0.75000      0.25000      0.00000      0.00098     -0.00098
RU      0.00000      0.50000      0.50000      0.00000      0.00000      0.00000
RU      0.25000      0.75000      0.50000     -0.00273     -0.00881     -0.00000
RU      0.25000      0.50000      0.75000     -0.00273      0.00000     -0.00881
RU      0.00000      0.75000      0.75000      0.00000      0.00098      0.00098
RU      0.50000      0.00000      0.00000      0.00000      0.00000      0.00000
RU      0.75000      0.25000      0.00000      0.01025     -0.00324     -0.00000
RU      0.75000      0.00000      0.25000      0.01025      0.00000     -0.00324
RU      0.50000      0.25000      0.25000      0.00000      0.00677      0.00677
RU      0.50000      0.00000      0.50000      0.00000      0.00000      0.00000
RU      0.75000      0.25000      0.50000      0.00273      0.00881     -0.00000
RU      0.75000      0.00000      0.75000      0.01025      0.00000      0.00324
RU      0.50000      0.25000      0.75000      0.00000      0.00677     -0.00677
RU      0.50000      0.50000      0.00000      0.00000      0.00000      0.00000
RU      0.75000      0.75000      0.00000      0.01025      0.00324      0.00000
RU      0.75000      0.50000      0.25000      0.00273     -0.00000      0.00881
RU      0.50000      0.75000      0.25000      0.00000     -0.00677      0.00677
RU      0.50000      0.50000      0.50000      0.00000      0.00000      0.00000
RU      0.75000      0.75000      0.50000      0.00273     -0.00881      0.00000
RU      0.75000      0.50000      0.75000      0.00273      0.00000     -0.00881
RU      0.50000      0.75000      0.75000      0.00000     -0.00677     -0.00677
