/* Converted from PWscf output file */ 
#L_UNITS ang 
#E_UNITS eV 
#S_UNITS GPA 
#F_UNITS EV/ANG 
#ALAT 	   7.61797     // a0 
#X 	   1.00000     0.00000     0.00000     // X 
#Y 	   0.00000     1.00438     0.00000     // Y 
#Z 	   0.00000     0.00000     1.00000     // Z 
#SX 	  -1.42482     0.00000     0.00000     // SX 
#SY 	   0.00000    -2.51188     0.00000     // SY 
#SZ 	   0.00000     0.00000    -1.42482     // SZ 
#EPA 	  -6.71117     // Energy per Atom 
#RCUT 	6.5        // Rcut 
RU      0.00000      0.00000      0.00000      0.00000      0.00000      0.00000
RU      0.25000      0.25000      0.00000     -0.00381      0.00066      0.00000
RU      0.25000      0.00000      0.25000     -0.00888      0.00000     -0.00888
RU      0.00000      0.25000      0.25000      0.00000      0.00066     -0.00381
RU      0.00000      0.00000      0.50000      0.00000      0.00000      0.00000
RU      0.25000      0.25000      0.50000     -0.00349      0.01209      0.00000
RU      0.25000      0.00000      0.75000     -0.00888      0.00000      0.00888
RU      0.00000      0.25000      0.75000      0.00000      0.00066      0.00381
RU      0.00000      0.50000      0.00000      0.00000      0.00000      0.00000
RU      0.25000      0.75000      0.00000     -0.00381     -0.00066     -0.00000
RU      0.25000      0.50000      0.25000      0.00195     -0.00000      0.00195
RU      0.00000      0.75000      0.25000      0.00000     -0.00066     -0.00381
RU      0.00000      0.50000      0.50000      0.00000      0.00000      0.00000
RU      0.25000      0.75000      0.50000     -0.00349     -0.01209      0.00000
RU      0.25000      0.50000      0.75000      0.00195     -0.00000     -0.00195
RU      0.00000      0.75000      0.75000      0.00000     -0.00066      0.00381
RU      0.50000      0.00000      0.00000      0.00000      0.00000      0.00000
RU      0.75000      0.25000      0.00000      0.00381      0.00066     -0.00000
RU      0.75000      0.00000      0.25000      0.00888      0.00000     -0.00888
RU      0.50000      0.25000      0.25000      0.00000      0.01209     -0.00349
RU      0.50000      0.00000      0.50000      0.00000      0.00000      0.00000
RU      0.75000      0.25000      0.50000      0.00349      0.01209      0.00000
RU      0.75000      0.00000      0.75000      0.00888      0.00000      0.00888
RU      0.50000      0.25000      0.75000      0.00000      0.01209      0.00349
RU      0.50000      0.50000      0.00000      0.00000      0.00000      0.00000
RU      0.75000      0.75000      0.00000      0.00381     -0.00066      0.00000
RU      0.75000      0.50000      0.25000     -0.00195     -0.00000      0.00195
RU      0.50000      0.75000      0.25000      0.00000     -0.01209     -0.00349
RU      0.50000      0.50000      0.50000      0.00000      0.00000      0.00000
RU      0.75000      0.75000      0.50000      0.00349     -0.01209      0.00000
RU      0.75000      0.50000      0.75000     -0.00195     -0.00000     -0.00195
RU      0.50000      0.75000      0.75000      0.00000     -0.01209      0.00349
