/* Converted from PWscf output file */ 
#L_UNITS ang 
#E_UNITS eV 
#S_UNITS GPA 
#F_UNITS EV/ANG 
#ALAT 	   7.61797     // a0 
#X 	   1.00000     0.00000     0.00000     // X 
#Y 	   0.00000     1.00000     0.00000     // Y 
#Z 	   0.00000     0.00000     1.00063     // Z 
#SX 	  -0.51743     0.00000     0.00000     // SX 
#SY 	   0.00000    -0.51743     0.00000     // SY 
#SZ 	   0.00000     0.00000    -0.67230     // SZ 
#EPA 	  -6.71146     // Energy per Atom 
#RCUT 	6.5        // Rcut 
RU      0.00000      0.00000      0.00000      0.00000      0.00000      0.00000
RU      0.25000      0.25000      0.00000     -0.00071     -0.00071      0.00000
RU      0.25000      0.00000      0.25000     -0.00156      0.00000     -0.00030
RU      0.00000      0.25000      0.25000      0.00000     -0.00156     -0.00030
RU      0.00000      0.00000      0.50000      0.00000      0.00000      0.00000
RU      0.25000      0.25000      0.50000      0.00039      0.00039      0.00000
RU      0.25000      0.00000      0.75000     -0.00156      0.00000      0.00030
RU      0.00000      0.25000      0.75000      0.00000     -0.00156      0.00030
RU      0.00000      0.50000      0.00000      0.00000      0.00000      0.00000
RU      0.25000      0.75000      0.00000     -0.00071      0.00071      0.00000
RU      0.25000      0.50000      0.25000      0.00171      0.00000      0.00049
RU      0.00000      0.75000      0.25000      0.00000      0.00156     -0.00030
RU      0.00000      0.50000      0.50000      0.00000      0.00000      0.00000
RU      0.25000      0.75000      0.50000      0.00039     -0.00039      0.00000
RU      0.25000      0.50000      0.75000      0.00171      0.00000     -0.00049
RU      0.00000      0.75000      0.75000      0.00000      0.00156      0.00030
RU      0.50000      0.00000      0.00000      0.00000      0.00000      0.00000
RU      0.75000      0.25000      0.00000      0.00071     -0.00071      0.00000
RU      0.75000      0.00000      0.25000      0.00156      0.00000     -0.00030
RU      0.50000      0.25000      0.25000      0.00000      0.00171      0.00049
RU      0.50000      0.00000      0.50000      0.00000      0.00000      0.00000
RU      0.75000      0.25000      0.50000     -0.00039      0.00039      0.00000
RU      0.75000      0.00000      0.75000      0.00156      0.00000      0.00030
RU      0.50000      0.25000      0.75000      0.00000      0.00171     -0.00049
RU      0.50000      0.50000      0.00000      0.00000      0.00000      0.00000
RU      0.75000      0.75000      0.00000      0.00071      0.00071      0.00000
RU      0.75000      0.50000      0.25000     -0.00171      0.00000      0.00049
RU      0.50000      0.75000      0.25000      0.00000     -0.00171      0.00049
RU      0.50000      0.50000      0.50000      0.00000      0.00000      0.00000
RU      0.75000      0.75000      0.50000     -0.00039     -0.00039      0.00000
RU      0.75000      0.50000      0.75000     -0.00171      0.00000     -0.00049
RU      0.50000      0.75000      0.75000      0.00000     -0.00171     -0.00049
