/* Converted from PWscf output file */ 
#L_UNITS ang 
#E_UNITS eV 
#S_UNITS GPA 
#F_UNITS EV/ANG 
#ALAT 	   7.61798     // a0 
#X 	   1.00000     0.00000     0.00000     // X 
#Y 	   0.00000     1.00000     0.00125     // Y 
#Z 	   0.00000     0.00125     1.00000     // Z 
#SX 	  -0.36824     0.00000     0.00000     // SX 
#SY 	   0.00000    -0.36503    -0.60289     // SY 
#SZ 	   0.00000    -0.60289    -0.36503     // SZ 
#EPA 	  -6.71139     // Energy per Atom 
#RCUT 	6.5        // Rcut 
RU      0.00000      0.00000      0.00000      0.00000      0.00000      0.00000
RU      0.25000      0.25000      0.00000     -0.00085     -0.00013      0.00051
RU      0.25000      0.00000      0.25000     -0.00085      0.00051     -0.00013
RU      0.00000      0.25000      0.25000      0.00000     -0.00012     -0.00012
RU      0.00000      0.00000      0.50000      0.00000      0.00000      0.00000
RU      0.25000      0.25000      0.50000      0.00004      0.00077     -0.00052
RU      0.25000      0.00000      0.75000     -0.00085     -0.00051      0.00013
RU      0.00000      0.25000      0.75000      0.00000     -0.00019      0.00019
RU      0.00000      0.50000     -0.00000      0.00000      0.00000      0.00000
RU      0.25000      0.75000     -0.00000     -0.00085      0.00013     -0.00051
RU      0.25000      0.50000      0.25000      0.00004     -0.00052      0.00077
RU      0.00000      0.75000      0.25000      0.00000      0.00019     -0.00019
RU      0.00000      0.50000      0.50000      0.00000      0.00000      0.00000
RU      0.25000      0.75000      0.50000      0.00004     -0.00077      0.00052
RU      0.25000      0.50000      0.75000      0.00004      0.00052     -0.00077
RU      0.00000      0.75000      0.75000      0.00000      0.00012      0.00012
RU      0.50000      0.00000      0.00000      0.00000      0.00000      0.00000
RU      0.75000      0.25000      0.00000      0.00085     -0.00013      0.00051
RU      0.75000      0.00000      0.25000      0.00085      0.00051     -0.00013
RU      0.50000      0.25000      0.25000      0.00000      0.00110      0.00110
RU      0.50000      0.00000      0.50000      0.00000      0.00000      0.00000
RU      0.75000      0.25000      0.50000     -0.00004      0.00077     -0.00052
RU      0.75000      0.00000      0.75000      0.00085     -0.00051      0.00013
RU      0.50000      0.25000      0.75000      0.00000      0.00064     -0.00064
RU      0.50000      0.50000     -0.00000      0.00000      0.00000      0.00000
RU      0.75000      0.75000     -0.00000      0.00085      0.00013     -0.00051
RU      0.75000      0.50000      0.25000     -0.00004     -0.00052      0.00077
RU      0.50000      0.75000      0.25000      0.00000     -0.00064      0.00064
RU      0.50000      0.50000      0.50000      0.00000      0.00000      0.00000
RU      0.75000      0.75000      0.50000     -0.00004     -0.00077      0.00052
RU      0.75000      0.50000      0.75000     -0.00004      0.00052     -0.00077
RU      0.50000      0.75000      0.75000      0.00000     -0.00110     -0.00110
