/* Converted from PWscf output file */ 
#L_UNITS ang 
#E_UNITS eV 
#S_UNITS GPA 
#F_UNITS EV/ANG 
#ALAT 	   7.61803     // a0 
#X 	   1.00000     0.00000     0.00000     // X 
#Y 	   0.00000     1.00000     0.00500     // Y 
#Z 	   0.00000     0.00500     1.00000     // Z 
#SX 	  -0.33703     0.00000     0.00000     // SX 
#SY 	   0.00000    -0.29896    -2.41752     // SY 
#SZ 	   0.00000    -2.41752    -0.29896     // SZ 
#EPA 	  -6.71040     // Energy per Atom 
#RCUT 	6.5        // Rcut 
RU      0.00000      0.00000      0.00000      0.00000      0.00000      0.00000
RU      0.25000      0.25000     -0.00000      0.00018      0.00033     -0.00020
RU      0.25000      0.00000      0.25000      0.00018     -0.00020      0.00033
RU      0.00000      0.25000      0.25000      0.00000     -0.00000     -0.00000
RU      0.00000     -0.00000      0.50000      0.00000      0.00000      0.00000
RU      0.25000      0.25000      0.50000      0.00028     -0.00024      0.00020
RU      0.25000      0.00000      0.75000      0.00018      0.00020     -0.00033
RU      0.00000      0.25000      0.75000     -0.00000     -0.00006      0.00006
RU      0.00000      0.50000     -0.00000      0.00000      0.00000      0.00000
RU      0.25000      0.75000     -0.00000      0.00018     -0.00033      0.00020
RU      0.25000      0.50000      0.25000      0.00028      0.00020     -0.00024
RU      0.00000      0.75000      0.25000     -0.00000      0.00006     -0.00006
RU      0.00000      0.50000      0.50000      0.00000      0.00000      0.00000
RU      0.25000      0.75000      0.50000      0.00028      0.00024     -0.00020
RU      0.25000      0.50000      0.75000      0.00028     -0.00020      0.00024
RU      0.00000      0.75000      0.75000      0.00000      0.00000      0.00000
RU      0.50000      0.00000      0.00000      0.00000      0.00000      0.00000
RU      0.75000      0.25000     -0.00000     -0.00018      0.00033     -0.00020
RU      0.75000      0.00000      0.25000     -0.00018     -0.00020      0.00033
RU      0.50000      0.25000      0.25000      0.00000      0.00030      0.00030
RU      0.50000     -0.00000      0.50000      0.00000      0.00000      0.00000
RU      0.75000      0.25000      0.50000     -0.00028     -0.00024      0.00020
RU      0.75000      0.00000      0.75000     -0.00018      0.00020     -0.00033
RU      0.50000      0.25000      0.75000      0.00000      0.00003     -0.00003
RU      0.50000      0.50000     -0.00000      0.00000      0.00000      0.00000
RU      0.75000      0.75000     -0.00000     -0.00018     -0.00033      0.00020
RU      0.75000      0.50000      0.25000     -0.00028      0.00020     -0.00024
RU      0.50000      0.75000      0.25000      0.00000     -0.00003      0.00003
RU      0.50000      0.50000      0.50000      0.00000      0.00000      0.00000
RU      0.75000      0.75000      0.50000     -0.00028      0.00024     -0.00020
RU      0.75000      0.50000      0.75000     -0.00028     -0.00020      0.00024
RU      0.50000      0.75000      0.75000      0.00000     -0.00030     -0.00030
