/* Converted from PWscf output file */ 
#L_UNITS ang 
#E_UNITS eV 
#S_UNITS GPA 
#F_UNITS EV/ANG 
#ALAT 	   7.61798     // a0 
#X 	   1.00000     0.00000     0.00000     // X 
#Y 	   0.00000     1.00000     0.00187     // Y 
#Z 	   0.00000     0.00187     1.00000     // Z 
#SX 	  -0.36357     0.00000     0.00000     // SX 
#SY 	   0.00000    -0.35759    -0.90433     // SY 
#SZ 	   0.00000    -0.90433    -0.35759     // SZ 
#EPA 	  -6.71131     // Energy per Atom 
#RCUT 	6.5        // Rcut 
RU      0.00000      0.00000      0.00000      0.00000      0.00000      0.00000
RU      0.25000      0.25000      0.00000     -0.00075     -0.00004      0.00043
RU      0.25000     -0.00000      0.25000     -0.00075      0.00043     -0.00004
RU      0.00000      0.25000      0.25000      0.00000     -0.00012     -0.00012
RU      0.00000     -0.00000      0.50000      0.00000      0.00000      0.00000
RU      0.25000      0.25000      0.50000      0.00006      0.00064     -0.00043
RU      0.25000      0.00000      0.75000     -0.00075     -0.00043      0.00004
RU      0.00000      0.25000      0.75000     -0.00000     -0.00017      0.00017
RU      0.00000      0.50000     -0.00000      0.00000      0.00000      0.00000
RU      0.25000      0.75000      0.00000     -0.00075      0.00004     -0.00043
RU      0.25000      0.50000      0.25000      0.00006     -0.00043      0.00064
RU      0.00000      0.75000      0.25000     -0.00000      0.00017     -0.00017
RU      0.00000      0.50000      0.50000      0.00000      0.00000      0.00000
RU      0.25000      0.75000      0.50000      0.00006     -0.00064      0.00043
RU      0.25000      0.50000      0.75000      0.00006      0.00043     -0.00064
RU      0.00000      0.75000      0.75000      0.00000      0.00012      0.00012
RU      0.50000      0.00000      0.00000      0.00000      0.00000      0.00000
RU      0.75000      0.25000      0.00000      0.00075     -0.00004      0.00043
RU      0.75000     -0.00000      0.25000      0.00075      0.00043     -0.00004
RU      0.50000      0.25000      0.25000      0.00000      0.00102      0.00102
RU      0.50000     -0.00000      0.50000      0.00000      0.00000      0.00000
RU      0.75000      0.25000      0.50000     -0.00006      0.00064     -0.00043
RU      0.75000      0.00000      0.75000      0.00075     -0.00043      0.00004
RU      0.50000      0.25000      0.75000      0.00000      0.00058     -0.00058
RU      0.50000      0.50000     -0.00000      0.00000      0.00000      0.00000
RU      0.75000      0.75000      0.00000      0.00075      0.00004     -0.00043
RU      0.75000      0.50000      0.25000     -0.00006     -0.00043      0.00064
RU      0.50000      0.75000      0.25000      0.00000     -0.00058      0.00058
RU      0.50000      0.50000      0.50000      0.00000      0.00000      0.00000
RU      0.75000      0.75000      0.50000     -0.00006     -0.00064      0.00043
RU      0.75000      0.50000      0.75000     -0.00006      0.00043     -0.00064
RU      0.50000      0.75000      0.75000      0.00000     -0.00102     -0.00102
