/* Converted from PWscf output file */ 
#L_UNITS ang 
#E_UNITS eV 
#S_UNITS GPA 
#F_UNITS EV/ANG 
#ALAT 	   7.61797     // a0 
#X 	   1.00000     0.00000     0.00000     // X 
#Y 	   0.00000     1.00000     0.00063     // Y 
#Z 	   0.00000     0.00063     1.00000     // Z 
#SX 	  -0.35088     0.00000     0.00000     // SX 
#SY 	   0.00000    -0.34942    -0.30144     // SY 
#SZ 	   0.00000    -0.30144    -0.34942     // SZ 
#EPA 	  -6.71144     // Energy per Atom 
#RCUT 	6.5        // Rcut 
RU      0.00000      0.00000      0.00000      0.00000      0.00000      0.00000
RU      0.25000      0.25000      0.00000     -0.00085     -0.00020      0.00054
RU      0.25000     -0.00000      0.25000     -0.00085      0.00054     -0.00020
RU      0.00000      0.25000      0.25000      0.00000     -0.00015     -0.00015
RU      0.00000     -0.00000      0.50000      0.00000      0.00000      0.00000
RU      0.25000      0.25000      0.50000      0.00004      0.00079     -0.00054
RU      0.25000     -0.00000      0.75000     -0.00085     -0.00054      0.00020
RU      0.00000      0.25000      0.75000      0.00000     -0.00021      0.00021
RU      0.00000      0.50000     -0.00000      0.00000      0.00000      0.00000
RU      0.25000      0.75000      0.00000     -0.00085      0.00020     -0.00054
RU      0.25000      0.50000      0.25000      0.00004     -0.00054      0.00079
RU      0.00000      0.75000      0.25000      0.00000      0.00021     -0.00021
RU      0.00000      0.50000      0.50000      0.00000      0.00000      0.00000
RU      0.25000      0.75000      0.50000      0.00004     -0.00079      0.00054
RU      0.25000      0.50000      0.75000      0.00004      0.00054     -0.00079
RU      0.00000      0.75000      0.75000      0.00000      0.00015      0.00015
RU      0.50000      0.00000      0.00000      0.00000      0.00000      0.00000
RU      0.75000      0.25000      0.00000      0.00085     -0.00020      0.00054
RU      0.75000     -0.00000      0.25000      0.00085      0.00054     -0.00020
RU      0.50000      0.25000      0.25000     -0.00000      0.00109      0.00109
RU      0.50000     -0.00000      0.50000      0.00000      0.00000      0.00000
RU      0.75000      0.25000      0.50000     -0.00004      0.00079     -0.00054
RU      0.75000     -0.00000      0.75000      0.00085     -0.00054      0.00020
RU      0.50000      0.25000      0.75000     -0.00000      0.00061     -0.00061
RU      0.50000      0.50000     -0.00000      0.00000      0.00000      0.00000
RU      0.75000      0.75000      0.00000      0.00085      0.00020     -0.00054
RU      0.75000      0.50000      0.25000     -0.00004     -0.00054      0.00079
RU      0.50000      0.75000      0.25000     -0.00000     -0.00061      0.00061
RU      0.50000      0.50000      0.50000      0.00000      0.00000      0.00000
RU      0.75000      0.75000      0.50000     -0.00004     -0.00079      0.00054
RU      0.75000      0.50000      0.75000     -0.00004      0.00054     -0.00079
RU      0.50000      0.75000      0.75000     -0.00000     -0.00109     -0.00109
