/* Converted from PWscf output file */ 
#L_UNITS ang 
#E_UNITS eV 
#S_UNITS GPA 
#F_UNITS EV/ANG 
#ALAT 	   7.61798     // a0 
#X 	   1.00000     0.00000     0.00125     // X 
#Y 	   0.00000     1.00000     0.00000     // Y 
#Z 	   0.00125     0.00000     1.00000     // Z 
#SX 	  -0.41972     0.00000    -0.59778     // SX 
#SY 	   0.00000    -0.42322     0.00000     // SY 
#SZ 	  -0.59778     0.00000    -0.41972     // SZ 
#EPA 	  -6.71139     // Energy per Atom 
#RCUT 	6.5        // Rcut 
RU      0.00000      0.00000      0.00000      0.00000      0.00000      0.00000
RU      0.25000      0.25000      0.00000     -0.00234      0.00077      0.00643
RU      0.25000      0.00000      0.25000     -0.00498     -0.00000     -0.00498
RU      0.00000      0.25000      0.25000      0.00643      0.00077     -0.00234
RU      0.00000      0.00000      0.50000      0.00000      0.00000      0.00000
RU      0.25000      0.25000      0.50000     -0.00140      0.00727     -0.00633
RU      0.25000      0.00000      0.75000     -0.00480      0.00000      0.00480
RU      0.00000      0.25000      0.75000     -0.00643      0.00077      0.00234
RU      0.00000      0.50000      0.00000      0.00000      0.00000      0.00000
RU      0.25000      0.75000      0.00000     -0.00234     -0.00077      0.00643
RU      0.25000      0.50000      0.25000      0.00106      0.00000      0.00106
RU      0.00000      0.75000      0.25000      0.00643     -0.00077     -0.00234
RU      0.00000      0.50000      0.50000      0.00000      0.00000      0.00000
RU      0.25000      0.75000      0.50000     -0.00140     -0.00727     -0.00633
RU      0.25000      0.50000      0.75000      0.00169     -0.00000     -0.00169
RU      0.00000      0.75000      0.75000     -0.00643     -0.00077      0.00234
RU      0.50000      0.00000     -0.00000      0.00000      0.00000      0.00000
RU      0.75000      0.25000     -0.00000      0.00234      0.00077     -0.00643
RU      0.75000      0.00000      0.25000      0.00480      0.00000     -0.00480
RU      0.50000      0.25000      0.25000     -0.00633      0.00727     -0.00140
RU      0.50000      0.00000      0.50000      0.00000      0.00000      0.00000
RU      0.75000      0.25000      0.50000      0.00140      0.00727      0.00633
RU      0.75000      0.00000      0.75000      0.00498     -0.00000      0.00498
RU      0.50000      0.25000      0.75000      0.00633      0.00727      0.00140
RU      0.50000      0.50000     -0.00000      0.00000      0.00000      0.00000
RU      0.75000      0.75000     -0.00000      0.00234     -0.00077     -0.00643
RU      0.75000      0.50000      0.25000     -0.00169     -0.00000      0.00169
RU      0.50000      0.75000      0.25000     -0.00633     -0.00727     -0.00140
RU      0.50000      0.50000      0.50000      0.00000      0.00000      0.00000
RU      0.75000      0.75000      0.50000      0.00140     -0.00727      0.00633
RU      0.75000      0.50000      0.75000     -0.00106      0.00000     -0.00106
RU      0.50000      0.75000      0.75000      0.00633     -0.00727      0.00140
