/* Converted from PWscf output file */ 
#L_UNITS ang 
#E_UNITS eV 
#S_UNITS GPA 
#F_UNITS EV/ANG 
#ALAT 	   7.61799     // a0 
#X 	   1.00000     0.00000     0.00312     // X 
#Y 	   0.00000     1.00000     0.00000     // Y 
#Z 	   0.00312     0.00000     1.00000     // Z 
#SX 	  -0.46449     0.00000    -1.49788     // SX 
#SY 	   0.00000    -0.48009     0.00000     // SY 
#SZ 	  -1.49788     0.00000    -0.46449     // SZ 
#EPA 	  -6.71104     // Energy per Atom 
#RCUT 	6.5        // Rcut 
RU      0.00000      0.00000      0.00000      0.00000      0.00000      0.00000
RU      0.25000      0.25000      0.00000     -0.00246      0.00083      0.00622
RU      0.25000      0.00000      0.25000     -0.00504      0.00000     -0.00504
RU      0.00000      0.25000      0.25000      0.00622      0.00083     -0.00246
RU     -0.00000      0.00000      0.50000      0.00000      0.00000      0.00000
RU      0.25000      0.25000      0.50000     -0.00140      0.00740     -0.00611
RU      0.25000      0.00000      0.75000     -0.00489      0.00000      0.00489
RU      0.00000      0.25000      0.75000     -0.00622      0.00083      0.00246
RU      0.00000      0.50000      0.00000      0.00000      0.00000      0.00000
RU      0.25000      0.75000      0.00000     -0.00246     -0.00083      0.00622
RU      0.25000      0.50000      0.25000      0.00106     -0.00000      0.00106
RU      0.00000      0.75000      0.25000      0.00622     -0.00083     -0.00246
RU     -0.00000      0.50000      0.50000      0.00000      0.00000      0.00000
RU      0.25000      0.75000      0.50000     -0.00140     -0.00740     -0.00611
RU      0.25000      0.50000      0.75000      0.00165      0.00000     -0.00165
RU      0.00000      0.75000      0.75000     -0.00622     -0.00083      0.00246
RU      0.50000      0.00000     -0.00000      0.00000      0.00000      0.00000
RU      0.75000      0.25000      0.00000      0.00246      0.00083     -0.00622
RU      0.75000      0.00000      0.25000      0.00489      0.00000     -0.00489
RU      0.50000      0.25000      0.25000     -0.00611      0.00740     -0.00140
RU      0.50000      0.00000      0.50000      0.00000      0.00000      0.00000
RU      0.75000      0.25000      0.50000      0.00140      0.00740      0.00611
RU      0.75000      0.00000      0.75000      0.00504      0.00000      0.00504
RU      0.50000      0.25000      0.75000      0.00611      0.00740      0.00140
RU      0.50000      0.50000     -0.00000      0.00000      0.00000      0.00000
RU      0.75000      0.75000      0.00000      0.00246     -0.00083     -0.00622
RU      0.75000      0.50000      0.25000     -0.00165      0.00000      0.00165
RU      0.50000      0.75000      0.25000     -0.00611     -0.00740     -0.00140
RU      0.50000      0.50000      0.50000      0.00000      0.00000      0.00000
RU      0.75000      0.75000      0.50000      0.00140     -0.00740      0.00611
RU      0.75000      0.50000      0.75000     -0.00106     -0.00000     -0.00106
RU      0.50000      0.75000      0.75000      0.00611     -0.00740      0.00140
