/* Converted from PWscf output file */ 
#L_UNITS ang 
#E_UNITS eV 
#S_UNITS GPA 
#F_UNITS EV/ANG 
#ALAT 	   7.61802     // a0 
#X 	   1.00000     0.00000     0.00437     // X 
#Y 	   0.00000     1.00000     0.00000     // Y 
#Z 	   0.00437     0.00000     1.00000     // Z 
#SX 	  -0.48228     0.00000    -2.10106     // SX 
#SY 	   0.00000    -0.51174     0.00000     // SY 
#SZ 	  -2.10106     0.00000    -0.48228     // SZ 
#EPA 	  -6.71064     // Energy per Atom 
#RCUT 	6.5        // Rcut 
RU      0.00000      0.00000      0.00000      0.00000      0.00000      0.00000
RU      0.25000      0.25000      0.00000     -0.00237      0.00088      0.00597
RU      0.25000      0.00000      0.25000     -0.00499      0.00000     -0.00499
RU      0.00000      0.25000      0.25000      0.00597      0.00088     -0.00237
RU     -0.00000      0.00000      0.50000      0.00000      0.00000      0.00000
RU      0.25000      0.25000      0.50000     -0.00148      0.00727     -0.00587
RU      0.25000      0.00000      0.75000     -0.00487      0.00000      0.00487
RU      0.00000      0.25000      0.75000     -0.00597      0.00088      0.00237
RU      0.00000      0.50000      0.00000      0.00000      0.00000      0.00000
RU      0.25000      0.75000      0.00000     -0.00237     -0.00088      0.00597
RU      0.25000      0.50000      0.25000      0.00099      0.00000      0.00099
RU      0.00000      0.75000      0.25000      0.00597     -0.00088     -0.00237
RU     -0.00000      0.50000      0.50000      0.00000      0.00000      0.00000
RU      0.25000      0.75000      0.50000     -0.00148     -0.00727     -0.00587
RU      0.25000      0.50000      0.75000      0.00155     -0.00000     -0.00155
RU      0.00000      0.75000      0.75000     -0.00597     -0.00088      0.00237
RU      0.50000      0.00000     -0.00000      0.00000      0.00000      0.00000
RU      0.75000      0.25000      0.00000      0.00237      0.00088     -0.00597
RU      0.75000      0.00000      0.25000      0.00487      0.00000     -0.00487
RU      0.50000      0.25000      0.25000     -0.00587      0.00727     -0.00148
RU      0.50000      0.00000      0.50000      0.00000      0.00000      0.00000
RU      0.75000      0.25000      0.50000      0.00148      0.00727      0.00587
RU      0.75000      0.00000      0.75000      0.00499      0.00000      0.00499
RU      0.50000      0.25000      0.75000      0.00587      0.00727      0.00148
RU      0.50000      0.50000     -0.00000      0.00000      0.00000      0.00000
RU      0.75000      0.75000      0.00000      0.00237     -0.00088     -0.00597
RU      0.75000      0.50000      0.25000     -0.00155     -0.00000      0.00155
RU      0.50000      0.75000      0.25000     -0.00587     -0.00727     -0.00148
RU      0.50000      0.50000      0.50000      0.00000      0.00000      0.00000
RU      0.75000      0.75000      0.50000      0.00148     -0.00727      0.00587
RU      0.75000      0.50000      0.75000     -0.00099      0.00000     -0.00099
RU      0.50000      0.75000      0.75000      0.00587     -0.00727      0.00148
