/* Converted from PWscf output file */ 
#L_UNITS ang 
#E_UNITS eV 
#S_UNITS GPA 
#F_UNITS EV/ANG 
#ALAT 	   7.61801     // a0 
#X 	   1.00000     0.00000     0.00375     // X 
#Y 	   0.00000     1.00000     0.00000     // Y 
#Z 	   0.00375     0.00000     1.00000     // Z 
#SX 	  -0.47047     0.00000    -1.79903     // SX 
#SY 	   0.00000    -0.49220     0.00000     // SY 
#SZ 	  -1.79903     0.00000    -0.47047     // SZ 
#EPA 	  -6.71086     // Energy per Atom 
#RCUT 	6.5        // Rcut 
RU      0.00000      0.00000      0.00000      0.00000      0.00000      0.00000
RU      0.25000      0.25000      0.00000     -0.00239      0.00080      0.00614
RU      0.25000      0.00000      0.25000     -0.00501      0.00000     -0.00501
RU      0.00000      0.25000      0.25000      0.00614      0.00080     -0.00239
RU      0.00000      0.00000      0.50000      0.00000      0.00000      0.00000
RU      0.25000      0.25000      0.50000     -0.00141      0.00735     -0.00604
RU      0.25000      0.00000      0.75000     -0.00486      0.00000      0.00486
RU      0.00000      0.25000      0.75000     -0.00614      0.00080      0.00239
RU      0.00000      0.50000      0.00000      0.00000      0.00000      0.00000
RU      0.25000      0.75000      0.00000     -0.00239     -0.00080      0.00614
RU      0.25000      0.50000      0.25000      0.00109      0.00000      0.00109
RU      0.00000      0.75000      0.25000      0.00614     -0.00080     -0.00239
RU      0.00000      0.50000      0.50000      0.00000      0.00000      0.00000
RU      0.25000      0.75000      0.50000     -0.00141     -0.00735     -0.00604
RU      0.25000      0.50000      0.75000      0.00165      0.00000     -0.00165
RU      0.00000      0.75000      0.75000     -0.00614     -0.00080      0.00239
RU      0.50000      0.00000     -0.00000      0.00000      0.00000      0.00000
RU      0.75000      0.25000     -0.00000      0.00239      0.00080     -0.00614
RU      0.75000      0.00000      0.25000      0.00486      0.00000     -0.00486
RU      0.50000      0.25000      0.25000     -0.00604      0.00735     -0.00141
RU      0.50000      0.00000      0.50000      0.00000      0.00000      0.00000
RU      0.75000      0.25000      0.50000      0.00141      0.00735      0.00604
RU      0.75000      0.00000      0.75000      0.00501      0.00000      0.00501
RU      0.50000      0.25000      0.75000      0.00604      0.00735      0.00141
RU      0.50000      0.50000     -0.00000      0.00000      0.00000      0.00000
RU      0.75000      0.75000     -0.00000      0.00239     -0.00080     -0.00614
RU      0.75000      0.50000      0.25000     -0.00165      0.00000      0.00165
RU      0.50000      0.75000      0.25000     -0.00604     -0.00735     -0.00141
RU      0.50000      0.50000      0.50000      0.00000      0.00000      0.00000
RU      0.75000      0.75000      0.50000      0.00141     -0.00735      0.00604
RU      0.75000      0.50000      0.75000     -0.00109      0.00000     -0.00109
RU      0.50000      0.75000      0.75000      0.00604     -0.00735      0.00141
