/* Converted from PWscf output file */ 
#L_UNITS ang 
#E_UNITS eV 
#S_UNITS GPA 
#F_UNITS EV/ANG 
#ALAT 	   7.61799     // a0 
#X 	   1.00000     0.00000     0.00250     // X 
#Y 	   0.00000     1.00000     0.00000     // Y 
#Z 	   0.00250     0.00000     1.00000     // Z 
#SX 	  -0.44903     0.00000    -1.19717     // SX 
#SY 	   0.00000    -0.45953     0.00000     // SY 
#SZ 	  -1.19717     0.00000    -0.44903     // SZ 
#EPA 	  -6.71119     // Energy per Atom 
#RCUT 	6.5        // Rcut 
RU      0.00000      0.00000      0.00000      0.00000      0.00000      0.00000
RU      0.25000      0.25000     -0.00000     -0.00239      0.00085      0.00634
RU      0.25000      0.00000      0.25000     -0.00504      0.00000     -0.00504
RU      0.00000      0.25000      0.25000      0.00634      0.00085     -0.00239
RU     -0.00000      0.00000      0.50000      0.00000      0.00000      0.00000
RU      0.25000      0.25000      0.50000     -0.00130      0.00742     -0.00626
RU      0.25000      0.00000      0.75000     -0.00489      0.00000      0.00489
RU      0.00000      0.25000      0.75000     -0.00634      0.00085      0.00239
RU      0.00000      0.50000      0.00000      0.00000      0.00000      0.00000
RU      0.25000      0.75000     -0.00000     -0.00239     -0.00085      0.00634
RU      0.25000      0.50000      0.25000      0.00113      0.00000      0.00113
RU      0.00000      0.75000      0.25000      0.00634     -0.00085     -0.00239
RU     -0.00000      0.50000      0.50000      0.00000      0.00000      0.00000
RU      0.25000      0.75000      0.50000     -0.00130     -0.00742     -0.00626
RU      0.25000      0.50000      0.75000      0.00174      0.00000     -0.00174
RU      0.00000      0.75000      0.75000     -0.00634     -0.00085      0.00239
RU      0.50000      0.00000     -0.00000      0.00000      0.00000      0.00000
RU      0.75000      0.25000     -0.00000      0.00239      0.00085     -0.00634
RU      0.75000      0.00000      0.25000      0.00489      0.00000     -0.00489
RU      0.50000      0.25000      0.25000     -0.00626      0.00742     -0.00130
RU      0.50000      0.00000      0.50000      0.00000      0.00000      0.00000
RU      0.75000      0.25000      0.50000      0.00130      0.00742      0.00626
RU      0.75000      0.00000      0.75000      0.00504      0.00000      0.00504
RU      0.50000      0.25000      0.75000      0.00626      0.00742      0.00130
RU      0.50000      0.50000     -0.00000      0.00000      0.00000      0.00000
RU      0.75000      0.75000     -0.00000      0.00239     -0.00085     -0.00634
RU      0.75000      0.50000      0.25000     -0.00174      0.00000      0.00174
RU      0.50000      0.75000      0.25000     -0.00626     -0.00742     -0.00130
RU      0.50000      0.50000      0.50000      0.00000      0.00000      0.00000
RU      0.75000      0.75000      0.50000      0.00130     -0.00742      0.00626
RU      0.75000      0.50000      0.75000     -0.00113      0.00000     -0.00113
RU      0.50000      0.75000      0.75000      0.00626     -0.00742      0.00130
