/* Converted from PWscf output file */ 
#L_UNITS ang 
#E_UNITS eV 
#S_UNITS GPA 
#F_UNITS EV/ANG 
#ALAT 	   7.61799     // a0 
#X 	   1.00000     0.00250     0.00000     // X 
#Y 	   0.00250     1.00000     0.00000     // Y 
#Z 	   0.00000     0.00000     1.00000     // Z 
#SX 	  -0.34067    -1.20388     0.00000     // SX 
#SY 	  -1.20388    -0.34067     0.00000     // SY 
#SZ 	   0.00000     0.00000    -0.34884     // SZ 
#EPA 	  -6.71119     // Energy per Atom 
#RCUT 	6.5        // Rcut 
RU      0.00000      0.00000      0.00000      0.00000      0.00000      0.00000
RU      0.25000      0.25000      0.00000     -0.00072     -0.00072      0.00000
RU      0.25000     -0.00000      0.25000     -0.00093      0.00024     -0.00000
RU     -0.00000      0.25000      0.25000      0.00024     -0.00093     -0.00000
RU      0.00000      0.00000      0.50000      0.00000      0.00000      0.00000
RU      0.25000      0.25000      0.50000      0.00040      0.00040      0.00000
RU      0.25000     -0.00000      0.75000     -0.00093      0.00024      0.00000
RU     -0.00000      0.25000      0.75000      0.00024     -0.00093      0.00000
RU     -0.00000      0.50000      0.00000      0.00000      0.00000      0.00000
RU      0.25000      0.75000      0.00000     -0.00036      0.00036      0.00000
RU      0.25000      0.50000      0.25000      0.00113     -0.00055      0.00049
RU     -0.00000      0.75000      0.25000     -0.00024      0.00093     -0.00000
RU     -0.00000      0.50000      0.50000      0.00000      0.00000      0.00000
RU      0.25000      0.75000      0.50000      0.00011     -0.00011      0.00000
RU      0.25000      0.50000      0.75000      0.00113     -0.00055     -0.00049
RU     -0.00000      0.75000      0.75000     -0.00024      0.00093      0.00000
RU      0.50000     -0.00000      0.00000      0.00000      0.00000      0.00000
RU      0.75000      0.25000      0.00000      0.00036     -0.00036      0.00000
RU      0.75000     -0.00000      0.25000      0.00093     -0.00024     -0.00000
RU      0.50000      0.25000      0.25000     -0.00055      0.00113      0.00049
RU      0.50000     -0.00000      0.50000      0.00000      0.00000      0.00000
RU      0.75000      0.25000      0.50000     -0.00011      0.00011      0.00000
RU      0.75000     -0.00000      0.75000      0.00093     -0.00024      0.00000
RU      0.50000      0.25000      0.75000     -0.00055      0.00113     -0.00049
RU      0.50000      0.50000      0.00000      0.00000      0.00000      0.00000
RU      0.75000      0.75000      0.00000      0.00072      0.00072      0.00000
RU      0.75000      0.50000      0.25000     -0.00113      0.00055      0.00049
RU      0.50000      0.75000      0.25000      0.00055     -0.00113      0.00049
RU      0.50000      0.50000      0.50000      0.00000      0.00000      0.00000
RU      0.75000      0.75000      0.50000     -0.00040     -0.00040      0.00000
RU      0.75000      0.50000      0.75000     -0.00113      0.00055     -0.00049
RU      0.50000      0.75000      0.75000      0.00055     -0.00113     -0.00049
