/* Converted from PWscf output file */ 
#L_UNITS ang 
#E_UNITS eV 
#S_UNITS GPA 
#F_UNITS EV/ANG 
#ALAT 	   7.61801     // a0 
#X 	   1.00000     0.00375     0.00000     // X 
#Y 	   0.00375     1.00000     0.00000     // Y 
#Z 	   0.00000     0.00000     1.00000     // Z 
#SX 	  -0.32988    -1.80939     0.00000     // SX 
#SY 	  -1.80939    -0.32988     0.00000     // SY 
#SZ 	   0.00000     0.00000    -0.35001     // SZ 
#EPA 	  -6.71086     // Energy per Atom 
#RCUT 	6.5        // Rcut 
RU      0.00000      0.00000      0.00000      0.00000      0.00000      0.00000
RU      0.25000      0.25000      0.00000     -0.00054     -0.00054     -0.00000
RU      0.25000      0.00000      0.25000     -0.00055     -0.00011      0.00012
RU      0.00000      0.25000      0.25000     -0.00011     -0.00055      0.00012
RU      0.00000      0.00000      0.50000      0.00000      0.00000      0.00000
RU      0.25000      0.25000      0.50000      0.00019      0.00019      0.00000
RU      0.25000      0.00000      0.75000     -0.00055     -0.00011     -0.00012
RU      0.00000      0.25000      0.75000     -0.00011     -0.00055     -0.00012
RU     -0.00000      0.50000      0.00000      0.00000      0.00000      0.00000
RU      0.25000      0.75000      0.00000     -0.00025      0.00025      0.00000
RU      0.25000      0.50000      0.25000      0.00063     -0.00014      0.00035
RU     -0.00000      0.75000      0.25000      0.00011      0.00055      0.00012
RU     -0.00000      0.50000      0.50000      0.00000      0.00000      0.00000
RU      0.25000      0.75000      0.50000     -0.00002      0.00002      0.00000
RU      0.25000      0.50000      0.75000      0.00063     -0.00014     -0.00035
RU     -0.00000      0.75000      0.75000      0.00011      0.00055     -0.00012
RU      0.50000     -0.00000      0.00000      0.00000      0.00000      0.00000
RU      0.75000      0.25000      0.00000      0.00025     -0.00025      0.00000
RU      0.75000     -0.00000      0.25000      0.00055      0.00011      0.00012
RU      0.50000      0.25000      0.25000     -0.00014      0.00063      0.00035
RU      0.50000     -0.00000      0.50000      0.00000      0.00000      0.00000
RU      0.75000      0.25000      0.50000      0.00002     -0.00002      0.00000
RU      0.75000     -0.00000      0.75000      0.00055      0.00011     -0.00012
RU      0.50000      0.25000      0.75000     -0.00014      0.00063     -0.00035
RU      0.50000      0.50000      0.00000      0.00000      0.00000      0.00000
RU      0.75000      0.75000      0.00000      0.00054      0.00054     -0.00000
RU      0.75000      0.50000      0.25000     -0.00063      0.00014      0.00035
RU      0.50000      0.75000      0.25000      0.00014     -0.00063      0.00035
RU      0.50000      0.50000      0.50000      0.00000      0.00000      0.00000
RU      0.75000      0.75000      0.50000     -0.00019     -0.00019      0.00000
RU      0.75000      0.50000      0.75000     -0.00063      0.00014     -0.00035
RU      0.50000      0.75000      0.75000      0.00014     -0.00063     -0.00035
