/* Converted from PWscf output file */ 
#L_UNITS ang 
#E_UNITS eV 
#S_UNITS GPA 
#F_UNITS EV/ANG 
#ALAT 	   7.61802     // a0 
#X 	   1.00000     0.00437     0.00000     // X 
#Y 	   0.00437     1.00000     0.00000     // Y 
#Z 	   0.00000     0.00000     1.00000     // Z 
#SX 	  -0.31646    -2.11331     0.00000     // SX 
#SY 	  -2.11331    -0.31646     0.00000     // SY 
#SZ 	   0.00000     0.00000    -0.34446     // SZ 
#EPA 	  -6.71064     // Energy per Atom 
#RCUT 	6.5        // Rcut 
RU      0.00000      0.00000      0.00000      0.00000      0.00000      0.00000
RU      0.25000      0.25000      0.00000     -0.00043     -0.00043      0.00000
RU      0.25000      0.00000      0.25000     -0.00035     -0.00027      0.00017
RU      0.00000      0.25000      0.25000     -0.00027     -0.00035      0.00017
RU      0.00000      0.00000      0.50000      0.00000      0.00000      0.00000
RU      0.25000      0.25000      0.50000      0.00010      0.00010      0.00000
RU      0.25000      0.00000      0.75000     -0.00035     -0.00027     -0.00017
RU      0.00000      0.25000      0.75000     -0.00027     -0.00035     -0.00017
RU     -0.00000      0.50000      0.00000      0.00000      0.00000      0.00000
RU      0.25000      0.75000      0.00000     -0.00017      0.00017      0.00000
RU      0.25000      0.50000      0.25000      0.00042      0.00005      0.00026
RU      0.00000      0.75000      0.25000      0.00027      0.00035      0.00017
RU     -0.00000      0.50000      0.50000      0.00000      0.00000      0.00000
RU      0.25000      0.75000      0.50000     -0.00008      0.00008      0.00000
RU      0.25000      0.50000      0.75000      0.00042      0.00005     -0.00026
RU      0.00000      0.75000      0.75000      0.00027      0.00035     -0.00017
RU      0.50000     -0.00000      0.00000      0.00000      0.00000      0.00000
RU      0.75000      0.25000      0.00000      0.00017     -0.00017      0.00000
RU      0.75000      0.00000      0.25000      0.00035      0.00027      0.00017
RU      0.50000      0.25000      0.25000      0.00005      0.00042      0.00026
RU      0.50000     -0.00000      0.50000      0.00000      0.00000      0.00000
RU      0.75000      0.25000      0.50000      0.00008     -0.00008      0.00000
RU      0.75000      0.00000      0.75000      0.00035      0.00027     -0.00017
RU      0.50000      0.25000      0.75000      0.00005      0.00042     -0.00026
RU      0.50000      0.50000      0.00000      0.00000      0.00000      0.00000
RU      0.75000      0.75000      0.00000      0.00043      0.00043      0.00000
RU      0.75000      0.50000      0.25000     -0.00042     -0.00005      0.00026
RU      0.50000      0.75000      0.25000     -0.00005     -0.00042      0.00026
RU      0.50000      0.50000      0.50000      0.00000      0.00000      0.00000
RU      0.75000      0.75000      0.50000     -0.00010     -0.00010      0.00000
RU      0.75000      0.50000      0.75000     -0.00042     -0.00005     -0.00026
RU      0.50000      0.75000      0.75000     -0.00005     -0.00042     -0.00026
