/* Converted from PWscf output file */ 
#L_UNITS ang 
#E_UNITS eV 
#S_UNITS GPA 
#F_UNITS EV/ANG 
#ALAT 	   7.65134     // a0 
#X 	   1.00000     0.00000     0.00000     // X 
#Y 	   0.00000     0.99129     0.00000     // Y 
#Z 	   0.00000     0.00000     0.99564     // Z 
#SX 	  -1.58363     0.00000     0.00000     // SX 
#SY 	   0.00000     0.61134     0.00000     // SY 
#SZ 	   0.00000     0.00000    -0.48622     // SZ 
#EPA 	  -6.71104     // Energy per Atom 
#RCUT 	6.5        // Rcut 
RU      0.00000      0.00000      0.00000      0.00000      0.00000      0.00000
RU      0.25000      0.25000      0.00000     -0.00318      0.00153      0.00000
RU      0.25000      0.00000      0.25000     -0.00564      0.00000     -0.00294
RU      0.00000      0.25000      0.25000      0.00000      0.00131     -0.00073
RU      0.00000      0.00000      0.50000      0.00000      0.00000      0.00000
RU      0.25000      0.25000      0.50000     -0.00304      0.00632     -0.00000
RU      0.25000      0.00000      0.75000     -0.00564      0.00000      0.00294
RU      0.00000      0.25000      0.75000      0.00000      0.00131      0.00073
RU      0.00000      0.50000      0.00000      0.00000      0.00000      0.00000
RU      0.25000      0.75000      0.00000     -0.00318     -0.00153     -0.00000
RU      0.25000      0.50000      0.25000     -0.00048      0.00000      0.00146
RU      0.00000      0.75000      0.25000      0.00000     -0.00131     -0.00073
RU      0.00000      0.50000      0.50000      0.00000      0.00000      0.00000
RU      0.25000      0.75000      0.50000     -0.00304     -0.00632      0.00000
RU      0.25000      0.50000      0.75000     -0.00048      0.00000     -0.00146
RU      0.00000      0.75000      0.75000      0.00000     -0.00131      0.00073
RU      0.50000      0.00000      0.00000      0.00000      0.00000      0.00000
RU      0.75000      0.25000      0.00000      0.00318      0.00153     -0.00000
RU      0.75000      0.00000      0.25000      0.00564      0.00000     -0.00294
RU      0.50000      0.25000      0.25000      0.00000      0.00694     -0.00070
RU      0.50000      0.00000      0.50000      0.00000      0.00000      0.00000
RU      0.75000      0.25000      0.50000      0.00304      0.00632      0.00000
RU      0.75000      0.00000      0.75000      0.00564      0.00000      0.00294
RU      0.50000      0.25000      0.75000      0.00000      0.00694      0.00070
RU      0.50000      0.50000      0.00000      0.00000      0.00000      0.00000
RU      0.75000      0.75000      0.00000      0.00318     -0.00153      0.00000
RU      0.75000      0.50000      0.25000      0.00048      0.00000      0.00146
RU      0.50000      0.75000      0.25000      0.00000     -0.00694     -0.00070
RU      0.50000      0.50000      0.50000      0.00000      0.00000      0.00000
RU      0.75000      0.75000      0.50000      0.00304     -0.00632     -0.00000
RU      0.75000      0.50000      0.75000      0.00048      0.00000     -0.00146
RU      0.50000      0.75000      0.75000      0.00000     -0.00694      0.00070
