/* Converted from PWscf output file */ 
#L_UNITS ang 
#E_UNITS eV 
#S_UNITS GPA 
#F_UNITS EV/ANG 
#ALAT 	   7.64658     // a0 
#X 	   1.00000     0.00000     0.00000     // X 
#Y 	   0.00000     0.99253     0.00000     // Y 
#Z 	   0.00000     0.00000     0.99626     // Z 
#SX 	  -1.44611     0.00000     0.00000     // SX 
#SY 	   0.00000     0.43765     0.00000     // SY 
#SZ 	   0.00000     0.00000    -0.50299     // SZ 
#EPA 	  -6.71115     // Energy per Atom 
#RCUT 	6.5        // Rcut 
RU      0.00000      0.00000      0.00000      0.00000      0.00000      0.00000
RU      0.25000      0.25000      0.00000     -0.00454      0.00163     -0.00000
RU      0.25000      0.00000      0.25000     -0.00902      0.00000     -0.00720
RU      0.00000      0.25000      0.25000      0.00000      0.00083     -0.00321
RU      0.00000      0.00000      0.50000      0.00000      0.00000      0.00000
RU      0.25000      0.25000      0.50000     -0.00390      0.01035      0.00000
RU      0.25000      0.00000      0.75000     -0.00902      0.00000      0.00720
RU      0.00000      0.25000      0.75000      0.00000      0.00083      0.00321
RU      0.00000      0.50000      0.00000      0.00000      0.00000      0.00000
RU      0.25000      0.75000      0.00000     -0.00454     -0.00163      0.00000
RU      0.25000      0.50000      0.25000      0.00106      0.00000      0.00129
RU      0.00000      0.75000      0.25000      0.00000     -0.00083     -0.00321
RU      0.00000      0.50000      0.50000      0.00000      0.00000      0.00000
RU      0.25000      0.75000      0.50000     -0.00390     -0.01035      0.00000
RU      0.25000      0.50000      0.75000      0.00106      0.00000     -0.00129
RU      0.00000      0.75000      0.75000      0.00000     -0.00083      0.00321
RU      0.50000      0.00000      0.00000      0.00000      0.00000      0.00000
RU      0.75000      0.25000      0.00000      0.00454      0.00163      0.00000
RU      0.75000      0.00000      0.25000      0.00902      0.00000     -0.00720
RU      0.50000      0.25000      0.25000      0.00000      0.01131     -0.00280
RU      0.50000      0.00000      0.50000      0.00000      0.00000      0.00000
RU      0.75000      0.25000      0.50000      0.00390      0.01035      0.00000
RU      0.75000      0.00000      0.75000      0.00902      0.00000      0.00720
RU      0.50000      0.25000      0.75000      0.00000      0.01131      0.00280
RU      0.50000      0.50000      0.00000      0.00000      0.00000      0.00000
RU      0.75000      0.75000      0.00000      0.00454     -0.00163     -0.00000
RU      0.75000      0.50000      0.25000     -0.00106      0.00000      0.00129
RU      0.50000      0.75000      0.25000      0.00000     -0.01131     -0.00280
RU      0.50000      0.50000      0.50000      0.00000      0.00000      0.00000
RU      0.75000      0.75000      0.50000      0.00390     -0.01035      0.00000
RU      0.75000      0.50000      0.75000     -0.00106      0.00000     -0.00129
RU      0.50000      0.75000      0.75000      0.00000     -0.01131      0.00280
