/* Converted from PWscf output file */ 
#L_UNITS ang 
#E_UNITS eV 
#S_UNITS GPA 
#F_UNITS EV/ANG 
#ALAT 	   7.64180     // a0 
#X 	   1.00000     0.00000     0.00000     // X 
#Y 	   0.00000     0.99377     0.00000     // Y 
#Z 	   0.00000     0.00000     0.99688     // Z 
#SX 	  -1.26819     0.00000     0.00000     // SX 
#SY 	   0.00000     0.30144     0.00000     // SY 
#SZ 	   0.00000     0.00000    -0.48155     // SZ 
#EPA 	  -6.71125     // Energy per Atom 
#RCUT 	6.5        // Rcut 
RU      0.00000      0.00000      0.00000      0.00000      0.00000      0.00000
RU      0.25000      0.25000      0.00000     -0.00473      0.00152     -0.00000
RU      0.25000      0.00000      0.25000     -0.00932      0.00000     -0.00773
RU      0.00000      0.25000      0.25000      0.00000      0.00071     -0.00383
RU      0.00000      0.00000      0.50000      0.00000      0.00000      0.00000
RU      0.25000      0.25000      0.50000     -0.00411      0.01043     -0.00000
RU      0.25000      0.00000      0.75000     -0.00932      0.00000      0.00773
RU      0.00000      0.25000      0.75000      0.00000      0.00071      0.00383
RU      0.00000      0.50000      0.00000      0.00000      0.00000      0.00000
RU      0.25000      0.75000      0.00000     -0.00473     -0.00152      0.00000
RU      0.25000      0.50000      0.25000      0.00092      0.00000      0.00076
RU      0.00000      0.75000      0.25000      0.00000     -0.00071     -0.00383
RU      0.00000      0.50000      0.50000      0.00000      0.00000      0.00000
RU      0.25000      0.75000      0.50000     -0.00411     -0.01043      0.00000
RU      0.25000      0.50000      0.75000      0.00092      0.00000     -0.00076
RU      0.00000      0.75000      0.75000      0.00000     -0.00071      0.00383
RU      0.50000      0.00000      0.00000      0.00000      0.00000      0.00000
RU      0.75000      0.25000      0.00000      0.00473      0.00152      0.00000
RU      0.75000      0.00000      0.25000      0.00932      0.00000     -0.00773
RU      0.50000      0.25000      0.25000      0.00000      0.01140     -0.00327
RU      0.50000      0.00000      0.50000      0.00000      0.00000      0.00000
RU      0.75000      0.25000      0.50000      0.00411      0.01043      0.00000
RU      0.75000      0.00000      0.75000      0.00932      0.00000      0.00773
RU      0.50000      0.25000      0.75000      0.00000      0.01140      0.00327
RU      0.50000      0.50000      0.00000      0.00000      0.00000      0.00000
RU      0.75000      0.75000      0.00000      0.00473     -0.00152     -0.00000
RU      0.75000      0.50000      0.25000     -0.00092      0.00000      0.00076
RU      0.50000      0.75000      0.25000      0.00000     -0.01140     -0.00327
RU      0.50000      0.50000      0.50000      0.00000      0.00000      0.00000
RU      0.75000      0.75000      0.50000      0.00411     -0.01043     -0.00000
RU      0.75000      0.50000      0.75000     -0.00092      0.00000     -0.00076
RU      0.50000      0.75000      0.75000      0.00000     -0.01140      0.00327
