/* Converted from PWscf output file */ 
#L_UNITS ang 
#E_UNITS eV 
#S_UNITS GPA 
#F_UNITS EV/ANG 
#ALAT 	   7.65134     // a0 
#X 	   1.00000     0.00000     0.00000     // X 
#Y 	   0.00000     0.99564     0.00000     // Y 
#Z 	   0.00000     0.00000     0.99129     // Z 
#SX 	  -1.57517     0.00000     0.00000     // SX 
#SY 	   0.00000    -0.47761     0.00000     // SY 
#SZ 	   0.00000     0.00000     0.62593     // SZ 
#EPA 	  -6.71104     // Energy per Atom 
#RCUT 	6.5        // Rcut 
RU      0.00000      0.00000      0.00000      0.00000      0.00000      0.00000
RU      0.25000      0.25000      0.00000     -0.00558      0.00199     -0.00000
RU      0.25000      0.00000      0.25000     -0.01059      0.00000     -0.00604
RU      0.00000      0.25000      0.25000      0.00000      0.00107     -0.00177
RU      0.00000      0.00000      0.50000      0.00000      0.00000      0.00000
RU      0.25000      0.25000      0.50000     -0.00485      0.01156     -0.00000
RU      0.25000      0.00000      0.75000     -0.01059      0.00000      0.00604
RU      0.00000      0.25000      0.75000      0.00000      0.00107      0.00177
RU      0.00000      0.50000      0.00000      0.00000      0.00000      0.00000
RU      0.25000      0.75000      0.00000     -0.00558     -0.00199      0.00000
RU      0.25000      0.50000      0.25000      0.00062      0.00000      0.00322
RU      0.00000      0.75000      0.25000      0.00000     -0.00107     -0.00177
RU      0.00000      0.50000      0.50000      0.00000      0.00000      0.00000
RU      0.25000      0.75000      0.50000     -0.00485     -0.01156      0.00000
RU      0.25000      0.50000      0.75000      0.00062      0.00000     -0.00322
RU      0.00000      0.75000      0.75000      0.00000     -0.00107      0.00177
RU      0.50000      0.00000      0.00000      0.00000      0.00000      0.00000
RU      0.75000      0.25000      0.00000      0.00558      0.00199      0.00000
RU      0.75000      0.00000      0.25000      0.01059      0.00000     -0.00604
RU      0.50000      0.25000      0.25000      0.00000      0.01270     -0.00120
RU      0.50000      0.00000      0.50000      0.00000      0.00000      0.00000
RU      0.75000      0.25000      0.50000      0.00485      0.01156      0.00000
RU      0.75000      0.00000      0.75000      0.01059      0.00000      0.00604
RU      0.50000      0.25000      0.75000      0.00000      0.01270      0.00120
RU      0.50000      0.50000      0.00000      0.00000      0.00000      0.00000
RU      0.75000      0.75000      0.00000      0.00558     -0.00199     -0.00000
RU      0.75000      0.50000      0.25000     -0.00062      0.00000      0.00322
RU      0.50000      0.75000      0.25000      0.00000     -0.01270     -0.00120
RU      0.50000      0.50000      0.50000      0.00000      0.00000      0.00000
RU      0.75000      0.75000      0.50000      0.00485     -0.01156     -0.00000
RU      0.75000      0.50000      0.75000     -0.00062      0.00000     -0.00322
RU      0.50000      0.75000      0.75000      0.00000     -0.01270      0.00120
