/* Converted from PWscf output file */ 
#L_UNITS ang 
#E_UNITS eV 
#S_UNITS GPA 
#F_UNITS EV/ANG 
#ALAT 	   7.64180     // a0 
#X 	   1.00000     0.00000     0.00000     // X 
#Y 	   0.00000     0.99688     0.00000     // Y 
#Z 	   0.00000     0.00000     0.99377     // Z 
#SX 	  -1.29604     0.00000     0.00000     // SX 
#SY 	   0.00000    -0.51188     0.00000     // SY 
#SZ 	   0.00000     0.00000     0.27592     // SZ 
#EPA 	  -6.71125     // Energy per Atom 
#RCUT 	6.5        // Rcut 
RU      0.00000      0.00000      0.00000      0.00000      0.00000      0.00000
RU      0.25000      0.25000      0.00000     -0.00550      0.00223     -0.00000
RU      0.25000      0.00000      0.25000     -0.01050      0.00000     -0.00540
RU      0.00000      0.25000      0.25000      0.00000      0.00129     -0.00116
RU      0.00000      0.00000      0.50000      0.00000      0.00000      0.00000
RU      0.25000      0.25000      0.50000     -0.00480      0.01168      0.00000
RU      0.25000      0.00000      0.75000     -0.01050      0.00000      0.00540
RU      0.00000      0.25000      0.75000      0.00000      0.00129      0.00116
RU      0.00000      0.50000      0.00000      0.00000      0.00000      0.00000
RU      0.25000      0.75000      0.00000     -0.00550     -0.00223      0.00000
RU      0.25000      0.50000      0.25000      0.00065      0.00000      0.00379
RU      0.00000      0.75000      0.25000      0.00000     -0.00129     -0.00116
RU      0.00000      0.50000      0.50000      0.00000      0.00000      0.00000
RU      0.25000      0.75000      0.50000     -0.00480     -0.01168     -0.00000
RU      0.25000      0.50000      0.75000      0.00065      0.00000     -0.00379
RU      0.00000      0.75000      0.75000      0.00000     -0.00129      0.00116
RU      0.50000      0.00000      0.00000      0.00000      0.00000      0.00000
RU      0.75000      0.25000      0.00000      0.00550      0.00223      0.00000
RU      0.75000      0.00000      0.25000      0.01050      0.00000     -0.00540
RU      0.50000      0.25000      0.25000      0.00000      0.01282     -0.00061
RU      0.50000      0.00000      0.50000      0.00000      0.00000      0.00000
RU      0.75000      0.25000      0.50000      0.00480      0.01168     -0.00000
RU      0.75000      0.00000      0.75000      0.01050      0.00000      0.00540
RU      0.50000      0.25000      0.75000      0.00000      0.01282      0.00061
RU      0.50000      0.50000      0.00000      0.00000      0.00000      0.00000
RU      0.75000      0.75000      0.00000      0.00550     -0.00223     -0.00000
RU      0.75000      0.50000      0.25000     -0.00065      0.00000      0.00379
RU      0.50000      0.75000      0.25000      0.00000     -0.01282     -0.00061
RU      0.50000      0.50000      0.50000      0.00000      0.00000      0.00000
RU      0.75000      0.75000      0.50000      0.00480     -0.01168      0.00000
RU      0.75000      0.50000      0.75000     -0.00065      0.00000     -0.00379
RU      0.50000      0.75000      0.75000      0.00000     -0.01282      0.00061
