/* Converted from PWscf output file */ 
#L_UNITS ang 
#E_UNITS eV 
#S_UNITS GPA 
#F_UNITS EV/ANG 
#ALAT 	   7.62273     // a0 
#X 	   1.00000     0.00000     0.00000     // X 
#Y 	   0.00000     0.99938     0.00000     // Y 
#Z 	   0.00000     0.00000     0.99875     // Z 
#SX 	  -0.54907     0.00000     0.00000     // SX 
#SY 	   0.00000    -0.39215     0.00000     // SY 
#SZ 	   0.00000     0.00000    -0.23319     // SZ 
#EPA 	  -6.71145     // Energy per Atom 
#RCUT 	6.5        // Rcut 
RU      0.00000      0.00000      0.00000      0.00000      0.00000      0.00000
RU      0.25000      0.25000      0.00000     -0.00337      0.00282      0.00000
RU      0.25000      0.00000      0.25000     -0.00638      0.00000     -0.00222
RU      0.00000      0.25000      0.25000      0.00000      0.00228      0.00034
RU      0.00000      0.00000      0.50000      0.00000      0.00000      0.00000
RU      0.25000      0.25000      0.50000     -0.00297      0.00882      0.00000
RU      0.25000      0.00000      0.75000     -0.00638      0.00000      0.00222
RU      0.00000      0.25000      0.75000      0.00000      0.00228     -0.00034
RU      0.00000      0.50000      0.00000      0.00000      0.00000      0.00000
RU      0.25000      0.75000      0.00000     -0.00337     -0.00282      0.00000
RU      0.25000      0.50000      0.25000      0.00058      0.00000      0.00341
RU      0.00000      0.75000      0.25000      0.00000     -0.00228      0.00034
RU      0.00000      0.50000      0.50000      0.00000      0.00000      0.00000
RU      0.25000      0.75000      0.50000     -0.00297     -0.00882      0.00000
RU      0.25000      0.50000      0.75000      0.00058      0.00000     -0.00341
RU      0.00000      0.75000      0.75000      0.00000     -0.00228     -0.00034
RU      0.50000      0.00000      0.00000      0.00000      0.00000      0.00000
RU      0.75000      0.25000      0.00000      0.00337      0.00282      0.00000
RU      0.75000      0.00000      0.25000      0.00638      0.00000     -0.00222
RU      0.50000      0.25000      0.25000      0.00000      0.00968      0.00058
RU      0.50000      0.00000      0.50000      0.00000      0.00000      0.00000
RU      0.75000      0.25000      0.50000      0.00297      0.00882      0.00000
RU      0.75000      0.00000      0.75000      0.00638      0.00000      0.00222
RU      0.50000      0.25000      0.75000      0.00000      0.00968     -0.00058
RU      0.50000      0.50000      0.00000      0.00000      0.00000      0.00000
RU      0.75000      0.75000      0.00000      0.00337     -0.00282      0.00000
RU      0.75000      0.50000      0.25000     -0.00058      0.00000      0.00341
RU      0.50000      0.75000      0.25000      0.00000     -0.00968      0.00058
RU      0.50000      0.50000      0.50000      0.00000      0.00000      0.00000
RU      0.75000      0.75000      0.50000      0.00297     -0.00882      0.00000
RU      0.75000      0.50000      0.75000     -0.00058      0.00000     -0.00341
RU      0.50000      0.75000      0.75000      0.00000     -0.00968     -0.00058
