/* Converted from PWscf output file */ 
#L_UNITS ang 
#E_UNITS eV 
#S_UNITS GPA 
#F_UNITS EV/ANG 
#ALAT 	   7.62750     // a0 
#X 	   1.00000     0.00000     0.00000     // X 
#Y 	   0.00000     0.99875     0.00000     // Y 
#Z 	   0.00000     0.00000     0.99750     // Z 
#SX 	  -0.77701     0.00000     0.00000     // SX 
#SY 	   0.00000    -0.46318     0.00000     // SY 
#SZ 	   0.00000     0.00000    -0.14744     // SZ 
#EPA 	  -6.71142     // Energy per Atom 
#RCUT 	6.5        // Rcut 
RU      0.00000      0.00000      0.00000      0.00000      0.00000      0.00000
RU      0.25000      0.25000      0.00000     -0.00310      0.00374      0.00000
RU      0.25000      0.00000      0.25000     -0.00619      0.00000     -0.00027
RU      0.00000      0.25000      0.25000      0.00000      0.00317      0.00238
RU      0.00000      0.00000      0.50000      0.00000      0.00000      0.00000
RU      0.25000      0.25000      0.50000     -0.00268      0.00978      0.00000
RU      0.25000      0.00000      0.75000     -0.00619      0.00000      0.00027
RU      0.00000      0.25000      0.75000      0.00000      0.00317     -0.00238
RU      0.00000      0.50000      0.00000      0.00000      0.00000      0.00000
RU      0.25000      0.75000      0.00000     -0.00310     -0.00374     -0.00000
RU      0.25000      0.50000      0.25000      0.00085      0.00000      0.00548
RU      0.00000      0.75000      0.25000      0.00000     -0.00317      0.00238
RU      0.00000      0.50000      0.50000      0.00000      0.00000      0.00000
RU      0.25000      0.75000      0.50000     -0.00268     -0.00978     -0.00000
RU      0.25000      0.50000      0.75000      0.00085      0.00000     -0.00548
RU      0.00000      0.75000      0.75000      0.00000     -0.00317     -0.00238
RU      0.50000      0.00000      0.00000      0.00000      0.00000      0.00000
RU      0.75000      0.25000      0.00000      0.00310      0.00374     -0.00000
RU      0.75000      0.00000      0.25000      0.00619      0.00000     -0.00027
RU      0.50000      0.25000      0.25000      0.00000      0.01061      0.00267
RU      0.50000      0.00000      0.50000      0.00000      0.00000      0.00000
RU      0.75000      0.25000      0.50000      0.00268      0.00978     -0.00000
RU      0.75000      0.00000      0.75000      0.00619      0.00000      0.00027
RU      0.50000      0.25000      0.75000      0.00000      0.01061     -0.00267
RU      0.50000      0.50000      0.00000      0.00000      0.00000      0.00000
RU      0.75000      0.75000      0.00000      0.00310     -0.00374      0.00000
RU      0.75000      0.50000      0.25000     -0.00085      0.00000      0.00548
RU      0.50000      0.75000      0.25000      0.00000     -0.01061      0.00267
RU      0.50000      0.50000      0.50000      0.00000      0.00000      0.00000
RU      0.75000      0.75000      0.50000      0.00268     -0.00978      0.00000
RU      0.75000      0.50000      0.75000     -0.00085      0.00000     -0.00548
RU      0.50000      0.75000      0.75000      0.00000     -0.01061     -0.00267
