/* Converted from PWscf output file */ 
#L_UNITS ang 
#E_UNITS eV 
#S_UNITS GPA 
#F_UNITS EV/ANG 
#ALAT 	   7.64658     // a0 
#X 	   1.00000     0.00000     0.00000     // X 
#Y 	   0.00000     0.99626     0.00000     // Y 
#Z 	   0.00000     0.00000     0.99253     // Z 
#SX 	  -1.43634     0.00000     0.00000     // SX 
#SY 	   0.00000    -0.49540     0.00000     // SY 
#SZ 	   0.00000     0.00000     0.45005     // SZ 
#EPA 	  -6.71115     // Energy per Atom 
#RCUT 	6.5        // Rcut 
RU      0.00000      0.00000      0.00000      0.00000      0.00000      0.00000
RU      0.25000      0.25000      0.00000     -0.00547      0.00201      0.00000
RU      0.25000      0.00000      0.25000     -0.01051      0.00000     -0.00585
RU      0.00000      0.25000      0.25000      0.00000      0.00110     -0.00150
RU      0.00000      0.00000      0.50000      0.00000      0.00000      0.00000
RU      0.25000      0.25000      0.50000     -0.00485      0.01155      0.00000
RU      0.25000      0.00000      0.75000     -0.01051      0.00000      0.00585
RU      0.00000      0.25000      0.75000      0.00000      0.00110      0.00150
RU      0.00000      0.50000      0.00000      0.00000      0.00000      0.00000
RU      0.25000      0.75000      0.00000     -0.00547     -0.00201      0.00000
RU      0.25000      0.50000      0.25000      0.00063      0.00000      0.00345
RU      0.00000      0.75000      0.25000      0.00000     -0.00110     -0.00150
RU      0.00000      0.50000      0.50000      0.00000      0.00000      0.00000
RU      0.25000      0.75000      0.50000     -0.00485     -0.01155     -0.00000
RU      0.25000      0.50000      0.75000      0.00063      0.00000     -0.00345
RU      0.00000      0.75000      0.75000      0.00000     -0.00110      0.00150
RU      0.50000      0.00000      0.00000      0.00000      0.00000      0.00000
RU      0.75000      0.25000      0.00000      0.00547      0.00201      0.00000
RU      0.75000      0.00000      0.25000      0.01051      0.00000     -0.00585
RU      0.50000      0.25000      0.25000      0.00000      0.01265     -0.00103
RU      0.50000      0.00000      0.50000      0.00000      0.00000      0.00000
RU      0.75000      0.25000      0.50000      0.00485      0.01155     -0.00000
RU      0.75000      0.00000      0.75000      0.01051      0.00000      0.00585
RU      0.50000      0.25000      0.75000      0.00000      0.01265      0.00103
RU      0.50000      0.50000      0.00000      0.00000      0.00000      0.00000
RU      0.75000      0.75000      0.00000      0.00547     -0.00201      0.00000
RU      0.75000      0.50000      0.25000     -0.00063      0.00000      0.00345
RU      0.50000      0.75000      0.25000      0.00000     -0.01265     -0.00103
RU      0.50000      0.50000      0.50000      0.00000      0.00000      0.00000
RU      0.75000      0.75000      0.50000      0.00485     -0.01155      0.00000
RU      0.75000      0.50000      0.75000     -0.00063      0.00000     -0.00345
RU      0.50000      0.75000      0.75000      0.00000     -0.01265      0.00103
