/* Converted from PWscf output file */ 
#L_UNITS ang 
#E_UNITS eV 
#S_UNITS GPA 
#F_UNITS EV/ANG 
#ALAT 	   7.61803     // a0 
#X 	   1.00000     0.00000     0.00000     // X 
#Y 	   0.00000     1.00500     0.00000     // Y 
#Z 	   0.00000     0.00000     0.99500     // Z 
#SX 	  -0.47863     0.00000     0.00000     // SX 
#SY 	   0.00000    -1.73209     0.00000     // SY 
#SZ 	   0.00000     0.00000     0.78299     // SZ 
#EPA 	  -6.71091     // Energy per Atom 
#RCUT 	6.5        // Rcut 
RU      0.00000      0.00000      0.00000      0.00000      0.00000      0.00000
RU      0.25000      0.25000      0.00000     -0.00600      0.00120      0.00000
RU      0.25000      0.00000      0.25000     -0.01093      0.00000     -0.00610
RU      0.00000      0.25000      0.25000      0.00000      0.00030     -0.00185
RU      0.00000      0.00000      0.50000      0.00000      0.00000      0.00000
RU      0.25000      0.25000      0.50000     -0.00542      0.01049     -0.00000
RU      0.25000      0.00000      0.75000     -0.01093      0.00000      0.00610
RU      0.00000      0.25000      0.75000      0.00000      0.00030      0.00185
RU      0.00000      0.50000      0.00000      0.00000      0.00000      0.00000
RU      0.25000      0.75000      0.00000     -0.00600     -0.00120      0.00000
RU      0.25000      0.50000      0.25000      0.00001      0.00000      0.00294
RU      0.00000      0.75000      0.25000      0.00000     -0.00030     -0.00185
RU      0.00000      0.50000      0.50000      0.00000      0.00000      0.00000
RU      0.25000      0.75000      0.50000     -0.00542     -0.01049      0.00000
RU      0.25000      0.50000      0.75000      0.00001      0.00000     -0.00294
RU      0.00000      0.75000      0.75000      0.00000     -0.00030      0.00185
RU      0.50000      0.00000      0.00000      0.00000      0.00000      0.00000
RU      0.75000      0.25000      0.00000      0.00600      0.00120      0.00000
RU      0.75000      0.00000      0.25000      0.01093      0.00000     -0.00610
RU      0.50000      0.25000      0.25000      0.00000      0.01167     -0.00147
RU      0.50000      0.00000      0.50000      0.00000      0.00000      0.00000
RU      0.75000      0.25000      0.50000      0.00542      0.01049      0.00000
RU      0.75000      0.00000      0.75000      0.01093      0.00000      0.00610
RU      0.50000      0.25000      0.75000      0.00000      0.01167      0.00147
RU      0.50000      0.50000      0.00000      0.00000      0.00000      0.00000
RU      0.75000      0.75000      0.00000      0.00600     -0.00120      0.00000
RU      0.75000      0.50000      0.25000     -0.00001      0.00000      0.00294
RU      0.50000      0.75000      0.25000      0.00000     -0.01167     -0.00147
RU      0.50000      0.50000      0.50000      0.00000      0.00000      0.00000
RU      0.75000      0.75000      0.50000      0.00542     -0.01049     -0.00000
RU      0.75000      0.50000      0.75000     -0.00001      0.00000     -0.00294
RU      0.50000      0.75000      0.75000      0.00000     -0.01167      0.00147
