/* Converted from PWscf output file */ 
#L_UNITS ang 
#E_UNITS eV 
#S_UNITS GPA 
#F_UNITS EV/ANG 
#ALAT 	   7.61799     // a0 
#X 	   1.00000     0.00000     0.00000     // X 
#Y 	   0.00000     1.00250     0.00000     // Y 
#Z 	   0.00000     0.00000     0.99750     // Z 
#SX 	  -0.52399     0.00000     0.00000     // SX 
#SY 	   0.00000    -1.15094     0.00000     // SY 
#SZ 	   0.00000     0.00000     0.10661     // SZ 
#EPA 	  -6.71132     // Energy per Atom 
#RCUT 	6.5        // Rcut 
RU      0.00000      0.00000      0.00000      0.00000      0.00000      0.00000
RU      0.25000      0.25000      0.00000     -0.00657      0.00135      0.00000
RU      0.25000      0.00000      0.25000     -0.01128      0.00000     -0.00430
RU      0.00000      0.25000      0.25000      0.00000      0.00057     -0.00008
RU      0.00000      0.00000      0.50000      0.00000      0.00000      0.00000
RU      0.25000      0.25000      0.50000     -0.00601      0.01026      0.00000
RU      0.25000      0.00000      0.75000     -0.01128      0.00000      0.00430
RU      0.00000      0.25000      0.75000      0.00000      0.00057      0.00008
RU      0.00000      0.50000      0.00000      0.00000      0.00000      0.00000
RU      0.25000      0.75000      0.00000     -0.00657     -0.00135     -0.00000
RU      0.25000      0.50000      0.25000     -0.00092      0.00000      0.00443
RU      0.00000      0.75000      0.25000      0.00000     -0.00057     -0.00008
RU      0.00000      0.50000      0.50000      0.00000      0.00000      0.00000
RU      0.25000      0.75000      0.50000     -0.00601     -0.01026     -0.00000
RU      0.25000      0.50000      0.75000     -0.00092      0.00000     -0.00443
RU      0.00000      0.75000      0.75000      0.00000     -0.00057      0.00008
RU      0.50000      0.00000      0.00000      0.00000      0.00000      0.00000
RU      0.75000      0.25000      0.00000      0.00657      0.00135     -0.00000
RU      0.75000      0.00000      0.25000      0.01128      0.00000     -0.00430
RU      0.50000      0.25000      0.25000      0.00000      0.01144      0.00020
RU      0.50000      0.00000      0.50000      0.00000      0.00000      0.00000
RU      0.75000      0.25000      0.50000      0.00601      0.01026     -0.00000
RU      0.75000      0.00000      0.75000      0.01128      0.00000      0.00430
RU      0.50000      0.25000      0.75000      0.00000      0.01144     -0.00020
RU      0.50000      0.50000      0.00000      0.00000      0.00000      0.00000
RU      0.75000      0.75000      0.00000      0.00657     -0.00135      0.00000
RU      0.75000      0.50000      0.25000      0.00092      0.00000      0.00443
RU      0.50000      0.75000      0.25000      0.00000     -0.01144      0.00020
RU      0.50000      0.50000      0.50000      0.00000      0.00000      0.00000
RU      0.75000      0.75000      0.50000      0.00601     -0.01026      0.00000
RU      0.75000      0.50000      0.75000      0.00092      0.00000     -0.00443
RU      0.50000      0.75000      0.75000      0.00000     -0.01144     -0.00020
