/* Converted from PWscf output file */ 
#L_UNITS ang 
#E_UNITS eV 
#S_UNITS GPA 
#F_UNITS EV/ANG 
#ALAT 	   7.61801     // a0 
#X 	   1.00000     0.00000     0.00000     // X 
#Y 	   0.00000     1.00375     0.00000     // Y 
#Z 	   0.00000     0.00000     0.99625     // Z 
#SX 	  -0.49920     0.00000     0.00000     // SX 
#SY 	   0.00000    -1.43969     0.00000     // SY 
#SZ 	   0.00000     0.00000     0.44640     // SZ 
#EPA 	  -6.71115     // Energy per Atom 
#RCUT 	6.5        // Rcut 
RU      0.00000      0.00000      0.00000      0.00000      0.00000      0.00000
RU      0.25000      0.25000      0.00000     -0.00614      0.00148      0.00000
RU      0.25000      0.00000      0.25000     -0.01110      0.00000     -0.00566
RU      0.00000      0.25000      0.25000      0.00000      0.00059     -0.00141
RU      0.00000      0.00000      0.50000      0.00000      0.00000      0.00000
RU      0.25000      0.25000      0.50000     -0.00559      0.01074     -0.00000
RU      0.25000      0.00000      0.75000     -0.01110      0.00000      0.00566
RU      0.00000      0.25000      0.75000      0.00000      0.00059      0.00141
RU      0.00000      0.50000      0.00000      0.00000      0.00000      0.00000
RU      0.25000      0.75000      0.00000     -0.00614     -0.00148     -0.00000
RU      0.25000      0.50000      0.25000     -0.00020      0.00000      0.00334
RU      0.00000      0.75000      0.25000      0.00000     -0.00059     -0.00141
RU      0.00000      0.50000      0.50000      0.00000      0.00000      0.00000
RU      0.25000      0.75000      0.50000     -0.00559     -0.01074      0.00000
RU      0.25000      0.50000      0.75000     -0.00020      0.00000     -0.00334
RU      0.00000      0.75000      0.75000      0.00000     -0.00059      0.00141
RU      0.50000      0.00000      0.00000      0.00000      0.00000      0.00000
RU      0.75000      0.25000      0.00000      0.00614      0.00148     -0.00000
RU      0.75000      0.00000      0.25000      0.01110      0.00000     -0.00566
RU      0.50000      0.25000      0.25000      0.00000      0.01194     -0.00107
RU      0.50000      0.00000      0.50000      0.00000      0.00000      0.00000
RU      0.75000      0.25000      0.50000      0.00559      0.01074      0.00000
RU      0.75000      0.00000      0.75000      0.01110      0.00000      0.00566
RU      0.50000      0.25000      0.75000      0.00000      0.01194      0.00107
RU      0.50000      0.50000      0.00000      0.00000      0.00000      0.00000
RU      0.75000      0.75000      0.00000      0.00614     -0.00148      0.00000
RU      0.75000      0.50000      0.25000      0.00020      0.00000      0.00334
RU      0.50000      0.75000      0.25000      0.00000     -0.01194     -0.00107
RU      0.50000      0.50000      0.50000      0.00000      0.00000      0.00000
RU      0.75000      0.75000      0.50000      0.00559     -0.01074     -0.00000
RU      0.75000      0.50000      0.75000      0.00020      0.00000     -0.00334
RU      0.50000      0.75000      0.75000      0.00000     -0.01194      0.00107
