/* Converted from PWscf output file */ 
#L_UNITS ang 
#E_UNITS eV 
#S_UNITS GPA 
#F_UNITS EV/ANG 
#ALAT 	  11.42640     // a0 
#X 	   1.00000     0.00000     0.00000     // X 
#Y 	   0.00000     1.00000     0.00000     // Y 
#Z 	   0.00000     0.00000     1.00000     // Z 
#SX 	 -13.73556     0.00000     0.00000     // SX 
#SY 	   0.00000   -13.73556     0.00000     // SY 
#SZ 	   0.00000     0.00000   -13.73556     // SZ 
#EPA 	  -0.78434     // Energy per Atom 
#RCUT 	6.5        // Rcut 
RU      0.00000      0.00000      0.00000      0.00000      0.00000      0.00000
RU      0.25000      0.25000      0.00000      0.00003      0.00003     -0.00000
RU      0.25000      0.00000      0.25000      0.00003     -0.00000      0.00003
RU      0.00000      0.25000      0.25000     -0.00000      0.00003      0.00003
RU      0.00000      0.00000      0.50000      0.00000      0.00000      0.00000
RU      0.25000      0.25000      0.50000     -0.00007     -0.00007     -0.00000
RU      0.25000      0.00000      0.75000      0.00003      0.00000     -0.00003
RU      0.00000      0.25000      0.75000     -0.00000      0.00003     -0.00003
RU      0.00000      0.50000      0.00000      0.00000      0.00000      0.00000
RU      0.25000      0.75000      0.00000      0.00003     -0.00003     -0.00000
RU      0.25000      0.50000      0.25000     -0.00007     -0.00000     -0.00007
RU      0.00000      0.75000      0.25000     -0.00000     -0.00003      0.00003
RU      0.00000      0.50000      0.50000      0.00000      0.00000      0.00000
RU      0.25000      0.75000      0.50000     -0.00007      0.00007     -0.00000
RU      0.25000      0.50000      0.75000     -0.00007     -0.00000      0.00007
RU      0.00000      0.75000      0.75000      0.00000     -0.00003     -0.00003
RU      0.50000      0.00000      0.00000      0.00000      0.00000      0.00000
RU      0.75000      0.25000      0.00000     -0.00003      0.00003     -0.00000
RU      0.75000      0.00000      0.25000     -0.00003     -0.00000      0.00003
RU      0.50000      0.25000      0.25000      0.00000     -0.00007     -0.00007
RU      0.50000      0.00000      0.50000      0.00000      0.00000      0.00000
RU      0.75000      0.25000      0.50000      0.00007     -0.00007      0.00000
RU      0.75000      0.00000      0.75000     -0.00003     -0.00000     -0.00003
RU      0.50000      0.25000      0.75000     -0.00000     -0.00007      0.00007
RU      0.50000      0.50000      0.00000      0.00000      0.00000      0.00000
RU      0.75000      0.75000      0.00000     -0.00003     -0.00003      0.00000
RU      0.75000      0.50000      0.25000      0.00007      0.00000     -0.00007
RU      0.50000      0.75000      0.25000      0.00000      0.00007     -0.00007
RU      0.50000      0.50000      0.50000      0.00000      0.00000      0.00000
RU      0.75000      0.75000      0.50000      0.00007      0.00007      0.00000
RU      0.75000      0.50000      0.75000      0.00007     -0.00000      0.00007
RU      0.50000      0.75000      0.75000      0.00000      0.00007      0.00007
