/* Converted from PWscf output file */ 
#L_UNITS ang 
#E_UNITS eV 
#S_UNITS GPA 
#F_UNITS EV/ANG 
#ALAT 	   8.37936     // a0 
#X 	   1.00000     0.00000     0.00000     // X 
#Y 	   0.00000     1.00000     0.00000     // Y 
#Z 	   0.00000     0.00000     1.00000     // Z 
#SX 	 -43.01856     0.00000     0.00000     // SX 
#SY 	   0.00000   -43.01856     0.00000     // SY 
#SZ 	   0.00000     0.00000   -43.01856     // SZ 
#EPA 	  -5.89704     // Energy per Atom 
#RCUT 	6.5        // Rcut 
RU      0.00000      0.00000      0.00000      0.00000      0.00000      0.00000
RU      0.25000      0.25000      0.00000      0.00013      0.00013     -0.00000
RU      0.25000      0.00000      0.25000      0.00013     -0.00000      0.00013
RU      0.00000      0.25000      0.25000     -0.00000      0.00013      0.00013
RU      0.00000      0.00000      0.50000      0.00000      0.00000      0.00000
RU      0.25000      0.25000      0.50000      0.00024      0.00024      0.00000
RU      0.25000      0.00000      0.75000      0.00013      0.00000     -0.00013
RU      0.00000      0.25000      0.75000      0.00000      0.00013     -0.00013
RU      0.00000      0.50000      0.00000      0.00000      0.00000      0.00000
RU      0.25000      0.75000      0.00000      0.00013     -0.00013      0.00000
RU      0.25000      0.50000      0.25000      0.00024     -0.00000      0.00024
RU      0.00000      0.75000      0.25000      0.00000     -0.00013      0.00013
RU      0.00000      0.50000      0.50000      0.00000      0.00000      0.00000
RU      0.25000      0.75000      0.50000      0.00024     -0.00024     -0.00000
RU      0.25000      0.50000      0.75000      0.00024     -0.00000     -0.00024
RU      0.00000      0.75000      0.75000     -0.00000     -0.00013     -0.00013
RU      0.50000      0.00000      0.00000      0.00000      0.00000      0.00000
RU      0.75000      0.25000      0.00000     -0.00013      0.00013      0.00000
RU      0.75000      0.00000      0.25000     -0.00013      0.00000      0.00013
RU      0.50000      0.25000      0.25000      0.00000      0.00024      0.00024
RU      0.50000      0.00000      0.50000      0.00000      0.00000      0.00000
RU      0.75000      0.25000      0.50000     -0.00024      0.00024      0.00000
RU      0.75000      0.00000      0.75000     -0.00013     -0.00000     -0.00013
RU      0.50000      0.25000      0.75000     -0.00000      0.00024     -0.00024
RU      0.50000      0.50000      0.00000      0.00000      0.00000      0.00000
RU      0.75000      0.75000      0.00000     -0.00013     -0.00013     -0.00000
RU      0.75000      0.50000      0.25000     -0.00024     -0.00000      0.00024
RU      0.50000      0.75000      0.25000      0.00000     -0.00024      0.00024
RU      0.50000      0.50000      0.50000      0.00000      0.00000      0.00000
RU      0.75000      0.75000      0.50000     -0.00024     -0.00024     -0.00000
RU      0.75000      0.50000      0.75000     -0.00024      0.00000     -0.00024
RU      0.50000      0.75000      0.75000     -0.00000     -0.00024     -0.00024
