/* Converted from PWscf output file */ 
#L_UNITS ang 
#E_UNITS eV 
#S_UNITS GPA 
#F_UNITS EV/ANG 
#ALAT 	  13.71168     // a0 
#X 	   1.00000     0.00000     0.00000     // X 
#Y 	   0.00000     1.00000     0.00000     // Y 
#Z 	   0.00000     0.00000     1.00000     // Z 
#SX 	  -3.46842     0.00000     0.00000     // SX 
#SY 	   0.00000    -3.46842     0.00000     // SY 
#SZ 	   0.00000     0.00000    -3.46842     // SZ 
#EPA 	   0.71158     // Energy per Atom 
#RCUT 	6.5        // Rcut 
RU      0.00000      0.00000      0.00000      0.00000      0.00000      0.00000
RU      0.25000      0.25000      0.00000     -0.00017     -0.00017      0.00000
RU      0.25000      0.00000      0.25000     -0.00017      0.00000     -0.00017
RU      0.00000      0.25000      0.25000      0.00000     -0.00017     -0.00017
RU      0.00000      0.00000      0.50000      0.00000      0.00000      0.00000
RU      0.25000      0.25000      0.50000     -0.00021     -0.00021     -0.00000
RU      0.25000      0.00000      0.75000     -0.00017     -0.00000      0.00017
RU      0.00000      0.25000      0.75000      0.00000     -0.00017      0.00017
RU      0.00000      0.50000      0.00000      0.00000      0.00000      0.00000
RU      0.25000      0.75000      0.00000     -0.00017      0.00017     -0.00000
RU      0.25000      0.50000      0.25000     -0.00021      0.00000     -0.00021
RU      0.00000      0.75000      0.25000      0.00000      0.00017     -0.00017
RU      0.00000      0.50000      0.50000      0.00000      0.00000      0.00000
RU      0.25000      0.75000      0.50000     -0.00021      0.00021      0.00000
RU      0.25000      0.50000      0.75000     -0.00021      0.00000      0.00021
RU      0.00000      0.75000      0.75000      0.00000      0.00017      0.00017
RU      0.50000      0.00000      0.00000      0.00000      0.00000      0.00000
RU      0.75000      0.25000      0.00000      0.00017     -0.00017     -0.00000
RU      0.75000      0.00000      0.25000      0.00017     -0.00000     -0.00017
RU      0.50000      0.25000      0.25000     -0.00000     -0.00021     -0.00021
RU      0.50000      0.00000      0.50000      0.00000      0.00000      0.00000
RU      0.75000      0.25000      0.50000      0.00021     -0.00021      0.00000
RU      0.75000      0.00000      0.75000      0.00017      0.00000      0.00017
RU      0.50000      0.25000      0.75000      0.00000     -0.00021      0.00021
RU      0.50000      0.50000      0.00000      0.00000      0.00000      0.00000
RU      0.75000      0.75000      0.00000      0.00017      0.00017      0.00000
RU      0.75000      0.50000      0.25000      0.00021     -0.00000     -0.00021
RU      0.50000      0.75000      0.25000     -0.00000      0.00021     -0.00021
RU      0.50000      0.50000      0.50000      0.00000      0.00000      0.00000
RU      0.75000      0.75000      0.50000      0.00021      0.00021     -0.00000
RU      0.75000      0.50000      0.75000      0.00021     -0.00000      0.00021
RU      0.50000      0.75000      0.75000      0.00000      0.00021      0.00021
