/* Converted from PWscf output file */ 
#L_UNITS ang 
#E_UNITS eV 
#S_UNITS GPA 
#F_UNITS EV/ANG 
#ALAT 	  11.20799     // a0 
#X 	   1.00000     0.00000     0.00417     // X 
#Y 	   0.00000     1.00000     0.00000     // Y 
#Z 	   0.00417     0.00000     1.00000     // Z 
#SX 	  -0.21598     0.00000    -1.13198     // SX 
#SY 	   0.00000    -0.20855     0.00000     // SY 
#SZ 	  -1.13198     0.00000    -0.21598     // SZ 
#EPA 	  -4.84410     // Energy per Atom 
#RCUT 	6.5        // Rcut 
FE      0.00000      0.00000      0.00000      0.00000      0.00000      0.00000
FE      0.12500      0.12500      0.12500      0.00074      0.00468      0.00074
FE     -0.00000      0.00000      0.25000      0.00000      0.00000      0.00000
FE      0.12500      0.12500      0.37500     -0.00289      0.00232      0.00289
FE      0.00000      0.25000      0.00000      0.00000      0.00000      0.00000
FE      0.12500      0.37500      0.12500      0.00074     -0.00468      0.00074
FE     -0.00000      0.25000      0.25000      0.00000      0.00000      0.00000
FE      0.12500      0.37500      0.37500     -0.00289     -0.00232      0.00289
FE      0.25000      0.00000     -0.00000      0.00000      0.00000      0.00000
FE      0.37500      0.12500      0.12500      0.00289      0.00232     -0.00289
FE      0.25000      0.00000      0.25000      0.00000      0.00000      0.00000
FE      0.37500      0.12500      0.37500     -0.00074      0.00468     -0.00074
FE      0.25000      0.25000     -0.00000      0.00000      0.00000      0.00000
FE      0.37500      0.37500      0.12500      0.00289     -0.00232     -0.00289
FE      0.25000      0.25000      0.25000      0.00000      0.00000      0.00000
FE      0.37500      0.37500      0.37500     -0.00074     -0.00468     -0.00074
FE      0.00000      0.00000      0.50000      0.00000      0.00000      0.00000
FE      0.12500      0.12500      0.62500      0.00074      0.00468      0.00074
FE     -0.00000      0.00000      0.75000      0.00000      0.00000      0.00000
FE      0.12500      0.12500      0.87500     -0.00289      0.00232      0.00289
FE      0.00000      0.25000      0.50000      0.00000      0.00000      0.00000
FE      0.12500      0.37500      0.62500      0.00074     -0.00468      0.00074
FE     -0.00000      0.25000      0.75000      0.00000      0.00000      0.00000
FE      0.12500      0.37500      0.87500     -0.00289     -0.00232      0.00289
FE      0.25000      0.00000      0.50000      0.00000      0.00000      0.00000
FE      0.37500      0.12500      0.62500      0.00289      0.00232     -0.00289
FE      0.25000      0.00000      0.75000      0.00000      0.00000      0.00000
FE      0.37500      0.12500      0.87500     -0.00074      0.00468     -0.00074
FE      0.25000      0.25000      0.50000      0.00000      0.00000      0.00000
FE      0.37500      0.37500      0.62500      0.00289     -0.00232     -0.00289
FE      0.25000      0.25000      0.75000      0.00000      0.00000      0.00000
FE      0.37500      0.37500      0.87500     -0.00074     -0.00468     -0.00074
FE      0.00000      0.50000      0.00000      0.00000      0.00000      0.00000
FE      0.12500      0.62500      0.12500      0.00074      0.00468      0.00074
FE     -0.00000      0.50000      0.25000      0.00000      0.00000      0.00000
FE      0.12500      0.62500      0.37500     -0.00289      0.00232      0.00289
FE      0.00000      0.75000      0.00000      0.00000      0.00000      0.00000
FE      0.12500      0.87500      0.12500      0.00074     -0.00468      0.00074
FE     -0.00000      0.75000      0.25000      0.00000      0.00000      0.00000
FE      0.12500      0.87500      0.37500     -0.00289     -0.00232      0.00289
FE      0.25000      0.50000     -0.00000      0.00000      0.00000      0.00000
FE      0.37500      0.62500      0.12500      0.00289      0.00232     -0.00289
FE      0.25000      0.50000      0.25000      0.00000      0.00000      0.00000
FE      0.37500      0.62500      0.37500     -0.00074      0.00468     -0.00074
FE      0.25000      0.75000     -0.00000      0.00000      0.00000      0.00000
FE      0.37500      0.87500      0.12500      0.00289     -0.00232     -0.00289
FE      0.25000      0.75000      0.25000      0.00000      0.00000      0.00000
FE      0.37500      0.87500      0.37500     -0.00074     -0.00468     -0.00074
FE      0.00000      0.50000      0.50000      0.00000      0.00000      0.00000
FE      0.12500      0.62500      0.62500      0.00074      0.00468      0.00074
FE     -0.00000      0.50000      0.75000      0.00000      0.00000      0.00000
FE      0.12500      0.62500      0.87500     -0.00289      0.00232      0.00289
FE      0.00000      0.75000      0.50000      0.00000      0.00000      0.00000
FE      0.12500      0.87500      0.62500      0.00074     -0.00468      0.00074
FE     -0.00000      0.75000      0.75000      0.00000      0.00000      0.00000
FE      0.12500      0.87500      0.87500     -0.00289     -0.00232      0.00289
FE      0.25000      0.50000      0.50000      0.00000      0.00000      0.00000
FE      0.37500      0.62500      0.62500      0.00289      0.00232     -0.00289
FE      0.25000      0.50000      0.75000      0.00000      0.00000      0.00000
FE      0.37500      0.62500      0.87500     -0.00074      0.00468     -0.00074
FE      0.25000      0.75000      0.50000      0.00000      0.00000      0.00000
FE      0.37500      0.87500      0.62500      0.00289     -0.00232     -0.00289
FE      0.25000      0.75000      0.75000      0.00000      0.00000      0.00000
FE      0.37500      0.87500      0.87500     -0.00074     -0.00468     -0.00074
FE      0.50000      0.00000      0.00000      0.00000      0.00000      0.00000
FE      0.62500      0.12500      0.12500      0.00074      0.00468      0.00074
FE      0.50000      0.00000      0.25000      0.00000      0.00000      0.00000
FE      0.62500      0.12500      0.37500     -0.00289      0.00232      0.00289
FE      0.50000      0.25000      0.00000      0.00000      0.00000      0.00000
FE      0.62500      0.37500      0.12500      0.00074     -0.00468      0.00074
FE      0.50000      0.25000      0.25000      0.00000      0.00000      0.00000
FE      0.62500      0.37500      0.37500     -0.00289     -0.00232      0.00289
FE      0.75000      0.00000     -0.00000      0.00000      0.00000      0.00000
FE      0.87500      0.12500      0.12500      0.00289      0.00232     -0.00289
FE      0.75000      0.00000      0.25000      0.00000      0.00000      0.00000
FE      0.87500      0.12500      0.37500     -0.00074      0.00468     -0.00074
FE      0.75000      0.25000     -0.00000      0.00000      0.00000      0.00000
FE      0.87500      0.37500      0.12500      0.00289     -0.00232     -0.00289
FE      0.75000      0.25000      0.25000      0.00000      0.00000      0.00000
FE      0.87500      0.37500      0.37500     -0.00074     -0.00468     -0.00074
FE      0.50000      0.00000      0.50000      0.00000      0.00000      0.00000
FE      0.62500      0.12500      0.62500      0.00074      0.00468      0.00074
FE      0.50000      0.00000      0.75000      0.00000      0.00000      0.00000
FE      0.62500      0.12500      0.87500     -0.00289      0.00232      0.00289
FE      0.50000      0.25000      0.50000      0.00000      0.00000      0.00000
FE      0.62500      0.37500      0.62500      0.00074     -0.00468      0.00074
FE      0.50000      0.25000      0.75000      0.00000      0.00000      0.00000
FE      0.62500      0.37500      0.87500     -0.00289     -0.00232      0.00289
FE      0.75000      0.00000      0.50000      0.00000      0.00000      0.00000
FE      0.87500      0.12500      0.62500      0.00289      0.00232     -0.00289
FE      0.75000      0.00000      0.75000      0.00000      0.00000      0.00000
FE      0.87500      0.12500      0.87500     -0.00074      0.00468     -0.00074
FE      0.75000      0.25000      0.50000      0.00000      0.00000      0.00000
FE      0.87500      0.37500      0.62500      0.00289     -0.00232     -0.00289
FE      0.75000      0.25000      0.75000      0.00000      0.00000      0.00000
FE      0.87500      0.37500      0.87500     -0.00074     -0.00468     -0.00074
FE      0.50000      0.50000      0.00000      0.00000      0.00000      0.00000
FE      0.62500      0.62500      0.12500      0.00074      0.00468      0.00074
FE      0.50000      0.50000      0.25000      0.00000      0.00000      0.00000
FE      0.62500      0.62500      0.37500     -0.00289      0.00232      0.00289
FE      0.50000      0.75000      0.00000      0.00000      0.00000      0.00000
FE      0.62500      0.87500      0.12500      0.00074     -0.00468      0.00074
FE      0.50000      0.75000      0.25000      0.00000      0.00000      0.00000
FE      0.62500      0.87500      0.37500     -0.00289     -0.00232      0.00289
FE      0.75000      0.50000     -0.00000      0.00000      0.00000      0.00000
FE      0.87500      0.62500      0.12500      0.00289      0.00232     -0.00289
FE      0.75000      0.50000      0.25000      0.00000      0.00000      0.00000
FE      0.87500      0.62500      0.37500     -0.00074      0.00468     -0.00074
FE      0.75000      0.75000     -0.00000      0.00000      0.00000      0.00000
FE      0.87500      0.87500      0.12500      0.00289     -0.00232     -0.00289
FE      0.75000      0.75000      0.25000      0.00000      0.00000      0.00000
FE      0.87500      0.87500      0.37500     -0.00074     -0.00468     -0.00074
FE      0.50000      0.50000      0.50000      0.00000      0.00000      0.00000
FE      0.62500      0.62500      0.62500      0.00074      0.00468      0.00074
FE      0.50000      0.50000      0.75000      0.00000      0.00000      0.00000
FE      0.62500      0.62500      0.87500     -0.00289      0.00232      0.00289
FE      0.50000      0.75000      0.50000      0.00000      0.00000      0.00000
FE      0.62500      0.87500      0.62500      0.00074     -0.00468      0.00074
FE      0.50000      0.75000      0.75000      0.00000      0.00000      0.00000
FE      0.62500      0.87500      0.87500     -0.00289     -0.00232      0.00289
FE      0.75000      0.50000      0.50000      0.00000      0.00000      0.00000
FE      0.87500      0.62500      0.62500      0.00289      0.00232     -0.00289
FE      0.75000      0.50000      0.75000      0.00000      0.00000      0.00000
FE      0.87500      0.62500      0.87500     -0.00074      0.00468     -0.00074
FE      0.75000      0.75000      0.50000      0.00000      0.00000      0.00000
FE      0.87500      0.87500      0.62500      0.00289     -0.00232     -0.00289
FE      0.75000      0.75000      0.75000      0.00000      0.00000      0.00000
FE      0.87500      0.87500      0.87500     -0.00074     -0.00468     -0.00074
