/* Converted from PWscf output file */ 
#L_UNITS ang 
#E_UNITS eV 
#S_UNITS GPA 
#F_UNITS EV/ANG 
#ALAT 	  11.20801     // a0 
#X 	   1.00000     0.00000     0.00500     // X 
#Y 	   0.00000     1.00000     0.00000     // Y 
#Z 	   0.00500     0.00000     1.00000     // Z 
#SX 	  -0.16232     0.00000    -1.35832     // SX 
#SY 	   0.00000    -0.15167     0.00000     // SY 
#SZ 	  -1.35832     0.00000    -0.16232     // SZ 
#EPA 	  -4.84395     // Energy per Atom 
#RCUT 	6.5        // Rcut 
FE      0.00000      0.00000      0.00000      0.00000      0.00000      0.00000
FE      0.12500      0.12500      0.12500      0.00055      0.00497      0.00055
FE     -0.00000      0.00000      0.25000      0.00000      0.00000      0.00000
FE      0.12500      0.12500      0.37500     -0.00340      0.00312      0.00340
FE      0.00000      0.25000      0.00000      0.00000      0.00000      0.00000
FE      0.12500      0.37500      0.12500      0.00055     -0.00497      0.00055
FE     -0.00000      0.25000      0.25000      0.00000     -0.00000      0.00000
FE      0.12500      0.37500      0.37500     -0.00340     -0.00312      0.00340
FE      0.25000      0.00000     -0.00000      0.00000      0.00000      0.00000
FE      0.37500      0.12500      0.12500      0.00340      0.00312     -0.00340
FE      0.25000      0.00000      0.25000      0.00000      0.00000      0.00000
FE      0.37500      0.12500      0.37500     -0.00055      0.00497     -0.00055
FE      0.25000      0.25000     -0.00000      0.00000      0.00000      0.00000
FE      0.37500      0.37500      0.12500      0.00340     -0.00312     -0.00340
FE      0.25000      0.25000      0.25000      0.00000      0.00000      0.00000
FE      0.37500      0.37500      0.37500     -0.00055     -0.00497     -0.00055
FE      0.00000      0.00000      0.50000      0.00000      0.00000      0.00000
FE      0.12500      0.12500      0.62500      0.00055      0.00497      0.00055
FE     -0.00000      0.00000      0.75000      0.00000      0.00000      0.00000
FE      0.12500      0.12500      0.87500     -0.00340      0.00312      0.00340
FE      0.00000      0.25000      0.50000      0.00000      0.00000      0.00000
FE      0.12500      0.37500      0.62500      0.00055     -0.00497      0.00055
FE     -0.00000      0.25000      0.75000      0.00000     -0.00000      0.00000
FE      0.12500      0.37500      0.87500     -0.00340     -0.00312      0.00340
FE      0.25000      0.00000      0.50000      0.00000      0.00000      0.00000
FE      0.37500      0.12500      0.62500      0.00340      0.00312     -0.00340
FE      0.25000      0.00000      0.75000      0.00000      0.00000      0.00000
FE      0.37500      0.12500      0.87500     -0.00055      0.00497     -0.00055
FE      0.25000      0.25000      0.50000      0.00000      0.00000      0.00000
FE      0.37500      0.37500      0.62500      0.00340     -0.00312     -0.00340
FE      0.25000      0.25000      0.75000      0.00000      0.00000      0.00000
FE      0.37500      0.37500      0.87500     -0.00055     -0.00497     -0.00055
FE      0.00000      0.50000      0.00000      0.00000      0.00000      0.00000
FE      0.12500      0.62500      0.12500      0.00055      0.00497      0.00055
FE     -0.00000      0.50000      0.25000      0.00000      0.00000      0.00000
FE      0.12500      0.62500      0.37500     -0.00340      0.00312      0.00340
FE      0.00000      0.75000      0.00000      0.00000      0.00000      0.00000
FE      0.12500      0.87500      0.12500      0.00055     -0.00497      0.00055
FE     -0.00000      0.75000      0.25000      0.00000     -0.00000      0.00000
FE      0.12500      0.87500      0.37500     -0.00340     -0.00312      0.00340
FE      0.25000      0.50000     -0.00000      0.00000      0.00000      0.00000
FE      0.37500      0.62500      0.12500      0.00340      0.00312     -0.00340
FE      0.25000      0.50000      0.25000      0.00000      0.00000      0.00000
FE      0.37500      0.62500      0.37500     -0.00055      0.00497     -0.00055
FE      0.25000      0.75000     -0.00000      0.00000      0.00000      0.00000
FE      0.37500      0.87500      0.12500      0.00340     -0.00312     -0.00340
FE      0.25000      0.75000      0.25000      0.00000      0.00000      0.00000
FE      0.37500      0.87500      0.37500     -0.00055     -0.00497     -0.00055
FE      0.00000      0.50000      0.50000      0.00000      0.00000      0.00000
FE      0.12500      0.62500      0.62500      0.00055      0.00497      0.00055
FE     -0.00000      0.50000      0.75000      0.00000      0.00000      0.00000
FE      0.12500      0.62500      0.87500     -0.00340      0.00312      0.00340
FE      0.00000      0.75000      0.50000      0.00000      0.00000      0.00000
FE      0.12500      0.87500      0.62500      0.00055     -0.00497      0.00055
FE     -0.00000      0.75000      0.75000      0.00000     -0.00000      0.00000
FE      0.12500      0.87500      0.87500     -0.00340     -0.00312      0.00340
FE      0.25000      0.50000      0.50000      0.00000      0.00000      0.00000
FE      0.37500      0.62500      0.62500      0.00340      0.00312     -0.00340
FE      0.25000      0.50000      0.75000      0.00000      0.00000      0.00000
FE      0.37500      0.62500      0.87500     -0.00055      0.00497     -0.00055
FE      0.25000      0.75000      0.50000      0.00000      0.00000      0.00000
FE      0.37500      0.87500      0.62500      0.00340     -0.00312     -0.00340
FE      0.25000      0.75000      0.75000      0.00000      0.00000      0.00000
FE      0.37500      0.87500      0.87500     -0.00055     -0.00497     -0.00055
FE      0.50000      0.00000      0.00000      0.00000      0.00000      0.00000
FE      0.62500      0.12500      0.12500      0.00055      0.00497      0.00055
FE      0.50000      0.00000      0.25000      0.00000      0.00000      0.00000
FE      0.62500      0.12500      0.37500     -0.00340      0.00312      0.00340
FE      0.50000      0.25000      0.00000      0.00000      0.00000      0.00000
FE      0.62500      0.37500      0.12500      0.00055     -0.00497      0.00055
FE      0.50000      0.25000      0.25000      0.00000     -0.00000      0.00000
FE      0.62500      0.37500      0.37500     -0.00340     -0.00312      0.00340
FE      0.75000      0.00000     -0.00000      0.00000      0.00000      0.00000
FE      0.87500      0.12500      0.12500      0.00340      0.00312     -0.00340
FE      0.75000      0.00000      0.25000      0.00000      0.00000      0.00000
FE      0.87500      0.12500      0.37500     -0.00055      0.00497     -0.00055
FE      0.75000      0.25000     -0.00000      0.00000      0.00000      0.00000
FE      0.87500      0.37500      0.12500      0.00340     -0.00312     -0.00340
FE      0.75000      0.25000      0.25000      0.00000      0.00000      0.00000
FE      0.87500      0.37500      0.37500     -0.00055     -0.00497     -0.00055
FE      0.50000      0.00000      0.50000      0.00000      0.00000      0.00000
FE      0.62500      0.12500      0.62500      0.00055      0.00497      0.00055
FE      0.50000      0.00000      0.75000      0.00000      0.00000      0.00000
FE      0.62500      0.12500      0.87500     -0.00340      0.00312      0.00340
FE      0.50000      0.25000      0.50000      0.00000      0.00000      0.00000
FE      0.62500      0.37500      0.62500      0.00055     -0.00497      0.00055
FE      0.50000      0.25000      0.75000      0.00000     -0.00000      0.00000
FE      0.62500      0.37500      0.87500     -0.00340     -0.00312      0.00340
FE      0.75000      0.00000      0.50000      0.00000      0.00000      0.00000
FE      0.87500      0.12500      0.62500      0.00340      0.00312     -0.00340
FE      0.75000      0.00000      0.75000      0.00000      0.00000      0.00000
FE      0.87500      0.12500      0.87500     -0.00055      0.00497     -0.00055
FE      0.75000      0.25000      0.50000      0.00000      0.00000      0.00000
FE      0.87500      0.37500      0.62500      0.00340     -0.00312     -0.00340
FE      0.75000      0.25000      0.75000      0.00000      0.00000      0.00000
FE      0.87500      0.37500      0.87500     -0.00055     -0.00497     -0.00055
FE      0.50000      0.50000      0.00000      0.00000      0.00000      0.00000
FE      0.62500      0.62500      0.12500      0.00055      0.00497      0.00055
FE      0.50000      0.50000      0.25000      0.00000      0.00000      0.00000
FE      0.62500      0.62500      0.37500     -0.00340      0.00312      0.00340
FE      0.50000      0.75000      0.00000      0.00000      0.00000      0.00000
FE      0.62500      0.87500      0.12500      0.00055     -0.00497      0.00055
FE      0.50000      0.75000      0.25000      0.00000     -0.00000      0.00000
FE      0.62500      0.87500      0.37500     -0.00340     -0.00312      0.00340
FE      0.75000      0.50000     -0.00000      0.00000      0.00000      0.00000
FE      0.87500      0.62500      0.12500      0.00340      0.00312     -0.00340
FE      0.75000      0.50000      0.25000      0.00000      0.00000      0.00000
FE      0.87500      0.62500      0.37500     -0.00055      0.00497     -0.00055
FE      0.75000      0.75000     -0.00000      0.00000      0.00000      0.00000
FE      0.87500      0.87500      0.12500      0.00340     -0.00312     -0.00340
FE      0.75000      0.75000      0.25000      0.00000      0.00000      0.00000
FE      0.87500      0.87500      0.37500     -0.00055     -0.00497     -0.00055
FE      0.50000      0.50000      0.50000      0.00000      0.00000      0.00000
FE      0.62500      0.62500      0.62500      0.00055      0.00497      0.00055
FE      0.50000      0.50000      0.75000      0.00000      0.00000      0.00000
FE      0.62500      0.62500      0.87500     -0.00340      0.00312      0.00340
FE      0.50000      0.75000      0.50000      0.00000      0.00000      0.00000
FE      0.62500      0.87500      0.62500      0.00055     -0.00497      0.00055
FE      0.50000      0.75000      0.75000      0.00000     -0.00000      0.00000
FE      0.62500      0.87500      0.87500     -0.00340     -0.00312      0.00340
FE      0.75000      0.50000      0.50000      0.00000      0.00000      0.00000
FE      0.87500      0.62500      0.62500      0.00340      0.00312     -0.00340
FE      0.75000      0.50000      0.75000      0.00000      0.00000      0.00000
FE      0.87500      0.62500      0.87500     -0.00055      0.00497     -0.00055
FE      0.75000      0.75000      0.50000      0.00000      0.00000      0.00000
FE      0.87500      0.87500      0.62500      0.00340     -0.00312     -0.00340
FE      0.75000      0.75000      0.75000      0.00000      0.00000      0.00000
FE      0.87500      0.87500      0.87500     -0.00055     -0.00497     -0.00055
