/* Converted from PWscf output file */ 
#L_UNITS ang 
#E_UNITS eV 
#S_UNITS GPA 
#F_UNITS EV/ANG 
#ALAT 	  11.20795     // a0 
#X 	   1.00000     0.00000     0.00250     // X 
#Y 	   0.00000     1.00000     0.00000     // Y 
#Z 	   0.00250     0.00000     1.00000     // Z 
#SX 	  -0.22400     0.00000    -0.67974     // SX 
#SY 	   0.00000    -0.22050     0.00000     // SY 
#SZ 	  -0.67974     0.00000    -0.22400     // SZ 
#EPA 	  -4.84431     // Energy per Atom 
#RCUT 	6.5        // Rcut 
FE      0.00000      0.00000      0.00000      0.00000      0.00000      0.00000
FE      0.12500      0.12500      0.12500      0.00198      0.00573      0.00198
FE     -0.00000      0.00000      0.25000      0.00000      0.00000      0.00000
FE      0.12500      0.12500      0.37500     -0.00185      0.00313      0.00185
FE      0.00000      0.25000      0.00000      0.00000      0.00000      0.00000
FE      0.12500      0.37500      0.12500      0.00198     -0.00573      0.00198
FE     -0.00000      0.25000      0.25000      0.00000     -0.00000      0.00000
FE      0.12500      0.37500      0.37500     -0.00185     -0.00313      0.00185
FE      0.25000      0.00000     -0.00000      0.00000      0.00000      0.00000
FE      0.37500      0.12500      0.12500      0.00185      0.00313     -0.00185
FE      0.25000      0.00000      0.25000      0.00000      0.00000      0.00000
FE      0.37500      0.12500      0.37500     -0.00198      0.00573     -0.00198
FE      0.25000      0.25000     -0.00000      0.00000      0.00000      0.00000
FE      0.37500      0.37500      0.12500      0.00185     -0.00313     -0.00185
FE      0.25000      0.25000      0.25000      0.00000      0.00000      0.00000
FE      0.37500      0.37500      0.37500     -0.00198     -0.00573     -0.00198
FE      0.00000      0.00000      0.50000      0.00000      0.00000      0.00000
FE      0.12500      0.12500      0.62500      0.00198      0.00573      0.00198
FE     -0.00000      0.00000      0.75000      0.00000      0.00000      0.00000
FE      0.12500      0.12500      0.87500     -0.00185      0.00313      0.00185
FE      0.00000      0.25000      0.50000      0.00000      0.00000      0.00000
FE      0.12500      0.37500      0.62500      0.00198     -0.00573      0.00198
FE     -0.00000      0.25000      0.75000      0.00000     -0.00000      0.00000
FE      0.12500      0.37500      0.87500     -0.00185     -0.00313      0.00185
FE      0.25000      0.00000      0.50000      0.00000      0.00000      0.00000
FE      0.37500      0.12500      0.62500      0.00185      0.00313     -0.00185
FE      0.25000      0.00000      0.75000      0.00000      0.00000      0.00000
FE      0.37500      0.12500      0.87500     -0.00198      0.00573     -0.00198
FE      0.25000      0.25000      0.50000      0.00000      0.00000      0.00000
FE      0.37500      0.37500      0.62500      0.00185     -0.00313     -0.00185
FE      0.25000      0.25000      0.75000      0.00000      0.00000      0.00000
FE      0.37500      0.37500      0.87500     -0.00198     -0.00573     -0.00198
FE      0.00000      0.50000      0.00000      0.00000      0.00000      0.00000
FE      0.12500      0.62500      0.12500      0.00198      0.00573      0.00198
FE     -0.00000      0.50000      0.25000      0.00000      0.00000      0.00000
FE      0.12500      0.62500      0.37500     -0.00185      0.00313      0.00185
FE      0.00000      0.75000      0.00000      0.00000      0.00000      0.00000
FE      0.12500      0.87500      0.12500      0.00198     -0.00573      0.00198
FE     -0.00000      0.75000      0.25000      0.00000     -0.00000      0.00000
FE      0.12500      0.87500      0.37500     -0.00185     -0.00313      0.00185
FE      0.25000      0.50000     -0.00000      0.00000      0.00000      0.00000
FE      0.37500      0.62500      0.12500      0.00185      0.00313     -0.00185
FE      0.25000      0.50000      0.25000      0.00000      0.00000      0.00000
FE      0.37500      0.62500      0.37500     -0.00198      0.00573     -0.00198
FE      0.25000      0.75000     -0.00000      0.00000      0.00000      0.00000
FE      0.37500      0.87500      0.12500      0.00185     -0.00313     -0.00185
FE      0.25000      0.75000      0.25000      0.00000      0.00000      0.00000
FE      0.37500      0.87500      0.37500     -0.00198     -0.00573     -0.00198
FE      0.00000      0.50000      0.50000      0.00000      0.00000      0.00000
FE      0.12500      0.62500      0.62500      0.00198      0.00573      0.00198
FE     -0.00000      0.50000      0.75000      0.00000      0.00000      0.00000
FE      0.12500      0.62500      0.87500     -0.00185      0.00313      0.00185
FE      0.00000      0.75000      0.50000      0.00000      0.00000      0.00000
FE      0.12500      0.87500      0.62500      0.00198     -0.00573      0.00198
FE     -0.00000      0.75000      0.75000      0.00000     -0.00000      0.00000
FE      0.12500      0.87500      0.87500     -0.00185     -0.00313      0.00185
FE      0.25000      0.50000      0.50000      0.00000      0.00000      0.00000
FE      0.37500      0.62500      0.62500      0.00185      0.00313     -0.00185
FE      0.25000      0.50000      0.75000      0.00000      0.00000      0.00000
FE      0.37500      0.62500      0.87500     -0.00198      0.00573     -0.00198
FE      0.25000      0.75000      0.50000      0.00000      0.00000      0.00000
FE      0.37500      0.87500      0.62500      0.00185     -0.00313     -0.00185
FE      0.25000      0.75000      0.75000      0.00000      0.00000      0.00000
FE      0.37500      0.87500      0.87500     -0.00198     -0.00573     -0.00198
FE      0.50000      0.00000      0.00000      0.00000      0.00000      0.00000
FE      0.62500      0.12500      0.12500      0.00198      0.00573      0.00198
FE      0.50000      0.00000      0.25000      0.00000      0.00000      0.00000
FE      0.62500      0.12500      0.37500     -0.00185      0.00313      0.00185
FE      0.50000      0.25000      0.00000      0.00000      0.00000      0.00000
FE      0.62500      0.37500      0.12500      0.00198     -0.00573      0.00198
FE      0.50000      0.25000      0.25000      0.00000     -0.00000      0.00000
FE      0.62500      0.37500      0.37500     -0.00185     -0.00313      0.00185
FE      0.75000      0.00000     -0.00000      0.00000      0.00000      0.00000
FE      0.87500      0.12500      0.12500      0.00185      0.00313     -0.00185
FE      0.75000      0.00000      0.25000      0.00000      0.00000      0.00000
FE      0.87500      0.12500      0.37500     -0.00198      0.00573     -0.00198
FE      0.75000      0.25000     -0.00000      0.00000      0.00000      0.00000
FE      0.87500      0.37500      0.12500      0.00185     -0.00313     -0.00185
FE      0.75000      0.25000      0.25000      0.00000      0.00000      0.00000
FE      0.87500      0.37500      0.37500     -0.00198     -0.00573     -0.00198
FE      0.50000      0.00000      0.50000      0.00000      0.00000      0.00000
FE      0.62500      0.12500      0.62500      0.00198      0.00573      0.00198
FE      0.50000      0.00000      0.75000      0.00000      0.00000      0.00000
FE      0.62500      0.12500      0.87500     -0.00185      0.00313      0.00185
FE      0.50000      0.25000      0.50000      0.00000      0.00000      0.00000
FE      0.62500      0.37500      0.62500      0.00198     -0.00573      0.00198
FE      0.50000      0.25000      0.75000      0.00000     -0.00000      0.00000
FE      0.62500      0.37500      0.87500     -0.00185     -0.00313      0.00185
FE      0.75000      0.00000      0.50000      0.00000      0.00000      0.00000
FE      0.87500      0.12500      0.62500      0.00185      0.00313     -0.00185
FE      0.75000      0.00000      0.75000      0.00000      0.00000      0.00000
FE      0.87500      0.12500      0.87500     -0.00198      0.00573     -0.00198
FE      0.75000      0.25000      0.50000      0.00000      0.00000      0.00000
FE      0.87500      0.37500      0.62500      0.00185     -0.00313     -0.00185
FE      0.75000      0.25000      0.75000      0.00000      0.00000      0.00000
FE      0.87500      0.37500      0.87500     -0.00198     -0.00573     -0.00198
FE      0.50000      0.50000      0.00000      0.00000      0.00000      0.00000
FE      0.62500      0.62500      0.12500      0.00198      0.00573      0.00198
FE      0.50000      0.50000      0.25000      0.00000      0.00000      0.00000
FE      0.62500      0.62500      0.37500     -0.00185      0.00313      0.00185
FE      0.50000      0.75000      0.00000      0.00000      0.00000      0.00000
FE      0.62500      0.87500      0.12500      0.00198     -0.00573      0.00198
FE      0.50000      0.75000      0.25000      0.00000     -0.00000      0.00000
FE      0.62500      0.87500      0.37500     -0.00185     -0.00313      0.00185
FE      0.75000      0.50000     -0.00000      0.00000      0.00000      0.00000
FE      0.87500      0.62500      0.12500      0.00185      0.00313     -0.00185
FE      0.75000      0.50000      0.25000      0.00000      0.00000      0.00000
FE      0.87500      0.62500      0.37500     -0.00198      0.00573     -0.00198
FE      0.75000      0.75000     -0.00000      0.00000      0.00000      0.00000
FE      0.87500      0.87500      0.12500      0.00185     -0.00313     -0.00185
FE      0.75000      0.75000      0.25000      0.00000      0.00000      0.00000
FE      0.87500      0.87500      0.37500     -0.00198     -0.00573     -0.00198
FE      0.50000      0.50000      0.50000      0.00000      0.00000      0.00000
FE      0.62500      0.62500      0.62500      0.00198      0.00573      0.00198
FE      0.50000      0.50000      0.75000      0.00000      0.00000      0.00000
FE      0.62500      0.62500      0.87500     -0.00185      0.00313      0.00185
FE      0.50000      0.75000      0.50000      0.00000      0.00000      0.00000
FE      0.62500      0.87500      0.62500      0.00198     -0.00573      0.00198
FE      0.50000      0.75000      0.75000      0.00000     -0.00000      0.00000
FE      0.62500      0.87500      0.87500     -0.00185     -0.00313      0.00185
FE      0.75000      0.50000      0.50000      0.00000      0.00000      0.00000
FE      0.87500      0.62500      0.62500      0.00185      0.00313     -0.00185
FE      0.75000      0.50000      0.75000      0.00000      0.00000      0.00000
FE      0.87500      0.62500      0.87500     -0.00198      0.00573     -0.00198
FE      0.75000      0.75000      0.50000      0.00000      0.00000      0.00000
FE      0.87500      0.87500      0.62500      0.00185     -0.00313     -0.00185
FE      0.75000      0.75000      0.75000      0.00000      0.00000      0.00000
FE      0.87500      0.87500      0.87500     -0.00198     -0.00573     -0.00198
