/* Converted from PWscf output file */ 
#L_UNITS ang 
#E_UNITS eV 
#S_UNITS GPA 
#F_UNITS EV/ANG 
#ALAT 	  11.20793     // a0 
#X 	   1.00000     0.00000     0.00167     // X 
#Y 	   0.00000     1.00000     0.00000     // Y 
#Z 	   0.00167     0.00000     1.00000     // Z 
#SX 	  -0.28817     0.00000    -0.45399     // SX 
#SY 	   0.00000    -0.28642     0.00000     // SY 
#SZ 	  -0.45399     0.00000    -0.28817     // SZ 
#EPA 	  -4.84436     // Energy per Atom 
#RCUT 	6.5        // Rcut 
FE      0.00000      0.00000      0.00000      0.00000      0.00000      0.00000
FE      0.12500      0.12500      0.12500      0.00126      0.00383      0.00126
FE     -0.00000      0.00000      0.25000      0.00000      0.00000      0.00000
FE      0.12500      0.12500      0.37500     -0.00137      0.00203      0.00137
FE      0.00000      0.25000      0.00000      0.00000      0.00000      0.00000
FE      0.12500      0.37500      0.12500      0.00126     -0.00383      0.00126
FE     -0.00000      0.25000      0.25000      0.00000      0.00000      0.00000
FE      0.12500      0.37500      0.37500     -0.00137     -0.00203      0.00137
FE      0.25000      0.00000     -0.00000      0.00000      0.00000      0.00000
FE      0.37500      0.12500      0.12500      0.00137      0.00203     -0.00137
FE      0.25000      0.00000      0.25000      0.00000      0.00000      0.00000
FE      0.37500      0.12500      0.37500     -0.00126      0.00383     -0.00126
FE      0.25000      0.25000     -0.00000      0.00000     -0.00000      0.00000
FE      0.37500      0.37500      0.12500      0.00137     -0.00203     -0.00137
FE      0.25000      0.25000      0.25000      0.00000      0.00000      0.00000
FE      0.37500      0.37500      0.37500     -0.00126     -0.00383     -0.00126
FE      0.00000      0.00000      0.50000      0.00000      0.00000      0.00000
FE      0.12500      0.12500      0.62500      0.00126      0.00383      0.00126
FE     -0.00000      0.00000      0.75000      0.00000      0.00000      0.00000
FE      0.12500      0.12500      0.87500     -0.00137      0.00203      0.00137
FE      0.00000      0.25000      0.50000      0.00000      0.00000      0.00000
FE      0.12500      0.37500      0.62500      0.00126     -0.00383      0.00126
FE     -0.00000      0.25000      0.75000      0.00000      0.00000      0.00000
FE      0.12500      0.37500      0.87500     -0.00137     -0.00203      0.00137
FE      0.25000      0.00000      0.50000      0.00000      0.00000      0.00000
FE      0.37500      0.12500      0.62500      0.00137      0.00203     -0.00137
FE      0.25000      0.00000      0.75000      0.00000      0.00000      0.00000
FE      0.37500      0.12500      0.87500     -0.00126      0.00383     -0.00126
FE      0.25000      0.25000      0.50000      0.00000     -0.00000      0.00000
FE      0.37500      0.37500      0.62500      0.00137     -0.00203     -0.00137
FE      0.25000      0.25000      0.75000      0.00000      0.00000      0.00000
FE      0.37500      0.37500      0.87500     -0.00126     -0.00383     -0.00126
FE      0.00000      0.50000      0.00000      0.00000      0.00000      0.00000
FE      0.12500      0.62500      0.12500      0.00126      0.00383      0.00126
FE     -0.00000      0.50000      0.25000      0.00000      0.00000      0.00000
FE      0.12500      0.62500      0.37500     -0.00137      0.00203      0.00137
FE      0.00000      0.75000      0.00000      0.00000      0.00000      0.00000
FE      0.12500      0.87500      0.12500      0.00126     -0.00383      0.00126
FE     -0.00000      0.75000      0.25000      0.00000      0.00000      0.00000
FE      0.12500      0.87500      0.37500     -0.00137     -0.00203      0.00137
FE      0.25000      0.50000     -0.00000      0.00000      0.00000      0.00000
FE      0.37500      0.62500      0.12500      0.00137      0.00203     -0.00137
FE      0.25000      0.50000      0.25000      0.00000      0.00000      0.00000
FE      0.37500      0.62500      0.37500     -0.00126      0.00383     -0.00126
FE      0.25000      0.75000     -0.00000      0.00000     -0.00000      0.00000
FE      0.37500      0.87500      0.12500      0.00137     -0.00203     -0.00137
FE      0.25000      0.75000      0.25000      0.00000      0.00000      0.00000
FE      0.37500      0.87500      0.37500     -0.00126     -0.00383     -0.00126
FE      0.00000      0.50000      0.50000      0.00000      0.00000      0.00000
FE      0.12500      0.62500      0.62500      0.00126      0.00383      0.00126
FE     -0.00000      0.50000      0.75000      0.00000      0.00000      0.00000
FE      0.12500      0.62500      0.87500     -0.00137      0.00203      0.00137
FE      0.00000      0.75000      0.50000      0.00000      0.00000      0.00000
FE      0.12500      0.87500      0.62500      0.00126     -0.00383      0.00126
FE     -0.00000      0.75000      0.75000      0.00000      0.00000      0.00000
FE      0.12500      0.87500      0.87500     -0.00137     -0.00203      0.00137
FE      0.25000      0.50000      0.50000      0.00000      0.00000      0.00000
FE      0.37500      0.62500      0.62500      0.00137      0.00203     -0.00137
FE      0.25000      0.50000      0.75000      0.00000      0.00000      0.00000
FE      0.37500      0.62500      0.87500     -0.00126      0.00383     -0.00126
FE      0.25000      0.75000      0.50000      0.00000     -0.00000      0.00000
FE      0.37500      0.87500      0.62500      0.00137     -0.00203     -0.00137
FE      0.25000      0.75000      0.75000      0.00000      0.00000      0.00000
FE      0.37500      0.87500      0.87500     -0.00126     -0.00383     -0.00126
FE      0.50000      0.00000      0.00000      0.00000      0.00000      0.00000
FE      0.62500      0.12500      0.12500      0.00126      0.00383      0.00126
FE      0.50000      0.00000      0.25000      0.00000      0.00000      0.00000
FE      0.62500      0.12500      0.37500     -0.00137      0.00203      0.00137
FE      0.50000      0.25000      0.00000      0.00000      0.00000      0.00000
FE      0.62500      0.37500      0.12500      0.00126     -0.00383      0.00126
FE      0.50000      0.25000      0.25000      0.00000      0.00000      0.00000
FE      0.62500      0.37500      0.37500     -0.00137     -0.00203      0.00137
FE      0.75000      0.00000     -0.00000      0.00000      0.00000      0.00000
FE      0.87500      0.12500      0.12500      0.00137      0.00203     -0.00137
FE      0.75000      0.00000      0.25000      0.00000      0.00000      0.00000
FE      0.87500      0.12500      0.37500     -0.00126      0.00383     -0.00126
FE      0.75000      0.25000     -0.00000      0.00000     -0.00000      0.00000
FE      0.87500      0.37500      0.12500      0.00137     -0.00203     -0.00137
FE      0.75000      0.25000      0.25000      0.00000      0.00000      0.00000
FE      0.87500      0.37500      0.37500     -0.00126     -0.00383     -0.00126
FE      0.50000      0.00000      0.50000      0.00000      0.00000      0.00000
FE      0.62500      0.12500      0.62500      0.00126      0.00383      0.00126
FE      0.50000      0.00000      0.75000      0.00000      0.00000      0.00000
FE      0.62500      0.12500      0.87500     -0.00137      0.00203      0.00137
FE      0.50000      0.25000      0.50000      0.00000      0.00000      0.00000
FE      0.62500      0.37500      0.62500      0.00126     -0.00383      0.00126
FE      0.50000      0.25000      0.75000      0.00000      0.00000      0.00000
FE      0.62500      0.37500      0.87500     -0.00137     -0.00203      0.00137
FE      0.75000      0.00000      0.50000      0.00000      0.00000      0.00000
FE      0.87500      0.12500      0.62500      0.00137      0.00203     -0.00137
FE      0.75000      0.00000      0.75000      0.00000      0.00000      0.00000
FE      0.87500      0.12500      0.87500     -0.00126      0.00383     -0.00126
FE      0.75000      0.25000      0.50000      0.00000     -0.00000      0.00000
FE      0.87500      0.37500      0.62500      0.00137     -0.00203     -0.00137
FE      0.75000      0.25000      0.75000      0.00000      0.00000      0.00000
FE      0.87500      0.37500      0.87500     -0.00126     -0.00383     -0.00126
FE      0.50000      0.50000      0.00000      0.00000      0.00000      0.00000
FE      0.62500      0.62500      0.12500      0.00126      0.00383      0.00126
FE      0.50000      0.50000      0.25000      0.00000      0.00000      0.00000
FE      0.62500      0.62500      0.37500     -0.00137      0.00203      0.00137
FE      0.50000      0.75000      0.00000      0.00000      0.00000      0.00000
FE      0.62500      0.87500      0.12500      0.00126     -0.00383      0.00126
FE      0.50000      0.75000      0.25000      0.00000      0.00000      0.00000
FE      0.62500      0.87500      0.37500     -0.00137     -0.00203      0.00137
FE      0.75000      0.50000     -0.00000      0.00000      0.00000      0.00000
FE      0.87500      0.62500      0.12500      0.00137      0.00203     -0.00137
FE      0.75000      0.50000      0.25000      0.00000      0.00000      0.00000
FE      0.87500      0.62500      0.37500     -0.00126      0.00383     -0.00126
FE      0.75000      0.75000     -0.00000      0.00000     -0.00000      0.00000
FE      0.87500      0.87500      0.12500      0.00137     -0.00203     -0.00137
FE      0.75000      0.75000      0.25000      0.00000      0.00000      0.00000
FE      0.87500      0.87500      0.37500     -0.00126     -0.00383     -0.00126
FE      0.50000      0.50000      0.50000      0.00000      0.00000      0.00000
FE      0.62500      0.62500      0.62500      0.00126      0.00383      0.00126
FE      0.50000      0.50000      0.75000      0.00000      0.00000      0.00000
FE      0.62500      0.62500      0.87500     -0.00137      0.00203      0.00137
FE      0.50000      0.75000      0.50000      0.00000      0.00000      0.00000
FE      0.62500      0.87500      0.62500      0.00126     -0.00383      0.00126
FE      0.50000      0.75000      0.75000      0.00000      0.00000      0.00000
FE      0.62500      0.87500      0.87500     -0.00137     -0.00203      0.00137
FE      0.75000      0.50000      0.50000      0.00000      0.00000      0.00000
FE      0.87500      0.62500      0.62500      0.00137      0.00203     -0.00137
FE      0.75000      0.50000      0.75000      0.00000      0.00000      0.00000
FE      0.87500      0.62500      0.87500     -0.00126      0.00383     -0.00126
FE      0.75000      0.75000      0.50000      0.00000     -0.00000      0.00000
FE      0.87500      0.87500      0.62500      0.00137     -0.00203     -0.00137
FE      0.75000      0.75000      0.75000      0.00000      0.00000      0.00000
FE      0.87500      0.87500      0.87500     -0.00126     -0.00383     -0.00126
