/* Converted from PWscf output file */ 
#L_UNITS ang 
#E_UNITS eV 
#S_UNITS GPA 
#F_UNITS EV/ANG 
#ALAT 	  11.20792     // a0 
#X 	   1.00000     0.00000     0.00083     // X 
#Y 	   0.00000     1.00000     0.00000     // Y 
#Z 	   0.00083     0.00000     1.00000     // Z 
#SX 	  -0.30319     0.00000    -0.22750     // SX 
#SY 	   0.00000    -0.30246     0.00000     // SY 
#SZ 	  -0.22750     0.00000    -0.30319     // SZ 
#EPA 	  -4.84440     // Energy per Atom 
#RCUT 	6.5        // Rcut 
FE      0.00000      0.00000      0.00000      0.00000      0.00000      0.00000
FE      0.12500      0.12500      0.12500      0.00102      0.00310      0.00102
FE      0.00000      0.00000      0.25000      0.00000      0.00000      0.00000
FE      0.12500      0.12500      0.37500     -0.00124      0.00166      0.00124
FE      0.00000      0.25000      0.00000      0.00000      0.00000      0.00000
FE      0.12500      0.37500      0.12500      0.00102     -0.00310      0.00102
FE      0.00000      0.25000      0.25000      0.00000      0.00000      0.00000
FE      0.12500      0.37500      0.37500     -0.00124     -0.00166      0.00124
FE      0.25000      0.00000      0.00000      0.00000     -0.00000      0.00000
FE      0.37500      0.12500      0.12500      0.00124      0.00166     -0.00124
FE      0.25000      0.00000      0.25000      0.00000      0.00000      0.00000
FE      0.37500      0.12500      0.37500     -0.00102      0.00310     -0.00102
FE      0.25000      0.25000      0.00000      0.00000      0.00000      0.00000
FE      0.37500      0.37500      0.12500      0.00124     -0.00166     -0.00124
FE      0.25000      0.25000      0.25000      0.00000      0.00000      0.00000
FE      0.37500      0.37500      0.37500     -0.00102     -0.00310     -0.00102
FE      0.00000      0.00000      0.50000      0.00000      0.00000      0.00000
FE      0.12500      0.12500      0.62500      0.00102      0.00310      0.00102
FE      0.00000      0.00000      0.75000      0.00000      0.00000      0.00000
FE      0.12500      0.12500      0.87500     -0.00124      0.00166      0.00124
FE      0.00000      0.25000      0.50000      0.00000      0.00000      0.00000
FE      0.12500      0.37500      0.62500      0.00102     -0.00310      0.00102
FE      0.00000      0.25000      0.75000      0.00000      0.00000      0.00000
FE      0.12500      0.37500      0.87500     -0.00124     -0.00166      0.00124
FE      0.25000      0.00000      0.50000      0.00000     -0.00000      0.00000
FE      0.37500      0.12500      0.62500      0.00124      0.00166     -0.00124
FE      0.25000      0.00000      0.75000      0.00000      0.00000      0.00000
FE      0.37500      0.12500      0.87500     -0.00102      0.00310     -0.00102
FE      0.25000      0.25000      0.50000      0.00000      0.00000      0.00000
FE      0.37500      0.37500      0.62500      0.00124     -0.00166     -0.00124
FE      0.25000      0.25000      0.75000      0.00000      0.00000      0.00000
FE      0.37500      0.37500      0.87500     -0.00102     -0.00310     -0.00102
FE      0.00000      0.50000      0.00000      0.00000      0.00000      0.00000
FE      0.12500      0.62500      0.12500      0.00102      0.00310      0.00102
FE      0.00000      0.50000      0.25000      0.00000      0.00000      0.00000
FE      0.12500      0.62500      0.37500     -0.00124      0.00166      0.00124
FE      0.00000      0.75000      0.00000      0.00000      0.00000      0.00000
FE      0.12500      0.87500      0.12500      0.00102     -0.00310      0.00102
FE      0.00000      0.75000      0.25000      0.00000      0.00000      0.00000
FE      0.12500      0.87500      0.37500     -0.00124     -0.00166      0.00124
FE      0.25000      0.50000      0.00000      0.00000     -0.00000      0.00000
FE      0.37500      0.62500      0.12500      0.00124      0.00166     -0.00124
FE      0.25000      0.50000      0.25000      0.00000      0.00000      0.00000
FE      0.37500      0.62500      0.37500     -0.00102      0.00310     -0.00102
FE      0.25000      0.75000      0.00000      0.00000      0.00000      0.00000
FE      0.37500      0.87500      0.12500      0.00124     -0.00166     -0.00124
FE      0.25000      0.75000      0.25000      0.00000      0.00000      0.00000
FE      0.37500      0.87500      0.37500     -0.00102     -0.00310     -0.00102
FE      0.00000      0.50000      0.50000      0.00000      0.00000      0.00000
FE      0.12500      0.62500      0.62500      0.00102      0.00310      0.00102
FE      0.00000      0.50000      0.75000      0.00000      0.00000      0.00000
FE      0.12500      0.62500      0.87500     -0.00124      0.00166      0.00124
FE      0.00000      0.75000      0.50000      0.00000      0.00000      0.00000
FE      0.12500      0.87500      0.62500      0.00102     -0.00310      0.00102
FE      0.00000      0.75000      0.75000      0.00000      0.00000      0.00000
FE      0.12500      0.87500      0.87500     -0.00124     -0.00166      0.00124
FE      0.25000      0.50000      0.50000      0.00000     -0.00000      0.00000
FE      0.37500      0.62500      0.62500      0.00124      0.00166     -0.00124
FE      0.25000      0.50000      0.75000      0.00000      0.00000      0.00000
FE      0.37500      0.62500      0.87500     -0.00102      0.00310     -0.00102
FE      0.25000      0.75000      0.50000      0.00000      0.00000      0.00000
FE      0.37500      0.87500      0.62500      0.00124     -0.00166     -0.00124
FE      0.25000      0.75000      0.75000      0.00000      0.00000      0.00000
FE      0.37500      0.87500      0.87500     -0.00102     -0.00310     -0.00102
FE      0.50000      0.00000      0.00000      0.00000      0.00000      0.00000
FE      0.62500      0.12500      0.12500      0.00102      0.00310      0.00102
FE      0.50000      0.00000      0.25000      0.00000      0.00000      0.00000
FE      0.62500      0.12500      0.37500     -0.00124      0.00166      0.00124
FE      0.50000      0.25000      0.00000      0.00000      0.00000      0.00000
FE      0.62500      0.37500      0.12500      0.00102     -0.00310      0.00102
FE      0.50000      0.25000      0.25000      0.00000      0.00000      0.00000
FE      0.62500      0.37500      0.37500     -0.00124     -0.00166      0.00124
FE      0.75000      0.00000      0.00000      0.00000     -0.00000      0.00000
FE      0.87500      0.12500      0.12500      0.00124      0.00166     -0.00124
FE      0.75000      0.00000      0.25000      0.00000      0.00000      0.00000
FE      0.87500      0.12500      0.37500     -0.00102      0.00310     -0.00102
FE      0.75000      0.25000      0.00000      0.00000      0.00000      0.00000
FE      0.87500      0.37500      0.12500      0.00124     -0.00166     -0.00124
FE      0.75000      0.25000      0.25000      0.00000      0.00000      0.00000
FE      0.87500      0.37500      0.37500     -0.00102     -0.00310     -0.00102
FE      0.50000      0.00000      0.50000      0.00000      0.00000      0.00000
FE      0.62500      0.12500      0.62500      0.00102      0.00310      0.00102
FE      0.50000      0.00000      0.75000      0.00000      0.00000      0.00000
FE      0.62500      0.12500      0.87500     -0.00124      0.00166      0.00124
FE      0.50000      0.25000      0.50000      0.00000      0.00000      0.00000
FE      0.62500      0.37500      0.62500      0.00102     -0.00310      0.00102
FE      0.50000      0.25000      0.75000      0.00000      0.00000      0.00000
FE      0.62500      0.37500      0.87500     -0.00124     -0.00166      0.00124
FE      0.75000      0.00000      0.50000      0.00000     -0.00000      0.00000
FE      0.87500      0.12500      0.62500      0.00124      0.00166     -0.00124
FE      0.75000      0.00000      0.75000      0.00000      0.00000      0.00000
FE      0.87500      0.12500      0.87500     -0.00102      0.00310     -0.00102
FE      0.75000      0.25000      0.50000      0.00000      0.00000      0.00000
FE      0.87500      0.37500      0.62500      0.00124     -0.00166     -0.00124
FE      0.75000      0.25000      0.75000      0.00000      0.00000      0.00000
FE      0.87500      0.37500      0.87500     -0.00102     -0.00310     -0.00102
FE      0.50000      0.50000      0.00000      0.00000      0.00000      0.00000
FE      0.62500      0.62500      0.12500      0.00102      0.00310      0.00102
FE      0.50000      0.50000      0.25000      0.00000      0.00000      0.00000
FE      0.62500      0.62500      0.37500     -0.00124      0.00166      0.00124
FE      0.50000      0.75000      0.00000      0.00000      0.00000      0.00000
FE      0.62500      0.87500      0.12500      0.00102     -0.00310      0.00102
FE      0.50000      0.75000      0.25000      0.00000      0.00000      0.00000
FE      0.62500      0.87500      0.37500     -0.00124     -0.00166      0.00124
FE      0.75000      0.50000      0.00000      0.00000     -0.00000      0.00000
FE      0.87500      0.62500      0.12500      0.00124      0.00166     -0.00124
FE      0.75000      0.50000      0.25000      0.00000      0.00000      0.00000
FE      0.87500      0.62500      0.37500     -0.00102      0.00310     -0.00102
FE      0.75000      0.75000      0.00000      0.00000      0.00000      0.00000
FE      0.87500      0.87500      0.12500      0.00124     -0.00166     -0.00124
FE      0.75000      0.75000      0.25000      0.00000      0.00000      0.00000
FE      0.87500      0.87500      0.37500     -0.00102     -0.00310     -0.00102
FE      0.50000      0.50000      0.50000      0.00000      0.00000      0.00000
FE      0.62500      0.62500      0.62500      0.00102      0.00310      0.00102
FE      0.50000      0.50000      0.75000      0.00000      0.00000      0.00000
FE      0.62500      0.62500      0.87500     -0.00124      0.00166      0.00124
FE      0.50000      0.75000      0.50000      0.00000      0.00000      0.00000
FE      0.62500      0.87500      0.62500      0.00102     -0.00310      0.00102
FE      0.50000      0.75000      0.75000      0.00000      0.00000      0.00000
FE      0.62500      0.87500      0.87500     -0.00124     -0.00166      0.00124
FE      0.75000      0.50000      0.50000      0.00000     -0.00000      0.00000
FE      0.87500      0.62500      0.62500      0.00124      0.00166     -0.00124
FE      0.75000      0.50000      0.75000      0.00000      0.00000      0.00000
FE      0.87500      0.62500      0.87500     -0.00102      0.00310     -0.00102
FE      0.75000      0.75000      0.50000      0.00000      0.00000      0.00000
FE      0.87500      0.87500      0.62500      0.00124     -0.00166     -0.00124
FE      0.75000      0.75000      0.75000      0.00000      0.00000      0.00000
FE      0.87500      0.87500      0.87500     -0.00102     -0.00310     -0.00102
