/* Converted from PWscf output file */ 
#L_UNITS ang 
#E_UNITS eV 
#S_UNITS GPA 
#F_UNITS EV/ANG 
#ALAT 	  11.25468     // a0 
#X 	   1.00000     0.00000     0.00000     // X 
#Y 	   0.00000     0.99585     0.00000     // Y 
#Z 	   0.00000     0.00000     0.99170     // Z 
#SX 	  -0.77337     0.00000     0.00000     // SX 
#SY 	   0.00000    -0.24894     0.00000     // SY 
#SZ 	   0.00000     0.00000     0.30523     // SZ 
#EPA 	  -4.84425     // Energy per Atom 
#RCUT 	6.5        // Rcut 
FE      0.00000      0.00000      0.00000      0.00000      0.00000      0.00000
FE      0.12500      0.12500      0.12500     -0.00211      0.00376      0.00148
FE      0.00000      0.00000      0.25000      0.00000      0.00000      0.00000
FE      0.12500      0.12500      0.37500     -0.00211      0.00376     -0.00148
FE      0.00000      0.25000      0.00000      0.00000      0.00000      0.00000
FE      0.12500      0.37500      0.12500     -0.00211     -0.00376      0.00148
FE      0.00000      0.25000      0.25000      0.00000      0.00000      0.00000
FE      0.12500      0.37500      0.37500     -0.00211     -0.00376     -0.00148
FE      0.25000      0.00000      0.00000      0.00000      0.00000      0.00000
FE      0.37500      0.12500      0.12500      0.00211      0.00376      0.00148
FE      0.25000      0.00000      0.25000      0.00000      0.00000      0.00000
FE      0.37500      0.12500      0.37500      0.00211      0.00376     -0.00148
FE      0.25000      0.25000      0.00000      0.00000      0.00000      0.00000
FE      0.37500      0.37500      0.12500      0.00211     -0.00376      0.00148
FE      0.25000      0.25000      0.25000      0.00000      0.00000      0.00000
FE      0.37500      0.37500      0.37500      0.00211     -0.00376     -0.00148
FE      0.00000      0.00000      0.50000      0.00000      0.00000      0.00000
FE      0.12500      0.12500      0.62500     -0.00211      0.00376      0.00148
FE      0.00000      0.00000      0.75000      0.00000      0.00000      0.00000
FE      0.12500      0.12500      0.87500     -0.00211      0.00376     -0.00148
FE      0.00000      0.25000      0.50000      0.00000      0.00000      0.00000
FE      0.12500      0.37500      0.62500     -0.00211     -0.00376      0.00148
FE      0.00000      0.25000      0.75000      0.00000      0.00000      0.00000
FE      0.12500      0.37500      0.87500     -0.00211     -0.00376     -0.00148
FE      0.25000      0.00000      0.50000      0.00000      0.00000      0.00000
FE      0.37500      0.12500      0.62500      0.00211      0.00376      0.00148
FE      0.25000      0.00000      0.75000      0.00000      0.00000      0.00000
FE      0.37500      0.12500      0.87500      0.00211      0.00376     -0.00148
FE      0.25000      0.25000      0.50000      0.00000      0.00000      0.00000
FE      0.37500      0.37500      0.62500      0.00211     -0.00376      0.00148
FE      0.25000      0.25000      0.75000      0.00000      0.00000      0.00000
FE      0.37500      0.37500      0.87500      0.00211     -0.00376     -0.00148
FE      0.00000      0.50000      0.00000      0.00000      0.00000      0.00000
FE      0.12500      0.62500      0.12500     -0.00211      0.00376      0.00148
FE      0.00000      0.50000      0.25000      0.00000      0.00000      0.00000
FE      0.12500      0.62500      0.37500     -0.00211      0.00376     -0.00148
FE      0.00000      0.75000      0.00000      0.00000      0.00000      0.00000
FE      0.12500      0.87500      0.12500     -0.00211     -0.00376      0.00148
FE      0.00000      0.75000      0.25000      0.00000      0.00000      0.00000
FE      0.12500      0.87500      0.37500     -0.00211     -0.00376     -0.00148
FE      0.25000      0.50000      0.00000      0.00000      0.00000      0.00000
FE      0.37500      0.62500      0.12500      0.00211      0.00376      0.00148
FE      0.25000      0.50000      0.25000      0.00000      0.00000      0.00000
FE      0.37500      0.62500      0.37500      0.00211      0.00376     -0.00148
FE      0.25000      0.75000      0.00000      0.00000      0.00000      0.00000
FE      0.37500      0.87500      0.12500      0.00211     -0.00376      0.00148
FE      0.25000      0.75000      0.25000      0.00000      0.00000      0.00000
FE      0.37500      0.87500      0.37500      0.00211     -0.00376     -0.00148
FE      0.00000      0.50000      0.50000      0.00000      0.00000      0.00000
FE      0.12500      0.62500      0.62500     -0.00211      0.00376      0.00148
FE      0.00000      0.50000      0.75000      0.00000      0.00000      0.00000
FE      0.12500      0.62500      0.87500     -0.00211      0.00376     -0.00148
FE      0.00000      0.75000      0.50000      0.00000      0.00000      0.00000
FE      0.12500      0.87500      0.62500     -0.00211     -0.00376      0.00148
FE      0.00000      0.75000      0.75000      0.00000      0.00000      0.00000
FE      0.12500      0.87500      0.87500     -0.00211     -0.00376     -0.00148
FE      0.25000      0.50000      0.50000      0.00000      0.00000      0.00000
FE      0.37500      0.62500      0.62500      0.00211      0.00376      0.00148
FE      0.25000      0.50000      0.75000      0.00000      0.00000      0.00000
FE      0.37500      0.62500      0.87500      0.00211      0.00376     -0.00148
FE      0.25000      0.75000      0.50000      0.00000      0.00000      0.00000
FE      0.37500      0.87500      0.62500      0.00211     -0.00376      0.00148
FE      0.25000      0.75000      0.75000      0.00000      0.00000      0.00000
FE      0.37500      0.87500      0.87500      0.00211     -0.00376     -0.00148
FE      0.50000      0.00000      0.00000      0.00000      0.00000      0.00000
FE      0.62500      0.12500      0.12500     -0.00211      0.00376      0.00148
FE      0.50000      0.00000      0.25000      0.00000      0.00000      0.00000
FE      0.62500      0.12500      0.37500     -0.00211      0.00376     -0.00148
FE      0.50000      0.25000      0.00000      0.00000      0.00000      0.00000
FE      0.62500      0.37500      0.12500     -0.00211     -0.00376      0.00148
FE      0.50000      0.25000      0.25000      0.00000      0.00000      0.00000
FE      0.62500      0.37500      0.37500     -0.00211     -0.00376     -0.00148
FE      0.75000      0.00000      0.00000      0.00000      0.00000      0.00000
FE      0.87500      0.12500      0.12500      0.00211      0.00376      0.00148
FE      0.75000      0.00000      0.25000      0.00000      0.00000      0.00000
FE      0.87500      0.12500      0.37500      0.00211      0.00376     -0.00148
FE      0.75000      0.25000      0.00000      0.00000      0.00000      0.00000
FE      0.87500      0.37500      0.12500      0.00211     -0.00376      0.00148
FE      0.75000      0.25000      0.25000      0.00000      0.00000      0.00000
FE      0.87500      0.37500      0.37500      0.00211     -0.00376     -0.00148
FE      0.50000      0.00000      0.50000      0.00000      0.00000      0.00000
FE      0.62500      0.12500      0.62500     -0.00211      0.00376      0.00148
FE      0.50000      0.00000      0.75000      0.00000      0.00000      0.00000
FE      0.62500      0.12500      0.87500     -0.00211      0.00376     -0.00148
FE      0.50000      0.25000      0.50000      0.00000      0.00000      0.00000
FE      0.62500      0.37500      0.62500     -0.00211     -0.00376      0.00148
FE      0.50000      0.25000      0.75000      0.00000      0.00000      0.00000
FE      0.62500      0.37500      0.87500     -0.00211     -0.00376     -0.00148
FE      0.75000      0.00000      0.50000      0.00000      0.00000      0.00000
FE      0.87500      0.12500      0.62500      0.00211      0.00376      0.00148
FE      0.75000      0.00000      0.75000      0.00000      0.00000      0.00000
FE      0.87500      0.12500      0.87500      0.00211      0.00376     -0.00148
FE      0.75000      0.25000      0.50000      0.00000      0.00000      0.00000
FE      0.87500      0.37500      0.62500      0.00211     -0.00376      0.00148
FE      0.75000      0.25000      0.75000      0.00000      0.00000      0.00000
FE      0.87500      0.37500      0.87500      0.00211     -0.00376     -0.00148
FE      0.50000      0.50000      0.00000      0.00000      0.00000      0.00000
FE      0.62500      0.62500      0.12500     -0.00211      0.00376      0.00148
FE      0.50000      0.50000      0.25000      0.00000      0.00000      0.00000
FE      0.62500      0.62500      0.37500     -0.00211      0.00376     -0.00148
FE      0.50000      0.75000      0.00000      0.00000      0.00000      0.00000
FE      0.62500      0.87500      0.12500     -0.00211     -0.00376      0.00148
FE      0.50000      0.75000      0.25000      0.00000      0.00000      0.00000
FE      0.62500      0.87500      0.37500     -0.00211     -0.00376     -0.00148
FE      0.75000      0.50000      0.00000      0.00000      0.00000      0.00000
FE      0.87500      0.62500      0.12500      0.00211      0.00376      0.00148
FE      0.75000      0.50000      0.25000      0.00000      0.00000      0.00000
FE      0.87500      0.62500      0.37500      0.00211      0.00376     -0.00148
FE      0.75000      0.75000      0.00000      0.00000      0.00000      0.00000
FE      0.87500      0.87500      0.12500      0.00211     -0.00376      0.00148
FE      0.75000      0.75000      0.25000      0.00000      0.00000      0.00000
FE      0.87500      0.87500      0.37500      0.00211     -0.00376     -0.00148
FE      0.50000      0.50000      0.50000      0.00000      0.00000      0.00000
FE      0.62500      0.62500      0.62500     -0.00211      0.00376      0.00148
FE      0.50000      0.50000      0.75000      0.00000      0.00000      0.00000
FE      0.62500      0.62500      0.87500     -0.00211      0.00376     -0.00148
FE      0.50000      0.75000      0.50000      0.00000      0.00000      0.00000
FE      0.62500      0.87500      0.62500     -0.00211     -0.00376      0.00148
FE      0.50000      0.75000      0.75000      0.00000      0.00000      0.00000
FE      0.62500      0.87500      0.87500     -0.00211     -0.00376     -0.00148
FE      0.75000      0.50000      0.50000      0.00000      0.00000      0.00000
FE      0.87500      0.62500      0.62500      0.00211      0.00376      0.00148
FE      0.75000      0.50000      0.75000      0.00000      0.00000      0.00000
FE      0.87500      0.62500      0.87500      0.00211      0.00376     -0.00148
FE      0.75000      0.75000      0.50000      0.00000      0.00000      0.00000
FE      0.87500      0.87500      0.62500      0.00211     -0.00376      0.00148
FE      0.75000      0.75000      0.75000      0.00000      0.00000      0.00000
FE      0.87500      0.87500      0.87500      0.00211     -0.00376     -0.00148
