/* Converted from PWscf output file */ 
#L_UNITS ang 
#E_UNITS eV 
#S_UNITS GPA 
#F_UNITS EV/ANG 
#ALAT 	   7.64082     // a0 
#X 	   1.00000     0.00000     0.00000     // X 
#Y 	   0.00000     1.00000     0.00000     // Y 
#Z 	   0.00000     0.00000     1.00000     // Z 
#SX 	  -3.02551     0.00000     0.00000     // SX 
#SY 	   0.00000    -3.02551     0.00000     // SY 
#SZ 	   0.00000     0.00000    -3.02551     // SZ 
#EPA 	  -6.71061     // Energy per Atom 
#RCUT 	6.5        // Rcut 
RU      0.00000      0.00000      0.00000      0.00000      0.00000      0.00000
RU      0.25000      0.25000      0.00000     -0.00004     -0.00004      0.00000
RU      0.25000      0.00000      0.25000     -0.00004      0.00000     -0.00004
RU      0.00000      0.25000      0.25000      0.00000     -0.00004     -0.00004
RU      0.00000      0.00000      0.50000      0.00000      0.00000      0.00000
RU      0.25000      0.25000      0.50000     -0.00003     -0.00003      0.00000
RU      0.25000      0.00000      0.75000     -0.00004     -0.00000      0.00004
RU      0.00000      0.25000      0.75000      0.00000     -0.00004      0.00004
RU      0.00000      0.50000      0.00000      0.00000      0.00000      0.00000
RU      0.25000      0.75000      0.00000     -0.00004      0.00004      0.00000
RU      0.25000      0.50000      0.25000     -0.00003      0.00000     -0.00003
RU      0.00000      0.75000      0.25000      0.00000      0.00004     -0.00004
RU      0.00000      0.50000      0.50000      0.00000      0.00000      0.00000
RU      0.25000      0.75000      0.50000     -0.00003      0.00003     -0.00000
RU      0.25000      0.50000      0.75000     -0.00003      0.00000      0.00003
RU      0.00000      0.75000      0.75000      0.00000      0.00004      0.00004
RU      0.50000      0.00000      0.00000      0.00000      0.00000      0.00000
RU      0.75000      0.25000      0.00000      0.00004     -0.00004      0.00000
RU      0.75000      0.00000      0.25000      0.00004      0.00000     -0.00004
RU      0.50000      0.25000      0.25000     -0.00000     -0.00003     -0.00003
RU      0.50000      0.00000      0.50000      0.00000      0.00000      0.00000
RU      0.75000      0.25000      0.50000      0.00003     -0.00003     -0.00000
RU      0.75000      0.00000      0.75000      0.00004      0.00000      0.00004
RU      0.50000      0.25000      0.75000      0.00000     -0.00003      0.00003
RU      0.50000      0.50000      0.00000      0.00000      0.00000      0.00000
RU      0.75000      0.75000      0.00000      0.00004      0.00004      0.00000
RU      0.75000      0.50000      0.25000      0.00003      0.00000     -0.00003
RU      0.50000      0.75000      0.25000     -0.00000      0.00003     -0.00003
RU      0.50000      0.50000      0.50000      0.00000      0.00000      0.00000
RU      0.75000      0.75000      0.50000      0.00003      0.00003      0.00000
RU      0.75000      0.50000      0.75000      0.00003      0.00000      0.00003
RU      0.50000      0.75000      0.75000     -0.00000      0.00003      0.00003
