/* Converted from PWscf output file */ 
#L_UNITS ang 
#E_UNITS eV 
#S_UNITS GPA 
#F_UNITS EV/ANG 
#ALAT 	   7.63321     // a0 
#X 	   1.00000     0.00000     0.00000     // X 
#Y 	   0.00000     1.00000     0.00000     // Y 
#Z 	   0.00000     0.00000     1.00000     // Z 
#SX 	  -2.14875     0.00000     0.00000     // SX 
#SY 	   0.00000    -2.14875     0.00000     // SY 
#SZ 	   0.00000     0.00000    -2.14875     // SZ 
#EPA 	  -6.71113     // Energy per Atom 
#RCUT 	6.5        // Rcut 
RU      0.00000      0.00000      0.00000      0.00000      0.00000      0.00000
RU      0.25000      0.25000      0.00000     -0.00007     -0.00007      0.00000
RU      0.25000      0.00000      0.25000     -0.00007      0.00000     -0.00007
RU      0.00000      0.25000      0.25000      0.00000     -0.00007     -0.00007
RU      0.00000      0.00000      0.50000      0.00000      0.00000      0.00000
RU      0.25000      0.25000      0.50000     -0.00001     -0.00001      0.00000
RU      0.25000      0.00000      0.75000     -0.00007      0.00000      0.00007
RU      0.00000      0.25000      0.75000     -0.00000     -0.00007      0.00007
RU      0.00000      0.50000      0.00000      0.00000      0.00000      0.00000
RU      0.25000      0.75000      0.00000     -0.00007      0.00007     -0.00000
RU      0.25000      0.50000      0.25000     -0.00001      0.00000     -0.00001
RU      0.00000      0.75000      0.25000      0.00000      0.00007     -0.00007
RU      0.00000      0.50000      0.50000      0.00000      0.00000      0.00000
RU      0.25000      0.75000      0.50000     -0.00001      0.00001     -0.00000
RU      0.25000      0.50000      0.75000     -0.00001      0.00000      0.00001
RU      0.00000      0.75000      0.75000      0.00000      0.00007      0.00007
RU      0.50000      0.00000      0.00000      0.00000      0.00000      0.00000
RU      0.75000      0.25000      0.00000      0.00007     -0.00007     -0.00000
RU      0.75000      0.00000      0.25000      0.00007      0.00000     -0.00007
RU      0.50000      0.25000      0.25000     -0.00000     -0.00001     -0.00001
RU      0.50000      0.00000      0.50000      0.00000      0.00000      0.00000
RU      0.75000      0.25000      0.50000      0.00001     -0.00001     -0.00000
RU      0.75000      0.00000      0.75000      0.00007      0.00000      0.00007
RU      0.50000      0.25000      0.75000      0.00000     -0.00001      0.00001
RU      0.50000      0.50000      0.00000      0.00000      0.00000      0.00000
RU      0.75000      0.75000      0.00000      0.00007      0.00007      0.00000
RU      0.75000      0.50000      0.25000      0.00001      0.00000     -0.00001
RU      0.50000      0.75000      0.25000      0.00000      0.00001     -0.00001
RU      0.50000      0.50000      0.50000      0.00000      0.00000      0.00000
RU      0.75000      0.75000      0.50000      0.00001      0.00001      0.00000
RU      0.75000      0.50000      0.75000      0.00001     -0.00000      0.00001
RU      0.50000      0.75000      0.75000     -0.00000      0.00001      0.00001
