\BOOKMARK [0][-]{chapter.1}{Introduction}{}% 1
\BOOKMARK [1][-]{section.1.1}{Motivation}{chapter.1}% 2
\BOOKMARK [2][-]{subsection.1.1.1}{Part 1: Activity Computer Program}{section.1.1}% 3
\BOOKMARK [2][-]{subsection.1.1.2}{Part 2: Iron-Palladium and Iron-Ruthenium Potential}{section.1.1}% 4
\BOOKMARK [1][-]{section.1.2}{Nuclear Power in the UK}{chapter.1}% 5
\BOOKMARK [2][-]{subsection.1.2.1}{Nuclear Fuel}{section.1.2}% 6
\BOOKMARK [2][-]{subsection.1.2.2}{Generation I Reactors}{section.1.2}% 7
\BOOKMARK [2][-]{subsection.1.2.3}{Generation II Reactors}{section.1.2}% 8
\BOOKMARK [2][-]{subsection.1.2.4}{Generation III Reactors}{section.1.2}% 9
\BOOKMARK [1][-]{section.1.3}{An Approaching Energy Gap for the UK}{chapter.1}% 10
\BOOKMARK [2][-]{subsection.1.3.1}{Why choose Nuclear Power?}{section.1.3}% 11
\BOOKMARK [2][-]{subsection.1.3.2}{Planned and Under Construction in the UK}{section.1.3}% 12
\BOOKMARK [2][-]{subsection.1.3.3}{Proposed Generation III+ Nuclear Power Plant Designs}{section.1.3}% 13
\BOOKMARK [2][-]{subsection.1.3.4}{Generation IV}{section.1.3}% 14
\BOOKMARK [1][-]{section.1.4}{Damage to Nuclear Core Components by Neutrons}{chapter.1}% 15
\BOOKMARK [1][-]{section.1.5}{Radiation Damage: Replacing Neutrons with Protons}{chapter.1}% 16
\BOOKMARK [1][-]{section.1.6}{Simulation Material Damage}{chapter.1}% 17
\BOOKMARK [2][-]{subsection.1.6.1}{Molecular Dynamics}{section.1.6}% 18
\BOOKMARK [2][-]{subsection.1.6.2}{Density Functional Theory}{section.1.6}% 19
\BOOKMARK [2][-]{subsection.1.6.3}{Interatomic Potentials for Molecular Dynamics}{section.1.6}% 20
\BOOKMARK [0][-]{chapter.2}{Consequences of Ionizing Radiation}{}% 21
\BOOKMARK [1][-]{section.2.1}{Radiation Types Relevant to This Work}{chapter.2}% 22
\BOOKMARK [2][-]{subsection.2.1.1}{Introduction}{section.2.1}% 23
\BOOKMARK [2][-]{subsection.2.1.2}{Protons and other Ions}{section.2.1}% 24
\BOOKMARK [2][-]{subsection.2.1.3}{Neutrons}{section.2.1}% 25
\BOOKMARK [2][-]{subsection.2.1.4}{High Energy Photons}{section.2.1}% 26
\BOOKMARK [1][-]{section.2.2}{Microscopic and Macroscopic Cross Sections}{chapter.2}% 27
\BOOKMARK [1][-]{section.2.3}{Quantifying Radiation and its Effects}{chapter.2}% 28
\BOOKMARK [1][-]{section.2.4}{Effects of Radiation on Organics}{chapter.2}% 29
\BOOKMARK [2][-]{subsection.2.4.1}{Reference Levels of Radiation}{section.2.4}% 30
\BOOKMARK [2][-]{subsection.2.4.2}{Levels of Radioactivity from Neutron Irradiated Components}{section.2.4}% 31
\BOOKMARK [1][-]{section.2.5}{Damage Cascades in Metals}{chapter.2}% 32
\BOOKMARK [0][-]{chapter.3}{Austenitic Steels in Nuclear Power}{}% 33
\BOOKMARK [1][-]{section.3.1}{Stainless Steel}{chapter.3}% 34
\BOOKMARK [2][-]{subsection.3.1.1}{Introduction}{section.3.1}% 35
\BOOKMARK [2][-]{subsection.3.1.2}{Grades of Stainless Steel}{section.3.1}% 36
\BOOKMARK [1][-]{section.3.2}{Use In Reactors}{chapter.3}% 37
\BOOKMARK [2][-]{subsection.3.2.1}{The Use of Austenintic Steels in Reactors}{section.3.2}% 38
\BOOKMARK [2][-]{subsection.3.2.2}{Atom Damage Cascades}{section.3.2}% 39
\BOOKMARK [2][-]{subsection.3.2.3}{Damage Rates}{section.3.2}% 40
\BOOKMARK [2][-]{subsection.3.2.4}{Swelling}{section.3.2}% 41
\BOOKMARK [2][-]{subsection.3.2.5}{Radiation Induced Segregation}{section.3.2}% 42
\BOOKMARK [1][-]{section.3.3}{Corrosion Resistance}{chapter.3}% 43
\BOOKMARK [2][-]{subsection.3.3.1}{Passive Film Protection of Chromium}{section.3.3}% 44
\BOOKMARK [2][-]{subsection.3.3.2}{sensitization and Passive Film Removal}{section.3.3}% 45
\BOOKMARK [2][-]{subsection.3.3.3}{Addition of Molybdenum}{section.3.3}% 46
\BOOKMARK [1][-]{section.3.4}{IASCC}{chapter.3}% 47
\BOOKMARK [1][-]{section.3.5}{IGSCC}{chapter.3}% 48
\BOOKMARK [2][-]{subsection.3.5.1}{IGSCC in Light Water Reactors}{section.3.5}% 49
\BOOKMARK [2][-]{subsection.3.5.2}{IGSCC and Advanced Gas-cooled Reactors}{section.3.5}% 50
\BOOKMARK [1][-]{section.3.6}{SS in Gen III+ and Gen IV}{chapter.3}% 51
\BOOKMARK [1][-]{section.3.7}{Addition of PGMs}{chapter.3}% 52
\BOOKMARK [0][-]{chapter.4}{Isotope Activation and Radioactive Decay}{}% 53
\BOOKMARK [1][-]{section.4.1}{Ion Sources}{chapter.4}% 54
\BOOKMARK [2][-]{subsection.4.1.1}{linac}{section.4.1}% 55
\BOOKMARK [2][-]{subsection.4.1.2}{Cyclotron}{section.4.1}% 56
\BOOKMARK [2][-]{subsection.4.1.3}{Synchrotron}{section.4.1}% 57
\BOOKMARK [1][-]{section.4.2}{Neutron Sources}{chapter.4}% 58
\BOOKMARK [2][-]{subsection.4.2.1}{High-Flux Neutron Reactors}{section.4.2}% 59
\BOOKMARK [2][-]{subsection.4.2.2}{Spallation}{section.4.2}% 60
\BOOKMARK [1][-]{section.4.3}{Source Review}{chapter.4}% 61
\BOOKMARK [1][-]{section.4.4}{Emulating Neutron Damage}{chapter.4}% 62
\BOOKMARK [2][-]{subsection.4.4.1}{Ion Irradiation at the University of Birmingham}{section.4.4}% 63
\BOOKMARK [2][-]{subsection.4.4.2}{Transmutation of Nuclei by Neutrons and Protons}{section.4.4}% 64
\BOOKMARK [2][-]{subsection.4.4.3}{Nuclear Reaction Cross Sections}{section.4.4}% 65
\BOOKMARK [2][-]{subsection.4.4.4}{Radioactive Decay}{section.4.4}% 66
\BOOKMARK [2][-]{subsection.4.4.5}{Saturation Activity}{section.4.4}% 67
\BOOKMARK [2][-]{subsection.4.4.6}{Decay Constants: jeff 3.3 Data File}{section.4.4}% 68
\BOOKMARK [2][-]{subsection.4.4.7}{Bateman Equation for Radioactive Decay}{section.4.4}% 69
\BOOKMARK [1][-]{section.4.5}{Using SRIM and TRIM}{chapter.4}% 70
\BOOKMARK [0][-]{chapter.5}{Interatomic Potential Fitting}{}% 71
\BOOKMARK [1][-]{section.5.1}{Experiment, Modelling and Theory}{chapter.5}% 72
\BOOKMARK [2][-]{subsection.5.1.1}{Introduction}{section.5.1}% 73
\BOOKMARK [2][-]{subsection.5.1.2}{Simulating Materials on a Variety of Scales in Time and Space}{section.5.1}% 74
\BOOKMARK [1][-]{section.5.2}{Properties of Crystals}{chapter.5}% 75
\BOOKMARK [2][-]{subsection.5.2.1}{Introduction}{section.5.2}% 76
\BOOKMARK [2][-]{subsection.5.2.2}{Equation of State}{section.5.2}% 77
\BOOKMARK [2][-]{subsection.5.2.3}{Voigt Notation}{section.5.2}% 78
\BOOKMARK [2][-]{subsection.5.2.4}{Elastic Constants}{section.5.2}% 79
\BOOKMARK [2][-]{subsection.5.2.5}{Calculating Elastic Constants for a Cubic Crystal}{section.5.2}% 80
\BOOKMARK [2][-]{subsection.5.2.6}{Calculating Elastic Constants for Orthorhombic Crystal}{section.5.2}% 81
\BOOKMARK [2][-]{subsection.5.2.7}{Stability Conditions}{section.5.2}% 82
\BOOKMARK [2][-]{subsection.5.2.8}{Computing Values from Elastic Constants}{section.5.2}% 83
\BOOKMARK [2][-]{subsection.5.2.9}{Correlation of Melting Temperature in Metals with Elastic Constants}{section.5.2}% 84
\BOOKMARK [1][-]{section.5.3}{Choice of Function}{chapter.5}% 85
\BOOKMARK [2][-]{subsection.5.3.1}{Introduction}{section.5.3}% 86
\BOOKMARK [2][-]{subsection.5.3.2}{Pair Potentials}{section.5.3}% 87
\BOOKMARK [2][-]{subsection.5.3.3}{Many Body Potentials}{section.5.3}% 88
\BOOKMARK [2][-]{subsection.5.3.4}{Function Types used by EAM and Two-Band EAM}{section.5.3}% 89
\BOOKMARK [1][-]{section.5.4}{EAM Potential Fitting}{chapter.5}% 90
\BOOKMARK [2][-]{subsection.5.4.1}{Sacrificing Physical Elegance}{section.5.4}% 91
\BOOKMARK [2][-]{subsection.5.4.2}{Exact Fitting to Parameters}{section.5.4}% 92
\BOOKMARK [2][-]{subsection.5.4.3}{Force Matching}{section.5.4}% 93
\BOOKMARK [2][-]{subsection.5.4.4}{Pair and Embedding Symmetry Transforms}{section.5.4}% 94
\BOOKMARK [1][-]{section.5.5}{Classical Molecular Dynamics}{chapter.5}% 95
\BOOKMARK [2][-]{subsection.5.5.1}{Introduction}{section.5.5}% 96
\BOOKMARK [2][-]{subsection.5.5.2}{Molecular Dynamics Codes}{section.5.5}% 97
\BOOKMARK [2][-]{subsection.5.5.3}{Calculating Energy, Force and Stress}{section.5.5}% 98
\BOOKMARK [2][-]{subsection.5.5.4}{Velocity Verlet Algorithm}{section.5.5}% 99
\BOOKMARK [2][-]{subsection.5.5.5}{Selecting a Time Scale}{section.5.5}% 100
\BOOKMARK [1][-]{section.5.6}{Existing Potential Fitting Programs}{chapter.5}% 101
\BOOKMARK [1][-]{section.5.7}{Density Functional Theory}{chapter.5}% 102
\BOOKMARK [2][-]{subsection.5.7.1}{Motivation For Using dft In This Work}{section.5.7}% 103
\BOOKMARK [2][-]{subsection.5.7.2}{Brief Overview of DFT}{section.5.7}% 104
\BOOKMARK [2][-]{subsection.5.7.3}{tise}{section.5.7}% 105
\BOOKMARK [2][-]{subsection.5.7.4}{Many Body tise}{section.5.7}% 106
\BOOKMARK [2][-]{subsection.5.7.5}{Born-Oppenheimer}{section.5.7}% 107
\BOOKMARK [2][-]{subsection.5.7.6}{Crystals, Reciprocal Space and Bloch Theorem}{section.5.7}% 108
\BOOKMARK [2][-]{subsection.5.7.7}{hk Theorem}{section.5.7}% 109
\BOOKMARK [2][-]{subsection.5.7.8}{Kohn-Sham Equations}{section.5.7}% 110
\BOOKMARK [2][-]{subsection.5.7.9}{Self-Consistent Solution}{section.5.7}% 111
\BOOKMARK [2][-]{subsection.5.7.10}{Exchange-Correlation Energy}{section.5.7}% 112
\BOOKMARK [2][-]{subsection.5.7.11}{Pseudopotentials}{section.5.7}% 113
\BOOKMARK [2][-]{subsection.5.7.12}{Ecut, K-Point Integration and Smearing}{section.5.7}% 114
\BOOKMARK [2][-]{subsection.5.7.13}{Brief History of Magnetism}{section.5.7}% 115
\BOOKMARK [2][-]{subsection.5.7.14}{Magnetism: Moving Charges and Spin}{section.5.7}% 116
\BOOKMARK [2][-]{subsection.5.7.15}{Ferromagnetism, Antiferromagnetism and Hund's Rule}{section.5.7}% 117
\BOOKMARK [2][-]{subsection.5.7.16}{Collinear and Non-Collinear DFT Calculations}{section.5.7}% 118
\BOOKMARK [0][-]{chapter.6}{Activity Code}{}% 119
\BOOKMARK [1][-]{section.6.1}{Introduction}{chapter.6}% 120
\BOOKMARK [1][-]{section.6.2}{Activation by Ion Irradiation}{chapter.6}% 121
\BOOKMARK [2][-]{subsection.6.2.1}{Laplace Transform}{section.6.2}% 122
\BOOKMARK [2][-]{subsection.6.2.2}{Constructing the Differential Equations}{section.6.2}% 123
\BOOKMARK [2][-]{subsection.6.2.3}{Numerical Inversion of the Laplace Transform}{section.6.2}% 124
\BOOKMARK [2][-]{subsection.6.2.4}{Analytic Solution by Partial Fraction Expansion}{section.6.2}% 125
\BOOKMARK [2][-]{subsection.6.2.5}{Preference: Analytic over Numeric}{section.6.2}% 126
\BOOKMARK [1][-]{section.6.3}{Computational Methods}{chapter.6}% 127
\BOOKMARK [2][-]{subsection.6.3.1}{Activity V1}{section.6.3}% 128
\BOOKMARK [2][-]{subsection.6.3.2}{Activity V2}{section.6.3}% 129
\BOOKMARK [2][-]{subsection.6.3.3}{Ion Trajectory Data}{section.6.3}% 130
\BOOKMARK [2][-]{subsection.6.3.4}{Activity Code Assumptions}{section.6.3}% 131
\BOOKMARK [2][-]{subsection.6.3.5}{Foil Activation by Neutron Irradiation}{section.6.3}% 132
\BOOKMARK [1][-]{section.6.4}{Cyclotron Irradiated Iron}{chapter.6}% 133
\BOOKMARK [2][-]{subsection.6.4.1}{Cyclotron Beam Line}{section.6.4}% 134
\BOOKMARK [2][-]{subsection.6.4.2}{Measurement of Sample Activity}{section.6.4}% 135
\BOOKMARK [2][-]{subsection.6.4.3}{Prediction of Activity}{section.6.4}% 136
\BOOKMARK [1][-]{section.6.5}{Extended Bateman Equations}{chapter.6}% 137
\BOOKMARK [1][-]{section.6.6}{Experimental Irradiation - Iron}{chapter.6}% 138
\BOOKMARK [2][-]{subsection.6.6.1}{Predicted Depth of Beam}{section.6.6}% 139
\BOOKMARK [2][-]{subsection.6.6.2}{Creation of Cobalt-55}{section.6.6}% 140
\BOOKMARK [2][-]{subsection.6.6.3}{Irradiation Parameters and Resulting Gamma Count}{section.6.6}% 141
\BOOKMARK [1][-]{section.6.7}{Simulating with SRIM - Iron}{chapter.6}% 142
\BOOKMARK [1][-]{section.6.8}{Estimation of Cobalt-55 Radioactivity}{chapter.6}% 143
\BOOKMARK [1][-]{section.6.9}{Actvity V1}{chapter.6}% 144
\BOOKMARK [2][-]{subsection.6.9.1}{Computer Code}{section.6.9}% 145
\BOOKMARK [1][-]{section.6.10}{Activity V2}{chapter.6}% 146
\BOOKMARK [2][-]{subsection.6.10.1}{Computer Code Development}{section.6.10}% 147
\BOOKMARK [2][-]{subsection.6.10.2}{Talys Generated Proton Cross Section Database}{section.6.10}% 148
\BOOKMARK [2][-]{subsection.6.10.3}{Simulated Proton Irradiated Iron}{section.6.10}% 149
\BOOKMARK [2][-]{subsection.6.10.4}{Comparing Experimental Results with Calculated Values}{section.6.10}% 150
\BOOKMARK [1][-]{section.6.11}{100DPA Predicted Activity}{chapter.6}% 151
\BOOKMARK [1][-]{section.6.12}{Proton Irradiated Molybdenum}{chapter.6}% 152
\BOOKMARK [2][-]{subsection.6.12.1}{Experimental Irradiation - Molybdenum}{section.6.12}% 153
\BOOKMARK [2][-]{subsection.6.12.2}{Estimating the Activity of Proton Irradiated Molybdenum}{section.6.12}% 154
\BOOKMARK [2][-]{subsection.6.12.3}{Simulated Proton Irradiated Molybdenum}{section.6.12}% 155
\BOOKMARK [1][-]{section.6.13}{Proton Irradiated Molybdenum Doped Steel}{chapter.6}% 156
\BOOKMARK [0][-]{chapter.7}{Potential Fitting}{}% 157
\BOOKMARK [1][-]{section.7.1}{Interatomic Potential Fitting}{chapter.7}% 158
\BOOKMARK [1][-]{section.7.2}{Experimental \046 DFT Bulk Property Data}{chapter.7}% 159
\BOOKMARK [1][-]{section.7.3}{DFT Calculations}{chapter.7}% 160
\BOOKMARK [2][-]{subsection.7.3.1}{Quantum Espresso}{section.7.3}% 161
\BOOKMARK [2][-]{subsection.7.3.2}{Pseudopotential Selection}{section.7.3}% 162
\BOOKMARK [2][-]{subsection.7.3.3}{Smearing Type}{section.7.3}% 163
\BOOKMARK [1][-]{section.7.4}{Parameter Convergence}{chapter.7}% 164
\BOOKMARK [2][-]{subsection.7.4.1}{Ecutwfc and Ecutrho}{section.7.4}% 165
\BOOKMARK [2][-]{subsection.7.4.2}{K-Points and Smearing Value}{section.7.4}% 166
\BOOKMARK [2][-]{subsection.7.4.3}{Automating Convergence}{section.7.4}% 167
\BOOKMARK [1][-]{section.7.5}{Bulk Property Calculations}{chapter.7}% 168
\BOOKMARK [2][-]{subsection.7.5.1}{QEEOS Python Program}{section.7.5}% 169
\BOOKMARK [2][-]{subsection.7.5.2}{DFT Calculations}{section.7.5}% 170
\BOOKMARK [1][-]{section.7.6}{DFT Reference Database}{chapter.7}% 171
\BOOKMARK [2][-]{subsection.7.6.1}{Bulk Property Calculations}{section.7.6}% 172
\BOOKMARK [2][-]{subsection.7.6.2}{Isolated Atom Settings}{section.7.6}% 173
\BOOKMARK [2][-]{subsection.7.6.3}{Pure Element Defects}{section.7.6}% 174
\BOOKMARK [2][-]{subsection.7.6.4}{Alloy Atom Positions for Pd and Ru}{section.7.6}% 175
\BOOKMARK [2][-]{subsection.7.6.5}{Configurations with Randomised Positions}{section.7.6}% 176
\BOOKMARK [2][-]{subsection.7.6.6}{Surface Energy Calculations}{section.7.6}% 177
\BOOKMARK [2][-]{subsection.7.6.7}{Defects in Fe-Pd and Fe-Ru Alloys}{section.7.6}% 178
\BOOKMARK [1][-]{section.7.7}{Issues to Overcome}{chapter.7}% 179
\BOOKMARK [2][-]{subsection.7.7.1}{Insufficient Memory}{section.7.7}% 180
\BOOKMARK [2][-]{subsection.7.7.2}{Scratch Restrictions}{section.7.7}% 181
\BOOKMARK [2][-]{subsection.7.7.3}{Caching Repeat Calculations}{section.7.7}% 182
\BOOKMARK [2][-]{subsection.7.7.4}{Not Straying Too Far From Reality}{section.7.7}% 183
\BOOKMARK [2][-]{subsection.7.7.5}{Adjustment of DFT Parameters}{section.7.7}% 184
\BOOKMARK [2][-]{subsection.7.7.6}{Trial Parameters for Iron with and Octahedral Defect}{section.7.7}% 185
\BOOKMARK [1][-]{section.7.8}{EAMPA}{chapter.7}% 186
\BOOKMARK [1][-]{section.7.9}{Potential Transferability}{chapter.7}% 187
\BOOKMARK [1][-]{section.7.10}{Fitting Potentials with EAMPA}{chapter.7}% 188
\BOOKMARK [2][-]{subsection.7.10.1}{Choice of Function and Functional}{section.7.10}% 189
\BOOKMARK [2][-]{subsection.7.10.2}{Searching Parameter Space}{section.7.10}% 190
\BOOKMARK [1][-]{section.7.11}{DL\137POLY Contribution}{chapter.7}% 191
\BOOKMARK [0][-]{chapter.8}{DFT Reference DB}{}% 192
\BOOKMARK [1][-]{section.8.1}{Introduction}{chapter.8}% 193
\BOOKMARK [1][-]{section.8.2}{QECONVERGE Python Code}{chapter.8}% 194
\BOOKMARK [2][-]{subsection.8.2.1}{Purpose of Code}{section.8.2}% 195
\BOOKMARK [2][-]{subsection.8.2.2}{Source Code and Instructions}{section.8.2}% 196
\BOOKMARK [1][-]{section.8.3}{DFT Parameter Convergence}{chapter.8}% 197
\BOOKMARK [2][-]{subsection.8.3.1}{Pseudopotential}{section.8.3}% 198
\BOOKMARK [2][-]{subsection.8.3.2}{Collinear Spin Calculations}{section.8.3}% 199
\BOOKMARK [2][-]{subsection.8.3.3}{Convergence Results}{section.8.3}% 200
\BOOKMARK [1][-]{section.8.4}{Preliminary Calculations}{chapter.8}% 201
\BOOKMARK [2][-]{subsection.8.4.1}{Relaxed Crystal Calculations}{section.8.4}% 202
\BOOKMARK [2][-]{subsection.8.4.2}{Relaxed FCC Iron}{section.8.4}% 203
\BOOKMARK [1][-]{section.8.5}{QEEOS Python Code}{chapter.8}% 204
\BOOKMARK [2][-]{subsection.8.5.1}{Purpose of Code}{section.8.5}% 205
\BOOKMARK [2][-]{subsection.8.5.2}{Source Code and Instructions}{section.8.5}% 206
\BOOKMARK [1][-]{section.8.6}{Calculated Elastic Properties}{chapter.8}% 207
\BOOKMARK [2][-]{subsection.8.6.1}{FCC Aluminium}{section.8.6}% 208
\BOOKMARK [2][-]{subsection.8.6.2}{BCC Iron}{section.8.6}% 209
\BOOKMARK [2][-]{subsection.8.6.3}{FCC Iron}{section.8.6}% 210
\BOOKMARK [2][-]{subsection.8.6.4}{FCC Palladium}{section.8.6}% 211
\BOOKMARK [2][-]{subsection.8.6.5}{FCC Ruthenium}{section.8.6}% 212
\BOOKMARK [1][-]{section.8.7}{DFT Configuration Database}{chapter.8}% 213
\BOOKMARK [2][-]{subsection.8.7.1}{Calibrating the Cohesive Energies}{section.8.7}% 214
\BOOKMARK [2][-]{subsection.8.7.2}{Complete DFT Reference Database}{section.8.7}% 215
\BOOKMARK [0][-]{chapter.9}{Potential Fitting}{}% 216
\BOOKMARK [1][-]{section.9.1}{EAMPA Python Code}{chapter.9}% 217
\BOOKMARK [2][-]{subsection.9.1.1}{Introduction}{section.9.1}% 218
\BOOKMARK [2][-]{subsection.9.1.2}{Potentials}{section.9.1}% 219
\BOOKMARK [2][-]{subsection.9.1.3}{Calculations}{section.9.1}% 220
\BOOKMARK [2][-]{subsection.9.1.4}{Analytic Potential Fitting}{section.9.1}% 221
\BOOKMARK [2][-]{subsection.9.1.5}{Overview of the Potential Fitting Process}{section.9.1}% 222
\BOOKMARK [2][-]{subsection.9.1.6}{Simulated Annealing}{section.9.1}% 223
\BOOKMARK [2][-]{subsection.9.1.7}{Genetic Algorithm}{section.9.1}% 224
\BOOKMARK [2][-]{subsection.9.1.8}{Newton Gauss Optimisation}{section.9.1}% 225
\BOOKMARK [2][-]{subsection.9.1.9}{Levenberg-Marquardt Optimisation}{section.9.1}% 226
\BOOKMARK [2][-]{subsection.9.1.10}{Python SciPy Optimization Functions}{section.9.1}% 227
\BOOKMARK [2][-]{subsection.9.1.11}{Minimising Runtime}{section.9.1}% 228
\BOOKMARK [2][-]{subsection.9.1.12}{Interpolation for Non Analytic Potentials}{section.9.1}% 229
\BOOKMARK [2][-]{subsection.9.1.13}{Effective Gauge Transforms}{section.9.1}% 230
\BOOKMARK [1][-]{section.9.2}{Iron-Palladium Potential}{chapter.9}% 231
\BOOKMARK [2][-]{subsection.9.2.1}{Reference Database}{section.9.2}% 232
\BOOKMARK [2][-]{subsection.9.2.2}{Potential}{section.9.2}% 233
\BOOKMARK [0][-]{chapter.10}{Conclusions}{}% 234
\BOOKMARK [1][-]{section.10.1}{Inter Granular Stress Corrosion Cracking}{chapter.10}% 235
\BOOKMARK [1][-]{section.10.2}{Predicting Ion Induced Radioactivity}{chapter.10}% 236
\BOOKMARK [2][-]{subsection.10.2.1}{Modified Equation}{section.10.2}% 237
\BOOKMARK [2][-]{subsection.10.2.2}{Activity Code}{section.10.2}% 238
\BOOKMARK [2][-]{subsection.10.2.3}{Iron Irradiation}{section.10.2}% 239
\BOOKMARK [2][-]{subsection.10.2.4}{Molybdenum Irradiation}{section.10.2}% 240
\BOOKMARK [2][-]{subsection.10.2.5}{Beam Flux Reduction and Gamma Attenuation}{section.10.2}% 241
\BOOKMARK [2][-]{subsection.10.2.6}{More Experimental Data Required}{section.10.2}% 242
\BOOKMARK [2][-]{subsection.10.2.7}{100DPA Activity Predictions}{section.10.2}% 243
\BOOKMARK [2][-]{subsection.10.2.8}{Original Contribution}{section.10.2}% 244
\BOOKMARK [1][-]{section.10.3}{Iron-Palladium Potential}{chapter.10}% 245
\BOOKMARK [2][-]{subsection.10.3.1}{Restricting the Potential to Iron-Palladium}{section.10.3}% 246
\BOOKMARK [2][-]{subsection.10.3.2}{Collinear Spin dft}{section.10.3}% 247
\BOOKMARK [2][-]{subsection.10.3.3}{Bulk Properties of Orthorhombic fcc Iron}{section.10.3}% 248
\BOOKMARK [2][-]{subsection.10.3.4}{Palladium-Iron Configurations as Fitting Data}{section.10.3}% 249
\BOOKMARK [2][-]{subsection.10.3.5}{Iron-Palladium Potential}{section.10.3}% 250
\BOOKMARK [2][-]{subsection.10.3.6}{Original Contribution}{section.10.3}% 251
\BOOKMARK [1][-]{section.10.4}{Two-Band EAM Contribution to DL-Poly}{chapter.10}% 252
\BOOKMARK [0][-]{chapter.11}{Future Work}{}% 253
\BOOKMARK [1][-]{section.11.1}{Activity Code}{chapter.11}% 254
\BOOKMARK [2][-]{subsection.11.1.1}{Experimental Activity Readings for Ion Irradiated Targets}{section.11.1}% 255
\BOOKMARK [2][-]{subsection.11.1.2}{Code Improvements}{section.11.1}% 256
\BOOKMARK [1][-]{section.11.2}{Potential Fitting and MD Simulations}{chapter.11}% 257
\BOOKMARK [2][-]{subsection.11.2.1}{Larger Supercells}{section.11.2}% 258
\BOOKMARK [2][-]{subsection.11.2.2}{Properties of Fe-Pd Alloy}{section.11.2}% 259
\BOOKMARK [2][-]{subsection.11.2.3}{Improved Fitting: Surface Energy, Cohesive Energy and Defects}{section.11.2}% 260
\BOOKMARK [2][-]{subsection.11.2.4}{Improved Potential: Non-Isotropic Structure}{section.11.2}% 261
\BOOKMARK [2][-]{subsection.11.2.5}{Improved Potential: Fe-Ni-Cr-Pd}{section.11.2}% 262
\BOOKMARK [0][-]{chapter.12}{Acknowledgements}{}% 263
\BOOKMARK [0][-]{section*.240}{Appendices}{}% 264
\BOOKMARK [0][-]{appendix.a.A}{Useful Laplace Transforms}{}% 265
\BOOKMARK [1][-]{section.a.A.1}{Table of Transforms}{appendix.a.A}% 266
\BOOKMARK [1][-]{section.a.A.2}{Decay with a Source Term}{appendix.a.A}% 267
\BOOKMARK [0][-]{appendix.a.B}{Activity Equation in Python: decay class}{}% 268
\BOOKMARK [1][-]{section.a.B.1}{Full Source Code}{appendix.a.B}% 269
\BOOKMARK [1][-]{section.a.B.2}{Highlighted Code}{appendix.a.B}% 270
\BOOKMARK [1][-]{section.a.B.3}{Activity Equation Testing}{appendix.a.B}% 271
\BOOKMARK [2][-]{subsection.a.B.3.1}{Numeric Fortran Code}{section.a.B.3}% 272
\BOOKMARK [2][-]{subsection.a.B.3.2}{Chromium-49}{section.a.B.3}% 273
\BOOKMARK [2][-]{subsection.a.B.3.3}{Nickel-66}{section.a.B.3}% 274
\BOOKMARK [2][-]{subsection.a.B.3.4}{Caesium-125}{section.a.B.3}% 275
\BOOKMARK [2][-]{subsection.a.B.3.5}{Bismuth-213}{section.a.B.3}% 276
\BOOKMARK [2][-]{subsection.a.B.3.6}{Polonium-216}{section.a.B.3}% 277
\BOOKMARK [2][-]{subsection.a.B.3.7}{Radon-218}{section.a.B.3}% 278
\BOOKMARK [0][-]{appendix.a.C}{Activity Code}{}% 279
\BOOKMARK [1][-]{section.a.C.1}{Activity V1}{appendix.a.C}% 280
\BOOKMARK [2][-]{subsection.a.C.1.1}{Paper published in Computer Physics Communications}{section.a.C.1}% 281
\BOOKMARK [2][-]{subsection.a.C.1.2}{Accompanying Manual}{section.a.C.1}% 282
\BOOKMARK [1][-]{section.a.C.2}{Activity V2}{appendix.a.C}% 283
\BOOKMARK [2][-]{subsection.a.C.2.1}{Accompanying Manual}{section.a.C.2}% 284
\BOOKMARK [0][-]{appendix.a.D}{Activity V1 Full Results}{}% 285
\BOOKMARK [1][-]{section.a.D.1}{36MeV Proton Irradiated Iron}{appendix.a.D}% 286
\BOOKMARK [0][-]{appendix.a.E}{Activity V2 Full Results}{}% 287
\BOOKMARK [1][-]{section.a.E.1}{36MeV Proton Irradiated Iron}{appendix.a.E}% 288
\BOOKMARK [2][-]{subsection.a.E.1.1}{Calculation Settings}{section.a.E.1}% 289
\BOOKMARK [2][-]{subsection.a.E.1.2}{Results File}{section.a.E.1}% 290
\BOOKMARK [2][-]{subsection.a.E.1.3}{Activity Tallied by Residual Isotope}{section.a.E.1}% 291
\BOOKMARK [2][-]{subsection.a.E.1.4}{Gamma Output Tallied by Residual Isotope}{section.a.E.1}% 292
\BOOKMARK [2][-]{subsection.a.E.1.5}{Activity Tallied by Target Isotope}{section.a.E.1}% 293
\BOOKMARK [2][-]{subsection.a.E.1.6}{Gamma Output Tallied by Target Isotope}{section.a.E.1}% 294
\BOOKMARK [1][-]{section.a.E.2}{13MeV Proton Irradiated Molybdenum}{appendix.a.E}% 295
\BOOKMARK [2][-]{subsection.a.E.2.1}{Calculation Settings}{section.a.E.2}% 296
\BOOKMARK [2][-]{subsection.a.E.2.2}{Results}{section.a.E.2}% 297
\BOOKMARK [2][-]{subsection.a.E.2.3}{Total Decay Rates Over Time}{section.a.E.2}% 298
\BOOKMARK [2][-]{subsection.a.E.2.4}{Residual Activity Tallied by Target Isotope}{section.a.E.2}% 299
\BOOKMARK [2][-]{subsection.a.E.2.5}{Residual Activity Tallied by Residual Isotope}{section.a.E.2}% 300
\BOOKMARK [2][-]{subsection.a.E.2.6}{Residual Gamma Energy Tallied by Residual Isotope}{section.a.E.2}% 301
\BOOKMARK [2][-]{subsection.a.E.2.7}{Gamma Lines}{section.a.E.2}% 302
\BOOKMARK [1][-]{section.a.E.3}{13MeV Proton Irradiated Molybdenum}{appendix.a.E}% 303
\BOOKMARK [2][-]{subsection.a.E.3.1}{Calculation Settings}{section.a.E.3}% 304
\BOOKMARK [0][-]{appendix.a.F}{Iron Activity: Irradiated to 100DPA}{}% 305
\BOOKMARK [1][-]{section.a.F.1}{Activity vs Beam Energy}{appendix.a.F}% 306
\BOOKMARK [2][-]{subsection.a.F.1.1}{5MeV Proton Beam - 60 microamp 100DPA}{section.a.F.1}% 307
\BOOKMARK [2][-]{subsection.a.F.1.2}{10MeV Proton Beam - 60 microamp 100DPA}{section.a.F.1}% 308
\BOOKMARK [2][-]{subsection.a.F.1.3}{15MeV Proton Beam - 60 microamp 100DPA}{section.a.F.1}% 309
\BOOKMARK [2][-]{subsection.a.F.1.4}{20MeV Proton Beam - 60 microamp 100DPA}{section.a.F.1}% 310
\BOOKMARK [2][-]{subsection.a.F.1.5}{25MeV Proton Beam - 60 microamp 100DPA}{section.a.F.1}% 311
\BOOKMARK [2][-]{subsection.a.F.1.6}{30MeV Proton Beam - 60 microamp 100DPA}{section.a.F.1}% 312
\BOOKMARK [0][-]{appendix.a.G}{SRIM Results}{}% 313
\BOOKMARK [1][-]{subsection.a.G.0.1}{Ion paths through an iron sample}{appendix.a.G}% 314
\BOOKMARK [0][-]{appendix.a.H}{Crystal Structures}{}% 315
\BOOKMARK [1][-]{section.a.H.1}{Common Cubic Structures}{appendix.a.H}% 316
\BOOKMARK [2][-]{subsection.a.H.1.1}{Simple Cubic}{section.a.H.1}% 317
\BOOKMARK [2][-]{subsection.a.H.1.2}{Body Centered Cubic}{section.a.H.1}% 318
\BOOKMARK [2][-]{subsection.a.H.1.3}{Face Centered Cubic}{section.a.H.1}% 319
\BOOKMARK [2][-]{subsection.a.H.1.4}{Zincblende}{section.a.H.1}% 320
\BOOKMARK [1][-]{section.a.H.2}{FCC Defects}{appendix.a.H}% 321
\BOOKMARK [2][-]{subsection.a.H.2.1}{Dumbbell <100>}{section.a.H.2}% 322
\BOOKMARK [2][-]{subsection.a.H.2.2}{Dumbbell <110>}{section.a.H.2}% 323
\BOOKMARK [2][-]{subsection.a.H.2.3}{Dumbbell <111>}{section.a.H.2}% 324
\BOOKMARK [2][-]{subsection.a.H.2.4}{Crowdion}{section.a.H.2}% 325
\BOOKMARK [2][-]{subsection.a.H.2.5}{Octahedral Interstitial}{section.a.H.2}% 326
\BOOKMARK [2][-]{subsection.a.H.2.6}{Tetrahedral Interstitial}{section.a.H.2}% 327
\BOOKMARK [0][-]{appendix.a.I}{Elastic Constants}{}% 328
\BOOKMARK [1][-]{section.a.I.1}{Elastic Constant Matrices}{appendix.a.I}% 329
\BOOKMARK [1][-]{section.a.I.2}{Sets of Strains Applied to Calculate Elastic Constants}{appendix.a.I}% 330
\BOOKMARK [2][-]{subsection.a.I.2.1}{Cubic Crystals - Mehl, Singh, Klein and Papaconstantopoulos 1993}{section.a.I.2}% 331
\BOOKMARK [2][-]{subsection.a.I.2.2}{Orthorhombic Crystals - Ravindran, Fast, Korzhavyi and Johansson}{section.a.I.2}% 332
\BOOKMARK [2][-]{subsection.a.I.2.3}{Cubic Crystals - Connetable and Thomas 2009}{section.a.I.2}% 333
\BOOKMARK [2][-]{subsection.a.I.2.4}{Orthorhombic Crystals - Connetable and Thomas 2009}{section.a.I.2}% 334
\BOOKMARK [0][-]{appendix.a.J}{PBE Functional}{}% 335
\BOOKMARK [0][-]{appendix.a.K}{DFT Convergence Plots}{}% 336
\BOOKMARK [0][-]{appendix.a.L}{QEEOS}{}% 337
\BOOKMARK [0][-]{appendix.a.M}{DFT Calculated Properties}{}% 338
\BOOKMARK [1][-]{section.a.M.1}{QEEOS}{appendix.a.M}% 339
\BOOKMARK [1][-]{section.a.M.2}{FCC Aluminium}{appendix.a.M}% 340
\BOOKMARK [2][-]{subsection.a.M.2.1}{DFT Settings for PWscf}{section.a.M.2}% 341
\BOOKMARK [2][-]{subsection.a.M.2.2}{Resulting Plots}{section.a.M.2}% 342
\BOOKMARK [2][-]{subsection.a.M.2.3}{Aluminium FCC Results File}{section.a.M.2}% 343
\BOOKMARK [2][-]{subsection.a.M.2.4}{Known and Calculated Values}{section.a.M.2}% 344
\BOOKMARK [1][-]{section.a.M.3}{BCC Iron [No Magnetism]}{appendix.a.M}% 345
\BOOKMARK [2][-]{subsection.a.M.3.1}{Major DFT Settings}{section.a.M.3}% 346
\BOOKMARK [2][-]{subsection.a.M.3.2}{Equation of State and Elastic Constants}{section.a.M.3}% 347
\BOOKMARK [2][-]{subsection.a.M.3.3}{Iron BCC Results File}{section.a.M.3}% 348
\BOOKMARK [1][-]{section.a.M.4}{BCC Iron [Ferromagnetic]}{appendix.a.M}% 349
\BOOKMARK [2][-]{subsection.a.M.4.1}{Major DFT Settings}{section.a.M.4}% 350
\BOOKMARK [2][-]{subsection.a.M.4.2}{Equation of State and Elastic Constants}{section.a.M.4}% 351
\BOOKMARK [2][-]{subsection.a.M.4.3}{Iron Ferromagnetic BCC Results File}{section.a.M.4}% 352
\BOOKMARK [2][-]{subsection.a.M.4.4}{Known and Calculated Results}{section.a.M.4}% 353
\BOOKMARK [1][-]{section.a.M.5}{FCC Iron [Antiferromagnetic]}{appendix.a.M}% 354
\BOOKMARK [2][-]{subsection.a.M.5.1}{Major DFT Settings}{section.a.M.5}% 355
\BOOKMARK [2][-]{subsection.a.M.5.2}{Equation of State and Elastic Constants}{section.a.M.5}% 356
\BOOKMARK [2][-]{subsection.a.M.5.3}{Iron FCC Results File}{section.a.M.5}% 357
\BOOKMARK [1][-]{section.a.M.6}{FCC Palladium}{appendix.a.M}% 358
\BOOKMARK [2][-]{subsection.a.M.6.1}{Major DFT Settings}{section.a.M.6}% 359
\BOOKMARK [2][-]{subsection.a.M.6.2}{Equation of State and Elastic Constants}{section.a.M.6}% 360
\BOOKMARK [2][-]{subsection.a.M.6.3}{Palladium FCC Results File}{section.a.M.6}% 361
\BOOKMARK [2][-]{subsection.a.M.6.4}{Known and Calculated Values}{section.a.M.6}% 362
\BOOKMARK [1][-]{section.a.M.7}{FCC Ruthenium}{appendix.a.M}% 363
\BOOKMARK [2][-]{subsection.a.M.7.1}{Major DFT Settings}{section.a.M.7}% 364
\BOOKMARK [2][-]{subsection.a.M.7.2}{Equation of State and Elastic Constants}{section.a.M.7}% 365
\BOOKMARK [2][-]{subsection.a.M.7.3}{Ruthenium FCC Results File}{section.a.M.7}% 366
\BOOKMARK [2][-]{subsection.a.M.7.4}{Calculated Results}{section.a.M.7}% 367
\BOOKMARK [0][-]{appendix.a.N}{Transferability of Interatomic Potentials}{}% 368
\BOOKMARK [1][-]{section.a.N.1}{Sheng Aluminium Potential}{appendix.a.N}% 369
\BOOKMARK [2][-]{subsection.a.N.1.1}{FCC Structure}{section.a.N.1}% 370
\BOOKMARK [2][-]{subsection.a.N.1.2}{BCC Structure}{section.a.N.1}% 371
\BOOKMARK [1][-]{section.a.N.2}{Mendelev et al 2003 Iron Potential}{appendix.a.N}% 372
\BOOKMARK [2][-]{subsection.a.N.2.1}{BCC Structure}{section.a.N.2}% 373
\BOOKMARK [2][-]{subsection.a.N.2.2}{FCC Structure}{section.a.N.2}% 374
\BOOKMARK [1][-]{section.a.N.3}{Ackland et al 1997 Iron Potential}{appendix.a.N}% 375
\BOOKMARK [2][-]{subsection.a.N.3.1}{BCC Structure}{section.a.N.3}% 376
\BOOKMARK [2][-]{subsection.a.N.3.2}{FCC Structure}{section.a.N.3}% 377
\BOOKMARK [0][-]{appendix.a.O}{Optimization}{}% 378
\BOOKMARK [1][-]{section.a.O.1}{Optimization}{appendix.a.O}% 379
\BOOKMARK [2][-]{subsection.a.O.1.1}{Introduction}{section.a.O.1}% 380
\BOOKMARK [2][-]{subsection.a.O.1.2}{Continuous and Discrete Optimization}{section.a.O.1}% 381
\BOOKMARK [2][-]{subsection.a.O.1.3}{Constrained and Unconstrained Optimization}{section.a.O.1}% 382
\BOOKMARK [2][-]{subsection.a.O.1.4}{Global and Local Optimization}{section.a.O.1}% 383
\BOOKMARK [2][-]{subsection.a.O.1.5}{Global Optimization Algorithms}{section.a.O.1}% 384
\BOOKMARK [2][-]{subsection.a.O.1.6}{Local Optimization Algorithms}{section.a.O.1}% 385
\BOOKMARK [0][-]{appendix.a.P}{EAMPA Code}{}% 386
\BOOKMARK [1][-]{section.a.P.1}{Energy, Force, and Stress Subroutine}{appendix.a.P}% 387
\BOOKMARK [1][-]{section.a.P.2}{Bulk Properties: Add Configuration Subroutine}{appendix.a.P}% 388
\BOOKMARK [1][-]{section.a.P.3}{Main fitting class}{appendix.a.P}% 389
\BOOKMARK [1][-]{section.a.P.4}{Cubic Splines}{appendix.a.P}% 390
\BOOKMARK [1][-]{section.a.P.5}{Spline Subroutine for the Cubic Knot Spline}{appendix.a.P}% 391
\BOOKMARK [1][-]{section.a.P.6}{ZBL with Cubic Knot Spline}{appendix.a.P}% 392
\BOOKMARK [1][-]{section.a.P.7}{Simulated Annealing}{appendix.a.P}% 393
\BOOKMARK [1][-]{section.a.P.8}{Genetic Algorithm}{appendix.a.P}% 394
\BOOKMARK [1][-]{section.a.P.9}{Gradient Descent}{appendix.a.P}% 395
\BOOKMARK [1][-]{section.a.P.10}{Interpolation}{appendix.a.P}% 396
\BOOKMARK [1][-]{section.a.P.11}{Interpolation \(Gradient\)}{appendix.a.P}% 397
\BOOKMARK [0][-]{appendix.a.Q}{Potential Functions}{}% 398
\BOOKMARK [1][-]{section.a.Q.1}{Introduction}{appendix.a.Q}% 399
\BOOKMARK [1][-]{section.a.Q.2}{Functions}{appendix.a.Q}% 400
\BOOKMARK [2][-]{subsection.a.Q.2.1}{Ackland-Mendelev Pair}{section.a.Q.2}% 401
\BOOKMARK [2][-]{subsection.a.Q.2.2}{Buckingham}{section.a.Q.2}% 402
\BOOKMARK [2][-]{subsection.a.Q.2.3}{Cubic Knot Spline}{section.a.Q.2}% 403
\BOOKMARK [2][-]{subsection.a.Q.2.4}{Cubic Knot Spline Fixed End}{section.a.Q.2}% 404
\BOOKMARK [2][-]{subsection.a.Q.2.5}{Cubic Knot Spline Fixed End Pair}{section.a.Q.2}% 405
\BOOKMARK [2][-]{subsection.a.Q.2.6}{Cubic Splines}{section.a.Q.2}% 406
\BOOKMARK [2][-]{subsection.a.Q.2.7}{Cubic Spline Plus ZBL}{section.a.Q.2}% 407
\BOOKMARK [2][-]{subsection.a.Q.2.8}{Embedding A - Finnis Sinclair}{section.a.Q.2}% 408
\BOOKMARK [2][-]{subsection.a.Q.2.9}{Embedding B - Mendelev}{section.a.Q.2}% 409
\BOOKMARK [2][-]{subsection.a.Q.2.10}{Embedding C}{section.a.Q.2}% 410
\BOOKMARK [2][-]{subsection.a.Q.2.11}{Embedding D - Ackland-Mendelev}{section.a.Q.2}% 411
\BOOKMARK [2][-]{subsection.a.Q.2.12}{Embedding E}{section.a.Q.2}% 412
\BOOKMARK [2][-]{subsection.a.Q.2.13}{Embedding F}{section.a.Q.2}% 413
\BOOKMARK [2][-]{subsection.a.Q.2.14}{Embedding G}{section.a.Q.2}% 414
\BOOKMARK [2][-]{subsection.a.Q.2.15}{Lennard-Jones}{section.a.Q.2}% 415
\BOOKMARK [2][-]{subsection.a.Q.2.16}{Morse}{section.a.Q.2}% 416
\BOOKMARK [2][-]{subsection.a.Q.2.17}{Slater 4S \(Squared\)}{section.a.Q.2}% 417
\BOOKMARK [2][-]{subsection.a.Q.2.18}{ZBL}{section.a.Q.2}% 418
\BOOKMARK [2][-]{subsection.a.Q.2.19}{Zero}{section.a.Q.2}% 419
\BOOKMARK [0][-]{appendix.a.R}{Contribution to the DLPOLY Source Code}{}% 420
\BOOKMARK [1][-]{section.a.R.1}{Contribution to DLPOLY 4.04}{appendix.a.R}% 421
\BOOKMARK [0][-]{appendix.a.S}{Fe-Pd Potential}{}% 422
\BOOKMARK [1][-]{section.a.S.1}{Tabulated Potential}{appendix.a.S}% 423
\BOOKMARK [1][-]{section.a.S.2}{Bulk Properties}{appendix.a.S}% 424
\BOOKMARK [2][-]{subsection.a.S.2.1}{Iron FCC}{section.a.S.2}% 425
\BOOKMARK [2][-]{subsection.a.S.2.2}{Palladium FCC}{section.a.S.2}% 426
\BOOKMARK [2][-]{subsection.a.S.2.3}{Iron BCC}{section.a.S.2}% 427
\BOOKMARK [1][-]{section.a.S.3}{Energy-Force-Stress Matching}{appendix.a.S}% 428
\BOOKMARK [2][-]{subsection.a.S.3.1}{Comparing DFT energies to Potential Energies}{section.a.S.3}% 429
\BOOKMARK [2][-]{subsection.a.S.3.2}{Surface Energy}{section.a.S.3}% 430
\BOOKMARK [1][-]{section.a.S.4}{Potential Function Plots}{appendix.a.S}% 431
\BOOKMARK [0][-]{appendix.a.T}{Fe-Pd Potential}{}% 432
\BOOKMARK [1][-]{section.a.T.1}{Tabulated Potential}{appendix.a.T}% 433
\BOOKMARK [1][-]{section.a.T.2}{Bulk Properties}{appendix.a.T}% 434
\BOOKMARK [2][-]{subsection.a.T.2.1}{Iron FCC}{section.a.T.2}% 435
