/* Converted from PWscf output file */ 
#L_UNITS ang 
#E_UNITS eV 
#S_UNITS GPA 
#F_UNITS EV/ANG 
#ALAT 	   7.61800     // a0 
#X 	   1.00000     0.00000     0.00000     // X 
#Y 	   0.00000     1.00000     0.00000     // Y 
#Z 	   0.00000     0.00000     1.00000     // Z 
#SX 	  -0.07058     0.00000     0.00000     // SX 
#SY 	   0.00000    -0.07058     0.00000     // SY 
#SZ 	   0.00000     0.00000    -0.07058     // SZ 
#EPA 	  -6.71799     // Energy per Atom 
#RCUT 	6.5        // Rcut 
RU      0.00000      0.00000      0.00000      0.00000      0.00000      0.00000
RU      0.25000      0.25000      0.00000      0.00000      0.00000     -0.00000
RU      0.25000      0.00000      0.25000      0.00000      0.00000      0.00000
RU      0.00000      0.25000      0.25000      0.00000      0.00000      0.00000
RU      0.00000      0.00000      0.50000      0.00000      0.00000      0.00000
RU      0.25000      0.25000      0.50000      0.00010      0.00010      0.00000
RU      0.25000      0.00000      0.75000      0.00000      0.00000     -0.00000
RU      0.00000      0.25000      0.75000     -0.00000      0.00000     -0.00000
RU      0.00000      0.50000      0.00000      0.00000      0.00000      0.00000
RU      0.25000      0.75000      0.00000      0.00000     -0.00000      0.00000
RU      0.25000      0.50000      0.25000      0.00010     -0.00000      0.00010
RU      0.00000      0.75000      0.25000     -0.00000     -0.00000      0.00000
RU      0.00000      0.50000      0.50000      0.00000      0.00000      0.00000
RU      0.25000      0.75000      0.50000      0.00010     -0.00010      0.00000
RU      0.25000      0.50000      0.75000      0.00010     -0.00000     -0.00010
RU      0.00000      0.75000      0.75000      0.00000     -0.00000     -0.00000
RU      0.50000      0.00000      0.00000      0.00000      0.00000      0.00000
RU      0.75000      0.25000      0.00000     -0.00000      0.00000      0.00000
RU      0.75000      0.00000      0.25000     -0.00000      0.00000      0.00000
RU      0.50000      0.25000      0.25000     -0.00000      0.00010      0.00010
RU      0.50000      0.00000      0.50000      0.00000      0.00000      0.00000
RU      0.75000      0.25000      0.50000     -0.00010      0.00010      0.00000
RU      0.75000      0.00000      0.75000     -0.00000      0.00000     -0.00000
RU      0.50000      0.25000      0.75000      0.00000      0.00010     -0.00010
RU      0.50000      0.50000      0.00000      0.00000      0.00000      0.00000
RU      0.75000      0.75000      0.00000     -0.00000     -0.00000     -0.00000
RU      0.75000      0.50000      0.25000     -0.00010      0.00000      0.00010
RU      0.50000      0.75000      0.25000     -0.00000     -0.00010      0.00010
RU      0.50000      0.50000      0.50000      0.00000      0.00000      0.00000
RU      0.75000      0.75000      0.50000     -0.00010     -0.00010      0.00000
RU      0.75000      0.50000      0.75000     -0.00010      0.00000     -0.00010
RU      0.50000      0.75000      0.75000      0.00000     -0.00010     -0.00010
