/* Converted from PWscf output file */ 
#L_UNITS ang 
#E_UNITS eV 
#S_UNITS GPA 
#F_UNITS EV/ANG 
#ALAT 	   7.65837     // a0 
#X 	   1.00000     0.00000     0.00000     // X 
#Y 	   0.00000     1.00000     0.00000     // Y 
#Z 	   0.00000     0.00000     1.00000     // Z 
#SX 	  -4.64575     0.00000     0.00000     // SX 
#SY 	   0.00000    -4.64575     0.00000     // SY 
#SZ 	   0.00000     0.00000    -4.64575     // SZ 
#EPA 	  -6.71457     // Energy per Atom 
#RCUT 	6.5        // Rcut 
RU      0.00000      0.00000      0.00000      0.00000      0.00000      0.00000
RU      0.25000      0.25000      0.00000     -0.00023     -0.00023      0.00000
RU      0.25000      0.00000      0.25000     -0.00023      0.00000     -0.00023
RU      0.00000      0.25000      0.25000      0.00000     -0.00023     -0.00023
RU      0.00000      0.00000      0.50000      0.00000      0.00000      0.00000
RU      0.25000      0.25000      0.50000     -0.00030     -0.00030      0.00000
RU      0.25000      0.00000      0.75000     -0.00023     -0.00000      0.00023
RU      0.00000      0.25000      0.75000      0.00000     -0.00023      0.00023
RU      0.00000      0.50000      0.00000      0.00000      0.00000      0.00000
RU      0.25000      0.75000      0.00000     -0.00023      0.00023     -0.00000
RU      0.25000      0.50000      0.25000     -0.00030     -0.00000     -0.00030
RU      0.00000      0.75000      0.25000      0.00000      0.00023     -0.00023
RU      0.00000      0.50000      0.50000      0.00000      0.00000      0.00000
RU      0.25000      0.75000      0.50000     -0.00030      0.00030      0.00000
RU      0.25000      0.50000      0.75000     -0.00030     -0.00000      0.00030
RU      0.00000      0.75000      0.75000      0.00000      0.00023      0.00023
RU      0.50000      0.00000      0.00000      0.00000      0.00000      0.00000
RU      0.75000      0.25000      0.00000      0.00023     -0.00023     -0.00000
RU      0.75000      0.00000      0.25000      0.00023     -0.00000     -0.00023
RU      0.50000      0.25000      0.25000     -0.00000     -0.00030     -0.00030
RU      0.50000      0.00000      0.50000      0.00000      0.00000      0.00000
RU      0.75000      0.25000      0.50000      0.00030     -0.00030     -0.00000
RU      0.75000      0.00000      0.75000      0.00023      0.00000      0.00023
RU      0.50000      0.25000      0.75000     -0.00000     -0.00030      0.00030
RU      0.50000      0.50000      0.00000      0.00000      0.00000      0.00000
RU      0.75000      0.75000      0.00000      0.00023      0.00023      0.00000
RU      0.75000      0.50000      0.25000      0.00030      0.00000     -0.00030
RU      0.50000      0.75000      0.25000      0.00000      0.00030     -0.00030
RU      0.50000      0.50000      0.50000      0.00000      0.00000      0.00000
RU      0.75000      0.75000      0.50000      0.00030      0.00030     -0.00000
RU      0.75000      0.50000      0.75000      0.00030      0.00000      0.00030
RU      0.50000      0.75000      0.75000     -0.00000      0.00030      0.00030
