/* Converted from PWscf output file */ 
#L_UNITS ang 
#E_UNITS eV 
#S_UNITS GPA 
#F_UNITS EV/ANG 
#ALAT 	  11.24532     // a0 
#X 	   1.00000     0.00000     0.00000     // X 
#Y 	   0.00000     0.99668     0.00000     // Y 
#Z 	   0.00000     0.00000     0.99336     // Z 
#SX 	  -0.70978     0.00000     0.00000     // SX 
#SY 	   0.00000    -0.28861     0.00000     // SY 
#SZ 	   0.00000     0.00000     0.15298     // SZ 
#EPA 	  -4.84430     // Energy per Atom 
#RCUT 	6.5        // Rcut 
FE      0.00000      0.00000      0.00000      0.00000      0.00000      0.00000
FE      0.12500      0.12500      0.12500     -0.00224      0.00428      0.00115
FE      0.00000      0.00000      0.25000      0.00000      0.00000      0.00000
FE      0.12500      0.12500      0.37500     -0.00224      0.00428     -0.00115
FE      0.00000      0.25000      0.00000      0.00000      0.00000      0.00000
FE      0.12500      0.37500      0.12500     -0.00224     -0.00428      0.00115
FE      0.00000      0.25000      0.25000      0.00000      0.00000      0.00000
FE      0.12500      0.37500      0.37500     -0.00224     -0.00428     -0.00115
FE      0.25000      0.00000      0.00000      0.00000      0.00000      0.00000
FE      0.37500      0.12500      0.12500      0.00224      0.00428      0.00115
FE      0.25000      0.00000      0.25000      0.00000      0.00000      0.00000
FE      0.37500      0.12500      0.37500      0.00224      0.00428     -0.00115
FE      0.25000      0.25000      0.00000      0.00000      0.00000      0.00000
FE      0.37500      0.37500      0.12500      0.00224     -0.00428      0.00115
FE      0.25000      0.25000      0.25000      0.00000      0.00000      0.00000
FE      0.37500      0.37500      0.37500      0.00224     -0.00428     -0.00115
FE      0.00000      0.00000      0.50000      0.00000      0.00000      0.00000
FE      0.12500      0.12500      0.62500     -0.00224      0.00428      0.00115
FE      0.00000      0.00000      0.75000      0.00000      0.00000      0.00000
FE      0.12500      0.12500      0.87500     -0.00224      0.00428     -0.00115
FE      0.00000      0.25000      0.50000      0.00000      0.00000      0.00000
FE      0.12500      0.37500      0.62500     -0.00224     -0.00428      0.00115
FE      0.00000      0.25000      0.75000      0.00000      0.00000      0.00000
FE      0.12500      0.37500      0.87500     -0.00224     -0.00428     -0.00115
FE      0.25000      0.00000      0.50000      0.00000      0.00000      0.00000
FE      0.37500      0.12500      0.62500      0.00224      0.00428      0.00115
FE      0.25000      0.00000      0.75000      0.00000      0.00000      0.00000
FE      0.37500      0.12500      0.87500      0.00224      0.00428     -0.00115
FE      0.25000      0.25000      0.50000      0.00000      0.00000      0.00000
FE      0.37500      0.37500      0.62500      0.00224     -0.00428      0.00115
FE      0.25000      0.25000      0.75000      0.00000      0.00000      0.00000
FE      0.37500      0.37500      0.87500      0.00224     -0.00428     -0.00115
FE      0.00000      0.50000      0.00000      0.00000      0.00000      0.00000
FE      0.12500      0.62500      0.12500     -0.00224      0.00428      0.00115
FE      0.00000      0.50000      0.25000      0.00000      0.00000      0.00000
FE      0.12500      0.62500      0.37500     -0.00224      0.00428     -0.00115
FE      0.00000      0.75000      0.00000      0.00000      0.00000      0.00000
FE      0.12500      0.87500      0.12500     -0.00224     -0.00428      0.00115
FE      0.00000      0.75000      0.25000      0.00000      0.00000      0.00000
FE      0.12500      0.87500      0.37500     -0.00224     -0.00428     -0.00115
FE      0.25000      0.50000      0.00000      0.00000      0.00000      0.00000
FE      0.37500      0.62500      0.12500      0.00224      0.00428      0.00115
FE      0.25000      0.50000      0.25000      0.00000      0.00000      0.00000
FE      0.37500      0.62500      0.37500      0.00224      0.00428     -0.00115
FE      0.25000      0.75000      0.00000      0.00000      0.00000      0.00000
FE      0.37500      0.87500      0.12500      0.00224     -0.00428      0.00115
FE      0.25000      0.75000      0.25000      0.00000      0.00000      0.00000
FE      0.37500      0.87500      0.37500      0.00224     -0.00428     -0.00115
FE      0.00000      0.50000      0.50000      0.00000      0.00000      0.00000
FE      0.12500      0.62500      0.62500     -0.00224      0.00428      0.00115
FE      0.00000      0.50000      0.75000      0.00000      0.00000      0.00000
FE      0.12500      0.62500      0.87500     -0.00224      0.00428     -0.00115
FE      0.00000      0.75000      0.50000      0.00000      0.00000      0.00000
FE      0.12500      0.87500      0.62500     -0.00224     -0.00428      0.00115
FE      0.00000      0.75000      0.75000      0.00000      0.00000      0.00000
FE      0.12500      0.87500      0.87500     -0.00224     -0.00428     -0.00115
FE      0.25000      0.50000      0.50000      0.00000      0.00000      0.00000
FE      0.37500      0.62500      0.62500      0.00224      0.00428      0.00115
FE      0.25000      0.50000      0.75000      0.00000      0.00000      0.00000
FE      0.37500      0.62500      0.87500      0.00224      0.00428     -0.00115
FE      0.25000      0.75000      0.50000      0.00000      0.00000      0.00000
FE      0.37500      0.87500      0.62500      0.00224     -0.00428      0.00115
FE      0.25000      0.75000      0.75000      0.00000      0.00000      0.00000
FE      0.37500      0.87500      0.87500      0.00224     -0.00428     -0.00115
FE      0.50000      0.00000      0.00000      0.00000      0.00000      0.00000
FE      0.62500      0.12500      0.12500     -0.00224      0.00428      0.00115
FE      0.50000      0.00000      0.25000      0.00000      0.00000      0.00000
FE      0.62500      0.12500      0.37500     -0.00224      0.00428     -0.00115
FE      0.50000      0.25000      0.00000      0.00000      0.00000      0.00000
FE      0.62500      0.37500      0.12500     -0.00224     -0.00428      0.00115
FE      0.50000      0.25000      0.25000      0.00000      0.00000      0.00000
FE      0.62500      0.37500      0.37500     -0.00224     -0.00428     -0.00115
FE      0.75000      0.00000      0.00000      0.00000      0.00000      0.00000
FE      0.87500      0.12500      0.12500      0.00224      0.00428      0.00115
FE      0.75000      0.00000      0.25000      0.00000      0.00000      0.00000
FE      0.87500      0.12500      0.37500      0.00224      0.00428     -0.00115
FE      0.75000      0.25000      0.00000      0.00000      0.00000      0.00000
FE      0.87500      0.37500      0.12500      0.00224     -0.00428      0.00115
FE      0.75000      0.25000      0.25000      0.00000      0.00000      0.00000
FE      0.87500      0.37500      0.37500      0.00224     -0.00428     -0.00115
FE      0.50000      0.00000      0.50000      0.00000      0.00000      0.00000
FE      0.62500      0.12500      0.62500     -0.00224      0.00428      0.00115
FE      0.50000      0.00000      0.75000      0.00000      0.00000      0.00000
FE      0.62500      0.12500      0.87500     -0.00224      0.00428     -0.00115
FE      0.50000      0.25000      0.50000      0.00000      0.00000      0.00000
FE      0.62500      0.37500      0.62500     -0.00224     -0.00428      0.00115
FE      0.50000      0.25000      0.75000      0.00000      0.00000      0.00000
FE      0.62500      0.37500      0.87500     -0.00224     -0.00428     -0.00115
FE      0.75000      0.00000      0.50000      0.00000      0.00000      0.00000
FE      0.87500      0.12500      0.62500      0.00224      0.00428      0.00115
FE      0.75000      0.00000      0.75000      0.00000      0.00000      0.00000
FE      0.87500      0.12500      0.87500      0.00224      0.00428     -0.00115
FE      0.75000      0.25000      0.50000      0.00000      0.00000      0.00000
FE      0.87500      0.37500      0.62500      0.00224     -0.00428      0.00115
FE      0.75000      0.25000      0.75000      0.00000      0.00000      0.00000
FE      0.87500      0.37500      0.87500      0.00224     -0.00428     -0.00115
FE      0.50000      0.50000      0.00000      0.00000      0.00000      0.00000
FE      0.62500      0.62500      0.12500     -0.00224      0.00428      0.00115
FE      0.50000      0.50000      0.25000      0.00000      0.00000      0.00000
FE      0.62500      0.62500      0.37500     -0.00224      0.00428     -0.00115
FE      0.50000      0.75000      0.00000      0.00000      0.00000      0.00000
FE      0.62500      0.87500      0.12500     -0.00224     -0.00428      0.00115
FE      0.50000      0.75000      0.25000      0.00000      0.00000      0.00000
FE      0.62500      0.87500      0.37500     -0.00224     -0.00428     -0.00115
FE      0.75000      0.50000      0.00000      0.00000      0.00000      0.00000
FE      0.87500      0.62500      0.12500      0.00224      0.00428      0.00115
FE      0.75000      0.50000      0.25000      0.00000      0.00000      0.00000
FE      0.87500      0.62500      0.37500      0.00224      0.00428     -0.00115
FE      0.75000      0.75000      0.00000      0.00000      0.00000      0.00000
FE      0.87500      0.87500      0.12500      0.00224     -0.00428      0.00115
FE      0.75000      0.75000      0.25000      0.00000      0.00000      0.00000
FE      0.87500      0.87500      0.37500      0.00224     -0.00428     -0.00115
FE      0.50000      0.50000      0.50000      0.00000      0.00000      0.00000
FE      0.62500      0.62500      0.62500     -0.00224      0.00428      0.00115
FE      0.50000      0.50000      0.75000      0.00000      0.00000      0.00000
FE      0.62500      0.62500      0.87500     -0.00224      0.00428     -0.00115
FE      0.50000      0.75000      0.50000      0.00000      0.00000      0.00000
FE      0.62500      0.87500      0.62500     -0.00224     -0.00428      0.00115
FE      0.50000      0.75000      0.75000      0.00000      0.00000      0.00000
FE      0.62500      0.87500      0.87500     -0.00224     -0.00428     -0.00115
FE      0.75000      0.50000      0.50000      0.00000      0.00000      0.00000
FE      0.87500      0.62500      0.62500      0.00224      0.00428      0.00115
FE      0.75000      0.50000      0.75000      0.00000      0.00000      0.00000
FE      0.87500      0.62500      0.87500      0.00224      0.00428     -0.00115
FE      0.75000      0.75000      0.50000      0.00000      0.00000      0.00000
FE      0.87500      0.87500      0.62500      0.00224     -0.00428      0.00115
FE      0.75000      0.75000      0.75000      0.00000      0.00000      0.00000
FE      0.87500      0.87500      0.87500      0.00224     -0.00428     -0.00115
