/* Converted from PWscf output file */ 
#L_UNITS ang 
#E_UNITS eV 
#S_UNITS GPA 
#F_UNITS EV/ANG 
#ALAT 	   7.61797     // a0 
#X 	   1.00000     0.00000     0.00000     // X 
#Y 	   0.00000     1.00000     0.00000     // Y 
#Z 	   0.00000     0.00000     1.75000     // Z 
#SX 	  -7.91437     0.00000     0.00000     // SX 
#SY 	   0.00000    -7.91437     0.00000     // SY 
#SZ 	   0.00000     0.00000    -5.35495     // SZ 
#EPA 	  -6.01110     // Energy per Atom 
#RCUT 	6.5        // Rcut 
RU      0.00000      0.00000      0.00000      0.00000      0.00000      0.98577
RU      0.25000      0.25000      0.00000     -0.00038     -0.00038      0.98774
RU      0.25000      0.00000      0.14286     -0.00116      0.00000     -0.84339
RU      0.00000      0.25000      0.14286      0.00000     -0.00116     -0.84339
RU      0.00000      0.00000      0.71429      0.00000      0.00000      0.84355
RU      0.25000      0.25000      0.71429     -0.00006     -0.00006      0.84351
RU      0.25000      0.00000      0.85714     -0.00118      0.00000     -0.98759
RU      0.00000      0.25000      0.85714      0.00000     -0.00118     -0.98759
RU      0.00000      0.50000      0.00000      0.00000      0.00000      0.98780
RU      0.25000      0.75000      0.00000     -0.00038      0.00038      0.98774
RU      0.25000      0.50000      0.14286      0.00068      0.00000     -0.84356
RU      0.00000      0.75000      0.14286      0.00000      0.00116     -0.84339
RU      0.00000      0.50000      0.71429      0.00000      0.00000      0.84338
RU      0.25000      0.75000      0.71429     -0.00006      0.00006      0.84351
RU      0.25000      0.50000      0.85714      0.00130      0.00000     -0.98788
RU      0.00000      0.75000      0.85714      0.00000      0.00118     -0.98759
RU      0.50000      0.00000      0.00000      0.00000      0.00000      0.98780
RU      0.75000      0.25000      0.00000      0.00038     -0.00038      0.98774
RU      0.75000      0.00000      0.14286      0.00116     -0.00000     -0.84339
RU      0.50000      0.25000      0.14286      0.00000      0.00068     -0.84356
RU      0.50000      0.00000      0.71429      0.00000      0.00000      0.84338
RU      0.75000      0.25000      0.71429      0.00006     -0.00006      0.84351
RU      0.75000      0.00000      0.85714      0.00118      0.00000     -0.98759
RU      0.50000      0.25000      0.85714      0.00000      0.00130     -0.98788
RU      0.50000      0.50000      0.00000      0.00000      0.00000      0.98614
RU      0.75000      0.75000      0.00000      0.00038      0.00038      0.98774
RU      0.75000      0.50000      0.14286     -0.00068      0.00000     -0.84356
RU      0.50000      0.75000      0.14286      0.00000     -0.00068     -0.84356
RU      0.50000      0.50000      0.71429      0.00000      0.00000      0.84682
RU      0.75000      0.75000      0.71429      0.00006      0.00006      0.84351
RU      0.75000      0.50000      0.85714     -0.00130      0.00000     -0.98788
RU      0.50000      0.75000      0.85714      0.00000     -0.00130     -0.98788
