/* Converted from PWscf output file */ 
#L_UNITS ang 
#E_UNITS eV 
#S_UNITS GPA 
#F_UNITS EV/ANG 
#ALAT 	   7.61797     // a0 
#X 	   1.00000     0.00000     0.00000     // X 
#Y 	   0.00000     1.00000     0.00000     // Y 
#Z 	   0.00000     0.00000     1.40000     // Z 
#SX 	  -9.80339     0.00000     0.00000     // SX 
#SY 	   0.00000    -9.80339     0.00000     // SY 
#SZ 	   0.00000     0.00000    -7.75468     // SZ 
#EPA 	  -6.02463     // Energy per Atom 
#RCUT 	6.5        // Rcut 
RU      0.00000      0.00000      0.00000      0.00000      0.00000      1.02568
RU      0.25000      0.25000      0.00000     -0.00002     -0.00002      1.02577
RU      0.25000      0.00000      0.17857     -0.00014      0.00000     -0.77022
RU      0.00000      0.25000      0.17857      0.00000     -0.00014     -0.77022
RU      0.00000      0.00000      0.64286      0.00000      0.00000      0.77002
RU      0.25000      0.25000      0.64286      0.00028      0.00028      0.76994
RU      0.25000      0.00000      0.82143     -0.00016      0.00000     -1.02523
RU      0.00000      0.25000      0.82143     -0.00000     -0.00016     -1.02523
RU      0.00000      0.50000      0.00000      0.00000      0.00000      1.02569
RU      0.25000      0.75000      0.00000     -0.00002      0.00002      1.02577
RU      0.25000      0.50000      0.17857      0.00015      0.00000     -0.77011
RU      0.00000      0.75000      0.17857      0.00000      0.00014     -0.77022
RU      0.00000      0.50000      0.64286      0.00000      0.00000      0.76978
RU      0.25000      0.75000      0.64286      0.00028     -0.00028      0.76994
RU      0.25000      0.50000      0.82143      0.00015      0.00000     -1.02552
RU      0.00000      0.75000      0.82143      0.00000      0.00016     -1.02523
RU      0.50000      0.00000      0.00000      0.00000      0.00000      1.02569
RU      0.75000      0.25000      0.00000      0.00002     -0.00002      1.02577
RU      0.75000      0.00000      0.17857      0.00014      0.00000     -0.77022
RU      0.50000      0.25000      0.17857      0.00000      0.00015     -0.77011
RU      0.50000      0.00000      0.64286      0.00000      0.00000      0.76978
RU      0.75000      0.25000      0.64286     -0.00028      0.00028      0.76994
RU      0.75000      0.00000      0.82143      0.00016     -0.00000     -1.02523
RU      0.50000      0.25000      0.82143      0.00000      0.00015     -1.02552
RU      0.50000      0.50000      0.00000      0.00000      0.00000      1.02563
RU      0.75000      0.75000      0.00000      0.00002      0.00002      1.02577
RU      0.75000      0.50000      0.17857     -0.00015      0.00000     -0.77011
RU      0.50000      0.75000      0.17857      0.00000     -0.00015     -0.77011
RU      0.50000      0.50000      0.64286      0.00000      0.00000      0.76924
RU      0.75000      0.75000      0.64286     -0.00028     -0.00028      0.76994
RU      0.75000      0.50000      0.82143     -0.00015      0.00000     -1.02552
RU      0.50000      0.75000      0.82143      0.00000     -0.00015     -1.02552
