/* Converted from PWscf output file */ 
#L_UNITS ang 
#E_UNITS eV 
#S_UNITS GPA 
#F_UNITS EV/ANG 
#ALAT 	   7.61797     // a0 
#X 	   1.00000     0.00000     0.00000     // X 
#Y 	   0.00000     1.00000     0.00000     // Y 
#Z 	   0.00000     0.00000     1.15000     // Z 
#SX 	 -10.01266     0.00000     0.00000     // SX 
#SY 	   0.00000   -10.01266     0.00000     // SY 
#SZ 	   0.00000     0.00000   -19.27792     // SZ 
#EPA 	  -6.29791     // Energy per Atom 
#RCUT 	6.5        // Rcut 
RU      0.00000      0.00000      0.00000      0.00000      0.00000      1.43573
RU      0.25000      0.25000      0.00000      0.00010      0.00010      1.43555
RU      0.25000      0.00000      0.21739      0.00059      0.00000      0.37861
RU      0.00000      0.25000      0.21739     -0.00000      0.00059      0.37861
RU      0.00000      0.00000      0.56522      0.00000      0.00000     -0.37804
RU      0.25000      0.25000      0.56522      0.00019      0.00019     -0.37763
RU      0.25000      0.00000      0.78261     -0.00020      0.00000     -1.43566
RU      0.00000      0.25000      0.78261      0.00000     -0.00020     -1.43566
RU      0.00000      0.50000      0.00000      0.00000      0.00000      1.43488
RU      0.25000      0.75000      0.00000      0.00010     -0.00010      1.43555
RU      0.25000      0.50000      0.21739     -0.00048      0.00000      0.37915
RU      0.00000      0.75000      0.21739      0.00000     -0.00059      0.37861
RU      0.00000      0.50000      0.56522      0.00000      0.00000     -0.37877
RU      0.25000      0.75000      0.56522      0.00019     -0.00019     -0.37763
RU      0.25000      0.50000      0.78261     -0.00071      0.00000     -1.43670
RU      0.00000      0.75000      0.78261      0.00000      0.00020     -1.43566
RU      0.50000      0.00000      0.00000      0.00000      0.00000      1.43488
RU      0.75000      0.25000      0.00000     -0.00010      0.00010      1.43555
RU      0.75000      0.00000      0.21739     -0.00059     -0.00000      0.37861
RU      0.50000      0.25000      0.21739      0.00000     -0.00048      0.37915
RU      0.50000      0.00000      0.56522      0.00000      0.00000     -0.37877
RU      0.75000      0.25000      0.56522     -0.00019      0.00019     -0.37763
RU      0.75000      0.00000      0.78261      0.00020      0.00000     -1.43566
RU      0.50000      0.25000      0.78261      0.00000     -0.00071     -1.43670
RU      0.50000      0.50000      0.00000      0.00000      0.00000      1.43563
RU      0.75000      0.75000      0.00000     -0.00010     -0.00010      1.43555
RU      0.75000      0.50000      0.21739      0.00048      0.00000      0.37915
RU      0.50000      0.75000      0.21739      0.00000      0.00048      0.37915
RU      0.50000      0.50000      0.56522      0.00000      0.00000     -0.37884
RU      0.75000      0.75000      0.56522     -0.00019     -0.00019     -0.37763
RU      0.75000      0.50000      0.78261      0.00071      0.00000     -1.43670
RU      0.50000      0.75000      0.78261      0.00000      0.00071     -1.43670
