/* Converted from PWscf output file */ 
#L_UNITS ang 
#E_UNITS eV 
#S_UNITS GPA 
#F_UNITS EV/ANG 
#ALAT 	   7.61797     // a0 
#X 	   1.00000     0.00000     0.00000     // X 
#Y 	   0.00000     1.00000     0.00000     // Y 
#Z 	   0.00000     0.00000     1.20000     // Z 
#SX 	 -10.22500     0.00000     0.00000     // SX 
#SY 	   0.00000   -10.22500     0.00000     // SY 
#SZ 	   0.00000     0.00000   -16.09300     // SZ 
#EPA 	  -6.18467     // Energy per Atom 
#RCUT 	6.5        // Rcut 
RU      0.00000      0.00000      0.00000      0.00000      0.00000      1.32681
RU      0.25000      0.25000      0.00000      0.00001      0.00001      1.32684
RU      0.25000      0.00000      0.20833      0.00005      0.00000     -0.02742
RU      0.00000      0.25000      0.20833      0.00000      0.00005     -0.02742
RU      0.00000      0.00000      0.58333      0.00000      0.00000      0.02730
RU      0.25000      0.25000      0.58333      0.00012      0.00012      0.02723
RU      0.25000      0.00000      0.79167      0.00019      0.00000     -1.32671
RU      0.00000      0.25000      0.79167      0.00000      0.00019     -1.32671
RU      0.00000      0.50000      0.00000      0.00000      0.00000      1.32693
RU      0.25000      0.75000      0.00000      0.00001     -0.00001      1.32684
RU      0.25000      0.50000      0.20833     -0.00007      0.00000     -0.02748
RU      0.00000      0.75000      0.20833      0.00000     -0.00005     -0.02742
RU      0.00000      0.50000      0.58333      0.00000      0.00000      0.02743
RU      0.25000      0.75000      0.58333      0.00012     -0.00012      0.02723
RU      0.25000      0.50000      0.79167      0.00006      0.00000     -1.32671
RU      0.00000      0.75000      0.79167      0.00000     -0.00019     -1.32671
RU      0.50000      0.00000      0.00000      0.00000      0.00000      1.32693
RU      0.75000      0.25000      0.00000     -0.00001      0.00001      1.32684
RU      0.75000      0.00000      0.20833     -0.00005      0.00000     -0.02742
RU      0.50000      0.25000      0.20833      0.00000     -0.00007     -0.02748
RU      0.50000      0.00000      0.58333      0.00000      0.00000      0.02743
RU      0.75000      0.25000      0.58333     -0.00012      0.00012      0.02723
RU      0.75000      0.00000      0.79167     -0.00019      0.00000     -1.32671
RU      0.50000      0.25000      0.79167      0.00000      0.00006     -1.32671
RU      0.50000      0.50000      0.00000      0.00000      0.00000      1.32673
RU      0.75000      0.75000      0.00000     -0.00001     -0.00001      1.32684
RU      0.75000      0.50000      0.20833      0.00007      0.00000     -0.02748
RU      0.50000      0.75000      0.20833      0.00000      0.00007     -0.02748
RU      0.50000      0.50000      0.58333      0.00000      0.00000      0.02743
RU      0.75000      0.75000      0.58333     -0.00012     -0.00012      0.02723
RU      0.75000      0.50000      0.79167     -0.00006      0.00000     -1.32671
RU      0.50000      0.75000      0.79167      0.00000     -0.00006     -1.32671
