/* Converted from PWscf output file */ 
#L_UNITS ang 
#E_UNITS eV 
#S_UNITS GPA 
#F_UNITS EV/ANG 
#ALAT 	   6.84431     // a0 
#X 	   1.00000     0.00000     0.00000     // X 
#Y 	   0.00000     1.00000     0.00000     // Y 
#Z 	   0.00000     0.00000     1.00000     // Z 
#SX 	   7.99560     0.00000     0.00000     // SX 
#SY 	   0.00000    16.90618     0.00000     // SY 
#SZ 	   0.00000     0.00000     7.99560     // SZ 
#EPA 	  -4.74455     // Energy per Atom 
#RCUT 	6.5        // Rcut 
FE      0.00000      0.00000      0.00000      0.00000      0.00000      0.00000
FE      0.25000      0.25000      0.00000      0.00057     -0.00029     -0.00000
FE      0.25000      0.00000      0.25000     -0.00075     -0.00000     -0.00075
FE      0.00000      0.25000      0.25000      0.00000     -0.00029      0.00057
FE      0.00000      0.00000      0.50000      0.00000      0.00000      0.00000
FE      0.25000      0.25000      0.50000      0.00064     -0.00045      0.00000
FE      0.25000      0.00000      0.75000     -0.00075      0.00000      0.00075
FE      0.00000      0.25000      0.75000      0.00000     -0.00029     -0.00057
FE      0.00000      0.50000      0.00000      0.00000      0.00000      0.00000
FE      0.25000      0.75000      0.00000      0.00057      0.00029      0.00000
FE      0.25000      0.50000      0.25000      0.00097      0.00000      0.00097
FE      0.00000      0.75000      0.25000      0.00000      0.00029      0.00057
FE      0.00000      0.50000      0.50000      0.00000      0.00000      0.00000
FE      0.25000      0.75000      0.50000      0.00064      0.00045      0.00000
FE      0.25000      0.50000      0.75000      0.00097      0.00000     -0.00097
FE      0.00000      0.75000      0.75000      0.00000      0.00029     -0.00057
FE      0.50000      0.00000      0.00000      0.00000      0.00000      0.00000
FE      0.75000      0.25000      0.00000     -0.00057     -0.00029      0.00000
FE      0.75000      0.00000      0.25000      0.00075      0.00000     -0.00075
FE      0.50000      0.25000      0.25000      0.00000     -0.00045      0.00064
FE      0.50000      0.00000      0.50000      0.00000      0.00000      0.00000
FE      0.75000      0.25000      0.50000     -0.00064     -0.00045      0.00000
FE      0.75000      0.00000      0.75000      0.00075     -0.00000      0.00075
FE      0.50000      0.25000      0.75000      0.00000     -0.00045     -0.00064
FE      0.50000      0.50000      0.00000      0.00000      0.00000      0.00000
FE      0.75000      0.75000      0.00000     -0.00057      0.00029     -0.00000
FE      0.75000      0.50000      0.25000     -0.00097      0.00000      0.00097
FE      0.50000      0.75000      0.25000      0.00000      0.00045      0.00064
FE      0.50000      0.50000      0.50000      0.00000      0.00000      0.00000
FE      0.75000      0.75000      0.50000     -0.00064      0.00045      0.00000
FE      0.75000      0.50000      0.75000     -0.00097      0.00000     -0.00097
FE      0.50000      0.75000      0.75000      0.00000      0.00045     -0.00064
