/* Converted from PWscf output file */ 
#L_UNITS ang 
#E_UNITS eV 
#S_UNITS GPA 
#F_UNITS EV/ANG 
#ALAT 	   6.84431     // a0 
#X 	   1.00000     0.00000     0.00000     // X 
#Y 	   0.00000     1.30000     0.00000     // Y 
#Z 	   0.00000     0.00000     1.00000     // Z 
#SX 	   1.77905     0.00000     0.00000     // SX 
#SY 	   0.00000     1.25506     0.00000     // SY 
#SZ 	   0.00000     0.00000     1.77905     // SZ 
#EPA 	  -4.31794     // Energy per Atom 
#RCUT 	6.5        // Rcut 
FE      0.00000      0.00000      0.00000      0.00000      0.04191      0.00000
FE      0.25000      0.19231      0.00000      0.00028      1.08384      0.00000
FE      0.25000      0.00000      0.25000     -0.00028      0.03886     -0.00028
FE      0.00000      0.19231      0.25000     -0.00000      1.08384      0.00028
FE      0.00000      0.00000      0.50000      0.00000      0.04197      0.00000
FE      0.25000      0.19231      0.50000     -0.00006      1.08378      0.00000
FE      0.25000      0.00000      0.75000     -0.00028      0.03886      0.00028
FE      0.00000      0.19231      0.75000      0.00000      1.08384     -0.00028
FE      0.00000      0.61538      0.00000      0.00000     -1.08324      0.00000
FE      0.25000      0.80769      0.00000      0.00044     -0.03962      0.00000
FE      0.25000      0.61538      0.25000     -0.00029     -1.08601     -0.00029
FE      0.00000      0.80769      0.25000      0.00000     -0.03962      0.00044
FE      0.00000      0.61538      0.50000      0.00000     -1.08377      0.00000
FE      0.25000      0.80769      0.50000      0.00021     -0.03935      0.00000
FE      0.25000      0.61538      0.75000     -0.00029     -1.08601      0.00029
FE      0.00000      0.80769      0.75000      0.00000     -0.03962     -0.00044
FE      0.50000      0.00000      0.00000      0.00000      0.04197      0.00000
FE      0.75000      0.19231      0.00000     -0.00028      1.08384      0.00000
FE      0.75000      0.00000      0.25000      0.00028      0.03886     -0.00028
FE      0.50000      0.19231      0.25000      0.00000      1.08378     -0.00006
FE      0.50000      0.00000      0.50000      0.00000      0.04304      0.00000
FE      0.75000      0.19231      0.50000      0.00006      1.08378      0.00000
FE      0.75000      0.00000      0.75000      0.00028      0.03886      0.00028
FE      0.50000      0.19231      0.75000      0.00000      1.08378      0.00006
FE      0.50000      0.61538      0.00000      0.00000     -1.08377      0.00000
FE      0.75000      0.80769      0.00000     -0.00044     -0.03962      0.00000
FE      0.75000      0.61538      0.25000      0.00029     -1.08601     -0.00029
FE      0.50000      0.80769      0.25000      0.00000     -0.03935      0.00021
FE      0.50000      0.61538      0.50000      0.00000     -1.08411      0.00000
FE      0.75000      0.80769      0.50000     -0.00021     -0.03935      0.00000
FE      0.75000      0.61538      0.75000      0.00029     -1.08601      0.00029
FE      0.50000      0.80769      0.75000      0.00000     -0.03935     -0.00021
