/* Converted from PWscf output file */ 
#L_UNITS ang 
#E_UNITS eV 
#S_UNITS GPA 
#F_UNITS EV/ANG 
#ALAT 	   6.84431     // a0 
#X 	   1.00000     0.00000     0.00000     // X 
#Y 	   0.00000     1.60000     0.00000     // Y 
#Z 	   0.00000     0.00000     1.00000     // Z 
#SX 	   1.00904     0.00000     0.00000     // SX 
#SY 	   0.00000     4.47089     0.00000     // SY 
#SZ 	   0.00000     0.00000     1.00904     // SZ 
#EPA 	  -4.24632     // Energy per Atom 
#RCUT 	6.5        // Rcut 
FE      0.00000      0.00000      0.00000      0.00000      0.02752      0.00000
FE      0.25000      0.15625      0.00000      0.00027      0.62344      0.00000
FE      0.25000      0.00000      0.25000     -0.00036      0.02433     -0.00036
FE      0.00000      0.15625      0.25000      0.00000      0.62344      0.00027
FE      0.00000      0.00000      0.50000      0.00000      0.02798      0.00000
FE      0.25000      0.15625      0.50000     -0.00005      0.62333      0.00000
FE      0.25000      0.00000      0.75000     -0.00036      0.02433      0.00036
FE      0.00000      0.15625      0.75000      0.00000      0.62344     -0.00027
FE      0.00000      0.68750      0.00000      0.00000     -0.61459      0.00000
FE      0.25000      0.84375      0.00000      0.00073     -0.03171      0.00000
FE      0.25000      0.68750      0.25000     -0.00017     -0.62067     -0.00017
FE      0.00000      0.84375      0.25000      0.00000     -0.03171      0.00073
FE      0.00000      0.68750      0.50000      0.00000     -0.61515      0.00000
FE      0.25000      0.84375      0.50000      0.00036     -0.03161      0.00000
FE      0.25000      0.68750      0.75000     -0.00017     -0.62067      0.00017
FE      0.00000      0.84375      0.75000      0.00000     -0.03171     -0.00073
FE      0.50000      0.00000      0.00000      0.00000      0.02798      0.00000
FE      0.75000      0.15625      0.00000     -0.00027      0.62344      0.00000
FE      0.75000      0.00000      0.25000      0.00036      0.02433     -0.00036
FE      0.50000      0.15625      0.25000      0.00000      0.62333     -0.00005
FE      0.50000      0.00000      0.50000      0.00000      0.02881      0.00000
FE      0.75000      0.15625      0.50000      0.00005      0.62333      0.00000
FE      0.75000      0.00000      0.75000      0.00036      0.02433      0.00036
FE      0.50000      0.15625      0.75000      0.00000      0.62333      0.00005
FE      0.50000      0.68750      0.00000      0.00000     -0.61515      0.00000
FE      0.75000      0.84375      0.00000     -0.00073     -0.03171      0.00000
FE      0.75000      0.68750      0.25000      0.00017     -0.62067     -0.00017
FE      0.50000      0.84375      0.25000     -0.00000     -0.03161      0.00036
FE      0.50000      0.68750      0.50000      0.00000     -0.61588      0.00000
FE      0.75000      0.84375      0.50000     -0.00036     -0.03161      0.00000
FE      0.75000      0.68750      0.75000      0.00017     -0.62067      0.00017
FE      0.50000      0.84375      0.75000      0.00000     -0.03161     -0.00036
