/* Converted from PWscf output file */ 
#L_UNITS ang 
#E_UNITS eV 
#S_UNITS GPA 
#F_UNITS EV/ANG 
#ALAT 	   6.84431     // a0 
#X 	   1.00000     0.00000     0.00000     // X 
#Y 	   0.00000     1.10000     0.00000     // Y 
#Z 	   0.00000     0.00000     1.00000     // Z 
#SX 	   2.15896     0.00000     0.00000     // SX 
#SY 	   0.00000    -3.11972     0.00000     // SY 
#SZ 	   0.00000     0.00000     2.15896     // SZ 
#EPA 	  -4.64135     // Energy per Atom 
#RCUT 	6.5        // Rcut 
FE      0.00000      0.00000      0.00000      0.00000      0.20044      0.00000
FE      0.25000      0.22727      0.00000      0.00008      1.96124      0.00000
FE      0.25000      0.00000      0.25000      0.00021      0.19936      0.00021
FE      0.00000      0.22727      0.25000      0.00000      1.96124      0.00008
FE      0.00000      0.00000      0.50000      0.00000      0.19950      0.00000
FE      0.25000      0.22727      0.50000      0.00012      1.96154      0.00000
FE      0.25000      0.00000      0.75000      0.00021      0.19936     -0.00021
FE      0.00000      0.22727      0.75000      0.00000      1.96124     -0.00008
FE      0.00000      0.54545      0.00000      0.00000     -1.96269      0.00000
FE      0.25000      0.77273      0.00000     -0.00076     -0.20033      0.00000
FE      0.25000      0.54545      0.25000     -0.00070     -1.95866     -0.00070
FE      0.00000      0.77273      0.25000      0.00000     -0.20033     -0.00076
FE      0.00000      0.54545      0.50000      0.00000     -1.96383      0.00000
FE      0.25000      0.77273      0.50000     -0.00070     -0.20009      0.00000
FE      0.25000      0.54545      0.75000     -0.00070     -1.95866      0.00070
FE      0.00000      0.77273      0.75000      0.00000     -0.20033      0.00076
FE      0.50000      0.00000      0.00000      0.00000      0.19950      0.00000
FE      0.75000      0.22727      0.00000     -0.00008      1.96124      0.00000
FE      0.75000      0.00000      0.25000     -0.00021      0.19936      0.00021
FE      0.50000      0.22727      0.25000      0.00000      1.96154      0.00012
FE      0.50000      0.00000      0.50000      0.00000      0.20095      0.00000
FE      0.75000      0.22727      0.50000     -0.00012      1.96154      0.00000
FE      0.75000      0.00000      0.75000     -0.00021      0.19936     -0.00021
FE      0.50000      0.22727      0.75000      0.00000      1.96154     -0.00012
FE      0.50000      0.54545      0.00000      0.00000     -1.96383      0.00000
FE      0.75000      0.77273      0.00000      0.00076     -0.20033      0.00000
FE      0.75000      0.54545      0.25000      0.00070     -1.95866     -0.00070
FE      0.50000      0.77273      0.25000      0.00000     -0.20009     -0.00070
FE      0.50000      0.54545      0.50000      0.00000     -1.96225      0.00000
FE      0.75000      0.77273      0.50000      0.00070     -0.20009      0.00000
FE      0.75000      0.54545      0.75000      0.00070     -1.95866      0.00070
FE      0.50000      0.77273      0.75000      0.00000     -0.20009      0.00070
