/* Converted from PWscf output file */ 
#L_UNITS ang 
#E_UNITS eV 
#S_UNITS GPA 
#F_UNITS EV/ANG 
#ALAT 	   6.84431     // a0 
#X 	   1.00000     0.00000     0.00000     // X 
#Y 	   0.00000     1.40000     0.00000     // Y 
#Z 	   0.00000     0.00000     1.00000     // Z 
#SX 	   1.28744     0.00000     0.00000     // SX 
#SY 	   0.00000     3.40585     0.00000     // SY 
#SZ 	   0.00000     0.00000     1.28744     // SZ 
#EPA 	  -4.26875     // Energy per Atom 
#RCUT 	6.5        // Rcut 
FE      0.00000      0.00000      0.00000      0.00000      0.02592      0.00000
FE      0.25000      0.17857      0.00000      0.00017      0.79719      0.00000
FE      0.25000      0.00000      0.25000     -0.00035      0.02282     -0.00035
FE      0.00000      0.17857      0.25000      0.00000      0.79719      0.00017
FE      0.00000      0.00000      0.50000      0.00000      0.02646      0.00000
FE      0.25000      0.17857      0.50000     -0.00006      0.79713      0.00000
FE      0.25000      0.00000      0.75000     -0.00035      0.02282      0.00035
FE      0.00000      0.17857      0.75000      0.00000      0.79719     -0.00017
FE      0.00000      0.64286      0.00000      0.00000     -0.79257      0.00000
FE      0.25000      0.82143      0.00000      0.00048     -0.02734      0.00000
FE      0.25000      0.64286      0.25000     -0.00020     -0.79629     -0.00020
FE      0.00000      0.82143      0.25000      0.00000     -0.02734      0.00048
FE      0.00000      0.64286      0.50000      0.00000     -0.79279      0.00000
FE      0.25000      0.82143      0.50000      0.00028     -0.02716      0.00000
FE      0.25000      0.64286      0.75000     -0.00020     -0.79629      0.00020
FE      0.00000      0.82143      0.75000      0.00000     -0.02734     -0.00048
FE      0.50000      0.00000      0.00000      0.00000      0.02646      0.00000
FE      0.75000      0.17857      0.00000     -0.00017      0.79719      0.00000
FE      0.75000      0.00000      0.25000      0.00035      0.02282     -0.00035
FE      0.50000      0.17857      0.25000      0.00000      0.79713     -0.00006
FE      0.50000      0.00000      0.50000      0.00000      0.02701      0.00000
FE      0.75000      0.17857      0.50000      0.00006      0.79713      0.00000
FE      0.75000      0.00000      0.75000      0.00035      0.02282      0.00035
FE      0.50000      0.17857      0.75000      0.00000      0.79713      0.00006
FE      0.50000      0.64286      0.00000      0.00000     -0.79279      0.00000
FE      0.75000      0.82143      0.00000     -0.00048     -0.02734      0.00000
FE      0.75000      0.64286      0.25000      0.00020     -0.79629     -0.00020
FE      0.50000      0.82143      0.25000      0.00000     -0.02716      0.00028
FE      0.50000      0.64286      0.50000      0.00000     -0.79312      0.00000
FE      0.75000      0.82143      0.50000     -0.00028     -0.02716      0.00000
FE      0.75000      0.64286      0.75000      0.00020     -0.79629      0.00020
FE      0.50000      0.82143      0.75000      0.00000     -0.02716     -0.00028
