/* Converted from PWscf output file */ 
#L_UNITS ang 
#E_UNITS eV 
#S_UNITS GPA 
#F_UNITS EV/ANG 
#ALAT 	   7.85004     // a0 
#X 	   1.00000     0.00000     0.00000     // X 
#Y 	   0.00000     1.00000     0.00000     // Y 
#Z 	   0.00000     0.00000     1.68750     // Z 
#SX 	  -4.07874     0.00000     0.00000     // SX 
#SY 	   0.00000    -4.07874     0.00000     // SY 
#SZ 	   0.00000     0.00000    -1.59574     // SZ 
#EPA 	  -3.66385     // Energy per Atom 
#RCUT 	6.5        // Rcut 
PD      0.00000      0.00000      0.00000      0.00000      0.00000      0.08066
PD      0.25000      0.25000      0.00000     -0.00001     -0.00001      0.08070
PD      0.25000      0.00000      0.14815     -0.00017      0.00000     -0.10047
PD      0.00000      0.25000      0.14815      0.00000     -0.00017     -0.10047
PD      0.00000      0.00000      0.70370      0.00000      0.00000      0.10164
PD      0.25000      0.25000      0.70370     -0.00023     -0.00023      0.10160
PD      0.25000      0.00000      0.85185      0.00025      0.00000     -0.08231
PD      0.00000      0.25000      0.85185      0.00000      0.00025     -0.08231
PD      0.00000      0.50000      0.00000      0.00000      0.00000      0.08096
PD      0.25000      0.75000      0.00000     -0.00001      0.00001      0.08070
PD      0.25000      0.50000      0.14815      0.00014      0.00000     -0.10067
PD      0.00000      0.75000      0.14815      0.00000      0.00017     -0.10047
PD      0.00000      0.50000      0.70370      0.00000      0.00000      0.10231
PD      0.25000      0.75000      0.70370     -0.00023      0.00023      0.10160
PD      0.25000      0.50000      0.85185      0.00009      0.00000     -0.08179
PD      0.00000      0.75000      0.85185      0.00000     -0.00025     -0.08231
PD      0.50000      0.00000      0.00000      0.00000      0.00000      0.08096
PD      0.75000      0.25000      0.00000      0.00001     -0.00001      0.08070
PD      0.75000      0.00000      0.14815      0.00017      0.00000     -0.10047
PD      0.50000      0.25000      0.14815      0.00000      0.00014     -0.10067
PD      0.50000      0.00000      0.70370      0.00000      0.00000      0.10231
PD      0.75000      0.25000      0.70370      0.00023     -0.00023      0.10160
PD      0.75000      0.00000      0.85185     -0.00025      0.00000     -0.08231
PD      0.50000      0.25000      0.85185      0.00000      0.00009     -0.08179
PD      0.50000      0.50000      0.00000      0.00000      0.00000      0.08060
PD      0.75000      0.75000      0.00000      0.00001      0.00001      0.08070
PD      0.75000      0.50000      0.14815     -0.00014      0.00000     -0.10067
PD      0.50000      0.75000      0.14815      0.00000     -0.00014     -0.10067
PD      0.50000      0.50000      0.70370      0.00000      0.00000      0.10237
PD      0.75000      0.75000      0.70370      0.00023      0.00023      0.10160
PD      0.75000      0.50000      0.85185     -0.00009      0.00000     -0.08179
PD      0.50000      0.75000      0.85185      0.00000     -0.00009     -0.08179
