/* Converted from PWscf output file */ 
#L_UNITS ang 
#E_UNITS eV 
#S_UNITS GPA 
#F_UNITS EV/ANG 
#ALAT 	   7.85004     // a0 
#X 	   1.00000     0.00000     0.00000     // X 
#Y 	   0.00000     1.00000     0.00000     // Y 
#Z 	   0.00000     0.00000     1.59375     // Z 
#SX 	  -4.29006     0.00000     0.00000     // SX 
#SY 	   0.00000    -4.29006     0.00000     // SY 
#SZ 	   0.00000     0.00000    -1.67813     // SZ 
#EPA 	  -3.66407     // Energy per Atom 
#RCUT 	6.5        // Rcut 
PD      0.00000      0.00000      0.00000      0.00000      0.00000      0.08141
PD      0.25000      0.25000      0.00000     -0.00015     -0.00015      0.08196
PD      0.25000      0.00000      0.15686      0.00006     -0.00000     -0.10867
PD      0.00000      0.25000      0.15686     -0.00000      0.00006     -0.10867
PD      0.00000      0.00000      0.68627      0.00000      0.00000      0.10950
PD      0.25000      0.25000      0.68627     -0.00066     -0.00066      0.10883
PD      0.25000      0.00000      0.84314     -0.00080      0.00000     -0.08226
PD      0.00000      0.25000      0.84314      0.00000     -0.00080     -0.08226
PD      0.00000      0.50000      0.00000      0.00000      0.00000      0.08178
PD      0.25000      0.75000      0.00000     -0.00015      0.00015      0.08196
PD      0.25000      0.50000      0.15686      0.00019      0.00000     -0.10867
PD      0.00000      0.75000      0.15686      0.00000     -0.00006     -0.10867
PD      0.00000      0.50000      0.68627      0.00000      0.00000      0.10897
PD      0.25000      0.75000      0.68627     -0.00066      0.00066      0.10883
PD      0.25000      0.50000      0.84314     -0.00063      0.00000     -0.08200
PD      0.00000      0.75000      0.84314      0.00000      0.00080     -0.08226
PD      0.50000      0.00000      0.00000      0.00000      0.00000      0.08178
PD      0.75000      0.25000      0.00000      0.00015     -0.00015      0.08196
PD      0.75000      0.00000      0.15686     -0.00006     -0.00000     -0.10867
PD      0.50000      0.25000      0.15686      0.00000      0.00019     -0.10867
PD      0.50000      0.00000      0.68627      0.00000      0.00000      0.10897
PD      0.75000      0.25000      0.68627      0.00066     -0.00066      0.10883
PD      0.75000      0.00000      0.84314      0.00080      0.00000     -0.08226
PD      0.50000      0.25000      0.84314      0.00000     -0.00063     -0.08200
PD      0.50000      0.50000      0.00000      0.00000      0.00000      0.08250
PD      0.75000      0.75000      0.00000      0.00015      0.00015      0.08196
PD      0.75000      0.50000      0.15686     -0.00019      0.00000     -0.10867
PD      0.50000      0.75000      0.15686      0.00000     -0.00019     -0.10867
PD      0.50000      0.50000      0.68627      0.00000      0.00000      0.10829
PD      0.75000      0.75000      0.68627      0.00066      0.00066      0.10883
PD      0.75000      0.50000      0.84314      0.00063      0.00000     -0.08200
PD      0.50000      0.75000      0.84314     -0.00000      0.00063     -0.08200
