/* Converted from PWscf output file */ 
#L_UNITS ang 
#E_UNITS eV 
#S_UNITS GPA 
#F_UNITS EV/ANG 
#ALAT 	   7.85004     // a0 
#X 	   1.00000     0.00000     0.00000     // X 
#Y 	   0.00000     1.00000     0.00000     // Y 
#Z 	   0.00000     0.00000     1.18750     // Z 
#SX 	  -5.51581     0.00000     0.00000     // SX 
#SY 	   0.00000    -5.51581     0.00000     // SY 
#SZ 	   0.00000     0.00000    -6.23726     // SZ 
#EPA 	  -3.75275     // Energy per Atom 
#RCUT 	6.5        // Rcut 
PD      0.00000      0.00000      0.00000      0.00000      0.00000      0.11258
PD      0.25000      0.25000      0.00000     -0.00031     -0.00031      0.11277
PD      0.25000      0.00000      0.21053      0.00019      0.00000      0.44344
PD      0.00000      0.25000      0.21053      0.00000      0.00019      0.44344
PD      0.00000      0.00000      0.57895      0.00000      0.00000     -0.44107
PD      0.25000      0.25000      0.57895     -0.00069     -0.00069     -0.44191
PD      0.25000      0.00000      0.78947      0.00003      0.00000     -0.11487
PD      0.00000      0.25000      0.78947      0.00000      0.00003     -0.11487
PD      0.00000      0.50000      0.00000      0.00000      0.00000      0.11294
PD      0.25000      0.75000      0.00000     -0.00031      0.00031      0.11277
PD      0.25000      0.50000      0.21053     -0.00054      0.00000      0.44329
PD      0.00000      0.75000      0.21053      0.00000     -0.00019      0.44344
PD      0.00000      0.50000      0.57895      0.00000      0.00000     -0.44111
PD      0.25000      0.75000      0.57895     -0.00069      0.00069     -0.44191
PD      0.25000      0.50000      0.78947     -0.00098      0.00000     -0.11440
PD      0.00000      0.75000      0.78947      0.00000     -0.00003     -0.11487
PD      0.50000      0.00000      0.00000      0.00000      0.00000      0.11294
PD      0.75000      0.25000      0.00000      0.00031     -0.00031      0.11277
PD      0.75000      0.00000      0.21053     -0.00019      0.00000      0.44344
PD      0.50000      0.25000      0.21053      0.00000     -0.00054      0.44329
PD      0.50000      0.00000      0.57895      0.00000      0.00000     -0.44111
PD      0.75000      0.25000      0.57895      0.00069     -0.00069     -0.44191
PD      0.75000      0.00000      0.78947     -0.00003      0.00000     -0.11487
PD      0.50000      0.25000      0.78947      0.00000     -0.00098     -0.11440
PD      0.50000      0.50000      0.00000      0.00000      0.00000      0.11311
PD      0.75000      0.75000      0.00000      0.00031      0.00031      0.11277
PD      0.75000      0.50000      0.21053      0.00054      0.00000      0.44329
PD      0.50000      0.75000      0.21053      0.00000      0.00054      0.44329
PD      0.50000      0.50000      0.57895      0.00000      0.00000     -0.44157
PD      0.75000      0.75000      0.57895      0.00069      0.00069     -0.44191
PD      0.75000      0.50000      0.78947      0.00098      0.00000     -0.11440
PD      0.50000      0.75000      0.78947      0.00000      0.00098     -0.11440
