/* Converted from PWscf output file */ 
#L_UNITS ang 
#E_UNITS eV 
#S_UNITS GPA 
#F_UNITS EV/ANG 
#ALAT 	   7.85004     // a0 
#X 	   1.00000     0.00000     0.00000     // X 
#Y 	   0.00000     1.00000     0.00000     // Y 
#Z 	   0.00000     0.00000     1.40625     // Z 
#SX 	  -4.85313     0.00000     0.00000     // SX 
#SY 	   0.00000    -4.85313     0.00000     // SY 
#SZ 	   0.00000     0.00000    -2.14729     // SZ 
#EPA 	  -3.66776     // Energy per Atom 
#RCUT 	6.5        // Rcut 
PD      0.00000      0.00000      0.00000      0.00000      0.00000      0.08590
PD      0.25000      0.25000      0.00000      0.00003      0.00003      0.08513
PD      0.25000      0.00000      0.17778     -0.00000      0.00000     -0.09005
PD      0.00000      0.25000      0.17778      0.00000     -0.00000     -0.09005
PD      0.00000      0.00000      0.64444      0.00000      0.00000      0.08872
PD      0.25000      0.25000      0.64444      0.00105      0.00105      0.08921
PD      0.25000      0.00000      0.82222      0.00033      0.00000     -0.08340
PD      0.00000      0.25000      0.82222      0.00000      0.00033     -0.08340
PD      0.00000      0.50000      0.00000      0.00000      0.00000      0.08484
PD      0.25000      0.75000      0.00000      0.00003     -0.00003      0.08513
PD      0.25000      0.50000      0.17778     -0.00058      0.00000     -0.08970
PD      0.00000      0.75000      0.17778      0.00000      0.00000     -0.09005
PD      0.00000      0.50000      0.64444      0.00000      0.00000      0.08830
PD      0.25000      0.75000      0.64444      0.00105     -0.00105      0.08921
PD      0.25000      0.50000      0.82222      0.00044      0.00000     -0.08467
PD      0.00000      0.75000      0.82222      0.00000     -0.00033     -0.08340
PD      0.50000      0.00000      0.00000      0.00000      0.00000      0.08484
PD      0.75000      0.25000      0.00000     -0.00003      0.00003      0.08513
PD      0.75000      0.00000      0.17778      0.00000      0.00000     -0.09005
PD      0.50000      0.25000      0.17778      0.00000     -0.00058     -0.08970
PD      0.50000      0.00000      0.64444      0.00000      0.00000      0.08830
PD      0.75000      0.25000      0.64444     -0.00105      0.00105      0.08921
PD      0.75000      0.00000      0.82222     -0.00033      0.00000     -0.08340
PD      0.50000      0.25000      0.82222      0.00000      0.00044     -0.08467
PD      0.50000      0.50000      0.00000      0.00000      0.00000      0.08456
PD      0.75000      0.75000      0.00000     -0.00003     -0.00003      0.08513
PD      0.75000      0.50000      0.17778      0.00058      0.00000     -0.08970
PD      0.50000      0.75000      0.17778      0.00000      0.00058     -0.08970
PD      0.50000      0.50000      0.64444      0.00000      0.00000      0.08846
PD      0.75000      0.75000      0.64444     -0.00105     -0.00105      0.08921
PD      0.75000      0.50000      0.82222     -0.00044      0.00000     -0.08467
PD      0.50000      0.75000      0.82222      0.00000     -0.00044     -0.08467
