/* Converted from PWscf output file */ 
#L_UNITS ang 
#E_UNITS eV 
#S_UNITS GPA 
#F_UNITS EV/ANG 
#ALAT 	   7.85004     // a0 
#X 	   1.00000     0.00000     0.00000     // X 
#Y 	   0.00000     1.00000     0.00000     // Y 
#Z 	   0.00000     0.00000     1.03125     // Z 
#SX 	  -3.25739     0.00000     0.00000     // SX 
#SY 	   0.00000    -3.25739     0.00000     // SY 
#SZ 	   0.00000     0.00000    -5.25812     // SZ 
#EPA 	  -4.02490     // Energy per Atom 
#RCUT 	6.5        // Rcut 
PD      0.00000      0.00000      0.00000      0.00000      0.00000      0.03286
PD      0.25000      0.25000      0.00000      0.00021      0.00021      0.03266
PD      0.25000      0.00000      0.24242      0.00068      0.00000      0.78237
PD      0.00000      0.25000      0.24242      0.00000      0.00068      0.78237
PD      0.00000      0.00000      0.51515      0.00000      0.00000     -0.78318
PD      0.25000      0.25000      0.51515      0.00085      0.00085     -0.78267
PD      0.25000      0.00000      0.75758      0.00023      0.00000     -0.03111
PD      0.00000      0.25000      0.75758      0.00000      0.00023     -0.03111
PD      0.00000      0.50000      0.00000      0.00000      0.00000      0.03200
PD      0.25000      0.75000      0.00000      0.00021     -0.00021      0.03266
PD      0.25000      0.50000      0.24242     -0.00060      0.00000      0.78300
PD      0.00000      0.75000      0.24242      0.00000     -0.00068      0.78237
PD      0.00000      0.50000      0.51515      0.00000      0.00000     -0.78413
PD      0.25000      0.75000      0.51515      0.00085     -0.00085     -0.78267
PD      0.25000      0.50000      0.75758     -0.00023      0.00000     -0.03262
PD      0.00000      0.75000      0.75758      0.00000     -0.00023     -0.03111
PD      0.50000      0.00000      0.00000      0.00000      0.00000      0.03200
PD      0.75000      0.25000      0.00000     -0.00021      0.00021      0.03266
PD      0.75000      0.00000      0.24242     -0.00068      0.00000      0.78237
PD      0.50000      0.25000      0.24242      0.00000     -0.00060      0.78300
PD      0.50000      0.00000      0.51515      0.00000      0.00000     -0.78413
PD      0.75000      0.25000      0.51515     -0.00085      0.00085     -0.78267
PD      0.75000      0.00000      0.75758     -0.00023      0.00000     -0.03111
PD      0.50000      0.25000      0.75758      0.00000     -0.00023     -0.03262
PD      0.50000      0.50000      0.00000      0.00000      0.00000      0.03224
PD      0.75000      0.75000      0.00000     -0.00021     -0.00021      0.03266
PD      0.75000      0.50000      0.24242      0.00060      0.00000      0.78300
PD      0.50000      0.75000      0.24242      0.00000      0.00060      0.78300
PD      0.50000      0.50000      0.51515      0.00000      0.00000     -0.78417
PD      0.75000      0.75000      0.51515     -0.00085     -0.00085     -0.78267
PD      0.75000      0.50000      0.75758      0.00023      0.00000     -0.03262
PD      0.50000      0.75000      0.75758      0.00000      0.00023     -0.03262
