/* Converted from PWscf output file */ 
#L_UNITS ang 
#E_UNITS eV 
#S_UNITS GPA 
#F_UNITS EV/ANG 
#ALAT 	   7.85004     // a0 
#X 	   1.00000     0.00000     0.00000     // X 
#Y 	   0.00000     1.00000     0.00000     // Y 
#Z 	   0.00000     0.00000     1.71875     // Z 
#SX 	  -4.05512     0.00000     0.00000     // SX 
#SY 	   0.00000    -4.05512     0.00000     // SY 
#SZ 	   0.00000     0.00000    -1.61426     // SZ 
#EPA 	  -3.66382     // Energy per Atom 
#RCUT 	6.5        // Rcut 
PD      0.00000      0.00000      0.00000      0.00000      0.00000      0.08188
PD      0.25000      0.25000      0.00000     -0.00006     -0.00006      0.08189
PD      0.25000      0.00000      0.14545     -0.00031      0.00000     -0.10242
PD      0.00000      0.25000      0.14545      0.00000     -0.00031     -0.10242
PD      0.00000      0.00000      0.70909      0.00000      0.00000      0.10225
PD      0.25000      0.25000      0.70909     -0.00011     -0.00011      0.10231
PD      0.25000      0.00000      0.85455      0.00025      0.00000     -0.08202
PD      0.00000      0.25000      0.85455      0.00000      0.00025     -0.08202
PD      0.00000      0.50000      0.00000      0.00000      0.00000      0.08201
PD      0.25000      0.75000      0.00000     -0.00006      0.00006      0.08189
PD      0.25000      0.50000      0.14545      0.00010      0.00000     -0.10264
PD      0.00000      0.75000      0.14545      0.00000      0.00031     -0.10242
PD      0.00000      0.50000      0.70909      0.00000      0.00000      0.10276
PD      0.25000      0.75000      0.70909     -0.00011      0.00011      0.10231
PD      0.25000      0.50000      0.85455      0.00021      0.00000     -0.08165
PD      0.00000      0.75000      0.85455      0.00000     -0.00025     -0.08202
PD      0.50000      0.00000      0.00000      0.00000      0.00000      0.08201
PD      0.75000      0.25000      0.00000      0.00006     -0.00006      0.08189
PD      0.75000      0.00000      0.14545      0.00031      0.00000     -0.10242
PD      0.50000      0.25000      0.14545      0.00000      0.00010     -0.10264
PD      0.50000      0.00000      0.70909      0.00000      0.00000      0.10276
PD      0.75000      0.25000      0.70909      0.00011     -0.00011      0.10231
PD      0.75000      0.00000      0.85455     -0.00025      0.00000     -0.08202
PD      0.50000      0.25000      0.85455      0.00000      0.00021     -0.08165
PD      0.50000      0.50000      0.00000      0.00000      0.00000      0.08163
PD      0.75000      0.75000      0.00000      0.00006      0.00006      0.08189
PD      0.75000      0.50000      0.14545     -0.00010      0.00000     -0.10264
PD      0.50000      0.75000      0.14545      0.00000     -0.00010     -0.10264
PD      0.50000      0.50000      0.70909      0.00000      0.00000      0.10282
PD      0.75000      0.75000      0.70909      0.00011      0.00011      0.10231
PD      0.75000      0.50000      0.85455     -0.00021      0.00000     -0.08165
PD      0.50000      0.75000      0.85455      0.00000     -0.00021     -0.08165
