/* Converted from PWscf output file */ 
#L_UNITS ang 
#E_UNITS eV 
#S_UNITS GPA 
#F_UNITS EV/ANG 
#ALAT 	   7.85004     // a0 
#X 	   1.00000     0.00000     0.00000     // X 
#Y 	   0.00000     1.00000     0.00000     // Y 
#Z 	   0.00000     0.00000     1.31250     // Z 
#SX 	  -5.22924     0.00000     0.00000     // SX 
#SY 	   0.00000    -5.22924     0.00000     // SY 
#SZ 	   0.00000     0.00000    -3.15327     // SZ 
#EPA 	  -3.67994     // Energy per Atom 
#RCUT 	6.5        // Rcut 
PD      0.00000      0.00000      0.00000      0.00000      0.00000      0.09231
PD      0.25000      0.25000      0.00000     -0.00005     -0.00005      0.09201
PD      0.25000      0.00000      0.19048      0.00011      0.00000      0.00836
PD      0.00000      0.25000      0.19048      0.00000      0.00011      0.00836
PD      0.00000      0.00000      0.61905      0.00000      0.00000     -0.00949
PD      0.25000      0.25000      0.61905      0.00031      0.00031     -0.00923
PD      0.25000      0.00000      0.80952      0.00031      0.00000     -0.09092
PD      0.00000      0.25000      0.80952      0.00000      0.00031     -0.09092
PD      0.00000      0.50000      0.00000      0.00000      0.00000      0.09207
PD      0.25000      0.75000      0.00000     -0.00005      0.00005      0.09201
PD      0.25000      0.50000      0.19048     -0.00045      0.00000      0.00844
PD      0.00000      0.75000      0.19048      0.00000     -0.00011      0.00836
PD      0.00000      0.50000      0.61905      0.00000      0.00000     -0.00949
PD      0.25000      0.75000      0.61905      0.00031     -0.00031     -0.00923
PD      0.25000      0.50000      0.80952     -0.00002      0.00000     -0.09123
PD      0.00000      0.75000      0.80952      0.00000     -0.00031     -0.09092
PD      0.50000      0.00000      0.00000      0.00000      0.00000      0.09207
PD      0.75000      0.25000      0.00000      0.00005     -0.00005      0.09201
PD      0.75000      0.00000      0.19048     -0.00011      0.00000      0.00836
PD      0.50000      0.25000      0.19048      0.00000     -0.00045      0.00844
PD      0.50000      0.00000      0.61905      0.00000      0.00000     -0.00949
PD      0.75000      0.25000      0.61905     -0.00031      0.00031     -0.00923
PD      0.75000      0.00000      0.80952     -0.00031      0.00000     -0.09092
PD      0.50000      0.25000      0.80952      0.00000     -0.00002     -0.09123
PD      0.50000      0.50000      0.00000      0.00000      0.00000      0.09180
PD      0.75000      0.75000      0.00000      0.00005      0.00005      0.09201
PD      0.75000      0.50000      0.19048      0.00045      0.00000      0.00844
PD      0.50000      0.75000      0.19048      0.00000      0.00045      0.00844
PD      0.50000      0.50000      0.61905      0.00000      0.00000     -0.00950
PD      0.75000      0.75000      0.61905     -0.00031     -0.00031     -0.00923
PD      0.75000      0.50000      0.80952      0.00002      0.00000     -0.09123
PD      0.50000      0.75000      0.80952      0.00000      0.00002     -0.09123
