/* Converted from PWscf output file */ 
#L_UNITS ang 
#E_UNITS eV 
#S_UNITS GPA 
#F_UNITS EV/ANG 
#ALAT 	   7.85004     // a0 
#X 	   1.00000     0.00000     0.00000     // X 
#Y 	   0.00000     1.00000     0.00000     // Y 
#Z 	   0.00000     0.00000     1.62500     // Z 
#SX 	  -4.23245     0.00000     0.00000     // SX 
#SY 	   0.00000    -4.23245     0.00000     // SY 
#SZ 	   0.00000     0.00000    -1.65713     // SZ 
#EPA 	  -3.66399     // Energy per Atom 
#RCUT 	6.5        // Rcut 
PD      0.00000      0.00000      0.00000      0.00000      0.00000      0.08284
PD      0.25000      0.25000      0.00000     -0.00001     -0.00001      0.08288
PD      0.25000      0.00000      0.15385      0.00008      0.00000     -0.10915
PD      0.00000      0.25000      0.15385      0.00000      0.00008     -0.10915
PD      0.00000      0.00000      0.69231      0.00000      0.00000      0.10507
PD      0.25000      0.25000      0.69231     -0.00011     -0.00011      0.10486
PD      0.25000      0.00000      0.84615      0.00002      0.00000     -0.07875
PD      0.00000      0.25000      0.84615      0.00000      0.00002     -0.07875
PD      0.00000      0.50000      0.00000      0.00000      0.00000      0.08294
PD      0.25000      0.75000      0.00000     -0.00001      0.00001      0.08288
PD      0.25000      0.50000      0.15385     -0.00006     -0.00000     -0.10915
PD      0.00000      0.75000      0.15385      0.00000     -0.00008     -0.10915
PD      0.00000      0.50000      0.69231      0.00000      0.00000      0.10508
PD      0.25000      0.75000      0.69231     -0.00011      0.00011      0.10486
PD      0.25000      0.50000      0.84615     -0.00016      0.00000     -0.07867
PD      0.00000      0.75000      0.84615      0.00000     -0.00002     -0.07875
PD      0.50000      0.00000      0.00000      0.00000      0.00000      0.08294
PD      0.75000      0.25000      0.00000      0.00001     -0.00001      0.08288
PD      0.75000      0.00000      0.15385     -0.00008      0.00000     -0.10915
PD      0.50000      0.25000      0.15385      0.00000     -0.00006     -0.10915
PD      0.50000      0.00000      0.69231      0.00000      0.00000      0.10508
PD      0.75000      0.25000      0.69231      0.00011     -0.00011      0.10486
PD      0.75000      0.00000      0.84615     -0.00002      0.00000     -0.07875
PD      0.50000      0.25000      0.84615      0.00000     -0.00016     -0.07867
PD      0.50000      0.50000      0.00000      0.00000      0.00000      0.08294
PD      0.75000      0.75000      0.00000      0.00001      0.00001      0.08288
PD      0.75000      0.50000      0.15385      0.00006      0.00000     -0.10915
PD      0.50000      0.75000      0.15385     -0.00000      0.00006     -0.10915
PD      0.50000      0.50000      0.69231      0.00000      0.00000      0.10503
PD      0.75000      0.75000      0.69231      0.00011      0.00011      0.10486
PD      0.75000      0.50000      0.84615      0.00016      0.00000     -0.07867
PD      0.50000      0.75000      0.84615      0.00000      0.00016     -0.07867
