/* Converted from PWscf output file */ 
#L_UNITS ang 
#E_UNITS eV 
#S_UNITS GPA 
#F_UNITS EV/ANG 
#ALAT 	   7.85004     // a0 
#X 	   1.00000     0.00000     0.00000     // X 
#Y 	   0.00000     1.00000     0.00000     // Y 
#Z 	   0.00000     0.00000     1.25000     // Z 
#SX 	  -5.38514     0.00000     0.00000     // SX 
#SY 	   0.00000    -5.38514     0.00000     // SY 
#SZ 	   0.00000     0.00000    -4.37989     // SZ 
#EPA 	  -3.70336     // Energy per Atom 
#RCUT 	6.5        // Rcut 
PD      0.00000      0.00000      0.00000      0.00000      0.00000      0.10336
PD      0.25000      0.25000      0.00000     -0.00004     -0.00004      0.10373
PD      0.25000      0.00000      0.20000     -0.00006      0.00000      0.17149
PD      0.00000      0.25000      0.20000      0.00000     -0.00006      0.17149
PD      0.00000      0.00000      0.60000      0.00000      0.00000     -0.17273
PD      0.25000      0.25000      0.60000     -0.00063     -0.00063     -0.17261
PD      0.25000      0.00000      0.80000      0.00005      0.00000     -0.10312
PD      0.00000      0.25000      0.80000      0.00000      0.00005     -0.10312
PD      0.00000      0.50000      0.00000      0.00000      0.00000      0.10378
PD      0.25000      0.75000      0.00000     -0.00004      0.00004      0.10373
PD      0.25000      0.50000      0.20000      0.00028      0.00000      0.17121
PD      0.00000      0.75000      0.20000      0.00000      0.00006      0.17149
PD      0.00000      0.50000      0.60000      0.00000      0.00000     -0.17225
PD      0.25000      0.75000      0.60000     -0.00063      0.00063     -0.17261
PD      0.25000      0.50000      0.80000     -0.00017      0.00000     -0.10203
PD      0.00000      0.75000      0.80000      0.00000     -0.00005     -0.10312
PD      0.50000      0.00000      0.00000      0.00000      0.00000      0.10378
PD      0.75000      0.25000      0.00000      0.00004     -0.00004      0.10373
PD      0.75000      0.00000      0.20000      0.00006      0.00000      0.17149
PD      0.50000      0.25000      0.20000      0.00000      0.00028      0.17121
PD      0.50000      0.00000      0.60000      0.00000      0.00000     -0.17225
PD      0.75000      0.25000      0.60000      0.00063     -0.00063     -0.17261
PD      0.75000      0.00000      0.80000     -0.00005      0.00000     -0.10312
PD      0.50000      0.25000      0.80000      0.00000     -0.00017     -0.10203
PD      0.50000      0.50000      0.00000      0.00000      0.00000      0.10401
PD      0.75000      0.75000      0.00000      0.00004      0.00004      0.10373
PD      0.75000      0.50000      0.20000     -0.00028      0.00000      0.17121
PD      0.50000      0.75000      0.20000      0.00000     -0.00028      0.17121
PD      0.50000      0.50000      0.60000      0.00000      0.00000     -0.17234
PD      0.75000      0.75000      0.60000      0.00063      0.00063     -0.17261
PD      0.75000      0.50000      0.80000      0.00017      0.00000     -0.10203
PD      0.50000      0.75000      0.80000      0.00000      0.00017     -0.10203
