3.209E-03 ###   Start
4.769E-01 ###   Loading isotope tendl xs
5.289E+00 ###   Load complete
5.292E+00 ###   Load EXYZ.txt
5.500E+00 ###   Run Simulation
5.502E+00 ###   Prep sim1
5.514E+00 ###   
5.517E+00 ###   #############################################
5.520E+00 ###   Starting Tally
5.522E+00 ###   #############################################
5.523E+00 ###   
5.526E+00 ###   26054       Fe54        1.630585560412975e+20
5.528E+00 ###   26056       Fe56        2.468222518377967e+21
5.530E+00 ###   26057       Fe57        5.600277953618698e+19
5.531E+00 ###   26058       Fe58        7.334611933451605e+18
5.533E+00 ###   27053       Co53        0.0               
5.535E+00 ###   25050       Mn50        0.0               
5.536E+00 ###   26053       Fe53        0.0               
5.538E+00 ###   26052       Fe52        0.0               
5.540E+00 ###   25051       Mn51        0.0               
5.542E+00 ###   25052       Mn52        0.0               
5.543E+00 ###   24049       Cr49        0.0               
5.545E+00 ###   27055       Co55        0.0               
5.547E+00 ###   23047       V47         0.0               
5.548E+00 ###   25053       Mn53        0.0               
5.550E+00 ###   24050       Cr50        0.0               
5.552E+00 ###   26055       Fe55        0.0               
5.553E+00 ###   25054       Mn54        0.0               
5.555E+00 ###   24051       Cr51        0.0               
5.557E+00 ###   27057       Co57        0.0               
5.558E+00 ###   23049       V49         0.0               
5.560E+00 ###   25055       Mn55        0.0               
5.562E+00 ###   24052       Cr52        0.0               
5.563E+00 ###   27056       Co56        0.0               
5.565E+00 ###   27058       Co58        0.0               
5.567E+00 ###   23050       V50         0.0               
5.568E+00 ###   25056       Mn56        0.0               
5.570E+00 ###   24053       Cr53        0.0               
5.572E+00 ###   27059       Co59        0.0               
5.573E+00 ###   23051       V51         0.0               
5.575E+00 ###   25057       Mn57        0.0               
5.577E+00 ###   24054       Cr54        0.0               
5.578E+00 ###   1           Nn1         0.0               
5.580E+00 ###   2004        He4         0.0               
5.582E+00 ###   1001        H1          0.0               
5.584E+00 ###   1002        H2          0.0               
5.585E+00 ###   2003        He3         0.0               
5.587E+00 ###   1003        H3          0.0               
5.589E+00 ###   1025052     Mn52-M      0.0               
5.590E+00 ###   22049       Ti49        0.0               
5.592E+00 ###   22047       Ti47        0.0               
5.594E+00 ###   22050       Ti50        0.0               
5.596E+00 ###   #############################################################################
5.601E+00 ###   Run sim1
5.603E+00 ###   
5.605E+00 ###   #############################################################################
5.606E+00 ###   #############################################################################
5.608E+00 ###   Run Sim
5.610E+00 ###   #############################################################################
5.612E+00 ###   #############################################################################
5.613E+00 ###   
5.615E+00 ###   
5.617E+00 ###   #############################################
5.618E+00 ###   Plot Ion Energy Lost
5.620E+00 ###   #############################################
5.622E+00 ###   
1.424E+01 ###   
1.424E+01 ###   #############################################
1.424E+01 ###   Number Density
1.424E+01 ###   #############################################
1.424E+01 ###   
1.425E+01 ###   Fe54         5.095579876290546e+27
1.425E+01 ###   Fe56         7.713195369931147e+28
1.425E+01 ###   Fe57         1.750086860505843e+27
1.425E+01 ###   Fe58         2.2920662292036265e+26
1.426E+01 ###   
1.426E+01 ###   #############################################
1.426E+01 ###   Calculate reaction rates
1.426E+01 ###   #############################################
1.426E+01 ###   
1.429E+01 ###   Fe54       --> Co53         307283.956904       
1.432E+01 ###   Fe54       --> Mn50         413574.876348       
1.436E+01 ###   Fe54       --> Fe53         236075945.829       
1.440E+01 ###   Fe54       --> Fe52         131778.988756       
1.444E+01 ###   Fe54       --> Mn51         3915365.42731       
1.449E+01 ###   Fe54       --> Mn52         4550309.60658       
1.452E+01 ###   Fe54       --> Cr49         22.5007021259       
1.457E+01 ###   Fe54       --> Co55         207974.632938       
1.461E+01 ###   Fe54       --> Fe54         114453151.897       
1.464E+01 ###   Fe54       --> V47          12118.304033        
1.467E+01 ###   Fe54       --> Mn53         403877118.991       
1.471E+01 ###   Fe54       --> Cr50         37369410.8242       
1.475E+01 ###   Fe56       --> Co55         845335432.044       
1.478E+01 ###   Fe56       --> Mn52         329450373.437       
1.481E+01 ###   Fe56       --> Mn51         2.53001350218       
1.485E+01 ###   Fe56       --> Fe55         8050196691.17       
1.490E+01 ###   Fe56       --> Fe54         378463315.972       
1.493E+01 ###   Fe56       --> Fe53         8.38602414208       
1.498E+01 ###   Fe56       --> Mn53         109015450.05        
1.503E+01 ###   Fe56       --> Mn54         56915074.2745       
1.506E+01 ###   Fe56       --> Cr51         120955.374078       
1.510E+01 ###   Fe56       --> Co57         5848557.76264       
1.513E+01 ###   Fe56       --> Fe56         1680968637.75       
1.517E+01 ###   Fe56       --> V49          1174843.18811       
1.522E+01 ###   Fe56       --> Mn55         715362266.42        
1.526E+01 ###   Fe56       --> Cr52         374707737.696       
1.529E+01 ###   Fe57       --> Fe54         52183.7852258       
1.532E+01 ###   Fe57       --> Co56         36640319.083        
1.535E+01 ###   Fe57       --> Co55         1074873.1321        
1.538E+01 ###   Fe57       --> Mn53         19968722.6313       
1.541E+01 ###   Fe57       --> Mn52         4360.74832679       
1.547E+01 ###   Fe57       --> Fe56         164897136.47        
1.552E+01 ###   Fe57       --> Fe55         33178633.716        
1.558E+01 ###   Fe57       --> Mn54         2427065.011         
1.563E+01 ###   Fe57       --> Mn55         2319212.32735       
1.568E+01 ###   Fe57       --> Cr52         551009.138609       
1.573E+01 ###   Fe57       --> Co58         102227.683704       
1.577E+01 ###   Fe57       --> Fe57         27066748.1304       
1.580E+01 ###   Fe57       --> V50          28017.8372826       
1.583E+01 ###   Fe57       --> Mn56         5147637.47599       
1.587E+01 ###   Fe57       --> Cr53         1928918.81162       
1.590E+01 ###   Fe58       --> Fe55         6414.68780283       
1.594E+01 ###   Fe58       --> Co57         11190415.5404       
1.598E+01 ###   Fe58       --> Co56         692558.874587       
1.606E+01 ###   Fe58       --> Mn54         2024539.65839       
1.611E+01 ###   Fe58       --> Mn53         34624.323756        
1.616E+01 ###   Fe58       --> Fe57         11896984.9875       
1.621E+01 ###   Fe58       --> Fe56         7789545.04264       
1.627E+01 ###   Fe58       --> Mn55         232716.626174       
1.632E+01 ###   Fe58       --> Mn56         46497.0277258       
1.635E+01 ###   Fe58       --> Cr53         607.862336665       
1.639E+01 ###   Fe58       --> Co59         13432.4749748       
1.643E+01 ###   Fe58       --> Fe58         4608236.90701       
1.647E+01 ###   Fe58       --> V51          3894.08635149       
1.651E+01 ###   Fe58       --> Mn57         97973.3183318       
1.654E+01 ###   Fe58       --> Cr54         69429.6222128       
1.655E+01 ###   
1.665E+01 ###   Fe54       --> Nn1          223779307.551       
1.675E+01 ###   Fe54       --> He4          41722308.3148       
1.690E+01 ###   Fe54       --> H1           1185614187.94       
1.696E+01 ###   Fe54       --> H2           16816480.0199       
1.701E+01 ###   Fe54       --> He3          1195803.75217       
1.706E+01 ###   Fe54       --> H3           63495.6126689       
1.719E+01 ###   Fe56       --> Nn1          10459239812.3       
1.729E+01 ###   Fe56       --> He4          815365435.08        
1.742E+01 ###   Fe56       --> H1           11592247091.2       
1.748E+01 ###   Fe56       --> H2           390691314.24        
1.753E+01 ###   Fe56       --> H3           7727635.45562       
1.758E+01 ###   Fe56       --> He3          19451763.8089       
1.776E+01 ###   Fe57       --> Nn1          317362293.916       
1.783E+01 ###   Fe57       --> H2           11740193.0149       
1.795E+01 ###   Fe57       --> He4          24925914.0685       
1.811E+01 ###   Fe57       --> H1           229114996.365       
1.817E+01 ###   Fe57       --> H3           530012.860186       
1.820E+01 ###   Fe57       --> He3          621761.67143        
1.836E+01 ###   Fe58       --> Nn1          52586048.5862       
1.843E+01 ###   Fe58       --> H2           1338414.90645       
1.855E+01 ###   Fe58       --> He4          2368936.32236       
1.869E+01 ###   Fe58       --> H1           23169852.7974       
1.873E+01 ###   Fe58       --> H3           63386.958919        
1.878E+01 ###   Fe58       --> He3          45022.5126778       
1.878E+01 ###   
1.878E+01 ###   
1.878E+01 ###   #############################################
1.878E+01 ###   Saturation Times
1.878E+01 ###   #############################################
1.879E+01 ###   
1.879E+01 ###   Time where saturation is 95%
1.879E+01 ###   Co53        1.03726274277     
1.879E+01 ###   Mn50        1.22392681719     
1.880E+01 ###   Fe53        2206.77648525     
1.880E+01 ###   Fe52        128719.120064     
1.880E+01 ###   Mn51        11980.384679      
1.880E+01 ###   Mn52        2089254.61649     
1.881E+01 ###   Cr49        10865.3272305     
1.881E+01 ###   Co55        272748.238212     
1.881E+01 ###   V47         8453.6913536      
1.881E+01 ###   Mn53        5.01914153515e+14 
1.881E+01 ###   Cr50        2.45501506924e+25 
1.881E+01 ###   Fe55        374654548.569     
1.882E+01 ###   Mn54        116576230.889     
1.882E+01 ###   Cr51        10345096.7458     
1.882E+01 ###   Co57        101493998.416     
1.882E+01 ###   V49         123226813.841     
1.882E+01 ###   Co56        28841047.3435     
1.883E+01 ###   Co58        26456423.5172     
1.883E+01 ###   V50         1.90941486654e+25 
1.883E+01 ###   Mn56        40123.094881      
1.883E+01 ###   Mn57        369.092659303     
1.883E+01 ###   Nn1         2656.25700712     
1.883E+01 ###   H3          1681683831.36     
1.884E+01 ###   
2.136E+01 ###   
2.136E+01 ###   #############################################
2.137E+01 ###   End of Beam Tally
2.137E+01 ###   #############################################
2.137E+01 ###   
2.137E+01 ###   26054       Fe54        1.63058555949e+20        0.0                      
2.137E+01 ###   26056       Fe56        2.4682225152e+21         0.0                      
2.138E+01 ###   26057       Fe57        5.60027794695e+19        0.0                      
2.138E+01 ###   26058       Fe58        7.33461192328e+18        0.0                      
2.138E+01 ###   27053       Co53        106396.089785            307283.956904            
2.138E+01 ###   26053       Fe53        58250591793.0            79076054.5775            
2.138E+01 ###   25053       Mn53        172540199605.0           0.00102982599877         
2.139E+01 ###   24053       Cr53        578858002.186            0.0                      
2.139E+01 ###   25050       Mn50        0.0                      0.0                      
2.139E+01 ###   24050       Cr50        0.0                      0.0                      
2.139E+01 ###   26052       Fe52        39396004.7064            916.8791916              
2.139E+01 ###   1025052     Mn52-M      130481.519119            71.1029065191            
2.139E+01 ###   24052       Cr52        112577624050.0           0.0                      
2.140E+01 ###   25052       Mn52        100179964870.0           143645.657909            
2.140E+01 ###   25051       Mn51        1131634453.28            282968.697949            
2.140E+01 ###   24051       Cr51        79259717.7947            22.9520226273            
2.140E+01 ###   23051       V51         1168225.90545            0.0                      
2.140E+01 ###   24049       Cr49        6478.58118515            1.78624116249            
2.141E+01 ###   23049       V49         352451942.801            8.56835965333            
2.141E+01 ###   22049       Ti49        704918128.027            0.0                      
2.141E+01 ###   27055       Co55        253567495453.0           2785060.44487            
2.141E+01 ###   26055       Fe55        2.42542960147e+12        19393.6995083            
2.141E+01 ###   25055       Mn55        215374258612.0           0.0                      
2.141E+01 ###   23047       V47         3448914.86405            1222.19100921            
2.142E+01 ###   22047       Ti47        7084406.07395            0.0                      
2.142E+01 ###   25054       Mn54        18409932719.4            473.091548602            
2.142E+01 ###   24054       Cr54        20828886.6638            0.0                      
2.142E+01 ###   27057       Co57        5111669359.24            150.877816523            
2.142E+01 ###   27056       Co56        11199688888.9            1163.31661116            
2.143E+01 ###   27058       Co58        30667784.2188            3.47259601749            
2.143E+01 ###   23050       V50         0.0                      0.0                      
2.143E+01 ###   22050       Ti50        0.0                      0.0                      
2.143E+01 ###   25056       Mn56        1540918363.29            115050.418855            
2.143E+01 ###   27059       Co59        4029742.49245            0.0                      
2.143E+01 ###   25057       Mn57        11013470.9442            89390.5893812            
2.144E+01 ###   1           Nn1         2.81319554815e+12        3172727892.23            
2.144E+01 ###   1001        H1          3.90904383849e+12        0.0                      
2.144E+01 ###   2004        He4         265314778136.0           0.0                      
2.144E+01 ###   1002        H2          126175920654.0           0.0                      
2.144E+01 ###   2003        He3         11425023383.8            0.0                      
2.145E+01 ###   1003        H3          2515358594.54            4.48083092714            
2.145E+01 ###   
3.152E+01 ###   
3.152E+01 ###   #############################################
3.152E+01 ###   End of Sim Tally
3.153E+01 ###   #############################################
3.153E+01 ###   
3.153E+01 ###   26054       Fe54        1.63058555949e+20        0.0                      
3.153E+01 ###   26056       Fe56        2.4682225152e+21         0.0                      
3.153E+01 ###   26057       Fe57        5.60027794696e+19        0.0                      
3.153E+01 ###   26058       Fe58        7.33461192328e+18        0.0                      
3.154E+01 ###   27053       Co53        0.0                      0.0                      
3.154E+01 ###   26053       Fe53        4.53141271569e-143       6.15146092407e-146       
3.154E+01 ###   25053       Mn53        230790897436.0           0.00137750197927         
3.155E+01 ###   24053       Cr53        578858002.186            0.0                      
3.155E+01 ###   25050       Mn50        0.0                      0.0                      
3.156E+01 ###   24050       Cr50        0.0                      0.0                      
3.156E+01 ###   26052       Fe52        93439.6978154            2.17465997465            
3.157E+01 ###   1025052     Mn52-M      4168.78150109            2.27168171686            
3.157E+01 ###   24052       Cr52        143724178764.0           0.0                      
3.157E+01 ###   25052       Mn52        69033917523.9            98986.0848283            
3.157E+01 ###   25051       Mn51        7.09820416491e-20        1.7749279235e-23         
3.157E+01 ###   24051       Cr51        1124387120.91            325.59993095             
3.158E+01 ###   23051       V51         1168225.90545            0.0                      
3.158E+01 ###   24049       Cr49        5.183538587e-28          1.42917866225e-31        
3.158E+01 ###   23049       V49         350240187.817            8.51459030248            
3.158E+01 ###   22049       Ti49        704918128.027            0.0                      
3.158E+01 ###   27055       Co55        14632033320.7            160711.045225            
3.158E+01 ###   26055       Fe55        2.65898143279e+12        21261.1765249            
3.159E+01 ###   25055       Mn55        215374258612.0           0.0                      
3.159E+01 ###   23047       V47         3.71227906462e-34        1.31551930833e-37        
3.159E+01 ###   22047       Ti47        7084406.07395            0.0                      
3.159E+01 ###   25054       Mn54        18287479903.7            469.944802056            
3.159E+01 ###   24054       Cr54        20828886.6638            0.0                      
3.160E+01 ###   27057       Co57        5072636183.79            149.725699695            
3.160E+01 ###   27056       Co56        10901613948.1            1132.35543595            
3.160E+01 ###   27058       Co58        29779081.9005            3.37196585428            
3.160E+01 ###   23050       V50         0.0                      0.0                      
3.161E+01 ###   22050       Ti50        0.0                      0.0                      
3.161E+01 ###   25056       Mn56        5.84462973621            0.000436380742305        
3.161E+01 ###   27059       Co59        4029742.49245            0.0                      
3.161E+01 ###   25057       Mn57        0.0                      0.0                      
3.161E+01 ###   1           Nn1         1.77254842634e-115       1.99908386613e-118       
3.161E+01 ###   1001        H1          3.90904383849e+12        0.0                      
3.162E+01 ###   2004        He4         265314778136.0           0.0                      
3.162E+01 ###   1002        H2          126175920654.0           0.0                      
3.162E+01 ###   2003        He3         11426186786.5            0.0                      
3.162E+01 ###   1003        H3          2514195191.88            4.478758455              
3.162E+01 ###   
4.344E+01 ###   
4.344E+01 ###   Gamma Dose - Beam End
4.344E+01 ###   Activity/Bq                    82822873.7128
4.345E+01 ###   Power eV/s                     1.86841008076e+16
4.345E+01 ###   Power J/s                      0.00299352926319
4.345E+01 ###   Dose Gy/s                      2.97685885361e-06
4.345E+01 ###   Dose Gy/hr                     0.010716691873
4.345E+01 ###   Percentage of annual dose/hr   9394.25237015
4.345E+01 ###   
4.346E+01 ###   
4.346E+01 ###   Gamma Dose - Sim End
4.346E+01 ###   Activity/Bq                    283043.751191
4.346E+01 ###   Power eV/s                     5.1310279645e+14
4.346E+01 ###   Power J/s                      8.22083038417e-05
4.347E+01 ###   Dose Gy/s                      1.96294899335e-07
4.347E+01 ###   Dose Gy/hr                     0.000294301803729
4.347E+01 ###   Percentage of annual dose/hr   257.984968681
4.347E+01 ###   
