/* Converted from PWscf output file */ 
#L_UNITS ang 
#E_UNITS eV 
#S_UNITS GPA 
#F_UNITS EV/ANG 
#ALAT 	   6.98441     // a0 
#X 	   1.00000     0.00000     0.00000     // X 
#Y 	   0.00000     1.04539     0.00000     // Y 
#Z 	   0.00000     0.00000     1.00000     // Z 
#SX 	   0.01633     0.00000     0.00000     // SX 
#SY 	   0.00000    -0.00642     0.00000     // SY 
#SZ 	   0.00000     0.00000     0.01633     // SZ 
#EPA 	  -4.65860     // Energy per Atom 
#RCUT 	6.5        // Rcut 
FE      0.25000      0.25000      0.25000      0.00000      0.00000      0.00000
FE      0.00131      0.00084      0.00131     -0.00477     -0.00506     -0.00477
FE      0.25000      0.25000     -0.05608      0.00000      0.00000     -0.02420
FE      0.25000     -0.04704      0.25000      0.00000      0.07452      0.00000
FE     -0.05608      0.25000      0.25000     -0.02420      0.00000     -0.00000
FE      0.00131      0.00084      0.49869     -0.00477     -0.00506      0.00477
FE      0.25000      0.25000      0.55608      0.00000      0.00000      0.02420
FE      0.25000     -0.01006      0.75000      0.00000     -0.00739     -0.00000
FE     -0.01007      0.25000      0.75000     -0.00653      0.00000      0.00000
FE      0.00131      0.49916      0.00131     -0.00477      0.00506     -0.00477
FE      0.25000      0.75000     -0.00969      0.00000      0.00000      0.00353
FE      0.25000      0.54704      0.25000      0.00000     -0.07452      0.00000
FE     -0.00969      0.75000      0.25000      0.00353      0.00000     -0.00000
FE      0.00131      0.49916      0.49869     -0.00477      0.00506      0.00477
FE      0.25000      0.75000      0.50969      0.00000      0.00000     -0.00353
FE      0.25000      0.51006      0.75000      0.00000      0.00739     -0.00000
FE      0.00193      0.75000      0.75000     -0.01703      0.00000      0.00000
FE      0.49869      0.00084      0.00131      0.00477     -0.00506     -0.00477
FE      0.75000      0.25000     -0.01007      0.00000     -0.00000     -0.00653
FE      0.75000     -0.01006      0.25000      0.00000     -0.00739      0.00000
FE      0.55608      0.25000      0.25000      0.02420      0.00000     -0.00000
FE      0.49869      0.00084      0.49869      0.00477     -0.00506      0.00477
FE      0.75000      0.25000      0.51007      0.00000     -0.00000      0.00653
FE      0.75000     -0.00092      0.75000      0.00000     -0.01511      0.00000
FE      0.51007      0.25000      0.75000      0.00653      0.00000      0.00000
FE      0.49869      0.49916      0.00131      0.00477      0.00506     -0.00477
FE      0.75000      0.75000      0.00193      0.00000      0.00000     -0.01703
FE      0.75000      0.51006      0.25000      0.00000      0.00739      0.00000
FE      0.50969      0.75000      0.25000     -0.00353      0.00000     -0.00000
FE      0.49869      0.49916      0.49869      0.00477      0.00506      0.00477
FE      0.75000      0.75000      0.49807      0.00000      0.00000      0.01703
FE      0.75000      0.50092      0.75000      0.00000      0.01511      0.00000
FE      0.49807      0.75000      0.75000      0.01703      0.00000      0.00000
