/* Converted from PWscf output file */ 
#L_UNITS ang 
#E_UNITS eV 
#S_UNITS GPA 
#F_UNITS EV/ANG 
#ALAT 	   6.98669     // a0 
#X 	   1.00000     0.00000     0.00000     // X 
#Y 	   0.00000     1.04433     0.00000     // Y 
#Z 	   0.00000     0.00000     1.00000     // Z 
#SX 	  -0.04827     0.00000     0.00000     // SX 
#SY 	   0.00000     0.06461     0.00000     // SY 
#SZ 	   0.00000     0.00000    -0.04827     // SZ 
#EPA 	  -4.65857     // Energy per Atom 
#RCUT 	6.5        // Rcut 
FE      0.25000      0.25000      0.25000      0.00000      0.00000      0.00000
FE      0.00141      0.00088      0.00141     -0.01167     -0.00562     -0.01167
FE      0.25000      0.25000     -0.05593      0.00000      0.00000     -0.03253
FE      0.25000     -0.04741      0.25000      0.00000      0.04949      0.00000
FE     -0.05593      0.25000      0.25000     -0.03253      0.00000     -0.00000
FE      0.00141      0.00088      0.49859     -0.01167     -0.00562      0.01167
FE      0.25000      0.25000      0.55593      0.00000      0.00000      0.03253
FE      0.25000     -0.01004      0.75000      0.00000     -0.00096      0.00000
FE     -0.00996      0.25000      0.75000     -0.01115      0.00000     -0.00000
FE      0.00141      0.49912      0.00141     -0.01167      0.00562     -0.01167
FE      0.25000      0.75000     -0.00998      0.00000      0.00000      0.02170
FE      0.25000      0.54741      0.25000      0.00000     -0.04949      0.00000
FE     -0.00998      0.75000      0.25000      0.02170      0.00000      0.00000
FE      0.00141      0.49912      0.49859     -0.01167      0.00562      0.01167
FE      0.25000      0.75000      0.50998      0.00000      0.00000     -0.02170
FE      0.25000      0.51004      0.75000      0.00000      0.00096      0.00000
FE      0.00213      0.75000      0.75000     -0.03086      0.00000      0.00000
FE      0.49859      0.00088      0.00141      0.01167     -0.00562     -0.01167
FE      0.75000      0.25000     -0.00996      0.00000     -0.00000     -0.01115
FE      0.75000     -0.01004      0.25000      0.00000     -0.00096      0.00000
FE      0.55593      0.25000      0.25000      0.03253      0.00000     -0.00000
FE      0.49859      0.00088      0.49859      0.01167     -0.00562      0.01167
FE      0.75000      0.25000      0.50996      0.00000     -0.00000      0.01115
FE      0.75000     -0.00066      0.75000      0.00000     -0.03826      0.00000
FE      0.50996      0.25000      0.75000      0.01115      0.00000     -0.00000
FE      0.49859      0.49912      0.00141      0.01167      0.00562     -0.01167
FE      0.75000      0.75000      0.00213      0.00000     -0.00000     -0.03086
FE      0.75000      0.51004      0.25000      0.00000      0.00096      0.00000
FE      0.50998      0.75000      0.25000     -0.02170      0.00000      0.00000
FE      0.49859      0.49912      0.49859      0.01167      0.00562      0.01167
FE      0.75000      0.75000      0.49787      0.00000     -0.00000      0.03086
FE      0.75000      0.50066      0.75000      0.00000      0.03826      0.00000
FE      0.49787      0.75000      0.75000      0.03086      0.00000      0.00000
