/* Converted from PWscf output file */ 
#L_UNITS ang 
#E_UNITS eV 
#S_UNITS GPA 
#F_UNITS EV/ANG 
#ALAT 	   6.97318     // a0 
#X 	   1.00000     0.00000     0.00000     // X 
#Y 	   0.00000     1.05440     0.00000     // Y 
#Z 	   0.00000     0.00000     1.00000     // Z 
#SX 	  -0.15590     0.00000     0.00029     // SX 
#SY 	   0.00000    -0.07948     0.00000     // SY 
#SZ 	   0.00029     0.00000    -0.15590     // SZ 
#EPA 	  -4.64531     // Energy per Atom 
#RCUT 	6.5        // Rcut 
FE      0.12500      0.12500      0.12500      0.00000     -0.00010      0.00000
FE     -0.03723     -0.03900     -0.03723      0.46772      0.35586      0.46772
FE      0.28723      0.28900     -0.03723     -0.46767     -0.35579      0.46767
FE      0.28723     -0.03900      0.28723     -0.46772      0.35586     -0.46772
FE     -0.03723      0.28900      0.28723      0.46767     -0.35579     -0.46767
FE      0.00138      0.00111      0.49717     -0.03928     -0.06473      0.09055
FE      0.24862      0.24889      0.49717      0.03929      0.06472      0.09055
FE      0.24862      0.00111      0.75283      0.03928     -0.06473     -0.09055
FE      0.00138      0.24889      0.75283     -0.03929      0.06472     -0.09055
FE      0.00096      0.49677      0.00096     -0.07535      0.06241     -0.07535
FE      0.24904      0.75323      0.00096      0.07535     -0.06238     -0.07535
FE      0.24904      0.49677      0.24904      0.07535      0.06241      0.07535
FE      0.00096      0.75323      0.24904     -0.07535     -0.06238      0.07535
FE      0.00026      0.50898      0.50777      0.12386     -0.19997     -0.29380
FE      0.24974      0.74102      0.50777     -0.12384      0.19995     -0.29380
FE      0.24974      0.50898      0.74223     -0.12386     -0.19997      0.29380
FE      0.00026      0.74102      0.74223      0.12384      0.19995      0.29380
FE      0.49717      0.00111      0.00138      0.09055     -0.06473     -0.03928
FE      0.75283      0.24889      0.00138     -0.09055      0.06472     -0.03929
FE      0.75283      0.00111      0.24862     -0.09055     -0.06473      0.03928
FE      0.49717      0.24889      0.24862      0.09055      0.06472      0.03929
FE      0.50944      0.00114      0.50944     -0.17841      0.20683     -0.17841
FE      0.74056      0.24886      0.50944      0.17852     -0.20684     -0.17852
FE      0.74056      0.00114      0.74056      0.17841      0.20683      0.17841
FE      0.50944      0.24886      0.74056     -0.17852     -0.20684      0.17852
FE      0.50777      0.50898      0.00026     -0.29380     -0.19997      0.12386
FE      0.74223      0.74102      0.00026      0.29380      0.19995      0.12384
FE      0.74223      0.50898      0.24974      0.29380     -0.19997     -0.12386
FE      0.50777      0.74102      0.24974     -0.29380      0.19995     -0.12384
FE      0.50087      0.50021      0.50087      0.10615      0.05133      0.10615
FE      0.74913      0.74979      0.50087     -0.10615     -0.05133      0.10615
FE      0.74913      0.50021      0.74913     -0.10615      0.05133     -0.10615
FE      0.50087      0.74979      0.74913      0.10615     -0.05133     -0.10615
