/* Converted from PWscf output file */ 
#L_UNITS ang 
#E_UNITS eV 
#S_UNITS GPA 
#F_UNITS EV/ANG 
#ALAT 	   6.96830     // a0 
#X 	   1.00000     0.00000     0.00000     // X 
#Y 	   0.00000     1.05549     0.00000     // Y 
#Z 	   0.00000     0.00000     1.00000     // Z 
#SX 	  -0.05265     0.00000    -0.00000     // SX 
#SY 	   0.00000     0.34694     0.00000     // SY 
#SZ 	  -0.00000     0.00000    -0.05265     // SZ 
#EPA 	  -4.64908     // Energy per Atom 
#RCUT 	6.5        // Rcut 
FE      0.12500      0.12500      0.12500      0.00000     -0.00006      0.00000
FE     -0.03749     -0.03946     -0.03749     -0.05763     -0.06825     -0.05763
FE      0.28749      0.28946     -0.03749      0.05758      0.06828     -0.05758
FE      0.28749     -0.03946      0.28749      0.05763     -0.06825      0.05763
FE     -0.03749      0.28946      0.28749     -0.05758      0.06828      0.05758
FE      0.00118      0.00081      0.49776     -0.01534     -0.02593      0.04949
FE      0.24882      0.24919      0.49776      0.01536      0.02593      0.04949
FE      0.24882      0.00081      0.75224      0.01534     -0.02593     -0.04949
FE      0.00118      0.24919      0.75224     -0.01536      0.02593     -0.04949
FE      0.00061      0.49731      0.00061     -0.02810      0.05158     -0.02810
FE      0.24939      0.75269      0.00061      0.02808     -0.05157     -0.02808
FE      0.24939      0.49731      0.24939      0.02810      0.05158      0.02810
FE      0.00061      0.75269      0.24939     -0.02808     -0.05157      0.02808
FE      0.00047      0.50856      0.50690      0.00862     -0.01510     -0.05101
FE      0.24953      0.74144      0.50690     -0.00859      0.01511     -0.05103
FE      0.24953      0.50856      0.74310     -0.00862     -0.01510      0.05101
FE      0.00047      0.74144      0.74310      0.00859      0.01511      0.05103
FE      0.49776      0.00081      0.00118      0.04949     -0.02593     -0.01534
FE      0.75224      0.24919      0.00118     -0.04949      0.02593     -0.01536
FE      0.75224      0.00081      0.24882     -0.04949     -0.02593      0.01534
FE      0.49776      0.24919      0.24882      0.04949      0.02593      0.01536
FE      0.50874      0.00163      0.50874     -0.04283      0.03422     -0.04283
FE      0.74126      0.24837      0.50874      0.04284     -0.03421     -0.04284
FE      0.74126      0.00163      0.74126      0.04283      0.03422      0.04283
FE      0.50874      0.24837      0.74126     -0.04284     -0.03421      0.04284
FE      0.50690      0.50856      0.00047     -0.05101     -0.01510      0.00862
FE      0.74310      0.74144      0.00047      0.05103      0.01511      0.00859
FE      0.74310      0.50856      0.24953      0.05101     -0.01510     -0.00862
FE      0.50690      0.74144      0.24953     -0.05103      0.01511     -0.00859
FE      0.50131      0.50031      0.50131      0.03397      0.00418      0.03397
FE      0.74869      0.74969      0.50131     -0.03397     -0.00419      0.03397
FE      0.74869      0.50031      0.74869     -0.03397      0.00418     -0.03397
FE      0.50131      0.74969      0.74869      0.03397     -0.00419     -0.03397
