/* Converted from PWscf output file */ 
#L_UNITS ang 
#E_UNITS eV 
#S_UNITS GPA 
#F_UNITS EV/ANG 
#ALAT 	   7.83045     // a0 
#X 	   1.00000     0.00000     0.00000     // X 
#Y 	   0.00000     1.03610    -0.04560     // Y 
#Z 	   0.00000    -0.04560     1.03610     // Z 
#SX 	  -0.27038     0.00000     0.00000     // SX 
#SY 	   0.00000     0.01692    -0.06636     // SY 
#SZ 	   0.00000    -0.06636     0.01692     // SZ 
#EPA 	  -3.87584     // Energy per Atom 
#RCUT 	6.5        // Rcut 
PD      0.00000      0.37500      0.12500      0.00000      0.00000      0.00000
PD     -0.00000      0.00758      0.00538      0.00000      0.02906      0.00703
PD      0.27234      0.24723     -0.00277      0.00786      0.01190      0.01190
PD      0.25952     -0.01167      0.25636     -0.02221      0.00237     -0.00749
PD     -0.00000      0.18146      0.31854     -0.00000      0.06552     -0.06552
PD     -0.00000     -0.02088      0.52088      0.00000      0.00158     -0.00158
PD      0.25952      0.24364      0.51167     -0.02221      0.00749     -0.00237
PD      0.25453      0.00257      0.75257      0.02238      0.01607      0.01607
PD     -0.00000      0.25538      0.75758      0.00000      0.00703      0.02906
PD     -0.00000      0.56854     -0.06854     -0.00000     -0.06552      0.06552
PD      0.25952      0.76167     -0.00636     -0.02221     -0.00237      0.00749
PD      0.27234      0.50277      0.25277      0.00786     -0.01190     -0.01190
PD     -0.00000      0.74242      0.24462      0.00000     -0.02906     -0.00703
PD     -0.00000      0.49462      0.49242      0.00000     -0.00703     -0.02906
PD      0.25453      0.74743      0.49743      0.02238     -0.01607     -0.01607
PD      0.25952      0.50636      0.73833     -0.02221     -0.00749      0.00237
PD     -0.00000      0.77088      0.72912      0.00000     -0.00158      0.00158
PD      0.50000     -0.00103      0.00234     -0.00000      0.00010      0.00270
PD      0.72766      0.24723     -0.00277     -0.00786      0.01190      0.01190
PD      0.74048     -0.01167      0.25636      0.02221      0.00237     -0.00749
PD      0.50000      0.24167      0.25833      0.00000     -0.02701      0.02701
PD      0.50000     -0.00569      0.50569      0.00000     -0.00386      0.00386
PD      0.74048      0.24364      0.51167      0.02221      0.00749     -0.00237
PD      0.74547      0.00257      0.75257     -0.02238      0.01607      0.01607
PD      0.50000      0.25234      0.74897      0.00000      0.00270      0.00010
PD      0.50000      0.50833     -0.00833      0.00000      0.02701     -0.02701
PD      0.74048      0.76167     -0.00636      0.02221     -0.00237      0.00749
PD      0.72766      0.50277      0.25277     -0.00786     -0.01190     -0.01190
PD      0.50000      0.75103      0.24766     -0.00000     -0.00010     -0.00270
PD      0.50000      0.49766      0.50103      0.00000     -0.00270     -0.00010
PD      0.74547      0.74743      0.49743     -0.02238     -0.01607     -0.01607
PD      0.74048      0.50636      0.73833      0.02221     -0.00749      0.00237
PD      0.50000      0.75569      0.74431      0.00000      0.00386     -0.00386
