/* Converted from PWscf output file */ 
#L_UNITS ang 
#E_UNITS eV 
#S_UNITS GPA 
#F_UNITS EV/ANG 
#ALAT 	   7.83042     // a0 
#X 	   1.00000     0.00000     0.00000     // X 
#Y 	   0.00000     1.03557    -0.04500     // Y 
#Z 	   0.00000    -0.04500     1.03557     // Z 
#SX 	  -0.11638     0.00000     0.00000     // SX 
#SY 	   0.00000     0.18084    -0.06592     // SY 
#SZ 	   0.00000    -0.06592     0.18084     // SZ 
#EPA 	  -3.87573     // Energy per Atom 
#RCUT 	6.5        // Rcut 
PD      0.00000      0.37500      0.12500      0.00000      0.00000      0.00000
PD     -0.00000      0.00719      0.00508     -0.00000      0.02128      0.01387
PD      0.27198      0.24684     -0.00316     -0.00919      0.02361      0.02361
PD      0.25987     -0.01130      0.25585     -0.02766      0.00328      0.01582
PD      0.00000      0.18141      0.31859      0.00000      0.00088     -0.00088
PD     -0.00000     -0.02094      0.52094     -0.00000      0.01310     -0.01310
PD      0.25987      0.24415      0.51130     -0.02766     -0.01582     -0.00328
PD      0.25466      0.00234      0.75234      0.01599      0.00484      0.00484
PD     -0.00000      0.25508      0.75719      0.00000      0.01387      0.02128
PD      0.00000      0.56859     -0.06859      0.00000     -0.00088      0.00088
PD      0.25987      0.76130     -0.00585     -0.02766     -0.00328     -0.01582
PD      0.27198      0.50316      0.25316     -0.00919     -0.02361     -0.02361
PD     -0.00000      0.74281      0.24492     -0.00000     -0.02128     -0.01387
PD     -0.00000      0.49492      0.49281      0.00000     -0.01387     -0.02128
PD      0.25466      0.74766      0.49766      0.01599     -0.00484     -0.00484
PD      0.25987      0.50585      0.73870     -0.02766      0.01582      0.00328
PD     -0.00000      0.77094      0.72906     -0.00000     -0.01310      0.01310
PD      0.50000     -0.00078      0.00221      0.00000     -0.02925     -0.00772
PD      0.72802      0.24684     -0.00316      0.00919      0.02361      0.02361
PD      0.74013     -0.01130      0.25585      0.02766      0.00328      0.01582
PD      0.50000      0.24263      0.25737     -0.00000     -0.04311      0.04311
PD      0.50000     -0.00504      0.50504      0.00000     -0.03422      0.03422
PD      0.74013      0.24415      0.51130      0.02766     -0.01582     -0.00328
PD      0.74534      0.00234      0.75234     -0.01599      0.00484      0.00484
PD      0.50000      0.25221      0.74922      0.00000     -0.00772     -0.02925
PD      0.50000      0.50737     -0.00737     -0.00000      0.04311     -0.04311
PD      0.74013      0.76130     -0.00585      0.02766     -0.00328     -0.01582
PD      0.72802      0.50316      0.25316      0.00919     -0.02361     -0.02361
PD      0.50000      0.75078      0.24779      0.00000      0.02925      0.00772
PD      0.50000      0.49779      0.50078      0.00000      0.00772      0.02925
PD      0.74534      0.74766      0.49766     -0.01599     -0.00484     -0.00484
PD      0.74013      0.50585      0.73870      0.02766      0.01582      0.00328
PD      0.50000      0.75504      0.74496      0.00000      0.03422     -0.03422
