/* Converted from PWscf output file */ 
#L_UNITS ang 
#E_UNITS eV 
#S_UNITS GPA 
#F_UNITS EV/ANG 
#ALAT 	   7.81046     // a0 
#X 	   1.00000     0.00000     0.00000     // X 
#Y 	   0.00000     1.03942    -0.04495     // Y 
#Z 	   0.00000    -0.04495     1.03942     // Z 
#SX 	   0.17748     0.00000     0.00000     // SX 
#SY 	   0.00000     0.07890     0.01706     // SY 
#SZ 	   0.00000     0.01706     0.07890     // SZ 
#EPA 	  -3.87535     // Energy per Atom 
#RCUT 	6.5        // Rcut 
PD      0.00000      0.37500      0.12500      0.00000      0.00000      0.00000
PD     -0.00000      0.00690      0.00442      0.00000     -0.02766     -0.00916
PD      0.27027      0.24623     -0.00377      0.07667     -0.01525     -0.01525
PD      0.26007     -0.00964      0.25403     -0.00424     -0.04718      0.04949
PD      0.00000      0.18204      0.31796     -0.00000     -0.04968      0.04968
PD      0.00000     -0.02076      0.52076      0.00000      0.00241     -0.00241
PD      0.26007      0.24597      0.50964     -0.00424     -0.04949      0.04718
PD      0.25619      0.00198      0.75198     -0.07084     -0.01035     -0.01035
PD     -0.00000      0.25442      0.75690      0.00000     -0.00916     -0.02766
PD      0.00000      0.56796     -0.06796     -0.00000      0.04968     -0.04968
PD      0.26007      0.75964     -0.00403     -0.00424      0.04718     -0.04949
PD      0.27027      0.50377      0.25377      0.07667      0.01525      0.01525
PD     -0.00000      0.74310      0.24558      0.00000      0.02766      0.00916
PD     -0.00000      0.49558      0.49310      0.00000      0.00916      0.02766
PD      0.25619      0.74802      0.49802     -0.07084      0.01035      0.01035
PD      0.26007      0.50403      0.74036     -0.00424      0.04949     -0.04718
PD      0.00000      0.77076      0.72924      0.00000     -0.00241      0.00241
PD      0.50000     -0.00041      0.00161     -0.00000     -0.04647      0.00973
PD      0.72973      0.24623     -0.00377     -0.07667     -0.01525     -0.01525
PD      0.73993     -0.00964      0.25403      0.00424     -0.04718      0.04949
PD      0.50000      0.24471      0.25529      0.00000     -0.04668      0.04668
PD      0.50000     -0.00341      0.50341     -0.00000     -0.03706      0.03706
PD      0.73993      0.24597      0.50964      0.00424     -0.04949      0.04718
PD      0.74381      0.00198      0.75198      0.07084     -0.01035     -0.01035
PD      0.50000      0.25161      0.74959     -0.00000      0.00973     -0.04647
PD      0.50000      0.50529     -0.00529      0.00000      0.04668     -0.04668
PD      0.73993      0.75964     -0.00403      0.00424      0.04718     -0.04949
PD      0.72973      0.50377      0.25377     -0.07667      0.01525      0.01525
PD      0.50000      0.75041      0.24839     -0.00000      0.04647     -0.00973
PD      0.50000      0.49839      0.50041     -0.00000     -0.00973      0.04647
PD      0.74381      0.74802      0.49802      0.07084      0.01035      0.01035
PD      0.73993      0.50403      0.74036      0.00424      0.04949     -0.04718
PD      0.50000      0.75341      0.74659     -0.00000      0.03706     -0.03706
