/* Converted from PWscf output file */ 
#L_UNITS ang 
#E_UNITS eV 
#S_UNITS GPA 
#F_UNITS EV/ANG 
#ALAT 	   7.79962     // a0 
#X 	   1.00000     0.00000     0.00000     // X 
#Y 	   0.00000     1.04237    -0.04765     // Y 
#Z 	   0.00000    -0.04765     1.04237     // Z 
#SX 	  -0.09450     0.00000     0.00000     // SX 
#SY 	   0.00000    -0.03208     0.01488     // SY 
#SZ 	   0.00000     0.01488    -0.03208     // SZ 
#EPA 	  -3.87602     // Energy per Atom 
#RCUT 	6.5        // Rcut 
PD      0.00000      0.37500      0.12500      0.00000      0.00000      0.00000
PD     -0.00000      0.00896      0.00581      0.00000      0.02213     -0.01575
PD      0.27407      0.24805     -0.00195      0.05837     -0.00845     -0.00845
PD      0.25835     -0.01270      0.25724      0.01011     -0.02390     -0.01655
PD      0.00000      0.18231      0.31769      0.00000      0.02978     -0.02978
PD     -0.00000     -0.02054      0.52054      0.00000     -0.00556      0.00556
PD      0.25835      0.24276      0.51270      0.01011      0.01655      0.02390
PD      0.25439      0.00333      0.75333      0.00313      0.01005      0.01005
PD     -0.00000      0.25581      0.75896     -0.00000     -0.01575      0.02213
PD      0.00000      0.56769     -0.06769      0.00000     -0.02978      0.02978
PD      0.25835      0.76270     -0.00724      0.01011      0.02390      0.01655
PD      0.27407      0.50195      0.25195      0.05837      0.00845      0.00845
PD     -0.00000      0.74104      0.24419      0.00000     -0.02213      0.01575
PD     -0.00000      0.49419      0.49104     -0.00000      0.01575     -0.02213
PD      0.25439      0.74667      0.49667      0.00313     -0.01005     -0.01005
PD      0.25835      0.50724      0.73730      0.01011     -0.01655     -0.02390
PD     -0.00000      0.77054      0.72946      0.00000      0.00556     -0.00556
PD      0.50000     -0.00160      0.00295      0.00000      0.02606      0.03169
PD      0.72593      0.24805     -0.00195     -0.05837     -0.00845     -0.00845
PD      0.74165     -0.01270      0.25724     -0.01011     -0.02390     -0.01655
PD      0.50000      0.23898      0.26102      0.00000      0.00302     -0.00302
PD      0.50000     -0.00678      0.50678      0.00000      0.04425     -0.04425
PD      0.74165      0.24276      0.51270     -0.01011      0.01655      0.02390
PD      0.74561      0.00333      0.75333     -0.00313      0.01005      0.01005
PD      0.50000      0.25295      0.74840      0.00000      0.03169      0.02606
PD      0.50000      0.51102     -0.01102      0.00000     -0.00302      0.00302
PD      0.74165      0.76270     -0.00724     -0.01011      0.02390      0.01655
PD      0.72593      0.50195      0.25195     -0.05837      0.00845      0.00845
PD      0.50000      0.75160      0.24705      0.00000     -0.02606     -0.03169
PD      0.50000      0.49705      0.50160      0.00000     -0.03169     -0.02606
PD      0.74561      0.74667      0.49667     -0.00313     -0.01005     -0.01005
PD      0.74165      0.50724      0.73730     -0.01011     -0.01655     -0.02390
PD      0.50000      0.75678      0.74322      0.00000     -0.04425      0.04425
