/* Converted from PWscf output file */ 
#L_UNITS ang 
#E_UNITS eV 
#S_UNITS GPA 
#F_UNITS EV/ANG 
#ALAT 	   7.81572     // a0 
#X 	   1.00000     0.00000     0.00000     // X 
#Y 	   0.00000     1.03816    -0.04489     // Y 
#Z 	   0.00000    -0.04489     1.03816     // Z 
#SX 	   0.14511     0.00000     0.00000     // SX 
#SY 	   0.00000     0.19323    -0.00627     // SY 
#SZ 	   0.00000    -0.00627     0.19323     // SZ 
#EPA 	  -3.87547     // Energy per Atom 
#RCUT 	6.5        // Rcut 
PD      0.00000      0.37500      0.12500      0.00000      0.00000      0.00000
PD     -0.00000      0.00685      0.00453      0.00000     -0.01278     -0.00067
PD      0.27089      0.24629     -0.00371      0.04375      0.00198      0.00198
PD      0.26004     -0.01016      0.25456     -0.01085     -0.03139      0.04560
PD      0.00000      0.18192      0.31808     -0.00000     -0.07737      0.07737
PD      0.00000     -0.02080      0.52080     -0.00000      0.01046     -0.01046
PD      0.26004      0.24544      0.51016     -0.01085     -0.04560      0.03139
PD      0.25559      0.00205      0.75205     -0.04234     -0.01030     -0.01030
PD     -0.00000      0.25453      0.75685      0.00000     -0.00067     -0.01278
PD      0.00000      0.56808     -0.06808     -0.00000      0.07737     -0.07737
PD      0.26004      0.76016     -0.00456     -0.01085      0.03139     -0.04560
PD      0.27089      0.50371      0.25371      0.04375     -0.00198     -0.00198
PD     -0.00000      0.74315      0.24547      0.00000      0.01278      0.00067
PD     -0.00000      0.49547      0.49315      0.00000      0.00067      0.01278
PD      0.25559      0.74795      0.49795     -0.04234      0.01030      0.01030
PD      0.26004      0.50456      0.73984     -0.01085      0.04560     -0.03139
PD      0.00000      0.77080      0.72920     -0.00000     -0.01046      0.01046
PD      0.50000     -0.00051      0.00181     -0.00000     -0.05267      0.00186
PD      0.72911      0.24629     -0.00371     -0.04375      0.00198      0.00198
PD      0.73996     -0.01016      0.25456      0.01085     -0.03139      0.04560
PD      0.50000      0.24418      0.25582      0.00000     -0.04956      0.04956
PD      0.50000     -0.00382      0.50382      0.00000     -0.04249      0.04249
PD      0.73996      0.24544      0.51016      0.01085     -0.04560      0.03139
PD      0.74441      0.00205      0.75205      0.04234     -0.01030     -0.01030
PD      0.50000      0.25181      0.74949      0.00000      0.00186     -0.05267
PD      0.50000      0.50582     -0.00582      0.00000      0.04956     -0.04956
PD      0.73996      0.76016     -0.00456      0.01085      0.03139     -0.04560
PD      0.72911      0.50371      0.25371     -0.04375     -0.00198     -0.00198
PD      0.50000      0.75051      0.24819     -0.00000      0.05267     -0.00186
PD      0.50000      0.49819      0.50051      0.00000     -0.00186      0.05267
PD      0.74441      0.74795      0.49795      0.04234      0.01030      0.01030
PD      0.73996      0.50456      0.73984      0.01085      0.04560     -0.03139
PD      0.50000      0.75382      0.74618      0.00000      0.04249     -0.04249
