/* Converted from PWscf output file */ 
#L_UNITS ang 
#E_UNITS eV 
#S_UNITS GPA 
#F_UNITS EV/ANG 
#ALAT 	   7.64779     // a0 
#X 	   1.00000     0.00000     0.00000     // X 
#Y 	   0.00000     1.00977    -0.01021     // Y 
#Z 	   0.00000    -0.01021     1.00977     // Z 
#SX 	  26.22715     0.00000     0.00000     // SX 
#SY 	   0.00000    52.24910   -28.15860     // SY 
#SZ 	   0.00000   -28.15860    52.24910     // SZ 
#EPA 	  -3.09089     // Energy per Atom 
#RCUT 	6.5        // Rcut 
PD      0.00000      0.37500      0.12500      0.00000      0.00000      0.00000
PD      0.00000     -0.00091     -0.00081      0.00000     -0.38691     -0.28631
PD      0.25829      0.24568     -0.00432      3.15647     -1.63268     -1.63268
PD      0.25171     -0.00163      0.24982      0.49113     -0.47328     -0.04585
PD      0.00000      0.22223      0.27777      0.00000    -37.66605     37.66605
PD      0.00000     -0.00430      0.50430      0.00000     -1.15013      1.15013
PD      0.25171      0.25018      0.50163      0.49113      0.04585      0.47328
PD      0.25007     -0.00011      0.74989      0.02125     -0.03555     -0.03555
PD     -0.00000      0.24919      0.74909     -0.00000     -0.28631     -0.38691
PD      0.00000      0.52777     -0.02777      0.00000     37.66605    -37.66605
PD      0.25171      0.75163      0.00018      0.49113      0.47328      0.04585
PD      0.25829      0.50432      0.25432      3.15647      1.63268      1.63268
PD      0.00000      0.75091      0.25081      0.00000      0.38691      0.28631
PD     -0.00000      0.50081      0.50091     -0.00000      0.28631      0.38691
PD      0.25007      0.75011      0.50011      0.02125      0.03555      0.03555
PD      0.25171      0.49982      0.74837      0.49113     -0.04585     -0.47328
PD      0.00000      0.75430      0.74570      0.00000      1.15013     -1.15013
PD      0.50000     -0.00035     -0.00012      0.00000     -0.11383     -0.03838
PD      0.74171      0.24568     -0.00432     -3.15647     -1.63268     -1.63268
PD      0.74829     -0.00163      0.24982     -0.49113     -0.47328     -0.04585
PD      0.50000      0.24997      0.25003     -0.00000     -0.01867      0.01867
PD      0.50000     -0.00005      0.50005      0.00000     -0.01059      0.01059
PD      0.74829      0.25018      0.50163     -0.49113      0.04585      0.47328
PD      0.74993     -0.00011      0.74989     -0.02125     -0.03555     -0.03555
PD      0.50000      0.24988      0.74965      0.00000     -0.03838     -0.11383
PD      0.50000      0.50003     -0.00003     -0.00000      0.01867     -0.01867
PD      0.74829      0.75163      0.00018     -0.49113      0.47328      0.04585
PD      0.74171      0.50432      0.25432     -3.15647      1.63268      1.63268
PD      0.50000      0.75035      0.25012      0.00000      0.11383      0.03838
PD      0.50000      0.50012      0.50035      0.00000      0.03838      0.11383
PD      0.74993      0.75011      0.50011     -0.02125      0.03555      0.03555
PD      0.74829      0.49982      0.74837     -0.49113     -0.04585     -0.47328
PD      0.50000      0.75005      0.74995      0.00000      0.01059     -0.01059
