/* Converted from PWscf output file */ 
#L_UNITS ang 
#E_UNITS eV 
#S_UNITS GPA 
#F_UNITS EV/ANG 
#ALAT 	   7.80006     // a0 
#X 	   1.00000     0.00000     0.00000     // X 
#Y 	   0.00000     1.04247    -0.04508     // Y 
#Z 	   0.00000    -0.04508     1.04247     // Z 
#SX 	   0.05658     0.00000     0.00000     // SX 
#SY 	   0.00000    -0.34315     0.03325     // SY 
#SZ 	   0.00000     0.03325    -0.34315     // SZ 
#EPA 	  -3.87514     // Energy per Atom 
#RCUT 	6.5        // Rcut 
PD      0.00000      0.37500      0.12500      0.00000      0.00000      0.00000
PD     -0.00000      0.00703      0.00441      0.00000     -0.02606     -0.00275
PD      0.26982      0.24627     -0.00373      0.10253     -0.02040     -0.02040
PD      0.26011     -0.00931      0.25373      0.00146     -0.06316      0.04614
PD      0.00000      0.18193      0.31807      0.00000      0.08539     -0.08539
PD      0.00000     -0.02079      0.52079      0.00000     -0.00926      0.00926
PD      0.26011      0.24627      0.50931      0.00146     -0.04614      0.06316
PD      0.25669      0.00194      0.75194     -0.09743      0.00837      0.00837
PD     -0.00000      0.25441      0.75703      0.00000     -0.00275     -0.02606
PD      0.00000      0.56807     -0.06807      0.00000     -0.08539      0.08539
PD      0.26011      0.75931     -0.00373      0.00146      0.06316     -0.04614
PD      0.26982      0.50373      0.25373      0.10253      0.02040      0.02040
PD     -0.00000      0.74297      0.24559      0.00000      0.02606      0.00275
PD     -0.00000      0.49559      0.49297      0.00000      0.00275      0.02606
PD      0.25669      0.74806      0.49806     -0.09743     -0.00837     -0.00837
PD      0.26011      0.50373      0.74069      0.00146      0.04614     -0.06316
PD      0.00000      0.77079      0.72921      0.00000      0.00926     -0.00926
PD      0.50000     -0.00040      0.00148     -0.00000      0.00570      0.02733
PD      0.73018      0.24627     -0.00373     -0.10253     -0.02040     -0.02040
PD      0.73989     -0.00931      0.25373     -0.00146     -0.06316      0.04614
PD      0.50000      0.24497      0.25503     -0.00000     -0.03876      0.03876
PD      0.50000     -0.00321      0.50321      0.00000     -0.02571      0.02571
PD      0.73989      0.24627      0.50931     -0.00146     -0.04614      0.06316
PD      0.74331      0.00194      0.75194      0.09743      0.00837      0.00837
PD      0.50000      0.25148      0.74960      0.00000      0.02733      0.00570
PD      0.50000      0.50503     -0.00503     -0.00000      0.03876     -0.03876
PD      0.73989      0.75931     -0.00373     -0.00146      0.06316     -0.04614
PD      0.73018      0.50373      0.25373     -0.10253      0.02040      0.02040
PD      0.50000      0.75040      0.24852     -0.00000     -0.00570     -0.02733
PD      0.50000      0.49852      0.50040      0.00000     -0.02733     -0.00570
PD      0.74331      0.74806      0.49806      0.09743     -0.00837     -0.00837
PD      0.73989      0.50373      0.74069     -0.00146      0.04614     -0.06316
PD      0.50000      0.75321      0.74679      0.00000      0.02571     -0.02571
