/* Converted from PWscf output file */ 
#L_UNITS ang 
#E_UNITS eV 
#S_UNITS GPA 
#F_UNITS EV/ANG 
#ALAT 	   7.96386     // a0 
#X 	   1.00000     0.00000     0.00000     // X 
#Y 	   0.00000     1.01439    -0.01735     // Y 
#Z 	   0.00000    -0.01735     1.01439     // Z 
#SX 	  -3.79072     0.00000     0.00000     // SX 
#SY 	   0.00000    11.27954   -15.21026     // SY 
#SZ 	   0.00000   -15.21026    11.27954     // SZ 
#EPA 	  -3.51427     // Energy per Atom 
#RCUT 	6.5        // Rcut 
PD      0.00000      0.37500      0.12500      0.00000      0.00000      0.00000
PD     -0.00000     -0.00142     -0.00138     -0.00000     -0.13290     -0.10417
PD      0.26354      0.24307     -0.00693      1.08116     -0.52140     -0.52140
PD      0.25309     -0.00297      0.24993      0.17677     -0.17757      0.05481
PD      0.00000      0.21311      0.28689      0.00000    -22.16823     22.16823
PD      0.00000     -0.00749      0.50749      0.00000     -0.31261      0.31261
PD      0.25309      0.25007      0.50297      0.17677     -0.05481      0.17757
PD      0.25039     -0.00037      0.74963      0.07737     -0.06086     -0.06086
PD     -0.00000      0.24862      0.74858      0.00000     -0.10417     -0.13290
PD      0.00000      0.53689     -0.03689      0.00000     22.16823    -22.16823
PD      0.25309      0.75297      0.00007      0.17677      0.17757     -0.05481
PD      0.26354      0.50693      0.25693      1.08116      0.52140      0.52140
PD     -0.00000      0.75142      0.25138     -0.00000      0.13290      0.10417
PD     -0.00000      0.50138      0.50142      0.00000      0.10417      0.13290
PD      0.25039      0.75037      0.50037      0.07737      0.06086      0.06086
PD      0.25309      0.49993      0.74703      0.17677      0.05481     -0.17757
PD      0.00000      0.75749      0.74251      0.00000      0.31261     -0.31261
PD      0.50000     -0.00123     -0.00031      0.00000     -0.20003     -0.04489
PD      0.73646      0.24307     -0.00693     -1.08116     -0.52140     -0.52140
PD      0.74691     -0.00297      0.24993     -0.17677     -0.17757      0.05481
PD      0.50000      0.24975      0.25025      0.00000     -0.06161      0.06161
PD      0.50000     -0.00016      0.50016      0.00000     -0.02371      0.02371
PD      0.74691      0.25007      0.50297     -0.17677     -0.05481      0.17757
PD      0.74961     -0.00037      0.74963     -0.07737     -0.06086     -0.06086
PD      0.50000      0.24969      0.74877     -0.00000     -0.04489     -0.20003
PD      0.50000      0.50025     -0.00025      0.00000      0.06161     -0.06161
PD      0.74691      0.75297      0.00007     -0.17677      0.17757     -0.05481
PD      0.73646      0.50693      0.25693     -1.08116      0.52140      0.52140
PD      0.50000      0.75123      0.25031      0.00000      0.20003      0.04489
PD      0.50000      0.50031      0.50123      0.00000      0.04489      0.20003
PD      0.74961      0.75037      0.50037     -0.07737      0.06086      0.06086
PD      0.74691      0.49993      0.74703     -0.17677      0.05481     -0.17757
PD      0.50000      0.75016      0.74984      0.00000      0.02371     -0.02371
