/* Converted from PWscf output file */ 
#L_UNITS ang 
#E_UNITS eV 
#S_UNITS GPA 
#F_UNITS EV/ANG 
#ALAT 	   7.76853     // a0 
#X 	   1.00000     0.00000     0.00000     // X 
#Y 	   0.00000     1.04442    -0.04178     // Y 
#Z 	   0.00000    -0.04178     1.04442     // Z 
#SX 	   0.49322     0.00000     0.00000     // SX 
#SY 	   0.00000     2.14262    -0.94823     // SY 
#SZ 	   0.00000    -0.94823     2.14262     // SZ 
#EPA 	  -3.85789     // Energy per Atom 
#RCUT 	6.5        // Rcut 
PD      0.00000      0.37500      0.12500      0.00000      0.00000      0.00000
PD      0.00000      0.00053     -0.00091      0.00000      0.24634      0.17461
PD      0.27272      0.24017     -0.00983     -0.22912      0.24651      0.24651
PD      0.25834     -0.00713      0.25144      0.10250     -0.03039      0.07897
PD      0.00000      0.18716      0.31284      0.00000     -2.30944      2.30944
PD      0.00000     -0.01796      0.51796      0.00000     -0.11981      0.11981
PD      0.25834      0.24856      0.50713      0.10250     -0.07897      0.03039
PD      0.25371     -0.00145      0.74855      0.21016      0.02424      0.02424
PD     -0.00000      0.24909      0.75053      0.00000      0.17461      0.24634
PD      0.00000      0.56284     -0.06284      0.00000      2.30944     -2.30944
PD      0.25834      0.75713     -0.00144      0.10250      0.03039     -0.07897
PD      0.27272      0.50983      0.25983     -0.22912     -0.24651     -0.24651
PD      0.00000      0.74947      0.25091      0.00000     -0.24634     -0.17461
PD     -0.00000      0.50091      0.49947      0.00000     -0.17461     -0.24634
PD      0.25371      0.75145      0.50145      0.21016     -0.02424     -0.02424
PD      0.25834      0.50144      0.74287      0.10250      0.07897     -0.03039
PD      0.00000      0.76796      0.73204      0.00000      0.11981     -0.11981
PD      0.50000     -0.00610     -0.00052     -0.00000     -0.06704      0.03175
PD      0.72728      0.24017     -0.00983      0.22912      0.24651      0.24651
PD      0.74166     -0.00713      0.25144     -0.10250     -0.03039      0.07897
PD      0.50000      0.24766      0.25234     -0.00000     -0.09565      0.09565
PD      0.50000     -0.00125      0.50125     -0.00000     -0.06097      0.06097
PD      0.74166      0.24856      0.50713     -0.10250     -0.07897      0.03039
PD      0.74629     -0.00145      0.74855     -0.21016      0.02424      0.02424
PD      0.50000      0.24948      0.74390      0.00000      0.03175     -0.06704
PD      0.50000      0.50234     -0.00234     -0.00000      0.09565     -0.09565
PD      0.74166      0.75713     -0.00144     -0.10250      0.03039     -0.07897
PD      0.72728      0.50983      0.25983      0.22912     -0.24651     -0.24651
PD      0.50000      0.75610      0.25052     -0.00000      0.06704     -0.03175
PD      0.50000      0.50052      0.50610      0.00000     -0.03175      0.06704
PD      0.74629      0.75145      0.50145     -0.21016     -0.02424     -0.02424
PD      0.74166      0.50144      0.74287     -0.10250      0.07897     -0.03039
PD      0.50000      0.75125      0.74875     -0.00000      0.06097     -0.06097
