/* Converted from PWscf output file */ 
#L_UNITS ang 
#E_UNITS eV 
#S_UNITS GPA 
#F_UNITS EV/ANG 
#ALAT 	   7.83365     // a0 
#X 	   1.00000     0.00000     0.00000     // X 
#Y 	   0.00000     1.03526    -0.04526     // Y 
#Z 	   0.00000    -0.04526     1.03526     // Z 
#SX 	  -0.23363     0.00000     0.00000     // SX 
#SY 	   0.00000     0.10019    -0.07846     // SY 
#SZ 	   0.00000    -0.07846     0.10019     // SZ 
#EPA 	  -3.87579     // Energy per Atom 
#RCUT 	6.5        // Rcut 
PD      0.00000      0.37500      0.12500      0.00000      0.00000      0.00000
PD     -0.00000      0.00737      0.00523      0.00000      0.02828      0.01132
PD      0.27214      0.24702     -0.00298     -0.00857      0.01855      0.01855
PD      0.25971     -0.01147      0.25610     -0.02787      0.00964     -0.00201
PD      0.00000      0.18140      0.31860      0.00000      0.04983     -0.04983
PD     -0.00000     -0.02092      0.52092      0.00000      0.00788     -0.00788
PD      0.25971      0.24390      0.51147     -0.02787      0.00201     -0.00964
PD      0.25461      0.00244      0.75244      0.02764      0.01222      0.01222
PD     -0.00000      0.25523      0.75737      0.00000      0.01132      0.02828
PD      0.00000      0.56860     -0.06860      0.00000     -0.04983      0.04983
PD      0.25971      0.76147     -0.00610     -0.02787     -0.00964      0.00201
PD      0.27214      0.50298      0.25298     -0.00857     -0.01855     -0.01855
PD     -0.00000      0.74263      0.24477      0.00000     -0.02828     -0.01132
PD     -0.00000      0.49477      0.49263      0.00000     -0.01132     -0.02828
PD      0.25461      0.74756      0.49756      0.02764     -0.01222     -0.01222
PD      0.25971      0.50610      0.73853     -0.02787     -0.00201      0.00964
PD     -0.00000      0.77092      0.72908      0.00000     -0.00788      0.00788
PD      0.50000     -0.00093      0.00226     -0.00000     -0.01166     -0.00514
PD      0.72786      0.24702     -0.00298      0.00857      0.01855      0.01855
PD      0.74029     -0.01147      0.25610      0.02787      0.00964     -0.00201
PD      0.50000      0.24217      0.25783     -0.00000     -0.03258      0.03258
PD      0.50000     -0.00536      0.50536      0.00000     -0.01642      0.01642
PD      0.74029      0.24390      0.51147      0.02787      0.00201     -0.00964
PD      0.74539      0.00244      0.75244     -0.02764      0.01222      0.01222
PD      0.50000      0.25226      0.74907      0.00000     -0.00514     -0.01166
PD      0.50000      0.50783     -0.00783     -0.00000      0.03258     -0.03258
PD      0.74029      0.76147     -0.00610      0.02787     -0.00964      0.00201
PD      0.72786      0.50298      0.25298      0.00857     -0.01855     -0.01855
PD      0.50000      0.75093      0.24774     -0.00000      0.01166      0.00514
PD      0.50000      0.49774      0.50093      0.00000      0.00514      0.01166
PD      0.74539      0.74756      0.49756     -0.02764     -0.01222     -0.01222
PD      0.74029      0.50610      0.73853      0.02787     -0.00201      0.00964
PD      0.50000      0.75536      0.74464      0.00000      0.01642     -0.01642
