/* Converted from PWscf output file */ 
#L_UNITS ang 
#E_UNITS eV 
#S_UNITS GPA 
#F_UNITS EV/ANG 
#ALAT 	   8.00731     // a0 
#X 	   1.00000     0.00000     0.00000     // X 
#Y 	   0.00000     1.00000     0.00000     // Y 
#Z 	   0.00000     0.00000     1.00000     // Z 
#SX 	  -0.26703     0.00000     0.00000     // SX 
#SY 	   0.00000    -0.26703     0.00000     // SY 
#SZ 	   0.00000     0.00000    -0.26703     // SZ 
#EPA 	  -3.92507     // Energy per Atom 
#RCUT 	6.5        // Rcut 
PD      0.25000      0.25000      0.25000      0.00000      0.00000      0.00000
PD      0.00265      0.00265      0.00265      0.07718      0.07718      0.07718
PD      0.25000      0.25000     -0.05609      0.00000      0.00000      0.06452
PD      0.25000     -0.05609      0.25000      0.00000      0.06452      0.00000
PD     -0.05609      0.25000      0.25000      0.06452      0.00000     -0.00000
PD      0.00265      0.00265      0.49735      0.07718      0.07718     -0.07718
PD      0.25000      0.25000      0.55609      0.00000      0.00000     -0.06452
PD      0.25000     -0.01586      0.75000     -0.00000      0.03689      0.00000
PD     -0.01586      0.25000      0.75000      0.03689      0.00000      0.00000
PD      0.00265      0.49735      0.00265      0.07718     -0.07718      0.07718
PD      0.25000      0.75000     -0.01586      0.00000      0.00000      0.03689
PD      0.25000      0.55609      0.25000      0.00000     -0.06452      0.00000
PD     -0.01586      0.75000      0.25000      0.03689      0.00000     -0.00000
PD      0.00265      0.49735      0.49735      0.07718     -0.07718     -0.07718
PD      0.25000      0.75000      0.51586      0.00000      0.00000     -0.03689
PD      0.25000      0.51586      0.75000     -0.00000     -0.03689      0.00000
PD     -0.00660      0.75000      0.75000     -0.13060      0.00000      0.00000
PD      0.49735      0.00265      0.00265     -0.07718      0.07718      0.07718
PD      0.75000      0.25000     -0.01586      0.00000      0.00000      0.03689
PD      0.75000     -0.01586      0.25000      0.00000      0.03689     -0.00000
PD      0.55609      0.25000      0.25000     -0.06452     -0.00000      0.00000
PD      0.49735      0.00265      0.49735     -0.07718      0.07718     -0.07718
PD      0.75000      0.25000      0.51586      0.00000      0.00000     -0.03689
PD      0.75000     -0.00660      0.75000     -0.00000     -0.13060     -0.00000
PD      0.51586      0.25000      0.75000     -0.03689      0.00000      0.00000
PD      0.49735      0.49735      0.00265     -0.07718     -0.07718      0.07718
PD      0.75000      0.75000     -0.00660     -0.00000     -0.00000     -0.13060
PD      0.75000      0.51586      0.25000      0.00000     -0.03689     -0.00000
PD      0.51586      0.75000      0.25000     -0.03689      0.00000     -0.00000
PD      0.49735      0.49735      0.49735     -0.07718     -0.07718     -0.07718
PD      0.75000      0.75000      0.50660     -0.00000     -0.00000      0.13060
PD      0.75000      0.50660      0.75000     -0.00000      0.13060     -0.00000
PD      0.50660      0.75000      0.75000      0.13060      0.00000      0.00000
