/* Converted from PWscf output file */ 
#L_UNITS ang 
#E_UNITS eV 
#S_UNITS GPA 
#F_UNITS EV/ANG 
#ALAT 	   8.09742     // a0 
#X 	   1.00000     0.00000     0.00000     // X 
#Y 	   0.00000     1.00000     0.00000     // Y 
#Z 	   0.00000     0.00000     1.00000     // Z 
#SX 	  25.68172     0.00000     0.00000     // SX 
#SY 	   0.00000    25.68172     0.00000     // SY 
#SZ 	   0.00000     0.00000    25.68172     // SZ 
#EPA 	  -3.36844     // Energy per Atom 
#RCUT 	6.5        // Rcut 
PD      0.25000      0.25000      0.25000      0.00000      0.00000      0.00000
PD     -0.00017     -0.00017     -0.00017     -0.08871     -0.08871     -0.08871
PD      0.25000      0.25000     -0.03369      0.00000      0.00000    -17.96016
PD      0.25000     -0.03369      0.25000      0.00000    -17.96016      0.00000
PD     -0.03369      0.25000      0.25000    -17.96016      0.00000      0.00000
PD     -0.00017     -0.00017      0.50017     -0.08871     -0.08871      0.08871
PD      0.25000      0.25000      0.53369      0.00000      0.00000     17.96016
PD      0.25000     -0.00029      0.75000      0.00000     -0.15374      0.00000
PD     -0.00029      0.25000      0.75000     -0.15374     -0.00000     -0.00000
PD     -0.00017      0.50017     -0.00017     -0.08871      0.08871     -0.08871
PD      0.25000      0.75000     -0.00029      0.00000      0.00000     -0.15374
PD      0.25000      0.53369      0.25000      0.00000     17.96016     -0.00000
PD     -0.00029      0.75000      0.25000     -0.15374      0.00000      0.00000
PD     -0.00017      0.50017      0.50017     -0.08871      0.08871      0.08871
PD      0.25000      0.75000      0.50029      0.00000      0.00000      0.15374
PD      0.25000      0.50029      0.75000      0.00000      0.15374      0.00000
PD     -0.00008      0.75000      0.75000     -0.04269      0.00000     -0.00000
PD      0.50017     -0.00017     -0.00017      0.08871     -0.08871     -0.08871
PD      0.75000      0.25000     -0.00029     -0.00000      0.00000     -0.15374
PD      0.75000     -0.00029      0.25000      0.00000     -0.15374      0.00000
PD      0.53369      0.25000      0.25000     17.96016      0.00000      0.00000
PD      0.50017     -0.00017      0.50017      0.08871     -0.08871      0.08871
PD      0.75000      0.25000      0.50029      0.00000      0.00000      0.15374
PD      0.75000     -0.00008      0.75000      0.00000     -0.04269      0.00000
PD      0.50029      0.25000      0.75000      0.15374      0.00000     -0.00000
PD      0.50017      0.50017     -0.00017      0.08871      0.08871     -0.08871
PD      0.75000      0.75000     -0.00008      0.00000      0.00000     -0.04269
PD      0.75000      0.50029      0.25000      0.00000      0.15374      0.00000
PD      0.50029      0.75000      0.25000      0.15374      0.00000      0.00000
PD      0.50017      0.50017      0.50017      0.08871      0.08871      0.08871
PD      0.75000      0.75000      0.50008      0.00000      0.00000      0.04269
PD      0.75000      0.50008      0.75000      0.00000      0.04269      0.00000
PD      0.50008      0.75000      0.75000      0.04269      0.00000      0.00000
