/* Converted from PWscf output file */ 
#L_UNITS ang 
#E_UNITS eV 
#S_UNITS GPA 
#F_UNITS EV/ANG 
#ALAT 	   7.97901     // a0 
#X 	   1.00000     0.00000     0.00000     // X 
#Y 	   0.00000     1.00000     0.00000     // Y 
#Z 	   0.00000     0.00000     1.00000     // Z 
#SX 	   1.71401     0.00000     0.00000     // SX 
#SY 	   0.00000     1.71401     0.00000     // SY 
#SZ 	   0.00000     0.00000     1.71401     // SZ 
#EPA 	  -3.92177     // Energy per Atom 
#RCUT 	6.5        // Rcut 
PD      0.25000      0.25000      0.25000      0.00000      0.00000      0.00000
PD      0.00195      0.00195      0.00195      0.11207      0.11207      0.11207
PD      0.25000      0.25000     -0.05667      0.00000      0.00000      0.10736
PD      0.25000     -0.05667      0.25000      0.00000      0.10736      0.00000
PD     -0.05667      0.25000      0.25000      0.10736     -0.00000     -0.00000
PD      0.00195      0.00195      0.49805      0.11207      0.11207     -0.11207
PD      0.25000      0.25000      0.55667      0.00000      0.00000     -0.10736
PD      0.25000     -0.01592      0.75000      0.00000     -0.28937     -0.00000
PD     -0.01592      0.25000      0.75000     -0.28937      0.00000      0.00000
PD      0.00195      0.49805      0.00195      0.11207     -0.11207      0.11207
PD      0.25000      0.75000     -0.01592      0.00000      0.00000     -0.28937
PD      0.25000      0.55667      0.25000      0.00000     -0.10736      0.00000
PD     -0.01592      0.75000      0.25000     -0.28937      0.00000     -0.00000
PD      0.00195      0.49805      0.49805      0.11207     -0.11207     -0.11207
PD      0.25000      0.75000      0.51592      0.00000      0.00000      0.28937
PD      0.25000      0.51592      0.75000      0.00000      0.28937     -0.00000
PD     -0.00500      0.75000      0.75000     -0.35805      0.00000     -0.00000
PD      0.49805      0.00195      0.00195     -0.11207      0.11207      0.11207
PD      0.75000      0.25000     -0.01592      0.00000      0.00000     -0.28937
PD      0.75000     -0.01592      0.25000     -0.00000     -0.28937      0.00000
PD      0.55667      0.25000      0.25000     -0.10736      0.00000     -0.00000
PD      0.49805      0.00195      0.49805     -0.11207      0.11207     -0.11207
PD      0.75000      0.25000      0.51592      0.00000      0.00000      0.28937
PD      0.75000     -0.00500      0.75000     -0.00000     -0.35805      0.00000
PD      0.51592      0.25000      0.75000      0.28937      0.00000      0.00000
PD      0.49805      0.49805      0.00195     -0.11207     -0.11207      0.11207
PD      0.75000      0.75000     -0.00500     -0.00000     -0.00000     -0.35805
PD      0.75000      0.51592      0.25000     -0.00000      0.28937      0.00000
PD      0.51592      0.75000      0.25000      0.28937      0.00000     -0.00000
PD      0.49805      0.49805      0.49805     -0.11207     -0.11207     -0.11207
PD      0.75000      0.75000      0.50500     -0.00000     -0.00000      0.35805
PD      0.75000      0.50500      0.75000     -0.00000      0.35805      0.00000
PD      0.50500      0.75000      0.75000      0.35805      0.00000     -0.00000
