/* Converted from PWscf output file */ 
#L_UNITS ang 
#E_UNITS eV 
#S_UNITS GPA 
#F_UNITS EV/ANG 
#ALAT 	   8.00651     // a0 
#X 	   1.00000     0.00000     0.00000     // X 
#Y 	   0.00000     1.00000     0.00000     // Y 
#Z 	   0.00000     0.00000     1.00000     // Z 
#SX 	  -0.21963     0.00000     0.00000     // SX 
#SY 	   0.00000    -0.21963     0.00000     // SY 
#SZ 	   0.00000     0.00000    -0.21963     // SZ 
#EPA 	  -3.92536     // Energy per Atom 
#RCUT 	6.5        // Rcut 
PD      0.25000      0.25000      0.25000      0.00000      0.00000      0.00000
PD      0.00321      0.00321      0.00321      0.05990      0.05990      0.05990
PD      0.25000      0.25000     -0.05578     -0.00000     -0.00000      0.02606
PD      0.25000     -0.05578      0.25000     -0.00000      0.02606      0.00000
PD     -0.05578      0.25000      0.25000      0.02606      0.00000      0.00000
PD      0.00321      0.00321      0.49679      0.05990      0.05990     -0.05990
PD      0.25000      0.25000      0.55578     -0.00000     -0.00000     -0.02606
PD      0.25000     -0.01576      0.75000      0.00000      0.02030      0.00000
PD     -0.01576      0.25000      0.75000      0.02030      0.00000      0.00000
PD      0.00321      0.49679      0.00321      0.05990     -0.05990      0.05990
PD      0.25000      0.75000     -0.01576      0.00000      0.00000      0.02030
PD      0.25000      0.55578      0.25000     -0.00000     -0.02606      0.00000
PD     -0.01576      0.75000      0.25000      0.02030      0.00000     -0.00000
PD      0.00321      0.49679      0.49679      0.05990     -0.05990     -0.05990
PD      0.25000      0.75000      0.51576      0.00000      0.00000     -0.02030
PD      0.25000      0.51576      0.75000      0.00000     -0.02030      0.00000
PD     -0.00726      0.75000      0.75000     -0.01925      0.00000      0.00000
PD      0.49679      0.00321      0.00321     -0.05990      0.05990      0.05990
PD      0.75000      0.25000     -0.01576      0.00000      0.00000      0.02030
PD      0.75000     -0.01576      0.25000      0.00000      0.02030      0.00000
PD      0.55578      0.25000      0.25000     -0.02606      0.00000      0.00000
PD      0.49679      0.00321      0.49679     -0.05990      0.05990     -0.05990
PD      0.75000      0.25000      0.51576      0.00000      0.00000     -0.02030
PD      0.75000     -0.00726      0.75000     -0.00000     -0.01925      0.00000
PD      0.51576      0.25000      0.75000     -0.02030      0.00000      0.00000
PD      0.49679      0.49679      0.00321     -0.05990     -0.05990      0.05990
PD      0.75000      0.75000     -0.00726      0.00000      0.00000     -0.01925
PD      0.75000      0.51576      0.25000      0.00000     -0.02030      0.00000
PD      0.51576      0.75000      0.25000     -0.02030      0.00000     -0.00000
PD      0.49679      0.49679      0.49679     -0.05990     -0.05990     -0.05990
PD      0.75000      0.75000      0.50726      0.00000      0.00000      0.01925
PD      0.75000      0.50726      0.75000     -0.00000      0.01925      0.00000
PD      0.50726      0.75000      0.75000      0.01925      0.00000      0.00000
