/* Converted from PWscf output file */ 
#L_UNITS ang 
#E_UNITS eV 
#S_UNITS GPA 
#F_UNITS EV/ANG 
#ALAT 	   8.09742     // a0 
#X 	   1.00000     0.00000     0.00000     // X 
#Y 	   0.00000     1.00000     0.00000     // Y 
#Z 	   0.00000     0.00000     1.00000     // Z 
#SX 	  -4.04359     0.00000     0.00000     // SX 
#SY 	   0.00000    -4.04359     0.00000     // SY 
#SZ 	   0.00000     0.00000    -4.04359     // SZ 
#EPA 	  -3.85880     // Energy per Atom 
#RCUT 	6.5        // Rcut 
PD      0.25000      0.25000      0.25000      0.00000      0.00000      0.00000
PD      0.00002      0.00002      0.00002      0.06278      0.06278      0.06278
PD      0.25000      0.25000     -0.04089      0.00000      0.00000     -2.48085
PD      0.25000     -0.04089      0.25000     -0.00000     -2.48085      0.00000
PD     -0.04089      0.25000      0.25000     -2.48085     -0.00000      0.00000
PD      0.00002      0.00002      0.49998      0.06278      0.06278     -0.06278
PD      0.25000      0.25000      0.54089      0.00000      0.00000      2.48085
PD      0.25000     -0.00266      0.75000      0.00000     -0.80741      0.00000
PD     -0.00266      0.25000      0.75000     -0.80741      0.00000     -0.00000
PD      0.00002      0.49998      0.00002      0.06278     -0.06278      0.06278
PD      0.25000      0.75000     -0.00266      0.00000      0.00000     -0.80741
PD      0.25000      0.54089      0.25000      0.00000      2.48085      0.00000
PD     -0.00266      0.75000      0.25000     -0.80741     -0.00000      0.00000
PD      0.00002      0.49998      0.49998      0.06278     -0.06278     -0.06278
PD      0.25000      0.75000      0.50266      0.00000      0.00000      0.80741
PD      0.25000      0.50266      0.75000     -0.00000      0.80741      0.00000
PD     -0.00034      0.75000      0.75000     -0.08954     -0.00000     -0.00000
PD      0.49998      0.00002      0.00002     -0.06278      0.06278      0.06278
PD      0.75000      0.25000     -0.00266      0.00000      0.00000     -0.80741
PD      0.75000     -0.00266      0.25000      0.00000     -0.80741      0.00000
PD      0.54089      0.25000      0.25000      2.48085      0.00000      0.00000
PD      0.49998      0.00002      0.49998     -0.06278      0.06278     -0.06278
PD      0.75000      0.25000      0.50266     -0.00000      0.00000      0.80741
PD      0.75000     -0.00034      0.75000      0.00000     -0.08954      0.00000
PD      0.50266      0.25000      0.75000      0.80741      0.00000     -0.00000
PD      0.49998      0.49998      0.00002     -0.06278     -0.06278      0.06278
PD      0.75000      0.75000     -0.00034      0.00000     -0.00000     -0.08954
PD      0.75000      0.50266      0.25000      0.00000      0.80741      0.00000
PD      0.50266      0.75000      0.25000      0.80741      0.00000      0.00000
PD      0.49998      0.49998      0.49998     -0.06278     -0.06278     -0.06278
PD      0.75000      0.75000      0.50034      0.00000     -0.00000      0.08954
PD      0.75000      0.50034      0.75000      0.00000      0.08954     -0.00000
PD      0.50034      0.75000      0.75000      0.08954     -0.00000     -0.00000
