/* Converted from PWscf output file */ 
#L_UNITS ang 
#E_UNITS eV 
#S_UNITS GPA 
#F_UNITS EV/ANG 
#ALAT 	   8.03388     // a0 
#X 	   1.00000     0.00000     0.00000     // X 
#Y 	   0.00000     1.00000     0.00000     // Y 
#Z 	   0.00000     0.00000     1.00000     // Z 
#SX 	  -1.21175     0.00000     0.00000     // SX 
#SY 	   0.00000    -1.21175     0.00000     // SY 
#SZ 	   0.00000     0.00000    -1.21175     // SZ 
#EPA 	  -3.89114     // Energy per Atom 
#RCUT 	6.5        // Rcut 
PD      0.25000      0.25000      0.25000      0.00000      0.00000      0.00000
PD      0.00064      0.00064      0.00064      0.08975      0.08975      0.08975
PD      0.25000      0.25000     -0.05149      0.00000      0.00000     -1.33426
PD      0.25000     -0.05149      0.25000      0.00000     -1.33426      0.00000
PD     -0.05149      0.25000      0.25000     -1.33426      0.00000     -0.00000
PD      0.00064      0.00064      0.49936      0.08975      0.08975     -0.08975
PD      0.25000      0.25000      0.55149      0.00000      0.00000      1.33426
PD      0.25000     -0.00909      0.75000      0.00000     -0.90400      0.00000
PD     -0.00909      0.25000      0.75000     -0.90400      0.00000      0.00000
PD      0.00064      0.49936      0.00064      0.08975     -0.08975      0.08975
PD      0.25000      0.75000     -0.00909      0.00000      0.00000     -0.90400
PD      0.25000      0.55149      0.25000      0.00000      1.33426     -0.00000
PD     -0.00909      0.75000      0.25000     -0.90400      0.00000      0.00000
PD      0.00064      0.49936      0.49936      0.08975     -0.08975     -0.08975
PD      0.25000      0.75000      0.50909      0.00000      0.00000      0.90400
PD      0.25000      0.50909      0.75000     -0.00000      0.90400      0.00000
PD     -0.00142      0.75000      0.75000     -0.16007     -0.00000      0.00000
PD      0.49936      0.00064      0.00064     -0.08975      0.08975      0.08975
PD      0.75000      0.25000     -0.00909      0.00000      0.00000     -0.90400
PD      0.75000     -0.00909      0.25000      0.00000     -0.90400      0.00000
PD      0.55149      0.25000      0.25000      1.33426      0.00000     -0.00000
PD      0.49936      0.00064      0.49936     -0.08975      0.08975     -0.08975
PD      0.75000      0.25000      0.50909      0.00000      0.00000      0.90400
PD      0.75000     -0.00142      0.75000      0.00000     -0.16007      0.00000
PD      0.50909      0.25000      0.75000      0.90400      0.00000      0.00000
PD      0.49936      0.49936      0.00064     -0.08975     -0.08975      0.08975
PD      0.75000      0.75000     -0.00142      0.00000     -0.00000     -0.16007
PD      0.75000      0.50909      0.25000      0.00000      0.90400      0.00000
PD      0.50909      0.75000      0.25000      0.90400      0.00000      0.00000
PD      0.49936      0.49936      0.49936     -0.08975     -0.08975     -0.08975
PD      0.75000      0.75000      0.50142      0.00000     -0.00000      0.16007
PD      0.75000      0.50142      0.75000      0.00000      0.16007      0.00000
PD      0.50142      0.75000      0.75000      0.16007     -0.00000      0.00000
