/* Converted from PWscf output file */ 
#L_UNITS ang 
#E_UNITS eV 
#S_UNITS GPA 
#F_UNITS EV/ANG 
#ALAT 	   8.02190     // a0 
#X 	   1.00000     0.00000     0.00000     // X 
#Y 	   0.00000     1.00000     0.00000     // Y 
#Z 	   0.00000     0.00000     1.00000     // Z 
#SX 	  -0.00598     0.00000     0.00000     // SX 
#SY 	   0.00000    -0.00598     0.00000     // SY 
#SZ 	   0.00000     0.00000    -0.00598     // SZ 
#EPA 	  -3.87866     // Energy per Atom 
#RCUT 	6.5        // Rcut 
PD      0.12500      0.12500      0.12500      0.00000      0.00000      0.00000
PD     -0.04168     -0.04168     -0.04168      0.01699      0.01699      0.01699
PD      0.29168      0.29168     -0.04168     -0.01699     -0.01699      0.01699
PD      0.29168     -0.04168      0.29168     -0.01699      0.01699     -0.01699
PD     -0.04168      0.29168      0.29168      0.01699     -0.01699     -0.01699
PD      0.00031      0.00031      0.49938      0.04214      0.04214     -0.05996
PD      0.24969      0.24969      0.49938     -0.04214     -0.04214     -0.05996
PD      0.24969      0.00031      0.75062     -0.04214      0.04214      0.05996
PD      0.00031      0.24969      0.75062      0.04214     -0.04214      0.05996
PD      0.00031      0.49938      0.00031      0.04214     -0.05996      0.04214
PD      0.24969      0.75062      0.00031     -0.04214      0.05996      0.04214
PD      0.24969      0.49938      0.24969     -0.04214     -0.05996     -0.04214
PD      0.00031      0.75062      0.24969      0.04214      0.05996     -0.04214
PD     -0.00140      0.51080      0.51080     -0.06742     -0.00500     -0.00500
PD      0.25140      0.73920      0.51080      0.06742      0.00500     -0.00500
PD      0.25140      0.51080      0.73920      0.06742     -0.00500      0.00500
PD     -0.00140      0.73920      0.73920     -0.06742      0.00500      0.00500
PD      0.49938      0.00031      0.00031     -0.05996      0.04214      0.04214
PD      0.75062      0.24969      0.00031      0.05996     -0.04214      0.04214
PD      0.75062      0.00031      0.24969      0.05996      0.04214     -0.04214
PD      0.49938      0.24969      0.24969     -0.05996     -0.04214     -0.04214
PD      0.51080     -0.00140      0.51080     -0.00500     -0.06742     -0.00500
PD      0.73920      0.25140      0.51080      0.00500      0.06742     -0.00500
PD      0.73920     -0.00140      0.73920      0.00500     -0.06742      0.00500
PD      0.51080      0.25140      0.73920     -0.00500      0.06742      0.00500
PD      0.51080      0.51080     -0.00140     -0.00500     -0.00500     -0.06742
PD      0.73920      0.73920     -0.00140      0.00500      0.00500     -0.06742
PD      0.73920      0.51080      0.25140      0.00500     -0.00500      0.06742
PD      0.51080      0.73920      0.25140     -0.00500      0.00500      0.06742
PD      0.49987      0.49987      0.49987     -0.01281     -0.01281     -0.01281
PD      0.75013      0.75013      0.49987      0.01281      0.01281     -0.01281
PD      0.75013      0.49987      0.75013      0.01281     -0.01281      0.01281
PD      0.49987      0.75013      0.75013     -0.01281      0.01281      0.01281
