/* Converted from PWscf output file */ 
#L_UNITS ang 
#E_UNITS eV 
#S_UNITS GPA 
#F_UNITS EV/ANG 
#ALAT 	   7.98773     // a0 
#X 	   1.00000     0.00000     0.00000     // X 
#Y 	   0.00000     1.00000     0.00000     // Y 
#Z 	   0.00000     0.00000     1.00000     // Z 
#SX 	   7.29895     0.00000     0.00000     // SX 
#SY 	   0.00000     7.29895     0.00000     // SY 
#SZ 	   0.00000     0.00000     7.29895     // SZ 
#EPA 	  -3.67679     // Energy per Atom 
#RCUT 	6.5        // Rcut 
PD      0.12500      0.12500      0.12500      0.00000      0.00000      0.00000
PD     -0.02612     -0.02612     -0.02612     -7.01947     -7.01947     -7.01947
PD      0.27612      0.27612     -0.02612      7.01947      7.01947     -7.01947
PD      0.27612     -0.02612      0.27612      7.01947     -7.01947      7.01947
PD     -0.02612      0.27612      0.27612     -7.01947      7.01947      7.01947
PD     -0.00013     -0.00013      0.50027     -0.03790     -0.03790      0.07613
PD      0.25013      0.25013      0.50027      0.03790      0.03790      0.07613
PD      0.25013     -0.00013      0.74973      0.03790     -0.03790     -0.07613
PD     -0.00013      0.25013      0.74973     -0.03790      0.03790     -0.07613
PD     -0.00013      0.50027     -0.00013     -0.03790      0.07613     -0.03790
PD      0.25013      0.74973     -0.00013      0.03790     -0.07613     -0.03790
PD      0.25013      0.50027      0.25013      0.03790      0.07613      0.03790
PD     -0.00013      0.74973      0.25013     -0.03790     -0.07613      0.03790
PD      0.00001      0.50176      0.50176      0.00313      0.50612      0.50612
PD      0.24999      0.74824      0.50176     -0.00313     -0.50612      0.50612
PD      0.24999      0.50176      0.74824     -0.00313      0.50612     -0.50612
PD      0.00001      0.74824      0.74824      0.00313     -0.50612     -0.50612
PD      0.50027     -0.00013     -0.00013      0.07613     -0.03790     -0.03790
PD      0.74973      0.25013     -0.00013     -0.07613      0.03790     -0.03790
PD      0.74973     -0.00013      0.25013     -0.07613     -0.03790      0.03790
PD      0.50027      0.25013      0.25013      0.07613      0.03790      0.03790
PD      0.50176      0.00001      0.50176      0.50612      0.00313      0.50612
PD      0.74824      0.24999      0.50176     -0.50612     -0.00313      0.50612
PD      0.74824      0.00001      0.74824     -0.50612      0.00313     -0.50612
PD      0.50176      0.24999      0.74824      0.50612     -0.00313     -0.50612
PD      0.50176      0.50176      0.00001      0.50612      0.50612      0.00313
PD      0.74824      0.74824      0.00001     -0.50612     -0.50612      0.00313
PD      0.74824      0.50176      0.24999     -0.50612      0.50612     -0.00313
PD      0.50176      0.74824      0.24999      0.50612     -0.50612     -0.00313
PD      0.49998      0.49998      0.49998     -0.00450     -0.00450     -0.00450
PD      0.75002      0.75002      0.49998      0.00450      0.00450     -0.00450
PD      0.75002      0.49998      0.75002      0.00450     -0.00450      0.00450
PD      0.49998      0.75002      0.75002     -0.00450      0.00450      0.00450
