/* Converted from PWscf output file */ 
#L_UNITS ang 
#E_UNITS eV 
#S_UNITS GPA 
#F_UNITS EV/ANG 
#ALAT 	   8.02006     // a0 
#X 	   1.00000     0.00000     0.00000     // X 
#Y 	   0.00000     1.00000     0.00000     // Y 
#Z 	   0.00000     0.00000     1.00000     // Z 
#SX 	   0.10981     0.00000     0.00000     // SX 
#SY 	   0.00000     0.10981     0.00000     // SY 
#SZ 	   0.00000     0.00000     0.10981     // SZ 
#EPA 	  -3.87850     // Energy per Atom 
#RCUT 	6.5        // Rcut 
PD      0.12500      0.12500      0.12500      0.00000      0.00000      0.00000
PD     -0.04147     -0.04147     -0.04147     -0.03393     -0.03393     -0.03393
PD      0.29147      0.29147     -0.04147      0.03393      0.03393     -0.03393
PD      0.29147     -0.04147      0.29147      0.03393     -0.03393      0.03393
PD     -0.04147      0.29147      0.29147     -0.03393      0.03393      0.03393
PD      0.00001      0.00001      0.49983      0.04688      0.04688     -0.06773
PD      0.24999      0.24999      0.49983     -0.04688     -0.04688     -0.06773
PD      0.24999      0.00001      0.75017     -0.04688      0.04688      0.06773
PD      0.00001      0.24999      0.75017      0.04688     -0.04688      0.06773
PD      0.00001      0.49983      0.00001      0.04688     -0.06773      0.04688
PD      0.24999      0.75017      0.00001     -0.04688      0.06773      0.04688
PD      0.24999      0.49983      0.24999     -0.04688     -0.06773     -0.04688
PD      0.00001      0.75017      0.24999      0.04688      0.06773     -0.04688
PD     -0.00087      0.51064      0.51064     -0.08690      0.01606      0.01606
PD      0.25087      0.73936      0.51064      0.08690     -0.01606      0.01606
PD      0.25087      0.51064      0.73936      0.08690      0.01606     -0.01606
PD     -0.00087      0.73936      0.73936     -0.08690     -0.01606     -0.01606
PD      0.49983      0.00001      0.00001     -0.06773      0.04688      0.04688
PD      0.75017      0.24999      0.00001      0.06773     -0.04688      0.04688
PD      0.75017      0.00001      0.24999      0.06773      0.04688     -0.04688
PD      0.49983      0.24999      0.24999     -0.06773     -0.04688     -0.04688
PD      0.51064     -0.00087      0.51064      0.01606     -0.08690      0.01606
PD      0.73936      0.25087      0.51064     -0.01606      0.08690      0.01606
PD      0.73936     -0.00087      0.73936     -0.01606     -0.08690     -0.01606
PD      0.51064      0.25087      0.73936      0.01606      0.08690     -0.01606
PD      0.51064      0.51064     -0.00087      0.01606      0.01606     -0.08690
PD      0.73936      0.73936     -0.00087     -0.01606     -0.01606     -0.08690
PD      0.73936      0.51064      0.25087     -0.01606      0.01606      0.08690
PD      0.51064      0.73936      0.25087      0.01606     -0.01606      0.08690
PD      0.49995      0.49995      0.49995     -0.00805     -0.00805     -0.00805
PD      0.75005      0.75005      0.49995      0.00805      0.00805     -0.00805
PD      0.75005      0.49995      0.75005      0.00805     -0.00805      0.00805
PD      0.49995      0.75005      0.75005     -0.00805      0.00805      0.00805
