/* Converted from PWscf output file */ 
#L_UNITS ang 
#E_UNITS eV 
#S_UNITS GPA 
#F_UNITS EV/ANG 
#ALAT 	   8.02331     // a0 
#X 	   1.00000     0.00000     0.00000     // X 
#Y 	   0.00000     1.00000     0.00000     // Y 
#Z 	   0.00000     0.00000     1.00000     // Z 
#SX 	  -0.09815     0.00000     0.00000     // SX 
#SY 	   0.00000    -0.09815     0.00000     // SY 
#SZ 	   0.00000     0.00000    -0.09815     // SZ 
#EPA 	  -3.87894     // Energy per Atom 
#RCUT 	6.5        // Rcut 
PD      0.12500      0.12500      0.12500      0.00000      0.00000      0.00000
PD     -0.04150     -0.04150     -0.04150      0.04613      0.04613      0.04613
PD      0.29150      0.29150     -0.04150     -0.04613     -0.04613      0.04613
PD      0.29150     -0.04150      0.29150     -0.04613      0.04613     -0.04613
PD     -0.04150      0.29150      0.29150      0.04613     -0.04613     -0.04613
PD      0.00079      0.00079      0.49870      0.01107      0.01107     -0.01561
PD      0.24921      0.24921      0.49870     -0.01107     -0.01107     -0.01561
PD      0.24921      0.00079      0.75130     -0.01107      0.01107      0.01561
PD      0.00079      0.24921      0.75130      0.01107     -0.01107      0.01561
PD      0.00079      0.49870      0.00079      0.01107     -0.01561      0.01107
PD      0.24921      0.75130      0.00079     -0.01107      0.01561      0.01107
PD      0.24921      0.49870      0.24921     -0.01107     -0.01561     -0.01107
PD      0.00079      0.75130      0.24921      0.01107      0.01561     -0.01107
PD     -0.00201      0.51076      0.51076      0.01257     -0.00328     -0.00328
PD      0.25201      0.73924      0.51076     -0.01257      0.00328     -0.00328
PD      0.25201      0.51076      0.73924     -0.01257     -0.00328      0.00328
PD     -0.00201      0.73924      0.73924      0.01257      0.00328      0.00328
PD      0.49870      0.00079      0.00079     -0.01561      0.01107      0.01107
PD      0.75130      0.24921      0.00079      0.01561     -0.01107      0.01107
PD      0.75130      0.00079      0.24921      0.01561      0.01107     -0.01107
PD      0.49870      0.24921      0.24921     -0.01561     -0.01107     -0.01107
PD      0.51076     -0.00201      0.51076     -0.00328      0.01257     -0.00328
PD      0.73924      0.25201      0.51076      0.00328     -0.01257     -0.00328
PD      0.73924     -0.00201      0.73924      0.00328      0.01257      0.00328
PD      0.51076      0.25201      0.73924     -0.00328     -0.01257      0.00328
PD      0.51076      0.51076     -0.00201     -0.00328     -0.00328      0.01257
PD      0.73924      0.73924     -0.00201      0.00328      0.00328      0.01257
PD      0.73924      0.51076      0.25201      0.00328     -0.00328     -0.01257
PD      0.51076      0.73924      0.25201     -0.00328      0.00328     -0.01257
PD      0.49963      0.49963      0.49963     -0.02210     -0.02210     -0.02210
PD      0.75037      0.75037      0.49963      0.02210      0.02210     -0.02210
PD      0.75037      0.49963      0.75037      0.02210     -0.02210      0.02210
PD      0.49963      0.75037      0.75037     -0.02210      0.02210      0.02210
