/* Converted from PWscf output file */ 
#L_UNITS ang 
#E_UNITS eV 
#S_UNITS GPA 
#F_UNITS EV/ANG 
#ALAT 	   7.99471     // a0 
#X 	   1.00000     0.00000     0.00000     // X 
#Y 	   0.00000     1.00000     0.00000     // Y 
#Z 	   0.00000     0.00000     1.00000     // Z 
#SX 	   4.00086     0.00000     0.00000     // SX 
#SY 	   0.00000     4.00086     0.00000     // SY 
#SZ 	   0.00000     0.00000     4.00086     // SZ 
#EPA 	  -3.78744     // Energy per Atom 
#RCUT 	6.5        // Rcut 
PD      0.12500      0.12500      0.12500      0.00000      0.00000      0.00000
PD     -0.03346     -0.03346     -0.03346     -3.86711     -3.86711     -3.86711
PD      0.28346      0.28346     -0.03346      3.86711      3.86711     -3.86711
PD      0.28346     -0.03346      0.28346      3.86711     -3.86711      3.86711
PD     -0.03346      0.28346      0.28346     -3.86711      3.86711      3.86711
PD     -0.00027     -0.00027      0.50040     -0.02361     -0.02361      0.03073
PD      0.25027      0.25027      0.50040      0.02361      0.02361      0.03073
PD      0.25027     -0.00027      0.74960      0.02361     -0.02361     -0.03073
PD     -0.00027      0.25027      0.74960     -0.02361      0.02361     -0.03073
PD     -0.00027      0.50040     -0.00027     -0.02361      0.03073     -0.02361
PD      0.25027      0.74960     -0.00027      0.02361     -0.03073     -0.02361
PD      0.25027      0.50040      0.25027      0.02361      0.03073      0.02361
PD     -0.00027      0.74960      0.25027     -0.02361     -0.03073      0.02361
PD     -0.00000      0.50517      0.50517     -0.00958      0.57373      0.57373
PD      0.25000      0.74483      0.50517      0.00958     -0.57373      0.57373
PD      0.25000      0.50517      0.74483      0.00958      0.57373     -0.57373
PD     -0.00000      0.74483      0.74483     -0.00958     -0.57373     -0.57373
PD      0.50040     -0.00027     -0.00027      0.03073     -0.02361     -0.02361
PD      0.74960      0.25027     -0.00027     -0.03073      0.02361     -0.02361
PD      0.74960     -0.00027      0.25027     -0.03073     -0.02361      0.02361
PD      0.50040      0.25027      0.25027      0.03073      0.02361      0.02361
PD      0.50517     -0.00000      0.50517      0.57373     -0.00958      0.57373
PD      0.74483      0.25000      0.50517     -0.57373      0.00958      0.57373
PD      0.74483     -0.00000      0.74483     -0.57373     -0.00958     -0.57373
PD      0.50517      0.25000      0.74483      0.57373      0.00958     -0.57373
PD      0.50517      0.50517     -0.00000      0.57373      0.57373     -0.00958
PD      0.74483      0.74483     -0.00000     -0.57373     -0.57373     -0.00958
PD      0.74483      0.50517      0.25000     -0.57373      0.57373      0.00958
PD      0.50517      0.74483      0.25000      0.57373     -0.57373      0.00958
PD      0.49998      0.49998      0.49998     -0.00048     -0.00048     -0.00048
PD      0.75002      0.75002      0.49998      0.00048      0.00048     -0.00048
PD      0.75002      0.49998      0.75002      0.00048     -0.00048      0.00048
PD      0.49998      0.75002      0.75002     -0.00048      0.00048      0.00048
