/* Converted from PWscf output file */ 
#L_UNITS ang 
#E_UNITS eV 
#S_UNITS GPA 
#F_UNITS EV/ANG 
#ALAT 	   8.02343     // a0 
#X 	   1.00000     0.00000     0.00000     // X 
#Y 	   0.00000     1.00000     0.00000     // Y 
#Z 	   0.00000     0.00000     1.00000     // Z 
#SX 	  -0.10967     0.00000     0.00000     // SX 
#SY 	   0.00000    -0.10967     0.00000     // SY 
#SZ 	   0.00000     0.00000    -0.10967     // SZ 
#EPA 	  -3.87884     // Energy per Atom 
#RCUT 	6.5        // Rcut 
PD      0.12500      0.12500      0.12500      0.00000      0.00000      0.00000
PD     -0.04165     -0.04165     -0.04165      0.04948      0.04948      0.04948
PD      0.29165      0.29165     -0.04165     -0.04948     -0.04948      0.04948
PD      0.29165     -0.04165      0.29165     -0.04948      0.04948     -0.04948
PD     -0.04165      0.29165      0.29165      0.04948     -0.04948     -0.04948
PD      0.00067      0.00067      0.49887      0.02888      0.02888     -0.04110
PD      0.24933      0.24933      0.49887     -0.02888     -0.02888     -0.04110
PD      0.24933      0.00067      0.75113     -0.02888      0.02888      0.04110
PD      0.00067      0.24933      0.75113      0.02888     -0.02888      0.04110
PD      0.00067      0.49887      0.00067      0.02888     -0.04110      0.02888
PD      0.24933      0.75113      0.00067     -0.02888      0.04110      0.02888
PD      0.24933      0.49887      0.24933     -0.02888     -0.04110     -0.02888
PD      0.00067      0.75113      0.24933      0.02888      0.04110     -0.02888
PD     -0.00192      0.51083      0.51083     -0.02866     -0.01049     -0.01049
PD      0.25192      0.73917      0.51083      0.02866      0.01049     -0.01049
PD      0.25192      0.51083      0.73917      0.02866     -0.01049      0.01049
PD     -0.00192      0.73917      0.73917     -0.02866      0.01049      0.01049
PD      0.49887      0.00067      0.00067     -0.04110      0.02888      0.02888
PD      0.75113      0.24933      0.00067      0.04110     -0.02888      0.02888
PD      0.75113      0.00067      0.24933      0.04110      0.02888     -0.02888
PD      0.49887      0.24933      0.24933     -0.04110     -0.02888     -0.02888
PD      0.51083     -0.00192      0.51083     -0.01049     -0.02866     -0.01049
PD      0.73917      0.25192      0.51083      0.01049      0.02866     -0.01049
PD      0.73917     -0.00192      0.73917      0.01049     -0.02866      0.01049
PD      0.51083      0.25192      0.73917     -0.01049      0.02866      0.01049
PD      0.51083      0.51083     -0.00192     -0.01049     -0.01049     -0.02866
PD      0.73917      0.73917     -0.00192      0.01049      0.01049     -0.02866
PD      0.73917      0.51083      0.25192      0.01049     -0.01049      0.02866
PD      0.51083      0.73917      0.25192     -0.01049      0.01049      0.02866
PD      0.49974      0.49974      0.49974     -0.01919     -0.01919     -0.01919
PD      0.75026      0.75026      0.49974      0.01919      0.01919     -0.01919
PD      0.75026      0.49974      0.75026      0.01919     -0.01919      0.01919
PD      0.49974      0.75026      0.75026     -0.01919      0.01919      0.01919
