/* Converted from PWscf output file */ 
#L_UNITS ang 
#E_UNITS eV 
#S_UNITS GPA 
#F_UNITS EV/ANG 
#ALAT 	   7.81391     // a0 
#X 	   1.00000     0.00000     0.00000     // X 
#Y 	   0.00000     1.00000     0.00000     // Y 
#Z 	   0.00000     0.00000     1.00000     // Z 
#SX 	   0.33032     0.00000     0.00000     // SX 
#SY 	   0.00000     0.33032     0.00000     // SY 
#SZ 	   0.00000     0.00000     0.33032     // SZ 
#EPA 	  -3.99721     // Energy per Atom 
#RCUT 	6.5        // Rcut 
PD      0.24662      0.24662      0.00000     -0.10672     -0.10672      0.00000
PD      0.24662      0.00000      0.24662     -0.10672      0.00000     -0.10672
PD      0.00000      0.24662      0.24662      0.00000     -0.10672     -0.10672
PD      0.00000      0.00000      0.50000      0.00000      0.00000      0.00000
PD      0.24924      0.24924      0.50000     -0.03607     -0.03607      0.00000
PD      0.24662      0.00000      0.75338     -0.10672      0.00000      0.10672
PD      0.00000      0.24662      0.75338      0.00000     -0.10672      0.10672
PD      0.00000      0.50000      0.00000      0.00000      0.00000      0.00000
PD      0.24662      0.75338     -0.00000     -0.10672      0.10672     -0.00000
PD      0.24924      0.50000      0.24924     -0.03607      0.00000     -0.03607
PD     -0.00000      0.75338      0.24662      0.00000      0.10672     -0.10672
PD      0.00000      0.50000      0.50000      0.00000      0.00000      0.00000
PD      0.24924      0.75076      0.50000     -0.03607      0.03607     -0.00000
PD      0.24924      0.50000      0.75076     -0.03607     -0.00000      0.03607
PD      0.00000      0.75338      0.75338      0.00000      0.10672      0.10672
PD      0.50000      0.00000      0.00000      0.00000      0.00000      0.00000
PD      0.75338      0.24662     -0.00000      0.10672     -0.10672     -0.00000
PD      0.75338      0.00000      0.24662      0.10672      0.00000     -0.10672
PD      0.50000      0.24924      0.24924      0.00000     -0.03607     -0.03607
PD      0.50000      0.00000      0.50000      0.00000      0.00000      0.00000
PD      0.75076      0.24924      0.50000      0.03607     -0.03607     -0.00000
PD      0.75338      0.00000      0.75338      0.10672      0.00000      0.10672
PD      0.50000      0.24924      0.75076      0.00000     -0.03607      0.03607
PD      0.50000      0.50000      0.00000      0.00000      0.00000      0.00000
PD      0.75338      0.75338      0.00000      0.10672      0.10672      0.00000
PD      0.75076      0.50000      0.24924      0.03607     -0.00000     -0.03607
PD      0.50000      0.75076      0.24924      0.00000      0.03607     -0.03607
PD      0.50000      0.50000      0.50000      0.00000      0.00000      0.00000
PD      0.75076      0.75076      0.50000      0.03607      0.03607     -0.00000
PD      0.75076      0.50000      0.75076      0.03607      0.00000      0.03607
PD      0.50000      0.75076      0.75076      0.00000      0.03607      0.03607
