/* Converted from PWscf output file */ 
#L_UNITS ang 
#E_UNITS eV 
#S_UNITS GPA 
#F_UNITS EV/ANG 
#ALAT 	   7.81307     // a0 
#X 	   1.00000     0.00000     0.00000     // X 
#Y 	   0.00000     1.00000     0.00000     // Y 
#Z 	   0.00000     0.00000     1.00000     // Z 
#SX 	   0.26805     0.00000     0.00000     // SX 
#SY 	   0.00000     0.26805     0.00000     // SY 
#SZ 	   0.00000     0.00000     0.26805     // SZ 
#EPA 	  -3.99780     // Energy per Atom 
#RCUT 	6.5        // Rcut 
PD      0.24596      0.24596      0.00000     -0.00253     -0.00253     -0.00000
PD      0.24596      0.00000      0.24596     -0.00253      0.00000     -0.00253
PD      0.00000      0.24596      0.24596      0.00000     -0.00253     -0.00253
PD      0.00000      0.00000      0.50000      0.00000      0.00000      0.00000
PD      0.24894      0.24894      0.50000     -0.01368     -0.01368      0.00000
PD      0.24596      0.00000      0.75404     -0.00253      0.00000      0.00253
PD      0.00000      0.24596      0.75404      0.00000     -0.00253      0.00253
PD      0.00000      0.50000      0.00000      0.00000      0.00000      0.00000
PD      0.24596      0.75404     -0.00000     -0.00253      0.00253      0.00000
PD      0.24894      0.50000      0.24894     -0.01368      0.00000     -0.01368
PD     -0.00000      0.75404      0.24596      0.00000      0.00253     -0.00253
PD      0.00000      0.50000      0.50000      0.00000      0.00000      0.00000
PD      0.24894      0.75106      0.50000     -0.01368      0.01368      0.00000
PD      0.24894      0.50000      0.75106     -0.01368     -0.00000      0.01368
PD      0.00000      0.75404      0.75404      0.00000      0.00253      0.00253
PD      0.50000      0.00000      0.00000      0.00000      0.00000      0.00000
PD      0.75404      0.24596     -0.00000      0.00253     -0.00253      0.00000
PD      0.75404      0.00000      0.24596      0.00253      0.00000     -0.00253
PD      0.50000      0.24894      0.24894      0.00000     -0.01368     -0.01368
PD      0.50000      0.00000      0.50000      0.00000      0.00000      0.00000
PD      0.75106      0.24894      0.50000      0.01368     -0.01368      0.00000
PD      0.75404     -0.00000      0.75404      0.00253      0.00000      0.00253
PD      0.50000      0.24894      0.75106      0.00000     -0.01368      0.01368
PD      0.50000      0.50000      0.00000      0.00000      0.00000      0.00000
PD      0.75404      0.75404      0.00000      0.00253      0.00253     -0.00000
PD      0.75106      0.50000      0.24894      0.01368     -0.00000     -0.01368
PD      0.50000      0.75106      0.24894      0.00000      0.01368     -0.01368
PD      0.50000      0.50000      0.50000      0.00000      0.00000      0.00000
PD      0.75106      0.75106      0.50000      0.01368      0.01368      0.00000
PD      0.75106      0.50000      0.75106      0.01368      0.00000      0.01368
PD      0.50000      0.75106      0.75106      0.00000      0.01368      0.01368
