/* Converted from PWscf output file */ 
#L_UNITS ang 
#E_UNITS eV 
#S_UNITS GPA 
#F_UNITS EV/ANG 
#ALAT 	   7.80921     // a0 
#X 	   1.00000     0.00000     0.00000     // X 
#Y 	   0.00000     1.00000     0.00000     // Y 
#Z 	   0.00000     0.00000     1.00000     // Z 
#SX 	   0.59603     0.00000     0.00000     // SX 
#SY 	   0.00000     0.59603     0.00000     // SY 
#SZ 	   0.00000     0.00000     0.59603     // SZ 
#EPA 	  -3.99763     // Energy per Atom 
#RCUT 	6.5        // Rcut 
PD      0.24605      0.24605      0.00000     -0.04390     -0.04390     -0.00000
PD      0.24605      0.00000      0.24605     -0.04390      0.00000     -0.04390
PD      0.00000      0.24605      0.24605     -0.00000     -0.04390     -0.04390
PD      0.00000      0.00000      0.50000      0.00000      0.00000      0.00000
PD      0.24902      0.24902      0.50000     -0.02464     -0.02464     -0.00000
PD      0.24605      0.00000      0.75395     -0.04390      0.00000      0.04390
PD      0.00000      0.24605      0.75395      0.00000     -0.04390      0.04390
PD      0.00000      0.50000      0.00000      0.00000      0.00000      0.00000
PD      0.24605      0.75395     -0.00000     -0.04390      0.04390     -0.00000
PD      0.24902      0.50000      0.24902     -0.02464      0.00000     -0.02464
PD     -0.00000      0.75395      0.24605     -0.00000      0.04390     -0.04390
PD      0.00000      0.50000      0.50000      0.00000      0.00000      0.00000
PD      0.24902      0.75098      0.50000     -0.02464      0.02464      0.00000
PD      0.24902      0.50000      0.75098     -0.02464      0.00000      0.02464
PD      0.00000      0.75395      0.75395      0.00000      0.04390      0.04390
PD      0.50000      0.00000      0.00000      0.00000      0.00000      0.00000
PD      0.75395      0.24605     -0.00000      0.04390     -0.04390     -0.00000
PD      0.75395      0.00000      0.24605      0.04390      0.00000     -0.04390
PD      0.50000      0.24902      0.24902      0.00000     -0.02464     -0.02464
PD      0.50000      0.00000      0.50000      0.00000      0.00000      0.00000
PD      0.75098      0.24902      0.50000      0.02464     -0.02464      0.00000
PD      0.75395     -0.00000      0.75395      0.04390     -0.00000      0.04390
PD      0.50000      0.24902      0.75098      0.00000     -0.02464      0.02464
PD      0.50000      0.50000      0.00000      0.00000      0.00000      0.00000
PD      0.75395      0.75395      0.00000      0.04390      0.04390     -0.00000
PD      0.75098      0.50000      0.24902      0.02464      0.00000     -0.02464
PD      0.50000      0.75098      0.24902      0.00000      0.02464     -0.02464
PD      0.50000      0.50000      0.50000      0.00000      0.00000      0.00000
PD      0.75098      0.75098      0.50000      0.02464      0.02464     -0.00000
PD      0.75098      0.50000      0.75098      0.02464      0.00000      0.02464
PD      0.50000      0.75098      0.75098      0.00000      0.02464      0.02464
