/* Converted from PWscf output file */ 
#L_UNITS ang 
#E_UNITS eV 
#S_UNITS GPA 
#F_UNITS EV/ANG 
#ALAT 	   7.84840     // a0 
#X 	   1.00000     0.00000     0.00000     // X 
#Y 	   0.00000     1.00000     0.00000     // Y 
#Z 	   0.00000     0.00000     1.00000     // Z 
#SX 	  17.64339     0.00000     0.00000     // SX 
#SY 	   0.00000    17.64339     0.00000     // SY 
#SZ 	   0.00000     0.00000    17.64339     // SZ 
#EPA 	  -3.93416     // Energy per Atom 
#RCUT 	6.5        // Rcut 
PD      0.24867      0.24867      0.00000     -0.49149     -0.49149      0.00000
PD      0.24867      0.00000      0.24867     -0.49149      0.00000     -0.49149
PD     -0.00000      0.24867      0.24867     -0.00000     -0.49149     -0.49149
PD      0.00000      0.00000      0.50000      0.00000      0.00000      0.00000
PD      0.24987      0.24987      0.50000     -0.04758     -0.04758      0.00000
PD      0.24867      0.00000      0.75133     -0.49149      0.00000      0.49149
PD     -0.00000      0.24867      0.75133     -0.00000     -0.49149      0.49149
PD      0.00000      0.50000      0.00000      0.00000      0.00000      0.00000
PD      0.24867      0.75133     -0.00000     -0.49149      0.49149     -0.00000
PD      0.24987      0.50000      0.24987     -0.04758      0.00000     -0.04758
PD      0.00000      0.75133      0.24867      0.00000      0.49149     -0.49149
PD      0.00000      0.50000      0.50000      0.00000      0.00000      0.00000
PD      0.24987      0.75013      0.50000     -0.04758      0.04758      0.00000
PD      0.24987      0.50000      0.75013     -0.04758      0.00000      0.04758
PD     -0.00000      0.75133      0.75133     -0.00000      0.49149      0.49149
PD      0.50000      0.00000      0.00000      0.00000      0.00000      0.00000
PD      0.75133      0.24867      0.00000      0.49149     -0.49149      0.00000
PD      0.75133     -0.00000      0.24867      0.49149     -0.00000     -0.49149
PD      0.50000      0.24987      0.24987      0.00000     -0.04758     -0.04758
PD      0.50000      0.00000      0.50000      0.00000      0.00000      0.00000
PD      0.75013      0.24987      0.50000      0.04758     -0.04758      0.00000
PD      0.75133     -0.00000      0.75133      0.49149     -0.00000      0.49149
PD      0.50000      0.24987      0.75013      0.00000     -0.04758      0.04758
PD      0.50000      0.50000      0.00000      0.00000      0.00000      0.00000
PD      0.75133      0.75133      0.00000      0.49149      0.49149      0.00000
PD      0.75013      0.50000      0.24987      0.04758      0.00000     -0.04758
PD      0.50000      0.75013      0.24987      0.00000      0.04758     -0.04758
PD      0.50000      0.50000      0.50000      0.00000      0.00000      0.00000
PD      0.75013      0.75013      0.50000      0.04758      0.04758      0.00000
PD      0.75013      0.50000      0.75013      0.04758      0.00000      0.04758
PD      0.50000      0.75013      0.75013      0.00000      0.04758      0.04758
