/* Converted from PWscf output file */ 
#L_UNITS ang 
#E_UNITS eV 
#S_UNITS GPA 
#F_UNITS EV/ANG 
#ALAT 	   7.61797     // a0 
#X 	   1.00000     0.00000     0.00000     // X 
#Y 	   0.00000     1.00000     0.00000     // Y 
#Z 	   0.00000     0.00000     1.25000     // Z 
#SX 	 -10.25490     0.00000     0.00000     // SX 
#SY 	   0.00000   -10.25490     0.00000     // SY 
#SZ 	   0.00000     0.00000   -13.01820     // SZ 
#EPA 	  -6.11021     // Energy per Atom 
#RCUT 	6.5        // Rcut 
RU      0.00000      0.00000      0.00000      0.00000      0.00000      1.21517
RU      0.25000      0.25000      0.00000     -0.00004     -0.00004      1.21514
RU      0.25000      0.00000      0.20000     -0.00034      0.00000     -0.34248
RU      0.00000      0.25000      0.20000      0.00000     -0.00034     -0.34248
RU      0.00000      0.00000      0.60000      0.00000      0.00000      0.34242
RU      0.25000      0.25000      0.60000     -0.00001     -0.00001      0.34229
RU      0.25000      0.00000      0.80000     -0.00017      0.00000     -1.21505
RU      0.00000      0.25000      0.80000     -0.00000     -0.00017     -1.21505
RU      0.00000      0.50000      0.00000      0.00000      0.00000      1.21530
RU      0.25000      0.75000      0.00000     -0.00004      0.00004      1.21514
RU      0.25000      0.50000      0.20000      0.00023      0.00000     -0.34260
RU      0.00000      0.75000      0.20000      0.00000      0.00034     -0.34248
RU      0.00000      0.50000      0.60000      0.00000      0.00000      0.34248
RU      0.25000      0.75000      0.60000     -0.00001      0.00001      0.34229
RU      0.25000      0.50000      0.80000      0.00030      0.00000     -1.21497
RU      0.00000      0.75000      0.80000      0.00000      0.00017     -1.21505
RU      0.50000      0.00000      0.00000      0.00000      0.00000      1.21530
RU      0.75000      0.25000      0.00000      0.00004     -0.00004      1.21514
RU      0.75000      0.00000      0.20000      0.00034      0.00000     -0.34248
RU      0.50000      0.25000      0.20000      0.00000      0.00023     -0.34260
RU      0.50000      0.00000      0.60000      0.00000      0.00000      0.34248
RU      0.75000      0.25000      0.60000      0.00001     -0.00001      0.34229
RU      0.75000      0.00000      0.80000      0.00017     -0.00000     -1.21505
RU      0.50000      0.25000      0.80000      0.00000      0.00030     -1.21497
RU      0.50000      0.50000      0.00000      0.00000      0.00000      1.21511
RU      0.75000      0.75000      0.00000      0.00004      0.00004      1.21514
RU      0.75000      0.50000      0.20000     -0.00023      0.00000     -0.34260
RU      0.50000      0.75000      0.20000      0.00000     -0.00023     -0.34260
RU      0.50000      0.50000      0.60000      0.00000      0.00000      0.34243
RU      0.75000      0.75000      0.60000      0.00001      0.00001      0.34229
RU      0.75000      0.50000      0.80000     -0.00030      0.00000     -1.21497
RU      0.50000      0.75000      0.80000      0.00000     -0.00030     -1.21497
