/* Converted from PWscf output file */ 
#L_UNITS ang 
#E_UNITS eV 
#S_UNITS GPA 
#F_UNITS EV/ANG 
#ALAT 	   7.61797     // a0 
#X 	   1.00000     0.00000     0.00000     // X 
#Y 	   0.00000     1.00000     0.00000     // Y 
#Z 	   0.00000     0.00000     1.45000     // Z 
#SX 	  -9.48109     0.00000     0.00000     // SX 
#SY 	   0.00000    -9.48109     0.00000     // SY 
#SZ 	   0.00000     0.00000    -6.97782     // SZ 
#EPA 	  -6.01765     // Energy per Atom 
#RCUT 	6.5        // Rcut 
RU      0.00000      0.00000      0.00000      0.00000      0.00000      1.00361
RU      0.25000      0.25000      0.00000     -0.00001     -0.00001      1.00363
RU      0.25000      0.00000      0.17241      0.00006      0.00000     -0.81106
RU      0.00000      0.25000      0.17241      0.00000      0.00006     -0.81106
RU      0.00000      0.00000      0.65517      0.00000      0.00000      0.81172
RU      0.25000      0.25000      0.65517     -0.00001     -0.00001      0.81175
RU      0.25000      0.00000      0.82759     -0.00010      0.00000     -1.00420
RU      0.00000      0.25000      0.82759      0.00000     -0.00010     -1.00420
RU      0.00000      0.50000      0.00000      0.00000      0.00000      1.00350
RU      0.25000      0.75000      0.00000     -0.00001      0.00001      1.00363
RU      0.25000      0.50000      0.17241     -0.00005      0.00000     -0.81093
RU      0.00000      0.75000      0.17241      0.00000     -0.00006     -0.81106
RU      0.00000      0.50000      0.65517      0.00000      0.00000      0.81159
RU      0.25000      0.75000      0.65517     -0.00001      0.00001      0.81175
RU      0.25000      0.50000      0.82759     -0.00013      0.00000     -1.00435
RU      0.00000      0.75000      0.82759      0.00000      0.00010     -1.00420
RU      0.50000      0.00000      0.00000      0.00000      0.00000      1.00350
RU      0.75000      0.25000      0.00000      0.00001     -0.00001      1.00363
RU      0.75000      0.00000      0.17241     -0.00006      0.00000     -0.81106
RU      0.50000      0.25000      0.17241      0.00000     -0.00005     -0.81093
RU      0.50000      0.00000      0.65517      0.00000      0.00000      0.81159
RU      0.75000      0.25000      0.65517      0.00001     -0.00001      0.81175
RU      0.75000      0.00000      0.82759      0.00010      0.00000     -1.00420
RU      0.50000      0.25000      0.82759      0.00000     -0.00013     -1.00435
RU      0.50000      0.50000      0.00000      0.00000      0.00000      1.00365
RU      0.75000      0.75000      0.00000      0.00001      0.00001      1.00363
RU      0.75000      0.50000      0.17241      0.00005     -0.00000     -0.81093
RU      0.50000      0.75000      0.17241      0.00000      0.00005     -0.81093
RU      0.50000      0.50000      0.65517      0.00000      0.00000      0.81148
RU      0.75000      0.75000      0.65517      0.00001      0.00001      0.81175
RU      0.75000      0.50000      0.82759      0.00013      0.00000     -1.00435
RU      0.50000      0.75000      0.82759      0.00000      0.00013     -1.00435
