/* Converted from PWscf output file */ 
#L_UNITS ang 
#E_UNITS eV 
#S_UNITS GPA 
#F_UNITS EV/ANG 
#ALAT 	   7.85263     // a0 
#X 	   1.00000     0.00000     0.00000     // X 
#Y 	   0.00000     1.00000     0.00000     // Y 
#Z 	   0.00000     0.00000     1.00000     // Z 
#SX 	   0.30844     0.01356     0.03923     // SX 
#SY 	   0.01356     0.32157     0.00408     // SY 
#SZ 	   0.03923     0.00408     0.28598     // SZ 
#EPA 	  -4.04335     // Energy per Atom 
#RCUT 	6.5        // Rcut 
PD      0.99830      0.99709      0.99770      0.08838      0.04343      0.05717
PD      0.24920      0.24796      0.99974      0.00178     -0.02341      0.01744
PD      0.24921      0.00011      0.25708      0.05276      0.06765     -0.64314
PD      0.99635      0.24545      0.24760      0.33699      0.13865      0.18426
PD      0.00015      0.99700      0.50104     -0.23207      0.17124     -0.13103
PD      0.25374      0.25495      0.49870     -0.23771     -0.33514      0.00598
PD      0.24682      0.00174      0.74744      0.35886     -0.09596      0.14055
PD      0.00109      0.24570      0.74698     -0.15509      0.28285      0.20693
PD      0.00102      0.50366      0.00329     -0.05684     -0.36887     -0.43602
PD      0.24865      0.74843      0.99660      0.26856      0.21998      0.19984
PD      0.24822      0.49651      0.24495      0.08608      0.19918      0.28324
PD      0.99508      0.75006      0.24649      0.13968      0.03559      0.26982
PD      0.99976      0.49395      0.49976      0.05389      0.26196     -0.15235
PD      0.24908      0.75412      0.49608      0.00449     -0.55987      0.09551
PD      0.25051      0.50099      0.74605      0.05050     -0.07334      0.17862
PD      0.00467      0.74700      0.74797     -0.30024      0.05253      0.03187
PD      0.50131      0.00160      0.99953     -0.23511     -0.14887      0.14958
PD      0.75395      0.25136      0.00111     -0.16230     -0.01822     -0.37269
PD      0.74739      0.00601      0.24883      0.08677     -0.61284      0.09389
PD      0.50463      0.25295      0.25303     -0.40612     -0.22744     -0.31509
PD      0.49829      0.99677      0.49801      0.20228      0.21069      0.13337
PD      0.74804      0.24829      0.50126      0.15765     -0.07972      0.10828
PD      0.74553      0.99783      0.75019      0.35116      0.09862     -0.06259
PD      0.50129      0.24975      0.75201     -0.13034     -0.06944     -0.06295
PD      0.49969      0.49876      0.99823     -0.06122      0.08637      0.03045
PD      0.74931      0.74640      0.99741     -0.07657      0.19767      0.13965
PD      0.74969      0.49564      0.24834      0.05846      0.32801      0.15252
PD      0.50031      0.74804      0.25170      0.04858      0.01695     -0.20929
PD      0.50056      0.49655      0.49994     -0.05816      0.37709     -0.06089
PD      0.75378      0.74533      0.50301     -0.13182      0.18323     -0.36885
PD      0.74703      0.50020      0.74778      0.35263     -0.21813      0.20646
PD      0.50416      0.75193      0.74671     -0.45592     -0.14046      0.12947
