/* Converted from PWscf output file */ 
#L_UNITS ang 
#E_UNITS eV 
#S_UNITS GPA 
#F_UNITS EV/ANG 
#ALAT 	   7.85263     // a0 
#X 	   1.00000     0.00000     0.00000     // X 
#Y 	   0.00000     1.00000     0.00000     // Y 
#Z 	   0.00000     0.00000     1.00000     // Z 
#SX 	   0.95406    -0.11827     0.06242     // SX 
#SY 	  -0.11827     1.02027    -0.06169     // SY 
#SZ 	   0.06242    -0.06169     0.96441     // SZ 
#EPA 	  -4.02751     // Energy per Atom 
#RCUT 	6.5        // Rcut 
PD      0.00226      0.00052      0.00003     -0.16110     -0.16441     -0.16300
PD      0.25821      0.24994      0.99812     -0.96945      0.05055      0.25676
PD      0.24831      0.99641      0.24894     -0.07212      0.29879      0.35547
PD      0.98765      0.24670      0.24130      0.83551      0.06421      0.35189
PD      0.99138      0.00737      0.50751      0.69252     -0.70722     -0.61759
PD      0.24132      0.25066      0.50523      0.35958     -0.43190     -0.36065
PD      0.25421      0.00263      0.74674     -0.31691     -0.37482      0.14073
PD      0.99438      0.24570      0.74879      0.52361      0.58044      0.48639
PD      0.00048      0.50263      0.00381      0.04066     -0.28315     -0.37255
PD      0.24881      0.74964      0.00114      0.00441      0.00485     -0.04394
PD      0.25735      0.49877      0.25487     -0.34442     -0.02701     -0.40201
PD      0.00763      0.74476      0.25278     -0.49469      0.34823     -0.07645
PD      0.01342      0.49772      0.49344     -0.95015      0.20048      0.54840
PD      0.24932      0.75282      0.49910      0.25418      0.09627      0.16161
PD      0.25220      0.50059      0.75162     -0.52957     -0.18018     -0.04574
PD      0.00085      0.75335      0.74833     -0.23310     -0.27230     -0.08652
PD      0.49273      0.00244      0.00260      0.71357     -0.39706      0.02959
PD      0.75237      0.25165      0.99433     -0.47550     -0.16400      0.47866
PD      0.75205      0.99282      0.25309     -0.18464      0.42630     -0.59115
PD      0.49170      0.24914      0.25738      0.63678     -0.17891     -0.32833
PD      0.50352      0.00229      0.50109     -0.59762     -0.21004     -0.25209
PD      0.75481      0.24724      0.50380     -0.51724      0.34561     -0.49955
PD      0.74109      0.00416      0.74470      0.23306     -0.69090      0.76465
PD      0.49680      0.24326      0.75351      0.07274      0.42780     -0.25963
PD      0.49381      0.49849      0.99962      0.60799     -0.08261      0.33739
PD      0.75424      0.74694      0.99408     -0.24532      0.06252      0.14606
PD      0.75057      0.49618      0.25856     -0.16106      0.16157     -0.41653
PD      0.50636      0.74777      0.24687     -0.31447      0.05648      0.04882
PD      0.49658      0.49216      0.50190      0.14452      0.31469     -0.04548
PD      0.74430      0.75632      0.49517      0.40363     -0.81185      0.61287
PD      0.74037      0.48987      0.74369      0.68112      0.75295      0.16770
PD      0.49487      0.73829      0.75428      0.36350      0.78462     -0.32577
