/* Converted from PWscf output file */ 
#L_UNITS ang 
#E_UNITS eV 
#S_UNITS GPA 
#F_UNITS EV/ANG 
#ALAT 	   7.85263     // a0 
#X 	   1.00000     0.00000     0.00000     // X 
#Y 	   0.00000     1.00000     0.00000     // Y 
#Z 	   0.00000     0.00000     1.00000     // Z 
#SX 	   0.20038     0.00715     0.02260     // SX 
#SY 	   0.00715     0.16961     0.00000     // SY 
#SZ 	   0.02260     0.00000     0.20855     // SZ 
#EPA 	  -4.04589     // Energy per Atom 
#RCUT 	6.5        // Rcut 
PD      0.00649      0.99559      0.99833     -0.49391      0.12210      0.10329
PD      0.24709      0.24657      0.00009      0.16668      0.37003      0.04146
PD      0.24971      0.00253      0.24891     -0.02777     -0.08345      0.25232
PD      0.99997      0.25069      0.25197     -0.17245     -0.15943     -0.12656
PD      0.99787      0.99510      0.50097      0.13770      0.49361     -0.15803
PD      0.24639      0.25369      0.50019      0.17905     -0.28164      0.01138
PD      0.24862      0.00114      0.74950      0.09730     -0.17162     -0.08597
PD      0.00122      0.25225      0.75377     -0.18696     -0.10239     -0.24034
PD      0.00061      0.50269      0.00050      0.04430     -0.14156     -0.06373
PD      0.25386      0.74893      0.00368     -0.04860     -0.00214     -0.30571
PD      0.24854      0.50023      0.24889      0.20586     -0.08054     -0.02424
PD      0.00117      0.74957      0.24985     -0.06458      0.06528      0.01979
PD      0.00010      0.49827      0.49916     -0.20473      0.10329      0.06542
PD      0.24841      0.74911      0.49775      0.02989      0.06465      0.08928
PD      0.25036      0.50029      0.74998     -0.02234      0.03967      0.16742
PD      0.99690      0.74910      0.74513      0.27122     -0.08709      0.31546
PD      0.49972      0.00238      0.00187      0.09715     -0.29322     -0.24392
PD      0.75108      0.24761      0.00034      0.13885     -0.00800      0.01373
PD      0.74582      0.00010      0.25066      0.37102      0.04982     -0.07207
PD      0.49979      0.25077      0.24852     -0.08947      0.07528      0.14815
PD      0.49783      0.00023      0.50061     -0.04642      0.16103      0.03506
PD      0.74696      0.25215      0.49959      0.15215     -0.05434      0.06174
PD      0.75146      0.00056      0.74733     -0.13580     -0.02504      0.26108
PD      0.49910      0.24879      0.75246      0.00899      0.04508     -0.14521
PD      0.50421      0.49916      0.00060     -0.34826      0.09167     -0.01894
PD      0.75409      0.74806      0.00164     -0.30682      0.34587     -0.16400
PD      0.74862      0.50162      0.24746      0.07012     -0.11334      0.25400
PD      0.49998      0.75305      0.25309      0.01102     -0.20197     -0.15554
PD      0.49794      0.50070      0.50131      0.12039     -0.05765     -0.13638
PD      0.75135      0.75165      0.49897     -0.21774     -0.24099     -0.01531
PD      0.74781      0.50051      0.75243      0.11110     -0.06092     -0.18999
PD      0.49754      0.74944      0.74632      0.15306      0.13796      0.30636
