/* Converted from PWscf output file */ 
#L_UNITS ang 
#E_UNITS eV 
#S_UNITS GPA 
#F_UNITS EV/ANG 
#ALAT 	   7.85263     // a0 
#X 	   1.00000     0.00000     0.00000     // X 
#Y 	   0.00000     1.00000     0.00000     // Y 
#Z 	   0.00000     0.00000     1.00000     // Z 
#SX 	   0.01954    -0.00044    -0.00029     // SX 
#SY 	  -0.00044     0.01998     0.00160     // SY 
#SZ 	  -0.00029     0.00160     0.02071     // SZ 
#EPA 	  -4.04945     // Energy per Atom 
#RCUT 	6.5        // Rcut 
PD      0.00010      0.00076      0.00080      0.01668     -0.04509     -0.00178
PD      0.24977      0.24945      0.99938      0.02690      0.04333      0.04691
PD      0.25119      0.00118      0.25042     -0.08727     -0.07998      0.01517
PD      0.00005      0.25053      0.24950     -0.01442     -0.04220      0.02636
PD      0.99994      0.99964      0.50098      0.03549      0.04129     -0.10447
PD      0.24954      0.25062      0.50019     -0.00672     -0.01835     -0.01669
PD      0.24948      0.00097      0.74988      0.02872     -0.06859     -0.00045
PD      0.99868      0.25028      0.75134      0.05273     -0.01445     -0.08894
PD      0.00057      0.50038      0.99928     -0.03465      0.01727      0.04516
PD      0.25051      0.74942      0.00023     -0.05597      0.07285     -0.03638
PD      0.24972      0.50048      0.24914      0.01852     -0.05799      0.04897
PD      0.99991      0.75010      0.24978      0.06456      0.03467      0.01726
PD      0.99946      0.49929      0.49940      0.01446      0.03172      0.05335
PD      0.24989      0.74873      0.50033      0.00218      0.08231     -0.01015
PD      0.24952      0.49921      0.74959     -0.00044      0.06079      0.01514
PD      0.99943      0.75093      0.75046      0.06248     -0.07638      0.01047
PD      0.49976      0.99976      0.99992      0.01331      0.04042     -0.02969
PD      0.74989      0.25089      0.99966     -0.03013     -0.05208      0.04724
PD      0.74937      0.99959      0.24915      0.04225      0.05537      0.07417
PD      0.50025      0.24997      0.25017      0.00196      0.03965     -0.02030
PD      0.50001      0.00044      0.49977      0.00665     -0.05299      0.04306
PD      0.75034      0.24948      0.49999     -0.02020      0.02248     -0.00309
PD      0.75104      0.99927      0.74972     -0.11020      0.04480      0.04289
PD      0.49962      0.25054      0.75017      0.05399     -0.05586     -0.01908
PD      0.49968      0.49987      1.00000      0.01450     -0.00380      0.00026
PD      0.75004      0.75078      0.00179     -0.00269     -0.04492     -0.11354
PD      0.75010      0.50068      0.25017     -0.01482     -0.05754     -0.01261
PD      0.49962      0.74945      0.24956      0.00313      0.02545      0.07680
PD      0.50014      0.49982      0.50030      0.01915      0.02429     -0.00267
PD      0.75123      0.74980      0.49979     -0.10528      0.00087      0.02104
PD      0.75008      0.50010      0.75111     -0.02137      0.05014     -0.05986
PD      0.49979      0.75043      0.75080      0.02648     -0.01750     -0.06455
