/* Converted from PWscf output file */ 
#L_UNITS ang 
#E_UNITS eV 
#S_UNITS GPA 
#F_UNITS EV/ANG 
#ALAT 	   7.85263     // a0 
#X 	   1.00000     0.00000     0.00000     // X 
#Y 	   0.00000     1.00000     0.00000     // Y 
#Z 	   0.00000     0.00000     1.00000     // Z 
#SX 	   0.03135     0.00131     0.00452     // SX 
#SY 	   0.00131     0.02902     0.00088     // SY 
#SZ 	   0.00452     0.00088     0.03165     // SZ 
#EPA 	  -4.04927     // Energy per Atom 
#RCUT 	6.5        // Rcut 
PD      0.99968      0.00062      0.99961      0.01955     -0.03579      0.06256
PD      0.24969      0.25075      0.99926      0.04719     -0.06763      0.02018
PD      0.25113      0.99994      0.25019     -0.04111      0.03089     -0.04608
PD      0.00153      0.25062      0.24878     -0.07693     -0.04631      0.11262
PD      0.00052      0.99917      0.49996     -0.04264      0.09477     -0.01306
PD      0.25068      0.24940      0.50034     -0.08860      0.01040     -0.03080
PD      0.24880      0.99942      0.75007      0.09169     -0.00000      0.00856
PD      0.00069      0.25007      0.74934     -0.04295      0.00360     -0.03061
PD      0.99855      0.49937      0.99962      0.09860      0.11372      0.07487
PD      0.25016      0.75020      0.00083     -0.00950     -0.02978     -0.02276
PD      0.25011      0.49905      0.25069     -0.02471      0.07345     -0.09362
PD      0.00126      0.75169      0.25182     -0.10870     -0.10054     -0.14464
PD      0.99993      0.50101      0.49902      0.00503     -0.08025      0.03765
PD      0.25041      0.74959      0.50031      0.01130      0.01110      0.02566
PD      0.25029      0.49976      0.75097     -0.05804      0.04650     -0.05857
PD      0.00015      0.75041      0.75068     -0.00091     -0.05673      0.00625
PD      0.50075      0.00053      0.99876     -0.04839     -0.00831      0.01546
PD      0.74963      0.25056      0.00061     -0.00349     -0.04746     -0.09333
PD      0.75026      0.00140      0.24980      0.01548     -0.08027      0.03054
PD      0.49958      0.24938      0.25004     -0.01035      0.00840     -0.03675
PD      0.50048      0.99962      0.49995      0.00336     -0.02542      0.04757
PD      0.74899      0.25035      0.49951      0.11037      0.00407     -0.00631
PD      0.75127      0.00044      0.74991     -0.08019      0.00302     -0.00872
PD      0.49888      0.24986      0.74816      0.08836     -0.00839      0.09742
PD      0.50003      0.49920      0.99925     -0.01252      0.03710      0.03110
PD      0.74891      0.75017      0.00057      0.07987      0.00441     -0.00306
PD      0.74874      0.49967      0.24882      0.07160      0.05868      0.08559
PD      0.49976      0.75061      0.25033      0.02964     -0.02788     -0.03273
PD      0.49849      0.49963      0.49875      0.11109      0.02907      0.08570
PD      0.74965      0.74918      0.50121      0.00518      0.02954     -0.09442
PD      0.75187      0.49922      0.75000     -0.12943      0.01255     -0.03672
PD      0.50033      0.74897      0.74990     -0.00985      0.04349      0.01044
