/* Converted from PWscf output file */ 
#L_UNITS ang 
#E_UNITS eV 
#S_UNITS GPA 
#F_UNITS EV/ANG 
#ALAT 	   7.85263     // a0 
#X 	   1.00000     0.00000     0.00000     // X 
#Y 	   0.00000     1.00000     0.00000     // Y 
#Z 	   0.00000     0.00000     1.00000     // Z 
#SX 	   0.02771     0.00117    -0.00088     // SX 
#SY 	   0.00117     0.02771     0.00088     // SY 
#SZ 	  -0.00088     0.00088     0.02479     // SZ 
#EPA 	  -4.04932     // Energy per Atom 
#RCUT 	6.5        // Rcut 
PD      0.00167      0.00048      0.99958     -0.06978     -0.01473     -0.00377
PD      0.24957      0.25155      0.00138      0.03762     -0.08693     -0.10245
PD      0.24954      0.99988      0.25020      0.02966      0.02114      0.00106
PD      0.00057      0.25070      0.24969     -0.04035     -0.02056      0.06911
PD      0.99902      0.99918      0.49951      0.11584      0.04521      0.03980
PD      0.25154      0.24901      0.50046     -0.11915      0.02066     -0.03318
PD      0.25087      0.99981      0.74926     -0.03447      0.01065      0.03230
PD      0.00025      0.25015      0.74968      0.00932     -0.01079     -0.03168
PD      0.99868      0.50045      0.99968      0.08018      0.01437      0.02349
PD      0.25011      0.75030      0.00066     -0.01614     -0.06529     -0.06753
PD      0.25033      0.49926      0.25065     -0.01833      0.06599     -0.05822
PD      0.00076      0.75006      0.25035     -0.01409      0.00143     -0.03093
PD      0.00158      0.50165      0.49960     -0.12270     -0.12099      0.05121
PD      0.25101      0.74913      0.50014     -0.01009      0.06557      0.01899
PD      0.24948      0.49814      0.75021      0.05032      0.11832     -0.00063
PD      0.00011      0.74986      0.75002     -0.00140      0.00337      0.01229
PD      0.49959      0.00017      0.99904      0.03490      0.04567      0.05011
PD      0.75073      0.25088      0.99946     -0.04753     -0.06975      0.04874
PD      0.75075      0.00029      0.24904     -0.03602      0.02695     -0.02743
PD      0.49948      0.25017      0.25012      0.08937     -0.03621     -0.05011
PD      0.50020      0.99995      0.49916     -0.00417     -0.04338      0.03961
PD      0.75029      0.24818      0.50011      0.02025      0.15024     -0.05836
PD      0.75022      0.00068      0.74998     -0.00603     -0.05428      0.05591
PD      0.50031      0.25055      0.74935     -0.01767     -0.03459      0.04216
PD      0.50046      0.49977      0.99987     -0.02588      0.00971      0.03996
PD      0.75063      0.75010      0.00113     -0.01401      0.03199     -0.08457
PD      0.75046      0.50068      0.25074     -0.00681     -0.04465      0.00783
PD      0.49969      0.75053      0.24898      0.02856     -0.00573      0.02510
PD      0.50001      0.50035      0.49802      0.05850     -0.00501      0.12250
PD      0.74971      0.75174      0.49998     -0.01456     -0.10961      0.00973
PD      0.74896      0.49929      0.74979      0.07508      0.06914     -0.08027
PD      0.50030      0.74912      0.75105     -0.01043      0.02211     -0.06076
