/* Converted from PWscf output file */ 
#L_UNITS ang 
#E_UNITS eV 
#S_UNITS GPA 
#F_UNITS EV/ANG 
#ALAT 	   7.85263     // a0 
#X 	   1.00000     0.00000     0.00000     // X 
#Y 	   0.00000     1.00000     0.00000     // Y 
#Z 	   0.00000     0.00000     1.00000     // Z 
#SX 	   0.04973    -0.00117    -0.00438     // SX 
#SY 	  -0.00117     0.04842    -0.00146     // SY 
#SZ 	  -0.00438    -0.00146     0.04404     // SZ 
#EPA 	  -4.04896     // Energy per Atom 
#RCUT 	6.5        // Rcut 
PD      0.99922      0.99994      0.00034      0.14274     -0.01862     -0.00351
PD      0.25115      0.24935      0.99875     -0.11915      0.00888      0.12625
PD      0.24863      0.00018      0.25072      0.04367     -0.03005     -0.06256
PD      0.99915      0.25021      0.25128      0.08188      0.06979     -0.12200
PD      0.00001      0.00028      0.49968     -0.00534     -0.03723      0.04123
PD      0.25033      0.25148      0.49986     -0.04193     -0.06225     -0.01875
PD      0.25144      0.00047      0.74988     -0.09369     -0.04083     -0.00121
PD      0.00065      0.24936      0.74941     -0.01712      0.07489     -0.03409
PD      0.00111      0.50098      0.99864     -0.04775     -0.08414      0.06651
PD      0.25087      0.74897      0.00036     -0.09402      0.09153     -0.03738
PD      0.25164      0.50113      0.24990     -0.13005     -0.09116      0.01244
PD      0.99984      0.74933      0.24971      0.02824      0.02858      0.03590
PD      0.99848      0.50148      0.49898      0.11808     -0.04191      0.07843
PD      0.25150      0.75047      0.50107     -0.10539     -0.04570     -0.09985
PD      0.25161      0.49997      0.74904     -0.14271      0.01142      0.02155
PD      0.99984      0.75094      0.74934      0.07410     -0.03510      0.00993
PD      0.50012      0.99787      0.00056     -0.00004      0.13785     -0.00544
PD      0.75237      0.24769      0.99841     -0.14858      0.15744      0.09920
PD      0.75048      0.99904      0.25133     -0.02285      0.03670     -0.04908
PD      0.49951      0.24881      0.24985      0.05829      0.01396     -0.06570
PD      0.49945      0.99853      0.49818      0.05134      0.11752      0.10175
PD      0.74945      0.25113      0.49876     -0.01734     -0.09501      0.14314
PD      0.75042      0.99906      0.74983     -0.08519      0.07840     -0.09956
PD      0.49882      0.25001      0.75075      0.17847     -0.06324     -0.05932
PD      0.49945      0.49927      0.00069      0.13827     -0.02444     -0.04420
PD      0.75027      0.75158      0.99946      0.00106     -0.13883      0.01242
PD      0.74928      0.50073      0.25039      0.04848     -0.08277     -0.15768
PD      0.50111      0.74919      0.24855     -0.06793      0.04264      0.08113
PD      0.50022      0.49893      0.49970     -0.00723      0.04353      0.01324
PD      0.74792      0.74880      0.50077      0.09278      0.08233     -0.02501
PD      0.74977      0.50122      0.75057     -0.00458     -0.11027      0.01867
PD      0.49865      0.74975      0.75010      0.09347      0.00607      0.02355
