/* Converted from PWscf output file */ 
#L_UNITS ang 
#E_UNITS eV 
#S_UNITS GPA 
#F_UNITS EV/ANG 
#ALAT 	   7.85263     // a0 
#X 	   1.00000     0.00000     0.00000     // X 
#Y 	   0.00000     1.00000     0.00000     // Y 
#Z 	   0.00000     0.00000     1.00000     // Z 
#SX 	   0.01065     0.00015    -0.00058     // SX 
#SY 	   0.00015     0.00992    -0.00000     // SY 
#SZ 	  -0.00058    -0.00000     0.00992     // SZ 
#EPA 	  -4.04968     // Energy per Atom 
#RCUT 	6.5        // Rcut 
PD      0.00012      0.00002      0.99985     -0.02188     -0.01533     -0.00179
PD      0.25010      0.24980      0.99968     -0.00129      0.02733      0.00474
PD      0.24986      0.00047      0.24970      0.00373     -0.04104      0.00894
PD      0.99982      0.25028      0.24920      0.01692     -0.01683      0.04561
PD      0.00012      0.99989      0.49977     -0.00625      0.00576      0.00335
PD      0.24991      0.24949      0.50010     -0.00315      0.02120      0.00018
PD      0.24973      0.99964      0.75007      0.01873      0.01345     -0.01374
PD      0.99997      0.25005      0.74996     -0.00400     -0.00662     -0.00039
PD      0.99997      0.49995      0.00021      0.00397      0.00055     -0.02653
PD      0.24987      0.74952      0.00002      0.02963      0.01501      0.00187
PD      0.25036      0.49939      0.25022     -0.00970      0.02829     -0.01811
PD      0.00008      0.74978      0.24937     -0.00454      0.00550      0.04844
PD      0.00022      0.49983      0.49979     -0.01607      0.01432     -0.00059
PD      0.24995      0.74984      0.50004      0.00858      0.00536     -0.02769
PD      0.25008      0.49991      0.75036      0.01085     -0.00125     -0.02131
PD      0.00046      0.74984      0.74981     -0.04430     -0.00346      0.01580
PD      0.49950      0.00019      0.99988      0.03197     -0.02471      0.00966
PD      0.75007      0.25009      0.00026     -0.00900     -0.01940     -0.02651
PD      0.75019      0.00009      0.25026     -0.00976     -0.01009     -0.03069
PD      0.49994      0.25000      0.24987      0.00623     -0.00895      0.00530
PD      0.49996      0.00015      0.49972     -0.00884      0.00300      0.00906
PD      0.75021      0.25016      0.49964     -0.00634     -0.01141      0.01710
PD      0.74970      0.00023      0.75026      0.02676      0.00203     -0.00469
PD      0.49994      0.25015      0.75011      0.00371     -0.01200     -0.01271
PD      0.50075      0.50015      0.00006     -0.05056     -0.00707     -0.01582
PD      0.74982      0.74970      0.00011      0.01726      0.03697     -0.02517
PD      0.74975      0.49991      0.24978      0.01851      0.02121      0.03859
PD      0.50021      0.74995      0.24982     -0.02284      0.01371      0.01709
PD      0.49991      0.49981      0.49988      0.00589      0.00839      0.00853
PD      0.74984      0.75067      0.50056      0.02941     -0.04633     -0.04480
PD      0.74995      0.49968      0.74974      0.01657      0.02134     -0.00161
PD      0.50039      0.75027      0.74945     -0.03020     -0.01892      0.03786
