/* Converted from PWscf output file */ 
#L_UNITS ang 
#E_UNITS eV 
#S_UNITS GPA 
#F_UNITS EV/ANG 
#ALAT 	   7.85263     // a0 
#X 	   1.00000     0.00000     0.00000     // X 
#Y 	   0.00000     1.00000     0.00000     // Y 
#Z 	   0.00000     0.00000     1.00000     // Z 
#SX 	   0.01473     0.00073    -0.00102     // SX 
#SY 	   0.00073     0.01473    -0.00058     // SY 
#SZ 	  -0.00102    -0.00058     0.01283     // SZ 
#EPA 	  -4.04959     // Energy per Atom 
#RCUT 	6.5        // Rcut 
PD      0.99995      0.00024      0.00010     -0.01653     -0.04062      0.01114
PD      0.24997      0.24895      0.00057      0.01410      0.07595     -0.03918
PD      0.25019      0.99955      0.24967     -0.00838      0.00463      0.03075
PD      0.00018      0.24984      0.25033     -0.01270      0.01276     -0.02341
PD      0.99996      0.99989      0.50012      0.01172      0.03608     -0.01180
PD      0.25076      0.24994      0.49959     -0.04302     -0.01180      0.02479
PD      0.24937      0.99983      0.75056      0.06360      0.00638     -0.02184
PD      0.00040      0.25013      0.75005     -0.04015      0.01094     -0.00489
PD      0.00077      0.50068      0.99960     -0.06512     -0.06338      0.03589
PD      0.24985      0.74912      0.99969      0.01260      0.06807      0.00554
PD      0.25063      0.49980      0.24972     -0.03478      0.00515      0.00513
PD      0.00013      0.74981      0.25035     -0.01079     -0.00859     -0.04198
PD      0.00011      0.49943      0.49915     -0.00079      0.01440      0.04924
PD      0.24928      0.74986      0.49988      0.04409      0.00825      0.01723
PD      0.24978      0.49997      0.74981      0.00703     -0.00504     -0.00691
PD      0.99952      0.75079      0.74971      0.01468     -0.05246      0.01509
PD      0.49996      0.00036      0.00088      0.00402     -0.03810     -0.07007
PD      0.75000      0.24957      0.00069      0.02046      0.06667     -0.04866
PD      0.75018      0.99963      0.24996     -0.01316      0.00980      0.02240
PD      0.50042      0.25055      0.24998     -0.01965     -0.04890      0.00830
PD      0.49938      0.00012      0.50047      0.03189     -0.01806     -0.01714
PD      0.74988      0.25008      0.49994      0.01440     -0.01210      0.01614
PD      0.74980      0.00009      0.75015     -0.00800      0.01442      0.00918
PD      0.50041      0.25081      0.74967     -0.02343     -0.04984      0.04529
PD      0.49979      0.50034      0.99980      0.00597     -0.04521     -0.00737
PD      0.74954      0.74924      0.00035      0.03810      0.05522     -0.00320
PD      0.74898      0.50000      0.25049      0.08079      0.00003     -0.04285
PD      0.49995      0.75001      0.25010     -0.01032      0.01060      0.01820
PD      0.49982      0.50013      0.49995      0.00133      0.02213      0.01430
PD      0.75057      0.75015      0.49981     -0.04446      0.00667      0.00057
PD      0.74992      0.50098      0.74984      0.04011     -0.07192      0.00990
PD      0.50053      0.74981      0.74985     -0.05363      0.03787      0.00023
