/* Converted from PWscf output file */ 
#L_UNITS ang 
#E_UNITS eV 
#S_UNITS GPA 
#F_UNITS EV/ANG 
#ALAT 	   7.85263     // a0 
#X 	   1.00000     0.00000     0.00000     // X 
#Y 	   0.00000     1.00000     0.00000     // Y 
#Z 	   0.00000     0.00000     1.00000     // Z 
#SX 	   0.01065     0.00044    -0.00029     // SX 
#SY 	   0.00044     0.01050    -0.00000     // SY 
#SZ 	  -0.00029    -0.00000     0.01050     // SZ 
#EPA 	  -4.04967     // Energy per Atom 
#RCUT 	6.5        // Rcut 
PD      0.99986      0.00001      0.99986     -0.00124      0.02736      0.01589
PD      0.25060      0.25009      0.00039     -0.04172      0.00254     -0.01957
PD      0.25006      0.00060      0.25010     -0.01364     -0.04764     -0.00276
PD      0.99993      0.24994      0.25049     -0.00070      0.01882     -0.06453
PD      0.00029      0.00068      0.50023     -0.00494     -0.05945      0.00298
PD      0.24975      0.24977      0.50012      0.03669      0.03829      0.00236
PD      0.25010      0.00009      0.75006     -0.00693     -0.00559      0.00742
PD      0.00020      0.25020      0.74961     -0.01072     -0.01812      0.04443
PD      0.00020      0.49990      0.99936     -0.01590     -0.00728      0.06016
PD      0.24945      0.75022      0.00010      0.02533     -0.01127      0.00644
PD      0.25008      0.50048      0.25013     -0.00411     -0.02990     -0.00373
PD      0.99990      0.75021      0.25035      0.01812     -0.00277      0.00008
PD      0.99988      0.49945      0.49993      0.00814      0.04809      0.00728
PD      0.25044      0.74984      0.50016     -0.04206      0.00675      0.00340
PD      0.24955      0.49993      0.75030      0.04209      0.00106     -0.01690
PD      0.99994      0.75001      0.75004     -0.00100      0.01164     -0.01971
PD      0.49962      0.99954      0.00003      0.03330      0.01318      0.01417
PD      0.74996      0.25001      0.99955      0.00882     -0.01503      0.04732
PD      0.74981      0.00007      0.25075      0.00001     -0.00274     -0.04810
PD      0.49967      0.24982      0.25013      0.03535      0.02861     -0.00140
PD      0.49973      0.00010      0.50014      0.01455     -0.00774      0.00313
PD      0.75028      0.24979      0.49989     -0.03723      0.02084      0.00842
PD      0.74972      0.00017      0.74990      0.01913     -0.01976      0.01319
PD      0.50028      0.24989      0.75003     -0.02431      0.00573     -0.00125
PD      0.50037      0.50004      0.99981     -0.02645      0.01227      0.02468
PD      0.75029      0.75008      0.00059     -0.02039      0.01110     -0.01744
PD      0.74997      0.50023      0.25010      0.00376     -0.02673     -0.00947
PD      0.49970      0.74976      0.25053      0.01813      0.01428     -0.02189
PD      0.50037      0.49982      0.50065     -0.02158     -0.00371     -0.02309
PD      0.75041      0.75009      0.50021     -0.01640      0.00038      0.00424
PD      0.74976      0.50018      0.75028      0.02458     -0.00228     -0.01828
PD      0.49998      0.75001      0.75019      0.00135     -0.00092      0.00253
