/* Converted from PWscf output file */ 
#L_UNITS ang 
#E_UNITS eV 
#S_UNITS GPA 
#F_UNITS EV/ANG 
#ALAT 	   7.85263     // a0 
#X 	   1.00000     0.00000     0.00000     // X 
#Y 	   0.00000     1.00000     0.00000     // Y 
#Z 	   0.00000     0.00000     1.00000     // Z 
#SX 	   0.39288     0.02931    -0.00729     // SX 
#SY 	   0.02931     0.42686     0.10209     // SY 
#SZ 	  -0.00729     0.10209     0.42759     // SZ 
#EPA 	  -4.04077     // Energy per Atom 
#RCUT 	6.5        // Rcut 
PD      0.00191      0.00033      0.99694      0.15111     -0.02818      0.23625
PD      0.25048      0.25466      0.00007     -0.22219     -0.14468     -0.07823
PD      0.24216      0.00228      0.25362      0.47274     -0.04044     -0.41771
PD      0.00152      0.25532      0.25155     -0.13670     -0.29485     -0.16495
PD      0.99956      0.00038      0.50127     -0.12784     -0.06507     -0.08369
PD      0.25078      0.24665      0.49753     -0.00361      0.25679      0.24687
PD      0.25448      0.00449      0.74876     -0.20630     -0.36195      0.17015
PD      0.99967      0.24918      0.75332      0.20896      0.21770     -0.10328
PD      0.99479      0.50580      0.00271      0.31024     -0.30714     -0.42367
PD      0.24964      0.74270      0.00261      0.13219      0.64954     -0.28859
PD      0.25529      0.49635      0.24984     -0.39019      0.19557      0.05650
PD      0.00814      0.74657      0.24853     -0.66012      0.12480      0.24708
PD      0.00092      0.49725      0.50203     -0.01637      0.26672     -0.10920
PD      0.25142      0.74896      0.49666     -0.10810     -0.00490      0.18376
PD      0.25385      0.50327      0.74770     -0.37719     -0.26321     -0.08257
PD      0.00174      0.75113      0.74800     -0.01232     -0.07069      0.05580
PD      0.49845      0.00795      0.00280     -0.17339     -0.44957     -0.05721
PD      0.75048      0.25192      0.99981      0.00183     -0.10059     -0.18431
PD      0.74931      0.00149      0.24392      0.12107      0.06894      0.46336
PD      0.49895      0.25833      0.24861      0.12652     -0.72061      0.06650
PD      0.49857      0.99556      0.49740      0.25087      0.39778     -0.03198
PD      0.75318      0.25131      0.50234     -0.24569     -0.29146     -0.24116
PD      0.75255      0.00013      0.75395     -0.29137      0.00738     -0.23329
PD      0.49850      0.24976      0.74879      0.18650      0.00347     -0.15605
PD      0.49756      0.50138      0.99281      0.32214      0.02397      0.16418
PD      0.74783      0.75514      0.00225      0.00305     -0.24550     -0.22245
PD      0.74864      0.49408      0.24033      0.07707      0.62084      0.63979
PD      0.49813      0.74832      0.24857      0.14234      0.17373     -0.09563
PD      0.50155      0.49833      0.49474      0.12986      0.08753      0.29726
PD      0.74824      0.75308      0.49971      0.25151     -0.21345     -0.27126
PD      0.75007      0.49819      0.74589     -0.02086      0.26288      0.22113
PD      0.49907      0.74870      0.74671      0.10423      0.24463      0.19659
