/* Converted from PWscf output file */ 
#L_UNITS ang 
#E_UNITS eV 
#S_UNITS GPA 
#F_UNITS EV/ANG 
#ALAT 	   7.85263     // a0 
#X 	   1.00000     0.00000     0.00000     // X 
#Y 	   0.00000     1.00000     0.00000     // Y 
#Z 	   0.00000     0.00000     1.00000     // Z 
#SX 	   0.06461     0.00438    -0.00029     // SX 
#SY 	   0.00438     0.07146     0.00583     // SY 
#SZ 	  -0.00029     0.00583     0.07015     // SZ 
#EPA 	  -4.04852     // Energy per Atom 
#RCUT 	6.5        // Rcut 
PD      0.00039      0.99817      0.00206     -0.03408      0.11049     -0.13485
PD      0.25154      0.24814      0.99905     -0.02658      0.05559      0.01126
PD      0.25063      0.99813      0.25084     -0.01807      0.10780      0.01350
PD      0.00076      0.25010      0.24941     -0.01555     -0.09218     -0.01841
PD      0.99931      0.99851      0.49864     -0.06696     -0.00568      0.01893
PD      0.24703      0.24773      0.49884      0.26998      0.10802      0.04825
PD      0.24975      0.99750      0.74823     -0.01772      0.18086      0.10802
PD      0.00181      0.24953      0.74828     -0.07133     -0.07355      0.11587
PD      0.00089      0.49766      0.00006      0.04034      0.08772     -0.05535
PD      0.24965      0.75113      0.00142     -0.00825     -0.18497     -0.06941
PD      0.25007      0.50075      0.25208      0.06353     -0.06427     -0.07674
PD      0.99930      0.74818      0.24885      0.02164      0.05545      0.08922
PD      0.99918      0.49816      0.49760      0.09845      0.09472      0.16697
PD      0.25020      0.75095      0.50171      0.00748     -0.13116     -0.09923
PD      0.25127      0.50029      0.75021     -0.00595     -0.04845      0.00033
PD      0.00110      0.75021      0.74942     -0.09633     -0.09145      0.04205
PD      0.49862      0.99757      0.00047      0.13004      0.18501     -0.00448
PD      0.75147      0.24892      0.00014     -0.05029      0.00671     -0.04598
PD      0.74927      0.00084      0.25059      0.01740     -0.11116     -0.04828
PD      0.50042      0.25097      0.24894     -0.07509     -0.07994      0.10717
PD      0.50183      0.99983      0.50146     -0.09523     -0.01006     -0.14318
PD      0.74891      0.24861      0.49989      0.10504      0.04955     -0.01718
PD      0.74959      0.99974      0.75011      0.14590     -0.04890      0.04189
PD      0.50187      0.24860      0.74849     -0.15049      0.06983      0.14741
PD      0.50134      0.49950      0.00248     -0.05985      0.01127     -0.18207
PD      0.75052      0.74859      0.00001      0.00579      0.03878      0.00064
PD      0.75062      0.49981      0.25116     -0.07541     -0.05227     -0.10321
PD      0.49905      0.75065      0.25035      0.09120     -0.08401      0.06568
PD      0.50148      0.50041      0.50249     -0.15465     -0.04894     -0.09785
PD      0.74969      0.74693      0.49940      0.04512      0.20013      0.05480
PD      0.75199      0.49928      0.74912     -0.06155      0.00312      0.10930
PD      0.50030      0.75225      0.75202      0.04149     -0.23805     -0.04510
