/* Converted from PWscf output file */ 
#L_UNITS ang 
#E_UNITS eV 
#S_UNITS GPA 
#F_UNITS EV/ANG 
#ALAT 	   7.85263     // a0 
#X 	   1.00000     0.00000     0.00000     // X 
#Y 	   0.00000     1.00000     0.00000     // Y 
#Z 	   0.00000     0.00000     1.00000     // Z 
#SX 	   0.07598     0.00467    -0.00481     // SX 
#SY 	   0.00467     0.07861     0.01050     // SY 
#SZ 	  -0.00481     0.01050     0.07350     // SZ 
#EPA 	  -4.04833     // Energy per Atom 
#RCUT 	6.5        // Rcut 
PD      0.99804      0.00050      0.00320      0.13319     -0.10312     -0.20692
PD      0.25129      0.25164      0.99964     -0.06866     -0.06280      0.03780
PD      0.25006      0.00150      0.24799     -0.02473     -0.10630      0.09587
PD      0.99712      0.24776      0.25115      0.13802      0.20695     -0.00310
PD      0.99820      0.99992      0.50007      0.16337      0.03509      0.07326
PD      0.25087      0.25077      0.49959     -0.07349     -0.09536      0.10171
PD      0.25002      0.00075      0.75042     -0.00809     -0.05208     -0.03096
PD      0.00081      0.24856      0.74971     -0.02539      0.05414     -0.04102
PD      0.00075      0.49652      0.99847      0.02638      0.14696      0.15666
PD      0.25018      0.74775      0.00037     -0.08530      0.11800      0.11662
PD      0.24882      0.49895      0.25325     -0.00520      0.01758     -0.20178
PD      0.99837      0.74982      0.25137      0.15810     -0.01337     -0.15869
PD      0.99971      0.50154      0.50145     -0.06553     -0.17104     -0.01615
PD      0.24871      0.75020      0.49887      0.05413      0.10226      0.05477
PD      0.25119      0.50286      0.75084     -0.05107     -0.22848     -0.06431
PD      0.00128      0.74921      0.75045     -0.08668      0.13981      0.04228
PD      0.49848      0.99857      0.99879      0.10649      0.01321      0.09810
PD      0.75079      0.24975      0.99888     -0.09015     -0.01579      0.12362
PD      0.74938      0.99996      0.25119     -0.09804     -0.02784     -0.16867
PD      0.50015      0.24999      0.24958      0.04507      0.03580     -0.01603
PD      0.50004      0.99938      0.49864     -0.06446      0.05000      0.13107
PD      0.74929      0.24936      0.49989     -0.00178      0.12690      0.08939
PD      0.74877      0.99918      0.75166      0.06813     -0.05480     -0.06119
PD      0.50213      0.25097      0.75178     -0.13361     -0.06379     -0.12197
PD      0.50088      0.50086      0.00072     -0.07631     -0.04642      0.08064
PD      0.75071      0.74705      0.99987     -0.01118      0.21873      0.04912
PD      0.75003      0.50216      0.24938      0.00446     -0.21515      0.08958
PD      0.50007      0.74952      0.25208     -0.06543      0.01650     -0.13154
PD      0.49868      0.49937      0.50137      0.16126      0.04061     -0.05189
PD      0.75119      0.75132      0.49825     -0.12124     -0.11823      0.22971
PD      0.74946      0.50127      0.75245      0.08627     -0.08375     -0.24957
PD      0.49992      0.74875      0.74967      0.01149      0.13581     -0.04641
