/* Converted from PWscf output file */ 
#L_UNITS ang 
#E_UNITS eV 
#S_UNITS GPA 
#F_UNITS EV/ANG 
#ALAT 	   7.85263     // a0 
#X 	   1.00000     0.00000     0.00000     // X 
#Y 	   0.00000     1.00000     0.00000     // Y 
#Z 	   0.00000     0.00000     1.00000     // Z 
#SX 	   0.05031    -0.00204     0.00335     // SX 
#SY 	  -0.00204     0.05381    -0.00277     // SY 
#SZ 	   0.00335    -0.00277     0.05411     // SZ 
#EPA 	  -4.04885     // Energy per Atom 
#RCUT 	6.5        // Rcut 
PD      0.00089      0.99888      0.99829     -0.01024      0.03967      0.10476
PD      0.25044      0.25090      0.99835      0.06268     -0.10332      0.15756
PD      0.25155      0.99929      0.24984     -0.11256      0.12526     -0.05594
PD      0.99907      0.25195      0.24919      0.11070     -0.17356      0.08740
PD      0.00007      0.99964      0.49865      0.00113      0.11741      0.07816
PD      0.25018      0.24914      0.49828     -0.01221      0.07269      0.03400
PD      0.25078      0.00041      0.74943      0.01029     -0.04756      0.01583
PD      0.00299      0.25011      0.75138     -0.23180     -0.03098     -0.16297
PD      0.00140      0.49760      0.00059     -0.14188      0.27154     -0.10379
PD      0.25003      0.74943      0.00092     -0.01571      0.00793     -0.08861
PD      0.24962      0.50035      0.24965      0.02463     -0.01069      0.06221
PD      0.00056      0.75042      0.25096     -0.05872     -0.05502     -0.09807
PD      0.99907      0.50076      0.50067      0.08301     -0.05505     -0.00483
PD      0.25127      0.75152      0.49928     -0.05493     -0.12051      0.05676
PD      0.25083      0.49885      0.75060     -0.00268      0.09327     -0.10118
PD      0.00112      0.75046      0.74778     -0.05913     -0.07888      0.15040
PD      0.49894      0.00033      0.00131      0.07059     -0.00300     -0.06326
PD      0.75082      0.25047      0.00217     -0.02491     -0.05730     -0.17779
PD      0.75126      0.99982      0.25035     -0.05690      0.02196     -0.03487
PD      0.50064      0.25176      0.24884     -0.06045     -0.09488      0.06750
PD      0.49989      0.99986      0.50001      0.05199      0.04210     -0.03160
PD      0.74893      0.25000      0.49997      0.10427     -0.03330      0.01572
PD      0.74901      0.00039      0.75075      0.08858      0.02380     -0.02151
PD      0.50144      0.24906      0.74971     -0.07558      0.05024      0.03070
PD      0.50096      0.50062      0.00048     -0.01345     -0.01380     -0.04616
PD      0.74925      0.75132      0.99932      0.12634     -0.11929      0.00420
PD      0.75007      0.49986      0.25017      0.01776      0.12501      0.01032
PD      0.50054      0.75008      0.25024      0.02999     -0.01015     -0.01639
PD      0.49922      0.50083      0.49964     -0.00726     -0.06316     -0.01664
PD      0.74940      0.75100      0.50080      0.02275     -0.03617     -0.04409
PD      0.74820      0.49908      0.74825      0.16967      0.03630      0.14907
PD      0.49982      0.74891      0.74992     -0.03596      0.07943      0.04312
