/* Converted from PWscf output file */ 
#L_UNITS ang 
#E_UNITS eV 
#S_UNITS GPA 
#F_UNITS EV/ANG 
#ALAT 	   7.85263     // a0 
#X 	   1.00000     0.00000     0.00000     // X 
#Y 	   0.00000     1.00000     0.00000     // Y 
#Z 	   0.00000     0.00000     1.00000     // Z 
#SX 	   0.01035     0.00015    -0.00058     // SX 
#SY 	   0.00015     0.01035     0.00000     // SY 
#SZ 	  -0.00058     0.00000     0.01006     // SZ 
#EPA 	  -4.04966     // Energy per Atom 
#RCUT 	6.5        // Rcut 
PD      0.00055      0.99930      0.00027     -0.03323      0.04240     -0.00302
PD      0.25038      0.24965      0.99996     -0.01426      0.01792     -0.00528
PD      0.25022      0.99955      0.25050     -0.01163      0.02593     -0.03638
PD      0.00018      0.25047      0.24970     -0.01650     -0.04332      0.01658
PD      0.99991      0.99982      0.49982     -0.01629      0.03712      0.01668
PD      0.24966      0.24974      0.50020      0.01333      0.02488     -0.00013
PD      0.24998      0.99994      0.74980      0.00388      0.00867      0.01427
PD      0.00002      0.24993      0.75057      0.00683     -0.00226     -0.03522
PD      0.99987      0.50008      0.99996      0.02500     -0.01028      0.00154
PD      0.24994      0.74994      0.99990      0.02952      0.00208     -0.00163
PD      0.24978      0.49992      0.25010      0.02572      0.02004      0.00576
PD      0.00018      0.75025      0.24988     -0.01010     -0.01851      0.01057
PD      0.00048      0.50042      0.49991     -0.02859     -0.02652      0.02381
PD      0.24971      0.75065      0.50054      0.02376     -0.03960     -0.02106
PD      0.25041      0.50021      0.74992     -0.01945     -0.00846      0.01292
PD      0.99947      0.74999      0.75014      0.02272      0.00114     -0.00753
PD      0.50014      0.00022      0.99976     -0.00477     -0.03011      0.01883
PD      0.74997      0.24965      0.99970      0.00734      0.01267      0.04725
PD      0.74991      0.99992      0.25048      0.01872      0.02330     -0.04706
PD      0.49963      0.24990      0.24991      0.02170      0.02839      0.00564
PD      0.50000      0.00027      0.49946     -0.00721     -0.00445      0.03545
PD      0.74933      0.25021      0.50007      0.06401      0.00859     -0.01221
PD      0.74984      0.00027      0.74988      0.02471     -0.00911      0.00258
PD      0.50048      0.25008      0.74981     -0.04114      0.00680      0.01215
PD      0.49987      0.50034      0.00038      0.01185     -0.01388     -0.01049
PD      0.75007      0.74976      0.99986     -0.01369      0.02585      0.02101
PD      0.75049      0.50010      0.25037     -0.03591     -0.01139     -0.01553
PD      0.50033      0.75012      0.25031     -0.02255     -0.01913     -0.02023
PD      0.50001      0.50051      0.50049     -0.01016     -0.02190     -0.03404
PD      0.74985      0.75029      0.50003      0.02437     -0.02136      0.00569
PD      0.75028      0.49980      0.75043     -0.01280      0.01135     -0.03068
PD      0.50054      0.75050      0.74967     -0.02519     -0.01687      0.02975
