/* Converted from PWscf output file */ 
#L_UNITS ang 
#E_UNITS eV 
#S_UNITS GPA 
#F_UNITS EV/ANG 
#ALAT 	   7.85263     // a0 
#X 	   1.00000     0.00000     0.00000     // X 
#Y 	   0.00000     1.00000     0.00000     // Y 
#Z 	   0.00000     0.00000     1.00000     // Z 
#SX 	   0.02071     0.00131    -0.00044     // SX 
#SY 	   0.00131     0.02231    -0.00277     // SY 
#SZ 	  -0.00044    -0.00277     0.02056     // SZ 
#EPA 	  -4.04945     // Energy per Atom 
#RCUT 	6.5        // Rcut 
PD      0.00063      0.00026      0.99918     -0.03643     -0.07090      0.12027
PD      0.24990      0.25033      0.00027      0.01280     -0.01382     -0.00668
PD      0.25107      0.00073      0.25044     -0.12443     -0.04890     -0.03127
PD      0.99965      0.25045      0.24940      0.03327     -0.07894      0.05138
PD      0.99994      0.99968      0.50023      0.02281      0.01172     -0.03717
PD      0.24925      0.25070      0.50008      0.02893     -0.05970     -0.02046
PD      0.24951      0.99981      0.75136      0.04102     -0.00655     -0.10148
PD      0.00022      0.24902      0.75025     -0.03499      0.08894     -0.02510
PD      0.99974      0.49924      0.00108      0.00170      0.06590     -0.10271
PD      0.25086      0.74981      0.99957     -0.06805     -0.00620      0.03610
PD      0.25032      0.50067      0.24944     -0.00382     -0.04703      0.01443
PD      0.99925      0.74884      0.25101      0.06479      0.13042     -0.11436
PD      0.00033      0.50023      0.49885     -0.05664     -0.03459      0.09070
PD      0.24963      0.74942      0.49975      0.00299      0.03552      0.01834
PD      0.24926      0.49953      0.74910      0.01920      0.01029      0.05118
PD      0.00067      0.74969      0.75003     -0.06693     -0.01648      0.00494
PD      0.50015      0.99993      0.99999      0.00152      0.00034     -0.00286
PD      0.74987      0.24926      0.00042     -0.02156      0.02697     -0.04193
PD      0.74989      0.99962      0.25035      0.01259      0.01175     -0.03539
PD      0.49971      0.25000      0.25019      0.03284      0.00674      0.01289
PD      0.49901      0.99877      0.49983      0.01810      0.09764      0.03395
PD      0.75014      0.24962      0.50019     -0.01333      0.00656     -0.01045
PD      0.75005      0.00032      0.74969     -0.02009     -0.04617      0.00271
PD      0.49913      0.24928      0.74964      0.04473      0.02650     -0.00392
PD      0.49935      0.49919      0.99932      0.06058      0.03882      0.00492
PD      0.74953      0.75023      0.99971      0.02197     -0.02360      0.00412
PD      0.75053      0.49974      0.24979     -0.10061      0.00037     -0.00848
PD      0.49891      0.74993      0.25015      0.07087     -0.02488     -0.04957
PD      0.50040      0.49969      0.49964     -0.01176     -0.01001      0.01218
PD      0.74914      0.75034      0.49898      0.04762     -0.03597      0.07712
PD      0.75019      0.50005      0.74977      0.00900     -0.02103      0.00915
PD      0.49982      0.74984      0.74898      0.01133     -0.01373      0.04745
