/* Converted from PWscf output file */ 
#L_UNITS ang 
#E_UNITS eV 
#S_UNITS GPA 
#F_UNITS EV/ANG 
#ALAT 	   7.85263     // a0 
#X 	   1.00000     0.00000     0.00000     // X 
#Y 	   0.00000     1.00000     0.00000     // Y 
#Z 	   0.00000     0.00000     1.00000     // Z 
#SX 	   0.17909    -0.01254    -0.01969     // SX 
#SY 	  -0.01254     0.16319    -0.01633     // SY 
#SZ 	  -0.01969    -0.01633     0.17179     // SZ 
#EPA 	  -4.04633     // Energy per Atom 
#RCUT 	6.5        // Rcut 
PD      0.00005      0.99947      0.00173     -0.09455      0.21921     -0.05119
PD      0.25044      0.24826      0.99764     -0.05875     -0.03498      0.14426
PD      0.24712      0.99945      0.25287      0.20325      0.00917     -0.27520
PD      0.00082      0.25096      0.25276     -0.13312     -0.06286     -0.16509
PD      0.00208      0.99905      0.49720     -0.22838      0.16443      0.32898
PD      0.25108      0.24982      0.49928     -0.04763     -0.04045      0.12382
PD      0.25022      0.99929      0.74940     -0.16673      0.06826     -0.02451
PD      0.00085      0.25255      0.74975     -0.16765     -0.20829      0.04779
PD      0.99969      0.49732      0.00400      0.11551      0.15363     -0.15931
PD      0.24970      0.75405      0.99984     -0.05843     -0.35925      0.16546
PD      0.25245      0.49658      0.25149     -0.05310      0.29164     -0.18046
PD      0.99820      0.74743      0.25321      0.12781      0.01871     -0.23721
PD      0.00269      0.49750      0.50156     -0.23106      0.08695      0.05539
PD      0.24648      0.74957      0.49964      0.27380     -0.13439      0.01331
PD      0.25043      0.49853      0.75201     -0.03952      0.07640     -0.03861
PD      0.00261      0.74912      0.75157     -0.15313     -0.03113     -0.05556
PD      0.49941      0.99782      0.99692      0.10711      0.14303      0.23929
PD      0.74540      0.25541      0.00007      0.30040     -0.45741      0.05015
PD      0.75029      0.00211      0.25166     -0.12256     -0.04868     -0.15573
PD      0.49777      0.25086      0.24778      0.12238     -0.15374      0.09126
PD      0.49609      0.99964      0.50085      0.24785     -0.13901     -0.16547
PD      0.74663      0.24981      0.50050      0.21037     -0.00478      0.00127
PD      0.75008      0.00008      0.75058      0.15389      0.01531     -0.09112
PD      0.50061      0.24652      0.74743     -0.10379      0.10724      0.15108
PD      0.49925      0.49844      0.99713     -0.11016      0.24586      0.21483
PD      0.75403      0.75093      0.99730     -0.20962     -0.04422      0.21142
PD      0.75025      0.50064      0.25138     -0.15216      0.00597      0.02712
PD      0.50037      0.75126      0.24710      0.02094     -0.09039      0.17614
PD      0.49901      0.49851      0.50262      0.05627      0.23349     -0.19050
PD      0.75293      0.75074      0.50043     -0.24715     -0.08352      0.09214
PD      0.74557      0.50039      0.75307      0.33600      0.03457     -0.28189
PD      0.49797      0.74949      0.74953      0.10189      0.01923     -0.06184
