/* Converted from PWscf output file */ 
#L_UNITS ang 
#E_UNITS eV 
#S_UNITS GPA 
#F_UNITS EV/ANG 
#ALAT 	   7.85263     // a0 
#X 	   1.00000     0.00000     0.00000     // X 
#Y 	   0.00000     1.00000     0.00000     // Y 
#Z 	   0.00000     0.00000     1.00000     // Z 
#SX 	   0.01283     0.00015    -0.00044     // SX 
#SY 	   0.00015     0.01254     0.00015     // SY 
#SZ 	  -0.00044     0.00015     0.01210     // SZ 
#EPA 	  -4.04962     // Energy per Atom 
#RCUT 	6.5        // Rcut 
PD      0.99963      0.99994      0.99967     -0.00561      0.00301      0.04514
PD      0.25009      0.24997      0.00019     -0.02141      0.01078     -0.02555
PD      0.25061      0.00008      0.24930     -0.05702     -0.02710      0.03205
PD      0.00041      0.24998      0.24988     -0.05046     -0.01276      0.00338
PD      0.99969      0.99958      0.49949      0.01628      0.03318      0.01843
PD      0.25027      0.24929      0.49978     -0.05693      0.04124      0.01709
PD      0.25024      0.00033      0.75038     -0.02988     -0.01183     -0.03079
PD      0.99960      0.24975      0.75026      0.02159      0.01707     -0.02480
PD      0.99966      0.50070      0.99996      0.01930     -0.05049      0.00391
PD      0.24988      0.75043      0.99894      0.01020     -0.02216      0.06083
PD      0.25058      0.49970      0.24934     -0.03276      0.03442      0.03075
PD      0.00036      0.74966      0.25005      0.01089      0.02740     -0.00366
PD      0.00008      0.49984      0.50012      0.01771     -0.01374     -0.00195
PD      0.25026      0.74978      0.50041     -0.01463      0.00880     -0.03799
PD      0.24980      0.50000      0.75026     -0.02139     -0.03505     -0.02400
PD      0.00035      0.75058      0.74989     -0.02957     -0.01272     -0.00704
PD      0.50002      0.00001      0.99996      0.00991     -0.01083     -0.00852
PD      0.74935      0.24964      0.99965      0.02756      0.03090      0.05140
PD      0.74934      0.99937      0.25045      0.03348      0.04031     -0.02285
PD      0.49954      0.25003      0.25037      0.05747      0.00998     -0.03118
PD      0.49967      0.00029      0.50052      0.01884     -0.04665     -0.01555
PD      0.74921      0.25019      0.50040      0.06289     -0.00848     -0.03139
PD      0.74963      0.00028      0.75041      0.00266     -0.04219     -0.02979
PD      0.49934      0.24977      0.74957      0.02796      0.03002      0.03664
PD      0.49992      0.49978      0.99941      0.01013      0.00380      0.04211
PD      0.74961      0.74952      0.00023      0.00593      0.04093     -0.00890
PD      0.75046      0.50039      0.25016     -0.04556     -0.03926     -0.00926
PD      0.49934      0.75048      0.24999      0.02137     -0.05137      0.00717
PD      0.50009      0.49965      0.50011     -0.01028      0.02557     -0.01750
PD      0.75003      0.74985      0.50031     -0.01338      0.01105     -0.00667
PD      0.75030      0.50057      0.75034     -0.01027     -0.04127     -0.02096
PD      0.49972      0.74910      0.74973      0.02500      0.05746      0.00943
