/* Converted from PWscf output file */ 
#L_UNITS ang 
#E_UNITS eV 
#S_UNITS GPA 
#F_UNITS EV/ANG 
#ALAT 	   7.85263     // a0 
#X 	   1.00000     0.00000     0.00000     // X 
#Y 	   0.00000     1.00000     0.00000     // Y 
#Z 	   0.00000     0.00000     1.00000     // Z 
#SX 	   0.00977     0.00029    -0.00029     // SX 
#SY 	   0.00029     0.00977    -0.00029     // SY 
#SZ 	  -0.00029    -0.00029     0.00963     // SZ 
#EPA 	  -4.04969     // Energy per Atom 
#RCUT 	6.5        // Rcut 
PD      0.99958      0.99997      0.99987      0.02834      0.00498     -0.00729
PD      0.25056      0.24973      0.00049     -0.05136      0.02080     -0.03204
PD      0.24990      0.99958      0.24944      0.00030      0.01360      0.04429
PD      0.00004      0.24984      0.25045     -0.00270      0.00847     -0.04186
PD      0.00008      0.00012      0.49994      0.00031     -0.02393      0.00860
PD      0.24996      0.25007      0.50028      0.01461     -0.01732     -0.01855
PD      0.24993      0.99973      0.75005     -0.01329      0.00663     -0.00359
PD      0.00016      0.25015      0.74975     -0.00823     -0.00515      0.02771
PD      0.00013      0.50031      0.99996     -0.01162     -0.04368      0.00984
PD      0.25007      0.74971      0.00000     -0.00089      0.00623     -0.00939
PD      0.24965      0.50005      0.25035      0.03204     -0.00635     -0.01815
PD      0.00020      0.74979      0.24994     -0.01828      0.01305      0.00208
PD      0.00009      0.50009      0.49982     -0.02231     -0.00315      0.02046
PD      0.25016      0.74977      0.50016     -0.00875      0.02939     -0.01191
PD      0.24996      0.50020      0.74985      0.01515     -0.01665      0.01897
PD      0.99964      0.74955      0.75008      0.01416      0.03037     -0.01554
PD      0.49976      0.99969      0.99994      0.01538      0.00969      0.00292
PD      0.74983      0.24993      0.99973      0.01380      0.01088      0.01669
PD      0.75033      0.99977      0.24955     -0.01131      0.01863      0.01573
PD      0.49988      0.24991      0.25002      0.00848     -0.00084      0.00562
PD      0.50035      0.00016      0.49973     -0.02933      0.00071     -0.00268
PD      0.74990      0.25002      0.49985      0.00345     -0.00322      0.01441
PD      0.74985      0.99979      0.74999      0.01903      0.02167     -0.01004
PD      0.49983      0.24964      0.75002      0.00475      0.01979     -0.00535
PD      0.49988      0.49991      0.00010      0.00114      0.00828     -0.00093
PD      0.74963      0.75009      0.99977      0.01061     -0.02034      0.01780
PD      0.74996      0.49995      0.25028      0.00536     -0.00093     -0.03156
PD      0.50024      0.75019      0.25015     -0.01789     -0.01871     -0.01043
PD      0.50018      0.50009      0.50001     -0.01127     -0.01336      0.00343
PD      0.74984      0.75013      0.49978      0.02496     -0.00491      0.00828
PD      0.74972      0.50010      0.75023      0.00675     -0.01381     -0.01754
PD      0.50007      0.75045      0.74956     -0.01138     -0.03082      0.02002
