/* Converted from PWscf output file */ 
#L_UNITS ang 
#E_UNITS eV 
#S_UNITS GPA 
#F_UNITS EV/ANG 
#ALAT 	   7.85263     // a0 
#X 	   1.00000     0.00000     0.00000     // X 
#Y 	   0.00000     1.00000     0.00000     // Y 
#Z 	   0.00000     0.00000     1.00000     // Z 
#SX 	   0.46915    -0.03835     0.01488     // SX 
#SY 	  -0.03835     0.47922     0.03383     // SY 
#SZ 	   0.01488     0.03383     0.46915     // SZ 
#EPA 	  -4.03942     // Energy per Atom 
#RCUT 	6.5        // Rcut 
PD      0.99866      0.00075      0.99651      0.21258      0.05584      0.30216
PD      0.25882      0.24746      0.99870     -0.68585      0.20082      0.06573
PD      0.25496      0.99912      0.25463     -0.44333      0.12695     -0.34155
PD      0.99353      0.25150      0.24607      0.74027     -0.22140      0.08678
PD      0.00436      0.00039      0.49718      0.00903     -0.11378      0.11022
PD      0.24985      0.25170      0.50253      0.04389     -0.01089     -0.36666
PD      0.26039      0.00327      0.75361     -0.42156     -0.35650     -0.21428
PD      0.00335      0.24779      0.74570      0.07940      0.27693      0.34995
PD      0.99952      0.50435      0.00167      0.15250     -0.28673     -0.36795
PD      0.24683      0.75199      0.00386      0.17002      0.03840     -0.07027
PD      0.24773      0.49929      0.25040     -0.12943     -0.08791     -0.05908
PD      0.99056      0.75189      0.25032      0.43586     -0.01990      0.12052
PD      0.00232      0.50245      0.50104     -0.25038      0.12612      0.01125
PD      0.25625      0.74942      0.50002     -0.62913      0.32522     -0.04524
PD      0.25168      0.50861      0.74708     -0.34175     -0.42423      0.42527
PD      0.00144      0.75620      0.75382     -0.06038     -0.28402     -0.33505
PD      0.50347      0.99597      0.00318     -0.00063     -0.00479     -0.22955
PD      0.75182      0.24751      0.99492     -0.12437      0.07391     -0.10867
PD      0.75106      0.00226      0.25123     -0.15019     -0.08491     -0.12240
PD      0.50109      0.24966      0.24244      0.05870      0.12627      0.60024
PD      0.49986      0.00154      0.49686      0.09991      0.15515      0.14548
PD      0.75265      0.25017      0.50041     -0.27423      0.13246     -0.03880
PD      0.75382      0.00060      0.74583     -0.35981      0.02786      0.15935
PD      0.49650      0.25210      0.74680      0.42378      0.01530      0.11198
PD      0.49674      0.50120      0.00273      0.12855     -0.05331     -0.24546
PD      0.74445      0.74807      0.00076      0.22021      0.06821     -0.10877
PD      0.75399      0.49254      0.24606     -0.43782      0.46454      0.36518
PD      0.49786      0.74464      0.25149      0.28228      0.19654     -0.14035
PD      0.49524      0.50536      0.50086      0.51110     -0.66276     -0.33654
PD      0.74371      0.75561      0.50149      0.53058     -0.44819     -0.14349
PD      0.74816      0.49663      0.74987      0.22512      0.18552     -0.05801
PD      0.50246      0.74548      0.74645     -0.01488      0.46326      0.47802
