/* Converted from PWscf output file */ 
#L_UNITS ang 
#E_UNITS eV 
#S_UNITS GPA 
#F_UNITS EV/ANG 
#ALAT 	   7.85263     // a0 
#X 	   1.00000     0.00000     0.00000     // X 
#Y 	   0.00000     1.00000     0.00000     // Y 
#Z 	   0.00000     0.00000     1.00000     // Z 
#SX 	   0.83666    -0.10194     0.07613     // SX 
#SY 	  -0.10194     0.80487     0.05192     // SY 
#SZ 	   0.07613     0.05192     0.76666     // SZ 
#EPA 	  -4.03153     // Energy per Atom 
#RCUT 	6.5        // Rcut 
PD      0.00363      0.00045      0.00446     -0.43335      0.40809     -0.24460
PD      0.25206      0.25371      0.01334      0.12934      0.05999     -0.87855
PD      0.24808      0.00363      0.24724     -0.04811     -0.34629      0.47115
PD      0.99493      0.25315      0.25398      0.28869     -0.11371      0.11370
PD      0.99517      0.00620      0.50069      0.51379     -0.30636     -0.21948
PD      0.25527      0.24243      0.49939     -0.55803      0.34942     -0.00393
PD      0.24939      0.99855      0.75799      0.01501      0.36588     -0.32102
PD      0.00200      0.25305      0.74725     -0.14258     -0.11933      0.22093
PD      0.99722      0.49649      0.00122      0.29909      0.17731     -0.21326
PD      0.24545      0.75503      0.00091      0.53117     -0.68582      0.21334
PD      0.25044      0.49899      0.25173      0.09985      0.18946      0.09462
PD      0.99481      0.74659      0.24232      0.35026      0.21788      0.69075
PD      0.99426      0.50496      0.50257      0.13719     -0.17633     -0.28744
PD      0.25111      0.74930      0.50051     -0.37747      0.33327     -0.28714
PD      0.24390      0.50087      0.73752      0.25893     -0.21611      0.95558
PD      0.00416      0.75413      0.75921     -0.32996     -0.21691     -0.43065
PD      0.50119      0.99658      0.99717      0.02594      0.37021     -0.15172
PD      0.75193      0.25368      0.00322     -0.17334     -0.40267     -0.64039
PD      0.74857      0.00336      0.24492      0.18183     -0.16786      0.41951
PD      0.50504      0.24074      0.25374     -0.39631      0.56717     -0.33516
PD      0.49692      0.00159      0.50902      0.10129     -0.45331     -0.28986
PD      0.73923      0.25017      0.50020      0.82147      0.07707      0.09609
PD      0.75675      0.99510      0.74285     -0.35139      0.41395      0.89869
PD      0.50335      0.25186      0.74485     -0.24638     -0.07322      0.93111
PD      0.50469      0.50247      0.00069     -0.53435     -0.09890      0.01686
PD      0.74432      0.75314      0.01057      0.18567     -0.16878     -0.71580
PD      0.75057      0.49504      0.24845     -0.37616      0.47352      0.48405
PD      0.49946      0.75854      0.25724     -0.09577     -0.50876     -0.12529
PD      0.49748      0.49586      0.50430      0.23681      0.45733     -0.54775
PD      0.75454      0.75742      0.50133     -0.26330     -0.43738     -0.29117
PD      0.75058      0.50779      0.74965      0.06056     -0.23456      0.14281
PD      0.49748      0.74501      0.74796      0.08962      0.26578      0.23401
