/* Converted from PWscf output file */ 
#L_UNITS ang 
#E_UNITS eV 
#S_UNITS GPA 
#F_UNITS EV/ANG 
#ALAT 	   7.61443     // a0 
#X 	   1.00000     0.00000     0.00000     // X 
#Y 	   0.00000     1.00000     0.00000     // Y 
#Z 	   0.00000     0.00000     1.00000     // Z 
#SX 	   1.62170    -0.05906    -0.20548     // SX 
#SY 	  -0.05906     1.69432    -0.25944     // SY 
#SZ 	  -0.20548    -0.25944     1.55199     // SZ 
#EPA 	  -6.68410     // Energy per Atom 
#RCUT 	6.5        // Rcut 
RU      0.00084      0.99924      0.99304      0.19103      0.14724      0.21928
RU      0.24694      0.25645      0.00833      0.34399     -0.40661     -0.37572
RU      0.23752      0.99577      0.25391      1.04319      0.37582     -0.42807
RU      0.00080      0.23714      0.24634     -0.07808      0.98794      0.40548
RU      0.00725      0.99218      0.50407     -0.63339      0.74057     -0.46005
RU      0.25875      0.24907      0.51102     -0.53829      0.29553     -0.92744
RU      0.25614      0.00463      0.74860     -0.43415     -0.25693     -0.02729
RU      0.99560      0.25430      0.75186      0.47814     -0.20996     -0.40930
RU      0.99938      0.50071      0.98642      0.08764      0.06026      1.22818
RU      0.24778      0.75357      0.99650      0.43991     -0.40977      0.29250
RU      0.24848      0.49958      0.24740      0.09546      0.04113      0.31378
RU      0.99997      0.74957      0.24093      0.10412     -0.27366      0.54780
RU      0.99799      0.50001      0.49216      0.28249     -0.12783      0.21088
RU      0.24698      0.75387      0.50172      0.51542     -0.43946     -0.18659
RU      0.24841      0.49943      0.74974      0.13433     -0.07191      0.15832
RU      0.00101      0.74698      0.74745      0.00123     -0.03167      0.16296
RU      0.49937      0.01128      0.99251     -0.01797     -0.94210      0.98569
RU      0.74869      0.24130      0.00114      0.27985      0.86915      0.06951
RU      0.75531      0.99245      0.24292     -0.52314      0.65049      0.59819
RU      0.50495      0.24828      0.24870     -0.32625      0.26661      0.12142
RU      0.50742      0.00612      0.49621     -0.47617     -0.46548     -0.09294
RU      0.75056      0.24389      0.51113      0.05037      0.69766     -0.90550
RU      0.74647      0.99536      0.75176      0.29237      0.36841     -0.04725
RU      0.50532      0.24154      0.75242     -0.31307      0.95008     -0.19646
RU      0.49947      0.50259      0.99812      0.05965      0.01904     -0.04348
RU      0.75592      0.75197      0.99549     -0.59991     -0.32274      0.43029
RU      0.74191      0.50570      0.26064      0.33261     -0.61462     -0.71196
RU      0.49863      0.74689      0.25756      0.05596     -0.03528     -0.41728
RU      0.49619      0.49882      0.49991      0.25126      0.12279     -0.11311
RU      0.76152      0.75411      0.49571     -0.78456     -0.45029      0.17466
RU      0.75068      0.50658      0.75740     -0.21735     -0.57365     -0.72776
RU      0.49986      0.76063      0.74661     -0.09671     -0.96072      0.15127
