/* Converted from PWscf output file */ 
#L_UNITS ang 
#E_UNITS eV 
#S_UNITS GPA 
#F_UNITS EV/ANG 
#ALAT 	   7.61443     // a0 
#X 	   1.00000     0.00000     0.00000     // X 
#Y 	   0.00000     1.00000     0.00000     // Y 
#Z 	   0.00000     0.00000     1.00000     // Z 
#SX 	   1.38705     0.25040    -0.42409     // SX 
#SY 	   0.25040     1.23450     0.00015     // SY 
#SZ 	  -0.42409     0.00015     1.41505     // SZ 
#EPA 	  -6.69078     // Energy per Atom 
#RCUT 	6.5        // Rcut 
RU      0.99798      0.00078      0.99979     -0.17023     -0.07798     -0.08508
RU      0.24855      0.24835      0.00036      0.01913     -0.09251     -0.21372
RU      0.24961      0.99775      0.24438      0.01733      0.24995      0.14474
RU      0.99755      0.25090      0.25116     -0.01761     -0.06373     -0.10947
RU      0.99957      0.99980      0.50350      0.03422     -0.20947     -0.25348
RU      0.24153      0.24375      0.50463      0.56158      0.52688     -0.58317
RU      0.26191      0.00321      0.74823     -0.98458     -0.49271      0.12556
RU      0.00467      0.24292      0.74816     -0.45201      0.48303      0.20282
RU      0.98963      0.49809      0.99820      0.59365      0.05423      0.05181
RU      0.25269      0.74389      0.99835     -0.24449      0.24341      0.13836
RU      0.25202      0.49808      0.24893     -0.34323     -0.00318      0.22987
RU      0.00352      0.75695      0.24831     -0.45643     -0.69483     -0.02978
RU      0.00071      0.50525      0.49677     -0.34371     -0.37485      0.13077
RU      0.24677      0.74964      0.48843      0.12456     -0.03869      0.94762
RU      0.23914      0.50126      0.75244      0.65251     -0.05625     -0.19762
RU      0.99850      0.74844      0.75508     -0.12099      0.10739     -0.40358
RU      0.50233      0.00399      0.00478     -0.54356     -0.61255     -0.46909
RU      0.74750      0.24069      0.99697      0.21546      0.71244      0.15842
RU      0.74670      0.00171      0.24138      0.45779     -0.37470      0.66010
RU      0.50277      0.24925      0.24780     -0.17675      0.10500      0.12566
RU      0.49435      0.99049      0.50073      0.41066      0.73393     -0.16851
RU      0.75420      0.25488      0.49641     -0.46299     -0.36043      0.27596
RU      0.74948      0.00535      0.73780     -0.18457     -0.19327      0.71074
RU      0.49554      0.25233      0.75285      0.30807     -0.13995     -0.32382
RU      0.48519      0.49010      0.00116      1.08819      0.71498     -0.34993
RU      0.75508      0.74892      0.99820     -0.51996      0.10556     -0.01404
RU      0.75063      0.50207      0.25497     -0.17406      0.06854     -0.55361
RU      0.49216      0.74833      0.25529      0.59537      0.15633     -0.51398
RU      0.50225      0.49728      0.49162     -0.36195      0.07345      0.64400
RU      0.74149      0.75075      0.50688      0.63674     -0.35527     -0.67564
RU      0.74993      0.49939      0.75039      0.02657      0.03189     -0.10797
RU      0.50095      0.74880      0.74491     -0.18474     -0.22664      0.50605
