/* Converted from PWscf output file */ 
#L_UNITS ang 
#E_UNITS eV 
#S_UNITS GPA 
#F_UNITS EV/ANG 
#ALAT 	   7.61443     // a0 
#X 	   1.00000     0.00000     0.00000     // X 
#Y 	   0.00000     1.00000     0.00000     // Y 
#Z 	   0.00000     0.00000     1.00000     // Z 
#SX 	  -0.00248     0.00029     0.00015     // SX 
#SY 	   0.00029    -0.00263     0.00044     // SY 
#SZ 	   0.00015     0.00044    -0.00277     // SZ 
#EPA 	  -6.71136     // Energy per Atom 
#RCUT 	6.5        // Rcut 
RU      0.00025      0.00025      0.00031     -0.02090     -0.02094     -0.01724
RU      0.25011      0.25004      0.99957     -0.01678     -0.00230      0.03330
RU      0.25020      0.99995      0.25013     -0.01687     -0.00358     -0.01091
RU      0.00023      0.24998      0.25031     -0.02239     -0.00236     -0.02481
RU      0.99990      0.99983      0.50008      0.00543      0.00498     -0.01142
RU      0.24993      0.25012      0.50008      0.00436     -0.00893     -0.01970
RU      0.25001      0.00015      0.75010     -0.00814     -0.01355     -0.01763
RU      0.99982      0.24985      0.74947      0.00479      0.00308      0.03993
RU      0.99979      0.50010      0.99998      0.01043     -0.01093     -0.00031
RU      0.25011      0.75031      0.99983     -0.00730     -0.02173      0.01460
RU      0.25009      0.49991      0.24975     -0.01508      0.00891      0.02205
RU      0.99998      0.74965      0.24995     -0.00276      0.02439     -0.00376
RU      0.00014      0.49998      0.50030     -0.01387      0.00775     -0.02354
RU      0.25014      0.74988      0.50013     -0.01221      0.01377     -0.01403
RU      0.24988      0.50007      0.75012      0.00538     -0.00875     -0.00407
RU      0.99971      0.74998      0.75002      0.01306      0.00101      0.00331
RU      0.49999      0.00008      0.99981     -0.00109     -0.01460      0.00695
RU      0.74990      0.25011      0.99971      0.01110     -0.00700      0.02007
RU      0.74981      0.99997      0.24979      0.01793     -0.00377      0.01669
RU      0.50000      0.25007      0.25010     -0.00320     -0.01343     -0.01452
RU      0.50015      0.00013      0.49974     -0.00743     -0.01904      0.01457
RU      0.74984      0.25026      0.49991      0.01334     -0.01895      0.00154
RU      0.75005      0.99951      0.74968     -0.00236      0.02988      0.02742
RU      0.49966      0.24992      0.75010      0.02671      0.00261     -0.00422
RU      0.49992      0.49967      0.99966      0.00752      0.03084      0.02362
RU      0.75005      0.75016      0.00013     -0.00001     -0.00507     -0.00351
RU      0.74992      0.49956      0.25005      0.00878      0.02445     -0.00454
RU      0.49981      0.74985      0.25005      0.01553      0.01023     -0.00061
RU      0.49987      0.49968      0.49965      0.00485      0.02103      0.01616
RU      0.75023      0.75011      0.50013     -0.01549     -0.00817     -0.02137
RU      0.74979      0.50012      0.75040      0.01558     -0.01027     -0.03810
RU      0.49988      0.74986      0.75007      0.00112      0.01044     -0.00590
