/* Converted from PWscf output file */ 
#L_UNITS ang 
#E_UNITS eV 
#S_UNITS GPA 
#F_UNITS EV/ANG 
#ALAT 	   7.61443     // a0 
#X 	   1.00000     0.00000     0.00000     // X 
#Y 	   0.00000     1.00000     0.00000     // Y 
#Z 	   0.00000     0.00000     1.00000     // Z 
#SX 	   0.00948     0.00073    -0.00073     // SX 
#SY 	   0.00073     0.01240    -0.00321     // SY 
#SZ 	  -0.00073    -0.00321     0.01167     // SZ 
#EPA 	  -6.71109     // Energy per Atom 
#RCUT 	6.5        // Rcut 
RU      0.00085      0.99965      0.00060     -0.06715      0.05494     -0.06638
RU      0.24879      0.25033      0.00047      0.07298     -0.00272     -0.02054
RU      0.25047      0.00023      0.24950     -0.05585     -0.01094      0.06173
RU      0.99990      0.25023      0.25026      0.01034      0.00441     -0.00604
RU      0.99970      0.00033      0.50038      0.03048      0.01086      0.00987
RU      0.24994      0.25030      0.50014     -0.00533     -0.02513      0.02029
RU      0.25019      0.00073      0.75057     -0.01677     -0.02747     -0.03038
RU      0.00043      0.25002      0.74970     -0.06363      0.02187      0.01651
RU      0.99970      0.50164      0.00115      0.01134     -0.09402     -0.07619
RU      0.25093      0.74886      0.00072     -0.05834      0.11078     -0.05194
RU      0.24864      0.50039      0.25033      0.09494      0.01002     -0.00720
RU      0.00003      0.75102      0.24927     -0.03100     -0.03755      0.05555
RU      0.99961      0.50040      0.49946      0.02597      0.00464      0.08253
RU      0.24925      0.74934      0.49973      0.05362      0.06290      0.03429
RU      0.24945      0.49971      0.75109      0.01133      0.05237     -0.07226
RU      0.00017      0.75030      0.75014     -0.00068     -0.01649      0.00412
RU      0.49977      0.00072      0.00028      0.01081     -0.02126     -0.01199
RU      0.74960      0.25087      0.00016      0.03956     -0.04627     -0.00501
RU      0.75023      0.00085      0.25052     -0.03776     -0.02777     -0.03969
RU      0.49927      0.25079      0.24965      0.05268     -0.03329      0.02699
RU      0.50008      0.00133      0.49915     -0.00769     -0.07849      0.09086
RU      0.74983      0.25014      0.50089     -0.03051      0.02150     -0.05080
RU      0.74894      0.00067      0.74984      0.07546     -0.03660      0.02196
RU      0.49982      0.24919      0.75047      0.01410      0.07840     -0.01120
RU      0.49990      0.50005      0.00125      0.01865      0.03403     -0.11629
RU      0.75062      0.75157      0.99920     -0.08713     -0.08587      0.06586
RU      0.74930      0.49995      0.25074      0.04037      0.03518     -0.04158
RU      0.50077      0.75006      0.25065     -0.05050      0.00734     -0.02940
RU      0.50078      0.50010      0.49983     -0.07603      0.02912      0.05593
RU      0.75012      0.75058      0.50017      0.00079     -0.00750      0.00984
RU      0.74996      0.50079      0.74945     -0.02702     -0.01329      0.06628
RU      0.49924      0.74984      0.74970      0.05200      0.02631      0.01428
