/* Converted from PWscf output file */ 
#L_UNITS ang 
#E_UNITS eV 
#S_UNITS GPA 
#F_UNITS EV/ANG 
#ALAT 	   7.61443     // a0 
#X 	   1.00000     0.00000     0.00000     // X 
#Y 	   0.00000     1.00000     0.00000     // Y 
#Z 	   0.00000     0.00000     1.00000     // Z 
#SX 	   0.62447    -0.04185     0.03690     // SX 
#SY 	  -0.04185     0.61543    -0.03660     // SY 
#SZ 	   0.03690    -0.03660     0.51538     // SZ 
#EPA 	  -6.70101     // Energy per Atom 
#RCUT 	6.5        // Rcut 
RU      0.00644      0.99621      0.00683     -0.56713      0.40867     -0.52230
RU      0.25170      0.24296      0.00066      0.09680      0.53395     -0.12723
RU      0.25225      0.00199      0.24657     -0.05964     -0.14927      0.38016
RU      0.99741      0.25062      0.25000      0.30978     -0.10074     -0.04760
RU      0.99781      0.00331      0.49562      0.18247     -0.22159      0.31454
RU      0.24630      0.25578      0.50146      0.25493     -0.59854      0.03053
RU      0.24901      0.00650      0.75181      0.14597     -0.42739     -0.30444
RU      0.00027      0.24934      0.75243     -0.10233     -0.11145     -0.10694
RU      0.99884      0.50656      0.99938      0.02868     -0.61479     -0.13557
RU      0.24454      0.74842      0.00288      0.34721      0.14729     -0.17815
RU      0.24758      0.49546      0.24770      0.24285      0.41744      0.18859
RU      0.99900      0.73736      0.25123     -0.04453      0.97145      0.06791
RU      0.00103      0.50028      0.49868     -0.19652      0.12876      0.35306
RU      0.25200      0.74590      0.49915      0.00528      0.32535      0.12892
RU      0.25290      0.50204      0.75161     -0.19118     -0.08461     -0.14380
RU      0.99972      0.74979      0.75128      0.11091      0.10699     -0.28014
RU      0.50142      0.99501      0.99736     -0.06299      0.50142      0.02545
RU      0.74772      0.25240      0.00231      0.03812     -0.28586     -0.19000
RU      0.75048      0.00033      0.25053     -0.10131     -0.02514      0.01760
RU      0.49833      0.24900      0.24840      0.11536     -0.03919      0.19263
RU      0.49729      0.00587      0.49734      0.24031     -0.27309      0.39653
RU      0.76025      0.25124      0.49805     -0.78126     -0.10022      0.31666
RU      0.75387      0.99915      0.74723     -0.23943      0.12327      0.10192
RU      0.50648      0.25337      0.75223     -0.46698     -0.20578     -0.33067
RU      0.50090      0.50528      0.00059     -0.00383     -0.31732     -0.06859
RU      0.75221      0.75178      0.00443     -0.11876     -0.10842     -0.38496
RU      0.74910      0.49826      0.24773      0.02485      0.12139      0.24546
RU      0.50047      0.75333      0.24413     -0.08054     -0.16906      0.50836
RU      0.49424      0.50080      0.50107      0.42425     -0.09621     -0.14987
RU      0.74467      0.74728      0.50055      0.23525      0.32007      0.06154
RU      0.74936      0.50341      0.75351      0.01120     -0.10970     -0.35067
RU      0.49703      0.75214      0.74913      0.20222     -0.06768     -0.00893
