/* Converted from PWscf output file */ 
#L_UNITS ang 
#E_UNITS eV 
#S_UNITS GPA 
#F_UNITS EV/ANG 
#ALAT 	   7.61443     // a0 
#X 	   1.00000     0.00000     0.00000     // X 
#Y 	   0.00000     1.00000     0.00000     // Y 
#Z 	   0.00000     0.00000     1.00000     // Z 
#SX 	   0.92985    -0.12440    -0.04433     // SX 
#SY 	  -0.12440     1.06723     0.04273     // SY 
#SZ 	  -0.04433     0.04273     1.00758     // SZ 
#EPA 	  -6.69389     // Energy per Atom 
#RCUT 	6.5        // Rcut 
RU      0.99848      0.00660      0.00516      0.24336     -0.71653     -0.57209
RU      0.25309      0.25392      0.99779     -0.19193     -0.46977      0.03775
RU      0.24401      0.00277      0.25222      0.46506     -0.20689     -0.06185
RU      0.00113      0.25366      0.24719     -0.00802     -0.28035      0.11102
RU      0.99459      0.00370      0.49476      0.42144     -0.24206      0.60358
RU      0.24637      0.24466      0.50231      0.33084      0.29717      0.01757
RU      0.25281      0.99484      0.75033     -0.27499      0.28380      0.11918
RU      0.00376      0.25434      0.75137     -0.43832     -0.43803      0.07875
RU      0.00615      0.50414      0.99908     -0.46364     -0.27255      0.16712
RU      0.25335      0.75132      0.00579     -0.21157     -0.01497     -0.27321
RU      0.24826      0.49476      0.25152      0.06565      0.39819     -0.03442
RU      0.00134      0.75746      0.25436     -0.26771     -0.56094     -0.40282
RU      0.99967      0.48717      0.50152      0.17016      1.05643     -0.05082
RU      0.24313      0.74750      0.50262      0.26175      0.10880     -0.22537
RU      0.24684      0.49800      0.75944      0.45301      0.28604     -0.62974
RU      0.00314      0.73858      0.75235     -0.23282      0.94407     -0.07659
RU      0.50310      0.99565      0.00353     -0.20672      0.33952     -0.41173
RU      0.75553      0.25486      0.00076     -0.38122     -0.33166     -0.05032
RU      0.75079      0.00262      0.25208     -0.12245     -0.35415     -0.31882
RU      0.49725      0.25066      0.24785      0.29380      0.02211      0.06245
RU      0.50285      0.99532      0.49258     -0.33585      0.26373      0.71939
RU      0.74923      0.24659      0.49168     -0.17427      0.21710      0.56565
RU      0.75199      0.00435      0.75023     -0.19526     -0.28923      0.13041
RU      0.50274      0.24761      0.74293     -0.15278      0.04653      0.57418
RU      0.50516      0.49720      0.00136     -0.32349      0.21684     -0.32249
RU      0.74717      0.74669      0.99976      0.13628      0.27699     -0.16241
RU      0.74399      0.50585      0.25539      0.38809     -0.36115     -0.28825
RU      0.50271      0.75233      0.25875     -0.26576     -0.10810     -0.92581
RU      0.50005      0.50161      0.49541     -0.08733     -0.25120      0.54368
RU      0.74284      0.74769      0.50152      0.59267      0.17053      0.23591
RU      0.75241      0.49695      0.75017     -0.25992      0.21922      0.09664
RU      0.49088      0.75263      0.74210      0.77194     -0.24951      0.74347
