/* Converted from PWscf output file */ 
#L_UNITS ang 
#E_UNITS eV 
#S_UNITS GPA 
#F_UNITS EV/ANG 
#ALAT 	   7.61443     // a0 
#X 	   1.00000     0.00000     0.00000     // X 
#Y 	   0.00000     1.00000     0.00000     // Y 
#Z 	   0.00000     0.00000     1.00000     // Z 
#SX 	   1.45092     0.29590    -0.00029     // SX 
#SY 	   0.29590     1.58422    -0.05731     // SY 
#SZ 	  -0.00029    -0.05731     1.60026     // SZ 
#EPA 	  -6.68031     // Energy per Atom 
#RCUT 	6.5        // Rcut 
RU      0.98988      0.99308      0.00152      0.65655      0.59970     -0.02157
RU      0.25049      0.24598      0.99512     -0.00967      0.64521      0.47563
RU      0.25331      0.99793      0.24715     -0.30137     -0.30157      0.13469
RU      0.99774      0.23772      0.25278      0.24867      0.88532     -0.10741
RU      0.00083      0.99898      0.50440     -0.13628     -0.14439     -0.35033
RU      0.24142      0.24263      0.50126      0.77713      0.80033     -0.41455
RU      0.23975      0.99571      0.75599      0.59734      0.50041     -0.44461
RU      0.99607      0.25345      0.74735      0.45350      0.25951      0.03715
RU      0.99696      0.49224      0.99768      0.30294      0.49520      0.32931
RU      0.24816      0.75897      0.98998      0.33568     -1.09238      0.92354
RU      0.25618      0.49680      0.24928     -0.45463      0.08898     -0.03337
RU      0.99660      0.75170      0.24789      0.45321     -0.44897      0.07701
RU      0.00305      0.51085      0.49337     -0.30927     -0.94460      0.49740
RU      0.24316      0.75064      0.50190      0.59192     -0.23902     -0.10901
RU      0.25934      0.49527      0.74343     -0.69709      0.23386      0.46550
RU      0.99817      0.75542      0.75485      0.04029     -0.89918     -0.29344
RU      0.49719      0.99979      0.00300      0.08160     -0.32853     -0.07022
RU      0.75998      0.24813      0.99319     -0.92435      0.52127      0.55820
RU      0.74505      0.99702      0.25620      0.27246      0.24170     -0.36202
RU      0.50190      0.23501      0.24881     -0.32055      1.55248      0.03070
RU      0.48995      0.00444      0.50296      0.53636     -0.30220     -0.14940
RU      0.75288      0.24852      0.50340     -0.34524      0.32683     -0.23200
RU      0.74719      0.99873      0.74775      0.34891     -0.12722      0.20667
RU      0.50205      0.24721      0.75401     -0.21797      0.33382     -0.13324
RU      0.49894      0.49673      0.99929     -0.04113      0.13636      0.10492
RU      0.74861      0.76046      0.01050     -0.18129     -1.13186     -0.74240
RU      0.75458      0.48701      0.25098     -0.15975      0.76908     -0.36757
RU      0.50803      0.74625      0.25306     -0.80052     -0.30042     -0.01932
RU      0.50040      0.49466      0.50585     -0.14444      0.35133     -0.67761
RU      0.75442      0.75487      0.49986     -0.53612     -0.65780     -0.11645
RU      0.74340      0.50400      0.73830      0.49359     -0.38652      0.98238
RU      0.50513      0.76637      0.75155     -0.61047     -1.43672     -0.17861
