/* Converted from PWscf output file */ 
#L_UNITS ang 
#E_UNITS eV 
#S_UNITS GPA 
#F_UNITS EV/ANG 
#ALAT 	   7.61443     // a0 
#X 	   1.00000     0.00000     0.00000     // X 
#Y 	   0.00000     1.00000     0.00000     // Y 
#Z 	   0.00000     0.00000     1.00000     // Z 
#SX 	   0.20621     0.00481    -0.04827     // SX 
#SY 	   0.00481     0.20038     0.01356     // SY 
#SZ 	  -0.04827     0.01356     0.22415     // SZ 
#EPA 	  -6.70779     // Energy per Atom 
#RCUT 	6.5        // Rcut 
RU      0.99837      0.00012      0.00159      0.07748      0.07355     -0.13075
RU      0.25133      0.25246      0.99984     -0.08687     -0.19829     -0.04056
RU      0.24981      0.99799      0.25084     -0.03665      0.22858     -0.05203
RU      0.99787      0.24888      0.25051      0.08082      0.14544     -0.06411
RU      0.99949      0.00125      0.49747     -0.05232     -0.10740      0.23622
RU      0.25020      0.24729      0.50145     -0.09133      0.25755     -0.04037
RU      0.24899      0.99943      0.75296      0.08089      0.03145     -0.24747
RU      0.99955      0.24858      0.74842     -0.06156      0.10655      0.07889
RU      0.00226      0.49769      0.99918     -0.21753      0.18215      0.02058
RU      0.25023      0.75326      0.00367     -0.06616     -0.33480     -0.26964
RU      0.25209      0.50036      0.25009     -0.11743     -0.03841      0.06972
RU      0.00262      0.74921      0.24857     -0.29933     -0.05638      0.12253
RU      0.99777      0.50438      0.50211      0.05973     -0.32364     -0.17450
RU      0.24765      0.74750      0.50083      0.19038      0.17638     -0.00457
RU      0.25399      0.50077      0.74799     -0.32952     -0.07665      0.18541
RU      0.00330      0.74885      0.74699     -0.33126      0.04556      0.29338
RU      0.49829      0.00007      0.99990      0.16504     -0.02182     -0.01821
RU      0.74891      0.24723      0.00087      0.08291      0.29493     -0.11691
RU      0.75323      0.00185      0.24680     -0.27300     -0.17784      0.33368
RU      0.49761      0.24880      0.25161      0.14538      0.10475     -0.07221
RU      0.49867      0.00149      0.50073      0.02896     -0.03807     -0.05658
RU      0.74771      0.24829      0.49519      0.17813      0.05906      0.39174
RU      0.74850      0.00076      0.74964      0.17421     -0.00986      0.02942
RU      0.49894      0.24806      0.75080      0.10467      0.18737      0.01608
RU      0.50005      0.50267      0.99708     -0.04467     -0.18654      0.22880
RU      0.75157      0.74789      0.00255     -0.08262      0.12208     -0.23596
RU      0.74803      0.50096      0.25070      0.22077     -0.04574     -0.05491
RU      0.49663      0.75151      0.25166      0.30457     -0.16141     -0.07037
RU      0.49855      0.49898      0.49873      0.14970      0.10923      0.08882
RU      0.74907      0.75119      0.49957      0.03357     -0.19604      0.11271
RU      0.75144      0.49897      0.75292     -0.07365      0.09978     -0.23153
RU      0.49964      0.75261      0.75442      0.08669     -0.25151     -0.32731
