/* Converted from PWscf output file */ 
#L_UNITS ang 
#E_UNITS eV 
#S_UNITS GPA 
#F_UNITS EV/ANG 
#ALAT 	   7.61443     // a0 
#X 	   1.00000     0.00000     0.00000     // X 
#Y 	   0.00000     1.00000     0.00000     // Y 
#Z 	   0.00000     0.00000     1.00000     // Z 
#SX 	   0.00204    -0.00117    -0.00044     // SX 
#SY 	  -0.00117     0.00175     0.00058     // SY 
#SZ 	  -0.00044     0.00058     0.00160     // SZ 
#EPA 	  -6.71129     // Energy per Atom 
#RCUT 	6.5        // Rcut 
RU      0.00042      0.99921      0.00027     -0.03488      0.06808     -0.02346
RU      0.25007      0.24984      0.00001     -0.00865      0.01544     -0.01225
RU      0.24964      0.00052      0.24981      0.03894     -0.03731      0.02361
RU      0.99975      0.24957      0.24956      0.01068      0.02331      0.03534
RU      0.00069      0.99909      0.50012     -0.05157      0.07354     -0.00654
RU      0.24956      0.25010      0.49953      0.02993     -0.00718      0.03302
RU      0.25045      0.99988      0.74993     -0.02988      0.01710      0.00334
RU      0.99976      0.24960      0.75017      0.02018      0.02477     -0.02054
RU      0.00019      0.50040      0.00049     -0.01192     -0.04812     -0.03615
RU      0.24959      0.75020      0.00018      0.03271     -0.01967     -0.01366
RU      0.24941      0.50016      0.24994      0.04961     -0.01414      0.00167
RU      0.00010      0.75009      0.24998     -0.00815     -0.02223      0.01751
RU      0.99990      0.49997      0.50042     -0.00260     -0.01569     -0.01630
RU      0.25032      0.74945      0.49988     -0.02386      0.03198      0.01345
RU      0.24989      0.49994      0.74984      0.01838      0.01105     -0.00352
RU      0.00011      0.74941      0.75027     -0.01109      0.04468     -0.02950
RU      0.50020      0.00015      0.99912     -0.00306      0.00188      0.05832
RU      0.74974      0.24970      0.99982      0.00689      0.03282      0.00919
RU      0.75031      0.00039      0.25006     -0.03427     -0.02399      0.00570
RU      0.50009      0.24985      0.24971     -0.00848      0.01288      0.03211
RU      0.49948      0.99986      0.49972      0.04713      0.02320      0.01928
RU      0.74996      0.25002      0.49972      0.00377     -0.00391      0.02267
RU      0.74983      0.00036      0.75067      0.01047     -0.02281     -0.06856
RU      0.49979      0.25052      0.75008      0.01507     -0.03755     -0.02085
RU      0.50005      0.50028      0.00038      0.00270     -0.02549     -0.02993
RU      0.74988      0.75081      0.99999      0.00662     -0.06643      0.00350
RU      0.75055      0.49980      0.24951     -0.05018      0.02922      0.04106
RU      0.49975      0.74988      0.25024      0.02493      0.01440     -0.01356
RU      0.50014      0.50029      0.49959      0.00265     -0.03614      0.02457
RU      0.74986      0.74994      0.50061     -0.00089      0.00578     -0.04618
RU      0.75021      0.50035      0.74980     -0.02356     -0.02992      0.01427
RU      0.50024      0.75011      0.75022     -0.01761     -0.01956     -0.01762
