/* Converted from PWscf output file */ 
#L_UNITS ang 
#E_UNITS eV 
#S_UNITS GPA 
#F_UNITS EV/ANG 
#ALAT 	   7.61443     // a0 
#X 	   1.00000     0.00000     0.00000     // X 
#Y 	   0.00000     1.00000     0.00000     // Y 
#Z 	   0.00000     0.00000     1.00000     // Z 
#SX 	  -0.00408    -0.00015    -0.00088     // SX 
#SY 	  -0.00015    -0.00452    -0.00000     // SY 
#SZ 	  -0.00088    -0.00000    -0.00452     // SZ 
#EPA 	  -6.71136     // Energy per Atom 
#RCUT 	6.5        // Rcut 
RU      0.00003      0.00024      0.99994     -0.00491     -0.01227      0.00186
RU      0.25021      0.24970      0.00001     -0.02360      0.01560      0.00224
RU      0.24997      0.00009      0.24997     -0.00207      0.00267      0.01430
RU      0.99952      0.25002      0.25038      0.02932     -0.00375     -0.02395
RU      0.00042      0.00009      0.49973     -0.03222     -0.00377      0.02729
RU      0.24995      0.24951      0.49986     -0.00496      0.04274      0.01427
RU      0.24984      0.99997      0.75014      0.01305      0.00244     -0.01350
RU      0.99950      0.25030      0.75010      0.04104     -0.03039     -0.00040
RU      0.99989      0.50013      0.99998      0.00280     -0.00271     -0.00184
RU      0.24992      0.75001      0.00015     -0.00044     -0.00185     -0.01577
RU      0.25041      0.49997      0.24969     -0.02383     -0.00055      0.02799
RU      0.00018      0.74965      0.25031     -0.00844      0.02783     -0.01692
RU      0.00006      0.49988      0.49995     -0.00205      0.01508      0.00119
RU      0.24978      0.75002      0.49988      0.00762     -0.00771      0.01142
RU      0.24993      0.49990      0.75032     -0.00277      0.01259     -0.02355
RU      0.00008      0.74988      0.74996     -0.01163      0.01876      0.01178
RU      0.49989      0.00027      0.00016      0.00941     -0.01391     -0.01166
RU      0.74991      0.25013      0.99996      0.00642     -0.00325      0.00387
RU      0.75049      0.99984      0.24988     -0.03489      0.01525      0.01349
RU      0.50023      0.25016      0.25006     -0.02092     -0.02158      0.00103
RU      0.50021      0.00022      0.50018     -0.01152     -0.01212     -0.01442
RU      0.74952      0.25007      0.50034      0.03414     -0.00909     -0.02444
RU      0.74958      0.00020      0.75038      0.02820     -0.00976     -0.02340
RU      0.49999      0.25027      0.75006     -0.01185     -0.01886      0.00386
RU      0.49970      0.50034      0.00000      0.02039     -0.01450     -0.00182
RU      0.74998      0.74980      0.00001      0.00270      0.01410      0.00040
RU      0.75001      0.50049      0.25012      0.00176     -0.02824      0.00314
RU      0.49981      0.74977      0.25012      0.00765      0.02711     -0.00513
RU      0.50010      0.50007      0.49983     -0.00905      0.00305      0.02085
RU      0.74972      0.75028      0.49987      0.01615     -0.01688      0.01567
RU      0.75019      0.49995      0.74990     -0.01444      0.00837      0.00366
RU      0.49998      0.75001      0.75008     -0.00106      0.00560     -0.00149
