/* Converted from PWscf output file */ 
#L_UNITS ang 
#E_UNITS eV 
#S_UNITS GPA 
#F_UNITS EV/ANG 
#ALAT 	   7.61443     // a0 
#X 	   1.00000     0.00000     0.00000     // X 
#Y 	   0.00000     1.00000     0.00000     // Y 
#Z 	   0.00000     0.00000     1.00000     // Z 
#SX 	   0.97214     0.20169     0.20621     // SX 
#SY 	   0.20169     0.81566     0.14161     // SY 
#SZ 	   0.20621     0.14161     0.81304     // SZ 
#EPA 	  -6.69680     // Energy per Atom 
#RCUT 	6.5        // Rcut 
RU      0.99475      0.99981      0.99974      0.52082      0.07100      0.03996
RU      0.24750      0.24392      0.99429      0.24589      0.42794      0.52266
RU      0.24665      0.99633      0.25198      0.08322      0.40671     -0.28089
RU      0.99969      0.25302      0.24240      0.19027     -0.06401      0.39472
RU      0.00215      0.00212      0.49989     -0.25359     -0.04862     -0.05576
RU      0.24743      0.24155      0.49941      0.17973      0.68917      0.06636
RU      0.24635      0.99226      0.74093      0.24837      0.54467      0.80470
RU      0.00109      0.24882      0.74636      0.12388      0.08799      0.30977
RU      0.00522      0.50115      0.99432     -0.21611     -0.14985      0.48476
RU      0.25539      0.75629      0.00524     -0.52279     -0.55207     -0.41412
RU      0.25337      0.50256      0.24969     -0.19002     -0.47149     -0.19608
RU      0.00478      0.75478      0.24935     -0.21353     -0.49100     -0.01906
RU      0.99721      0.50366      0.50145      0.29356     -0.39393     -0.18809
RU      0.24974      0.74416      0.50369      0.02819      0.20310     -0.32526
RU      0.25406      0.49596      0.74829     -0.49465      0.06740      0.08977
RU      0.99557      0.74866      0.74609      0.37569      0.17827      0.10493
RU      0.50329      0.99648      0.00339     -0.11402      0.50060     -0.06014
RU      0.75095      0.25076      0.00163     -0.06144      0.07687     -0.12472
RU      0.75631      0.99317      0.25168     -0.50184      0.60107     -0.25505
RU      0.50394      0.25532      0.25398     -0.21889     -0.37840     -0.23219
RU      0.49617      0.99709      0.50581      0.16815      0.24678     -0.41685
RU      0.75462      0.25086      0.50498     -0.39173     -0.11226     -0.50783
RU      0.74094      0.99738      0.74719      0.73630      0.23289      0.14991
RU      0.50517      0.25108      0.74948     -0.43301      0.05510     -0.07842
RU      0.50548      0.49970      0.00620     -0.57140     -0.14583     -0.47478
RU      0.75000      0.75571      0.99992      0.07233     -0.52209      0.16290
RU      0.74200      0.50292      0.24619      0.81137     -0.32995      0.29542
RU      0.50059      0.75360      0.24746     -0.06970     -0.10826      0.17411
RU      0.49844      0.50525      0.50419      0.19933     -0.52389     -0.28151
RU      0.74467      0.74611      0.49785      0.41935      0.22158      0.27466
RU      0.75246      0.49916      0.74678     -0.19010     -0.21122      0.31916
RU      0.50349      0.75013      0.75487     -0.25364     -0.10829     -0.28302
