/* Converted from PWscf output file */ 
#L_UNITS ang 
#E_UNITS eV 
#S_UNITS GPA 
#F_UNITS EV/ANG 
#ALAT 	   7.61443     // a0 
#X 	   1.00000     0.00000     0.00000     // X 
#Y 	   0.00000     1.00000     0.00000     // Y 
#Z 	   0.00000     0.00000     1.00000     // Z 
#SX 	   1.68207     0.34563    -0.07073     // SX 
#SY 	   0.34563     1.56030    -0.24705     // SY 
#SZ 	  -0.07073    -0.24705     1.47236     // SZ 
#EPA 	  -6.68326     // Energy per Atom 
#RCUT 	6.5        // Rcut 
RU      0.00612      0.00104      0.99160     -0.37052      0.20337      0.68283
RU      0.25145      0.25207      0.00312     -0.03378     -0.32128     -0.26233
RU      0.24465      0.00071      0.25280      0.52002     -0.21421     -0.32821
RU      0.00488      0.24560      0.25412     -0.48800      0.13565     -0.32354
RU      0.99815      0.99535      0.49729     -0.04696      0.46758      0.17839
RU      0.25641      0.25067      0.49926     -0.68732      0.00097      0.48203
RU      0.24732      0.99217      0.74278     -0.08676      0.78911      0.52234
RU      0.00027      0.24633      0.74763     -0.21906      0.34915      0.26008
RU      0.01136      0.50727      0.99731     -0.92097     -0.74461      0.29514
RU      0.25151      0.75683      0.00068     -0.08682     -0.46271      0.15121
RU      0.23842      0.49917      0.25335      0.73148      0.00325     -0.59196
RU      0.99270      0.75177      0.24389      0.07511     -0.21070      0.40146
RU      0.00421      0.50438      0.49992     -0.66935     -0.43495      0.08108
RU      0.23826      0.74367      0.49793      0.94624      0.57693      0.16450
RU      0.23850      0.49947      0.74864      1.02571     -0.02676      0.21166
RU      0.99317      0.75040      0.76004      0.50349     -0.05753     -0.61272
RU      0.50364      0.99802      0.00533     -0.08371      0.19870     -0.33959
RU      0.74737      0.24788      0.00433      0.14801      0.15195     -0.07487
RU      0.74635      0.00301      0.25190      0.03330     -0.01618     -0.39862
RU      0.48790      0.24247      0.25984      0.93270      0.63365     -1.11608
RU      0.50419      0.00358      0.50099     -0.14273     -0.22047      0.12453
RU      0.75488      0.25089      0.50055     -0.53229     -0.26586      0.00568
RU      0.75477      0.00208      0.74545     -0.69922      0.04793      0.57410
RU      0.50876      0.25624      0.74333     -0.50149     -0.48801      0.76194
RU      0.50275      0.49860      0.00658     -0.03737      0.05971     -0.30393
RU      0.75235      0.73922      0.00121     -0.63604      0.73622      0.01946
RU      0.75656      0.49901      0.25270     -0.80021      0.06259     -0.29024
RU      0.49212      0.74431      0.25544      0.50876      0.39706     -0.40063
RU      0.49105      0.49957      0.49945      0.73210      0.03402      0.12702
RU      0.75117      0.75207      0.51182     -0.22238     -0.10648     -0.87931
RU      0.73917      0.51130      0.74273      0.33922     -0.84162      0.64530
RU      0.48808      0.75430      0.74719      0.76885     -0.43648      0.23328
