/* Converted from PWscf output file */ 
#L_UNITS ang 
#E_UNITS eV 
#S_UNITS GPA 
#F_UNITS EV/ANG 
#ALAT 	   7.61443     // a0 
#X 	   1.00000     0.00000     0.00000     // X 
#Y 	   0.00000     1.00000     0.00000     // Y 
#Z 	   0.00000     0.00000     1.00000     // Z 
#SX 	   0.00219     0.00088     0.00088     // SX 
#SY 	   0.00088     0.00175     0.00160     // SY 
#SZ 	   0.00088     0.00160     0.00160     // SZ 
#EPA 	  -6.71123     // Energy per Atom 
#RCUT 	6.5        // Rcut 
RU      0.00053      0.00015      0.99983     -0.05275     -0.00633      0.01053
RU      0.25043      0.24945      0.99955     -0.02501      0.05125      0.02773
RU      0.24942      0.00090      0.24957      0.04805     -0.05773      0.02313
RU      0.00014      0.25083      0.25037     -0.02121     -0.06018     -0.05936
RU      0.99997      0.00000      0.50001      0.01198      0.01602     -0.01968
RU      0.24995      0.24929      0.50017      0.00844      0.04403     -0.01586
RU      0.24986      0.99937      0.75020      0.00969      0.03820     -0.01717
RU      0.99983      0.24978      0.74974      0.02473      0.04214      0.03481
RU      0.99991      0.50117      0.99946      0.01272     -0.07983      0.03562
RU      0.25024      0.75034      0.99966     -0.02862     -0.04153      0.02609
RU      0.24897      0.49962      0.25039      0.06556      0.02184     -0.03255
RU      0.99947      0.75103      0.25087      0.05399     -0.07226     -0.07723
RU      0.00011      0.49979      0.50008     -0.01438      0.01760     -0.01339
RU      0.25012      0.74936      0.49959     -0.00091      0.05067      0.00709
RU      0.25027      0.50011      0.74974     -0.01085      0.00872     -0.00126
RU      0.99932      0.74979      0.74893      0.04468      0.02375      0.07371
RU      0.49988      0.99973      0.99957      0.00933      0.03978      0.02876
RU      0.75024      0.25005      0.00049     -0.01544      0.00153     -0.02590
RU      0.74991      0.99981      0.24994     -0.01899      0.01556      0.00414
RU      0.50016      0.25013      0.24977     -0.01710      0.01319      0.00640
RU      0.50018      0.99991      0.49982     -0.00760      0.00152      0.00006
RU      0.75077      0.25081      0.50062     -0.05369     -0.05472     -0.05674
RU      0.75048      0.00014      0.74996     -0.03353      0.00359     -0.02132
RU      0.49957      0.24991      0.74954      0.02171     -0.00080      0.02042
RU      0.49928      0.50004      0.00002      0.04958     -0.00552     -0.00641
RU      0.74959      0.75055      0.99999      0.03776     -0.02619      0.00032
RU      0.74968      0.50023      0.24911      0.01711      0.00062      0.04754
RU      0.49999      0.74964      0.24937     -0.01598      0.03885      0.01876
RU      0.50056      0.49972      0.49971     -0.04570      0.01376      0.00158
RU      0.74968      0.74954      0.50021      0.01419      0.02917     -0.02074
RU      0.74989      0.50001      0.75023     -0.01146     -0.01698     -0.01165
RU      0.50059      0.75061      0.74981     -0.05627     -0.04973      0.01256
