/* Converted from PWscf output file */ 
#L_UNITS ang 
#E_UNITS eV 
#S_UNITS GPA 
#F_UNITS EV/ANG 
#ALAT 	   7.61443     // a0 
#X 	   1.00000     0.00000     0.00000     // X 
#Y 	   0.00000     1.00000     0.00000     // Y 
#Z 	   0.00000     0.00000     1.00000     // Z 
#SX 	   0.16042     0.03442    -0.00219     // SX 
#SY 	   0.03442     0.16684     0.01677     // SY 
#SZ 	  -0.00219     0.01677     0.17967     // SZ 
#EPA 	  -6.70862     // Energy per Atom 
#RCUT 	6.5        // Rcut 
RU      0.99812      0.99696      0.00221      0.15666      0.13758     -0.18799
RU      0.25151      0.25067      0.99895     -0.15871     -0.05463      0.09804
RU      0.24802      0.99979      0.25279      0.20319      0.06906     -0.22729
RU      0.99850      0.24549      0.24999      0.07645      0.30062      0.01368
RU      0.00112      0.99698      0.49905     -0.15548      0.28333      0.16821
RU      0.25397      0.24893      0.50012     -0.28120      0.11070      0.04407
RU      0.24943      0.00081      0.74904     -0.04396     -0.13443      0.07357
RU      0.99784      0.24988      0.75288      0.22054      0.07189     -0.17606
RU      0.99849      0.50113      0.00001      0.07368     -0.13911     -0.04132
RU      0.25010      0.74993      0.00513     -0.05398     -0.01779     -0.37912
RU      0.25067      0.49983      0.24990     -0.12878     -0.02587      0.03419
RU      0.99884      0.75039      0.25226      0.15032     -0.08594     -0.07025
RU      0.99930      0.49717      0.49703      0.13356      0.06355      0.24834
RU      0.24789      0.75106      0.49978      0.12116     -0.10996      0.09083
RU      0.24988      0.49983      0.74931      0.02683     -0.00468      0.16453
RU      0.99959      0.75019      0.74836      0.02607     -0.10979      0.19285
RU      0.49767      0.99904      0.00181      0.08556      0.11240     -0.10866
RU      0.74970      0.25083      0.99859      0.10072     -0.05060      0.09715
RU      0.74851      0.00114      0.24707      0.07219     -0.12560      0.23943
RU      0.50152      0.24912      0.24833     -0.19520      0.09983      0.25099
RU      0.49954      0.99688      0.50202      0.00512      0.15484     -0.08701
RU      0.75105      0.25250      0.50077     -0.07992     -0.21216     -0.05321
RU      0.75178      0.00049      0.74950     -0.13897     -0.01577      0.12119
RU      0.49828      0.24903      0.75206      0.06166      0.04291     -0.12372
RU      0.50074      0.49879      0.99847     -0.11805     -0.00550      0.09697
RU      0.74783      0.74971      0.00110      0.13330      0.02394     -0.05961
RU      0.75131      0.50274      0.25404     -0.11567     -0.23292     -0.31115
RU      0.50037      0.74797      0.25222     -0.07659      0.05734     -0.13631
RU      0.50047      0.50141      0.49926     -0.09014     -0.18433      0.10997
RU      0.74922      0.75048      0.49949      0.09085     -0.01275      0.14762
RU      0.74736      0.49783      0.74982      0.19629      0.15459      0.01628
RU      0.50304      0.75217      0.75403     -0.29750     -0.16076     -0.24619
