/* Converted from PWscf output file */ 
#L_UNITS ang 
#E_UNITS eV 
#S_UNITS GPA 
#F_UNITS EV/ANG 
#ALAT 	   7.61443     // a0 
#X 	   1.00000     0.00000     0.00000     // X 
#Y 	   0.00000     1.00000     0.00000     // Y 
#Z 	   0.00000     0.00000     1.00000     // Z 
#SX 	   1.29809     0.06008    -0.06081     // SX 
#SY 	   0.06008     1.54542     0.00452     // SY 
#SZ 	  -0.06081     0.00452     1.39609     // SZ 
#EPA 	  -6.68625     // Energy per Atom 
#RCUT 	6.5        // Rcut 
RU      0.00100      0.00658      0.00718     -0.01556     -0.50857     -0.84683
RU      0.24844      0.24363      0.00131      0.12823      0.46655     -0.24396
RU      0.25736      0.00249      0.24841     -0.65720     -0.30224     -0.22531
RU      0.99803      0.25597      0.25135     -0.03810     -0.45550     -0.29736
RU      0.00323      0.99362      0.49595     -0.18760      0.66716      0.29811
RU      0.25373      0.24887      0.49504     -0.49214      0.11701      0.15879
RU      0.25530      0.00809      0.75122     -0.53857     -0.56855     -0.15547
RU      0.99389      0.25321      0.74517      0.57727     -0.10364      0.41767
RU      0.00261      0.49332      0.00199     -0.07293      0.41733     -0.29292
RU      0.24688      0.75060      0.98962     -0.03476     -0.21330      0.36836
RU      0.25098      0.50518      0.24831     -0.17127     -0.35492      0.07003
RU      0.99763      0.75437      0.25833      0.30527     -0.38262     -0.97329
RU      0.99728      0.50120      0.49306      0.18774      0.00370      0.74996
RU      0.24339      0.74939      0.49663      0.47974     -0.08311      0.37301
RU      0.25121      0.49544      0.74127     -0.24680      0.47741      0.67909
RU      0.00530      0.75073      0.73872     -0.58328     -0.06892      1.06567
RU      0.50580      0.00078      0.99064     -0.32153     -0.20157      0.60128
RU      0.74382      0.24444      0.99498      0.57501      0.38949      0.14050
RU      0.75379      0.98832      0.25016     -0.29423      1.00768     -0.03786
RU      0.49902      0.25219      0.25045     -0.05499      0.02186     -0.18242
RU      0.50150      0.00448      0.49054     -0.09145     -0.15495      0.89050
RU      0.75021      0.24957      0.49719     -0.03842     -0.00494      0.34836
RU      0.75170      0.00549      0.74424      0.07506     -0.64766      0.35989
RU      0.49856      0.24657      0.75108      0.12399      0.40634     -0.00425
RU      0.50301      0.50039      0.00638     -0.30826      0.23159     -0.75056
RU      0.74953      0.74483      0.00906     -0.07593      0.18841     -0.85012
RU      0.74722      0.49290      0.25299      0.25870      0.52983     -0.46965
RU      0.48865      0.75396      0.26067      0.87197     -0.32320     -1.10814
RU      0.49968      0.50870      0.50464      0.05375     -0.71454     -0.35719
RU      0.74211      0.74840      0.48971      0.55410      0.01038      0.70282
RU      0.74704      0.49531      0.75966      0.20575      0.45674     -0.67218
RU      0.50339      0.75363      0.74991     -0.17354     -0.30324      0.24346
