/* Converted from PWscf output file */ 
#L_UNITS ang 
#E_UNITS eV 
#S_UNITS GPA 
#F_UNITS EV/ANG 
#ALAT 	   7.61443     // a0 
#X 	   1.00000     0.00000     0.00000     // X 
#Y 	   0.00000     1.00000     0.00000     // Y 
#Z 	   0.00000     0.00000     1.00000     // Z 
#SX 	   0.01385     0.00117    -0.00335     // SX 
#SY 	   0.00117     0.01327     0.00175     // SY 
#SZ 	  -0.00335     0.00175     0.01371     // SZ 
#EPA 	  -6.71108     // Energy per Atom 
#RCUT 	6.5        // Rcut 
RU      0.99957      0.00021      0.99861      0.03282     -0.04129      0.09476
RU      0.24890      0.24945      0.00112      0.06376      0.02183     -0.07210
RU      0.24876      0.99959      0.25013      0.08697      0.03544     -0.01029
RU      0.99984      0.24983      0.24981      0.02370      0.02134      0.01398
RU      0.99945      0.99953      0.49957      0.03132      0.04780      0.01107
RU      0.25060      0.25055      0.50066     -0.02501     -0.04310     -0.04434
RU      0.25007      0.99987      0.74957     -0.01604      0.00268      0.01999
RU      0.99979      0.24965      0.74988      0.02834      0.03804     -0.01601
RU      0.00085      0.49964      0.99931     -0.05551      0.04634      0.03450
RU      0.24968      0.74879      0.99995      0.04488      0.10781      0.00313
RU      0.24994      0.49955      0.24904     -0.00148      0.02700      0.05366
RU      0.00093      0.75056      0.25056     -0.06377     -0.05495     -0.07561
RU      0.99957      0.49981      0.50000      0.03073      0.00432     -0.02170
RU      0.24921      0.75035      0.50000      0.06616     -0.04810     -0.00967
RU      0.25003      0.49972      0.75018      0.00799      0.02572     -0.04153
RU      0.00013      0.75084      0.74895     -0.01531     -0.06167      0.08109
RU      0.50030      0.00112      0.00027     -0.02665     -0.08980     -0.03354
RU      0.74966      0.25039      0.00030      0.02518     -0.04056     -0.01558
RU      0.74894      0.00018      0.24994      0.06520     -0.02404     -0.00943
RU      0.50155      0.24965      0.24896     -0.10493      0.03423      0.06739
RU      0.49908      0.00016      0.49974      0.05003     -0.02708      0.00349
RU      0.74946      0.24956      0.50055      0.00464      0.02988     -0.04643
RU      0.74948      0.00097      0.75064      0.00477     -0.06596     -0.06397
RU      0.50054      0.25027      0.75064     -0.05273     -0.00989     -0.06117
RU      0.50050      0.49934      0.00040     -0.03804      0.06783     -0.02971
RU      0.75004      0.74950      0.99903     -0.04158      0.01615      0.06206
RU      0.75073      0.50088      0.24918     -0.07272     -0.04098      0.05961
RU      0.49995      0.74990      0.25007      0.00350      0.00474     -0.01685
RU      0.49997      0.50030      0.49968      0.00146     -0.00171      0.01477
RU      0.75169      0.74989      0.49991     -0.13159      0.02640     -0.00749
RU      0.75008      0.50016      0.74931     -0.00707      0.00461      0.02357
RU      0.49898      0.75004      0.74931      0.08097     -0.01303      0.03236
