/* Converted from PWscf output file */ 
#L_UNITS ang 
#E_UNITS eV 
#S_UNITS GPA 
#F_UNITS EV/ANG 
#ALAT 	   7.61443     // a0 
#X 	   1.00000     0.00000     0.00000     // X 
#Y 	   0.00000     1.00000     0.00000     // Y 
#Z 	   0.00000     0.00000     1.00000     // Z 
#SX 	   0.90491     0.04944     0.01108     // SX 
#SY 	   0.04944     1.00831     0.28044     // SY 
#SZ 	   0.01108     0.28044     1.09217     // SZ 
#EPA 	  -6.69589     // Energy per Atom 
#RCUT 	6.5        // Rcut 
RU      0.99976      0.00294      0.00154     -0.11866      0.02528     -0.31028
RU      0.25089      0.25856      0.00329     -0.10178     -0.43202     -0.21984
RU      0.24654      0.99755      0.24755      0.26737      0.34206      0.08283
RU      0.99545      0.24805      0.25711      0.27395      0.27032     -0.57474
RU      0.99558      0.00049      0.49186      0.20268     -0.08399      0.57328
RU      0.24856      0.24941      0.49746      0.31161      0.30694      0.14718
RU      0.25067      0.99567      0.74450     -0.02632      0.55209      0.34666
RU      0.00238      0.24933      0.74309     -0.23522      0.18158      0.37597
RU      0.99759      0.50047      0.99803      0.16113      0.08969     -0.02642
RU      0.24845      0.76036      0.00345      0.37749     -0.59562     -0.37420
RU      0.24080      0.49922      0.24733      0.68320      0.15882     -0.06076
RU      0.99938      0.75509      0.23706     -0.13181     -0.45128      0.68555
RU      0.00050      0.49935      0.49796     -0.17207      0.16541      0.14979
RU      0.25154      0.76013      0.50546     -0.43779     -0.69218     -0.57542
RU      0.24985      0.49603      0.73984      0.04965      0.14924      0.54451
RU      0.00607      0.75143      0.75138     -0.49978     -0.03423     -0.19515
RU      0.49887      0.00445      0.99520     -0.04463     -0.17196      0.24826
RU      0.76055      0.25561      0.99932     -0.80565     -0.22042     -0.08404
RU      0.75113      0.00086      0.24484     -0.38238      0.07635      0.19604
RU      0.50044      0.24740      0.25329     -0.00431      0.29948     -0.49325
RU      0.49692      0.99987      0.50005      0.32008      0.25842     -0.07805
RU      0.74955      0.25492      0.50618     -0.05710     -0.25326     -0.45235
RU      0.75110      0.99861      0.75470     -0.06476      0.14952     -0.43247
RU      0.50502      0.24940      0.75172     -0.39131      0.16862     -0.04551
RU      0.49591      0.50452      0.00077      0.21983     -0.24953     -0.21297
RU      0.74555      0.74669      0.00436      0.22628      0.51500     -0.43211
RU      0.74370      0.50774      0.24844      0.44763     -0.72446      0.03178
RU      0.50119      0.74461      0.24638     -0.32450      0.57953      0.24763
RU      0.49844      0.50399      0.49768      0.01673     -0.26760      0.10179
RU      0.74798      0.75358      0.49752      0.07303     -0.15509      0.24508
RU      0.75563      0.49895      0.74780     -0.58422      0.21715      0.00759
RU      0.49272      0.75133      0.74103      0.75163     -0.17384      0.58359
