/* Converted from PWscf output file */ 
#L_UNITS ang 
#E_UNITS eV 
#S_UNITS GPA 
#F_UNITS EV/ANG 
#ALAT 	   7.61443     // a0 
#X 	   1.00000     0.00000     0.00000     // X 
#Y 	   0.00000     1.00000     0.00000     // Y 
#Z 	   0.00000     0.00000     1.00000     // Z 
#SX 	  -0.00671    -0.00000    -0.00015     // SX 
#SY 	  -0.00000    -0.00700    -0.00015     // SY 
#SZ 	  -0.00015    -0.00015    -0.00685     // SZ 
#EPA 	  -6.71137     // Energy per Atom 
#RCUT 	6.5        // Rcut 
RU      0.00023      0.00023      0.00006     -0.01226     -0.01790     -0.00514
RU      0.24991      0.24974      0.00002      0.00470      0.01472     -0.00973
RU      0.25012      0.99979      0.25017     -0.00990      0.01610     -0.01457
RU      0.99999      0.25002      0.25027      0.00096     -0.00085     -0.02078
RU      0.00000      0.00004      0.49994      0.00618     -0.00593      0.00710
RU      0.24954      0.24985      0.49974      0.04185      0.01845      0.02016
RU      0.24997      0.00022      0.74976      0.00724     -0.02320      0.01226
RU      0.00031      0.24970      0.75009     -0.02365      0.01538     -0.00633
RU      0.00004      0.50023      0.00003      0.00344     -0.01141     -0.00509
RU      0.24995      0.75011      0.00011      0.01141     -0.01232     -0.02193
RU      0.25009      0.49996      0.24965     -0.00176      0.00815      0.01818
RU      0.00023      0.74992      0.24993     -0.01871     -0.00246      0.00131
RU      0.00004      0.50006      0.50020      0.00035      0.00138     -0.01572
RU      0.25008      0.75004      0.49964     -0.00895     -0.01503      0.03360
RU      0.24950      0.50011      0.75005      0.03801     -0.00493     -0.00178
RU      0.99994      0.74982      0.74996      0.00255      0.01183      0.00881
RU      0.50038      0.00016      0.99996     -0.02640     -0.01482     -0.00371
RU      0.75020      0.24985      0.00012     -0.02069      0.01693     -0.02114
RU      0.74995      0.00035      0.24982      0.00422     -0.03331      0.00544
RU      0.49998      0.25001      0.24997      0.00813     -0.00371      0.00172
RU      0.50008      0.99987      0.50003      0.00165      0.00822     -0.00196
RU      0.75004      0.24988      0.49979     -0.00870      0.00649      0.02334
RU      0.74986      0.00012      0.75000      0.00378     -0.00872      0.00385
RU      0.49982      0.24993      0.75016      0.01568      0.00698     -0.00684
RU      0.50005      0.49985      0.99995      0.00378      0.01640     -0.00085
RU      0.74980      0.74989      0.00018      0.01133     -0.00259     -0.02117
RU      0.74990      0.49988      0.25003      0.00170      0.01224     -0.00357
RU      0.49990      0.75001      0.25031      0.01169     -0.00157     -0.02617
RU      0.50021      0.49989      0.49989     -0.01653      0.00690      0.01191
RU      0.75004      0.75017      0.49982     -0.00830     -0.01644      0.01618
RU      0.75034      0.49986      0.74977     -0.02967      0.01806      0.01011
RU      0.50001      0.74989      0.74983      0.00687     -0.00304      0.01250
