/* Converted from PWscf output file */ 
#L_UNITS ang 
#E_UNITS eV 
#S_UNITS GPA 
#F_UNITS EV/ANG 
#ALAT 	   7.61443     // a0 
#X 	   1.00000     0.00000     0.00000     // X 
#Y 	   0.00000     1.00000     0.00000     // Y 
#Z 	   0.00000     0.00000     1.00000     // Z 
#SX 	   0.01327     0.00219     0.00044     // SX 
#SY 	   0.00219     0.01225     0.00365     // SY 
#SZ 	   0.00044     0.00365     0.01138     // SZ 
#EPA 	  -6.71108     // Energy per Atom 
#RCUT 	6.5        // Rcut 
RU      0.99960      0.99999      0.00046      0.02197      0.00836     -0.02667
RU      0.24951      0.25044      0.00013      0.02975     -0.04672      0.01372
RU      0.24852      0.00015      0.24951      0.12304     -0.01299      0.02126
RU      0.00001      0.24993      0.25049      0.00527     -0.00047     -0.04153
RU      0.00077      0.00003      0.50025     -0.05814     -0.00475     -0.03062
RU      0.24991      0.25105      0.50127     -0.00868     -0.08579     -0.09855
RU      0.24953      0.00096      0.75133      0.02505     -0.08705     -0.10859
RU      0.00080      0.25024      0.74958     -0.07319     -0.03565      0.02241
RU      0.00047      0.50050      0.99952     -0.04072     -0.04326      0.04790
RU      0.24940      0.74952      0.99977      0.03054      0.04798      0.04519
RU      0.24953      0.49964      0.24918      0.02026      0.03022      0.07917
RU      0.99992      0.74934      0.24915      0.01077      0.05460      0.06793
RU      0.99985      0.50030      0.49983     -0.00696     -0.01986      0.00856
RU      0.25058      0.75015      0.50125     -0.06337     -0.00209     -0.09628
RU      0.24895      0.50006      0.74940      0.09793      0.00657      0.04720
RU      0.99958      0.74984      0.75001      0.03966      0.00013     -0.00995
RU      0.50055      0.00033      0.99968     -0.01718     -0.02724      0.03794
RU      0.75001      0.24969      0.00013     -0.01530      0.00545      0.00732
RU      0.74937      0.99901      0.25013      0.01934      0.05955      0.01230
RU      0.49953      0.25011      0.24970      0.04414     -0.02379      0.02547
RU      0.49940      0.99933      0.49995      0.02322      0.05860      0.00352
RU      0.74996      0.24929      0.49947     -0.01803      0.03717      0.03026
RU      0.75124      0.99992      0.74936     -0.13341      0.00805      0.05312
RU      0.50004      0.24921      0.74995     -0.00301      0.05023      0.00293
RU      0.50044      0.49960      0.99962     -0.04129      0.02489      0.03235
RU      0.75002      0.74916      0.99996     -0.02666      0.04872      0.00489
RU      0.75023      0.50021      0.25091     -0.06778     -0.02999     -0.08045
RU      0.50113      0.75027      0.25008     -0.10535     -0.03553     -0.02224
RU      0.49900      0.50034      0.50036      0.09240     -0.03866     -0.04421
RU      0.74823      0.75020      0.49970      0.12073     -0.01264      0.02211
RU      0.74983      0.49924      0.75032     -0.01272      0.04694     -0.03574
RU      0.50033      0.74980      0.74986     -0.01228      0.01904      0.00927
