/* Converted from PWscf output file */ 
#L_UNITS ang 
#E_UNITS eV 
#S_UNITS GPA 
#F_UNITS EV/ANG 
#ALAT 	   7.61443     // a0 
#X 	   1.00000     0.00000     0.00000     // X 
#Y 	   0.00000     1.00000     0.00000     // Y 
#Z 	   0.00000     0.00000     1.00000     // Z 
#SX 	   0.00233    -0.00029    -0.00088     // SX 
#SY 	  -0.00029     0.00248     0.00088     // SY 
#SZ 	  -0.00088     0.00088     0.00277     // SZ 
#EPA 	  -6.71130     // Energy per Atom 
#RCUT 	6.5        // Rcut 
RU      0.99966      0.99966      0.99984      0.03752      0.01490      0.01446
RU      0.24964      0.25074      0.99982      0.02773     -0.05021      0.00583
RU      0.24986      0.00010      0.24966      0.00184     -0.00525      0.01994
RU      0.99992      0.25029      0.24994      0.00745     -0.01332      0.01558
RU      0.99936      0.00025      0.49986      0.05558     -0.01862     -0.00840
RU      0.24972      0.24990      0.49977      0.02110      0.01515      0.01901
RU      0.25031      0.00023      0.74915     -0.02682     -0.02025      0.07385
RU      0.99948      0.25021      0.75072      0.04227     -0.02139     -0.04431
RU      0.99984      0.49993      0.99943      0.02318      0.00789      0.05030
RU      0.25013      0.74959      0.99990     -0.00149      0.03685      0.00403
RU      0.24996      0.49979      0.25034      0.00154      0.01270     -0.03011
RU      0.00022      0.74989      0.25017     -0.01128      0.01283      0.00582
RU      0.99999      0.49989      0.50034      0.00918      0.00271     -0.02244
RU      0.25020      0.75058      0.49971     -0.01393     -0.03292      0.01318
RU      0.25007      0.50033      0.75002     -0.01448     -0.01725     -0.00877
RU      0.99959      0.75051      0.75056      0.03573     -0.01294     -0.04267
RU      0.50026      0.99960      0.99947     -0.04389      0.02487      0.04774
RU      0.75024      0.24991      0.00019     -0.02724      0.00831     -0.01212
RU      0.74995      0.99960      0.25016      0.00130      0.01874     -0.02342
RU      0.49980      0.25029      0.25054      0.00499     -0.03247     -0.02544
RU      0.49996      0.99976      0.50013     -0.01173      0.00558     -0.01099
RU      0.74989      0.24959      0.49980      0.00464      0.04355      0.00668
RU      0.74938      0.00010      0.75006      0.04479     -0.00363     -0.00819
RU      0.50010      0.25072      0.75009     -0.02487     -0.04411     -0.00226
RU      0.50043      0.49953      0.00050     -0.03912      0.01981     -0.02521
RU      0.75019      0.74999      0.99981     -0.01585      0.00802      0.01093
RU      0.74989      0.49992      0.24981      0.00852      0.00643      0.02439
RU      0.49994      0.74971      0.25009     -0.00660      0.04140      0.00250
RU      0.50030      0.49971      0.50055     -0.03795      0.02368     -0.05302
RU      0.75031      0.75072      0.49989     -0.02428     -0.05669      0.00835
RU      0.75007      0.49989      0.74989     -0.00219      0.00556      0.01651
RU      0.50018      0.74982      0.75042     -0.02564      0.02007     -0.02174
