/* Converted from PWscf output file */ 
#L_UNITS ang 
#E_UNITS eV 
#S_UNITS GPA 
#F_UNITS EV/ANG 
#ALAT 	   7.61443     // a0 
#X 	   1.00000     0.00000     0.00000     // X 
#Y 	   0.00000     1.00000     0.00000     // Y 
#Z 	   0.00000     0.00000     1.00000     // Z 
#SX 	   2.56219    -0.35278     0.49511     // SX 
#SY 	  -0.35278     2.35992     0.07671     // SY 
#SZ 	   0.49511     0.07671     2.35365     // SZ 
#EPA 	  -6.66808     // Energy per Atom 
#RCUT 	6.5        // Rcut 
RU      0.99781      0.00252      0.99964      0.26628     -0.08766      0.08253
RU      0.25261      0.24696      0.00085     -0.08565      0.21186     -0.35873
RU      0.25102      0.99257      0.24526     -0.10074      0.60443      0.20646
RU      0.98811      0.25576      0.26397      0.48789     -0.40832     -1.14861
RU      0.99587      0.00183      0.50315      0.19382     -0.50710     -0.21493
RU      0.24237      0.23972      0.49722      0.33008      0.62961      0.30379
RU      0.25226      0.99987      0.74873     -0.17317     -0.13120      0.04115
RU      0.99864      0.24806      0.75582     -0.00297     -0.09628     -0.48525
RU      0.00790      0.48940      0.99655     -0.71639      0.63178      0.30171
RU      0.24019      0.74871      0.00584      0.27895     -0.11707     -0.54160
RU      0.25546      0.49185      0.25342     -0.64946      0.77554     -0.32958
RU      0.99120      0.74135      0.25440      0.86226      0.87650      0.29943
RU      0.00252      0.49574      0.50278     -0.28439      0.58624     -0.15131
RU      0.26061      0.74315      0.49450     -0.59248      0.35637      0.57291
RU      0.24710      0.49470      0.75019      0.36840      0.26846     -0.22436
RU      0.02047      0.75019      0.74918     -1.68622     -0.12644     -0.07747
RU      0.50470      0.98941      0.00251     -0.33484      0.73857     -0.49089
RU      0.74933      0.25176      0.00837     -0.16015      0.14016     -0.64791
RU      0.74915      0.00547      0.24463      0.11872     -0.27059      0.68984
RU      0.49062      0.26080      0.23530      0.81457     -1.26279      1.20709
RU      0.49994      0.00556      0.50243     -0.18700     -0.57676     -0.33833
RU      0.74395      0.25021      0.50836      0.75284      0.39214     -0.46460
RU      0.74971      0.00814      0.73843     -0.16096     -0.94426      0.96365
RU      0.49749      0.24455      0.74282      0.10793      0.55780      0.47817
RU      0.49515      0.49835      0.99260      0.34832      0.23927      0.40378
RU      0.76370      0.76638      0.01614     -1.09150     -1.49340     -1.49506
RU      0.75973      0.50303      0.24639     -1.02211     -0.19125      0.11977
RU      0.48498      0.75370      0.23346      1.48840     -0.66223      1.17956
RU      0.49575      0.49370      0.49603      0.44269      0.23593      0.26763
RU      0.73645      0.75762      0.50053      0.71876     -0.69335      0.11380
RU      0.75330      0.50250      0.74769     -0.17145      0.01362      0.11777
RU      0.50361      0.74665      0.75231     -0.16045      0.31043     -0.38039
