/* Converted from PWscf output file */ 
#L_UNITS ang 
#E_UNITS eV 
#S_UNITS GPA 
#F_UNITS EV/ANG 
#ALAT 	   7.61443     // a0 
#X 	   1.00000     0.00000     0.00000     // X 
#Y 	   0.00000     1.00000     0.00000     // Y 
#Z 	   0.00000     0.00000     1.00000     // Z 
#SX 	   1.37261    -0.03558    -0.09625     // SX 
#SY 	  -0.03558     1.47105     0.31807     // SY 
#SZ 	  -0.09625     0.31807     1.24121     // SZ 
#EPA 	  -6.68989     // Energy per Atom 
#RCUT 	6.5        // Rcut 
RU      0.00126      0.00466      0.99843      0.29976     -0.46112     -0.13783
RU      0.24382      0.24858      0.99594      0.61863      0.02375      0.29313
RU      0.25338      0.00061      0.24692     -0.04033      0.09093      0.21805
RU      0.99602      0.23554      0.24473      0.62331      0.86535      0.70139
RU      0.99920      0.98820      0.50544      0.26234      1.18028     -0.59450
RU      0.25745      0.25195      0.49678     -0.25063     -0.19501      0.16246
RU      0.24717      0.00530      0.74980      0.40191     -0.23445      0.01667
RU      0.99989      0.25939      0.74980      0.21871     -0.81821     -0.27347
RU      0.00263      0.50456      0.99654      0.12324     -0.40516      0.26442
RU      0.25749      0.74155      0.00312     -0.05406      0.49067     -0.23509
RU      0.24824      0.50621      0.25416      0.66799     -0.54572     -0.23871
RU      0.01203      0.73952      0.24681     -0.91065      0.92992      0.15687
RU      0.00115      0.50347      0.49443      0.40953     -0.38373      0.49951
RU      0.24851      0.75553      0.50157      0.35284     -0.36207     -0.11749
RU      0.25562      0.51010      0.75246     -0.07904     -0.66843     -0.14607
RU      0.99696      0.74557      0.75044      0.43568      0.25093     -0.03398
RU      0.50320      0.00115      0.99645     -0.17729      0.05922      0.26677
RU      0.75776      0.24431      0.99738     -0.44850      0.29508      0.14399
RU      0.74871      0.00636      0.25598      0.00076     -0.50940     -0.51373
RU      0.49983      0.24301      0.24491      0.22528      0.45954      0.30252
RU      0.50617      0.99779      0.49867     -0.42757      0.06243      0.06215
RU      0.74498      0.24875      0.50062      0.36795      0.14406     -0.17352
RU      0.75021      0.00905      0.75162      0.19323     -0.67219     -0.12832
RU      0.50407      0.25525      0.75142     -0.42838     -0.43417     -0.09870
RU      0.51452      0.49838      0.99671     -0.90269      0.20715      0.14940
RU      0.75348      0.74344      0.99894     -0.22127      0.39440      0.13148
RU      0.76023      0.49683      0.25876     -0.58956      0.37560     -0.67767
RU      0.50246      0.74672      0.24928     -0.05640     -0.00387      0.17672
RU      0.50475      0.50042      0.49916     -0.27426     -0.07225     -0.14018
RU      0.75823      0.75403      0.49678     -0.43843     -0.41912      0.12583
RU      0.75773      0.49752      0.74918     -0.54314      0.36129      0.14725
RU      0.49496      0.75343      0.75202      0.64104     -0.00570     -0.30932
