/* Converted from PWscf output file */ 
#L_UNITS ang 
#E_UNITS eV 
#S_UNITS GPA 
#F_UNITS EV/ANG 
#ALAT 	   7.61443     // a0 
#X 	   1.00000     0.00000     0.00000     // X 
#Y 	   0.00000     1.00000     0.00000     // Y 
#Z 	   0.00000     0.00000     1.00000     // Z 
#SX 	  -0.00015    -0.00117    -0.00102     // SX 
#SY 	  -0.00117     0.00015    -0.00117     // SY 
#SZ 	  -0.00102    -0.00117    -0.00058     // SZ 
#EPA 	  -6.71129     // Energy per Atom 
#RCUT 	6.5        // Rcut 
RU      0.99979      0.00043      0.99975      0.01907     -0.04562      0.02117
RU      0.24987      0.24998      0.99992      0.01375     -0.00339      0.00321
RU      0.25047      0.00001      0.24985     -0.02833     -0.00957      0.01765
RU      0.99977      0.25033      0.25000      0.00851     -0.03788      0.00999
RU      0.00009      0.00000      0.49975     -0.00626     -0.02009      0.02599
RU      0.24988      0.25023      0.49995      0.01145     -0.02488      0.00536
RU      0.25007      0.99974      0.74994     -0.01114     -0.00303      0.00081
RU      0.00032      0.24988      0.74995     -0.02770      0.01478     -0.01224
RU      0.99990      0.49903      0.00047      0.00328      0.06611     -0.04254
RU      0.25040      0.74943      0.00033     -0.03382      0.03321     -0.01988
RU      0.25062      0.49930      0.24990     -0.03951      0.04842      0.01254
RU      0.99957      0.75023      0.24994      0.02664     -0.02261      0.00782
RU      0.00028      0.49920      0.49999     -0.02215      0.06952     -0.00630
RU      0.24990      0.74967      0.50002      0.00375      0.02247     -0.01164
RU      0.24966      0.50000      0.75027      0.01928      0.00384     -0.03195
RU      0.99953      0.75019      0.75059      0.03508     -0.00792     -0.03590
RU      0.49985      0.99967      0.00027      0.00460      0.01631     -0.02044
RU      0.74992      0.24944      0.99957      0.00787      0.03747      0.03082
RU      0.75043      0.00011      0.25001     -0.01867     -0.02336      0.00305
RU      0.49943      0.24978      0.24951      0.04325      0.01214      0.03496
RU      0.50009      0.00013      0.50039     -0.01159     -0.00888     -0.04064
RU      0.75015      0.24978      0.49995     -0.01776      0.02514     -0.01274
RU      0.74945      0.00011      0.74991      0.03997     -0.00533     -0.00841
RU      0.49983      0.25020      0.74995      0.00300     -0.02485      0.00402
RU      0.50021      0.50059      0.99984     -0.01567     -0.03504      0.01560
RU      0.75001      0.75044      0.99928      0.00254     -0.03668      0.05260
RU      0.75065      0.50012      0.24934     -0.04064     -0.00442      0.05707
RU      0.49997      0.74908      0.25053     -0.01009      0.07147     -0.02550
RU      0.49993      0.50055      0.49987      0.01020     -0.04773      0.02015
RU      0.74999      0.75053      0.50004      0.01218     -0.04951     -0.00779
RU      0.74963      0.49983      0.75026      0.03534      0.00866     -0.02890
RU      0.50016      0.75013      0.75008     -0.01643     -0.01877     -0.01795
