/* Converted from PWscf output file */ 
#L_UNITS ang 
#E_UNITS eV 
#S_UNITS GPA 
#F_UNITS EV/ANG 
#ALAT 	   7.61443     // a0 
#X 	   1.00000     0.00000     0.00000     // X 
#Y 	   0.00000     1.00000     0.00000     // Y 
#Z 	   0.00000     0.00000     1.00000     // Z 
#SX 	   0.00000     0.00015    -0.00015     // SX 
#SY 	   0.00015    -0.00044     0.00029     // SY 
#SZ 	  -0.00015     0.00029    -0.00029     // SZ 
#EPA 	  -6.71136     // Energy per Atom 
#RCUT 	6.5        // Rcut 
RU      0.99984      0.99966      0.00005      0.01588      0.02222     -0.00074
RU      0.25014      0.24978      0.99999     -0.00988      0.02152      0.00586
RU      0.24984      0.00018      0.25016      0.01943     -0.01446      0.00568
RU      0.99993      0.24979      0.24996      0.01219      0.01885      0.01110
RU      0.99974      0.99991      0.50005      0.02528      0.01114     -0.00323
RU      0.24971      0.25034      0.50018      0.03381     -0.02684     -0.01212
RU      0.25013      0.00008      0.75052     -0.00625     -0.00894     -0.03403
RU      0.00023      0.25006      0.75020     -0.01380     -0.00095     -0.01254
RU      0.99988      0.50044      0.99994      0.00941     -0.03694      0.00856
RU      0.25009      0.74993      0.99995      0.00631      0.00767      0.00688
RU      0.24962      0.49981      0.25015      0.02932      0.00933     -0.00019
RU      0.99998      0.75012      0.24997      0.01103     -0.00885      0.01466
RU      0.99965      0.49973      0.50003      0.03266      0.00886     -0.00325
RU      0.24991      0.75013      0.50006      0.00481     -0.01304     -0.00470
RU      0.24996      0.50011      0.75032      0.00716     -0.00246     -0.01829
RU      0.99955      0.75020      0.74997      0.03257     -0.02086      0.00345
RU      0.49982      0.99982      0.99992      0.00626      0.01739      0.01226
RU      0.75042      0.25007      0.00012     -0.03134     -0.00681     -0.01299
RU      0.75001      0.99993      0.25016     -0.00799     -0.00085     -0.00479
RU      0.50049      0.25002      0.24991     -0.03714      0.00024      0.02278
RU      0.50032      0.99959      0.50004     -0.03610      0.02503     -0.00405
RU      0.75001      0.24991      0.49970     -0.00841      0.01072      0.02529
RU      0.75022      0.00014      0.75011     -0.01964     -0.00650     -0.00229
RU      0.49971      0.24986      0.75049      0.01329      0.01203     -0.03302
RU      0.49995      0.49988      0.99975     -0.00596     -0.00249      0.02273
RU      0.75001      0.75014      0.99987     -0.00541     -0.01767      0.00796
RU      0.75003      0.49978      0.25007     -0.01024      0.01926      0.00147
RU      0.50028      0.75002      0.25027     -0.03323     -0.01004     -0.00851
RU      0.50017      0.49995      0.50018     -0.02280     -0.00532     -0.01593
RU      0.75014      0.74992      0.49974     -0.01479      0.00936      0.01848
RU      0.74995      0.50013      0.74980     -0.00126     -0.01555      0.01988
RU      0.49988      0.74994      0.75026      0.00483      0.00495     -0.01636
