/* Converted from PWscf output file */ 
#L_UNITS ang 
#E_UNITS eV 
#S_UNITS GPA 
#F_UNITS EV/ANG 
#ALAT 	   7.61443     // a0 
#X 	   1.00000     0.00000     0.00000     // X 
#Y 	   0.00000     1.00000     0.00000     // Y 
#Z 	   0.00000     0.00000     1.00000     // Z 
#SX 	   0.01094    -0.00583    -0.00073     // SX 
#SY 	  -0.00583     0.00831     0.00029     // SY 
#SZ 	  -0.00073     0.00029     0.00758     // SZ 
#EPA 	  -6.71109     // Energy per Atom 
#RCUT 	6.5        // Rcut 
RU      0.99962      0.99959      0.00066      0.01699      0.05883     -0.04541
RU      0.25010      0.24960      0.00034     -0.00751      0.01584     -0.03378
RU      0.25063      0.99973      0.25050     -0.04259      0.02347     -0.03527
RU      0.00085      0.25060      0.25044     -0.05346     -0.03678     -0.04029
RU      0.99914      0.00145      0.50013      0.05922     -0.09951      0.00982
RU      0.25039      0.25010      0.50036     -0.01524      0.00781     -0.01853
RU      0.24926      0.00077      0.74983      0.08416     -0.05995     -0.00657
RU      0.00013      0.24959      0.74994     -0.03725      0.02007      0.00431
RU      0.00022      0.50044      0.00065     -0.01524     -0.02176     -0.08342
RU      0.24971      0.75077      0.99968      0.02709     -0.05607      0.03039
RU      0.24908      0.50103      0.24944      0.10950     -0.06370      0.03066
RU      0.00009      0.75032      0.24943     -0.01624     -0.02004      0.03075
RU      0.99978      0.50133      0.49883      0.00870     -0.08625      0.11663
RU      0.25066      0.74973      0.50060     -0.05066      0.00333     -0.03221
RU      0.25107      0.49888      0.74989     -0.07167      0.08495      0.01627
RU      0.99977      0.75002      0.74971      0.01805     -0.00501      0.02212
RU      0.49975      0.99976      0.00069      0.01075      0.01099     -0.06218
RU      0.75013      0.24969      0.00040     -0.00303      0.03427     -0.02816
RU      0.75068      0.99948      0.24907     -0.07083      0.04956      0.05548
RU      0.49959      0.24972      0.25012      0.03488      0.00810     -0.01775
RU      0.49967      0.99994      0.50124      0.01274      0.02748     -0.05169
RU      0.75040      0.24949      0.49856     -0.01921      0.02219      0.10905
RU      0.74975      0.00015      0.74987      0.03679     -0.01455      0.01553
RU      0.49950      0.24979      0.75013      0.05366      0.01020      0.00509
RU      0.49969      0.50006      0.00080      0.01889     -0.01488     -0.05737
RU      0.74944      0.74937      0.99971      0.04124      0.02390     -0.00459
RU      0.75055      0.50082      0.24979     -0.02208     -0.06256      0.00755
RU      0.50079      0.75034      0.25043     -0.04715     -0.02265     -0.04256
RU      0.50019      0.49980      0.49920     -0.01641      0.02287      0.07269
RU      0.74974      0.75003      0.50030      0.03002     -0.00547     -0.00809
RU      0.75135      0.49907      0.74974     -0.10969      0.06609     -0.00636
RU      0.49949      0.74863      0.74930      0.03558      0.07920      0.04791
