/* Converted from PWscf output file */ 
#L_UNITS ang 
#E_UNITS eV 
#S_UNITS GPA 
#F_UNITS EV/ANG 
#ALAT 	   7.61443     // a0 
#X 	   1.00000     0.00000     0.00000     // X 
#Y 	   0.00000     1.00000     0.00000     // Y 
#Z 	   0.00000     0.00000     1.00000     // Z 
#SX 	   0.01735    -0.00102    -0.00321     // SX 
#SY 	  -0.00102     0.01721     0.00263     // SY 
#SZ 	  -0.00321     0.00263     0.01808     // SZ 
#EPA 	  -6.71094     // Energy per Atom 
#RCUT 	6.5        // Rcut 
RU      0.00089      0.99988      0.99944     -0.04821      0.02432      0.03131
RU      0.25049      0.24995      0.99901     -0.01321     -0.00389      0.03354
RU      0.25106      0.00213      0.25127     -0.04805     -0.14201     -0.11838
RU      0.00034      0.24921      0.24881     -0.04441      0.07627      0.06194
RU      0.00051      0.99994      0.49963     -0.07420      0.00320     -0.01083
RU      0.25026      0.25003      0.49930     -0.01931      0.02507      0.05361
RU      0.24947      0.99972      0.74840      0.06469      0.02409      0.08511
RU      0.00081      0.24932      0.74925     -0.07613      0.06502      0.01562
RU      0.00097      0.49863      0.00038     -0.11176      0.09478     -0.03509
RU      0.24921      0.75014      0.00068      0.06557     -0.00341     -0.07332
RU      0.25054      0.49988      0.24963     -0.00746      0.00696      0.01571
RU      0.00024      0.74987      0.24961     -0.04208      0.01164      0.01469
RU      0.99834      0.49985      0.50051      0.10301      0.00696     -0.04653
RU      0.24909      0.75002      0.49919      0.08486      0.00073      0.03522
RU      0.25041      0.50010      0.74997     -0.01456      0.03250     -0.00138
RU      0.99900      0.75151      0.74928      0.05789     -0.12911      0.03061
RU      0.50015      0.99973      0.99876      0.01755      0.01667      0.07435
RU      0.74941      0.24989      0.00020      0.03734      0.02985     -0.03923
RU      0.75039      0.99973      0.24864     -0.02761      0.02873      0.07985
RU      0.49960      0.25057      0.24945      0.06241     -0.03400      0.03107
RU      0.50103      0.99978      0.49951     -0.06514      0.04158      0.00564
RU      0.74935      0.25072      0.49931      0.04430     -0.04299      0.02204
RU      0.75010      0.00001      0.74981     -0.00245      0.02179      0.00318
RU      0.50030      0.24992      0.75003     -0.01261      0.02918     -0.02285
RU      0.49910      0.50114      0.99948      0.06678     -0.07624      0.03688
RU      0.75114      0.75001      0.99984     -0.08304      0.00283     -0.01118
RU      0.75143      0.50033      0.24946     -0.08337      0.01203      0.02955
RU      0.49888      0.74987      0.25060      0.07579     -0.00226     -0.05137
RU      0.49807      0.50059      0.50081      0.15208     -0.03513     -0.08327
RU      0.75035      0.75045      0.49977     -0.04005     -0.02853      0.01428
RU      0.75082      0.50085      0.75102     -0.05561     -0.08175     -0.10770
RU      0.49964      0.74978      0.75076      0.03702      0.02513     -0.07307
