/* Converted from PWscf output file */ 
#L_UNITS ang 
#E_UNITS eV 
#S_UNITS GPA 
#F_UNITS EV/ANG 
#ALAT 	   7.61443     // a0 
#X 	   1.00000     0.00000     0.00000     // X 
#Y 	   0.00000     1.00000     0.00000     // Y 
#Z 	   0.00000     0.00000     1.00000     // Z 
#SX 	   0.10384    -0.03660    -0.00263     // SX 
#SY 	  -0.03660     0.11288    -0.00569     // SY 
#SZ 	  -0.00263    -0.00569     0.09902     // SZ 
#EPA 	  -6.70971     // Energy per Atom 
#RCUT 	6.5        // Rcut 
RU      0.00049      0.00119      0.99990     -0.08261     -0.08413      0.01228
RU      0.25251      0.24780      0.00106     -0.10781      0.16213     -0.10110
RU      0.25233      0.99923      0.24908     -0.18240     -0.01056      0.05073
RU      0.00114      0.25010      0.24707     -0.05952     -0.05730      0.16556
RU      0.99939      0.00059      0.50232      0.02242     -0.02507     -0.22327
RU      0.25117      0.24915      0.50050     -0.08051     -0.00511     -0.08386
RU      0.24998      0.00127      0.75010      0.01073     -0.10402     -0.00675
RU      0.99970      0.25013      0.74893     -0.00583     -0.02313      0.07886
RU      0.99877      0.50101      0.99881      0.08172     -0.06392      0.12348
RU      0.24847      0.75005      0.99813      0.10997     -0.04428      0.13782
RU      0.24832      0.49898      0.25249      0.19101      0.08454     -0.21997
RU      0.00235      0.74648      0.25016     -0.19653      0.26812     -0.07098
RU      0.99923      0.50161      0.49890      0.03870     -0.09839      0.09284
RU      0.24811      0.74935      0.49783      0.22527      0.01689      0.16415
RU      0.25063      0.49897      0.74841     -0.04486      0.08766      0.12945
RU      0.00121      0.75023      0.74696     -0.08594     -0.05167      0.17056
RU      0.49738      0.99959      0.99955      0.21288      0.00794      0.10974
RU      0.75043      0.25051      0.99978     -0.02449     -0.10685      0.01755
RU      0.75004      0.00136      0.24956      0.00148     -0.13964     -0.00138
RU      0.50136      0.25023      0.25111     -0.08181     -0.01895     -0.07681
RU      0.49968      0.00168      0.50095      0.03556     -0.13487     -0.07014
RU      0.75133      0.24918      0.49807     -0.04892      0.00282      0.16454
RU      0.74850      0.99995      0.74975      0.16306     -0.04358      0.01376
RU      0.49965      0.24896      0.75143      0.07422      0.10426     -0.13548
RU      0.49915      0.49999      0.00081      0.04960      0.04421     -0.05180
RU      0.75218      0.74824      0.99950     -0.14444      0.10599      0.00703
RU      0.75060      0.49710      0.25048     -0.01685      0.22971     -0.07477
RU      0.50042      0.75094      0.24951      0.05140     -0.11127      0.02200
RU      0.50063      0.49984      0.50260     -0.04867      0.02962     -0.22230
RU      0.75016      0.74665      0.50082     -0.06410      0.23644     -0.12569
RU      0.75077      0.50071      0.74954     -0.07663     -0.01274      0.06285
RU      0.49911      0.75321      0.75105      0.08392     -0.24483     -0.05889
