/* Converted from PWscf output file */ 
#L_UNITS ang 
#E_UNITS eV 
#S_UNITS GPA 
#F_UNITS EV/ANG 
#ALAT 	   7.72458     // a0 
#X 	   1.00000     0.00000     0.00000     // X 
#Y 	   0.00000     1.00810     0.02086     // Y 
#Z 	   0.00000     0.02086     1.00810     // Z 
#SX 	   0.35307     0.00000     0.00000     // SX 
#SY 	   0.00000     0.00015     1.08531     // SY 
#SZ 	   0.00000     1.08531     0.00015     // SZ 
#EPA 	  -6.49152     // Energy per Atom 
#RCUT 	6.5        // Rcut 
RU      0.00000     -0.04064     -0.04064     -0.00000     -0.89251     -0.89251
RU      0.26969      0.25805     -0.00749     -0.04542     -0.14827     -0.06773
RU      0.26969     -0.00749      0.25805     -0.04542     -0.06773     -0.14827
RU      0.00000      0.15445      0.15445      0.00000      0.38536      0.38536
RU      0.00000      0.34555      0.34555      0.00000     -0.38536     -0.38536
RU      0.00000      0.01814      0.48186     -0.00000     -0.37633      0.37633
RU      0.26969      0.24195      0.50749     -0.04542      0.14827      0.06773
RU      0.24973     -0.00025      0.74772      0.27456      0.18456     -0.15346
RU      0.00000      0.25000      0.75000      0.00000      0.00000      0.00000
RU      0.00000      0.48186      0.01814     -0.00000      0.37633     -0.37633
RU      0.24973      0.74772     -0.00025      0.27456     -0.15346      0.18456
RU      0.26969      0.50749      0.24195     -0.04542      0.06773      0.14827
RU      0.00000      0.75000      0.25000      0.00000      0.00000      0.00000
RU      0.00000      0.54064      0.54064     -0.00000      0.89251      0.89251
RU      0.24973      0.75228      0.50025      0.27456      0.15346     -0.18456
RU      0.24973      0.50025      0.75228      0.27456     -0.18456      0.15346
RU      0.00000      0.75000      0.75000      0.00000      0.00000      0.00000
RU      0.50000     -0.00220     -0.00220      0.00000     -0.14090     -0.14090
RU      0.73031      0.25805     -0.00749      0.04542     -0.14827     -0.06773
RU      0.73031     -0.00749      0.25805      0.04542     -0.06773     -0.14827
RU      0.50000      0.25000      0.25000      0.00000      0.00000      0.00000
RU      0.50000     -0.00253      0.50253     -0.00000      0.60188     -0.60188
RU      0.73031      0.24195      0.50749      0.04542      0.14827      0.06773
RU      0.75027     -0.00025      0.74772     -0.27456      0.18456     -0.15346
RU      0.50000      0.25000      0.75000      0.00000      0.00000      0.00000
RU      0.50000      0.50253     -0.00253     -0.00000     -0.60188      0.60188
RU      0.75027      0.74772     -0.00025     -0.27456     -0.15346      0.18456
RU      0.73031      0.50749      0.24195      0.04542      0.06773      0.14827
RU      0.50000      0.75000      0.25000      0.00000      0.00000      0.00000
RU      0.50000      0.50220      0.50220      0.00000      0.14090      0.14090
RU      0.75027      0.75228      0.50025     -0.27456      0.15346     -0.18456
RU      0.75027      0.50025      0.75228     -0.27456     -0.18456      0.15346
RU      0.50000      0.75000      0.75000      0.00000      0.00000      0.00000
