/* Converted from PWscf output file */ 
#L_UNITS ang 
#E_UNITS eV 
#S_UNITS GPA 
#F_UNITS EV/ANG 
#ALAT 	   7.76839     // a0 
#X 	   1.00000     0.00169     0.00169     // X 
#Y 	   0.00169     1.00000     0.00169     // Y 
#Z 	   0.00169     0.00169     1.00000     // Z 
#SX 	   0.01969    -0.02742    -0.02742     // SX 
#SY 	  -0.02742     0.01969    -0.02742     // SY 
#SZ 	  -0.02742    -0.02742     0.01969     // SZ 
#EPA 	  -6.49362     // Energy per Atom 
#RCUT 	6.5        // Rcut 
RU      0.08259      0.08259      0.08259      0.07441      0.07441      0.07441
RU      0.91741      0.91741      0.91741     -0.07441     -0.07441     -0.07441
RU      0.27762      0.27762     -0.02059     -0.04693     -0.04693     -0.02879
RU      0.27762     -0.02059      0.27762     -0.04693     -0.02879     -0.04693
RU     -0.02059      0.27762      0.27762     -0.02879     -0.04693     -0.04693
RU      0.00000      0.00000      0.50000     -0.00000      0.00000     -0.00000
RU      0.24971      0.24971      0.49486      0.00375      0.00375     -0.05364
RU      0.25102      0.00000      0.74898     -0.03984      0.00000      0.03984
RU      0.00000      0.25102      0.74898      0.00000     -0.03984      0.03984
RU      0.00000      0.50000      0.00000     -0.00000      0.00000     -0.00000
RU      0.25102      0.74898      0.00000     -0.03984      0.03984      0.00000
RU      0.24971      0.49486      0.24971      0.00375     -0.05364      0.00375
RU      0.00000      0.74898      0.25102     -0.00000      0.03984     -0.03984
RU      0.00000      0.50000      0.50000     -0.00000      0.00000     -0.00000
RU      0.25298      0.74702      0.50000      0.00446     -0.00446      0.00000
RU      0.25298      0.50000      0.74702      0.00446     -0.00000     -0.00446
RU      0.02059      0.72238      0.72238      0.02879      0.04693      0.04693
RU      0.50000      0.00000      0.00000     -0.00000     -0.00000      0.00000
RU      0.74898      0.25102      0.00000      0.03984     -0.03984      0.00000
RU      0.74898      0.00000      0.25102      0.03984     -0.00000     -0.03984
RU      0.49486      0.24971      0.24971     -0.05364      0.00375      0.00375
RU      0.50000      0.00000      0.50000      0.00000      0.00000      0.00000
RU      0.74702      0.25298      0.50000     -0.00446      0.00446      0.00000
RU      0.72238      0.02059      0.72238      0.04693      0.02879      0.04693
RU      0.50000      0.25298      0.74702     -0.00000      0.00446     -0.00446
RU      0.50000      0.50000      0.00000     -0.00000      0.00000      0.00000
RU      0.72238      0.72238      0.02059      0.04693      0.04693      0.02879
RU      0.74702      0.50000      0.25298     -0.00446      0.00000      0.00446
RU      0.50000      0.74702      0.25298      0.00000     -0.00446      0.00446
RU      0.50000      0.50000      0.50000      0.00000      0.00000      0.00000
RU      0.75029      0.75029      0.50514     -0.00375     -0.00375      0.05364
RU      0.75029      0.50514      0.75029     -0.00375      0.05364     -0.00375
RU      0.50514      0.75029      0.75029      0.05364     -0.00375     -0.00375
