/* Converted from PWscf output file */ 
#L_UNITS ang 
#E_UNITS eV 
#S_UNITS GPA 
#F_UNITS EV/ANG 
#ALAT 	   7.76764     // a0 
#X 	   1.00000     0.00182     0.00182     // X 
#Y 	   0.00182     1.00000     0.00182     // Y 
#Z 	   0.00182     0.00182     1.00000     // Z 
#SX 	   0.10821    -0.05163    -0.05163     // SX 
#SY 	  -0.05163     0.10821    -0.05163     // SY 
#SZ 	  -0.05163    -0.05163     0.10821     // SZ 
#EPA 	  -6.49351     // Energy per Atom 
#RCUT 	6.5        // Rcut 
RU      0.08233      0.08233      0.08233      0.10628      0.10628      0.10628
RU      0.91767      0.91767      0.91767     -0.10628     -0.10628     -0.10628
RU      0.27755      0.27755     -0.02036     -0.01127     -0.01127     -0.02781
RU      0.27755     -0.02036      0.27755     -0.01127     -0.02781     -0.01127
RU     -0.02036      0.27755      0.27755     -0.02781     -0.01127     -0.01127
RU      0.00000      0.00000      0.50000      0.00000     -0.00000     -0.00000
RU      0.24978      0.24978      0.49570     -0.00677     -0.00677     -0.08614
RU      0.25139      0.00000      0.74861     -0.04588      0.00000      0.04588
RU      0.00000      0.25139      0.74861      0.00000     -0.04588      0.04588
RU      0.00000      0.50000      0.00000     -0.00000      0.00000     -0.00000
RU      0.25139      0.74861      0.00000     -0.04588      0.04588      0.00000
RU      0.24978      0.49570      0.24978     -0.00677     -0.08614     -0.00677
RU      0.00000      0.74861      0.25139     -0.00000      0.04588     -0.04588
RU      0.00000      0.50000      0.50000     -0.00000      0.00000      0.00000
RU      0.25292      0.74708      0.50000      0.00249     -0.00249     -0.00000
RU      0.25292      0.50000      0.74708      0.00249     -0.00000     -0.00249
RU      0.02036      0.72245      0.72245      0.02781      0.01127      0.01127
RU      0.50000      0.00000      0.00000     -0.00000      0.00000      0.00000
RU      0.74861      0.25139      0.00000      0.04588     -0.04588      0.00000
RU      0.74861      0.00000      0.25139      0.04588     -0.00000     -0.04588
RU      0.49570      0.24978      0.24978     -0.08614     -0.00677     -0.00677
RU      0.50000      0.00000      0.50000      0.00000      0.00000     -0.00000
RU      0.74708      0.25292      0.50000     -0.00249      0.00249      0.00000
RU      0.72245      0.02036      0.72245      0.01127      0.02781      0.01127
RU      0.50000      0.25292      0.74708     -0.00000      0.00249     -0.00249
RU      0.50000      0.50000      0.00000     -0.00000      0.00000     -0.00000
RU      0.72245      0.72245      0.02036      0.01127      0.01127      0.02781
RU      0.74708      0.50000      0.25292     -0.00249      0.00000      0.00249
RU      0.50000      0.74708      0.25292      0.00000     -0.00249      0.00249
RU      0.50000      0.50000      0.50000     -0.00000     -0.00000      0.00000
RU      0.75022      0.75022      0.50430      0.00677      0.00677      0.08614
RU      0.75022      0.50430      0.75022      0.00677      0.08614      0.00677
RU      0.50430      0.75022      0.75022      0.08614      0.00677      0.00677
