/* Converted from PWscf output file */ 
#L_UNITS ang 
#E_UNITS eV 
#S_UNITS GPA 
#F_UNITS EV/ANG 
#ALAT 	   7.72599     // a0 
#X 	   1.00000    -0.00551    -0.00551     // X 
#Y 	  -0.00551     1.00000    -0.00551     // Y 
#Z 	  -0.00551    -0.00551     1.00000     // Z 
#SX 	   6.65683     0.80939     0.80939     // SX 
#SY 	   0.80939     6.65683     0.80939     // SY 
#SZ 	   0.80939     0.80939     6.65683     // SZ 
#EPA 	  -6.44919     // Energy per Atom 
#RCUT 	6.5        // Rcut 
RU      0.08005      0.08005      0.08005     -3.60556     -3.60556     -3.60556
RU      0.91995      0.91995      0.91995      3.60556      3.60556      3.60556
RU      0.27652      0.27652     -0.02042      1.52263      1.52263     -0.92747
RU      0.27652     -0.02042      0.27652      1.52263     -0.92747      1.52263
RU     -0.02042      0.27652      0.27652     -0.92747      1.52263      1.52263
RU      0.00000      0.00000      0.50000      0.00000     -0.00000     -0.00000
RU      0.25023      0.25023      0.49840     -0.01714     -0.01714     -0.27472
RU      0.25217      0.00000      0.74783      0.12511      0.00000     -0.12511
RU      0.00000      0.25217      0.74783      0.00000      0.12511     -0.12511
RU      0.00000      0.50000      0.00000     -0.00000     -0.00000     -0.00000
RU      0.25217      0.74783      0.00000      0.12511     -0.12511      0.00000
RU      0.25023      0.49840      0.25023     -0.01714     -0.27472     -0.01714
RU      0.00000      0.74783      0.25217     -0.00000     -0.12511      0.12511
RU      0.00000      0.50000      0.50000     -0.00000     -0.00000     -0.00000
RU      0.25274      0.74726      0.50000      0.27420     -0.27420      0.00000
RU      0.25274      0.50000      0.74726      0.27420     -0.00000     -0.27420
RU      0.02042      0.72348      0.72348      0.92747     -1.52263     -1.52263
RU      0.50000      0.00000      0.00000      0.00000     -0.00000     -0.00000
RU      0.74783      0.25217      0.00000     -0.12511      0.12511      0.00000
RU      0.74783      0.00000      0.25217     -0.12511     -0.00000      0.12511
RU      0.49840      0.25023      0.25023     -0.27472     -0.01714     -0.01714
RU      0.50000      0.00000      0.50000      0.00000      0.00000      0.00000
RU      0.74726      0.25274      0.50000     -0.27420      0.27420     -0.00000
RU      0.72348      0.02042      0.72348     -1.52263      0.92747     -1.52263
RU      0.50000      0.25274      0.74726     -0.00000      0.27420     -0.27420
RU      0.50000      0.50000      0.00000      0.00000      0.00000      0.00000
RU      0.72348      0.72348      0.02042     -1.52263     -1.52263      0.92747
RU      0.74726      0.50000      0.25274     -0.27420      0.00000      0.27420
RU      0.50000      0.74726      0.25274      0.00000     -0.27420      0.27420
RU      0.50000      0.50000      0.50000      0.00000      0.00000      0.00000
RU      0.74977      0.74977      0.50160      0.01714      0.01714      0.27472
RU      0.74977      0.50160      0.74977      0.01714      0.27472      0.01714
RU      0.50160      0.74977      0.74977      0.27472      0.01714      0.01714
