/* Converted from PWscf output file */ 
#L_UNITS ang 
#E_UNITS eV 
#S_UNITS GPA 
#F_UNITS EV/ANG 
#ALAT 	   7.62559     // a0 
#X 	   1.00000     0.00000     0.00000     // X 
#Y 	   0.00000     1.00801     0.00836     // Y 
#Z 	   0.00000     0.00836     1.00801     // Z 
#SX 	  21.34208     0.00000     0.00000     // SX 
#SY 	   0.00000    33.89360    23.19186     // SY 
#SZ 	   0.00000    23.19186    33.89360     // SZ 
#EPA 	  -5.85630     // Energy per Atom 
#RCUT 	6.5        // Rcut 
RU      0.00000     -0.02348     -0.02348     -0.00000    -32.64809    -32.64809
RU      0.26104      0.25585     -0.00367      4.05160      2.16401     -1.33883
RU      0.26104     -0.00367      0.25585      4.05160     -1.33883      2.16401
RU      0.00000      0.12571      0.12571      0.00000     33.36252     33.36252
RU      0.00000      0.37429      0.37429      0.00000    -33.36252    -33.36252
RU      0.00000      0.00064      0.49936     -0.00000      0.22441     -0.22441
RU      0.26104      0.24415      0.50367      4.05160     -2.16401      1.33883
RU      0.25221     -0.00002      0.74852      0.80334     -0.00974     -0.54548
RU      0.00000      0.25000      0.75000      0.00000      0.00000      0.00000
RU      0.00000      0.49936      0.00064      0.00000     -0.22441      0.22441
RU      0.25221      0.74852     -0.00002      0.80334     -0.54548     -0.00974
RU      0.26104      0.50367      0.24415      4.05160      1.33883     -2.16401
RU      0.00000      0.75000      0.25000     -0.00000      0.00000      0.00000
RU      0.00000      0.52348      0.52348      0.00000     32.64809     32.64809
RU      0.25221      0.75148      0.50002      0.80334      0.54548      0.00974
RU      0.25221      0.50002      0.75148      0.80334      0.00974      0.54548
RU      0.00000      0.75000      0.75000      0.00000      0.00000      0.00000
RU      0.50000      0.00005      0.00005      0.00000      0.01632      0.01632
RU      0.73896      0.25585     -0.00367     -4.05160      2.16401     -1.33883
RU      0.73896     -0.00367      0.25585     -4.05160     -1.33883      2.16401
RU      0.50000      0.25000      0.25000      0.00000      0.00000      0.00000
RU      0.50000      0.00056      0.49944      0.00000      0.18313     -0.18313
RU      0.73896      0.24415      0.50367     -4.05160     -2.16401      1.33883
RU      0.74779     -0.00002      0.74852     -0.80334     -0.00974     -0.54548
RU      0.50000      0.25000      0.75000     -0.00000      0.00000      0.00000
RU      0.50000      0.49944      0.00056      0.00000     -0.18313      0.18313
RU      0.74779      0.74852     -0.00002     -0.80334     -0.54548     -0.00974
RU      0.73896      0.50367      0.24415     -4.05160      1.33883     -2.16401
RU      0.50000      0.75000      0.25000      0.00000      0.00000      0.00000
RU      0.50000      0.49995      0.49995      0.00000     -0.01632     -0.01632
RU      0.74779      0.75148      0.50002     -0.80334      0.54548      0.00974
RU      0.74779      0.50002      0.75148     -0.80334      0.00974      0.54548
RU      0.50000      0.75000      0.75000      0.00000      0.00000      0.00000
