/* Converted from PWscf output file */ 
#L_UNITS ang 
#E_UNITS eV 
#S_UNITS GPA 
#F_UNITS EV/ANG 
#ALAT 	   7.74253     // a0 
#X 	   1.00000     0.00000     0.00000     // X 
#Y 	   0.00000     1.00420     0.02344     // Y 
#Z 	   0.00000     0.02344     1.00420     // Z 
#SX 	   0.03573     0.00000     0.00000     // SX 
#SY 	   0.00000    -0.00088    -0.00729     // SY 
#SZ 	   0.00000    -0.00729    -0.00088     // SZ 
#EPA 	  -6.49946     // Energy per Atom 
#RCUT 	6.5        // Rcut 
RU      0.00000     -0.04208     -0.04208      0.00000     -0.00786     -0.00786
RU      0.27030      0.25452     -0.00833      0.00711      0.00379     -0.00081
RU      0.27030     -0.00833      0.25452      0.00711     -0.00081      0.00379
RU      0.00000      0.15495      0.15495     -0.00000     -0.00048     -0.00048
RU      0.00000      0.34505      0.34505     -0.00000      0.00048      0.00048
RU      0.00000      0.01376      0.48624      0.00000      0.00001     -0.00001
RU      0.27030      0.24548      0.50833      0.00711     -0.00379      0.00081
RU      0.25268      0.00058      0.74625     -0.00886      0.00195     -0.00853
RU      0.00000      0.25000      0.75000      0.00000      0.00000      0.00000
RU      0.00000      0.48624      0.01376      0.00000     -0.00001      0.00001
RU      0.25268      0.74625      0.00058     -0.00886     -0.00853      0.00195
RU      0.27030      0.50833      0.24548      0.00711      0.00081     -0.00379
RU      0.00000      0.75000      0.25000      0.00000      0.00000      0.00000
RU      0.00000      0.54208      0.54208      0.00000      0.00786      0.00786
RU      0.25268      0.75375      0.49942     -0.00886      0.00853     -0.00195
RU      0.25268      0.49942      0.75375     -0.00886     -0.00195      0.00853
RU      0.00000      0.75000      0.75000      0.00000      0.00000      0.00000
RU      0.50000     -0.00422     -0.00422     -0.00000     -0.00064     -0.00064
RU      0.72970      0.25452     -0.00833     -0.00711      0.00379     -0.00081
RU      0.72970     -0.00833      0.25452     -0.00711     -0.00081      0.00379
RU      0.50000      0.25000      0.25000      0.00000      0.00000      0.00000
RU      0.50000      0.00255      0.49745     -0.00000      0.00828     -0.00828
RU      0.72970      0.24548      0.50833     -0.00711     -0.00379      0.00081
RU      0.74732      0.00058      0.74625      0.00886      0.00195     -0.00853
RU      0.50000      0.25000      0.75000      0.00000      0.00000      0.00000
RU      0.50000      0.49745      0.00255     -0.00000     -0.00828      0.00828
RU      0.74732      0.74625      0.00058      0.00886     -0.00853      0.00195
RU      0.72970      0.50833      0.24548     -0.00711      0.00081     -0.00379
RU      0.50000      0.75000      0.25000      0.00000      0.00000      0.00000
RU      0.50000      0.50422      0.50422     -0.00000      0.00064      0.00064
RU      0.74732      0.75375      0.49942      0.00886      0.00853     -0.00195
RU      0.74732      0.49942      0.75375      0.00886     -0.00195      0.00853
RU      0.50000      0.75000      0.75000      0.00000      0.00000      0.00000
