/* Converted from PWscf output file */ 
#L_UNITS ang 
#E_UNITS eV 
#S_UNITS GPA 
#F_UNITS EV/ANG 
#ALAT 	   7.74589     // a0 
#X 	   1.00000     0.00000     0.00000     // X 
#Y 	   0.00000     1.00430     0.02477     // Y 
#Z 	   0.00000     0.02477     1.00430     // Z 
#SX 	  -0.23232     0.00000     0.00000     // SX 
#SY 	   0.00000    -0.36109    -0.70570     // SY 
#SZ 	   0.00000    -0.70570    -0.36109     // SZ 
#EPA 	  -6.49822     // Energy per Atom 
#RCUT 	6.5        // Rcut 
RU      0.00000     -0.04273     -0.04273      0.00000      0.08707      0.08707
RU      0.26979      0.25576     -0.00819      0.19283     -0.10720     -0.05613
RU      0.26979     -0.00819      0.25576      0.19283     -0.05613     -0.10720
RU      0.00000      0.15467      0.15467     -0.00000      0.04755      0.04755
RU      0.00000      0.34533      0.34533     -0.00000     -0.04755     -0.04755
RU      0.00000      0.01514      0.48486      0.00000     -0.19539      0.19539
RU      0.26979      0.24424      0.50819      0.19283      0.10720      0.05613
RU      0.25251      0.00104      0.74645      0.16700     -0.00279     -0.04587
RU      0.00000      0.25000      0.75000      0.00000      0.00000      0.00000
RU      0.00000      0.48486      0.01514      0.00000      0.19539     -0.19539
RU      0.25251      0.74645      0.00104      0.16700     -0.04587     -0.00279
RU      0.26979      0.50819      0.24424      0.19283      0.05613      0.10720
RU      0.00000      0.75000      0.25000      0.00000      0.00000      0.00000
RU      0.00000      0.54273      0.54273      0.00000     -0.08707     -0.08707
RU      0.25251      0.75355      0.49896      0.16700      0.04587      0.00279
RU      0.25251      0.49896      0.75355      0.16700      0.00279      0.04587
RU      0.00000      0.75000      0.75000      0.00000      0.00000      0.00000
RU      0.50000     -0.00384     -0.00384      0.00000     -0.05990     -0.05990
RU      0.73021      0.25576     -0.00819     -0.19283     -0.10720     -0.05613
RU      0.73021     -0.00819      0.25576     -0.19283     -0.05613     -0.10720
RU      0.50000      0.25000      0.25000      0.00000      0.00000      0.00000
RU      0.50000      0.00247      0.49753      0.00000      0.15658     -0.15658
RU      0.73021      0.24424      0.50819     -0.19283      0.10720      0.05613
RU      0.74749      0.00104      0.74645     -0.16700     -0.00279     -0.04587
RU      0.50000      0.25000      0.75000      0.00000      0.00000      0.00000
RU      0.50000      0.49753      0.00247      0.00000     -0.15658      0.15658
RU      0.74749      0.74645      0.00104     -0.16700     -0.04587     -0.00279
RU      0.73021      0.50819      0.24424     -0.19283      0.05613      0.10720
RU      0.50000      0.75000      0.25000      0.00000      0.00000      0.00000
RU      0.50000      0.50384      0.50384      0.00000      0.05990      0.05990
RU      0.74749      0.75355      0.49896     -0.16700      0.04587      0.00279
RU      0.74749      0.49896      0.75355     -0.16700      0.00279      0.04587
RU      0.50000      0.75000      0.75000      0.00000      0.00000      0.00000
