/* Converted from PWscf output file */ 
#L_UNITS ang 
#E_UNITS eV 
#S_UNITS GPA 
#F_UNITS EV/ANG 
#ALAT 	   7.74850     // a0 
#X 	   1.00000     0.00000     0.00000     // X 
#Y 	   0.00000     1.00312     0.00000     // Y 
#Z 	   0.00000     0.00000     1.00000     // Z 
#SX 	  -0.01779     0.00000     0.00000     // SX 
#SY 	   0.00000    -0.00540     0.00000     // SY 
#SZ 	   0.00000     0.00000    -0.01779     // SZ 
#EPA 	  -6.55358     // Energy per Atom 
#RCUT 	6.5        // Rcut 
RU      0.00000     -0.01017     -0.03308      0.00000     -0.00607      0.00904
RU      0.24884      0.25000      0.00116     -0.01072      0.00000      0.01072
RU      0.28308     -0.01017      0.25000     -0.00904     -0.00607      0.00000
RU      0.00000      0.10634      0.25000      0.00000     -0.02831     -0.00000
RU      0.00000      0.39366      0.25000      0.00000      0.02831     -0.00000
RU      0.00000     -0.01017      0.53308      0.00000     -0.00607     -0.00904
RU      0.24884      0.25000      0.49884     -0.01072      0.00000     -0.01072
RU      0.25037      0.00177      0.75000     -0.01243     -0.01303      0.00000
RU      0.00000      0.25000      0.75000      0.00000      0.00000      0.00000
RU      0.00000      0.51017     -0.03308      0.00000      0.00607      0.00904
RU      0.25265      0.75000     -0.00265      0.00066      0.00000     -0.00066
RU      0.28308      0.51017      0.25000     -0.00904      0.00607      0.00000
RU      0.00000      0.75000      0.25000      0.00000      0.00000      0.00000
RU      0.00000      0.51017      0.53308      0.00000      0.00607     -0.00904
RU      0.25265      0.75000      0.50265      0.00066      0.00000      0.00066
RU      0.25037      0.49823      0.75000     -0.01243      0.01303      0.00000
RU      0.00000      0.75000      0.75000      0.00000      0.00000      0.00000
RU      0.50000      0.00177     -0.00037      0.00000     -0.01303      0.01243
RU      0.75116      0.25000      0.00116      0.01072      0.00000      0.01072
RU      0.71692     -0.01017      0.25000      0.00904     -0.00607      0.00000
RU      0.50000      0.25000      0.25000      0.00000      0.00000      0.00000
RU      0.50000      0.00177      0.50037      0.00000     -0.01303     -0.01243
RU      0.75116      0.25000      0.49884      0.01072      0.00000     -0.01072
RU      0.74963      0.00177      0.75000      0.01243     -0.01303      0.00000
RU      0.50000      0.25000      0.75000      0.00000      0.00000      0.00000
RU      0.50000      0.49823     -0.00037      0.00000      0.01303      0.01243
RU      0.74735      0.75000     -0.00265     -0.00066      0.00000     -0.00066
RU      0.71692      0.51017      0.25000      0.00904      0.00607      0.00000
RU      0.50000      0.75000      0.25000      0.00000      0.00000      0.00000
RU      0.50000      0.49823      0.50037      0.00000      0.01303     -0.01243
RU      0.74735      0.75000      0.50265     -0.00066      0.00000      0.00066
RU      0.74963      0.49823      0.75000      0.01243      0.01303      0.00000
RU      0.50000      0.75000      0.75000      0.00000      0.00000      0.00000
