/* Converted from PWscf output file */ 
#L_UNITS ang 
#E_UNITS eV 
#S_UNITS GPA 
#F_UNITS EV/ANG 
#ALAT 	   7.74772     // a0 
#X 	   1.00000     0.00000     0.00000     // X 
#Y 	   0.00000     1.00351     0.00000     // Y 
#Z 	   0.00000     0.00000     1.00000     // Z 
#SX 	   0.01648     0.00000     0.00000     // SX 
#SY 	   0.00000    -0.09800     0.00000     // SY 
#SZ 	   0.00000     0.00000     0.01648     // SZ 
#EPA 	  -6.55356     // Energy per Atom 
#RCUT 	6.5        // Rcut 
RU      0.00000     -0.01011     -0.03311      0.00000     -0.01831      0.00486
RU      0.24897      0.25000      0.00103     -0.02383      0.00000      0.02383
RU      0.28311     -0.01011      0.25000     -0.00486     -0.01831      0.00000
RU      0.00000      0.10635      0.25000      0.00000      0.01949     -0.00000
RU      0.00000      0.39365      0.25000      0.00000     -0.01949     -0.00000
RU      0.00000     -0.01011      0.53311      0.00000     -0.01831     -0.00486
RU      0.24897      0.25000      0.49897     -0.02383     -0.00000     -0.02383
RU      0.25041      0.00183      0.75000     -0.01188     -0.01919     -0.00000
RU      0.00000      0.25000      0.75000      0.00000      0.00000      0.00000
RU      0.00000      0.51011     -0.03311      0.00000      0.01831      0.00486
RU      0.25263      0.75000     -0.00263      0.00145     -0.00000     -0.00145
RU      0.28311      0.51011      0.25000     -0.00486      0.01831      0.00000
RU      0.00000      0.75000      0.25000      0.00000      0.00000      0.00000
RU      0.00000      0.51011      0.53311      0.00000      0.01831     -0.00486
RU      0.25263      0.75000      0.50263      0.00145      0.00000      0.00145
RU      0.25041      0.49817      0.75000     -0.01188      0.01919      0.00000
RU      0.00000      0.75000      0.75000      0.00000      0.00000      0.00000
RU      0.50000      0.00183     -0.00041      0.00000     -0.01919      0.01188
RU      0.75103      0.25000      0.00103      0.02383     -0.00000      0.02383
RU      0.71689     -0.01011      0.25000      0.00486     -0.01831     -0.00000
RU      0.50000      0.25000      0.25000      0.00000      0.00000      0.00000
RU      0.50000      0.00183      0.50041     -0.00000     -0.01919     -0.01188
RU      0.75103      0.25000      0.49897      0.02383      0.00000     -0.02383
RU      0.74959      0.00183      0.75000      0.01188     -0.01919      0.00000
RU      0.50000      0.25000      0.75000      0.00000      0.00000      0.00000
RU      0.50000      0.49817     -0.00041      0.00000      0.01919      0.01188
RU      0.74737      0.75000     -0.00263     -0.00145      0.00000     -0.00145
RU      0.71689      0.51011      0.25000      0.00486      0.01831      0.00000
RU      0.50000      0.75000      0.25000      0.00000      0.00000      0.00000
RU      0.50000      0.49817      0.50041      0.00000      0.01919     -0.01188
RU      0.74737      0.75000      0.50263     -0.00145     -0.00000      0.00145
RU      0.74959      0.49817      0.75000      0.01188      0.01919      0.00000
RU      0.50000      0.75000      0.75000      0.00000      0.00000      0.00000
