/* Converted from PWscf output file */ 
#L_UNITS ang 
#E_UNITS eV 
#S_UNITS GPA 
#F_UNITS EV/ANG 
#ALAT 	   7.74255     // a0 
#X 	   1.00000     0.00000     0.00000     // X 
#Y 	   0.00000     1.00417     0.02308     // Y 
#Z 	   0.00000     0.02308     1.00417     // Z 
#SX 	   0.04579     0.00000     0.00000     // SX 
#SY 	   0.00000     0.02960     0.10004     // SY 
#SZ 	   0.00000     0.10004     0.02960     // SZ 
#EPA 	  -6.49944     // Energy per Atom 
#RCUT 	6.5        // Rcut 
RU      0.00000     -0.04207     -0.04207     -0.00000     -0.01354     -0.01354
RU      0.27030      0.25463     -0.00832     -0.00677     -0.01270      0.00099
RU      0.27030     -0.00832      0.25463     -0.00677      0.00099     -0.01270
RU      0.00000      0.15491      0.15491      0.00000      0.01467      0.01467
RU      0.00000      0.34509      0.34509      0.00000     -0.01467     -0.01467
RU      0.00000      0.01383      0.48617      0.00000     -0.00929      0.00929
RU      0.27030      0.24537      0.50832     -0.00677      0.01270     -0.00099
RU      0.25279      0.00061      0.74630     -0.02549     -0.00643     -0.00515
RU      0.00000      0.25000      0.75000      0.00000      0.00000      0.00000
RU      0.00000      0.48617      0.01383      0.00000      0.00929     -0.00929
RU      0.25279      0.74630      0.00061     -0.02549     -0.00515     -0.00643
RU      0.27030      0.50832      0.24537     -0.00677     -0.00099      0.01270
RU      0.00000      0.75000      0.25000      0.00000      0.00000      0.00000
RU      0.00000      0.54207      0.54207     -0.00000      0.01354      0.01354
RU      0.25279      0.75370      0.49939     -0.02549      0.00515      0.00643
RU      0.25279      0.49939      0.75370     -0.02549      0.00643      0.00515
RU      0.00000      0.75000      0.75000      0.00000      0.00000      0.00000
RU      0.50000     -0.00418     -0.00418      0.00000     -0.00410     -0.00410
RU      0.72970      0.25463     -0.00832      0.00677     -0.01270      0.00099
RU      0.72970     -0.00832      0.25463      0.00677      0.00099     -0.01270
RU      0.50000      0.25000      0.25000      0.00000      0.00000      0.00000
RU      0.50000      0.00253      0.49747      0.00000     -0.00129      0.00129
RU      0.72970      0.24537      0.50832      0.00677      0.01270     -0.00099
RU      0.74721      0.00061      0.74630      0.02549     -0.00643     -0.00515
RU      0.50000      0.25000      0.75000      0.00000      0.00000      0.00000
RU      0.50000      0.49747      0.00253      0.00000      0.00129     -0.00129
RU      0.74721      0.74630      0.00061      0.02549     -0.00515     -0.00643
RU      0.72970      0.50832      0.24537      0.00677     -0.00099      0.01270
RU      0.50000      0.75000      0.25000      0.00000      0.00000      0.00000
RU      0.50000      0.50418      0.50418      0.00000      0.00410      0.00410
RU      0.74721      0.75370      0.49939      0.02549      0.00515      0.00643
RU      0.74721      0.49939      0.75370      0.02549      0.00643      0.00515
RU      0.50000      0.75000      0.75000      0.00000      0.00000      0.00000
