/* Converted from PWscf output file */ 
#L_UNITS ang 
#E_UNITS eV 
#S_UNITS GPA 
#F_UNITS EV/ANG 
#ALAT 	   7.74208     // a0 
#X 	   1.00000     0.00000     0.00000     // X 
#Y 	   0.00000     1.00427     0.02328     // Y 
#Z 	   0.00000     0.02328     1.00427     // Z 
#SX 	   0.04973     0.00000     0.00000     // SX 
#SY 	   0.00000     0.00263     0.04156     // SY 
#SZ 	   0.00000     0.04156     0.00263     // SZ 
#EPA 	  -6.49945     // Energy per Atom 
#RCUT 	6.5        // Rcut 
RU      0.00000     -0.04208     -0.04208      0.00000     -0.01700     -0.01700
RU      0.27030      0.25452     -0.00833      0.00263     -0.00118     -0.00138
RU      0.27030     -0.00833      0.25452      0.00263     -0.00138     -0.00118
RU      0.00000      0.15495      0.15495      0.00000      0.00983      0.00983
RU      0.00000      0.34505      0.34505      0.00000     -0.00983     -0.00983
RU      0.00000      0.01376      0.48624     -0.00000     -0.00418      0.00418
RU      0.27030      0.24548      0.50833      0.00263      0.00118      0.00138
RU      0.25268      0.00058      0.74625     -0.01833     -0.00053     -0.00837
RU      0.00000      0.25000      0.75000      0.00000      0.00000      0.00000
RU      0.00000      0.48624      0.01376     -0.00000      0.00418     -0.00418
RU      0.25268      0.74625      0.00058     -0.01833     -0.00837     -0.00053
RU      0.27030      0.50833      0.24548      0.00263      0.00138      0.00118
RU      0.00000      0.75000      0.25000      0.00000      0.00000      0.00000
RU      0.00000      0.54208      0.54208      0.00000      0.01700      0.01700
RU      0.25268      0.75375      0.49942     -0.01833      0.00837      0.00053
RU      0.25268      0.49942      0.75375     -0.01833      0.00053      0.00837
RU      0.00000      0.75000      0.75000      0.00000      0.00000      0.00000
RU      0.50000     -0.00422     -0.00422      0.00000     -0.00280     -0.00280
RU      0.72970      0.25452     -0.00833     -0.00263     -0.00118     -0.00138
RU      0.72970     -0.00833      0.25452     -0.00263     -0.00138     -0.00118
RU      0.50000      0.25000      0.25000      0.00000      0.00000      0.00000
RU      0.50000      0.00255      0.49745     -0.00000      0.00800     -0.00800
RU      0.72970      0.24548      0.50833     -0.00263      0.00118      0.00138
RU      0.74732      0.00058      0.74625      0.01833     -0.00053     -0.00837
RU      0.50000      0.25000      0.75000      0.00000      0.00000      0.00000
RU      0.50000      0.49745      0.00255     -0.00000     -0.00800      0.00800
RU      0.74732      0.74625      0.00058      0.01833     -0.00837     -0.00053
RU      0.72970      0.50833      0.24548     -0.00263      0.00138      0.00118
RU      0.50000      0.75000      0.25000      0.00000      0.00000      0.00000
RU      0.50000      0.50422      0.50422      0.00000      0.00280      0.00280
RU      0.74732      0.75375      0.49942      0.01833      0.00837      0.00053
RU      0.74732      0.49942      0.75375      0.01833      0.00053      0.00837
RU      0.50000      0.75000      0.75000      0.00000      0.00000      0.00000
