/* Converted from PWscf output file */ 
#L_UNITS ang 
#E_UNITS eV 
#S_UNITS GPA 
#F_UNITS EV/ANG 
#ALAT 	   7.71870     // a0 
#X 	   1.00000     0.00000     0.00000     // X 
#Y 	   0.00000     1.00798     0.01755     // Y 
#Z 	   0.00000     0.01755     1.00798     // Z 
#SX 	   1.15415     0.00000     0.00000     // SX 
#SY 	   0.00000     1.42190     2.57765     // SY 
#SZ 	   0.00000     2.57765     1.42190     // SZ 
#EPA 	  -6.48427     // Energy per Atom 
#RCUT 	6.5        // Rcut 
RU      0.00000     -0.03802     -0.03802     -0.00000     -1.69729     -1.69729
RU      0.27171      0.25968     -0.00746     -0.44209     -0.21273      0.01246
RU      0.27171     -0.00746      0.25968     -0.44209      0.01246     -0.21273
RU      0.00000      0.15436      0.15436      0.00000      0.90146      0.90146
RU      0.00000      0.34564      0.34564      0.00000     -0.90146     -0.90146
RU      0.00000      0.01892      0.48108     -0.00000     -0.31178      0.31178
RU      0.27171      0.24032      0.50746     -0.44209      0.21273     -0.01246
RU      0.24877     -0.00138      0.74838      0.18170      0.23674     -0.13304
RU      0.00000      0.25000      0.75000      0.00000      0.00000      0.00000
RU      0.00000      0.48108      0.01892     -0.00000      0.31178     -0.31178
RU      0.24877      0.74838     -0.00138      0.18170     -0.13304      0.23674
RU      0.27171      0.50746      0.24032     -0.44209     -0.01246      0.21273
RU      0.00000      0.75000      0.25000      0.00000      0.00000      0.00000
RU      0.00000      0.53802      0.53802     -0.00000      1.69729      1.69729
RU      0.24877      0.75162      0.50138      0.18170      0.13304     -0.23674
RU      0.24877      0.50138      0.75162      0.18170     -0.23674      0.13304
RU      0.00000      0.75000      0.75000      0.00000      0.00000      0.00000
RU      0.50000     -0.00109     -0.00109      0.00000     -0.16353     -0.16353
RU      0.72829      0.25968     -0.00746      0.44209     -0.21273      0.01246
RU      0.72829     -0.00746      0.25968      0.44209      0.01246     -0.21273
RU      0.50000      0.25000      0.25000      0.00000      0.00000      0.00000
RU      0.50000     -0.00556      0.50556      0.00000      0.60462     -0.60462
RU      0.72829      0.24032      0.50746      0.44209      0.21273     -0.01246
RU      0.75123     -0.00138      0.74838     -0.18170      0.23674     -0.13304
RU      0.50000      0.25000      0.75000      0.00000      0.00000      0.00000
RU      0.50000      0.50556     -0.00556      0.00000     -0.60462      0.60462
RU      0.75123      0.74838     -0.00138     -0.18170     -0.13304      0.23674
RU      0.72829      0.50746      0.24032      0.44209     -0.01246      0.21273
RU      0.50000      0.75000      0.25000      0.00000      0.00000      0.00000
RU      0.50000      0.50109      0.50109      0.00000      0.16353      0.16353
RU      0.75123      0.75162      0.50138     -0.18170      0.13304     -0.23674
RU      0.75123      0.50138      0.75162     -0.18170     -0.23674      0.13304
RU      0.50000      0.75000      0.75000      0.00000      0.00000      0.00000
