/* Converted from PWscf output file */ 
#L_UNITS ang 
#E_UNITS eV 
#S_UNITS GPA 
#F_UNITS EV/ANG 
#ALAT 	   7.79484     // a0 
#X 	   1.00000     0.00000     0.00000     // X 
#Y 	   0.00000     0.99656     0.02821     // Y 
#Z 	   0.00000     0.02821     0.99656     // Z 
#SX 	   0.75543     0.00000     0.00000     // SX 
#SY 	   0.00000     9.01777     2.59471     // SY 
#SZ 	   0.00000     2.59471     9.01777     // SZ 
#EPA 	  -6.31747     // Energy per Atom 
#RCUT 	6.5        // Rcut 
RU      0.00000     -0.03005     -0.03005      0.00000    -11.35909    -11.35909
RU      0.28389      0.26563     -0.01032     -1.62783     -0.95255      0.60679
RU      0.28389     -0.01032      0.26563     -1.62783      0.60679     -0.95255
RU      0.00000      0.13997      0.13997     -0.00000     11.62422     11.62422
RU      0.00000      0.36003      0.36003      0.00000    -11.62422    -11.62422
RU      0.00000      0.00818      0.49182      0.00000      0.49355     -0.49355
RU      0.28389      0.23437      0.51032     -1.62783      0.95255     -0.60679
RU      0.25340     -0.00154      0.74673     -0.49217     -0.18174      0.34964
RU      0.00000      0.25000      0.75000      0.00000      0.00000      0.00000
RU      0.00000      0.49182      0.00818      0.00000     -0.49355      0.49355
RU      0.25340      0.74673     -0.00154     -0.49217      0.34964     -0.18174
RU      0.28389      0.51032      0.23437     -1.62783     -0.60679      0.95255
RU      0.00000      0.75000      0.25000      0.00000      0.00000      0.00000
RU      0.00000      0.53005      0.53005      0.00000     11.35909     11.35909
RU      0.25340      0.75327      0.50154     -0.49217     -0.34964      0.18174
RU      0.25340      0.50154      0.75327     -0.49217      0.18174     -0.34964
RU      0.00000      0.75000      0.75000      0.00000      0.00000      0.00000
RU      0.50000      0.00090      0.00090      0.00000     -0.03637     -0.03637
RU      0.71611      0.26563     -0.01032      1.62783     -0.95255      0.60679
RU      0.71611     -0.01032      0.26563      1.62783      0.60679     -0.95255
RU      0.50000      0.25000      0.25000      0.00000      0.00000      0.00000
RU      0.50000     -0.00159      0.50159      0.00000     -0.69413      0.69413
RU      0.71611      0.23437      0.51032      1.62783      0.95255     -0.60679
RU      0.74660     -0.00154      0.74673      0.49217     -0.18174      0.34964
RU      0.50000      0.25000      0.75000      0.00000      0.00000      0.00000
RU      0.50000      0.50159     -0.00159      0.00000      0.69413     -0.69413
RU      0.74660      0.74673     -0.00154      0.49217      0.34964     -0.18174
RU      0.71611      0.51032      0.23437      1.62783     -0.60679      0.95255
RU      0.50000      0.75000      0.25000      0.00000      0.00000      0.00000
RU      0.50000      0.49910      0.49910      0.00000      0.03637      0.03637
RU      0.74660      0.75327      0.50154      0.49217     -0.34964      0.18174
RU      0.74660      0.50154      0.75327      0.49217      0.18174     -0.34964
RU      0.50000      0.75000      0.75000      0.00000      0.00000      0.00000
