/* Converted from PWscf output file */ 
#L_UNITS ang 
#E_UNITS eV 
#S_UNITS GPA 
#F_UNITS EV/ANG 
#ALAT 	   7.75031     // a0 
#X 	   1.00000     0.00000     0.00000     // X 
#Y 	   0.00000     1.00309     0.02400     // Y 
#Z 	   0.00000     0.02400     1.00309     // Z 
#SX 	  -0.24996     0.00000     0.00000     // SX 
#SY 	   0.00000    -0.06431    -0.40644     // SY 
#SZ 	   0.00000    -0.40644    -0.06431     // SZ 
#EPA 	  -6.49917     // Energy per Atom 
#RCUT 	6.5        // Rcut 
RU      0.00000     -0.04253     -0.04253      0.00000      0.15108      0.15108
RU      0.27020      0.25535     -0.00832      0.07422     -0.08807     -0.01126
RU      0.27020     -0.00832      0.25535      0.07422     -0.01126     -0.08807
RU      0.00000      0.15471      0.15471     -0.00000     -0.03128     -0.03128
RU      0.00000      0.34529      0.34529     -0.00000      0.03128      0.03128
RU      0.00000      0.01446      0.48554     -0.00000     -0.08415      0.08415
RU      0.27020      0.24465      0.50832      0.07422      0.08807      0.01126
RU      0.25293      0.00097      0.74633      0.04438     -0.04186     -0.00178
RU      0.00000      0.25000      0.75000      0.00000      0.00000      0.00000
RU      0.00000      0.48554      0.01446     -0.00000      0.08415     -0.08415
RU      0.25293      0.74633      0.00097      0.04438     -0.00178     -0.04186
RU      0.27020      0.50832      0.24465      0.07422      0.01126      0.08807
RU      0.00000      0.75000      0.25000      0.00000      0.00000      0.00000
RU      0.00000      0.54253      0.54253      0.00000     -0.15108     -0.15108
RU      0.25293      0.75367      0.49903      0.04438      0.00178      0.04186
RU      0.25293      0.49903      0.75367      0.04438      0.04186      0.00178
RU      0.00000      0.75000      0.75000      0.00000      0.00000      0.00000
RU      0.50000     -0.00402     -0.00402      0.00000     -0.02366     -0.02366
RU      0.72980      0.25535     -0.00832     -0.07422     -0.08807     -0.01126
RU      0.72980     -0.00832      0.25535     -0.07422     -0.01126     -0.08807
RU      0.50000      0.25000      0.25000      0.00000      0.00000      0.00000
RU      0.50000      0.00279      0.49721      0.00000     -0.02044      0.02044
RU      0.72980      0.24465      0.50832     -0.07422      0.08807      0.01126
RU      0.74707      0.00097      0.74633     -0.04438     -0.04186     -0.00178
RU      0.50000      0.25000      0.75000      0.00000      0.00000      0.00000
RU      0.50000      0.49721      0.00279      0.00000      0.02044     -0.02044
RU      0.74707      0.74633      0.00097     -0.04438     -0.00178     -0.04186
RU      0.72980      0.50832      0.24465     -0.07422      0.01126      0.08807
RU      0.50000      0.75000      0.25000      0.00000      0.00000      0.00000
RU      0.50000      0.50402      0.50402      0.00000      0.02366      0.02366
RU      0.74707      0.75367      0.49903     -0.04438      0.00178      0.04186
RU      0.74707      0.49903      0.75367     -0.04438      0.04186      0.00178
RU      0.50000      0.75000      0.75000      0.00000      0.00000      0.00000
