/* Converted from PWscf output file */ 
#L_UNITS ang 
#E_UNITS eV 
#S_UNITS GPA 
#F_UNITS EV/ANG 
#ALAT 	   7.73476     // a0 
#X 	   1.00000     0.00000     0.00000     // X 
#Y 	   0.00000     1.00606     0.01784     // Y 
#Z 	   0.00000     0.01784     1.00606     // Z 
#SX 	   1.17413     0.00000     0.00000     // SX 
#SY 	   0.00000     2.74580     3.04593     // SY 
#SZ 	   0.00000     3.04593     2.74580     // SZ 
#EPA 	  -6.45215     // Energy per Atom 
#RCUT 	6.5        // Rcut 
RU      0.00000     -0.03569     -0.03569      0.00000     -4.04468     -4.04468
RU      0.27459      0.26112     -0.00784     -1.25750     -0.45032      0.28805
RU      0.27459     -0.00784      0.26112     -1.25750      0.28805     -0.45032
RU      0.00000      0.15366      0.15366     -0.00000      3.98769      3.98769
RU      0.00000      0.34634      0.34634     -0.00000     -3.98769     -3.98769
RU      0.00000      0.01834      0.48166      0.00000      0.12112     -0.12112
RU      0.27459      0.23888      0.50784     -1.25750      0.45032     -0.28805
RU      0.24883     -0.00214      0.74858     -0.14702      0.17111      0.04492
RU      0.00000      0.25000      0.75000      0.00000      0.00000      0.00000
RU      0.00000      0.48166      0.01834      0.00000     -0.12112      0.12112
RU      0.24883      0.74858     -0.00214     -0.14702      0.04492      0.17111
RU      0.27459      0.50784      0.23888     -1.25750     -0.28805      0.45032
RU      0.00000      0.75000      0.25000      0.00000      0.00000      0.00000
RU      0.00000      0.53569      0.53569      0.00000      4.04468      4.04468
RU      0.24883      0.75142      0.50214     -0.14702     -0.04492     -0.17111
RU      0.24883      0.50214      0.75142     -0.14702     -0.17111     -0.04492
RU      0.00000      0.75000      0.75000      0.00000      0.00000      0.00000
RU      0.50000     -0.00030     -0.00030      0.00000     -0.15371     -0.15371
RU      0.72541      0.26112     -0.00784      1.25750     -0.45032      0.28805
RU      0.72541     -0.00784      0.26112      1.25750      0.28805     -0.45032
RU      0.50000      0.25000      0.25000      0.00000      0.00000      0.00000
RU      0.50000     -0.00693      0.50693      0.00000      0.18963     -0.18963
RU      0.72541      0.23888      0.50784      1.25750      0.45032     -0.28805
RU      0.75117     -0.00214      0.74858      0.14702      0.17111      0.04492
RU      0.50000      0.25000      0.75000      0.00000      0.00000      0.00000
RU      0.50000      0.50693     -0.00693     -0.00000     -0.18963      0.18963
RU      0.75117      0.74858     -0.00214      0.14702      0.04492      0.17111
RU      0.72541      0.50784      0.23888      1.25750     -0.28805      0.45032
RU      0.50000      0.75000      0.25000      0.00000      0.00000      0.00000
RU      0.50000      0.50030      0.50030      0.00000      0.15371      0.15371
RU      0.75117      0.75142      0.50214      0.14702     -0.04492     -0.17111
RU      0.75117      0.50214      0.75142      0.14702     -0.17111     -0.04492
RU      0.50000      0.75000      0.75000      0.00000      0.00000      0.00000
