/* Converted from PWscf output file */ 
#L_UNITS ang 
#E_UNITS eV 
#S_UNITS GPA 
#F_UNITS EV/ANG 
#ALAT 	   7.76440     // a0 
#X 	   1.00000     0.00000     0.00000     // X 
#Y 	   0.00000     1.00136     0.02318     // Y 
#Z 	   0.00000     0.02318     1.00136     // Z 
#SX 	   1.44786     0.00000     0.00000     // SX 
#SY 	   0.00000     6.23186     2.63380     // SY 
#SZ 	   0.00000     2.63380     6.23186     // SZ 
#EPA 	  -6.38110     // Energy per Atom 
#RCUT 	6.5        // Rcut 
RU      0.00000     -0.03278     -0.03278      0.00000     -7.72492     -7.72492
RU      0.28031      0.26356     -0.00917     -1.83809     -0.84882      0.56196
RU      0.28031     -0.00917      0.26356     -1.83809      0.56196     -0.84882
RU      0.00000      0.14730      0.14730      0.00000      7.97419      7.97419
RU      0.00000      0.35270      0.35270      0.00000     -7.97419     -7.97419
RU      0.00000      0.01353      0.48647      0.00000      0.39386     -0.39386
RU      0.28031      0.23644      0.50917     -1.83809      0.84882     -0.56196
RU      0.25094     -0.00232      0.74784     -0.43116     -0.02890      0.25826
RU      0.00000      0.25000      0.75000      0.00000      0.00000      0.00000
RU      0.00000      0.48647      0.01353      0.00000     -0.39386      0.39386
RU      0.25094      0.74784     -0.00232     -0.43116      0.25826     -0.02890
RU      0.28031      0.50917      0.23644     -1.83809     -0.56196      0.84882
RU      0.00000      0.75000      0.25000      0.00000      0.00000      0.00000
RU      0.00000      0.53278      0.53278      0.00000      7.72492      7.72492
RU      0.25094      0.75216      0.50232     -0.43116     -0.25826      0.02890
RU      0.25094      0.50232      0.75216     -0.43116      0.02890     -0.25826
RU      0.00000      0.75000      0.75000      0.00000      0.00000      0.00000
RU      0.50000      0.00056      0.00056      0.00000     -0.10905     -0.10905
RU      0.71969      0.26356     -0.00917      1.83809     -0.84882      0.56196
RU      0.71969     -0.00917      0.26356      1.83809      0.56196     -0.84882
RU      0.50000      0.25000      0.25000      0.00000      0.00000      0.00000
RU      0.50000     -0.00535      0.50535      0.00000     -0.45682      0.45682
RU      0.71969      0.23644      0.50917      1.83809      0.84882     -0.56196
RU      0.74906     -0.00232      0.74784      0.43116     -0.02890      0.25826
RU      0.50000      0.25000      0.75000      0.00000      0.00000      0.00000
RU      0.50000      0.50535     -0.00535      0.00000      0.45682     -0.45682
RU      0.74906      0.74784     -0.00232      0.43116      0.25826     -0.02890
RU      0.71969      0.50917      0.23644      1.83809     -0.56196      0.84882
RU      0.50000      0.75000      0.25000      0.00000      0.00000      0.00000
RU      0.50000      0.49944      0.49944      0.00000      0.10905      0.10905
RU      0.74906      0.75216      0.50232      0.43116     -0.25826      0.02890
RU      0.74906      0.50232      0.75216      0.43116      0.02890     -0.25826
RU      0.50000      0.75000      0.75000      0.00000      0.00000      0.00000
