/* Converted from PWscf output file */ 
#L_UNITS ang 
#E_UNITS eV 
#S_UNITS GPA 
#F_UNITS EV/ANG 
#ALAT 	   7.76856     // a0 
#X 	   1.00000     0.00129     0.00129     // X 
#Y 	   0.00129     1.00000     0.00129     // Y 
#Z 	   0.00129     0.00129     1.00000     // Z 
#SX 	  -0.01138     0.00423     0.00423     // SX 
#SY 	   0.00423    -0.01138     0.00423     // SY 
#SZ 	   0.00423     0.00423    -0.01138     // SZ 
#EPA 	  -6.49375     // Energy per Atom 
#RCUT 	6.5        // Rcut 
RU      0.08269      0.08269      0.08269     -0.03026     -0.03026     -0.03026
RU      0.91731      0.91731      0.91731      0.03026      0.03026      0.03026
RU      0.27732      0.27732     -0.02114     -0.03087     -0.03087     -0.03130
RU      0.27732     -0.02114      0.27732     -0.03087     -0.03130     -0.03087
RU     -0.02114      0.27732      0.27732     -0.03130     -0.03087     -0.03087
RU      0.00000      0.00000      0.50000     -0.00000      0.00000     -0.00000
RU      0.24978      0.24978      0.49426      0.01408      0.01408      0.00359
RU      0.25060      0.00000      0.74940     -0.01057      0.00000      0.01057
RU      0.00000      0.25060      0.74940      0.00000     -0.01057      0.01057
RU      0.00000      0.50000      0.00000      0.00000     -0.00000      0.00000
RU      0.25060      0.74940      0.00000     -0.01057      0.01057     -0.00000
RU      0.24978      0.49426      0.24978      0.01408      0.00359      0.01408
RU      0.00000      0.74940      0.25060     -0.00000      0.01057     -0.01057
RU      0.00000      0.50000      0.50000      0.00000      0.00000      0.00000
RU      0.25309      0.74691      0.50000      0.00932     -0.00932      0.00000
RU      0.25309      0.50000      0.74691      0.00932     -0.00000     -0.00932
RU      0.02114      0.72268      0.72268      0.03130      0.03087      0.03087
RU      0.50000      0.00000      0.00000      0.00000     -0.00000      0.00000
RU      0.74940      0.25060      0.00000      0.01057     -0.01057      0.00000
RU      0.74940      0.00000      0.25060      0.01057     -0.00000     -0.01057
RU      0.49426      0.24978      0.24978      0.00359      0.01408      0.01408
RU      0.50000      0.00000      0.50000      0.00000      0.00000     -0.00000
RU      0.74691      0.25309      0.50000     -0.00932      0.00932     -0.00000
RU      0.72268      0.02114      0.72268      0.03087      0.03130      0.03087
RU      0.50000      0.25309      0.74691     -0.00000      0.00932     -0.00932
RU      0.50000      0.50000      0.00000     -0.00000      0.00000     -0.00000
RU      0.72268      0.72268      0.02114      0.03087      0.03087      0.03130
RU      0.74691      0.50000      0.25309     -0.00932      0.00000      0.00932
RU      0.50000      0.74691      0.25309      0.00000     -0.00932      0.00932
RU      0.50000      0.50000      0.50000     -0.00000      0.00000      0.00000
RU      0.75022      0.75022      0.50574     -0.01408     -0.01408     -0.00359
RU      0.75022      0.50574      0.75022     -0.01408     -0.00359     -0.01408
RU      0.50574      0.75022      0.75022     -0.00359     -0.01408     -0.01408
