/* Converted from PWscf output file */ 
#L_UNITS ang 
#E_UNITS eV 
#S_UNITS GPA 
#F_UNITS EV/ANG 
#ALAT 	   7.90068     // a0 
#X 	   1.00000     0.00000     0.00000     // X 
#Y 	   0.00000     0.99889     0.01715     // Y 
#Z 	   0.00000     0.01715     0.99889     // Z 
#SX 	  -9.58915     0.00000     0.00000     // SX 
#SY 	   0.00000     2.90447    14.53095     // SY 
#SZ 	   0.00000    14.53095     2.90447     // SZ 
#EPA 	  -6.06532     // Energy per Atom 
#RCUT 	6.5        // Rcut 
RU      0.00000     -0.02519     -0.02519     -0.00000    -24.10813    -24.10813
RU      0.27210      0.26134     -0.00724      1.77508      0.86448     -0.55645
RU      0.27210     -0.00724      0.26134      1.77508     -0.55645      0.86448
RU      0.00000      0.12909      0.12909      0.00000     24.19813     24.19813
RU      0.00000      0.37091      0.37091      0.00000    -24.19813    -24.19813
RU      0.00000      0.00175      0.49825     -0.00000      0.23355     -0.23355
RU      0.27210      0.23866      0.50724      1.77508     -0.86448      0.55645
RU      0.25388     -0.00008      0.74708      0.18863     -0.01861     -0.23252
RU      0.00000      0.25000      0.75000      0.00000      0.00000      0.00000
RU      0.00000      0.49825      0.00175     -0.00000     -0.23355      0.23355
RU      0.25388      0.74708     -0.00008      0.18863     -0.23252     -0.01861
RU      0.27210      0.50724      0.23866      1.77508      0.55645     -0.86448
RU      0.00000      0.75000      0.25000      0.00000      0.00000      0.00000
RU      0.00000      0.52519      0.52519      0.00000     24.10813     24.10813
RU      0.25388      0.75292      0.50008      0.18863      0.23252      0.01861
RU      0.25388      0.50008      0.75292      0.18863      0.01861      0.23252
RU      0.00000      0.75000      0.75000      0.00000      0.00000      0.00000
RU      0.50000      0.00026      0.00026     -0.00000      0.05757      0.05757
RU      0.72790      0.26134     -0.00724     -1.77508      0.86448     -0.55645
RU      0.72790     -0.00724      0.26134     -1.77508     -0.55645      0.86448
RU      0.50000      0.25000      0.25000      0.00000      0.00000      0.00000
RU      0.50000      0.00122      0.49878      0.00000      0.09629     -0.09629
RU      0.72790      0.23866      0.50724     -1.77508     -0.86448      0.55645
RU      0.74612     -0.00008      0.74708     -0.18863     -0.01861     -0.23252
RU      0.50000      0.25000      0.75000      0.00000      0.00000      0.00000
RU      0.50000      0.49878      0.00122      0.00000     -0.09629      0.09629
RU      0.74612      0.74708     -0.00008     -0.18863     -0.23252     -0.01861
RU      0.72790      0.50724      0.23866     -1.77508      0.55645     -0.86448
RU      0.50000      0.75000      0.25000      0.00000      0.00000      0.00000
RU      0.50000      0.49974      0.49974     -0.00000     -0.05757     -0.05757
RU      0.74612      0.75292      0.50008     -0.18863      0.23252      0.01861
RU      0.74612      0.50008      0.75292     -0.18863      0.01861      0.23252
RU      0.50000      0.75000      0.75000      0.00000      0.00000      0.00000
