/* Converted from PWscf output file */ 
#L_UNITS ang 
#E_UNITS eV 
#S_UNITS GPA 
#F_UNITS EV/ANG 
#ALAT 	   7.76832     // a0 
#X 	   1.00000     0.00118     0.00118     // X 
#Y 	   0.00118     1.00000     0.00118     // Y 
#Z 	   0.00118     0.00118     1.00000     // Z 
#SX 	   0.00919    -0.00977    -0.00977     // SX 
#SY 	  -0.00977     0.00919    -0.00977     // SY 
#SZ 	  -0.00977    -0.00977     0.00919     // SZ 
#EPA 	  -6.49377     // Energy per Atom 
#RCUT 	6.5        // Rcut 
RU      0.08262      0.08262      0.08262     -0.00988     -0.00988     -0.00988
RU      0.91738      0.91738      0.91738      0.00988      0.00988      0.00988
RU      0.27724      0.27724     -0.02129      0.01241      0.01241     -0.01290
RU      0.27724     -0.02129      0.27724      0.01241     -0.01290      0.01241
RU     -0.02129      0.27724      0.27724     -0.01290      0.01241      0.01241
RU      0.00000      0.00000      0.50000     -0.00000      0.00000     -0.00000
RU      0.24984      0.24984      0.49422      0.00425      0.00425      0.00824
RU      0.25054      0.00000      0.74946      0.00473     -0.00000     -0.00473
RU      0.00000      0.25054      0.74946     -0.00000      0.00473     -0.00473
RU      0.00000      0.50000      0.00000     -0.00000     -0.00000      0.00000
RU      0.25054      0.74946      0.00000      0.00473     -0.00473      0.00000
RU      0.24984      0.49422      0.24984      0.00425      0.00824      0.00425
RU      0.00000      0.74946      0.25054      0.00000     -0.00473      0.00473
RU      0.00000      0.50000      0.50000      0.00000     -0.00000      0.00000
RU      0.25314      0.74686      0.50000      0.00473     -0.00473      0.00000
RU      0.25314      0.50000      0.74686      0.00473     -0.00000     -0.00473
RU      0.02129      0.72276      0.72276      0.01290     -0.01241     -0.01241
RU      0.50000      0.00000      0.00000     -0.00000     -0.00000      0.00000
RU      0.74946      0.25054      0.00000     -0.00473      0.00473     -0.00000
RU      0.74946      0.00000      0.25054     -0.00473      0.00000      0.00473
RU      0.49422      0.24984      0.24984      0.00824      0.00425      0.00425
RU      0.50000      0.00000      0.50000     -0.00000      0.00000      0.00000
RU      0.74686      0.25314      0.50000     -0.00473      0.00473     -0.00000
RU      0.72276      0.02129      0.72276     -0.01241      0.01290     -0.01241
RU      0.50000      0.25314      0.74686     -0.00000      0.00473     -0.00473
RU      0.50000      0.50000      0.00000      0.00000     -0.00000     -0.00000
RU      0.72276      0.72276      0.02129     -0.01241     -0.01241      0.01290
RU      0.74686      0.50000      0.25314     -0.00473      0.00000      0.00473
RU      0.50000      0.74686      0.25314      0.00000     -0.00473      0.00473
RU      0.50000      0.50000      0.50000     -0.00000      0.00000     -0.00000
RU      0.75016      0.75016      0.50578     -0.00425     -0.00425     -0.00824
RU      0.75016      0.50578      0.75016     -0.00425     -0.00824     -0.00425
RU      0.50578      0.75016      0.75016     -0.00824     -0.00425     -0.00425
