/* Converted from PWscf output file */ 
#L_UNITS ang 
#E_UNITS eV 
#S_UNITS GPA 
#F_UNITS EV/ANG 
#ALAT 	   7.96649     // a0 
#X 	   1.00000     0.00000     0.00000     // X 
#Y 	   0.00000     0.98639     0.00000     // Y 
#Z 	   0.00000     0.00000     1.00000     // Z 
#SX 	  31.39339     0.00000     0.00000     // SX 
#SY 	   0.00000    21.62894     0.00000     // SY 
#SZ 	   0.00000     0.00000    31.39339     // SZ 
#EPA 	  -6.17144     // Energy per Atom 
#RCUT 	6.5        // Rcut 
RU      0.00000     -0.00853     -0.02468      0.00000     -3.71592    -10.75057
RU      0.25077      0.25000     -0.00077      0.33486      0.00000     -0.33486
RU      0.27468     -0.00853      0.25000     10.75057     -3.71592      0.00000
RU      0.00000      0.12777      0.25000      0.00000     12.09632      0.00000
RU      0.00000      0.37223      0.25000     -0.00000    -12.09632      0.00000
RU      0.00000     -0.00853      0.52468      0.00000     -3.71592     10.75057
RU      0.25077      0.25000      0.50077      0.33486      0.00000      0.33486
RU      0.24984     -0.00020      0.75000     -0.07134     -0.08605      0.00000
RU      0.00000      0.25000      0.75000      0.00000      0.00000      0.00000
RU      0.00000      0.50853     -0.02468      0.00000      3.71592    -10.75057
RU      0.25118      0.75000     -0.00118      0.51410      0.00000     -0.51410
RU      0.27468      0.50853      0.25000     10.75057      3.71592     -0.00000
RU      0.00000      0.75000      0.25000      0.00000      0.00000      0.00000
RU      0.00000      0.50853      0.52468      0.00000      3.71592     10.75057
RU      0.25118      0.75000      0.50118      0.51410      0.00000      0.51410
RU      0.24984      0.50020      0.75000     -0.07134      0.08605      0.00000
RU      0.00000      0.75000      0.75000      0.00000      0.00000      0.00000
RU      0.50000     -0.00020      0.00016      0.00000     -0.08605      0.07134
RU      0.74923      0.25000     -0.00077     -0.33486      0.00000     -0.33486
RU      0.72532     -0.00853      0.25000    -10.75057     -3.71592     -0.00000
RU      0.50000      0.25000      0.25000      0.00000      0.00000      0.00000
RU      0.50000     -0.00020      0.49984     -0.00000     -0.08605     -0.07134
RU      0.74923      0.25000      0.50077     -0.33486      0.00000      0.33486
RU      0.75016     -0.00020      0.75000      0.07134     -0.08605      0.00000
RU      0.50000      0.25000      0.75000      0.00000      0.00000      0.00000
RU      0.50000      0.50020      0.00016      0.00000      0.08605      0.07134
RU      0.74882      0.75000     -0.00118     -0.51410      0.00000     -0.51410
RU      0.72532      0.50853      0.25000    -10.75057      3.71592      0.00000
RU      0.50000      0.75000      0.25000      0.00000      0.00000      0.00000
RU      0.50000      0.50020      0.49984      0.00000      0.08605     -0.07134
RU      0.74882      0.75000      0.50118     -0.51410      0.00000      0.51410
RU      0.75016      0.50020      0.75000      0.07134      0.08605      0.00000
RU      0.50000      0.75000      0.75000      0.00000      0.00000      0.00000
