/* Converted from PWscf output file */ 
#L_UNITS ang 
#E_UNITS eV 
#S_UNITS GPA 
#F_UNITS EV/ANG 
#ALAT 	   7.61797     // a0 
#X 	   1.00000     0.00000     0.00000     // X 
#Y 	   0.00000     1.00000     0.00000     // Y 
#Z 	   0.00000     0.00000     1.00000     // Z 
#SX 	  17.95810     0.00000     0.00000     // SX 
#SY 	   0.00000   108.16554   -95.84809     // SY 
#SZ 	   0.00000   -95.84809   108.16554     // SZ 
#EPA 	  -3.90591     // Energy per Atom 
#RCUT 	6.5        // Rcut 
RU      0.00000      0.37500      0.12500      0.00000      0.00000      0.00000
RU      0.00000      0.00000      0.00000     -0.00000     -1.08362     -0.75802
RU      0.25000      0.25000      0.00000      5.59377     -2.42573     -2.42573
RU      0.25000      0.00000      0.25000      0.65091     -0.74165      0.22122
RU      0.00000      0.25000      0.25000      0.00000   -143.90319    143.90319
RU      0.00000      0.00000      0.50000      0.00000     -1.00281      1.00281
RU      0.25000      0.25000      0.50000      0.65091     -0.22122      0.74165
RU      0.25000      0.00000      0.75000      0.05068     -0.11504     -0.11504
RU      0.00000      0.25000      0.75000      0.00000     -0.75802     -1.08362
RU      0.00000      0.50000      0.00000      0.00000    143.90319   -143.90319
RU      0.25000      0.75000      0.00000      0.65091      0.74165     -0.22122
RU      0.25000      0.50000      0.25000      5.59377      2.42573      2.42573
RU      0.00000      0.75000      0.25000     -0.00000      1.08362      0.75802
RU      0.00000      0.50000      0.50000     -0.00000      0.75802      1.08362
RU      0.25000      0.75000      0.50000      0.05068      0.11504      0.11504
RU      0.25000      0.50000      0.75000      0.65091      0.22122     -0.74165
RU      0.00000      0.75000      0.75000      0.00000      1.00281     -1.00281
RU      0.50000      0.00000      0.00000      0.00000     -0.26724     -0.06854
RU      0.75000      0.25000      0.00000     -5.59377     -2.42573     -2.42573
RU      0.75000      0.00000      0.25000     -0.65091     -0.74165      0.22122
RU      0.50000      0.25000      0.25000      0.00000     -0.05242      0.05242
RU      0.50000      0.00000      0.50000      0.00000     -0.07414      0.07414
RU      0.75000      0.25000      0.50000     -0.65091     -0.22122      0.74165
RU      0.75000      0.00000      0.75000     -0.05068     -0.11504     -0.11504
RU      0.50000      0.25000      0.75000      0.00000     -0.06854     -0.26724
RU      0.50000      0.50000      0.00000      0.00000      0.05242     -0.05242
RU      0.75000      0.75000      0.00000     -0.65091      0.74165     -0.22122
RU      0.75000      0.50000      0.25000     -5.59377      2.42573      2.42573
RU      0.50000      0.75000      0.25000      0.00000      0.26724      0.06854
RU      0.50000      0.50000      0.50000      0.00000      0.06854      0.26724
RU      0.75000      0.75000      0.50000     -0.05068      0.11504      0.11504
RU      0.75000      0.50000      0.75000     -0.65091      0.22122     -0.74165
RU      0.50000      0.75000      0.75000      0.00000      0.07414     -0.07414
