/* Converted from PWscf output file */ 
#L_UNITS ang 
#E_UNITS eV 
#S_UNITS GPA 
#F_UNITS EV/ANG 
#ALAT 	   7.77669     // a0 
#X 	   1.00000     0.00000     0.00000     // X 
#Y 	   0.00000     0.99610     0.00000     // Y 
#Z 	   0.00000     0.00000     0.99610     // Z 
#SX 	  -0.08663     0.00000     0.00000     // SX 
#SY 	   0.00000     0.06781     0.00000     // SY 
#SZ 	   0.00000     0.00000     0.06781     // SZ 
#EPA 	  -6.55356     // Energy per Atom 
#RCUT 	6.5        // Rcut 
RU     -0.00024      0.00000      0.00000      0.00314      0.00000      0.00000
RU      0.35610      0.00000      0.00000     -0.04266      0.00000      0.00000
RU      0.64330      0.00000      0.00000      0.04278      0.00000      0.00000
RU      0.23981      0.28307      0.00000     -0.00935     -0.00049      0.00000
RU      0.23981      0.00000      0.28307     -0.00935      0.00000     -0.00049
RU     -0.00000      0.25258      0.25258     -0.00021      0.00539      0.00539
RU     -0.00009      0.00000      0.50000      0.00011      0.00000      0.00000
RU      0.25179      0.25049      0.50000     -0.00257     -0.00958      0.00000
RU      0.23981      0.00000      0.71693     -0.00935      0.00000      0.00049
RU     -0.00000      0.25258      0.74742     -0.00021      0.00539     -0.00539
RU     -0.00009      0.50000      0.00000      0.00011      0.00000      0.00000
RU      0.23981      0.71693      0.00000     -0.00935      0.00049      0.00000
RU      0.25179      0.50000      0.25049     -0.00257      0.00000     -0.00958
RU     -0.00000      0.74742      0.25258     -0.00021     -0.00539      0.00539
RU      0.00005      0.50000      0.50000      0.00032      0.00000      0.00000
RU      0.25179      0.74951      0.50000     -0.00257      0.00958      0.00000
RU      0.25179      0.50000      0.74951     -0.00257      0.00000      0.00958
RU     -0.00000      0.74742      0.74742     -0.00021     -0.00539     -0.00539
RU      0.76017      0.28288      0.00000      0.00969      0.00014      0.00000
RU      0.76017      0.00000      0.28288      0.00969      0.00000      0.00014
RU      0.49999      0.24904      0.24904     -0.00045     -0.02693     -0.02693
RU      0.50003      0.00000      0.50000     -0.00058      0.00000      0.00000
RU      0.74822      0.25035      0.50000      0.00229     -0.00857      0.00000
RU      0.76017      0.00000      0.71712      0.00969      0.00000     -0.00014
RU      0.49999      0.24904      0.75096     -0.00045     -0.02693      0.02693
RU      0.50003      0.50000      0.00000     -0.00058      0.00000      0.00000
RU      0.76017      0.71712      0.00000      0.00969     -0.00014      0.00000
RU      0.74822      0.50000      0.25035      0.00229      0.00000     -0.00857
RU      0.49999      0.75096      0.24904     -0.00045      0.02693     -0.02693
RU      0.49997      0.50000      0.50000     -0.00025      0.00000      0.00000
RU      0.74822      0.74965      0.50000      0.00229      0.00857      0.00000
RU      0.74822      0.50000      0.74965      0.00229      0.00000      0.00857
RU      0.49999      0.75096      0.75096     -0.00045      0.02693      0.02693
