/* Converted from PWscf output file */ 
#L_UNITS ang 
#E_UNITS eV 
#S_UNITS GPA 
#F_UNITS EV/ANG 
#ALAT 	   7.77395     // a0 
#X 	   1.00000     0.00000     0.00000     // X 
#Y 	   0.00000     0.99657     0.00000     // Y 
#Z 	   0.00000     0.00000     0.99657     // Z 
#SX 	   0.15532     0.00000     0.00000     // SX 
#SY 	   0.00000     0.19761     0.00000     // SY 
#SZ 	   0.00000     0.00000     0.19761     // SZ 
#EPA 	  -6.55726     // Energy per Atom 
#RCUT 	6.5        // Rcut 
RU     -0.00024      0.00000      0.00000      0.00247      0.00000      0.00000
RU      0.35610      0.00000      0.00000     -0.02063      0.00000      0.00000
RU      0.64330      0.00000      0.00000      0.02073      0.00000      0.00000
RU      0.23981      0.28307      0.00000     -0.00317      0.01280      0.00000
RU      0.23981      0.00000      0.28307     -0.00317      0.00000      0.01280
RU     -0.00000      0.25258      0.25258     -0.00028      0.00411      0.00411
RU     -0.00009      0.00000      0.50000     -0.00009      0.00000      0.00000
RU      0.25179      0.25049      0.50000     -0.00743     -0.01589      0.00000
RU      0.23981      0.00000      0.71693     -0.00317      0.00000     -0.01280
RU     -0.00000      0.25258      0.74742     -0.00028      0.00411     -0.00411
RU     -0.00009      0.50000      0.00000     -0.00009      0.00000      0.00000
RU      0.23981      0.71693      0.00000     -0.00317     -0.01280      0.00000
RU      0.25179      0.50000      0.25049     -0.00743      0.00000     -0.01589
RU     -0.00000      0.74742      0.25258     -0.00028     -0.00411      0.00411
RU      0.00005      0.50000      0.50000     -0.00024      0.00000      0.00000
RU      0.25179      0.74951      0.50000     -0.00743      0.01589      0.00000
RU      0.25179      0.50000      0.74951     -0.00743      0.00000      0.01589
RU     -0.00000      0.74742      0.74742     -0.00028     -0.00411     -0.00411
RU      0.76017      0.28288      0.00000      0.00356      0.01383      0.00000
RU      0.76017      0.00000      0.28288      0.00356      0.00000      0.01383
RU      0.49999      0.24904      0.24904     -0.00028     -0.01087     -0.01087
RU      0.50003      0.00000      0.50000     -0.00010      0.00000      0.00000
RU      0.74822      0.25035      0.50000      0.00709     -0.01475      0.00000
RU      0.76017      0.00000      0.71712      0.00356      0.00000     -0.01383
RU      0.49999      0.24904      0.75096     -0.00028     -0.01087      0.01087
RU      0.50003      0.50000      0.00000     -0.00010      0.00000      0.00000
RU      0.76017      0.71712      0.00000      0.00356     -0.01383      0.00000
RU      0.74822      0.50000      0.25035      0.00709      0.00000     -0.01475
RU      0.49999      0.75096      0.24904     -0.00028      0.01087     -0.01087
RU      0.49997      0.50000      0.50000      0.00007      0.00000      0.00000
RU      0.74822      0.74965      0.50000      0.00709      0.01475      0.00000
RU      0.74822      0.50000      0.74965      0.00709      0.00000      0.01475
RU      0.49999      0.75096      0.75096     -0.00028      0.01087      0.01087
