/* Converted from PWscf output file */ 
#L_UNITS ang 
#E_UNITS eV 
#S_UNITS GPA 
#F_UNITS EV/ANG 
#ALAT 	   7.68514     // a0 
#X 	   1.00000     0.00000     0.00000     // X 
#Y 	   0.00000     1.01434     0.00000     // Y 
#Z 	   0.00000     0.00000     1.01434     // Z 
#SX 	   3.36706     0.00000     0.00000     // SX 
#SY 	   0.00000    -1.64488     0.00000     // SY 
#SZ 	   0.00000     0.00000    -1.64488     // SZ 
#EPA 	  -6.54778     // Energy per Atom 
#RCUT 	6.5        // Rcut 
RU     -0.00019      0.00000      0.00000     -0.01016      0.00000      0.00000
RU      0.35493      0.00000      0.00000     -2.08390      0.00000      0.00000
RU      0.64425      0.00000      0.00000      2.09190      0.00000      0.00000
RU      0.24019      0.28270      0.00000     -0.07453      0.24738      0.00000
RU      0.24019      0.00000      0.28270     -0.07453      0.00000      0.24738
RU     -0.00000      0.25174      0.25174     -0.00053      0.05317      0.05317
RU     -0.00004      0.00000      0.50000     -0.01285      0.00000      0.00000
RU      0.25043      0.24921      0.50000      0.12658     -0.00535     -0.00000
RU      0.24019      0.00000      0.71730     -0.07453      0.00000     -0.24738
RU     -0.00000      0.25174      0.74826     -0.00053      0.05317     -0.05317
RU     -0.00004      0.50000      0.00000     -0.01285      0.00000      0.00000
RU      0.24019      0.71730      0.00000     -0.07453     -0.24738     -0.00000
RU      0.25043      0.50000      0.24921      0.12658     -0.00000     -0.00535
RU     -0.00000      0.74826      0.25174     -0.00053     -0.05317      0.05317
RU      0.00001      0.50000      0.50000      0.00148      0.00000      0.00000
RU      0.25043      0.75079      0.50000      0.12658      0.00535      0.00000
RU      0.25043      0.50000      0.75079      0.12658      0.00000      0.00535
RU     -0.00000      0.74826      0.74826     -0.00053     -0.05317     -0.05317
RU      0.75981      0.28245      0.00000      0.07980      0.26308     -0.00000
RU      0.75981      0.00000      0.28245      0.07980      0.00000      0.26308
RU      0.50001      0.25122      0.25122     -0.00028     -0.06375     -0.06375
RU      0.50002      0.00000      0.50000      0.00394      0.00000      0.00000
RU      0.74957      0.24914      0.50000     -0.12639     -0.01420      0.00000
RU      0.75981      0.00000      0.71755      0.07980      0.00000     -0.26308
RU      0.50001      0.25122      0.74878     -0.00028     -0.06375      0.06375
RU      0.50002      0.50000      0.00000      0.00394      0.00000      0.00000
RU      0.75981      0.71755      0.00000      0.07980     -0.26308      0.00000
RU      0.74957      0.50000      0.24914     -0.12639      0.00000     -0.01420
RU      0.50001      0.74878      0.25122     -0.00028      0.06375     -0.06375
RU      0.50000      0.50000      0.50000     -0.00007      0.00000      0.00000
RU      0.74957      0.75086      0.50000     -0.12639      0.01420      0.00000
RU      0.74957      0.50000      0.75086     -0.12639      0.00000      0.01420
RU      0.50001      0.74878      0.74878     -0.00028      0.06375      0.06375
