/* Converted from PWscf output file */ 
#L_UNITS ang 
#E_UNITS eV 
#S_UNITS GPA 
#F_UNITS EV/ANG 
#ALAT 	   7.77915     // a0 
#X 	   1.00000     0.00000     0.00000     // X 
#Y 	   0.00000     0.99605     0.00000     // Y 
#Z 	   0.00000     0.00000     0.99605     // Z 
#SX 	  -0.33980     0.00000     0.00000     // SX 
#SY 	   0.00000    -0.09144     0.00000     // SY 
#SZ 	   0.00000     0.00000    -0.09144     // SZ 
#EPA 	  -6.55346     // Energy per Atom 
#RCUT 	6.5        // Rcut 
RU     -0.00027      0.00000      0.00000      0.00127      0.00000      0.00000
RU      0.35618      0.00000      0.00000      0.01573      0.00000      0.00000
RU      0.64317      0.00000      0.00000     -0.00963      0.00000      0.00000
RU      0.23998      0.28327      0.00000     -0.01081     -0.04207      0.00000
RU      0.23998      0.00000      0.28327     -0.01081      0.00000     -0.04207
RU     -0.00000      0.25239      0.25239      0.00011      0.01474      0.01474
RU     -0.00009      0.00000      0.50000      0.00123      0.00000      0.00000
RU      0.25155      0.25025      0.50000      0.02392      0.03264      0.00000
RU      0.23998      0.00000      0.71673     -0.01081      0.00000      0.04207
RU     -0.00000      0.25239      0.74761      0.00011      0.01474     -0.01474
RU     -0.00009      0.50000      0.00000      0.00123      0.00000      0.00000
RU      0.23998      0.71673      0.00000     -0.01081      0.04207      0.00000
RU      0.25155      0.50000      0.25025      0.02392      0.00000      0.03264
RU     -0.00000      0.74761      0.25239      0.00011     -0.01474      0.01474
RU      0.00003      0.50000      0.50000      0.00163      0.00000      0.00000
RU      0.25155      0.74975      0.50000      0.02392     -0.03264      0.00000
RU      0.25155      0.50000      0.74975      0.02392      0.00000     -0.03264
RU     -0.00000      0.74761      0.74761      0.00011     -0.01474     -0.01474
RU      0.76001      0.28308      0.00000      0.00918     -0.04414      0.00000
RU      0.76001      0.00000      0.28308      0.00918      0.00000     -0.04414
RU      0.50000      0.24977      0.24977     -0.00064     -0.06551     -0.06551
RU      0.50004      0.00000      0.50000     -0.00094      0.00000      0.00000
RU      0.74846      0.25011      0.50000     -0.02388      0.03199      0.00000
RU      0.76001      0.00000      0.71692      0.00918      0.00000      0.04414
RU      0.50000      0.24977      0.75023     -0.00064     -0.06551      0.06551
RU      0.50004      0.50000      0.00000     -0.00094      0.00000      0.00000
RU      0.76001      0.71692      0.00000      0.00918      0.04414      0.00000
RU      0.74846      0.50000      0.25011     -0.02388      0.00000      0.03199
RU      0.50000      0.75023      0.24977     -0.00064      0.06551     -0.06551
RU      0.49998      0.50000      0.50000     -0.00111      0.00000      0.00000
RU      0.74846      0.74989      0.50000     -0.02388     -0.03199      0.00000
RU      0.74846      0.50000      0.74989     -0.02388      0.00000     -0.03199
RU      0.50000      0.75023      0.75023     -0.00064      0.06551      0.06551
