/* Converted from PWscf output file */ 
#L_UNITS ang 
#E_UNITS eV 
#S_UNITS GPA 
#F_UNITS EV/ANG 
#ALAT 	   7.73154     // a0 
#X 	   1.00000     0.00000     0.00000     // X 
#Y 	   0.00000     1.00450     0.00000     // Y 
#Z 	   0.00000     0.00000     1.00450     // Z 
#SX 	   1.34155     0.00000     0.00000     // SX 
#SY 	   0.00000    -0.07788     0.00000     // SY 
#SZ 	   0.00000     0.00000    -0.07788     // SZ 
#EPA 	  -6.55264     // Energy per Atom 
#RCUT 	6.5        // Rcut 
RU     -0.00021      0.00000      0.00000     -0.00889      0.00000      0.00000
RU      0.35511      0.00000      0.00000      0.21483      0.00000      0.00000
RU      0.64411      0.00000      0.00000     -0.20296      0.00000      0.00000
RU      0.24013      0.28300      0.00000     -0.01279      0.08068      0.00000
RU      0.24013      0.00000      0.28300     -0.01279      0.00000      0.08068
RU     -0.00000      0.25192      0.25192      0.00015      0.05821      0.05821
RU     -0.00006      0.00000      0.50000     -0.00602      0.00000      0.00000
RU      0.25074      0.24945      0.50000      0.09916      0.09008      0.00000
RU      0.24013      0.00000      0.71700     -0.01279      0.00000     -0.08068
RU     -0.00000      0.25192      0.74808      0.00015      0.05821     -0.05821
RU     -0.00006      0.50000      0.00000     -0.00602      0.00000      0.00000
RU      0.24013      0.71700      0.00000     -0.01279     -0.08068     -0.00000
RU      0.25074      0.50000      0.24945      0.09916      0.00000      0.09008
RU     -0.00000      0.74808      0.25192      0.00015     -0.05821      0.05821
RU      0.00001      0.50000      0.50000      0.00196      0.00000      0.00000
RU      0.25074      0.75055      0.50000      0.09916     -0.09008      0.00000
RU      0.25074      0.50000      0.75055      0.09916      0.00000     -0.09008
RU     -0.00000      0.74808      0.74808      0.00015     -0.05821     -0.05821
RU      0.75987      0.28278      0.00000      0.01358      0.08969      0.00000
RU      0.75987      0.00000      0.28278      0.01358      0.00000      0.08969
RU      0.50001      0.25089      0.25089     -0.00059     -0.11003     -0.11003
RU      0.50003      0.00000      0.50000      0.00242      0.00000      0.00000
RU      0.74926      0.24937      0.50000     -0.09866      0.08232     -0.00000
RU      0.75987      0.00000      0.71722      0.01358      0.00000     -0.08969
RU      0.50001      0.25089      0.74911     -0.00059     -0.11003      0.11003
RU      0.50003      0.50000      0.00000      0.00242      0.00000      0.00000
RU      0.75987      0.71722      0.00000      0.01358     -0.08969      0.00000
RU      0.74926      0.50000      0.24937     -0.09866     -0.00000      0.08232
RU      0.50001      0.74911      0.25089     -0.00059      0.11003     -0.11003
RU      0.50000      0.50000      0.50000     -0.00111      0.00000      0.00000
RU      0.74926      0.75063      0.50000     -0.09866     -0.08232     -0.00000
RU      0.74926      0.50000      0.75063     -0.09866      0.00000     -0.08232
RU      0.50001      0.74911      0.74911     -0.00059      0.11003      0.11003
