/* Converted from PWscf output file */ 
#L_UNITS ang 
#E_UNITS eV 
#S_UNITS GPA 
#F_UNITS EV/ANG 
#ALAT 	   7.76449     // a0 
#X 	   1.00000     0.00000     0.00000     // X 
#Y 	   0.00000     1.00000     0.00000     // Y 
#Z 	   0.00000     0.00000     1.00000     // Z 
#SX 	  -0.01838     0.00000     0.00000     // SX 
#SY 	   0.00000    -0.01838     0.00000     // SY 
#SZ 	   0.00000     0.00000    -0.01838     // SZ 
#EPA 	  -6.53425     // Energy per Atom 
#RCUT 	6.5        // Rcut 
RU      0.25000      0.25000      0.25000      0.00000      0.00000      0.00000
RU     -0.00267     -0.00267     -0.00267      0.04398      0.04398      0.04398
RU      0.25000      0.25000     -0.05379      0.00000      0.00000      0.02131
RU      0.25000     -0.05379      0.25000      0.00000      0.02131      0.00000
RU     -0.05379      0.25000      0.25000      0.02131      0.00000      0.00000
RU     -0.00267     -0.00267      0.50267      0.04398      0.04398     -0.04398
RU      0.25000      0.25000      0.55379      0.00000      0.00000     -0.02131
RU      0.25000     -0.01244      0.75000      0.00000      0.03607      0.00000
RU     -0.01244      0.25000      0.75000      0.03607      0.00000     -0.00000
RU     -0.00267      0.50267     -0.00267      0.04398     -0.04398      0.04398
RU      0.25000      0.75000     -0.01244      0.00000      0.00000      0.03607
RU      0.25000      0.55379      0.25000      0.00000     -0.02131      0.00000
RU     -0.01244      0.75000      0.25000      0.03607      0.00000      0.00000
RU     -0.00267      0.50267      0.50267      0.04398     -0.04398     -0.04398
RU      0.25000      0.75000      0.51244      0.00000      0.00000     -0.03607
RU      0.25000      0.51244      0.75000      0.00000     -0.03607      0.00000
RU      0.00682      0.75000      0.75000      0.11354      0.00000      0.00000
RU      0.50267     -0.00267     -0.00267     -0.04398      0.04398      0.04398
RU      0.75000      0.25000     -0.01244     -0.00000      0.00000      0.03607
RU      0.75000     -0.01244      0.25000      0.00000      0.03607      0.00000
RU      0.55379      0.25000      0.25000     -0.02131     -0.00000     -0.00000
RU      0.50267     -0.00267      0.50267     -0.04398      0.04398     -0.04398
RU      0.75000      0.25000      0.51244      0.00000      0.00000     -0.03607
RU      0.75000      0.00682      0.75000      0.00000      0.11354      0.00000
RU      0.51244      0.25000      0.75000     -0.03607      0.00000     -0.00000
RU      0.50267      0.50267     -0.00267     -0.04398     -0.04398      0.04398
RU      0.75000      0.75000      0.00682      0.00000      0.00000      0.11354
RU      0.75000      0.51244      0.25000      0.00000     -0.03607      0.00000
RU      0.51244      0.75000      0.25000     -0.03607      0.00000      0.00000
RU      0.50267      0.50267      0.50267     -0.04398     -0.04398     -0.04398
RU      0.75000      0.75000      0.49318      0.00000      0.00000     -0.11354
RU      0.75000      0.49318      0.75000      0.00000     -0.11354      0.00000
RU      0.49318      0.75000      0.75000     -0.11354      0.00000      0.00000
