/* Converted from PWscf output file */ 
#L_UNITS ang 
#E_UNITS eV 
#S_UNITS GPA 
#F_UNITS EV/ANG 
#ALAT 	   7.75096     // a0 
#X 	   1.00000     0.00000     0.00000     // X 
#Y 	   0.00000     1.00000     0.00000     // Y 
#Z 	   0.00000     0.00000     1.00000     // Z 
#SX 	   1.39230     0.00000     0.00000     // SX 
#SY 	   0.00000     1.39230     0.00000     // SY 
#SZ 	   0.00000     0.00000     1.39230     // SZ 
#EPA 	  -6.52306     // Energy per Atom 
#RCUT 	6.5        // Rcut 
RU      0.25000      0.25000      0.25000      0.00000      0.00000      0.00000
RU     -0.00244     -0.00244     -0.00244     -0.06464     -0.06464     -0.06464
RU      0.25000      0.25000     -0.05011      0.00000      0.00000     -0.47515
RU      0.25000     -0.05011      0.25000      0.00000     -0.47515     -0.00000
RU     -0.05011      0.25000      0.25000     -0.47515      0.00000      0.00000
RU     -0.00244     -0.00244      0.50244     -0.06464     -0.06464      0.06464
RU      0.25000      0.25000      0.55011      0.00000     -0.00000      0.47515
RU      0.25000     -0.00661      0.75000     -0.00000     -0.65505     -0.00000
RU     -0.00661      0.25000      0.75000     -0.65505      0.00000      0.00000
RU     -0.00244      0.50244     -0.00244     -0.06464      0.06464     -0.06464
RU      0.25000      0.75000     -0.00661      0.00000      0.00000     -0.65505
RU      0.25000      0.55011      0.25000      0.00000      0.47515      0.00000
RU     -0.00661      0.75000      0.25000     -0.65505      0.00000      0.00000
RU     -0.00244      0.50244      0.50244     -0.06464      0.06464      0.06464
RU      0.25000      0.75000      0.50661      0.00000      0.00000      0.65505
RU      0.25000      0.50661      0.75000      0.00000      0.65505      0.00000
RU      0.00269      0.75000      0.75000      0.30530      0.00000     -0.00000
RU      0.50244     -0.00244     -0.00244      0.06464     -0.06464     -0.06464
RU      0.75000      0.25000     -0.00661      0.00000      0.00000     -0.65505
RU      0.75000     -0.00661      0.25000      0.00000     -0.65505      0.00000
RU      0.55011      0.25000      0.25000      0.47515     -0.00000      0.00000
RU      0.50244     -0.00244      0.50244      0.06464     -0.06464      0.06464
RU      0.75000      0.25000      0.50661      0.00000      0.00000      0.65505
RU      0.75000      0.00269      0.75000      0.00000      0.30530      0.00000
RU      0.50661      0.25000      0.75000      0.65505     -0.00000      0.00000
RU      0.50244      0.50244     -0.00244      0.06464      0.06464     -0.06464
RU      0.75000      0.75000      0.00269      0.00000     -0.00000      0.30530
RU      0.75000      0.50661      0.25000     -0.00000      0.65505      0.00000
RU      0.50661      0.75000      0.25000      0.65505     -0.00000      0.00000
RU      0.50244      0.50244      0.50244      0.06464      0.06464      0.06464
RU      0.75000      0.75000      0.49731      0.00000     -0.00000     -0.30530
RU      0.75000      0.49731      0.75000      0.00000     -0.30530      0.00000
RU      0.49731      0.75000      0.75000     -0.30530      0.00000      0.00000
