/* Converted from PWscf output file */ 
#L_UNITS ang 
#E_UNITS eV 
#S_UNITS GPA 
#F_UNITS EV/ANG 
#ALAT 	   7.61797     // a0 
#X 	   1.00000     0.00000     0.00000     // X 
#Y 	   0.00000     1.00000     0.00000     // Y 
#Z 	   0.00000     0.00000     1.00000     // Z 
#SX 	  34.95412     0.00000     0.00000     // SX 
#SY 	   0.00000    34.95412     0.00000     // SY 
#SZ 	   0.00000     0.00000    34.95412     // SZ 
#EPA 	  -5.85195     // Energy per Atom 
#RCUT 	6.5        // Rcut 
RU      0.25000      0.25000      0.25000      0.00000      0.00000      0.00000
RU      0.00000      0.00000      0.00000     -0.61261     -0.61261     -0.61261
RU      0.25000      0.25000      0.00000      0.00000      0.00000    -22.17788
RU      0.25000      0.00000      0.25000      0.00000    -22.17788      0.00000
RU      0.00000      0.25000      0.25000    -22.17788      0.00000      0.00000
RU      0.00000      0.00000      0.50000     -0.61261     -0.61261      0.61261
RU      0.25000      0.25000      0.50000      0.00000      0.00000     22.17788
RU      0.25000      0.00000      0.75000      0.00000     -0.46438      0.00000
RU      0.00000      0.25000      0.75000     -0.46438      0.00000     -0.00000
RU      0.00000      0.50000      0.00000     -0.61261      0.61261     -0.61261
RU      0.25000      0.75000      0.00000      0.00000      0.00000     -0.46438
RU      0.25000      0.50000      0.25000      0.00000     22.17788      0.00000
RU      0.00000      0.75000      0.25000     -0.46438      0.00000     -0.00000
RU      0.00000      0.50000      0.50000     -0.61261      0.61261      0.61261
RU      0.25000      0.75000      0.50000      0.00000      0.00000      0.46438
RU      0.25000      0.50000      0.75000      0.00000      0.46438      0.00000
RU      0.00000      0.75000      0.75000      0.07269      0.00000     -0.00000
RU      0.50000      0.00000      0.00000      0.61261     -0.61261     -0.61261
RU      0.75000      0.25000      0.00000      0.00000      0.00000     -0.46438
RU      0.75000      0.00000      0.25000      0.00000     -0.46438      0.00000
RU      0.50000      0.25000      0.25000     22.17788      0.00000     -0.00000
RU      0.50000      0.00000      0.50000      0.61261     -0.61261      0.61261
RU      0.75000      0.25000      0.50000      0.00000      0.00000      0.46438
RU      0.75000      0.00000      0.75000      0.00000      0.07269     -0.00000
RU      0.50000      0.25000      0.75000      0.46438      0.00000      0.00000
RU      0.50000      0.50000      0.00000      0.61261      0.61261     -0.61261
RU      0.75000      0.75000      0.00000      0.00000      0.00000      0.07269
RU      0.75000      0.50000      0.25000      0.00000      0.46438      0.00000
RU      0.50000      0.75000      0.25000      0.46438      0.00000     -0.00000
RU      0.50000      0.50000      0.50000      0.61261      0.61261      0.61261
RU      0.75000      0.75000      0.50000      0.00000      0.00000     -0.07269
RU      0.75000      0.50000      0.75000      0.00000     -0.07269      0.00000
RU      0.50000      0.75000      0.75000     -0.07269      0.00000      0.00000
