/* Converted from PWscf output file */ 
#L_UNITS ang 
#E_UNITS eV 
#S_UNITS GPA 
#F_UNITS EV/ANG 
#ALAT 	   7.72904     // a0 
#X 	   1.00000     0.00000     0.00000     // X 
#Y 	   0.00000     1.00000     0.00000     // Y 
#Z 	   0.00000     0.00000     1.00000     // Z 
#SX 	   4.39462     0.00000     0.00000     // SX 
#SY 	   0.00000     4.39462     0.00000     // SY 
#SZ 	   0.00000     0.00000     4.39462     // SZ 
#EPA 	  -6.51438     // Energy per Atom 
#RCUT 	6.5        // Rcut 
RU      0.25000      0.25000      0.25000      0.00000      0.00000      0.00000
RU     -0.00212     -0.00212     -0.00212     -0.09984     -0.09984     -0.09984
RU      0.25000      0.25000     -0.04812      0.00000      0.00000     -0.63058
RU      0.25000     -0.04812      0.25000     -0.00000     -0.63058      0.00000
RU     -0.04812      0.25000      0.25000     -0.63058      0.00000      0.00000
RU     -0.00212     -0.00212      0.50212     -0.09984     -0.09984      0.09984
RU      0.25000      0.25000      0.54812      0.00000      0.00000      0.63058
RU      0.25000     -0.00406      0.75000      0.00000     -0.87062      0.00000
RU     -0.00406      0.25000      0.75000     -0.87062      0.00000      0.00000
RU     -0.00212      0.50212     -0.00212     -0.09984      0.09984     -0.09984
RU      0.25000      0.75000     -0.00406      0.00000      0.00000     -0.87062
RU      0.25000      0.54812      0.25000      0.00000      0.63058      0.00000
RU     -0.00406      0.75000      0.25000     -0.87062      0.00000      0.00000
RU     -0.00212      0.50212      0.50212     -0.09984      0.09984      0.09984
RU      0.25000      0.75000      0.50406      0.00000      0.00000      0.87062
RU      0.25000      0.50406      0.75000      0.00000      0.87062      0.00000
RU      0.00155      0.75000      0.75000      0.28171      0.00000      0.00000
RU      0.50212     -0.00212     -0.00212      0.09984     -0.09984     -0.09984
RU      0.75000      0.25000     -0.00406      0.00000      0.00000     -0.87062
RU      0.75000     -0.00406      0.25000      0.00000     -0.87062     -0.00000
RU      0.54812      0.25000      0.25000      0.63058      0.00000      0.00000
RU      0.50212     -0.00212      0.50212      0.09984     -0.09984      0.09984
RU      0.75000      0.25000      0.50406      0.00000      0.00000      0.87062
RU      0.75000      0.00155      0.75000      0.00000      0.28171     -0.00000
RU      0.50406      0.25000      0.75000      0.87062     -0.00000      0.00000
RU      0.50212      0.50212     -0.00212      0.09984      0.09984     -0.09984
RU      0.75000      0.75000      0.00155      0.00000     -0.00000      0.28171
RU      0.75000      0.50406      0.25000      0.00000      0.87062      0.00000
RU      0.50406      0.75000      0.25000      0.87062      0.00000     -0.00000
RU      0.50212      0.50212      0.50212      0.09984      0.09984      0.09984
RU      0.75000      0.75000      0.49845      0.00000     -0.00000     -0.28171
RU      0.75000      0.49845      0.75000      0.00000     -0.28171     -0.00000
RU      0.49845      0.75000      0.75000     -0.28171      0.00000      0.00000
