/* Converted from PWscf output file */ 
#L_UNITS ang 
#E_UNITS eV 
#S_UNITS GPA 
#F_UNITS EV/ANG 
#ALAT 	   7.76465     // a0 
#X 	   1.00000     0.00000     0.00000     // X 
#Y 	   0.00000     1.00000     0.00000     // Y 
#Z 	   0.00000     0.00000     1.00000     // Z 
#SX 	  -0.03500     0.00000     0.00000     // SX 
#SY 	   0.00000    -0.03500     0.00000     // SY 
#SZ 	   0.00000     0.00000    -0.03500     // SZ 
#EPA 	  -6.53440     // Energy per Atom 
#RCUT 	6.5        // Rcut 
RU      0.25000      0.25000      0.25000      0.00000      0.00000      0.00000
RU     -0.00235     -0.00235     -0.00235      0.01694      0.01694      0.01694
RU      0.25000      0.25000     -0.05369      0.00000      0.00000      0.00565
RU      0.25000     -0.05369      0.25000      0.00000      0.00565      0.00000
RU     -0.05369      0.25000      0.25000      0.00565     -0.00000     -0.00000
RU     -0.00235     -0.00235      0.50235      0.01694      0.01694     -0.01694
RU      0.25000      0.25000      0.55369      0.00000      0.00000     -0.00565
RU      0.25000     -0.01220      0.75000     -0.00000      0.01429     -0.00000
RU     -0.01220      0.25000      0.75000      0.01429      0.00000     -0.00000
RU     -0.00235      0.50235     -0.00235      0.01694     -0.01694      0.01694
RU      0.25000      0.75000     -0.01220     -0.00000      0.00000      0.01429
RU      0.25000      0.55369      0.25000      0.00000     -0.00565      0.00000
RU     -0.01220      0.75000      0.25000      0.01429     -0.00000      0.00000
RU     -0.00235      0.50235      0.50235      0.01694     -0.01694     -0.01694
RU      0.25000      0.75000      0.51220     -0.00000      0.00000     -0.01429
RU      0.25000      0.51220      0.75000     -0.00000     -0.01429     -0.00000
RU      0.00770      0.75000      0.75000      0.04634      0.00000     -0.00000
RU      0.50235     -0.00235     -0.00235     -0.01694      0.01694      0.01694
RU      0.75000      0.25000     -0.01220      0.00000      0.00000      0.01429
RU      0.75000     -0.01220      0.25000      0.00000      0.01429     -0.00000
RU      0.55369      0.25000      0.25000     -0.00565     -0.00000     -0.00000
RU      0.50235     -0.00235      0.50235     -0.01694      0.01694     -0.01694
RU      0.75000      0.25000      0.51220      0.00000      0.00000     -0.01429
RU      0.75000      0.00770      0.75000      0.00000      0.04634      0.00000
RU      0.51220      0.25000      0.75000     -0.01429      0.00000     -0.00000
RU      0.50235      0.50235     -0.00235     -0.01694     -0.01694      0.01694
RU      0.75000      0.75000      0.00770      0.00000      0.00000      0.04634
RU      0.75000      0.51220      0.25000      0.00000     -0.01429     -0.00000
RU      0.51220      0.75000      0.25000     -0.01429     -0.00000      0.00000
RU      0.50235      0.50235      0.50235     -0.01694     -0.01694     -0.01694
RU      0.75000      0.75000      0.49230      0.00000      0.00000     -0.04634
RU      0.75000      0.49230      0.75000      0.00000     -0.04634      0.00000
RU      0.49230      0.75000      0.75000     -0.04634      0.00000     -0.00000
