/* Converted from PWscf output file */ 
#L_UNITS ang 
#E_UNITS eV 
#S_UNITS GPA 
#F_UNITS EV/ANG 
#ALAT 	   7.88258     // a0 
#X 	   1.00000     0.00000     0.00000     // X 
#Y 	   0.00000     1.00000     0.00000     // Y 
#Z 	   0.00000     0.00000     1.00000     // Z 
#SX 	 -11.32037     0.00000     0.00000     // SX 
#SY 	   0.00000   -11.32037     0.00000     // SY 
#SZ 	   0.00000     0.00000   -11.32037     // SZ 
#EPA 	  -6.45369     // Energy per Atom 
#RCUT 	6.5        // Rcut 
RU      0.25000      0.25000      0.25000      0.00000      0.00000      0.00000
RU     -0.00180     -0.00180     -0.00180     -0.27079     -0.27079     -0.27079
RU      0.25000      0.25000     -0.04665      0.00000     -0.00000     -3.47400
RU      0.25000     -0.04665      0.25000     -0.00000     -3.47400      0.00000
RU     -0.04665      0.25000      0.25000     -3.47400     -0.00000      0.00000
RU     -0.00180     -0.00180      0.50180     -0.27079     -0.27079      0.27079
RU      0.25000      0.25000      0.54665      0.00000      0.00000      3.47400
RU      0.25000     -0.00175      0.75000      0.00000     -0.33453      0.00000
RU     -0.00175      0.25000      0.75000     -0.33453     -0.00000     -0.00000
RU     -0.00180      0.50180     -0.00180     -0.27079      0.27079     -0.27079
RU      0.25000      0.75000     -0.00175      0.00000      0.00000     -0.33453
RU      0.25000      0.54665      0.25000      0.00000      3.47400     -0.00000
RU     -0.00175      0.75000      0.25000     -0.33453     -0.00000      0.00000
RU     -0.00180      0.50180      0.50180     -0.27079      0.27079      0.27079
RU      0.25000      0.75000      0.50175      0.00000      0.00000      0.33453
RU      0.25000      0.50175      0.75000      0.00000      0.33453      0.00000
RU      0.00076      0.75000      0.75000      0.21701      0.00000     -0.00000
RU      0.50180     -0.00180     -0.00180      0.27079     -0.27079     -0.27079
RU      0.75000      0.25000     -0.00175      0.00000      0.00000     -0.33453
RU      0.75000     -0.00175      0.25000      0.00000     -0.33453     -0.00000
RU      0.54665      0.25000      0.25000      3.47400      0.00000      0.00000
RU      0.50180     -0.00180      0.50180      0.27079     -0.27079      0.27079
RU      0.75000      0.25000      0.50175      0.00000      0.00000      0.33453
RU      0.75000      0.00076      0.75000      0.00000      0.21701     -0.00000
RU      0.50175      0.25000      0.75000      0.33453      0.00000      0.00000
RU      0.50180      0.50180     -0.00180      0.27079      0.27079     -0.27079
RU      0.75000      0.75000      0.00076      0.00000     -0.00000      0.21701
RU      0.75000      0.50175      0.25000     -0.00000      0.33453      0.00000
RU      0.50175      0.75000      0.25000      0.33453      0.00000      0.00000
RU      0.50180      0.50180      0.50180      0.27079      0.27079      0.27079
RU      0.75000      0.75000      0.49924      0.00000     -0.00000     -0.21701
RU      0.75000      0.49924      0.75000     -0.00000     -0.21701     -0.00000
RU      0.49924      0.75000      0.75000     -0.21701      0.00000     -0.00000
