/* Converted from PWscf output file */ 
#L_UNITS ang 
#E_UNITS eV 
#S_UNITS GPA 
#F_UNITS EV/ANG 
#ALAT 	   7.77031     // a0 
#X 	   1.00000     0.00000     0.00000     // X 
#Y 	   0.00000     1.00000     0.00000     // Y 
#Z 	   0.00000     0.00000     1.00000     // Z 
#SX 	  -0.08794     0.00000     0.00000     // SX 
#SY 	   0.00000    -0.08794     0.00000     // SY 
#SZ 	   0.00000     0.00000    -0.08794     // SZ 
#EPA 	  -6.50010     // Energy per Atom 
#RCUT 	6.5        // Rcut 
RU      0.12500      0.12500      0.12500      0.00000      0.00000      0.00000
RU     -0.04058     -0.04058     -0.04058      0.06035      0.06035      0.06035
RU      0.29058      0.29058     -0.04058     -0.06035     -0.06035      0.06035
RU      0.29058     -0.04058      0.29058     -0.06035      0.06035     -0.06035
RU     -0.04058      0.29058      0.29058      0.06035     -0.06035     -0.06035
RU     -0.00074     -0.00074      0.49666     -0.00428     -0.00428     -0.04062
RU      0.25074      0.25074      0.49666      0.00428      0.00428     -0.04062
RU      0.25074     -0.00074      0.75334      0.00428     -0.00428      0.04062
RU     -0.00074      0.25074      0.75334     -0.00428      0.00428      0.04062
RU     -0.00074      0.49666     -0.00074     -0.00428     -0.04062     -0.00428
RU      0.25074      0.75334     -0.00074      0.00428      0.04062     -0.00428
RU      0.25074      0.49666      0.25074      0.00428     -0.04062      0.00428
RU     -0.00074      0.75334      0.25074     -0.00428      0.04062      0.00428
RU      0.00625      0.50959      0.50959     -0.04892      0.03554      0.03554
RU      0.24375      0.74041      0.50959      0.04892     -0.03554      0.03554
RU      0.24375      0.50959      0.74041      0.04892      0.03554     -0.03554
RU      0.00625      0.74041      0.74041     -0.04892     -0.03554     -0.03554
RU      0.49666     -0.00074     -0.00074     -0.04062     -0.00428     -0.00428
RU      0.75334      0.25074     -0.00074      0.04062      0.00428     -0.00428
RU      0.75334     -0.00074      0.25074      0.04062     -0.00428      0.00428
RU      0.49666      0.25074      0.25074     -0.04062      0.00428      0.00428
RU      0.50959      0.00625      0.50959      0.03554     -0.04892      0.03554
RU      0.74041      0.24375      0.50959     -0.03554      0.04892      0.03554
RU      0.74041      0.00625      0.74041     -0.03554     -0.04892     -0.03554
RU      0.50959      0.24375      0.74041      0.03554      0.04892     -0.03554
RU      0.50959      0.50959      0.00625      0.03554      0.03554     -0.04892
RU      0.74041      0.74041      0.00625     -0.03554     -0.03554     -0.04892
RU      0.74041      0.50959      0.24375     -0.03554      0.03554      0.04892
RU      0.50959      0.74041      0.24375      0.03554     -0.03554      0.04892
RU      0.50149      0.50149      0.50149      0.04787      0.04787      0.04787
RU      0.74851      0.74851      0.50149     -0.04787     -0.04787      0.04787
RU      0.74851      0.50149      0.74851     -0.04787      0.04787     -0.04787
RU      0.50149      0.74851      0.74851      0.04787     -0.04787     -0.04787
