/* Converted from PWscf output file */ 
#L_UNITS ang 
#E_UNITS eV 
#S_UNITS GPA 
#F_UNITS EV/ANG 
#ALAT 	   7.76943     // a0 
#X 	   1.00000     0.00000     0.00000     // X 
#Y 	   0.00000     1.00000     0.00000     // Y 
#Z 	   0.00000     0.00000     1.00000     // Z 
#SX 	  -0.16815     0.00000     0.00000     // SX 
#SY 	   0.00000    -0.16815     0.00000     // SY 
#SZ 	   0.00000     0.00000    -0.16815     // SZ 
#EPA 	  -6.48953     // Energy per Atom 
#RCUT 	6.5        // Rcut 
RU      0.12500      0.12500      0.12500      0.00000      0.00000      0.00000
RU     -0.03939     -0.03939     -0.03939     -1.02402     -1.02402     -1.02402
RU      0.28939      0.28939     -0.03939      1.02402      1.02402     -1.02402
RU      0.28939     -0.03939      0.28939      1.02402     -1.02402      1.02402
RU     -0.03939      0.28939      0.28939     -1.02402      1.02402      1.02402
RU     -0.00124     -0.00124      0.50023      0.00159      0.00159     -0.09512
RU      0.25124      0.25124      0.50023     -0.00159     -0.00159     -0.09512
RU      0.25124     -0.00124      0.74977     -0.00159      0.00159      0.09512
RU     -0.00124      0.25124      0.74977      0.00159     -0.00159      0.09512
RU     -0.00124      0.50023     -0.00124      0.00159     -0.09512      0.00159
RU      0.25124      0.74977     -0.00124     -0.00159      0.09512      0.00159
RU      0.25124      0.50023      0.25124     -0.00159     -0.09512     -0.00159
RU     -0.00124      0.74977      0.25124      0.00159      0.09512     -0.00159
RU      0.00372      0.50968      0.50968      0.29440      0.27528      0.27528
RU      0.24628      0.74032      0.50968     -0.29440     -0.27528      0.27528
RU      0.24628      0.50968      0.74032     -0.29440      0.27528     -0.27528
RU      0.00372      0.74032      0.74032      0.29440     -0.27528     -0.27528
RU      0.50023     -0.00124     -0.00124     -0.09512      0.00159      0.00159
RU      0.74977      0.25124     -0.00124      0.09512     -0.00159      0.00159
RU      0.74977     -0.00124      0.25124      0.09512      0.00159     -0.00159
RU      0.50023      0.25124      0.25124     -0.09512     -0.00159     -0.00159
RU      0.50968      0.00372      0.50968      0.27528      0.29440      0.27528
RU      0.74032      0.24628      0.50968     -0.27528     -0.29440      0.27528
RU      0.74032      0.00372      0.74032     -0.27528      0.29440     -0.27528
RU      0.50968      0.24628      0.74032      0.27528     -0.29440     -0.27528
RU      0.50968      0.50968      0.00372      0.27528      0.27528      0.29440
RU      0.74032      0.74032      0.00372     -0.27528     -0.27528      0.29440
RU      0.74032      0.50968      0.24628     -0.27528      0.27528     -0.29440
RU      0.50968      0.74032      0.24628      0.27528     -0.27528     -0.29440
RU      0.49974      0.49974      0.49974      0.01182      0.01182      0.01182
RU      0.75026      0.75026      0.49974     -0.01182     -0.01182      0.01182
RU      0.75026      0.49974      0.75026     -0.01182      0.01182     -0.01182
RU      0.49974      0.75026      0.75026      0.01182     -0.01182     -0.01182
