/* Converted from PWscf output file */ 
#L_UNITS ang 
#E_UNITS eV 
#S_UNITS GPA 
#F_UNITS EV/ANG 
#ALAT 	   7.75976     // a0 
#X 	   1.00000     0.00000     0.00000     // X 
#Y 	   0.00000     1.00000     0.00000     // Y 
#Z 	   0.00000     0.00000     1.00000     // Z 
#SX 	   0.99329     0.00000     0.00000     // SX 
#SY 	   0.00000     0.99329     0.00000     // SY 
#SZ 	   0.00000     0.00000     0.99329     // SZ 
#EPA 	  -6.49832     // Energy per Atom 
#RCUT 	6.5        // Rcut 
RU      0.12500      0.12500      0.12500      0.00000      0.00000      0.00000
RU     -0.04020     -0.04020     -0.04020     -0.19184     -0.19184     -0.19184
RU      0.29020      0.29020     -0.04020      0.19184      0.19184     -0.19184
RU      0.29020     -0.04020      0.29020      0.19184     -0.19184      0.19184
RU     -0.04020      0.29020      0.29020     -0.19184      0.19184      0.19184
RU     -0.00117     -0.00117      0.49971      0.03101      0.03101     -0.14148
RU      0.25117      0.25117      0.49971     -0.03101     -0.03101     -0.14148
RU      0.25117     -0.00117      0.75029     -0.03101      0.03101      0.14148
RU     -0.00117      0.25117      0.75029      0.03101     -0.03101      0.14148
RU     -0.00117      0.49971     -0.00117      0.03101     -0.14148      0.03101
RU      0.25117      0.75029     -0.00117     -0.03101      0.14148      0.03101
RU      0.25117      0.49971      0.25117     -0.03101     -0.14148     -0.03101
RU     -0.00117      0.75029      0.25117      0.03101      0.14148     -0.03101
RU      0.00453      0.51006      0.51006      0.17537     -0.01094     -0.01094
RU      0.24547      0.73994      0.51006     -0.17537      0.01094     -0.01094
RU      0.24547      0.51006      0.73994     -0.17537     -0.01094      0.01094
RU      0.00453      0.73994      0.73994      0.17537      0.01094      0.01094
RU      0.49971     -0.00117     -0.00117     -0.14148      0.03101      0.03101
RU      0.75029      0.25117     -0.00117      0.14148     -0.03101      0.03101
RU      0.75029     -0.00117      0.25117      0.14148      0.03101     -0.03101
RU      0.49971      0.25117      0.25117     -0.14148     -0.03101     -0.03101
RU      0.51006      0.00453      0.51006     -0.01094      0.17537     -0.01094
RU      0.73994      0.24547      0.51006      0.01094     -0.17537     -0.01094
RU      0.73994      0.00453      0.73994      0.01094      0.17537      0.01094
RU      0.51006      0.24547      0.73994     -0.01094     -0.17537      0.01094
RU      0.51006      0.51006      0.00453     -0.01094     -0.01094      0.17537
RU      0.73994      0.73994      0.00453      0.01094      0.01094      0.17537
RU      0.73994      0.51006      0.24547      0.01094     -0.01094     -0.17537
RU      0.51006      0.73994      0.24547     -0.01094      0.01094     -0.17537
RU      0.49988      0.49988      0.49988      0.04480      0.04480      0.04480
RU      0.75012      0.75012      0.49988     -0.04480     -0.04480      0.04480
RU      0.75012      0.49988      0.75012     -0.04480      0.04480     -0.04480
RU      0.49988      0.75012      0.75012      0.04480     -0.04480     -0.04480
