/* Converted from PWscf output file */ 
#L_UNITS ang 
#E_UNITS eV 
#S_UNITS GPA 
#F_UNITS EV/ANG 
#ALAT 	   7.61797     // a0 
#X 	   1.00000     0.00000     0.00000     // X 
#Y 	   0.00000     1.00000     0.00000     // Y 
#Z 	   0.00000     0.00000     1.00000     // Z 
#SX 	  51.00162     0.00000     0.00000     // SX 
#SY 	   0.00000    51.00162     0.00000     // SY 
#SZ 	   0.00000     0.00000    51.00162     // SZ 
#EPA 	  -5.14966     // Energy per Atom 
#RCUT 	6.5        // Rcut 
RU      0.12500      0.12500      0.12500      0.00000      0.00000      0.00000
RU      0.00000      0.00000      0.00000    -33.31119    -33.31119    -33.31119
RU      0.25000      0.25000      0.00000     33.31119     33.31119    -33.31119
RU      0.25000      0.00000      0.25000     33.31119    -33.31119     33.31119
RU      0.00000      0.25000      0.25000    -33.31119     33.31119     33.31119
RU      0.00000      0.00000      0.50000     -0.27322     -0.27322      0.70097
RU      0.25000      0.25000      0.50000      0.27322      0.27322      0.70097
RU      0.25000      0.00000      0.75000      0.27322     -0.27322     -0.70097
RU      0.00000      0.25000      0.75000     -0.27322      0.27322     -0.70097
RU      0.00000      0.50000      0.00000     -0.27322      0.70097     -0.27322
RU      0.25000      0.75000      0.00000      0.27322     -0.70097     -0.27322
RU      0.25000      0.50000      0.25000      0.27322      0.70097      0.27322
RU      0.00000      0.75000      0.25000     -0.27322     -0.70097      0.27322
RU      0.00000      0.50000      0.50000     -0.00653      0.53460      0.53460
RU      0.25000      0.75000      0.50000      0.00653     -0.53460      0.53460
RU      0.25000      0.50000      0.75000      0.00653      0.53460     -0.53460
RU      0.00000      0.75000      0.75000     -0.00653     -0.53460     -0.53460
RU      0.50000      0.00000      0.00000      0.70097     -0.27322     -0.27322
RU      0.75000      0.25000      0.00000     -0.70097      0.27322     -0.27322
RU      0.75000      0.00000      0.25000     -0.70097     -0.27322      0.27322
RU      0.50000      0.25000      0.25000      0.70097      0.27322      0.27322
RU      0.50000      0.00000      0.50000      0.53460     -0.00653      0.53460
RU      0.75000      0.25000      0.50000     -0.53460      0.00653      0.53460
RU      0.75000      0.00000      0.75000     -0.53460     -0.00653     -0.53460
RU      0.50000      0.25000      0.75000      0.53460      0.00653     -0.53460
RU      0.50000      0.50000      0.00000      0.53460      0.53460     -0.00653
RU      0.75000      0.75000      0.00000     -0.53460     -0.53460     -0.00653
RU      0.75000      0.50000      0.25000     -0.53460      0.53460      0.00653
RU      0.50000      0.75000      0.25000      0.53460     -0.53460      0.00653
RU      0.50000      0.50000      0.50000      0.03634      0.03634      0.03634
RU      0.75000      0.75000      0.50000     -0.03634     -0.03634      0.03634
RU      0.75000      0.50000      0.75000     -0.03634      0.03634     -0.03634
RU      0.50000      0.75000      0.75000      0.03634     -0.03634     -0.03634
