/* Converted from PWscf output file */ 
#L_UNITS ang 
#E_UNITS eV 
#S_UNITS GPA 
#F_UNITS EV/ANG 
#ALAT 	   7.76920     // a0 
#X 	   1.00000     0.00000     0.00000     // X 
#Y 	   0.00000     1.00000     0.00000     // Y 
#Z 	   0.00000     0.00000     1.00000     // Z 
#SX 	   0.02333     0.00000     0.00000     // SX 
#SY 	   0.00000     0.02333     0.00000     // SY 
#SZ 	   0.00000     0.00000     0.02333     // SZ 
#EPA 	  -6.50027     // Energy per Atom 
#RCUT 	6.5        // Rcut 
RU      0.12500      0.12500      0.12500      0.00000      0.00000      0.00000
RU     -0.04048     -0.04048     -0.04048     -0.01382     -0.01382     -0.01382
RU      0.29048      0.29048     -0.04048      0.01382      0.01382     -0.01382
RU      0.29048     -0.04048      0.29048      0.01382     -0.01382      0.01382
RU     -0.04048      0.29048      0.29048     -0.01382      0.01382      0.01382
RU     -0.00074     -0.00074      0.49612     -0.00218     -0.00218     -0.00115
RU      0.25074      0.25074      0.49612      0.00218      0.00218     -0.00115
RU      0.25074     -0.00074      0.75388      0.00218     -0.00218      0.00115
RU     -0.00074      0.25074      0.75388     -0.00218      0.00218      0.00115
RU     -0.00074      0.49612     -0.00074     -0.00218     -0.00115     -0.00218
RU      0.25074      0.75388     -0.00074      0.00218      0.00115     -0.00218
RU      0.25074      0.49612      0.25074      0.00218     -0.00115      0.00218
RU     -0.00074      0.75388      0.25074     -0.00218      0.00115      0.00218
RU      0.00588      0.50979      0.50979     -0.03055      0.01277      0.01277
RU      0.24412      0.74021      0.50979      0.03055     -0.01277      0.01277
RU      0.24412      0.50979      0.74021      0.03055      0.01277     -0.01277
RU      0.00588      0.74021      0.74021     -0.03055     -0.01277     -0.01277
RU      0.49612     -0.00074     -0.00074     -0.00115     -0.00218     -0.00218
RU      0.75388      0.25074     -0.00074      0.00115      0.00218     -0.00218
RU      0.75388     -0.00074      0.25074      0.00115     -0.00218      0.00218
RU      0.49612      0.25074      0.25074     -0.00115      0.00218      0.00218
RU      0.50979      0.00588      0.50979      0.01277     -0.03055      0.01277
RU      0.74021      0.24412      0.50979     -0.01277      0.03055      0.01277
RU      0.74021      0.00588      0.74021     -0.01277     -0.03055     -0.01277
RU      0.50979      0.24412      0.74021      0.01277      0.03055     -0.01277
RU      0.50979      0.50979      0.00588      0.01277      0.01277     -0.03055
RU      0.74021      0.74021      0.00588     -0.01277     -0.01277     -0.03055
RU      0.74021      0.50979      0.24412     -0.01277      0.01277      0.03055
RU      0.50979      0.74021      0.24412      0.01277     -0.01277      0.03055
RU      0.50202      0.50202      0.50202      0.01227      0.01227      0.01227
RU      0.74798      0.74798      0.50202     -0.01227     -0.01227      0.01227
RU      0.74798      0.50202      0.74798     -0.01227      0.01227     -0.01227
RU      0.50202      0.74798      0.74798      0.01227     -0.01227     -0.01227
