/* Converted from PWscf output file */ 
#L_UNITS ang 
#E_UNITS eV 
#S_UNITS GPA 
#F_UNITS EV/ANG 
#ALAT 	   7.77080     // a0 
#X 	   1.00000     0.00000     0.00000     // X 
#Y 	   0.00000     1.00000     0.00000     // Y 
#Z 	   0.00000     0.00000     1.00000     // Z 
#SX 	  -0.21423     0.00000     0.00000     // SX 
#SY 	   0.00000    -0.21423     0.00000     // SY 
#SZ 	   0.00000     0.00000    -0.21423     // SZ 
#EPA 	  -6.49958     // Energy per Atom 
#RCUT 	6.5        // Rcut 
RU      0.12500      0.12500      0.12500      0.00000      0.00000      0.00000
RU     -0.04070     -0.04070     -0.04070      0.04781      0.04781      0.04781
RU      0.29070      0.29070     -0.04070     -0.04781     -0.04781      0.04781
RU      0.29070     -0.04070      0.29070     -0.04781      0.04781     -0.04781
RU     -0.04070      0.29070      0.29070      0.04781     -0.04781     -0.04781
RU     -0.00094     -0.00094      0.49831      0.01526      0.01526     -0.11104
RU      0.25094      0.25094      0.49831     -0.01526     -0.01526     -0.11104
RU      0.25094     -0.00094      0.75169     -0.01526      0.01526      0.11104
RU     -0.00094      0.25094      0.75169      0.01526     -0.01526      0.11104
RU     -0.00094      0.49831     -0.00094      0.01526     -0.11104      0.01526
RU      0.25094      0.75169     -0.00094     -0.01526      0.11104      0.01526
RU      0.25094      0.49831      0.25094     -0.01526     -0.11104     -0.01526
RU     -0.00094      0.75169      0.25094      0.01526      0.11104     -0.01526
RU      0.00571      0.50981      0.50981      0.04253     -0.04213     -0.04213
RU      0.24429      0.74019      0.50981     -0.04253      0.04213     -0.04213
RU      0.24429      0.50981      0.74019     -0.04253     -0.04213      0.04213
RU      0.00571      0.74019      0.74019      0.04253      0.04213      0.04213
RU      0.49831     -0.00094     -0.00094     -0.11104      0.01526      0.01526
RU      0.75169      0.25094     -0.00094      0.11104     -0.01526      0.01526
RU      0.75169     -0.00094      0.25094      0.11104      0.01526     -0.01526
RU      0.49831      0.25094      0.25094     -0.11104     -0.01526     -0.01526
RU      0.50981      0.00571      0.50981     -0.04213      0.04253     -0.04213
RU      0.74019      0.24429      0.50981      0.04213     -0.04253     -0.04213
RU      0.74019      0.00571      0.74019      0.04213      0.04253      0.04213
RU      0.50981      0.24429      0.74019     -0.04213     -0.04253      0.04213
RU      0.50981      0.50981      0.00571     -0.04213     -0.04213      0.04253
RU      0.74019      0.74019      0.00571      0.04213      0.04213      0.04253
RU      0.74019      0.50981      0.24429      0.04213     -0.04213     -0.04253
RU      0.50981      0.74019      0.24429     -0.04213      0.04213     -0.04253
RU      0.50049      0.50049      0.50049      0.06242      0.06242      0.06242
RU      0.74951      0.74951      0.50049     -0.06242     -0.06242      0.06242
RU      0.74951      0.50049      0.74951     -0.06242      0.06242     -0.06242
RU      0.50049      0.74951      0.74951      0.06242     -0.06242     -0.06242
