/* Converted from PWscf output file */ 
#L_UNITS ang 
#E_UNITS eV 
#S_UNITS GPA 
#F_UNITS EV/ANG 
#ALAT 	   7.76875     // a0 
#X 	   1.00000     0.00000     0.00000     // X 
#Y 	   0.00000     1.00000     0.00000     // Y 
#Z 	   0.00000     0.00000     1.00000     // Z 
#SX 	  -0.01517     0.00000     0.00000     // SX 
#SY 	   0.00000    -0.01517     0.00000     // SY 
#SZ 	   0.00000     0.00000    -0.01517     // SZ 
#EPA 	  -6.49916     // Energy per Atom 
#RCUT 	6.5        // Rcut 
RU      0.12500      0.12500      0.12500      0.00000      0.00000      0.00000
RU     -0.04057     -0.04057     -0.04057     -0.02902     -0.02902     -0.02902
RU      0.29057      0.29057     -0.04057      0.02902      0.02902     -0.02902
RU      0.29057     -0.04057      0.29057      0.02902     -0.02902      0.02902
RU     -0.04057      0.29057      0.29057     -0.02902      0.02902      0.02902
RU     -0.00106     -0.00106      0.49905      0.02496      0.02496     -0.13073
RU      0.25106      0.25106      0.49905     -0.02496     -0.02496     -0.13073
RU      0.25106     -0.00106      0.75095     -0.02496      0.02496      0.13073
RU     -0.00106      0.25106      0.75095      0.02496     -0.02496      0.13073
RU     -0.00106      0.49905     -0.00106      0.02496     -0.13073      0.02496
RU      0.25106      0.75095     -0.00106     -0.02496      0.13073      0.02496
RU      0.25106      0.49905      0.25106     -0.02496     -0.13073     -0.02496
RU     -0.00106      0.75095      0.25106      0.02496      0.13073     -0.02496
RU      0.00519      0.50999      0.50999      0.10103     -0.06604     -0.06604
RU      0.24481      0.74001      0.50999     -0.10103      0.06604     -0.06604
RU      0.24481      0.50999      0.74001     -0.10103     -0.06604      0.06604
RU      0.00519      0.74001      0.74001      0.10103      0.06604      0.06604
RU      0.49905     -0.00106     -0.00106     -0.13073      0.02496      0.02496
RU      0.75095      0.25106     -0.00106      0.13073     -0.02496      0.02496
RU      0.75095     -0.00106      0.25106      0.13073      0.02496     -0.02496
RU      0.49905      0.25106      0.25106     -0.13073     -0.02496     -0.02496
RU      0.50999      0.00519      0.50999     -0.06604      0.10103     -0.06604
RU      0.74001      0.24481      0.50999      0.06604     -0.10103     -0.06604
RU      0.74001      0.00519      0.74001      0.06604      0.10103      0.06604
RU      0.50999      0.24481      0.74001     -0.06604     -0.10103      0.06604
RU      0.50999      0.50999      0.00519     -0.06604     -0.06604      0.10103
RU      0.74001      0.74001      0.00519      0.06604      0.06604      0.10103
RU      0.74001      0.50999      0.24481      0.06604     -0.06604     -0.10103
RU      0.50999      0.74001      0.24481     -0.06604      0.06604     -0.10103
RU      0.50014      0.50014      0.50014      0.05666      0.05666      0.05666
RU      0.74986      0.74986      0.50014     -0.05666     -0.05666      0.05666
RU      0.74986      0.50014      0.74986     -0.05666      0.05666     -0.05666
RU      0.50014      0.74986      0.74986      0.05666     -0.05666     -0.05666
