/* Converted from PWscf output file */ 
#L_UNITS ang 
#E_UNITS eV 
#S_UNITS GPA 
#F_UNITS EV/ANG 
#ALAT 	  15.18565     // a0 
#X 	   1.00000     0.00000     0.00000     // X 
#Y 	   0.00000     1.00000     0.00000     // Y 
#Z 	   0.00000     0.00000     1.00000     // Z 
#SX 	  -0.48126     0.00000     0.00000     // SX 
#SY 	   0.00000    -0.48126     0.00000     // SY 
#SZ 	   0.00000     0.00000    -0.48126     // SZ 
#EPA 	  -6.62786     // Energy per Atom 
#RCUT 	6.5        // Rcut 
RU      0.12352      0.12352      0.00000     -0.04035     -0.04035      0.00000
RU      0.12352      0.00000      0.12352     -0.04035     -0.00000     -0.04035
RU      0.00000      0.12352      0.12352      0.00000     -0.04035     -0.04035
RU      0.00000      0.00000      0.25000      0.00000      0.00000      0.00000
RU      0.12521      0.12521      0.25000      0.02931      0.02931     -0.00000
RU      0.12352      0.00000      0.37648     -0.04035     -0.00000      0.04035
RU      0.00000      0.12352      0.37648      0.00000     -0.04035      0.04035
RU      0.00000      0.25000      0.00000      0.00000      0.00000      0.00000
RU      0.12352      0.37648      0.00000     -0.04035      0.04035      0.00000
RU      0.12521      0.25000      0.12521      0.02931      0.00000      0.02931
RU      0.00000      0.37648      0.12352      0.00000      0.04035     -0.04035
RU      0.00000      0.25000      0.25000      0.00000      0.00000      0.00000
RU      0.12521      0.37479      0.25000      0.02931     -0.02931      0.00000
RU      0.12521      0.25000      0.37479      0.02931      0.00000     -0.02931
RU      0.00000      0.37648      0.37648     -0.00000      0.04035      0.04035
RU      0.25000      0.00000      0.00000      0.00000      0.00000      0.00000
RU      0.37648      0.12352      0.00000      0.04035     -0.04035      0.00000
RU      0.37648      0.00000      0.12352      0.04035      0.00000     -0.04035
RU      0.25000      0.12521      0.12521      0.00000      0.02931      0.02931
RU      0.25000      0.00000      0.25000      0.00000      0.00000      0.00000
RU      0.37479      0.12521      0.25000     -0.02931      0.02931      0.00000
RU      0.37648      0.00000      0.37648      0.04035      0.00000      0.04035
RU      0.25000      0.12521      0.37479     -0.00000      0.02931     -0.02931
RU      0.25000      0.25000      0.00000      0.00000      0.00000      0.00000
RU      0.37648      0.37648      0.00000      0.04035      0.04035      0.00000
RU      0.37479      0.25000      0.12521     -0.02931     -0.00000      0.02931
RU      0.25000      0.37479      0.12521      0.00000     -0.02931      0.02931
RU      0.25000      0.25000      0.25000      0.00000      0.00000      0.00000
RU      0.37479      0.37479      0.25000     -0.02931     -0.02931      0.00000
RU      0.37479      0.25000      0.37479     -0.02931     -0.00000     -0.02931
RU      0.25000      0.37479      0.37479     -0.00000     -0.02931     -0.02931
RU      0.12352      0.12352      0.50000     -0.04035     -0.04035      0.00000
RU      0.12352      0.00000      0.62352     -0.04035     -0.00000     -0.04035
RU      0.00000      0.12352      0.62352      0.00000     -0.04035     -0.04035
RU      0.00000      0.00000      0.75000      0.00000      0.00000      0.00000
RU      0.12521      0.12521      0.75000      0.02931      0.02931     -0.00000
RU      0.12352      0.00000      0.87648     -0.04035     -0.00000      0.04035
RU      0.00000      0.12352      0.87648      0.00000     -0.04035      0.04035
RU      0.00000      0.25000      0.50000      0.00000      0.00000      0.00000
RU      0.12352      0.37648      0.50000     -0.04035      0.04035      0.00000
RU      0.12521      0.25000      0.62521      0.02931      0.00000      0.02931
RU      0.00000      0.37648      0.62352      0.00000      0.04035     -0.04035
RU      0.00000      0.25000      0.75000      0.00000      0.00000      0.00000
RU      0.12521      0.37479      0.75000      0.02931     -0.02931      0.00000
RU      0.12521      0.25000      0.87479      0.02931      0.00000     -0.02931
RU      0.00000      0.37648      0.87648     -0.00000      0.04035      0.04035
RU      0.25000      0.00000      0.50000      0.00000      0.00000      0.00000
RU      0.37648      0.12352      0.50000      0.04035     -0.04035      0.00000
RU      0.37648      0.00000      0.62352      0.04035      0.00000     -0.04035
RU      0.25000      0.12521      0.62521      0.00000      0.02931      0.02931
RU      0.25000      0.00000      0.75000      0.00000      0.00000      0.00000
RU      0.37479      0.12521      0.75000     -0.02931      0.02931      0.00000
RU      0.37648      0.00000      0.87648      0.04035      0.00000      0.04035
RU      0.25000      0.12521      0.87479     -0.00000      0.02931     -0.02931
RU      0.25000      0.25000      0.50000      0.00000      0.00000      0.00000
RU      0.37648      0.37648      0.50000      0.04035      0.04035      0.00000
RU      0.37479      0.25000      0.62521     -0.02931     -0.00000      0.02931
RU      0.25000      0.37479      0.62521      0.00000     -0.02931      0.02931
RU      0.25000      0.25000      0.75000      0.00000      0.00000      0.00000
RU      0.37479      0.37479      0.75000     -0.02931     -0.02931      0.00000
RU      0.37479      0.25000      0.87479     -0.02931     -0.00000     -0.02931
RU      0.25000      0.37479      0.87479     -0.00000     -0.02931     -0.02931
RU      0.12352      0.62352      0.00000     -0.04035     -0.04035      0.00000
RU      0.12352      0.50000      0.12352     -0.04035     -0.00000     -0.04035
RU      0.00000      0.62352      0.12352      0.00000     -0.04035     -0.04035
RU      0.00000      0.50000      0.25000      0.00000      0.00000      0.00000
RU      0.12521      0.62521      0.25000      0.02931      0.02931     -0.00000
RU      0.12352      0.50000      0.37648     -0.04035     -0.00000      0.04035
RU      0.00000      0.62352      0.37648      0.00000     -0.04035      0.04035
RU      0.00000      0.75000      0.00000      0.00000      0.00000      0.00000
RU      0.12352      0.87648      0.00000     -0.04035      0.04035      0.00000
RU      0.12521      0.75000      0.12521      0.02931      0.00000      0.02931
RU      0.00000      0.87648      0.12352      0.00000      0.04035     -0.04035
RU      0.00000      0.75000      0.25000      0.00000      0.00000      0.00000
RU      0.12521      0.87479      0.25000      0.02931     -0.02931      0.00000
RU      0.12521      0.75000      0.37479      0.02931      0.00000     -0.02931
RU      0.00000      0.87648      0.37648     -0.00000      0.04035      0.04035
RU      0.25000      0.50000      0.00000      0.00000      0.00000      0.00000
RU      0.37648      0.62352      0.00000      0.04035     -0.04035      0.00000
RU      0.37648      0.50000      0.12352      0.04035      0.00000     -0.04035
RU      0.25000      0.62521      0.12521      0.00000      0.02931      0.02931
RU      0.25000      0.50000      0.25000      0.00000      0.00000      0.00000
RU      0.37479      0.62521      0.25000     -0.02931      0.02931      0.00000
RU      0.37648      0.50000      0.37648      0.04035      0.00000      0.04035
RU      0.25000      0.62521      0.37479     -0.00000      0.02931     -0.02931
RU      0.25000      0.75000      0.00000      0.00000      0.00000      0.00000
RU      0.37648      0.87648      0.00000      0.04035      0.04035      0.00000
RU      0.37479      0.75000      0.12521     -0.02931     -0.00000      0.02931
RU      0.25000      0.87479      0.12521      0.00000     -0.02931      0.02931
RU      0.25000      0.75000      0.25000      0.00000      0.00000      0.00000
RU      0.37479      0.87479      0.25000     -0.02931     -0.02931      0.00000
RU      0.37479      0.75000      0.37479     -0.02931     -0.00000     -0.02931
RU      0.25000      0.87479      0.37479     -0.00000     -0.02931     -0.02931
RU      0.12352      0.62352      0.50000     -0.04035     -0.04035      0.00000
RU      0.12352      0.50000      0.62352     -0.04035     -0.00000     -0.04035
RU      0.00000      0.62352      0.62352      0.00000     -0.04035     -0.04035
RU      0.00000      0.50000      0.75000      0.00000      0.00000      0.00000
RU      0.12521      0.62521      0.75000      0.02931      0.02931     -0.00000
RU      0.12352      0.50000      0.87648     -0.04035     -0.00000      0.04035
RU      0.00000      0.62352      0.87648      0.00000     -0.04035      0.04035
RU      0.00000      0.75000      0.50000      0.00000      0.00000      0.00000
RU      0.12352      0.87648      0.50000     -0.04035      0.04035      0.00000
RU      0.12521      0.75000      0.62521      0.02931      0.00000      0.02931
RU      0.00000      0.87648      0.62352      0.00000      0.04035     -0.04035
RU      0.00000      0.75000      0.75000      0.00000      0.00000      0.00000
RU      0.12521      0.87479      0.75000      0.02931     -0.02931      0.00000
RU      0.12521      0.75000      0.87479      0.02931      0.00000     -0.02931
RU      0.00000      0.87648      0.87648     -0.00000      0.04035      0.04035
RU      0.25000      0.50000      0.50000      0.00000      0.00000      0.00000
RU      0.37648      0.62352      0.50000      0.04035     -0.04035      0.00000
RU      0.37648      0.50000      0.62352      0.04035      0.00000     -0.04035
RU      0.25000      0.62521      0.62521      0.00000      0.02931      0.02931
RU      0.25000      0.50000      0.75000      0.00000      0.00000      0.00000
RU      0.37479      0.62521      0.75000     -0.02931      0.02931      0.00000
RU      0.37648      0.50000      0.87648      0.04035      0.00000      0.04035
RU      0.25000      0.62521      0.87479     -0.00000      0.02931     -0.02931
RU      0.25000      0.75000      0.50000      0.00000      0.00000      0.00000
RU      0.37648      0.87648      0.50000      0.04035      0.04035      0.00000
RU      0.37479      0.75000      0.62521     -0.02931     -0.00000      0.02931
RU      0.25000      0.87479      0.62521      0.00000     -0.02931      0.02931
RU      0.25000      0.75000      0.75000      0.00000      0.00000      0.00000
RU      0.37479      0.87479      0.75000     -0.02931     -0.02931      0.00000
RU      0.37479      0.75000      0.87479     -0.02931     -0.00000     -0.02931
RU      0.25000      0.87479      0.87479     -0.00000     -0.02931     -0.02931
RU      0.62352      0.12352      0.00000     -0.04035     -0.04035      0.00000
RU      0.62352      0.00000      0.12352     -0.04035     -0.00000     -0.04035
RU      0.50000      0.12352      0.12352      0.00000     -0.04035     -0.04035
RU      0.50000      0.00000      0.25000      0.00000      0.00000      0.00000
RU      0.62521      0.12521      0.25000      0.02931      0.02931     -0.00000
RU      0.62352      0.00000      0.37648     -0.04035     -0.00000      0.04035
RU      0.50000      0.12352      0.37648      0.00000     -0.04035      0.04035
RU      0.50000      0.25000      0.00000      0.00000      0.00000      0.00000
RU      0.62352      0.37648      0.00000     -0.04035      0.04035      0.00000
RU      0.62521      0.25000      0.12521      0.02931      0.00000      0.02931
RU      0.50000      0.37648      0.12352      0.00000      0.04035     -0.04035
RU      0.50000      0.25000      0.25000      0.00000      0.00000      0.00000
RU      0.62521      0.37479      0.25000      0.02931     -0.02931      0.00000
RU      0.62521      0.25000      0.37479      0.02931      0.00000     -0.02931
RU      0.50000      0.37648      0.37648     -0.00000      0.04035      0.04035
RU      0.75000      0.00000      0.00000      0.00000      0.00000      0.00000
RU      0.87648      0.12352      0.00000      0.04035     -0.04035      0.00000
RU      0.87648      0.00000      0.12352      0.04035      0.00000     -0.04035
RU      0.75000      0.12521      0.12521      0.00000      0.02931      0.02931
RU      0.75000      0.00000      0.25000      0.00000      0.00000      0.00000
RU      0.87479      0.12521      0.25000     -0.02931      0.02931      0.00000
RU      0.87648      0.00000      0.37648      0.04035      0.00000      0.04035
RU      0.75000      0.12521      0.37479     -0.00000      0.02931     -0.02931
RU      0.75000      0.25000      0.00000      0.00000      0.00000      0.00000
RU      0.87648      0.37648      0.00000      0.04035      0.04035      0.00000
RU      0.87479      0.25000      0.12521     -0.02931     -0.00000      0.02931
RU      0.75000      0.37479      0.12521      0.00000     -0.02931      0.02931
RU      0.75000      0.25000      0.25000      0.00000      0.00000      0.00000
RU      0.87479      0.37479      0.25000     -0.02931     -0.02931      0.00000
RU      0.87479      0.25000      0.37479     -0.02931     -0.00000     -0.02931
RU      0.75000      0.37479      0.37479     -0.00000     -0.02931     -0.02931
RU      0.62352      0.12352      0.50000     -0.04035     -0.04035      0.00000
RU      0.62352      0.00000      0.62352     -0.04035     -0.00000     -0.04035
RU      0.50000      0.12352      0.62352      0.00000     -0.04035     -0.04035
RU      0.50000      0.00000      0.75000      0.00000      0.00000      0.00000
RU      0.62521      0.12521      0.75000      0.02931      0.02931     -0.00000
RU      0.62352      0.00000      0.87648     -0.04035     -0.00000      0.04035
RU      0.50000      0.12352      0.87648      0.00000     -0.04035      0.04035
RU      0.50000      0.25000      0.50000      0.00000      0.00000      0.00000
RU      0.62352      0.37648      0.50000     -0.04035      0.04035      0.00000
RU      0.62521      0.25000      0.62521      0.02931      0.00000      0.02931
RU      0.50000      0.37648      0.62352      0.00000      0.04035     -0.04035
RU      0.50000      0.25000      0.75000      0.00000      0.00000      0.00000
RU      0.62521      0.37479      0.75000      0.02931     -0.02931      0.00000
RU      0.62521      0.25000      0.87479      0.02931      0.00000     -0.02931
RU      0.50000      0.37648      0.87648     -0.00000      0.04035      0.04035
RU      0.75000      0.00000      0.50000      0.00000      0.00000      0.00000
RU      0.87648      0.12352      0.50000      0.04035     -0.04035      0.00000
RU      0.87648      0.00000      0.62352      0.04035      0.00000     -0.04035
RU      0.75000      0.12521      0.62521      0.00000      0.02931      0.02931
RU      0.75000      0.00000      0.75000      0.00000      0.00000      0.00000
RU      0.87479      0.12521      0.75000     -0.02931      0.02931      0.00000
RU      0.87648      0.00000      0.87648      0.04035      0.00000      0.04035
RU      0.75000      0.12521      0.87479     -0.00000      0.02931     -0.02931
RU      0.75000      0.25000      0.50000      0.00000      0.00000      0.00000
RU      0.87648      0.37648      0.50000      0.04035      0.04035      0.00000
RU      0.87479      0.25000      0.62521     -0.02931     -0.00000      0.02931
RU      0.75000      0.37479      0.62521      0.00000     -0.02931      0.02931
RU      0.75000      0.25000      0.75000      0.00000      0.00000      0.00000
RU      0.87479      0.37479      0.75000     -0.02931     -0.02931      0.00000
RU      0.87479      0.25000      0.87479     -0.02931     -0.00000     -0.02931
RU      0.75000      0.37479      0.87479     -0.00000     -0.02931     -0.02931
RU      0.62352      0.62352      0.00000     -0.04035     -0.04035      0.00000
RU      0.62352      0.50000      0.12352     -0.04035     -0.00000     -0.04035
RU      0.50000      0.62352      0.12352      0.00000     -0.04035     -0.04035
RU      0.50000      0.50000      0.25000      0.00000      0.00000      0.00000
RU      0.62521      0.62521      0.25000      0.02931      0.02931     -0.00000
RU      0.62352      0.50000      0.37648     -0.04035     -0.00000      0.04035
RU      0.50000      0.62352      0.37648      0.00000     -0.04035      0.04035
RU      0.50000      0.75000      0.00000      0.00000      0.00000      0.00000
RU      0.62352      0.87648      0.00000     -0.04035      0.04035      0.00000
RU      0.62521      0.75000      0.12521      0.02931      0.00000      0.02931
RU      0.50000      0.87648      0.12352      0.00000      0.04035     -0.04035
RU      0.50000      0.75000      0.25000      0.00000      0.00000      0.00000
RU      0.62521      0.87479      0.25000      0.02931     -0.02931      0.00000
RU      0.62521      0.75000      0.37479      0.02931      0.00000     -0.02931
RU      0.50000      0.87648      0.37648     -0.00000      0.04035      0.04035
RU      0.75000      0.50000      0.00000      0.00000      0.00000      0.00000
RU      0.87648      0.62352      0.00000      0.04035     -0.04035      0.00000
RU      0.87648      0.50000      0.12352      0.04035      0.00000     -0.04035
RU      0.75000      0.62521      0.12521      0.00000      0.02931      0.02931
RU      0.75000      0.50000      0.25000      0.00000      0.00000      0.00000
RU      0.87479      0.62521      0.25000     -0.02931      0.02931      0.00000
RU      0.87648      0.50000      0.37648      0.04035      0.00000      0.04035
RU      0.75000      0.62521      0.37479     -0.00000      0.02931     -0.02931
RU      0.75000      0.75000      0.00000      0.00000      0.00000      0.00000
RU      0.87648      0.87648      0.00000      0.04035      0.04035      0.00000
RU      0.87479      0.75000      0.12521     -0.02931     -0.00000      0.02931
RU      0.75000      0.87479      0.12521      0.00000     -0.02931      0.02931
RU      0.75000      0.75000      0.25000      0.00000      0.00000      0.00000
RU      0.87479      0.87479      0.25000     -0.02931     -0.02931      0.00000
RU      0.87479      0.75000      0.37479     -0.02931     -0.00000     -0.02931
RU      0.75000      0.87479      0.37479     -0.00000     -0.02931     -0.02931
RU      0.62352      0.62352      0.50000     -0.04035     -0.04035      0.00000
RU      0.62352      0.50000      0.62352     -0.04035     -0.00000     -0.04035
RU      0.50000      0.62352      0.62352      0.00000     -0.04035     -0.04035
RU      0.50000      0.50000      0.75000      0.00000      0.00000      0.00000
RU      0.62521      0.62521      0.75000      0.02931      0.02931     -0.00000
RU      0.62352      0.50000      0.87648     -0.04035     -0.00000      0.04035
RU      0.50000      0.62352      0.87648      0.00000     -0.04035      0.04035
RU      0.50000      0.75000      0.50000      0.00000      0.00000      0.00000
RU      0.62352      0.87648      0.50000     -0.04035      0.04035      0.00000
RU      0.62521      0.75000      0.62521      0.02931      0.00000      0.02931
RU      0.50000      0.87648      0.62352      0.00000      0.04035     -0.04035
RU      0.50000      0.75000      0.75000      0.00000      0.00000      0.00000
RU      0.62521      0.87479      0.75000      0.02931     -0.02931      0.00000
RU      0.62521      0.75000      0.87479      0.02931      0.00000     -0.02931
RU      0.50000      0.87648      0.87648     -0.00000      0.04035      0.04035
RU      0.75000      0.50000      0.50000      0.00000      0.00000      0.00000
RU      0.87648      0.62352      0.50000      0.04035     -0.04035      0.00000
RU      0.87648      0.50000      0.62352      0.04035      0.00000     -0.04035
RU      0.75000      0.62521      0.62521      0.00000      0.02931      0.02931
RU      0.75000      0.50000      0.75000      0.00000      0.00000      0.00000
RU      0.87479      0.62521      0.75000     -0.02931      0.02931      0.00000
RU      0.87648      0.50000      0.87648      0.04035      0.00000      0.04035
RU      0.75000      0.62521      0.87479     -0.00000      0.02931     -0.02931
RU      0.75000      0.75000      0.50000      0.00000      0.00000      0.00000
RU      0.87648      0.87648      0.50000      0.04035      0.04035      0.00000
RU      0.87479      0.75000      0.62521     -0.02931     -0.00000      0.02931
RU      0.75000      0.87479      0.62521      0.00000     -0.02931      0.02931
RU      0.75000      0.75000      0.75000      0.00000      0.00000      0.00000
RU      0.87479      0.87479      0.75000     -0.02931     -0.02931      0.00000
RU      0.87479      0.75000      0.87479     -0.02931     -0.00000     -0.02931
RU      0.75000      0.87479      0.87479     -0.00000     -0.02931     -0.02931
