/* Converted from PWscf output file */ 
#L_UNITS ang 
#E_UNITS eV 
#S_UNITS GPA 
#F_UNITS EV/ANG 
#ALAT 	  15.17582     // a0 
#X 	   1.00000     0.00000     0.00000     // X 
#Y 	   0.00000     1.00000     0.00000     // Y 
#Z 	   0.00000     0.00000     1.00000     // Z 
#SX 	  -0.06621     0.00000     0.00000     // SX 
#SY 	   0.00000    -0.06621     0.00000     // SY 
#SZ 	   0.00000     0.00000    -0.06621     // SZ 
#EPA 	  -6.62734     // Energy per Atom 
#RCUT 	6.5        // Rcut 
RU      0.12348      0.12348      0.00000      0.00585      0.00585     -0.00000
RU      0.12348      0.00000      0.12348      0.00585      0.00000      0.00585
RU      0.00000      0.12348      0.12348      0.00000      0.00585      0.00585
RU      0.00000      0.00000      0.25000      0.00000      0.00000      0.00000
RU      0.12525      0.12525      0.25000      0.01663      0.01663     -0.00000
RU      0.12348      0.00000      0.37652      0.00585      0.00000     -0.00585
RU      0.00000      0.12348      0.37652      0.00000      0.00585     -0.00585
RU      0.00000      0.25000      0.00000      0.00000      0.00000      0.00000
RU      0.12348      0.37652      0.00000      0.00585     -0.00585     -0.00000
RU      0.12525      0.25000      0.12525      0.01663     -0.00000      0.01663
RU      0.00000      0.37652      0.12348      0.00000     -0.00585      0.00585
RU      0.00000      0.25000      0.25000      0.00000      0.00000      0.00000
RU      0.12525      0.37475      0.25000      0.01663     -0.01663      0.00000
RU      0.12525      0.25000      0.37475      0.01663     -0.00000     -0.01663
RU      0.00000      0.37652      0.37652      0.00000     -0.00585     -0.00585
RU      0.25000      0.00000      0.00000      0.00000      0.00000      0.00000
RU      0.37652      0.12348      0.00000     -0.00585      0.00585     -0.00000
RU      0.37652      0.00000      0.12348     -0.00585      0.00000      0.00585
RU      0.25000      0.12525      0.12525     -0.00000      0.01663      0.01663
RU      0.25000      0.00000      0.25000      0.00000      0.00000      0.00000
RU      0.37475      0.12525      0.25000     -0.01663      0.01663     -0.00000
RU      0.37652      0.00000      0.37652     -0.00585      0.00000     -0.00585
RU      0.25000      0.12525      0.37475      0.00000      0.01663     -0.01663
RU      0.25000      0.25000      0.00000      0.00000      0.00000      0.00000
RU      0.37652      0.37652      0.00000     -0.00585     -0.00585     -0.00000
RU      0.37475      0.25000      0.12525     -0.01663     -0.00000      0.01663
RU      0.25000      0.37475      0.12525      0.00000     -0.01663      0.01663
RU      0.25000      0.25000      0.25000      0.00000      0.00000      0.00000
RU      0.37475      0.37475      0.25000     -0.01663     -0.01663     -0.00000
RU      0.37475      0.25000      0.37475     -0.01663      0.00000     -0.01663
RU      0.25000      0.37475      0.37475     -0.00000     -0.01663     -0.01663
RU      0.12348      0.12348      0.50000      0.00585      0.00585     -0.00000
RU      0.12348      0.00000      0.62348      0.00585      0.00000      0.00585
RU      0.00000      0.12348      0.62348      0.00000      0.00585      0.00585
RU      0.00000      0.00000      0.75000      0.00000      0.00000      0.00000
RU      0.12525      0.12525      0.75000      0.01663      0.01663     -0.00000
RU      0.12348      0.00000      0.87652      0.00585      0.00000     -0.00585
RU      0.00000      0.12348      0.87652      0.00000      0.00585     -0.00585
RU      0.00000      0.25000      0.50000      0.00000      0.00000      0.00000
RU      0.12348      0.37652      0.50000      0.00585     -0.00585     -0.00000
RU      0.12525      0.25000      0.62525      0.01663     -0.00000      0.01663
RU      0.00000      0.37652      0.62348      0.00000     -0.00585      0.00585
RU      0.00000      0.25000      0.75000      0.00000      0.00000      0.00000
RU      0.12525      0.37475      0.75000      0.01663     -0.01663      0.00000
RU      0.12525      0.25000      0.87475      0.01663     -0.00000     -0.01663
RU      0.00000      0.37652      0.87652      0.00000     -0.00585     -0.00585
RU      0.25000      0.00000      0.50000      0.00000      0.00000      0.00000
RU      0.37652      0.12348      0.50000     -0.00585      0.00585     -0.00000
RU      0.37652      0.00000      0.62348     -0.00585      0.00000      0.00585
RU      0.25000      0.12525      0.62525     -0.00000      0.01663      0.01663
RU      0.25000      0.00000      0.75000      0.00000      0.00000      0.00000
RU      0.37475      0.12525      0.75000     -0.01663      0.01663     -0.00000
RU      0.37652      0.00000      0.87652     -0.00585      0.00000     -0.00585
RU      0.25000      0.12525      0.87475      0.00000      0.01663     -0.01663
RU      0.25000      0.25000      0.50000      0.00000      0.00000      0.00000
RU      0.37652      0.37652      0.50000     -0.00585     -0.00585     -0.00000
RU      0.37475      0.25000      0.62525     -0.01663     -0.00000      0.01663
RU      0.25000      0.37475      0.62525      0.00000     -0.01663      0.01663
RU      0.25000      0.25000      0.75000      0.00000      0.00000      0.00000
RU      0.37475      0.37475      0.75000     -0.01663     -0.01663     -0.00000
RU      0.37475      0.25000      0.87475     -0.01663      0.00000     -0.01663
RU      0.25000      0.37475      0.87475     -0.00000     -0.01663     -0.01663
RU      0.12348      0.62348      0.00000      0.00585      0.00585     -0.00000
RU      0.12348      0.50000      0.12348      0.00585      0.00000      0.00585
RU      0.00000      0.62348      0.12348      0.00000      0.00585      0.00585
RU      0.00000      0.50000      0.25000      0.00000      0.00000      0.00000
RU      0.12525      0.62525      0.25000      0.01663      0.01663     -0.00000
RU      0.12348      0.50000      0.37652      0.00585      0.00000     -0.00585
RU      0.00000      0.62348      0.37652      0.00000      0.00585     -0.00585
RU      0.00000      0.75000      0.00000      0.00000      0.00000      0.00000
RU      0.12348      0.87652      0.00000      0.00585     -0.00585     -0.00000
RU      0.12525      0.75000      0.12525      0.01663     -0.00000      0.01663
RU      0.00000      0.87652      0.12348      0.00000     -0.00585      0.00585
RU      0.00000      0.75000      0.25000      0.00000      0.00000      0.00000
RU      0.12525      0.87475      0.25000      0.01663     -0.01663      0.00000
RU      0.12525      0.75000      0.37475      0.01663     -0.00000     -0.01663
RU      0.00000      0.87652      0.37652      0.00000     -0.00585     -0.00585
RU      0.25000      0.50000      0.00000      0.00000      0.00000      0.00000
RU      0.37652      0.62348      0.00000     -0.00585      0.00585     -0.00000
RU      0.37652      0.50000      0.12348     -0.00585      0.00000      0.00585
RU      0.25000      0.62525      0.12525     -0.00000      0.01663      0.01663
RU      0.25000      0.50000      0.25000      0.00000      0.00000      0.00000
RU      0.37475      0.62525      0.25000     -0.01663      0.01663     -0.00000
RU      0.37652      0.50000      0.37652     -0.00585      0.00000     -0.00585
RU      0.25000      0.62525      0.37475      0.00000      0.01663     -0.01663
RU      0.25000      0.75000      0.00000      0.00000      0.00000      0.00000
RU      0.37652      0.87652      0.00000     -0.00585     -0.00585     -0.00000
RU      0.37475      0.75000      0.12525     -0.01663     -0.00000      0.01663
RU      0.25000      0.87475      0.12525      0.00000     -0.01663      0.01663
RU      0.25000      0.75000      0.25000      0.00000      0.00000      0.00000
RU      0.37475      0.87475      0.25000     -0.01663     -0.01663     -0.00000
RU      0.37475      0.75000      0.37475     -0.01663      0.00000     -0.01663
RU      0.25000      0.87475      0.37475     -0.00000     -0.01663     -0.01663
RU      0.12348      0.62348      0.50000      0.00585      0.00585     -0.00000
RU      0.12348      0.50000      0.62348      0.00585      0.00000      0.00585
RU      0.00000      0.62348      0.62348      0.00000      0.00585      0.00585
RU      0.00000      0.50000      0.75000      0.00000      0.00000      0.00000
RU      0.12525      0.62525      0.75000      0.01663      0.01663     -0.00000
RU      0.12348      0.50000      0.87652      0.00585      0.00000     -0.00585
RU      0.00000      0.62348      0.87652      0.00000      0.00585     -0.00585
RU      0.00000      0.75000      0.50000      0.00000      0.00000      0.00000
RU      0.12348      0.87652      0.50000      0.00585     -0.00585     -0.00000
RU      0.12525      0.75000      0.62525      0.01663     -0.00000      0.01663
RU      0.00000      0.87652      0.62348      0.00000     -0.00585      0.00585
RU      0.00000      0.75000      0.75000      0.00000      0.00000      0.00000
RU      0.12525      0.87475      0.75000      0.01663     -0.01663      0.00000
RU      0.12525      0.75000      0.87475      0.01663     -0.00000     -0.01663
RU      0.00000      0.87652      0.87652      0.00000     -0.00585     -0.00585
RU      0.25000      0.50000      0.50000      0.00000      0.00000      0.00000
RU      0.37652      0.62348      0.50000     -0.00585      0.00585     -0.00000
RU      0.37652      0.50000      0.62348     -0.00585      0.00000      0.00585
RU      0.25000      0.62525      0.62525     -0.00000      0.01663      0.01663
RU      0.25000      0.50000      0.75000      0.00000      0.00000      0.00000
RU      0.37475      0.62525      0.75000     -0.01663      0.01663     -0.00000
RU      0.37652      0.50000      0.87652     -0.00585      0.00000     -0.00585
RU      0.25000      0.62525      0.87475      0.00000      0.01663     -0.01663
RU      0.25000      0.75000      0.50000      0.00000      0.00000      0.00000
RU      0.37652      0.87652      0.50000     -0.00585     -0.00585     -0.00000
RU      0.37475      0.75000      0.62525     -0.01663     -0.00000      0.01663
RU      0.25000      0.87475      0.62525      0.00000     -0.01663      0.01663
RU      0.25000      0.75000      0.75000      0.00000      0.00000      0.00000
RU      0.37475      0.87475      0.75000     -0.01663     -0.01663     -0.00000
RU      0.37475      0.75000      0.87475     -0.01663      0.00000     -0.01663
RU      0.25000      0.87475      0.87475     -0.00000     -0.01663     -0.01663
RU      0.62348      0.12348      0.00000      0.00585      0.00585     -0.00000
RU      0.62348      0.00000      0.12348      0.00585      0.00000      0.00585
RU      0.50000      0.12348      0.12348      0.00000      0.00585      0.00585
RU      0.50000      0.00000      0.25000      0.00000      0.00000      0.00000
RU      0.62525      0.12525      0.25000      0.01663      0.01663     -0.00000
RU      0.62348      0.00000      0.37652      0.00585      0.00000     -0.00585
RU      0.50000      0.12348      0.37652      0.00000      0.00585     -0.00585
RU      0.50000      0.25000      0.00000      0.00000      0.00000      0.00000
RU      0.62348      0.37652      0.00000      0.00585     -0.00585     -0.00000
RU      0.62525      0.25000      0.12525      0.01663     -0.00000      0.01663
RU      0.50000      0.37652      0.12348      0.00000     -0.00585      0.00585
RU      0.50000      0.25000      0.25000      0.00000      0.00000      0.00000
RU      0.62525      0.37475      0.25000      0.01663     -0.01663      0.00000
RU      0.62525      0.25000      0.37475      0.01663     -0.00000     -0.01663
RU      0.50000      0.37652      0.37652      0.00000     -0.00585     -0.00585
RU      0.75000      0.00000      0.00000      0.00000      0.00000      0.00000
RU      0.87652      0.12348      0.00000     -0.00585      0.00585     -0.00000
RU      0.87652      0.00000      0.12348     -0.00585      0.00000      0.00585
RU      0.75000      0.12525      0.12525     -0.00000      0.01663      0.01663
RU      0.75000      0.00000      0.25000      0.00000      0.00000      0.00000
RU      0.87475      0.12525      0.25000     -0.01663      0.01663     -0.00000
RU      0.87652      0.00000      0.37652     -0.00585      0.00000     -0.00585
RU      0.75000      0.12525      0.37475      0.00000      0.01663     -0.01663
RU      0.75000      0.25000      0.00000      0.00000      0.00000      0.00000
RU      0.87652      0.37652      0.00000     -0.00585     -0.00585     -0.00000
RU      0.87475      0.25000      0.12525     -0.01663     -0.00000      0.01663
RU      0.75000      0.37475      0.12525      0.00000     -0.01663      0.01663
RU      0.75000      0.25000      0.25000      0.00000      0.00000      0.00000
RU      0.87475      0.37475      0.25000     -0.01663     -0.01663     -0.00000
RU      0.87475      0.25000      0.37475     -0.01663      0.00000     -0.01663
RU      0.75000      0.37475      0.37475     -0.00000     -0.01663     -0.01663
RU      0.62348      0.12348      0.50000      0.00585      0.00585     -0.00000
RU      0.62348      0.00000      0.62348      0.00585      0.00000      0.00585
RU      0.50000      0.12348      0.62348      0.00000      0.00585      0.00585
RU      0.50000      0.00000      0.75000      0.00000      0.00000      0.00000
RU      0.62525      0.12525      0.75000      0.01663      0.01663     -0.00000
RU      0.62348      0.00000      0.87652      0.00585      0.00000     -0.00585
RU      0.50000      0.12348      0.87652      0.00000      0.00585     -0.00585
RU      0.50000      0.25000      0.50000      0.00000      0.00000      0.00000
RU      0.62348      0.37652      0.50000      0.00585     -0.00585     -0.00000
RU      0.62525      0.25000      0.62525      0.01663     -0.00000      0.01663
RU      0.50000      0.37652      0.62348      0.00000     -0.00585      0.00585
RU      0.50000      0.25000      0.75000      0.00000      0.00000      0.00000
RU      0.62525      0.37475      0.75000      0.01663     -0.01663      0.00000
RU      0.62525      0.25000      0.87475      0.01663     -0.00000     -0.01663
RU      0.50000      0.37652      0.87652      0.00000     -0.00585     -0.00585
RU      0.75000      0.00000      0.50000      0.00000      0.00000      0.00000
RU      0.87652      0.12348      0.50000     -0.00585      0.00585     -0.00000
RU      0.87652      0.00000      0.62348     -0.00585      0.00000      0.00585
RU      0.75000      0.12525      0.62525     -0.00000      0.01663      0.01663
RU      0.75000      0.00000      0.75000      0.00000      0.00000      0.00000
RU      0.87475      0.12525      0.75000     -0.01663      0.01663     -0.00000
RU      0.87652      0.00000      0.87652     -0.00585      0.00000     -0.00585
RU      0.75000      0.12525      0.87475      0.00000      0.01663     -0.01663
RU      0.75000      0.25000      0.50000      0.00000      0.00000      0.00000
RU      0.87652      0.37652      0.50000     -0.00585     -0.00585     -0.00000
RU      0.87475      0.25000      0.62525     -0.01663     -0.00000      0.01663
RU      0.75000      0.37475      0.62525      0.00000     -0.01663      0.01663
RU      0.75000      0.25000      0.75000      0.00000      0.00000      0.00000
RU      0.87475      0.37475      0.75000     -0.01663     -0.01663     -0.00000
RU      0.87475      0.25000      0.87475     -0.01663      0.00000     -0.01663
RU      0.75000      0.37475      0.87475     -0.00000     -0.01663     -0.01663
RU      0.62348      0.62348      0.00000      0.00585      0.00585     -0.00000
RU      0.62348      0.50000      0.12348      0.00585      0.00000      0.00585
RU      0.50000      0.62348      0.12348      0.00000      0.00585      0.00585
RU      0.50000      0.50000      0.25000      0.00000      0.00000      0.00000
RU      0.62525      0.62525      0.25000      0.01663      0.01663     -0.00000
RU      0.62348      0.50000      0.37652      0.00585      0.00000     -0.00585
RU      0.50000      0.62348      0.37652      0.00000      0.00585     -0.00585
RU      0.50000      0.75000      0.00000      0.00000      0.00000      0.00000
RU      0.62348      0.87652      0.00000      0.00585     -0.00585     -0.00000
RU      0.62525      0.75000      0.12525      0.01663     -0.00000      0.01663
RU      0.50000      0.87652      0.12348      0.00000     -0.00585      0.00585
RU      0.50000      0.75000      0.25000      0.00000      0.00000      0.00000
RU      0.62525      0.87475      0.25000      0.01663     -0.01663      0.00000
RU      0.62525      0.75000      0.37475      0.01663     -0.00000     -0.01663
RU      0.50000      0.87652      0.37652      0.00000     -0.00585     -0.00585
RU      0.75000      0.50000      0.00000      0.00000      0.00000      0.00000
RU      0.87652      0.62348      0.00000     -0.00585      0.00585     -0.00000
RU      0.87652      0.50000      0.12348     -0.00585      0.00000      0.00585
RU      0.75000      0.62525      0.12525     -0.00000      0.01663      0.01663
RU      0.75000      0.50000      0.25000      0.00000      0.00000      0.00000
RU      0.87475      0.62525      0.25000     -0.01663      0.01663     -0.00000
RU      0.87652      0.50000      0.37652     -0.00585      0.00000     -0.00585
RU      0.75000      0.62525      0.37475      0.00000      0.01663     -0.01663
RU      0.75000      0.75000      0.00000      0.00000      0.00000      0.00000
RU      0.87652      0.87652      0.00000     -0.00585     -0.00585     -0.00000
RU      0.87475      0.75000      0.12525     -0.01663     -0.00000      0.01663
RU      0.75000      0.87475      0.12525      0.00000     -0.01663      0.01663
RU      0.75000      0.75000      0.25000      0.00000      0.00000      0.00000
RU      0.87475      0.87475      0.25000     -0.01663     -0.01663     -0.00000
RU      0.87475      0.75000      0.37475     -0.01663      0.00000     -0.01663
RU      0.75000      0.87475      0.37475     -0.00000     -0.01663     -0.01663
RU      0.62348      0.62348      0.50000      0.00585      0.00585     -0.00000
RU      0.62348      0.50000      0.62348      0.00585      0.00000      0.00585
RU      0.50000      0.62348      0.62348      0.00000      0.00585      0.00585
RU      0.50000      0.50000      0.75000      0.00000      0.00000      0.00000
RU      0.62525      0.62525      0.75000      0.01663      0.01663     -0.00000
RU      0.62348      0.50000      0.87652      0.00585      0.00000     -0.00585
RU      0.50000      0.62348      0.87652      0.00000      0.00585     -0.00585
RU      0.50000      0.75000      0.50000      0.00000      0.00000      0.00000
RU      0.62348      0.87652      0.50000      0.00585     -0.00585     -0.00000
RU      0.62525      0.75000      0.62525      0.01663     -0.00000      0.01663
RU      0.50000      0.87652      0.62348      0.00000     -0.00585      0.00585
RU      0.50000      0.75000      0.75000      0.00000      0.00000      0.00000
RU      0.62525      0.87475      0.75000      0.01663     -0.01663      0.00000
RU      0.62525      0.75000      0.87475      0.01663     -0.00000     -0.01663
RU      0.50000      0.87652      0.87652      0.00000     -0.00585     -0.00585
RU      0.75000      0.50000      0.50000      0.00000      0.00000      0.00000
RU      0.87652      0.62348      0.50000     -0.00585      0.00585     -0.00000
RU      0.87652      0.50000      0.62348     -0.00585      0.00000      0.00585
RU      0.75000      0.62525      0.62525     -0.00000      0.01663      0.01663
RU      0.75000      0.50000      0.75000      0.00000      0.00000      0.00000
RU      0.87475      0.62525      0.75000     -0.01663      0.01663     -0.00000
RU      0.87652      0.50000      0.87652     -0.00585      0.00000     -0.00585
RU      0.75000      0.62525      0.87475      0.00000      0.01663     -0.01663
RU      0.75000      0.75000      0.50000      0.00000      0.00000      0.00000
RU      0.87652      0.87652      0.50000     -0.00585     -0.00585     -0.00000
RU      0.87475      0.75000      0.62525     -0.01663     -0.00000      0.01663
RU      0.75000      0.87475      0.62525      0.00000     -0.01663      0.01663
RU      0.75000      0.75000      0.75000      0.00000      0.00000      0.00000
RU      0.87475      0.87475      0.75000     -0.01663     -0.01663     -0.00000
RU      0.87475      0.75000      0.87475     -0.01663      0.00000     -0.01663
RU      0.75000      0.87475      0.87475     -0.00000     -0.01663     -0.01663
