/* Converted from PWscf output file */ 
#L_UNITS ang 
#E_UNITS eV 
#S_UNITS GPA 
#F_UNITS EV/ANG 
#ALAT 	   6.91275     // a0 
#X 	   1.00000     0.00000     0.00000     // X 
#Y 	   0.00000     1.04403     0.00000     // Y 
#Z 	   0.00000     0.00000     0.99009     // Z 
#SX 	  -3.34708     0.00000     0.00000     // SX 
#SY 	   0.00000    -1.04316     0.00000     // SY 
#SZ 	   0.00000     0.00000    -2.11725     // SZ 
#EPA 	  -4.79195     // Energy per Atom 
#RCUT 	6.5        // Rcut 
FE      0.00000      0.00000      0.00000      0.00000      0.00000      0.00000
FE      0.25000      0.25000      0.00000     -0.00142      0.00117      0.00000
FE      0.25000      0.00000      0.25000     -0.00115     -0.00000     -0.00252
FE      0.00000      0.25000      0.25000      0.00000      0.00107      0.00076
FE      0.00000      0.00000      0.50000      0.00000      0.00000      0.00000
FE      0.25000      0.25001      0.50000     -0.00058      0.00244      0.00000
FE      0.25000      0.00000      0.75000     -0.00115      0.00000      0.00252
FE      0.00000      0.25000      0.74999      0.00000      0.00107     -0.00076
FE      0.00000      0.50000      0.00000      0.00000      0.00000      0.00000
FE      0.25000      0.75000      0.00000     -0.00142     -0.00117      0.00000
FE      0.25000      0.50000      0.25000      0.00024     -0.00000     -0.00086
FE      0.00000      0.75000      0.25000      0.00000     -0.00107      0.00076
FE      0.00000      0.50000      0.50000      0.00000      0.00000      0.00000
FE      0.25000      0.74999      0.50000     -0.00058     -0.00244      0.00000
FE      0.25000      0.50000      0.75000      0.00024      0.00000      0.00086
FE      0.00000      0.75000      0.74999      0.00000     -0.00107     -0.00076
FE      0.50000      0.00000      0.00000      0.00000      0.00000      0.00000
FE      0.75000      0.25000      0.00000      0.00142      0.00117      0.00000
FE      0.75000      0.00000      0.25000      0.00115      0.00000     -0.00252
FE      0.50000      0.25000      0.25000      0.00000      0.00022      0.00068
FE      0.50000      0.00000      0.50000      0.00000      0.00000      0.00000
FE      0.75000      0.25001      0.50000      0.00058      0.00244      0.00000
FE      0.75000      0.00000      0.75000      0.00115     -0.00000      0.00252
FE      0.50000      0.25000      0.75000      0.00000      0.00022     -0.00068
FE      0.50000      0.50000      0.00000      0.00000      0.00000      0.00000
FE      0.75000      0.75000      0.00000      0.00142     -0.00117      0.00000
FE      0.75000      0.50000      0.25000     -0.00024      0.00000     -0.00086
FE      0.50000      0.75000      0.25000      0.00000     -0.00022      0.00068
FE      0.50000      0.50000      0.50000      0.00000      0.00000      0.00000
FE      0.75000      0.74999      0.50000      0.00058     -0.00244      0.00000
FE      0.75000      0.50000      0.75000     -0.00024     -0.00000      0.00086
FE      0.50000      0.75000      0.75000      0.00000     -0.00022     -0.00068
