/* Converted from PWscf output file */ 
#L_UNITS ang 
#E_UNITS eV 
#S_UNITS GPA 
#F_UNITS EV/ANG 
#ALAT 	   6.84431     // a0 
#X 	   1.00000     0.00000     0.00000     // X 
#Y 	   0.00000     1.06326     0.00000     // Y 
#Z 	   0.00000     0.00000     0.99999     // Z 
#SX 	  -0.80326     0.00000     0.00000     // SX 
#SY 	   0.00000    -2.18564     0.00000     // SY 
#SZ 	   0.00000     0.00000    -0.80399     // SZ 
#EPA 	  -4.79196     // Energy per Atom 
#RCUT 	6.5        // Rcut 
FE      0.00000      0.00000      0.00000      0.00000      0.00000      0.00000
FE      0.25000      0.25000      0.00000     -0.00074     -0.00017      0.00000
FE      0.25000      0.00000      0.25000     -0.00123      0.00000      0.00019
FE      0.00000      0.25000      0.25000      0.00000      0.00007      0.00025
FE      0.00000      0.00000      0.50000      0.00000      0.00000      0.00000
FE      0.25000      0.25001      0.50000     -0.00115      0.00018      0.00000
FE      0.25000      0.00000      0.75000     -0.00123     -0.00000     -0.00019
FE      0.00000      0.25000      0.74999      0.00000      0.00007     -0.00025
FE      0.00000      0.50000      0.00000      0.00000      0.00000      0.00000
FE      0.25000      0.75000      0.00000     -0.00074      0.00017      0.00000
FE      0.25000      0.50000      0.25000     -0.00078      0.00000      0.00013
FE      0.00000      0.75000      0.25000      0.00000     -0.00007      0.00025
FE      0.00000      0.50000      0.50000      0.00000      0.00000      0.00000
FE      0.25000      0.75000      0.50000     -0.00115     -0.00018      0.00000
FE      0.25000      0.50000      0.75000     -0.00078      0.00000     -0.00013
FE      0.00000      0.75000      0.74999      0.00000     -0.00007     -0.00025
FE      0.50000      0.00000      0.00000      0.00000      0.00000      0.00000
FE      0.75000      0.25000      0.00000      0.00074     -0.00017      0.00000
FE      0.75000      0.00000      0.25000      0.00123     -0.00000      0.00019
FE      0.50000      0.25000      0.25000      0.00000      0.00038      0.00050
FE      0.50000      0.00000      0.50000      0.00000      0.00000      0.00000
FE      0.75000      0.25001      0.50000      0.00115      0.00018      0.00000
FE      0.75000      0.00000      0.75000      0.00123      0.00000     -0.00019
FE      0.50000      0.25000      0.75000      0.00000      0.00038     -0.00050
FE      0.50000      0.50000      0.00000      0.00000      0.00000      0.00000
FE      0.75000      0.75000      0.00000      0.00074      0.00017      0.00000
FE      0.75000      0.50000      0.25000      0.00078      0.00000      0.00013
FE      0.50000      0.75000      0.25000      0.00000     -0.00038      0.00050
FE      0.50000      0.50000      0.50000      0.00000      0.00000      0.00000
FE      0.75000      0.75000      0.50000      0.00115     -0.00018      0.00000
FE      0.75000      0.50000      0.75000      0.00078      0.00000     -0.00013
FE      0.50000      0.75000      0.75000      0.00000     -0.00038     -0.00050
