/* Converted from PWscf output file */ 
#L_UNITS ang 
#E_UNITS eV 
#S_UNITS GPA 
#F_UNITS EV/ANG 
#ALAT 	   6.84441     // a0 
#X 	   1.00000     0.00000     0.00000     // X 
#Y 	   0.00000     1.05447     0.00667     // Y 
#Z 	   0.00000     0.00703     0.99999     // Z 
#SX 	  -0.00846     0.00000     0.00000     // SX 
#SY 	   0.00000     0.05688    -2.45734     // SY 
#SZ 	   0.00000    -2.45734     0.06300     // SZ 
#EPA 	  -4.78875     // Energy per Atom 
#RCUT 	6.5        // Rcut 
FE      0.00000      0.00000      0.00000      0.00000      0.00000      0.00000
FE      0.25000      0.25000     -0.00009      0.00223      0.00049      0.00033
FE      0.25000      0.00009      0.25000      0.00565     -0.00012      0.00206
FE      0.00000      0.25009      0.24991      0.00000     -0.00517     -0.00445
FE      0.00000      0.00017      0.50000      0.00000      0.00000      0.00000
FE      0.25000      0.25018      0.49991      0.00220     -0.00414     -0.00273
FE      0.25000      0.00026      0.75000      0.00565      0.00012     -0.00206
FE      0.00000      0.25026      0.74990      0.00000     -0.00442      0.00424
FE      0.00000      0.50000     -0.00018      0.00000      0.00000      0.00000
FE      0.25000      0.75000     -0.00027      0.00223     -0.00049     -0.00033
FE      0.25000      0.50009      0.24982      0.00076     -0.00176     -0.00037
FE      0.00000      0.75009      0.24973      0.00000      0.00442     -0.00424
FE      0.00000      0.50017      0.49982      0.00000      0.00000      0.00000
FE      0.25000      0.75017      0.49973      0.00220      0.00414      0.00273
FE      0.25000      0.50026      0.74981      0.00076      0.00176      0.00037
FE      0.00000      0.75026      0.74972      0.00000      0.00517      0.00445
FE      0.50000      0.00000      0.00000      0.00000      0.00000      0.00000
FE      0.75000      0.25000     -0.00009     -0.00223      0.00049      0.00033
FE      0.75000      0.00009      0.25000     -0.00565     -0.00012      0.00206
FE      0.50000      0.25009      0.24991      0.00000      0.00105      0.00025
FE      0.50000      0.00017      0.50000      0.00000      0.00000      0.00000
FE      0.75000      0.25018      0.49991     -0.00220     -0.00414     -0.00273
FE      0.75000      0.00026      0.75000     -0.00565      0.00012     -0.00206
FE      0.50000      0.25026      0.74990      0.00000      0.00276      0.00562
FE      0.50000      0.50000     -0.00018      0.00000      0.00000      0.00000
FE      0.75000      0.75000     -0.00027     -0.00223     -0.00049     -0.00033
FE      0.75000      0.50009      0.24982     -0.00076     -0.00176     -0.00037
FE      0.50000      0.75009      0.24973      0.00000     -0.00276     -0.00562
FE      0.50000      0.50017      0.49982      0.00000      0.00000      0.00000
FE      0.75000      0.75017      0.49973     -0.00220      0.00414      0.00273
FE      0.75000      0.50026      0.74981     -0.00076      0.00176      0.00037
FE      0.50000      0.75026      0.74972      0.00000     -0.00105     -0.00025
