/* Converted from PWscf output file */ 
#L_UNITS ang 
#E_UNITS eV 
#S_UNITS GPA 
#F_UNITS EV/ANG 
#ALAT 	   6.84434     // a0 
#X 	   1.00000     0.00000     0.00000     // X 
#Y 	   0.00000     1.05447     0.00333     // Y 
#Z 	   0.00000     0.00351     0.99999     // Z 
#SX 	  -0.01692     0.00000     0.00000     // SX 
#SY 	   0.00000     0.01283    -1.22808     // SY 
#SZ 	   0.00000    -1.22808     0.00029     // SZ 
#EPA 	  -4.78956     // Energy per Atom 
#RCUT 	6.5        // Rcut 
FE      0.00000      0.00000      0.00000      0.00000      0.00000      0.00000
FE      0.25000      0.25000     -0.00005      0.00047      0.00033      0.00025
FE      0.25000      0.00004      0.25000      0.00142     -0.00011      0.00090
FE      0.00000      0.25004      0.24996      0.00000     -0.00137      0.00009
FE      0.00000      0.00009      0.50000      0.00000      0.00000      0.00000
FE      0.25000      0.25009      0.49995      0.00039     -0.00069     -0.00064
FE      0.25000      0.00013      0.75000      0.00142      0.00011     -0.00090
FE      0.00000      0.25013      0.74995      0.00000     -0.00096     -0.00054
FE      0.00000      0.50000     -0.00009      0.00000      0.00000      0.00000
FE      0.25000      0.75000     -0.00014      0.00047     -0.00033     -0.00025
FE      0.25000      0.50004      0.24991     -0.00002      0.00008      0.00071
FE      0.00000      0.75004      0.24987      0.00000      0.00096      0.00054
FE      0.00000      0.50009      0.49991      0.00000      0.00000      0.00000
FE      0.25000      0.75008      0.49986      0.00039      0.00069      0.00064
FE      0.25000      0.50013      0.74991     -0.00002     -0.00008     -0.00071
FE      0.00000      0.75013      0.74986      0.00000      0.00137     -0.00009
FE      0.50000      0.00000      0.00000      0.00000      0.00000      0.00000
FE      0.75000      0.25000     -0.00005     -0.00047      0.00033      0.00025
FE      0.75000      0.00004      0.25000     -0.00142     -0.00011      0.00090
FE      0.50000      0.25004      0.24996      0.00000     -0.00022      0.00104
FE      0.50000      0.00009      0.50000      0.00000      0.00000      0.00000
FE      0.75000      0.25009      0.49995     -0.00039     -0.00069     -0.00064
FE      0.75000      0.00013      0.75000     -0.00142      0.00011     -0.00090
FE      0.50000      0.25013      0.74995      0.00000      0.00022      0.00036
FE      0.50000      0.50000     -0.00009      0.00000      0.00000      0.00000
FE      0.75000      0.75000     -0.00014     -0.00047     -0.00033     -0.00025
FE      0.75000      0.50004      0.24991      0.00002      0.00008      0.00071
FE      0.50000      0.75004      0.24987      0.00000     -0.00022     -0.00036
FE      0.50000      0.50009      0.49991      0.00000      0.00000      0.00000
FE      0.75000      0.75008      0.49986     -0.00039      0.00069      0.00064
FE      0.75000      0.50013      0.74991      0.00002     -0.00008     -0.00071
FE      0.50000      0.75013      0.74986      0.00000      0.00022     -0.00104
