/* Converted from PWscf output file */ 
#L_UNITS ang 
#E_UNITS eV 
#S_UNITS GPA 
#F_UNITS EV/ANG 
#ALAT 	   6.84436     // a0 
#X 	   1.00000     0.00000     0.00000     // X 
#Y 	   0.00000     1.05447     0.00500     // Y 
#Z 	   0.00000     0.00527     0.99999     // Z 
#SX 	  -0.02377     0.00000     0.00000     // SX 
#SY 	   0.00000     0.01035    -1.84337     // SY 
#SZ 	   0.00000    -1.84337     0.01735     // SZ 
#EPA 	  -4.78922     // Energy per Atom 
#RCUT 	6.5        // Rcut 
FE      0.00000      0.00000      0.00000      0.00000      0.00000      0.00000
FE      0.25000      0.25000     -0.00007      0.00153      0.00022      0.00006
FE      0.25000      0.00006      0.25000      0.00474     -0.00033      0.00187
FE      0.00000      0.25007      0.24994      0.00000     -0.00503     -0.00353
FE      0.00000      0.00013      0.50000      0.00000      0.00000      0.00000
FE      0.25000      0.25013      0.49993      0.00154     -0.00379     -0.00219
FE      0.25000      0.00019      0.75000      0.00474      0.00033     -0.00187
FE      0.00000      0.25020      0.74993      0.00000     -0.00411      0.00327
FE      0.00000      0.50000     -0.00014      0.00000      0.00000      0.00000
FE      0.25000      0.75000     -0.00020      0.00153     -0.00022     -0.00006
FE      0.25000      0.50007      0.24987      0.00022     -0.00124     -0.00005
FE      0.00000      0.75006      0.24980      0.00000      0.00411     -0.00327
FE      0.00000      0.50013      0.49986      0.00000      0.00000      0.00000
FE      0.25000      0.75013      0.49980      0.00154      0.00379      0.00219
FE      0.25000      0.50019      0.74986      0.00022      0.00124      0.00005
FE      0.00000      0.75019      0.74979      0.00000      0.00503      0.00353
FE      0.50000      0.00000      0.00000      0.00000      0.00000      0.00000
FE      0.75000      0.25000     -0.00007     -0.00153      0.00022      0.00006
FE      0.75000      0.00006      0.25000     -0.00474     -0.00033      0.00187
FE      0.50000      0.25007      0.24993      0.00000      0.00058      0.00050
FE      0.50000      0.00013      0.50000      0.00000      0.00000      0.00000
FE      0.75000      0.25013      0.49993     -0.00154     -0.00379     -0.00219
FE      0.75000      0.00019      0.75000     -0.00474      0.00033     -0.00187
FE      0.50000      0.25019      0.74993      0.00000      0.00222      0.00476
FE      0.50000      0.50000     -0.00014      0.00000      0.00000      0.00000
FE      0.75000      0.75000     -0.00020     -0.00153     -0.00022     -0.00006
FE      0.75000      0.50007      0.24987     -0.00022     -0.00124     -0.00005
FE      0.50000      0.75007      0.24980      0.00000     -0.00222     -0.00476
FE      0.50000      0.50013      0.49986      0.00000      0.00000      0.00000
FE      0.75000      0.75013      0.49980     -0.00154      0.00379      0.00219
FE      0.75000      0.50019      0.74986     -0.00022      0.00124      0.00005
FE      0.50000      0.75020      0.74979      0.00000     -0.00058     -0.00050
