/* Converted from PWscf output file */ 
#L_UNITS ang 
#E_UNITS eV 
#S_UNITS GPA 
#F_UNITS EV/ANG 
#ALAT 	   6.84434     // a0 
#X 	   1.00000     0.00000     0.00333     // X 
#Y 	   0.00000     1.05447     0.00000     // Y 
#Z 	   0.00333     0.00000     0.99999     // Z 
#SX 	  -0.03442     0.00000    -1.78751     // SX 
#SY 	   0.00000    -0.00715     0.00000     // SY 
#SZ 	  -1.78751     0.00000    -0.03573     // SZ 
#EPA 	  -4.78943     // Energy per Atom 
#RCUT 	6.5        // Rcut 
FE      0.00000      0.00000      0.00000      0.00000      0.00000      0.00000
FE      0.25000      0.25000      0.00000     -0.00005      0.00101     -0.00148
FE      0.25000      0.00000      0.25000      0.00013      0.00000     -0.00094
FE      0.00000      0.25000      0.25000     -0.00011     -0.00083      0.00040
FE      0.00000      0.00000      0.50000      0.00000      0.00000      0.00000
FE      0.25000      0.25001      0.50000      0.00062      0.00072      0.00013
FE      0.25000      0.00000      0.75000      0.00058      0.00000     -0.00042
FE      0.00000      0.25000      0.74999      0.00011     -0.00083     -0.00040
FE      0.00000      0.50000      0.00000      0.00000      0.00000      0.00000
FE      0.25000      0.75000      0.00000     -0.00005     -0.00101     -0.00148
FE      0.25000      0.50000      0.25000     -0.00057      0.00000     -0.00035
FE      0.00000      0.75000      0.25000     -0.00011      0.00083      0.00040
FE      0.00000      0.50000      0.50000      0.00000      0.00000      0.00000
FE      0.25000      0.74999      0.50000      0.00062     -0.00072      0.00013
FE      0.25000      0.50000      0.75000      0.00155      0.00000     -0.00016
FE      0.00000      0.75000      0.74999      0.00011      0.00083     -0.00040
FE      0.50000      0.00000      0.00000      0.00000      0.00000      0.00000
FE      0.75000      0.25000      0.00000      0.00005      0.00101      0.00148
FE      0.75000      0.00000      0.25000     -0.00058      0.00000      0.00042
FE      0.50000      0.25000      0.25000     -0.00112      0.00029     -0.00007
FE      0.50000      0.00000      0.50000      0.00000      0.00000      0.00000
FE      0.75000      0.25001      0.50000     -0.00062      0.00072     -0.00013
FE      0.75000      0.00000      0.75000     -0.00013      0.00000      0.00094
FE      0.50000      0.25000      0.75000      0.00112      0.00029      0.00007
FE      0.50000      0.50000      0.00000      0.00000      0.00000      0.00000
FE      0.75000      0.75000      0.00000      0.00005     -0.00101      0.00148
FE      0.75000      0.50000      0.25000     -0.00155      0.00000      0.00016
FE      0.50000      0.75000      0.25000     -0.00112     -0.00029     -0.00007
FE      0.50000      0.50000      0.50000      0.00000      0.00000      0.00000
FE      0.75000      0.74999      0.50000     -0.00062     -0.00072     -0.00013
FE      0.75000      0.50000      0.75000      0.00057      0.00000      0.00035
FE      0.50000      0.75000      0.75000      0.00112     -0.00029      0.00007
