/* Converted from PWscf output file */ 
#L_UNITS ang 
#E_UNITS eV 
#S_UNITS GPA 
#F_UNITS EV/ANG 
#ALAT 	   6.84447     // a0 
#X 	   1.00000     0.00000     0.00833     // X 
#Y 	   0.00000     1.05447     0.00000     // Y 
#Z 	   0.00833     0.00000     0.99999     // Z 
#SX 	   0.06650     0.00000    -4.46885     // SX 
#SY 	   0.00000    -0.04229     0.00000     // SY 
#SZ 	  -4.46885     0.00000     0.06519     // SZ 
#EPA 	  -4.78736     // Energy per Atom 
#RCUT 	6.5        // Rcut 
FE      0.00000      0.00000      0.00000      0.00000      0.00000      0.00000
FE      0.25000      0.25000     -0.00000     -0.00018      0.00095     -0.00169
FE      0.25000      0.00000      0.25000     -0.00009      0.00000     -0.00097
FE      0.00000      0.25000      0.25000     -0.00025     -0.00069      0.00063
FE      0.00000      0.00000      0.50000      0.00000      0.00000      0.00000
FE      0.25000      0.25001      0.50000      0.00057      0.00099      0.00015
FE      0.25000      0.00000      0.75000      0.00023      0.00000     -0.00009
FE      0.00000      0.25000      0.75000      0.00025     -0.00069     -0.00063
FE      0.00000      0.50000      0.00000      0.00000      0.00000      0.00000
FE      0.25000      0.75000     -0.00000     -0.00018     -0.00095     -0.00169
FE      0.25000      0.50000      0.25000     -0.00033      0.00000     -0.00051
FE      0.00000      0.75000      0.25000     -0.00025      0.00069      0.00063
FE      0.00000      0.50000      0.50000      0.00000      0.00000      0.00000
FE      0.25000      0.75000      0.50000      0.00057     -0.00099      0.00015
FE      0.25000      0.50000      0.75000      0.00143      0.00000     -0.00033
FE      0.00000      0.75000      0.75000      0.00025      0.00069     -0.00063
FE      0.50000      0.00000     -0.00000      0.00000      0.00000      0.00000
FE      0.75000      0.25000     -0.00000      0.00018      0.00095      0.00169
FE      0.75000      0.00000      0.25000     -0.00023      0.00000      0.00009
FE      0.50000      0.25000      0.25000     -0.00123      0.00019      0.00011
FE      0.50000      0.00000      0.50000      0.00000      0.00000      0.00000
FE      0.75000      0.25001      0.50000     -0.00057      0.00099     -0.00015
FE      0.75000      0.00000      0.75000      0.00009      0.00000      0.00097
FE      0.50000      0.25000      0.75000      0.00123      0.00019     -0.00011
FE      0.50000      0.50000     -0.00000      0.00000      0.00000      0.00000
FE      0.75000      0.75000     -0.00000      0.00018     -0.00095      0.00169
FE      0.75000      0.50000      0.25000     -0.00143      0.00000      0.00033
FE      0.50000      0.75000      0.25000     -0.00123     -0.00019      0.00011
FE      0.50000      0.50000      0.50000      0.00000      0.00000      0.00000
FE      0.75000      0.75000      0.50000     -0.00057     -0.00099     -0.00015
FE      0.75000      0.50000      0.75000      0.00033      0.00000      0.00051
FE      0.50000      0.75000      0.75000      0.00123     -0.00019     -0.00011
