/* Converted from PWscf output file */ 
#L_UNITS ang 
#E_UNITS eV 
#S_UNITS GPA 
#F_UNITS EV/ANG 
#ALAT 	   6.84453     // a0 
#X 	   1.00000     0.01054     0.00000     // X 
#Y 	   0.01000     1.05447     0.00000     // Y 
#Z 	   0.00000     0.00000     0.99999     // Z 
#SX 	   0.17150    -3.68032     0.00000     // SX 
#SY 	  -3.68032     0.22998     0.00000     // SY 
#SZ 	   0.00000     0.00000     0.01575     // SZ 
#EPA 	  -4.78738     // Energy per Atom 
#RCUT 	6.5        // Rcut 
FE      0.00000      0.00000      0.00000      0.00000      0.00000      0.00000
FE      0.24986      0.25013      0.00000      0.00130      0.00164      0.00000
FE      0.25000      0.00013      0.25000      0.00137     -0.00018      0.00038
FE     -0.00014      0.25000      0.25000      0.00006     -0.00019     -0.00073
FE      0.00000      0.00000      0.50000      0.00000      0.00000      0.00000
FE      0.24986      0.25014      0.50000      0.00165      0.00036      0.00000
FE      0.25000      0.00013      0.75000      0.00137     -0.00018     -0.00038
FE     -0.00014      0.25000      0.75000      0.00006     -0.00019      0.00073
FE     -0.00027      0.50000      0.00000      0.00000      0.00000      0.00000
FE      0.24959      0.75013      0.00000     -0.00061     -0.00262      0.00000
FE      0.24973      0.50013      0.25000      0.00076     -0.00075      0.00013
FE     -0.00041      0.75000      0.25000     -0.00006      0.00019     -0.00073
FE     -0.00027      0.50000      0.50000      0.00000      0.00000      0.00000
FE      0.24959      0.75013      0.50000      0.00032     -0.00115      0.00000
FE      0.24973      0.50013      0.75000      0.00076     -0.00075     -0.00013
FE     -0.00041      0.75000      0.75000     -0.00006      0.00019      0.00073
FE      0.50000      0.00026      0.00000      0.00000      0.00000      0.00000
FE      0.74986      0.25039      0.00000      0.00061      0.00262      0.00000
FE      0.75000      0.00039      0.25000     -0.00137      0.00018      0.00038
FE      0.49986      0.25026      0.25000      0.00094      0.00208     -0.00042
FE      0.50000      0.00026      0.50000      0.00000      0.00000      0.00000
FE      0.74986      0.25039      0.50000     -0.00032      0.00115      0.00000
FE      0.75000      0.00039      0.75000     -0.00137      0.00018     -0.00038
FE      0.49986      0.25026      0.75000      0.00094      0.00208      0.00042
FE      0.49972      0.50026      0.00000      0.00000      0.00000      0.00000
FE      0.74959      0.75039      0.00000     -0.00130     -0.00164      0.00000
FE      0.74972      0.50039      0.25000     -0.00076      0.00075      0.00013
FE      0.49959      0.75026      0.25000     -0.00094     -0.00208     -0.00042
FE      0.49972      0.50026      0.50000      0.00000      0.00000      0.00000
FE      0.74959      0.75039      0.50000     -0.00165     -0.00036      0.00000
FE      0.74972      0.50039      0.75000     -0.00076      0.00075     -0.00013
FE      0.49959      0.75026      0.75000     -0.00094     -0.00208      0.00042
