/* Converted from PWscf output file */ 
#L_UNITS ang 
#E_UNITS eV 
#S_UNITS GPA 
#F_UNITS EV/ANG 
#ALAT 	   6.84434     // a0 
#X 	   1.00000     0.00351     0.00000     // X 
#Y 	   0.00333     1.05447     0.00000     // Y 
#Z 	   0.00000     0.00000     0.99999     // Z 
#SX 	  -0.12236    -1.22765     0.00000     // SX 
#SY 	  -1.22765    -0.10296     0.00000     // SY 
#SZ 	   0.00000     0.00000    -0.14029     // SZ 
#EPA 	  -4.78956     // Energy per Atom 
#RCUT 	6.5        // Rcut 
FE      0.00000      0.00000      0.00000      0.00000      0.00000      0.00000
FE      0.24995      0.25005      0.00000      0.00138      0.00030      0.00000
FE      0.25000      0.00004      0.25000      0.00186      0.00035      0.00048
FE     -0.00005      0.25000      0.25000      0.00051     -0.00137     -0.00104
FE      0.00000      0.00000      0.50000      0.00000      0.00000      0.00000
FE      0.24995      0.25005      0.50000      0.00140     -0.00146      0.00000
FE      0.25000      0.00004      0.75000      0.00186      0.00035     -0.00048
FE     -0.00005      0.25000      0.74999      0.00051     -0.00137      0.00104
FE     -0.00009      0.50000      0.00000      0.00000      0.00000      0.00000
FE      0.24986      0.75004      0.00000     -0.00109     -0.00173      0.00000
FE      0.24991      0.50004      0.25000      0.00017     -0.00159     -0.00011
FE     -0.00014      0.75000      0.25000     -0.00051      0.00137     -0.00104
FE     -0.00009      0.50000      0.50000      0.00000      0.00000      0.00000
FE      0.24986      0.75004      0.50000     -0.00011      0.00050      0.00000
FE      0.24991      0.50004      0.75000      0.00017     -0.00159      0.00011
FE     -0.00014      0.75000      0.74999     -0.00051      0.00137      0.00104
FE      0.50000      0.00009      0.00000      0.00000      0.00000      0.00000
FE      0.74996      0.25013      0.00000      0.00109      0.00173      0.00000
FE      0.75000      0.00013      0.25000     -0.00186     -0.00035      0.00048
FE      0.49995      0.25009      0.25000      0.00055      0.00053     -0.00094
FE      0.50000      0.00009      0.50000      0.00000      0.00000      0.00000
FE      0.74995      0.25013      0.50000      0.00011     -0.00050      0.00000
FE      0.75000      0.00013      0.75000     -0.00186     -0.00035     -0.00048
FE      0.49995      0.25009      0.75000      0.00055      0.00053      0.00094
FE      0.49991      0.50009      0.00000      0.00000      0.00000      0.00000
FE      0.74987      0.75013      0.00000     -0.00138     -0.00030      0.00000
FE      0.74991      0.50013      0.25000     -0.00017      0.00159     -0.00011
FE      0.49986      0.75009      0.25000     -0.00055     -0.00053     -0.00094
FE      0.49991      0.50009      0.50000      0.00000      0.00000      0.00000
FE      0.74986      0.75012      0.50000     -0.00140      0.00146      0.00000
FE      0.74991      0.50013      0.75000     -0.00017      0.00159      0.00011
FE      0.49986      0.75009      0.75000     -0.00055     -0.00053      0.00094
