/* Converted from PWscf output file */ 
#L_UNITS ang 
#E_UNITS eV 
#S_UNITS GPA 
#F_UNITS EV/ANG 
#ALAT 	   6.90151     // a0 
#X 	   1.00000     0.00000     0.00000     // X 
#Y 	   0.00000     1.03704     0.00000     // Y 
#Z 	   0.00000     0.00000     0.99172     // Z 
#SX 	  -2.12206     0.00000     0.00000     // SX 
#SY 	   0.00000     1.21919     0.00000     // SY 
#SZ 	   0.00000     0.00000    -1.00510     // SZ 
#EPA 	  -4.78882     // Energy per Atom 
#RCUT 	6.5        // Rcut 
FE      0.00000      0.00000      0.00000      0.00000      0.00000      0.00000
FE      0.25000      0.25000      0.00000      0.00106      0.00103      0.00000
FE      0.25000      0.00000      0.25000      0.00199      0.00000     -0.00077
FE      0.00000      0.25000      0.25000      0.00000     -0.00031     -0.00080
FE      0.00000      0.00000      0.50000      0.00000      0.00000      0.00000
FE      0.25000      0.25001      0.50000      0.00151      0.00087      0.00000
FE      0.25000      0.00000      0.75000      0.00199      0.00000      0.00077
FE      0.00000      0.25000      0.75000      0.00000     -0.00031      0.00080
FE      0.00000      0.50000      0.00000      0.00000      0.00000      0.00000
FE      0.25000      0.75000      0.00000      0.00106     -0.00103      0.00000
FE      0.25000      0.50000      0.25000      0.00175     -0.00000     -0.00042
FE      0.00000      0.75000      0.25000      0.00000      0.00031     -0.00080
FE      0.00000      0.50000      0.50000      0.00000      0.00000      0.00000
FE      0.25000      0.74999      0.50000      0.00151     -0.00087      0.00000
FE      0.25000      0.50000      0.75000      0.00175      0.00000      0.00042
FE      0.00000      0.75000      0.75000      0.00000      0.00031      0.00080
FE      0.50000      0.00000      0.00000      0.00000      0.00000      0.00000
FE      0.75000      0.25000      0.00000     -0.00106      0.00103      0.00000
FE      0.75000      0.00000      0.25000     -0.00199      0.00000     -0.00077
FE      0.50000      0.25000      0.25000      0.00000      0.00112     -0.00035
FE      0.50000      0.00000      0.50000      0.00000      0.00000      0.00000
FE      0.75000      0.25001      0.50000     -0.00151      0.00087      0.00000
FE      0.75000      0.00000      0.75000     -0.00199      0.00000      0.00077
FE      0.50000      0.25000      0.75000      0.00000      0.00112      0.00035
FE      0.50000      0.50000      0.00000      0.00000      0.00000      0.00000
FE      0.75000      0.75000      0.00000     -0.00106     -0.00103      0.00000
FE      0.75000      0.50000      0.25000     -0.00175      0.00000     -0.00042
FE      0.50000      0.75000      0.25000      0.00000     -0.00112     -0.00035
FE      0.50000      0.50000      0.50000      0.00000      0.00000      0.00000
FE      0.75000      0.74999      0.50000     -0.00151     -0.00087      0.00000
FE      0.75000      0.50000      0.75000     -0.00175     -0.00000      0.00042
FE      0.50000      0.75000      0.75000      0.00000     -0.00112      0.00035
