/* Converted from PWscf output file */ 
#L_UNITS ang 
#E_UNITS eV 
#S_UNITS GPA 
#F_UNITS EV/ANG 
#ALAT 	   6.87858     // a0 
#X 	   1.00000     0.00000     0.00000     // X 
#Y 	   0.00000     1.04398     0.00000     // Y 
#Z 	   0.00000     0.00000     0.99501     // Z 
#SX 	  -1.26702     0.00000     0.00000     // SX 
#SY 	   0.00000     0.79422     0.00000     // SY 
#SZ 	   0.00000     0.00000    -0.61805     // SZ 
#EPA 	  -4.78943     // Energy per Atom 
#RCUT 	6.5        // Rcut 
FE      0.00000      0.00000      0.00000      0.00000      0.00000      0.00000
FE      0.25000      0.25000      0.00000      0.00054      0.00071      0.00000
FE      0.25000      0.00000      0.25000      0.00045     -0.00000     -0.00048
FE      0.00000      0.25000      0.25000      0.00000      0.00045     -0.00099
FE      0.00000      0.00000      0.50000      0.00000      0.00000      0.00000
FE      0.25000      0.25001      0.50000      0.00026      0.00067      0.00000
FE      0.25000      0.00000      0.75000      0.00045      0.00000      0.00048
FE      0.00000      0.25000      0.75000      0.00000      0.00045      0.00099
FE      0.00000      0.50000      0.00000      0.00000      0.00000      0.00000
FE      0.25000      0.75000      0.00000      0.00054     -0.00071      0.00000
FE      0.25000      0.50000      0.25000      0.00022      0.00000     -0.00064
FE      0.00000      0.75000      0.25000      0.00000     -0.00045     -0.00099
FE      0.00000      0.50000      0.50000      0.00000      0.00000      0.00000
FE      0.25000      0.75000      0.50000      0.00026     -0.00067      0.00000
FE      0.25000      0.50000      0.75000      0.00022     -0.00000      0.00064
FE      0.00000      0.75000      0.75000      0.00000     -0.00045      0.00099
FE      0.50000      0.00000      0.00000      0.00000      0.00000      0.00000
FE      0.75000      0.25000      0.00000     -0.00054      0.00071      0.00000
FE      0.75000      0.00000      0.25000     -0.00045      0.00000     -0.00048
FE      0.50000      0.25000      0.25000      0.00000      0.00089     -0.00120
FE      0.50000      0.00000      0.50000      0.00000      0.00000      0.00000
FE      0.75000      0.25001      0.50000     -0.00026      0.00067      0.00000
FE      0.75000      0.00000      0.75000     -0.00045     -0.00000      0.00048
FE      0.50000      0.25000      0.75000      0.00000      0.00089      0.00120
FE      0.50000      0.50000      0.00000      0.00000      0.00000      0.00000
FE      0.75000      0.75000      0.00000     -0.00054     -0.00071      0.00000
FE      0.75000      0.50000      0.25000     -0.00022     -0.00000     -0.00064
FE      0.50000      0.75000      0.25000      0.00000     -0.00089     -0.00120
FE      0.50000      0.50000      0.50000      0.00000      0.00000      0.00000
FE      0.75000      0.75000      0.50000     -0.00026     -0.00067      0.00000
FE      0.75000      0.50000      0.75000     -0.00022      0.00000      0.00064
FE      0.50000      0.75000      0.75000      0.00000     -0.00089      0.00120
