/* Converted from PWscf output file */ 
#L_UNITS ang 
#E_UNITS eV 
#S_UNITS GPA 
#F_UNITS EV/ANG 
#ALAT 	   6.90151     // a0 
#X 	   1.00000     0.00000     0.00000     // X 
#Y 	   0.00000     1.04576     0.00000     // Y 
#Z 	   0.00000     0.00000     0.98346     // Z 
#SX 	  -0.97768     0.00000     0.00000     // SX 
#SY 	   0.00000     0.11331     0.00000     // SY 
#SZ 	   0.00000     0.00000     1.08633     // SZ 
#EPA 	  -4.78924     // Energy per Atom 
#RCUT 	6.5        // Rcut 
FE      0.00000      0.00000      0.00000      0.00000      0.00000      0.00000
FE      0.25000      0.25000      0.00000     -0.00002     -0.00016      0.00000
FE      0.25000      0.00000      0.25000      0.00022      0.00000     -0.00079
FE      0.00000      0.25000      0.25000      0.00000     -0.00053     -0.00003
FE      0.00000      0.00000      0.50000      0.00000      0.00000      0.00000
FE      0.25000      0.25001      0.50000      0.00031      0.00036      0.00000
FE      0.25000      0.00000      0.75000      0.00022     -0.00000      0.00079
FE      0.00000      0.25000      0.74999      0.00000     -0.00053      0.00003
FE      0.00000      0.50000      0.00000      0.00000      0.00000      0.00000
FE      0.25000      0.75000      0.00000     -0.00002      0.00016      0.00000
FE      0.25000      0.50000      0.25000      0.00130      0.00000     -0.00054
FE      0.00000      0.75000      0.25000      0.00000      0.00053     -0.00003
FE      0.00000      0.50000      0.50000      0.00000      0.00000      0.00000
FE      0.25000      0.75000      0.50000      0.00031     -0.00036      0.00000
FE      0.25000      0.50000      0.75000      0.00130     -0.00000      0.00054
FE      0.00000      0.75000      0.74999      0.00000      0.00053      0.00003
FE      0.50000      0.00000      0.00000      0.00000      0.00000      0.00000
FE      0.75000      0.25000      0.00000      0.00002     -0.00016      0.00000
FE      0.75000      0.00000      0.25000     -0.00022     -0.00000     -0.00079
FE      0.50000      0.25000      0.25000      0.00000      0.00011      0.00027
FE      0.50000      0.00000      0.50000      0.00000      0.00000      0.00000
FE      0.75000      0.25001      0.50000     -0.00031      0.00036      0.00000
FE      0.75000      0.00000      0.75000     -0.00022      0.00000      0.00079
FE      0.50000      0.25000      0.75000      0.00000      0.00011     -0.00027
FE      0.50000      0.50000      0.00000      0.00000      0.00000      0.00000
FE      0.75000      0.75000      0.00000      0.00002      0.00016      0.00000
FE      0.75000      0.50000      0.25000     -0.00130     -0.00000     -0.00054
FE      0.50000      0.75000      0.25000      0.00000     -0.00011      0.00027
FE      0.50000      0.50000      0.50000      0.00000      0.00000      0.00000
FE      0.75000      0.75000      0.50000     -0.00031     -0.00036      0.00000
FE      0.75000      0.50000      0.75000     -0.00130      0.00000      0.00054
FE      0.50000      0.75000      0.75000      0.00000     -0.00011     -0.00027
