/* Converted from PWscf output file */ 
#L_UNITS ang 
#E_UNITS eV 
#S_UNITS GPA 
#F_UNITS EV/ANG 
#ALAT 	   6.87858     // a0 
#X 	   1.00000     0.00000     0.00000     // X 
#Y 	   0.00000     1.04923     0.00000     // Y 
#Z 	   0.00000     0.00000     0.99004     // Z 
#SX 	  -0.72189     0.00000     0.00000     // SX 
#SY 	   0.00000    -0.07598     0.00000     // SY 
#SZ 	   0.00000     0.00000     0.51699     // SZ 
#EPA 	  -4.78962     // Energy per Atom 
#RCUT 	6.5        // Rcut 
FE      0.00000      0.00000      0.00000      0.00000      0.00000      0.00000
FE      0.25000      0.25000      0.00000     -0.00081     -0.00005      0.00000
FE      0.25000      0.00000      0.25000     -0.00078      0.00000     -0.00038
FE      0.00000      0.25000      0.25000      0.00000      0.00025     -0.00051
FE      0.00000      0.00000      0.50000      0.00000      0.00000      0.00000
FE      0.25000      0.25001      0.50000     -0.00045      0.00016      0.00000
FE      0.25000      0.00000      0.75000     -0.00078      0.00000      0.00038
FE      0.00000      0.25000      0.75000      0.00000      0.00025      0.00051
FE      0.00000      0.50000      0.00000      0.00000      0.00000      0.00000
FE      0.25000      0.75000      0.00000     -0.00081      0.00005      0.00000
FE      0.25000      0.50000      0.25000     -0.00035      0.00000     -0.00040
FE      0.00000      0.75000      0.25000      0.00000     -0.00025     -0.00051
FE      0.00000      0.50000      0.50000      0.00000      0.00000      0.00000
FE      0.25000      0.75000      0.50000     -0.00045     -0.00016      0.00000
FE      0.25000      0.50000      0.75000     -0.00035     -0.00000      0.00040
FE      0.00000      0.75000      0.75000      0.00000     -0.00025      0.00051
FE      0.50000      0.00000      0.00000      0.00000      0.00000      0.00000
FE      0.75000      0.25000      0.00000      0.00081     -0.00005      0.00000
FE      0.75000      0.00000      0.25000      0.00078      0.00000     -0.00038
FE      0.50000      0.25000      0.25000      0.00000      0.00015      0.00022
FE      0.50000      0.00000      0.50000      0.00000      0.00000      0.00000
FE      0.75000      0.25001      0.50000      0.00045      0.00016      0.00000
FE      0.75000      0.00000      0.75000      0.00078      0.00000      0.00038
FE      0.50000      0.25000      0.75000      0.00000      0.00015     -0.00022
FE      0.50000      0.50000      0.00000      0.00000      0.00000      0.00000
FE      0.75000      0.75000      0.00000      0.00081      0.00005      0.00000
FE      0.75000      0.50000      0.25000      0.00035     -0.00000     -0.00040
FE      0.50000      0.75000      0.25000      0.00000     -0.00015      0.00022
FE      0.50000      0.50000      0.50000      0.00000      0.00000      0.00000
FE      0.75000      0.75000      0.50000      0.00045     -0.00016      0.00000
FE      0.75000      0.50000      0.75000      0.00035      0.00000      0.00040
FE      0.50000      0.75000      0.75000      0.00000     -0.00015     -0.00022
