/* Converted from PWscf output file */ 
#L_UNITS ang 
#E_UNITS eV 
#S_UNITS GPA 
#F_UNITS EV/ANG 
#ALAT 	   6.84453     // a0 
#X 	   1.00000     0.00000     0.00000     // X 
#Y 	   0.00000     1.06502     0.00000     // Y 
#Z 	   0.00000     0.00000     0.98999     // Z 
#SX 	   1.18098     0.00000     0.00000     // SX 
#SY 	   0.00000    -1.70045     0.00000     // SY 
#SZ 	   0.00000     0.00000     2.29823     // SZ 
#EPA 	  -4.78853     // Energy per Atom 
#RCUT 	6.5        // Rcut 
FE      0.00000      0.00000      0.00000      0.00000      0.00000      0.00000
FE      0.25000      0.25000      0.00000      0.00337      0.00046      0.00000
FE      0.25000      0.00000      0.25000      0.00755      0.00000      0.00302
FE      0.00000      0.25000      0.25000      0.00000     -0.00480     -0.00580
FE      0.00000      0.00000      0.50000      0.00000      0.00000      0.00000
FE      0.25000      0.25001      0.50000      0.00290     -0.00559      0.00000
FE      0.25000      0.00000      0.75000      0.00755      0.00000     -0.00302
FE      0.00000      0.25000      0.75000      0.00000     -0.00480      0.00580
FE      0.00000      0.50000      0.00000      0.00000      0.00000      0.00000
FE      0.25000      0.75000      0.00000      0.00337     -0.00046      0.00000
FE      0.25000      0.50000      0.25000      0.00035     -0.00000     -0.00073
FE      0.00000      0.75000      0.25000      0.00000      0.00480     -0.00580
FE      0.00000      0.50000      0.50000      0.00000      0.00000      0.00000
FE      0.25000      0.75000      0.50000      0.00290      0.00559      0.00000
FE      0.25000      0.50000      0.75000      0.00035      0.00000      0.00073
FE      0.00000      0.75000      0.75000      0.00000      0.00480      0.00580
FE      0.50000      0.00000      0.00000      0.00000      0.00000      0.00000
FE      0.75000      0.25000      0.00000     -0.00337      0.00046      0.00000
FE      0.75000      0.00000      0.25000     -0.00755      0.00000      0.00302
FE      0.50000      0.25000      0.25000      0.00000      0.00207     -0.00385
FE      0.50000      0.00000      0.50000      0.00000      0.00000      0.00000
FE      0.75000      0.25001      0.50000     -0.00290     -0.00559      0.00000
FE      0.75000      0.00000      0.75000     -0.00755      0.00000     -0.00302
FE      0.50000      0.25000      0.75000      0.00000      0.00207      0.00385
FE      0.50000      0.50000      0.00000      0.00000      0.00000      0.00000
FE      0.75000      0.75000      0.00000     -0.00337     -0.00046      0.00000
FE      0.75000      0.50000      0.25000     -0.00035      0.00000     -0.00073
FE      0.50000      0.75000      0.25000      0.00000     -0.00207     -0.00385
FE      0.50000      0.50000      0.50000      0.00000      0.00000      0.00000
FE      0.75000      0.75000      0.50000     -0.00290      0.00559      0.00000
FE      0.75000      0.50000      0.75000     -0.00035     -0.00000      0.00073
FE      0.50000      0.75000      0.75000      0.00000     -0.00207      0.00385
