/* Converted from PWscf output file */ 
#L_UNITS ang 
#E_UNITS eV 
#S_UNITS GPA 
#F_UNITS EV/ANG 
#ALAT 	   6.84436     // a0 
#X 	   1.00000     0.00000     0.00000     // X 
#Y 	   0.00000     1.05975     0.00000     // Y 
#Z 	   0.00000     0.00000     0.99499     // Z 
#SX 	   0.47382     0.00000     0.00000     // SX 
#SY 	   0.00000    -0.93889     0.00000     // SY 
#SZ 	   0.00000     0.00000     1.06256     // SZ 
#EPA 	  -4.78951     // Energy per Atom 
#RCUT 	6.5        // Rcut 
FE      0.00000      0.00000      0.00000      0.00000      0.00000      0.00000
FE      0.25000      0.25000      0.00000      0.00011      0.00041      0.00000
FE      0.25000      0.00000      0.25000      0.00050      0.00000     -0.00010
FE      0.00000      0.25000      0.25000      0.00000     -0.00017     -0.00100
FE      0.00000      0.00000      0.50000      0.00000      0.00000      0.00000
FE      0.25000      0.25001      0.50000      0.00007      0.00006      0.00000
FE      0.25000      0.00000      0.75000      0.00050     -0.00000      0.00010
FE      0.00000      0.25000      0.75000      0.00000     -0.00017      0.00100
FE      0.00000      0.50000      0.00000      0.00000      0.00000      0.00000
FE      0.25000      0.75000      0.00000      0.00011     -0.00041      0.00000
FE      0.25000      0.50000      0.25000      0.00008      0.00000     -0.00048
FE      0.00000      0.75000      0.25000      0.00000      0.00017     -0.00100
FE      0.00000      0.50000      0.50000      0.00000      0.00000      0.00000
FE      0.25000      0.75000      0.50000      0.00007     -0.00006      0.00000
FE      0.25000      0.50000      0.75000      0.00008      0.00000      0.00048
FE      0.00000      0.75000      0.75000      0.00000      0.00017      0.00100
FE      0.50000      0.00000      0.00000      0.00000      0.00000      0.00000
FE      0.75000      0.25000      0.00000     -0.00011      0.00041      0.00000
FE      0.75000      0.00000      0.25000     -0.00050     -0.00000     -0.00010
FE      0.50000      0.25000      0.25000      0.00000      0.00073     -0.00042
FE      0.50000      0.00000      0.50000      0.00000      0.00000      0.00000
FE      0.75000      0.25001      0.50000     -0.00007      0.00006      0.00000
FE      0.75000      0.00000      0.75000     -0.00050      0.00000      0.00010
FE      0.50000      0.25000      0.75000      0.00000      0.00073      0.00042
FE      0.50000      0.50000      0.00000      0.00000      0.00000      0.00000
FE      0.75000      0.75000      0.00000     -0.00011     -0.00041      0.00000
FE      0.75000      0.50000      0.25000     -0.00008      0.00000     -0.00048
FE      0.50000      0.75000      0.25000      0.00000     -0.00073     -0.00042
FE      0.50000      0.50000      0.50000      0.00000      0.00000      0.00000
FE      0.75000      0.75000      0.50000     -0.00007     -0.00006      0.00000
FE      0.75000      0.50000      0.75000     -0.00008      0.00000      0.00048
FE      0.50000      0.75000      0.75000      0.00000     -0.00073      0.00042
