/* Converted from PWscf output file */ 
#L_UNITS ang 
#E_UNITS eV 
#S_UNITS GPA 
#F_UNITS EV/ANG 
#ALAT 	   7.86313     // a0 
#X 	   1.00000     0.00000     0.00000     // X 
#Y 	   0.00000     0.99834     0.00000     // Y 
#Z 	   0.00000     0.00000     0.99834     // Z 
#SX 	  -0.25375     0.00000     0.00000     // SX 
#SY 	   0.00000    -0.12629     0.00000     // SY 
#SZ 	   0.00000     0.00000    -0.12629     // SZ 
#EPA 	  -4.04982     // Energy per Atom 
#RCUT 	6.5        // Rcut 
PD      0.00000      0.00000      0.00000      0.00000      0.00000      0.00000
PD      0.25000      0.25000      0.00000      0.00012      0.00193      0.00000
PD      0.25000      0.00000      0.25000      0.00012      0.00000      0.00193
PD      0.00000      0.25000      0.25000      0.00000      0.00139      0.00139
PD      0.00000      0.00000      0.50000      0.00000      0.00000      0.00000
PD      0.25001      0.25001      0.50000      0.00156      0.00261      0.00000
PD      0.25000      0.00000      0.74999      0.00012      0.00000     -0.00193
PD      0.00000      0.25000      0.74999      0.00000      0.00139     -0.00139
PD      0.00000      0.50000      0.00000      0.00000      0.00000      0.00000
PD      0.25000      0.75000      0.00000      0.00012     -0.00193      0.00000
PD      0.25001      0.50000      0.25001      0.00156     -0.00000      0.00261
PD      0.00000      0.75000      0.25000      0.00000     -0.00139      0.00139
PD      0.00000      0.50000      0.50000      0.00000      0.00000      0.00000
PD      0.25001      0.74999      0.50000      0.00156     -0.00261      0.00000
PD      0.25001      0.50000      0.74999      0.00156      0.00000     -0.00261
PD      0.00000      0.75000      0.74999      0.00000     -0.00139     -0.00139
PD      0.50000      0.00000      0.00000      0.00000      0.00000     -0.00000
PD      0.74999      0.25000      0.00000     -0.00012      0.00193     -0.00000
PD      0.74999      0.00000      0.25000     -0.00012      0.00000      0.00193
PD      0.50000      0.25001      0.25001      0.00000      0.00349      0.00349
PD      0.50000      0.00000      0.50000      0.00000      0.00000      0.00000
PD      0.74999      0.25001      0.50000     -0.00156      0.00261      0.00000
PD      0.74999      0.00000      0.74999     -0.00012      0.00000     -0.00193
PD      0.50000      0.25001      0.74999      0.00000      0.00349     -0.00349
PD      0.50000      0.50000      0.00000      0.00000      0.00000     -0.00000
PD      0.74999      0.75000      0.00000     -0.00012     -0.00193     -0.00000
PD      0.74999      0.50000      0.25001     -0.00156      0.00000      0.00261
PD      0.50000      0.74999      0.25001      0.00000     -0.00349      0.00349
PD      0.50000      0.50000      0.50000      0.00000      0.00000      0.00000
PD      0.74999      0.74999      0.50000     -0.00156     -0.00261      0.00000
PD      0.74999      0.50000      0.74999     -0.00156     -0.00000     -0.00261
PD      0.50000      0.74999      0.74999      0.00000     -0.00349     -0.00349
