/* Converted from PWscf output file */ 
#L_UNITS ang 
#E_UNITS eV 
#S_UNITS GPA 
#F_UNITS EV/ANG 
#ALAT 	   7.85006     // a0 
#X 	   1.00000     0.00000     0.00000     // X 
#Y 	   0.00000     1.00000     0.00250     // Y 
#Z 	   0.00000     0.00250     1.00000     // Z 
#SX 	   0.12629     0.00000     0.00000     // SX 
#SY 	   0.00000     0.14015    -0.44917     // SY 
#SZ 	   0.00000    -0.44917     0.14015     // SZ 
#EPA 	  -4.04949     // Energy per Atom 
#RCUT 	6.5        // Rcut 
PD      0.00000      0.00000      0.00000      0.00000      0.00000      0.00000
PD      0.25000      0.25000     -0.00000      0.00010      0.00199      0.00007
PD      0.25000     -0.00000      0.25000      0.00010      0.00007      0.00199
PD      0.00000      0.25000      0.25000      0.00000      0.00143      0.00143
PD      0.00000      0.00000      0.50000      0.00000      0.00000      0.00000
PD      0.25001      0.25001      0.50000      0.00143      0.00237     -0.00014
PD      0.25000      0.00000      0.75000      0.00010     -0.00007     -0.00199
PD      0.00000      0.25000      0.75000      0.00000      0.00125     -0.00125
PD      0.00000      0.50000      0.00000      0.00000      0.00000      0.00000
PD      0.25000      0.75000      0.00000      0.00010     -0.00199     -0.00007
PD      0.25001      0.50000      0.25001      0.00143     -0.00014      0.00237
PD      0.00000      0.75000      0.25000      0.00000     -0.00125      0.00125
PD      0.00000      0.50000      0.50000      0.00000      0.00000      0.00000
PD      0.25001      0.74999      0.50000      0.00143     -0.00237      0.00014
PD      0.25001      0.50000      0.74999      0.00143      0.00014     -0.00237
PD      0.00000      0.75000      0.75000      0.00000     -0.00143     -0.00143
PD      0.50000      0.00000      0.00000      0.00000      0.00000      0.00000
PD      0.75000      0.25000     -0.00000     -0.00010      0.00199      0.00007
PD      0.75000     -0.00000      0.25000     -0.00010      0.00007      0.00199
PD      0.50000      0.25001      0.25001      0.00000      0.00340      0.00340
PD      0.50000      0.00000      0.50000      0.00000      0.00000      0.00000
PD      0.74999      0.25001      0.50000     -0.00143      0.00237     -0.00014
PD      0.75000      0.00000      0.75000     -0.00010     -0.00007     -0.00199
PD      0.50000      0.25001      0.74999      0.00000      0.00337     -0.00337
PD      0.50000      0.50000      0.00000      0.00000      0.00000      0.00000
PD      0.75000      0.75000      0.00000     -0.00010     -0.00199     -0.00007
PD      0.74999      0.50000      0.25001     -0.00143     -0.00014      0.00237
PD      0.50000      0.74999      0.25001      0.00000     -0.00337      0.00337
PD      0.50000      0.50000      0.50000      0.00000      0.00000      0.00000
PD      0.74999      0.74999      0.50000     -0.00143     -0.00237      0.00014
PD      0.74999      0.50000      0.74999     -0.00143      0.00014     -0.00237
PD      0.50000      0.74999      0.74999      0.00000     -0.00340     -0.00340
