/* Converted from PWscf output file */ 
#L_UNITS ang 
#E_UNITS eV 
#S_UNITS GPA 
#F_UNITS EV/ANG 
#ALAT 	   7.85007     // a0 
#X 	   1.00000     0.00000     0.00333     // X 
#Y 	   0.00000     1.00000     0.00000     // Y 
#Z 	   0.00333     0.00000     1.00000     // Z 
#SX 	   0.19819     0.00000    -0.60376     // SX 
#SY 	   0.00000     0.18361     0.00000     // SY 
#SZ 	  -0.60376     0.00000     0.19819     // SZ 
#EPA 	  -4.04941     // Energy per Atom 
#RCUT 	6.5        // Rcut 
PD      0.00000      0.00000      0.00000      0.00000      0.00000      0.00000
PD      0.25000      0.25000      0.00000     -0.00020      0.00226      0.00005
PD      0.25000      0.00000      0.25000      0.00047      0.00000      0.00047
PD      0.00000      0.25000      0.25000      0.00005      0.00226     -0.00020
PD      0.00000      0.00000      0.50000      0.00000      0.00000      0.00000
PD      0.25001      0.25001      0.50000      0.00028      0.00376      0.00061
PD      0.25000      0.00000      0.74999      0.00032      0.00000     -0.00032
PD      0.00000      0.25000      0.74999     -0.00005      0.00226      0.00020
PD      0.00000      0.50000      0.00000      0.00000      0.00000      0.00000
PD      0.25000      0.75000      0.00000     -0.00020     -0.00226      0.00005
PD      0.25001      0.50000      0.25001     -0.00034      0.00000     -0.00034
PD      0.00000      0.75000      0.25000      0.00005     -0.00226     -0.00020
PD      0.00000      0.50000      0.50000      0.00000      0.00000      0.00000
PD      0.25001      0.74999      0.50000      0.00028     -0.00376      0.00061
PD      0.25001      0.50000      0.74999     -0.00064      0.00000      0.00064
PD      0.00000      0.75000      0.74999     -0.00005     -0.00226      0.00020
PD      0.50000      0.00000      0.00000      0.00000      0.00000      0.00000
PD      0.74999      0.25000      0.00000      0.00020      0.00226     -0.00005
PD      0.75000      0.00000      0.25000     -0.00032      0.00000      0.00032
PD      0.50000      0.25001      0.25001      0.00061      0.00376      0.00028
PD      0.50000      0.00000      0.50000      0.00000      0.00000      0.00000
PD      0.74999      0.25001      0.50000     -0.00028      0.00376     -0.00061
PD      0.75000      0.00000      0.75000     -0.00047      0.00000     -0.00047
PD      0.50000      0.25001      0.74999     -0.00061      0.00376     -0.00028
PD      0.50000      0.50000      0.00000      0.00000      0.00000      0.00000
PD      0.74999      0.75000      0.00000      0.00020     -0.00226     -0.00005
PD      0.74999      0.50000      0.25001      0.00064      0.00000     -0.00064
PD      0.50000      0.74999      0.25001      0.00061     -0.00376      0.00028
PD      0.50000      0.50000      0.50000      0.00000      0.00000      0.00000
PD      0.74999      0.74999      0.50000     -0.00028     -0.00376     -0.00061
PD      0.74999      0.50000      0.74999      0.00034      0.00000      0.00034
PD      0.50000      0.74999      0.74999     -0.00061     -0.00376     -0.00028
