/* Converted from PWscf output file */ 
#L_UNITS ang 
#E_UNITS eV 
#S_UNITS GPA 
#F_UNITS EV/ANG 
#ALAT 	   7.85006     // a0 
#X 	   1.00000     0.00000     0.00250     // X 
#Y 	   0.00000     1.00000     0.00000     // Y 
#Z 	   0.00250     0.00000     1.00000     // Z 
#SX 	   0.18769     0.00000    -0.45370     // SX 
#SY 	   0.00000     0.18157     0.00000     // SY 
#SZ 	  -0.45370     0.00000     0.18769     // SZ 
#EPA 	  -4.04949     // Energy per Atom 
#RCUT 	6.5        // Rcut 
PD      0.00000      0.00000      0.00000      0.00000      0.00000      0.00000
PD      0.25000      0.25000     -0.00000     -0.00017      0.00231      0.00003
PD      0.25000      0.00000      0.25000      0.00046      0.00000      0.00046
PD     -0.00000      0.25000      0.25000      0.00003      0.00231     -0.00017
PD      0.00000      0.00000      0.50000      0.00000      0.00000      0.00000
PD      0.25001      0.25001      0.50000      0.00028      0.00390      0.00063
PD      0.25000      0.00000      0.75000      0.00031      0.00000     -0.00031
PD      0.00000      0.25000      0.75000     -0.00003      0.00231      0.00017
PD      0.00000      0.50000      0.00000      0.00000      0.00000      0.00000
PD      0.25000      0.75000     -0.00000     -0.00017     -0.00231      0.00003
PD      0.25001      0.50000      0.25001     -0.00034      0.00000     -0.00034
PD     -0.00000      0.75000      0.25000      0.00003     -0.00231     -0.00017
PD      0.00000      0.50000      0.50000      0.00000      0.00000      0.00000
PD      0.25001      0.74999      0.50000      0.00028     -0.00390      0.00063
PD      0.25001      0.50000      0.74999     -0.00061      0.00000      0.00061
PD      0.00000      0.75000      0.75000     -0.00003     -0.00231      0.00017
PD      0.50000      0.00000      0.00000      0.00000      0.00000      0.00000
PD      0.75000      0.25000      0.00000      0.00017      0.00231     -0.00003
PD      0.75000      0.00000      0.25000     -0.00031      0.00000      0.00031
PD      0.50000      0.25001      0.25001      0.00063      0.00390      0.00028
PD      0.50000      0.00000      0.50000      0.00000      0.00000      0.00000
PD      0.74999      0.25001      0.50000     -0.00028      0.00390     -0.00063
PD      0.75000      0.00000      0.75000     -0.00046      0.00000     -0.00046
PD      0.50000      0.25001      0.74999     -0.00063      0.00390     -0.00028
PD      0.50000      0.50000      0.00000      0.00000      0.00000      0.00000
PD      0.75000      0.75000      0.00000      0.00017     -0.00231     -0.00003
PD      0.74999      0.50000      0.25001      0.00061      0.00000     -0.00061
PD      0.50000      0.74999      0.25001      0.00063     -0.00390      0.00028
PD      0.50000      0.50000      0.50000      0.00000      0.00000      0.00000
PD      0.74999      0.74999      0.50000     -0.00028     -0.00390     -0.00063
PD      0.74999      0.50000      0.74999      0.00034      0.00000      0.00034
PD      0.50000      0.74999      0.74999     -0.00063     -0.00390     -0.00028
