/* Converted from PWscf output file */ 
#L_UNITS ang 
#E_UNITS eV 
#S_UNITS GPA 
#F_UNITS EV/ANG 
#ALAT 	   7.85011     // a0 
#X 	   1.00000     0.00000     0.00500     // X 
#Y 	   0.00000     1.00000     0.00000     // Y 
#Z 	   0.00500     0.00000     1.00000     // Z 
#SX 	   0.22546     0.00000    -0.90272     // SX 
#SY 	   0.00000     0.18711     0.00000     // SY 
#SZ 	  -0.90272     0.00000     0.22546     // SZ 
#EPA 	  -4.04919     // Energy per Atom 
#RCUT 	6.5        // Rcut 
PD      0.00000      0.00000      0.00000      0.00000      0.00000      0.00000
PD      0.25000      0.25000     -0.00000     -0.00023      0.00206      0.00015
PD      0.25000      0.00000      0.25000      0.00051      0.00000      0.00051
PD     -0.00000      0.25000      0.25000      0.00015      0.00206     -0.00023
PD      0.00000      0.00000      0.50000      0.00000      0.00000      0.00000
PD      0.25001      0.25001      0.50000      0.00025      0.00331      0.00048
PD      0.25000      0.00000      0.75000      0.00036      0.00000     -0.00036
PD      0.00000      0.25000      0.75000     -0.00015      0.00206      0.00023
PD      0.00000      0.50000      0.00000      0.00000      0.00000      0.00000
PD      0.25000      0.75000     -0.00000     -0.00023     -0.00206      0.00015
PD      0.25001      0.50000      0.25001     -0.00035      0.00000     -0.00035
PD     -0.00000      0.75000      0.25000      0.00015     -0.00206     -0.00023
PD      0.00000      0.50000      0.50000      0.00000      0.00000      0.00000
PD      0.25001      0.74999      0.50000      0.00025     -0.00331      0.00048
PD      0.25001      0.50000      0.74999     -0.00067      0.00000      0.00067
PD      0.00000      0.75000      0.75000     -0.00015     -0.00206      0.00023
PD      0.50000      0.00000     -0.00000      0.00000      0.00000      0.00000
PD      0.75000      0.25000      0.00000      0.00023      0.00206     -0.00015
PD      0.75000      0.00000      0.25000     -0.00036      0.00000      0.00036
PD      0.50000      0.25001      0.25001      0.00048      0.00331      0.00025
PD      0.50000      0.00000      0.50000      0.00000      0.00000      0.00000
PD      0.74999      0.25001      0.50000     -0.00025      0.00331     -0.00048
PD      0.75000      0.00000      0.75000     -0.00051      0.00000     -0.00051
PD      0.50000      0.25001      0.74999     -0.00048      0.00331     -0.00025
PD      0.50000      0.50000     -0.00000      0.00000      0.00000      0.00000
PD      0.75000      0.75000      0.00000      0.00023     -0.00206     -0.00015
PD      0.74999      0.50000      0.25001      0.00067      0.00000     -0.00067
PD      0.50000      0.74999      0.25001      0.00048     -0.00331      0.00025
PD      0.50000      0.50000      0.50000      0.00000      0.00000      0.00000
PD      0.74999      0.74999      0.50000     -0.00025     -0.00331     -0.00048
PD      0.74999      0.50000      0.74999      0.00035      0.00000      0.00035
PD      0.50000      0.74999      0.74999     -0.00048     -0.00331     -0.00025
