/* Converted from PWscf output file */ 
#L_UNITS ang 
#E_UNITS eV 
#S_UNITS GPA 
#F_UNITS EV/ANG 
#ALAT 	   7.85009     // a0 
#X 	   1.00000     0.00000     0.00417     // X 
#Y 	   0.00000     1.00000     0.00000     // Y 
#Z 	   0.00417     0.00000     1.00000     // Z 
#SX 	   0.21030     0.00000    -0.75353     // SX 
#SY 	   0.00000     0.18492     0.00000     // SY 
#SZ 	  -0.75353     0.00000     0.21030     // SZ 
#EPA 	  -4.04931     // Energy per Atom 
#RCUT 	6.5        // Rcut 
PD      0.00000      0.00000      0.00000      0.00000      0.00000      0.00000
PD      0.25000      0.25000     -0.00000     -0.00023      0.00218      0.00008
PD      0.25000      0.00000      0.25000      0.00048      0.00000      0.00048
PD     -0.00000      0.25000      0.25000      0.00008      0.00218     -0.00023
PD     -0.00000      0.00000      0.50000      0.00000      0.00000      0.00000
PD      0.25001      0.25001      0.50000      0.00028      0.00359      0.00057
PD      0.25000      0.00000      0.74999      0.00032      0.00000     -0.00032
PD     -0.00000      0.25000      0.74999     -0.00008      0.00218      0.00023
PD      0.00000      0.50000      0.00000      0.00000      0.00000      0.00000
PD      0.25000      0.75000     -0.00000     -0.00023     -0.00218      0.00008
PD      0.25001      0.50000      0.25001     -0.00034      0.00000     -0.00034
PD     -0.00000      0.75000      0.25000      0.00008     -0.00218     -0.00023
PD     -0.00000      0.50000      0.50000      0.00000      0.00000      0.00000
PD      0.25001      0.74999      0.50000      0.00028     -0.00359      0.00057
PD      0.25001      0.50000      0.74999     -0.00066      0.00000      0.00066
PD     -0.00000      0.75000      0.74999     -0.00008     -0.00218      0.00023
PD      0.50000      0.00000     -0.00000      0.00000      0.00000      0.00000
PD      0.75000      0.25000     -0.00000      0.00023      0.00218     -0.00008
PD      0.75000      0.00000      0.25000     -0.00032      0.00000      0.00032
PD      0.50000      0.25001      0.25001      0.00057      0.00359      0.00028
PD      0.50000      0.00000      0.50000      0.00000      0.00000      0.00000
PD      0.74999      0.25001      0.50000     -0.00028      0.00359     -0.00057
PD      0.74999      0.00000      0.74999     -0.00048      0.00000     -0.00048
PD      0.50000      0.25001      0.74999     -0.00057      0.00359     -0.00028
PD      0.50000      0.50000     -0.00000      0.00000      0.00000      0.00000
PD      0.75000      0.75000     -0.00000      0.00023     -0.00218     -0.00008
PD      0.74999      0.50000      0.25001      0.00066      0.00000     -0.00066
PD      0.50000      0.74999      0.25001      0.00057     -0.00359      0.00028
PD      0.50000      0.50000      0.50000      0.00000      0.00000      0.00000
PD      0.74999      0.74999      0.50000     -0.00028     -0.00359     -0.00057
PD      0.74999      0.50000      0.74999      0.00034      0.00000      0.00034
PD      0.50000      0.74999      0.74999     -0.00057     -0.00359     -0.00028
