/* Converted from PWscf output file */ 
#L_UNITS ang 
#E_UNITS eV 
#S_UNITS GPA 
#F_UNITS EV/ANG 
#ALAT 	   7.85009     // a0 
#X 	   1.00000     0.00417     0.00000     // X 
#Y 	   0.00417     1.00000     0.00000     // Y 
#Z 	   0.00000     0.00000     1.00000     // Z 
#SX 	   0.19090    -0.75499     0.00000     // SX 
#SY 	  -0.75499     0.19090     0.00000     // SY 
#SZ 	   0.00000     0.00000     0.16057     // SZ 
#EPA 	  -4.04931     // Energy per Atom 
#RCUT 	6.5        // Rcut 
PD      0.00000      0.00000      0.00000      0.00000      0.00000      0.00000
PD      0.25000      0.25000      0.00000      0.00156      0.00156      0.00000
PD      0.25000     -0.00000      0.25000      0.00149     -0.00029     -0.00043
PD     -0.00000      0.25000      0.25000     -0.00029      0.00149     -0.00043
PD      0.00000      0.00000      0.50000      0.00000      0.00000      0.00000
PD      0.25001      0.25001      0.50000      0.00216      0.00216      0.00000
PD      0.25000     -0.00000      0.74999      0.00149     -0.00029      0.00043
PD     -0.00000      0.25000      0.74999     -0.00029      0.00149      0.00043
PD     -0.00000      0.50000      0.00000      0.00000      0.00000      0.00000
PD      0.25000      0.75000      0.00000      0.00187     -0.00187      0.00000
PD      0.25001      0.50000      0.25001      0.00201      0.00080     -0.00050
PD     -0.00000      0.75000      0.25000      0.00029     -0.00149     -0.00043
PD     -0.00000      0.50000      0.50000      0.00000      0.00000      0.00000
PD      0.25001      0.74999      0.50000      0.00194     -0.00194      0.00000
PD      0.25001      0.50000      0.74999      0.00201      0.00080      0.00050
PD     -0.00000      0.75000      0.74999      0.00029     -0.00149      0.00043
PD      0.50000     -0.00000      0.00000      0.00000      0.00000      0.00000
PD      0.75000      0.25000      0.00000     -0.00187      0.00187      0.00000
PD      0.75000     -0.00000      0.25000     -0.00149      0.00029     -0.00043
PD      0.50000      0.25001      0.25001      0.00080      0.00201     -0.00050
PD      0.50000     -0.00000      0.50000      0.00000      0.00000      0.00000
PD      0.74999      0.25001      0.50000     -0.00194      0.00194      0.00000
PD      0.75000     -0.00000      0.74999     -0.00149      0.00029      0.00043
PD      0.50000      0.25001      0.74999      0.00080      0.00201      0.00050
PD      0.50000      0.50000      0.00000      0.00000      0.00000      0.00000
PD      0.74999      0.74999      0.00000     -0.00156     -0.00156      0.00000
PD      0.74999      0.50000      0.25001     -0.00201     -0.00080     -0.00050
PD      0.50000      0.74999      0.25001     -0.00080     -0.00201     -0.00050
PD      0.50000      0.50000      0.50000      0.00000      0.00000      0.00000
PD      0.74999      0.74999      0.50000     -0.00216     -0.00216      0.00000
PD      0.74999      0.50000      0.74999     -0.00201     -0.00080      0.00050
PD      0.50000      0.74999      0.74999     -0.00080     -0.00201      0.00050
