/* Converted from PWscf output file */ 
#L_UNITS ang 
#E_UNITS eV 
#S_UNITS GPA 
#F_UNITS EV/ANG 
#ALAT 	   7.86968     // a0 
#X 	   1.00000     0.00000     0.00000     // X 
#Y 	   0.00000     0.99501     0.00000     // Y 
#Z 	   0.00000     0.00000     0.99751     // Z 
#SX 	  -0.01575     0.00000     0.00000     // SX 
#SY 	   0.00000     0.35963     0.00000     // SY 
#SZ 	   0.00000     0.00000     0.17427     // SZ 
#EPA 	  -4.04955     // Energy per Atom 
#RCUT 	6.5        // Rcut 
PD      0.00000      0.00000      0.00000      0.00000      0.00000      0.00000
PD      0.25000      0.25000      0.00000      0.00088      0.00632      0.00000
PD      0.25000      0.00000      0.25000     -0.00070      0.00000     -0.00158
PD      0.00000      0.25000      0.25000      0.00000      0.00499     -0.00121
PD      0.00000      0.00000      0.50000      0.00000      0.00000      0.00000
PD      0.25001      0.25001      0.50000      0.00167      0.00861      0.00000
PD      0.25000      0.00000      0.75000     -0.00070     -0.00000      0.00158
PD      0.00000      0.25000      0.75000      0.00000      0.00499      0.00121
PD      0.00000      0.50000      0.00000      0.00000      0.00000      0.00000
PD      0.25000      0.75000      0.00000      0.00088     -0.00632      0.00000
PD      0.25001      0.50000      0.25001      0.00347      0.00000     -0.00025
PD      0.00000      0.75000      0.25000      0.00000     -0.00499     -0.00121
PD      0.00000      0.50000      0.50000      0.00000      0.00000      0.00000
PD      0.25001      0.74999      0.50000      0.00167     -0.00861      0.00000
PD      0.25001      0.50000      0.74999      0.00347      0.00000      0.00025
PD      0.00000      0.75000      0.75000      0.00000     -0.00499      0.00121
PD      0.50000      0.00000      0.00000      0.00000      0.00000      0.00000
PD      0.75000      0.25000      0.00000     -0.00088      0.00632      0.00000
PD      0.75000      0.00000      0.25000      0.00070     -0.00000     -0.00158
PD      0.50000      0.25001      0.25001      0.00000      0.01062     -0.00021
PD      0.50000      0.00000      0.50000      0.00000      0.00000      0.00000
PD      0.74999      0.25001      0.50000     -0.00167      0.00861      0.00000
PD      0.75000      0.00000      0.75000      0.00070      0.00000      0.00158
PD      0.50000      0.25001      0.74999      0.00000      0.01062      0.00021
PD      0.50000      0.50000      0.00000      0.00000      0.00000      0.00000
PD      0.75000      0.75000      0.00000     -0.00088     -0.00632      0.00000
PD      0.74999      0.50000      0.25001     -0.00347      0.00000     -0.00025
PD      0.50000      0.74999      0.25001      0.00000     -0.01062     -0.00021
PD      0.50000      0.50000      0.50000      0.00000      0.00000      0.00000
PD      0.74999      0.74999      0.50000     -0.00167     -0.00861      0.00000
PD      0.74999      0.50000      0.74999     -0.00347      0.00000      0.00025
PD      0.50000      0.74999      0.74999      0.00000     -0.01062      0.00021
