/* Converted from PWscf output file */ 
#L_UNITS ang 
#E_UNITS eV 
#S_UNITS GPA 
#F_UNITS EV/ANG 
#ALAT 	   7.88936     // a0 
#X 	   1.00000     0.00000     0.00000     // X 
#Y 	   0.00000     0.99005     0.00000     // Y 
#Z 	   0.00000     0.00000     0.99502     // Z 
#SX 	  -0.18157     0.00000     0.00000     // SX 
#SY 	   0.00000     0.56293     0.00000     // SY 
#SZ 	   0.00000     0.00000     0.20388     // SZ 
#EPA 	  -4.04942     // Energy per Atom 
#RCUT 	6.5        // Rcut 
PD      0.00000      0.00000      0.00000      0.00000      0.00000      0.00000
PD      0.25000      0.25000      0.00000      0.00082      0.00580      0.00000
PD      0.25000      0.00000      0.25000     -0.00062      0.00000     -0.00142
PD      0.00000      0.25000      0.25000      0.00000      0.00470     -0.00121
PD      0.00000      0.00000      0.50000      0.00000      0.00000      0.00000
PD      0.25001      0.25001      0.50000      0.00159      0.00808      0.00000
PD      0.25000      0.00000      0.75000     -0.00062     -0.00000      0.00142
PD      0.00000      0.25000      0.75000      0.00000      0.00470      0.00121
PD      0.00000      0.50000      0.00000      0.00000      0.00000      0.00000
PD      0.25000      0.75000      0.00000      0.00082     -0.00580      0.00000
PD      0.25001      0.50000      0.25001      0.00325     -0.00000     -0.00026
PD      0.00000      0.75000      0.25000      0.00000     -0.00470     -0.00121
PD      0.00000      0.50000      0.50000      0.00000      0.00000      0.00000
PD      0.25001      0.74999      0.50000      0.00159     -0.00808      0.00000
PD      0.25001      0.50000      0.74999      0.00325      0.00000      0.00026
PD      0.00000      0.75000      0.75000      0.00000     -0.00470      0.00121
PD      0.50000      0.00000      0.00000      0.00000      0.00000      0.00000
PD      0.75000      0.25000      0.00000     -0.00082      0.00580      0.00000
PD      0.75000      0.00000      0.25000      0.00062     -0.00000     -0.00142
PD      0.50000      0.25001      0.25001      0.00000      0.01002     -0.00020
PD      0.50000      0.00000      0.50000      0.00000      0.00000      0.00000
PD      0.74999      0.25001      0.50000     -0.00159      0.00808      0.00000
PD      0.75000      0.00000      0.75000      0.00062      0.00000      0.00142
PD      0.50000      0.25001      0.74999      0.00000      0.01002      0.00020
PD      0.50000      0.50000      0.00000      0.00000      0.00000      0.00000
PD      0.75000      0.75000      0.00000     -0.00082     -0.00580      0.00000
PD      0.74999      0.50000      0.25001     -0.00325      0.00000     -0.00026
PD      0.50000      0.74999      0.25001      0.00000     -0.01002     -0.00020
PD      0.50000      0.50000      0.50000      0.00000      0.00000      0.00000
PD      0.74999      0.74999      0.50000     -0.00159     -0.00808      0.00000
PD      0.74999      0.50000      0.74999     -0.00325     -0.00000      0.00026
PD      0.50000      0.74999      0.74999      0.00000     -0.01002      0.00020
