/* Converted from PWscf output file */ 
#L_UNITS ang 
#E_UNITS eV 
#S_UNITS GPA 
#F_UNITS EV/ANG 
#ALAT 	   7.85011     // a0 
#X 	   1.00000     0.00000     0.00000     // X 
#Y 	   0.00000     1.00500     0.00000     // Y 
#Z 	   0.00000     0.00000     0.99500     // Z 
#SX 	   0.16567     0.00000     0.00000     // SX 
#SY 	   0.00000    -0.21365     0.00000     // SY 
#SZ 	   0.00000     0.00000     0.52370     // SZ 
#EPA 	  -4.04942     // Energy per Atom 
#RCUT 	6.5        // Rcut 
PD      0.00000      0.00000      0.00000      0.00000      0.00000      0.00000
PD      0.25000      0.25000      0.00000     -0.00008      0.00629      0.00000
PD      0.25000      0.00000      0.25000     -0.00136      0.00000      0.00224
PD      0.00000      0.25000      0.25000      0.00000      0.00374      0.00152
PD      0.00000      0.00000      0.50000      0.00000      0.00000      0.00000
PD      0.25001      0.25001      0.50000      0.00020      0.00799      0.00000
PD      0.25000      0.00000      0.75000     -0.00136      0.00000     -0.00224
PD      0.00000      0.25000      0.75000      0.00000      0.00374     -0.00152
PD      0.00000      0.50000      0.00000      0.00000      0.00000      0.00000
PD      0.25000      0.75000      0.00000     -0.00008     -0.00629      0.00000
PD      0.25001      0.50000      0.25001      0.00110      0.00000      0.00092
PD      0.00000      0.75000      0.25000      0.00000     -0.00374      0.00152
PD      0.00000      0.50000      0.50000      0.00000      0.00000      0.00000
PD      0.25001      0.74999      0.50000      0.00020     -0.00799      0.00000
PD      0.25001      0.50000      0.74999      0.00110      0.00000     -0.00092
PD      0.00000      0.75000      0.75000      0.00000     -0.00374     -0.00152
PD      0.50000      0.00000      0.00000      0.00000      0.00000      0.00000
PD      0.75000      0.25000      0.00000      0.00008      0.00629      0.00000
PD      0.75000      0.00000      0.25000      0.00136      0.00000      0.00224
PD      0.50000      0.25001      0.25001      0.00000      0.01090      0.00191
PD      0.50000      0.00000      0.50000      0.00000      0.00000      0.00000
PD      0.74999      0.25001      0.50000     -0.00020      0.00799      0.00000
PD      0.75000      0.00000      0.75000      0.00136      0.00000     -0.00224
PD      0.50000      0.25001      0.74999      0.00000      0.01090     -0.00191
PD      0.50000      0.50000      0.00000      0.00000      0.00000      0.00000
PD      0.75000      0.75000      0.00000      0.00008     -0.00629      0.00000
PD      0.74999      0.50000      0.25001     -0.00110      0.00000      0.00092
PD      0.50000      0.74999      0.25001      0.00000     -0.01090      0.00191
PD      0.50000      0.50000      0.50000      0.00000      0.00000      0.00000
PD      0.74999      0.74999      0.50000     -0.00020     -0.00799      0.00000
PD      0.74999      0.50000      0.74999     -0.00110      0.00000     -0.00092
PD      0.50000      0.74999      0.74999      0.00000     -0.01090     -0.00191
