/* Converted from PWscf output file */ 
#L_UNITS ang 
#E_UNITS eV 
#S_UNITS GPA 
#F_UNITS EV/ANG 
#ALAT 	   6.84431     // a0 
#X 	   1.00000     0.00000     0.00000     // X 
#Y 	   0.00000     0.90000     0.00000     // Y 
#Z 	   0.00000     0.00000     1.00000     // Z 
#SX 	  35.74192     0.00000     0.00000     // SX 
#SY 	   0.00000    66.03089     0.00000     // SY 
#SZ 	   0.00000     0.00000    35.74192     // SZ 
#EPA 	  -4.47141     // Energy per Atom 
#RCUT 	6.5        // Rcut 
FE      0.00000      0.00000      0.00000      0.00000      0.00000      0.00000
FE      0.25000      0.25000      0.00000      0.00033     -0.00030      0.00000
FE      0.25000      0.00000      0.25000      0.00026      0.00000      0.00026
FE      0.00000      0.25000      0.25000      0.00000     -0.00030      0.00033
FE      0.00000      0.00000      0.50000      0.00000      0.00000      0.00000
FE      0.25000      0.25000      0.50000     -0.00013     -0.00035      0.00000
FE      0.25000      0.00000      0.75000      0.00026     -0.00000     -0.00026
FE      0.00000      0.25000      0.75000      0.00000     -0.00030     -0.00033
FE      0.00000      0.50000      0.00000      0.00000      0.00000      0.00000
FE      0.25000      0.75000      0.00000      0.00033      0.00030      0.00000
FE      0.25000      0.50000      0.25000     -0.00006      0.00000     -0.00006
FE      0.00000      0.75000      0.25000      0.00000      0.00030      0.00033
FE      0.00000      0.50000      0.50000      0.00000      0.00000      0.00000
FE      0.25000      0.75000      0.50000     -0.00013      0.00035      0.00000
FE      0.25000      0.50000      0.75000     -0.00006      0.00000      0.00006
FE      0.00000      0.75000      0.75000      0.00000      0.00030     -0.00033
FE      0.50000      0.00000      0.00000      0.00000      0.00000      0.00000
FE      0.75000      0.25000      0.00000     -0.00033     -0.00030      0.00000
FE      0.75000      0.00000      0.25000     -0.00026     -0.00000      0.00026
FE      0.50000      0.25000      0.25000      0.00000     -0.00035     -0.00013
FE      0.50000      0.00000      0.50000      0.00000      0.00000      0.00000
FE      0.75000      0.25000      0.50000      0.00013     -0.00035      0.00000
FE      0.75000      0.00000      0.75000     -0.00026      0.00000     -0.00026
FE      0.50000      0.25000      0.75000      0.00000     -0.00035      0.00013
FE      0.50000      0.50000      0.00000      0.00000      0.00000      0.00000
FE      0.75000      0.75000      0.00000     -0.00033      0.00030      0.00000
FE      0.75000      0.50000      0.25000      0.00006      0.00000     -0.00006
FE      0.50000      0.75000      0.25000      0.00000      0.00035     -0.00013
FE      0.50000      0.50000      0.50000      0.00000      0.00000      0.00000
FE      0.75000      0.75000      0.50000      0.00013      0.00035      0.00000
FE      0.75000      0.50000      0.75000      0.00006      0.00000      0.00006
FE      0.50000      0.75000      0.75000      0.00000      0.00035      0.00013
