/* Converted from PWscf output file */ 
#L_UNITS ang 
#E_UNITS eV 
#S_UNITS GPA 
#F_UNITS EV/ANG 
#ALAT 	   6.84431     // a0 
#X 	   1.00000     0.00000     0.00000     // X 
#Y 	   0.00000     1.70000     0.00000     // Y 
#Z 	   0.00000     0.00000     1.00000     // Z 
#SX 	   0.83797     0.00000     0.00000     // SX 
#SY 	   0.00000     4.19920     0.00000     // SY 
#SZ 	   0.00000     0.00000     0.83797     // SZ 
#EPA 	  -4.24487     // Energy per Atom 
#RCUT 	6.5        // Rcut 
FE      0.00000      0.00000      0.00000      0.00000      0.03009      0.00000
FE      0.25000      0.14706      0.00000      0.00027      0.60773      0.00000
FE      0.25000      0.00000      0.25000     -0.00040      0.02656     -0.00040
FE      0.00000      0.14706      0.25000      0.00000      0.60773      0.00027
FE      0.00000      0.00000      0.50000      0.00000      0.03105      0.00000
FE      0.25000      0.14706      0.50000     -0.00013      0.60770      0.00000
FE      0.25000      0.00000      0.75000     -0.00040      0.02656      0.00040
FE      0.00000      0.14706      0.75000      0.00000      0.60773     -0.00027
FE      0.00000      0.70588      0.00000      0.00000     -0.60736      0.00000
FE      0.25000      0.85294      0.00000      0.00053     -0.02775      0.00000
FE      0.25000      0.70588      0.25000     -0.00030     -0.61027     -0.00030
FE      0.00000      0.85294      0.25000      0.00000     -0.02775      0.00053
FE      0.00000      0.70588      0.50000      0.00000     -0.60748      0.00000
FE      0.25000      0.85294      0.50000      0.00022     -0.02754      0.00000
FE      0.25000      0.70588      0.75000     -0.00030     -0.61027      0.00030
FE      0.00000      0.85294      0.75000      0.00000     -0.02775     -0.00053
FE      0.50000      0.00000      0.00000      0.00000      0.03105      0.00000
FE      0.75000      0.14706      0.00000     -0.00027      0.60773      0.00000
FE      0.75000      0.00000      0.25000      0.00040      0.02656     -0.00040
FE      0.50000      0.14706      0.25000      0.00000      0.60770     -0.00013
FE      0.50000      0.00000      0.50000      0.00000      0.03161      0.00000
FE      0.75000      0.14706      0.50000      0.00013      0.60770      0.00000
FE      0.75000      0.00000      0.75000      0.00040      0.02656      0.00040
FE      0.50000      0.14706      0.75000      0.00000      0.60770      0.00013
FE      0.50000      0.70588      0.00000      0.00000     -0.60748      0.00000
FE      0.75000      0.85294      0.00000     -0.00053     -0.02775      0.00000
FE      0.75000      0.70588      0.25000      0.00030     -0.61027     -0.00030
FE      0.50000      0.85294      0.25000     -0.00000     -0.02754      0.00022
FE      0.50000      0.70588      0.50000      0.00000     -0.60718      0.00000
FE      0.75000      0.85294      0.50000     -0.00022     -0.02754      0.00000
FE      0.75000      0.70588      0.75000      0.00030     -0.61027      0.00030
FE      0.50000      0.85294      0.75000     -0.00000     -0.02754     -0.00022
