/* Converted from PWscf output file */ 
#L_UNITS ang 
#E_UNITS eV 
#S_UNITS GPA 
#F_UNITS EV/ANG 
#ALAT 	   6.84431     // a0 
#X 	   1.00000     0.00000     0.00000     // X 
#Y 	   0.00000     1.80000     0.00000     // Y 
#Z 	   0.00000     0.00000     1.00000     // Z 
#SX 	   0.82077     0.00000     0.00000     // SX 
#SY 	   0.00000     4.01414     0.00000     // SY 
#SZ 	   0.00000     0.00000     0.82077     // SZ 
#EPA 	  -4.24429     // Energy per Atom 
#RCUT 	6.5        // Rcut 
FE      0.00000      0.00000      0.00000      0.00000      0.03235      0.00000
FE      0.25000      0.13889      0.00000      0.00027      0.60581      0.00000
FE      0.25000      0.00000      0.25000     -0.00058      0.02840     -0.00058
FE      0.00000      0.13889      0.25000      0.00000      0.60581      0.00027
FE      0.00000      0.00000      0.50000      0.00000      0.03369      0.00000
FE      0.25000      0.13889      0.50000     -0.00023      0.60562      0.00000
FE      0.25000      0.00000      0.75000     -0.00058      0.02840      0.00058
FE      0.00000      0.13889      0.75000      0.00000      0.60581     -0.00027
FE      0.00000      0.72222      0.00000      0.00000     -0.61327      0.00000
FE      0.25000      0.86111      0.00000      0.00090     -0.02537      0.00000
FE      0.25000      0.72222      0.25000     -0.00021     -0.60928     -0.00021
FE      0.00000      0.86111      0.25000     -0.00000     -0.02537      0.00090
FE      0.00000      0.72222      0.50000      0.00000     -0.61318      0.00000
FE      0.25000      0.86111      0.50000      0.00038     -0.02524      0.00000
FE      0.25000      0.72222      0.75000     -0.00021     -0.60928      0.00021
FE      0.00000      0.86111      0.75000      0.00000     -0.02537     -0.00090
FE      0.50000      0.00000      0.00000      0.00000      0.03369      0.00000
FE      0.75000      0.13889      0.00000     -0.00027      0.60581      0.00000
FE      0.75000      0.00000      0.25000      0.00058      0.02840     -0.00058
FE      0.50000      0.13889      0.25000      0.00000      0.60562     -0.00023
FE      0.50000      0.00000      0.50000      0.00000      0.03416      0.00000
FE      0.75000      0.13889      0.50000      0.00023      0.60562      0.00000
FE      0.75000      0.00000      0.75000      0.00058      0.02840      0.00058
FE      0.50000      0.13889      0.75000      0.00000      0.60562      0.00023
FE      0.50000      0.72222      0.00000      0.00000     -0.61318      0.00000
FE      0.75000      0.86111      0.00000     -0.00090     -0.02537     -0.00000
FE      0.75000      0.72222      0.25000      0.00021     -0.60928     -0.00021
FE      0.50000      0.86111      0.25000      0.00000     -0.02524      0.00038
FE      0.50000      0.72222      0.50000      0.00000     -0.61402      0.00000
FE      0.75000      0.86111      0.50000     -0.00038     -0.02524      0.00000
FE      0.75000      0.72222      0.75000      0.00021     -0.60928      0.00021
FE      0.50000      0.86111      0.75000      0.00000     -0.02524     -0.00038
