/* Converted from PWscf output file */ 
#L_UNITS ang 
#E_UNITS eV 
#S_UNITS GPA 
#F_UNITS EV/ANG 
#ALAT 	   6.84431     // a0 
#X 	   1.00000     0.00000     0.00000     // X 
#Y 	   0.00000     1.50000     0.00000     // Y 
#Z 	   0.00000     0.00000     1.00000     // Z 
#SX 	   1.10719     0.00000     0.00000     // SX 
#SY 	   0.00000     4.31777     0.00000     // SY 
#SZ 	   0.00000     0.00000     1.10719     // SZ 
#EPA 	  -4.25134     // Energy per Atom 
#RCUT 	6.5        // Rcut 
FE      0.00000      0.00000      0.00000      0.00000      0.02625      0.00000
FE      0.25000      0.16667      0.00000      0.00025      0.67105      0.00000
FE      0.25000      0.00000      0.25000     -0.00040      0.02329     -0.00040
FE      0.00000      0.16667      0.25000     -0.00000      0.67105      0.00025
FE      0.00000      0.00000      0.50000      0.00000      0.02695      0.00000
FE      0.25000      0.16667      0.50000     -0.00008      0.67092      0.00000
FE      0.25000      0.00000      0.75000     -0.00040      0.02329      0.00040
FE      0.00000      0.16667      0.75000      0.00000      0.67105     -0.00025
FE      0.00000      0.66667      0.00000      0.00000     -0.66317      0.00000
FE      0.25000      0.83333      0.00000      0.00062     -0.03023      0.00000
FE      0.25000      0.66667      0.25000     -0.00021     -0.66843     -0.00021
FE      0.00000      0.83333      0.25000      0.00000     -0.03023      0.00062
FE      0.00000      0.66667      0.50000      0.00000     -0.66341      0.00000
FE      0.25000      0.83333      0.50000      0.00047     -0.03008      0.00000
FE      0.25000      0.66667      0.75000     -0.00021     -0.66843      0.00021
FE      0.00000      0.83333      0.75000      0.00000     -0.03023     -0.00062
FE      0.50000      0.00000      0.00000      0.00000      0.02695      0.00000
FE      0.75000      0.16667      0.00000     -0.00025      0.67105      0.00000
FE      0.75000      0.00000      0.25000      0.00040      0.02329     -0.00040
FE      0.50000      0.16667      0.25000      0.00000      0.67092     -0.00008
FE      0.50000      0.00000      0.50000      0.00000      0.02754      0.00000
FE      0.75000      0.16667      0.50000      0.00008      0.67092      0.00000
FE      0.75000      0.00000      0.75000      0.00040      0.02329      0.00040
FE      0.50000      0.16667      0.75000      0.00000      0.67092      0.00008
FE      0.50000      0.66667      0.00000      0.00000     -0.66341      0.00000
FE      0.75000      0.83333      0.00000     -0.00062     -0.03023      0.00000
FE      0.75000      0.66667      0.25000      0.00021     -0.66843     -0.00021
FE      0.50000      0.83333      0.25000      0.00000     -0.03008      0.00047
FE      0.50000      0.66667      0.50000      0.00000     -0.66376      0.00000
FE      0.75000      0.83333      0.50000     -0.00047     -0.03008      0.00000
FE      0.75000      0.66667      0.75000      0.00021     -0.66843      0.00021
FE      0.50000      0.83333      0.75000      0.00000     -0.03008     -0.00047
