/* Converted from PWscf output file */ 
#L_UNITS ang 
#E_UNITS eV 
#S_UNITS GPA 
#F_UNITS EV/ANG 
#ALAT 	   7.61797     // a0 
#X 	   1.00000     0.00000     0.00000     // X 
#Y 	   0.00000     1.00000     0.00000     // Y 
#Z 	   0.00000     0.00000     1.50000     // Z 
#SX 	  -9.21494     0.00000     0.00000     // SX 
#SY 	   0.00000    -9.21494     0.00000     // SY 
#SZ 	   0.00000     0.00000    -6.46651     // SZ 
#EPA 	  -6.01436     // Energy per Atom 
#RCUT 	6.5        // Rcut 
RU      0.00000      0.00000      0.00000      0.00000      0.00000      0.99041
RU      0.25000      0.25000      0.00000      0.00012      0.00012      0.98944
RU      0.25000      0.00000      0.16667      0.00037      0.00000     -0.84408
RU      0.00000      0.25000      0.16667      0.00000      0.00037     -0.84408
RU      0.00000      0.00000      0.66667      0.00000      0.00000      0.84415
RU      0.25000      0.25000      0.66667      0.00115      0.00115      0.84436
RU      0.25000      0.00000      0.83333      0.00066      0.00000     -0.98878
RU      0.00000      0.25000      0.83333      0.00000      0.00066     -0.98878
RU      0.00000      0.50000      0.00000      0.00000      0.00000      0.98897
RU      0.25000      0.75000      0.00000      0.00012     -0.00012      0.98944
RU      0.25000      0.50000      0.16667     -0.00078      0.00000     -0.84373
RU      0.00000      0.75000      0.16667      0.00000     -0.00037     -0.84408
RU      0.00000      0.50000      0.66667      0.00000      0.00000      0.84362
RU      0.25000      0.75000      0.66667      0.00115     -0.00115      0.84436
RU      0.25000      0.50000      0.83333      0.00007      0.00000     -0.99023
RU      0.00000      0.75000      0.83333      0.00000     -0.00066     -0.98878
RU      0.50000      0.00000      0.00000      0.00000      0.00000      0.98897
RU      0.75000      0.25000      0.00000     -0.00012      0.00012      0.98944
RU      0.75000      0.00000      0.16667     -0.00037      0.00000     -0.84408
RU      0.50000      0.25000      0.16667      0.00000     -0.00078     -0.84373
RU      0.50000      0.00000      0.66667      0.00000      0.00000      0.84362
RU      0.75000      0.25000      0.66667     -0.00115      0.00115      0.84436
RU      0.75000      0.00000      0.83333     -0.00066      0.00000     -0.98878
RU      0.50000      0.25000      0.83333      0.00000      0.00007     -0.99023
RU      0.50000      0.50000      0.00000      0.00000      0.00000      0.98910
RU      0.75000      0.75000      0.00000     -0.00012     -0.00012      0.98944
RU      0.75000      0.50000      0.16667      0.00078      0.00000     -0.84373
RU      0.50000      0.75000      0.16667      0.00000      0.00078     -0.84373
RU      0.50000      0.50000      0.66667      0.00000      0.00000      0.84325
RU      0.75000      0.75000      0.66667     -0.00115     -0.00115      0.84436
RU      0.75000      0.50000      0.83333     -0.00007      0.00000     -0.99023
RU      0.50000      0.75000      0.83333      0.00000     -0.00007     -0.99023
