/* Converted from PWscf output file */ 
#L_UNITS ang 
#E_UNITS eV 
#S_UNITS GPA 
#F_UNITS EV/ANG 
#ALAT 	   7.61797     // a0 
#X 	   1.00000     0.00000     0.00000     // X 
#Y 	   0.00000     1.00000     0.00000     // Y 
#Z 	   0.00000     0.00000     1.10000     // Z 
#SX 	  -9.20006     0.00000     0.00000     // SX 
#SY 	   0.00000    -9.20006     0.00000     // SY 
#SZ 	   0.00000     0.00000   -20.49040     // SZ 
#EPA 	  -6.45111     // Energy per Atom 
#RCUT 	6.5        // Rcut 
RU      0.00000      0.00000      0.00000      0.00000      0.00000      1.44558
RU      0.25000      0.25000      0.00000     -0.00002     -0.00002      1.44519
RU      0.25000      0.00000      0.22727      0.00006      0.00000      0.77533
RU      0.00000      0.25000      0.22727      0.00000      0.00006      0.77533
RU      0.00000      0.00000      0.54545      0.00000      0.00000     -0.77545
RU      0.25000      0.25000      0.54545      0.00064      0.00064     -0.77508
RU      0.25000      0.00000      0.77273     -0.00025      0.00000     -1.44470
RU      0.00000      0.25000      0.77273      0.00000     -0.00025     -1.44470
RU      0.00000      0.50000      0.00000      0.00000      0.00000      1.44472
RU      0.25000      0.75000      0.00000     -0.00002      0.00002      1.44519
RU      0.25000      0.50000      0.22727     -0.00014      0.00000      0.77603
RU      0.00000      0.75000      0.22727      0.00000     -0.00006      0.77533
RU      0.00000      0.50000      0.54545      0.00000      0.00000     -0.77608
RU      0.25000      0.75000      0.54545      0.00064     -0.00064     -0.77508
RU      0.25000      0.50000      0.77273      0.00012      0.00000     -1.44585
RU      0.00000      0.75000      0.77273      0.00000      0.00025     -1.44470
RU      0.50000      0.00000      0.00000      0.00000      0.00000      1.44472
RU      0.75000      0.25000      0.00000      0.00002     -0.00002      1.44519
RU      0.75000      0.00000      0.22727     -0.00006      0.00000      0.77533
RU      0.50000      0.25000      0.22727      0.00000     -0.00014      0.77603
RU      0.50000      0.00000      0.54545      0.00000      0.00000     -0.77608
RU      0.75000      0.25000      0.54545     -0.00064      0.00064     -0.77508
RU      0.75000      0.00000      0.77273      0.00025      0.00000     -1.44470
RU      0.50000      0.25000      0.77273      0.00000      0.00012     -1.44585
RU      0.50000      0.50000      0.00000      0.00000      0.00000      1.44502
RU      0.75000      0.75000      0.00000      0.00002      0.00002      1.44519
RU      0.75000      0.50000      0.22727      0.00014      0.00000      0.77603
RU      0.50000      0.75000      0.22727      0.00000      0.00014      0.77603
RU      0.50000      0.50000      0.54545      0.00000      0.00000     -0.77607
RU      0.75000      0.75000      0.54545     -0.00064     -0.00064     -0.77508
RU      0.75000      0.50000      0.77273     -0.00012     -0.00000     -1.44585
RU      0.50000      0.75000      0.77273      0.00000     -0.00012     -1.44585
