/* Converted from PWscf output file */ 
#L_UNITS ang 
#E_UNITS eV 
#S_UNITS GPA 
#F_UNITS EV/ANG 
#ALAT 	   7.61797     // a0 
#X 	   1.00000     0.00000     0.00000     // X 
#Y 	   0.00000     1.00000     0.00000     // Y 
#Z 	   0.00000     0.00000     1.55000     // Z 
#SX 	  -8.96191     0.00000     0.00000     // SX 
#SY 	   0.00000    -8.96191     0.00000     // SY 
#SZ 	   0.00000     0.00000    -6.15968     // SZ 
#EPA 	  -6.01284     // Energy per Atom 
#RCUT 	6.5        // Rcut 
RU      0.00000      0.00000      0.00000      0.00000      0.00000      0.98566
RU      0.25000      0.25000      0.00000     -0.00005     -0.00005      0.98523
RU      0.25000      0.00000      0.16129     -0.00012     -0.00000     -0.85947
RU      0.00000      0.25000      0.16129      0.00000     -0.00012     -0.85947
RU      0.00000      0.00000      0.67742      0.00000      0.00000      0.85939
RU      0.25000      0.25000      0.67742      0.00061      0.00061      0.85957
RU      0.25000      0.00000      0.83871     -0.00026      0.00000     -0.98457
RU      0.00000      0.25000      0.83871      0.00000     -0.00026     -0.98457
RU      0.00000      0.50000      0.00000      0.00000      0.00000      0.98478
RU      0.25000      0.75000      0.00000     -0.00005      0.00005      0.98523
RU      0.25000      0.50000      0.16129     -0.00018      0.00000     -0.85892
RU      0.00000      0.75000      0.16129     -0.00000      0.00012     -0.85947
RU      0.00000      0.50000      0.67742      0.00000      0.00000      0.85876
RU      0.25000      0.75000      0.67742      0.00061     -0.00061      0.85957
RU      0.25000      0.50000      0.83871      0.00013      0.00000     -0.98582
RU      0.00000      0.75000      0.83871      0.00000      0.00026     -0.98457
RU      0.50000      0.00000      0.00000      0.00000      0.00000      0.98478
RU      0.75000      0.25000      0.00000      0.00005     -0.00005      0.98523
RU      0.75000      0.00000      0.16129      0.00012     -0.00000     -0.85947
RU      0.50000      0.25000      0.16129      0.00000     -0.00018     -0.85892
RU      0.50000      0.00000      0.67742      0.00000      0.00000      0.85876
RU      0.75000      0.25000      0.67742     -0.00061      0.00061      0.85957
RU      0.75000      0.00000      0.83871      0.00026      0.00000     -0.98457
RU      0.50000      0.25000      0.83871      0.00000      0.00013     -0.98582
RU      0.50000      0.50000      0.00000      0.00000      0.00000      0.98500
RU      0.75000      0.75000      0.00000      0.00005      0.00005      0.98523
RU      0.75000      0.50000      0.16129      0.00018      0.00000     -0.85892
RU      0.50000      0.75000      0.16129      0.00000      0.00018     -0.85892
RU      0.50000      0.50000      0.67742      0.00000      0.00000      0.85881
RU      0.75000      0.75000      0.67742     -0.00061     -0.00061      0.85957
RU      0.75000      0.50000      0.83871     -0.00013      0.00000     -0.98582
RU      0.50000      0.75000      0.83871      0.00000     -0.00013     -0.98582
