/* Converted from PWscf output file */ 
#L_UNITS ang 
#E_UNITS eV 
#S_UNITS GPA 
#F_UNITS EV/ANG 
#ALAT 	   7.61797     // a0 
#X 	   1.00000     0.00000     0.00000     // X 
#Y 	   0.00000     1.00000     0.00000     // Y 
#Z 	   0.00000     0.00000     1.30000     // Z 
#SX 	 -10.16360     0.00000     0.00000     // SX 
#SY 	   0.00000   -10.16360     0.00000     // SY 
#SZ 	   0.00000     0.00000   -10.66047     // SZ 
#EPA 	  -6.06471     // Energy per Atom 
#RCUT 	6.5        // Rcut 
RU      0.00000      0.00000      0.00000      0.00000      0.00000      1.12832
RU      0.25000      0.25000      0.00000     -0.00011     -0.00011      1.12877
RU      0.25000      0.00000      0.19231     -0.00033      0.00000     -0.54140
RU      0.00000      0.25000      0.19231      0.00000     -0.00033     -0.54140
RU      0.00000      0.00000      0.61538      0.00000      0.00000      0.54180
RU      0.25000      0.25000      0.61538     -0.00049     -0.00049      0.54160
RU      0.25000      0.00000      0.80769     -0.00030      0.00000     -1.12940
RU      0.00000      0.25000      0.80769      0.00000     -0.00030     -1.12940
RU      0.00000      0.50000      0.00000      0.00000      0.00000      1.12898
RU      0.25000      0.75000      0.00000     -0.00011      0.00011      1.12877
RU      0.25000      0.50000      0.19231      0.00033      0.00000     -0.54160
RU      0.00000      0.75000      0.19231      0.00000      0.00033     -0.54140
RU      0.00000      0.50000      0.61538      0.00000      0.00000      0.54199
RU      0.25000      0.75000      0.61538     -0.00049      0.00049      0.54160
RU      0.25000      0.50000      0.80769      0.00005      0.00000     -1.12869
RU      0.00000      0.75000      0.80769      0.00000      0.00030     -1.12940
RU      0.50000      0.00000      0.00000      0.00000      0.00000      1.12898
RU      0.75000      0.25000      0.00000      0.00011     -0.00011      1.12877
RU      0.75000      0.00000      0.19231      0.00033      0.00000     -0.54140
RU      0.50000      0.25000      0.19231      0.00000      0.00033     -0.54160
RU      0.50000      0.00000      0.61538      0.00000      0.00000      0.54199
RU      0.75000      0.25000      0.61538      0.00049     -0.00049      0.54160
RU      0.75000      0.00000      0.80769      0.00030      0.00000     -1.12940
RU      0.50000      0.25000      0.80769      0.00000      0.00005     -1.12869
RU      0.50000      0.50000      0.00000      0.00000      0.00000      1.12872
RU      0.75000      0.75000      0.00000      0.00011      0.00011      1.12877
RU      0.75000      0.50000      0.19231     -0.00033      0.00000     -0.54160
RU      0.50000      0.75000      0.19231      0.00000     -0.00033     -0.54160
RU      0.50000      0.50000      0.61538      0.00000      0.00000      0.54206
RU      0.75000      0.75000      0.61538      0.00049      0.00049      0.54160
RU      0.75000      0.50000      0.80769     -0.00005      0.00000     -1.12869
RU      0.50000      0.75000      0.80769      0.00000     -0.00005     -1.12869
