/* Converted from PWscf output file */ 
#L_UNITS ang 
#E_UNITS eV 
#S_UNITS GPA 
#F_UNITS EV/ANG 
#ALAT 	   7.61797     // a0 
#X 	   1.00000     0.00000     0.00000     // X 
#Y 	   0.00000     1.00000     0.00000     // Y 
#Z 	   0.00000     0.00000     1.35000     // Z 
#SX 	 -10.00727     0.00000     0.00000     // SX 
#SY 	   0.00000   -10.00727     0.00000     // SY 
#SZ 	   0.00000     0.00000    -8.92764     // SZ 
#EPA 	  -6.03863     // Energy per Atom 
#RCUT 	6.5        // Rcut 
RU      0.00000      0.00000      0.00000      0.00000      0.00000      1.06817
RU      0.25000      0.25000      0.00000      0.00008      0.00008      1.06800
RU      0.25000      0.00000      0.18519      0.00022      0.00000     -0.68239
RU      0.00000      0.25000      0.18519      0.00000      0.00022     -0.68239
RU      0.00000      0.00000      0.62963      0.00000      0.00000      0.68239
RU      0.25000      0.25000      0.62963      0.00041      0.00041      0.68238
RU      0.25000      0.00000      0.81481      0.00049      0.00000     -1.06786
RU      0.00000      0.25000      0.81481     -0.00000      0.00049     -1.06786
RU      0.00000      0.50000      0.00000      0.00000      0.00000      1.06801
RU      0.25000      0.75000      0.00000      0.00008     -0.00008      1.06800
RU      0.25000      0.50000      0.18519     -0.00029      0.00000     -0.68246
RU      0.00000      0.75000      0.18519      0.00000     -0.00022     -0.68239
RU      0.00000      0.50000      0.62963      0.00000      0.00000      0.68245
RU      0.25000      0.75000      0.62963      0.00041     -0.00041      0.68238
RU      0.25000      0.50000      0.81481      0.00010      0.00000     -1.06808
RU      0.00000      0.75000      0.81481      0.00000     -0.00049     -1.06786
RU      0.50000      0.00000      0.00000      0.00000      0.00000      1.06801
RU      0.75000      0.25000      0.00000     -0.00008      0.00008      1.06800
RU      0.75000      0.00000      0.18519     -0.00022      0.00000     -0.68239
RU      0.50000      0.25000      0.18519      0.00000     -0.00029     -0.68246
RU      0.50000      0.00000      0.62963      0.00000      0.00000      0.68245
RU      0.75000      0.25000      0.62963     -0.00041      0.00041      0.68238
RU      0.75000      0.00000      0.81481     -0.00049     -0.00000     -1.06786
RU      0.50000      0.25000      0.81481      0.00000      0.00010     -1.06808
RU      0.50000      0.50000      0.00000      0.00000      0.00000      1.06782
RU      0.75000      0.75000      0.00000     -0.00008     -0.00008      1.06800
RU      0.75000      0.50000      0.18519      0.00029      0.00000     -0.68246
RU      0.50000      0.75000      0.18519      0.00000      0.00029     -0.68246
RU      0.50000      0.50000      0.62963      0.00000      0.00000      0.68230
RU      0.75000      0.75000      0.62963     -0.00041     -0.00041      0.68238
RU      0.75000      0.50000      0.81481     -0.00010      0.00000     -1.06808
RU      0.50000      0.75000      0.81481      0.00000     -0.00010     -1.06808
