/* Converted from PWscf output file */ 
#L_UNITS ang 
#E_UNITS eV 
#S_UNITS GPA 
#F_UNITS EV/ANG 
#ALAT 	   7.61797     // a0 
#X 	   1.00000     0.00000     0.00000     // X 
#Y 	   0.00000     1.00000     0.00000     // Y 
#Z 	   0.00000     0.00000     1.65000     // Z 
#SX 	  -8.39126     0.00000     0.00000     // SX 
#SY 	   0.00000    -8.39126     0.00000     // SY 
#SZ 	   0.00000     0.00000    -5.71867     // SZ 
#EPA 	  -6.01160     // Energy per Atom 
#RCUT 	6.5        // Rcut 
RU      0.00000      0.00000      0.00000      0.00000      0.00000      0.98760
RU      0.25000      0.25000      0.00000      0.00002      0.00002      0.98802
RU      0.25000      0.00000      0.15152     -0.00000      0.00000     -0.84939
RU      0.00000      0.25000      0.15152     -0.00000     -0.00000     -0.84939
RU      0.00000      0.00000      0.69697      0.00000      0.00000      0.84872
RU      0.25000      0.25000      0.69697     -0.00036     -0.00036      0.84857
RU      0.25000      0.00000      0.84848      0.00012     -0.00000     -0.98760
RU      0.00000      0.25000      0.84848      0.00000      0.00012     -0.98760
RU      0.00000      0.50000      0.00000      0.00000      0.00000      0.98831
RU      0.25000      0.75000      0.00000      0.00002     -0.00002      0.98802
RU      0.25000      0.50000      0.15152      0.00017      0.00000     -0.84972
RU      0.00000      0.75000      0.15152      0.00000      0.00000     -0.84939
RU      0.00000      0.50000      0.69697      0.00000      0.00000      0.84904
RU      0.25000      0.75000      0.69697     -0.00036      0.00036      0.84857
RU      0.25000      0.50000      0.84848     -0.00011      0.00000     -0.98690
RU      0.00000      0.75000      0.84848      0.00000     -0.00012     -0.98760
RU      0.50000      0.00000      0.00000      0.00000      0.00000      0.98831
RU      0.75000      0.25000      0.00000     -0.00002      0.00002      0.98802
RU      0.75000      0.00000      0.15152      0.00000     -0.00000     -0.84939
RU      0.50000      0.25000      0.15152      0.00000      0.00017     -0.84972
RU      0.50000      0.00000      0.69697      0.00000      0.00000      0.84904
RU      0.75000      0.25000      0.69697      0.00036     -0.00036      0.84857
RU      0.75000      0.00000      0.84848     -0.00012      0.00000     -0.98760
RU      0.50000      0.25000      0.84848      0.00000     -0.00011     -0.98690
RU      0.50000      0.50000      0.00000      0.00000      0.00000      0.98802
RU      0.75000      0.75000      0.00000     -0.00002     -0.00002      0.98802
RU      0.75000      0.50000      0.15152     -0.00017      0.00000     -0.84972
RU      0.50000      0.75000      0.15152      0.00000     -0.00017     -0.84972
RU      0.50000      0.50000      0.69697      0.00000      0.00000      0.84903
RU      0.75000      0.75000      0.69697      0.00036      0.00036      0.84857
RU      0.75000      0.50000      0.84848      0.00011      0.00000     -0.98690
RU      0.50000      0.75000      0.84848      0.00000      0.00011     -0.98690
