/* Converted from PWscf output file */ 
#L_UNITS ang 
#E_UNITS eV 
#S_UNITS GPA 
#F_UNITS EV/ANG 
#ALAT 	   6.84431     // a0 
#X 	   1.00000     0.00000     0.00000     // X 
#Y 	   0.00000     1.20000     0.00000     // Y 
#Z 	   0.00000     0.00000     1.00000     // Z 
#SX 	   2.25142     0.00000     0.00000     // SX 
#SY 	   0.00000    -2.51844     0.00000     // SY 
#SZ 	   0.00000     0.00000     2.25142     // SZ 
#EPA 	  -4.43463     // Energy per Atom 
#RCUT 	6.5        // Rcut 
FE      0.00000      0.00000      0.00000      0.00000      0.09159      0.00000
FE      0.25000      0.20833      0.00000      0.00024      1.61470      0.00000
FE      0.25000      0.00000      0.25000     -0.00008      0.08890     -0.00008
FE      0.00000      0.20833      0.25000      0.00000      1.61470      0.00024
FE      0.00000      0.00000      0.50000      0.00000      0.09154      0.00000
FE      0.25000      0.20833      0.50000      0.00002      1.61483      0.00000
FE      0.25000      0.00000      0.75000     -0.00008      0.08890      0.00008
FE      0.00000      0.20833      0.75000      0.00000      1.61470     -0.00024
FE      0.00000      0.58333      0.00000      0.00000     -1.60742      0.00000
FE      0.25000      0.79167      0.00000     -0.00010     -0.09538      0.00000
FE      0.25000      0.58333      0.25000     -0.00047     -1.61210     -0.00047
FE      0.00000      0.79167      0.25000      0.00000     -0.09538     -0.00010
FE      0.00000      0.58333      0.50000      0.00000     -1.60789      0.00000
FE      0.25000      0.79167      0.50000     -0.00025     -0.09512      0.00000
FE      0.25000      0.58333      0.75000     -0.00047     -1.61210      0.00047
FE      0.00000      0.79167      0.75000      0.00000     -0.09538      0.00010
FE      0.50000      0.00000      0.00000      0.00000      0.09154      0.00000
FE      0.75000      0.20833      0.00000     -0.00024      1.61470      0.00000
FE      0.75000      0.00000      0.25000      0.00008      0.08890     -0.00008
FE      0.50000      0.20833      0.25000      0.00000      1.61483      0.00002
FE      0.50000      0.00000      0.50000      0.00000      0.09253      0.00000
FE      0.75000      0.20833      0.50000     -0.00002      1.61483      0.00000
FE      0.75000      0.00000      0.75000      0.00008      0.08890      0.00008
FE      0.50000      0.20833      0.75000      0.00000      1.61483     -0.00002
FE      0.50000      0.58333      0.00000      0.00000     -1.60789      0.00000
FE      0.75000      0.79167      0.00000      0.00010     -0.09538      0.00000
FE      0.75000      0.58333      0.25000      0.00047     -1.61210     -0.00047
FE      0.50000      0.79167      0.25000      0.00000     -0.09512     -0.00025
FE      0.50000      0.58333      0.50000      0.00000     -1.60733      0.00000
FE      0.75000      0.79167      0.50000      0.00025     -0.09512      0.00000
FE      0.75000      0.58333      0.75000      0.00047     -1.61210      0.00047
FE      0.50000      0.79167      0.75000      0.00000     -0.09512      0.00025
