/* Converted from PWscf output file */ 
#L_UNITS ang 
#E_UNITS eV 
#S_UNITS GPA 
#F_UNITS EV/ANG 
#ALAT 	   7.85263     // a0 
#X 	   1.00000     0.00000     0.00000     // X 
#Y 	   0.00000     1.00000     0.00000     // Y 
#Z 	   0.00000     0.00000     1.00000     // Z 
#SX 	   0.01356    -0.00058    -0.00073     // SX 
#SY 	  -0.00058     0.01546    -0.00029     // SY 
#SZ 	  -0.00073    -0.00029     0.01415     // SZ 
#EPA 	  -4.04958     // Energy per Atom 
#RCUT 	6.5        // Rcut 
PD      0.99999      0.99970      0.99995      0.01451      0.03250      0.01499
PD      0.25037      0.24972      0.99927     -0.04067      0.02189      0.05416
PD      0.24987      0.00000      0.25035     -0.00800      0.01279     -0.02369
PD      0.00003      0.25000      0.24984      0.00297     -0.01638     -0.02228
PD      0.99947      0.00027      0.50065      0.04634     -0.03895     -0.00721
PD      0.24935      0.25068      0.50003      0.03261     -0.06410      0.03116
PD      0.25006      0.00003      0.75045     -0.00410     -0.00029     -0.03517
PD      0.99989      0.25028      0.74972      0.00197      0.00470      0.04502
PD      0.99946      0.50083      0.99999      0.04577     -0.06451      0.01310
PD      0.25047      0.74957      0.99952     -0.00454      0.01704      0.03166
PD      0.24940      0.49964      0.25068      0.02662      0.02105     -0.07818
PD      0.00075      0.75035      0.24996     -0.02869     -0.01615      0.01855
PD      0.00054      0.50016      0.50045     -0.05868      0.00523     -0.00474
PD      0.25003      0.75004      0.49966     -0.02429      0.02476      0.04880
PD      0.25014      0.50018      0.74983      0.00267      0.00910      0.01625
PD      0.99969      0.74969      0.75059      0.01797      0.03151     -0.04630
PD      0.50053      0.99935      0.00049     -0.02201      0.03892     -0.00530
PD      0.74999      0.25026      0.00006     -0.00772     -0.00750      0.05256
PD      0.75005      0.99926      0.25098      0.00290      0.04407     -0.06020
PD      0.49911      0.24971      0.25063      0.05144     -0.00024     -0.03322
PD      0.49982      0.99983      0.50047     -0.00112      0.04025      0.00088
PD      0.75044      0.24909      0.49953     -0.04755      0.07172      0.04896
PD      0.75002      0.00083      0.75097     -0.00471     -0.03926     -0.05217
PD      0.49995      0.25065      0.75049      0.00994     -0.03669     -0.04186
PD      0.49972      0.50004      0.00024      0.01993      0.02163      0.02725
PD      0.75041      0.75023      0.00023     -0.05049     -0.01831      0.02813
PD      0.75049      0.49963      0.25087     -0.03517      0.01776     -0.04449
PD      0.49971      0.75037      0.25042      0.01696     -0.04956     -0.02412
PD      0.49970      0.49998      0.49962      0.03978     -0.01038      0.02554
PD      0.75019      0.74957      0.49988      0.00926      0.01541      0.03171
PD      0.74956      0.50030      0.75067      0.00554     -0.02019     -0.06184
PD      0.50040      0.75079      0.74911     -0.00943     -0.04778      0.05208
