/* Converted from PWscf output file */ 
#L_UNITS ang 
#E_UNITS eV 
#S_UNITS GPA 
#F_UNITS EV/ANG 
#ALAT 	   7.85263     // a0 
#X 	   1.00000     0.00000     0.00000     // X 
#Y 	   0.00000     1.00000     0.00000     // Y 
#Z 	   0.00000     0.00000     1.00000     // Z 
#SX 	   0.02742     0.00335    -0.00277     // SX 
#SY 	   0.00335     0.02844    -0.00000     // SY 
#SZ 	  -0.00277    -0.00000     0.02771     // SZ 
#EPA 	  -4.04931     // Energy per Atom 
#RCUT 	6.5        // Rcut 
PD      0.00103      0.00015      0.00091     -0.09187     -0.02325     -0.06604
PD      0.24916      0.24856      0.00064      0.07956      0.07316     -0.02206
PD      0.24959      0.00002      0.25053      0.07439     -0.00803      0.00874
PD      0.99910      0.24894      0.25175      0.06201      0.11196     -0.04337
PD      0.00002      1.00000      0.50007     -0.01865     -0.00389      0.04227
PD      0.25056      0.25017      0.50098     -0.05492      0.00413     -0.05580
PD      0.25040      0.99943      0.74976     -0.05388      0.00980      0.01462
PD      0.00010      0.25013      0.75008     -0.02891     -0.06350     -0.00717
PD      0.00007      0.49968      0.00024     -0.01576     -0.01435      0.02260
PD      0.24810      0.75018      0.00038      0.10229     -0.01106     -0.05970
PD      0.25129      0.49988      0.24875     -0.11375     -0.06412      0.07343
PD      0.00080      0.74886      0.25057     -0.06952      0.02463     -0.00425
PD      0.99986      0.50024      0.50071      0.01547     -0.01768     -0.04870
PD      0.25039      0.75006      0.49876      0.00193     -0.02435      0.09535
PD      0.24897      0.49902      0.74996      0.08231      0.09530      0.01387
PD      0.99900      0.75014      0.75000      0.04546     -0.00791     -0.01015
PD      0.50000      0.99929      0.99955     -0.00902      0.04309      0.08685
PD      0.75052      0.25074      0.00008     -0.05339     -0.06236      0.01852
PD      0.75108      0.99986      0.24934     -0.10355     -0.00073      0.04300
PD      0.49965      0.24984      0.25087      0.02616     -0.02534     -0.11428
PD      0.50012      0.00127      0.50080      0.00888     -0.10493     -0.10081
PD      0.74889      0.25091      0.50052      0.08037     -0.07797     -0.00948
PD      0.74952      0.99910      0.75041      0.08060      0.08766      0.01009
PD      0.50050      0.24968      0.74984     -0.04589      0.04507      0.08735
PD      0.49939      0.50155      0.99939     -0.00108     -0.12870     -0.02184
PD      0.74979      0.74987      0.00060      0.05274     -0.01084     -0.00997
PD      0.74962      0.49956      0.25040      0.04266      0.01366     -0.02629
PD      0.50023      0.74840      0.24978     -0.00151      0.16653      0.01179
PD      0.49998      0.49996      0.49925     -0.02297      0.03595      0.10111
PD      0.74970      0.75073      0.49980      0.00812     -0.04697     -0.00314
PD      0.74966      0.49905      0.75041     -0.00861      0.09679     -0.01018
PD      0.50038      0.75107      0.74981     -0.06970     -0.11177     -0.01636
