/* Converted from PWscf output file */ 
#L_UNITS ang 
#E_UNITS eV 
#S_UNITS GPA 
#F_UNITS EV/ANG 
#ALAT 	   7.85263     // a0 
#X 	   1.00000     0.00000     0.00000     // X 
#Y 	   0.00000     1.00000     0.00000     // Y 
#Z 	   0.00000     0.00000     1.00000     // Z 
#SX 	   0.11754    -0.00117    -0.01152     // SX 
#SY 	  -0.00117     0.10923    -0.00365     // SY 
#SZ 	  -0.01152    -0.00365     0.12017     // SZ 
#EPA 	  -4.04755     // Energy per Atom 
#RCUT 	6.5        // Rcut 
PD      0.00125      0.99738      0.00249      0.06242      0.12789     -0.08425
PD      0.25029      0.25012      0.00148     -0.11806      0.03930     -0.12658
PD      0.24991      0.00060      0.25150      0.10971     -0.11720     -0.08236
PD      0.00211      0.25107      0.25116     -0.13243      0.06920     -0.02259
PD      0.00143      0.00020      0.49821     -0.14780      0.09644      0.17996
PD      0.25122      0.24983      0.50104     -0.04099      0.11402     -0.05906
PD      0.25094      0.00149      0.75069     -0.03276     -0.14992      0.00887
PD      0.00036      0.24648      0.75185      0.06583      0.23460     -0.06563
PD      0.99706      0.50221      0.99832      0.24594     -0.12647      0.06940
PD      0.25040      0.74793      0.00025     -0.00990      0.12522     -0.02169
PD      0.25213      0.50071      0.24852     -0.15140      0.00770      0.17008
PD      0.00011      0.75089      0.25361      0.07785     -0.08796     -0.23268
PD      0.99947      0.50365      0.50060      0.06839     -0.36472      0.06892
PD      0.24680      0.74922      0.50267      0.35027      0.06905     -0.14462
PD      0.25350      0.49912      0.74815     -0.30296     -0.04747      0.15750
PD      0.99956      0.75186      0.74969     -0.00093     -0.04652      0.10469
PD      0.49977      0.00112      0.99786     -0.04740     -0.18579      0.17158
PD      0.74880      0.24946      0.00007      0.17281      0.06609      0.08447
PD      0.75256      0.00052      0.24711     -0.19106      0.09954      0.27244
PD      0.49913      0.24974      0.24738      0.14736      0.02625      0.23534
PD      0.49985      0.00034      0.49928      0.07921     -0.11293      0.00503
PD      0.74868      0.25034      0.50366      0.15217     -0.04158     -0.31484
PD      0.75052      0.00157      0.75192     -0.01131     -0.19934     -0.12794
PD      0.50118      0.24841      0.75087     -0.09597      0.09748     -0.03418
PD      0.49898      0.49969      0.00049      0.15602      0.03362     -0.01792
PD      0.75010      0.75160      0.00248     -0.02076     -0.09779     -0.19421
PD      0.75240      0.50058      0.24981     -0.15327     -0.12938      0.05696
PD      0.50203      0.74992      0.24977     -0.13357      0.06679      0.08824
PD      0.50153      0.50050      0.50162     -0.02301     -0.04984     -0.17719
PD      0.75056      0.74939      0.50073     -0.09541      0.15908      0.02550
PD      0.75071      0.49833      0.75143     -0.00895      0.10830      0.00879
PD      0.50071      0.74758      0.75029      0.02997      0.21633     -0.00201
