/* Converted from PWscf output file */ 
#L_UNITS ang 
#E_UNITS eV 
#S_UNITS GPA 
#F_UNITS EV/ANG 
#ALAT 	   7.85263     // a0 
#X 	   1.00000     0.00000     0.00000     // X 
#Y 	   0.00000     1.00000     0.00000     // Y 
#Z 	   0.00000     0.00000     1.00000     // Z 
#SX 	   0.01050     0.00015    -0.00044     // SX 
#SY 	   0.00015     0.01035     0.00000     // SY 
#SZ 	  -0.00044     0.00000     0.01006     // SZ 
#EPA 	  -4.04969     // Energy per Atom 
#RCUT 	6.5        // Rcut 
PD      0.99994      0.00005      0.99980      0.00504     -0.00424      0.00737
PD      0.24987      0.25003      0.00011      0.01901     -0.00756     -0.01411
PD      0.24998      0.00011      0.25005     -0.00672     -0.01306     -0.01385
PD      0.00026      0.25029      0.24983     -0.01701     -0.01186      0.02165
PD      0.99996      0.00027      0.49973     -0.00021     -0.00587      0.02166
PD      0.25013      0.24942      0.49993     -0.01664      0.05255      0.01790
PD      0.25033      0.00002      0.74980     -0.03503     -0.00252      0.01360
PD      0.99985      0.25046      0.75046      0.02238     -0.01678     -0.04662
PD      1.00000      0.49970      0.00012      0.00471      0.03049      0.00694
PD      0.24957      0.75006      0.99999      0.01828      0.00527     -0.00322
PD      0.25001      0.49991      0.25013     -0.00585      0.00886     -0.00226
PD      0.99987      0.74995      0.25008      0.00600      0.00411     -0.00880
PD      0.00029      0.50062      0.49994     -0.00302     -0.04765      0.01294
PD      0.25005      0.74999      0.50014     -0.00681      0.00516     -0.00252
PD      0.25058      0.50016      0.75030     -0.02185     -0.01215     -0.02674
PD      0.99978      0.74990      0.74986      0.02047      0.01827      0.00172
PD      0.49982      0.99993      0.99996      0.01924     -0.00080      0.00671
PD      0.75013      0.24999      0.00015     -0.02616     -0.00343     -0.00161
PD      0.75007      0.00001      0.25019     -0.01028      0.00406     -0.01963
PD      0.49994      0.25017      0.24997      0.00280     -0.02054     -0.01001
PD      0.49984      0.99999      0.49983      0.02095      0.00102     -0.00199
PD      0.74993      0.25032      0.49983      0.01875     -0.00145      0.01360
PD      0.75016      0.00036      0.74964     -0.00643     -0.01241      0.01061
PD      0.50004      0.24982      0.74983      0.01023      0.02583      0.01477
PD      0.49974      0.50021      0.00018      0.02152     -0.00212     -0.01447
PD      0.75032      0.75006      0.99994     -0.02609      0.00586      0.01431
PD      0.74968      0.49982      0.25020      0.02081      0.01648     -0.02369
PD      0.49962      0.74995      0.25019      0.01717      0.01270     -0.02715
PD      0.50015      0.50007      0.49960     -0.01400     -0.01086      0.04140
PD      0.74984      0.74991      0.49971      0.01187      0.01301      0.01235
PD      0.75038      0.50029      0.75040     -0.03806     -0.01780     -0.02561
PD      0.50034      0.75023      0.74968     -0.00507     -0.01258      0.02475
