/* Converted from PWscf output file */ 
#L_UNITS ang 
#E_UNITS eV 
#S_UNITS GPA 
#F_UNITS EV/ANG 
#ALAT 	   7.85263     // a0 
#X 	   1.00000     0.00000     0.00000     // X 
#Y 	   0.00000     1.00000     0.00000     // Y 
#Z 	   0.00000     0.00000     1.00000     // Z 
#SX 	   0.00977     0.00015    -0.00029     // SX 
#SY 	   0.00015     0.00963    -0.00015     // SY 
#SZ 	  -0.00029    -0.00015     0.00933     // SZ 
#EPA 	  -4.04972     // Energy per Atom 
#RCUT 	6.5        // Rcut 
PD      0.00003      0.00020      1.00000     -0.00571     -0.01567      0.00167
PD      0.24994      0.24997      0.99980      0.00359      0.00370      0.02130
PD      0.25015      0.99990      0.25000     -0.00406      0.00686      0.00384
PD      0.00003      0.24995      0.25000     -0.00098      0.00085      0.00477
PD      0.99987      0.99975      0.50021      0.01304      0.01398     -0.01358
PD      0.24987      0.25000      0.49999      0.00815     -0.01295     -0.00288
PD      0.24993      0.00003      0.75022     -0.00228     -0.00788     -0.01587
PD      0.00011      0.25007      0.75006     -0.01907     -0.00567     -0.00492
PD      1.00000      0.49999      0.00011     -0.00324      0.00128      0.00008
PD      0.25001      0.75003      0.00009      0.00426     -0.00834     -0.00044
PD      0.24995      0.49987      0.25014      0.00368      0.01062     -0.01064
PD      0.99995      0.74999      0.24978      0.00204     -0.00085      0.01410
PD      0.99996      0.49990      0.50004     -0.00446      0.00885     -0.00998
PD      0.24997      0.75001      0.50009     -0.00272      0.00175     -0.00482
PD      0.24971      0.49990      0.74998      0.01613      0.01082      0.00557
PD      0.99989      0.74994      0.75002      0.00789      0.00201      0.00707
PD      0.50006      0.99998      0.99984      0.00326     -0.00461      0.01402
PD      0.75002      0.24999      0.00017      0.00503      0.00341     -0.01430
PD      0.75019      0.00001      0.25007     -0.01200     -0.00302     -0.00496
PD      0.50013      0.25017      0.24968     -0.01313     -0.01634      0.02096
PD      0.49999      0.00011      0.50013     -0.00225      0.00343     -0.00813
PD      0.74993      0.25006      0.49987      0.00033     -0.00060      0.01298
PD      0.75013      0.99996      0.74996     -0.00723      0.00813      0.00613
PD      0.49986      0.24984      0.75020      0.01450      0.01320     -0.01523
PD      0.50004      0.49982      0.99998     -0.01046      0.01431     -0.00568
PD      0.74982      0.74983      0.99989      0.00862      0.01246      0.00518
PD      0.74977      0.50021      0.25013      0.01601     -0.00948     -0.00152
PD      0.50023      0.75004      0.25019     -0.01811      0.00117     -0.01001
PD      0.49974      0.49996      0.50013      0.00960     -0.00391      0.00210
PD      0.74990      0.75004      0.50009      0.00408     -0.00483     -0.00309
PD      0.75012      0.50012      0.74995     -0.01295     -0.01703      0.00123
PD      0.49989      0.75000      0.74997     -0.00156     -0.00564      0.00505
