/* Converted from PWscf output file */ 
#L_UNITS ang 
#E_UNITS eV 
#S_UNITS GPA 
#F_UNITS EV/ANG 
#ALAT 	   7.85263     // a0 
#X 	   1.00000     0.00000     0.00000     // X 
#Y 	   0.00000     1.00000     0.00000     // Y 
#Z 	   0.00000     0.00000     1.00000     // Z 
#SX 	   0.62039     0.00146     0.05133     // SX 
#SY 	   0.00146     0.51480    -0.03019     // SY 
#SZ 	   0.05133    -0.03019     0.58684     // SZ 
#EPA 	  -4.03693     // Energy per Atom 
#RCUT 	6.5        // Rcut 
PD      0.99969      0.00482      0.01093      0.14881     -0.29802     -0.85027
PD      0.25470      0.24532      0.99443     -0.40333      0.39979      0.26427
PD      0.25336      0.99728      0.24718     -0.22310      0.00772      0.30365
PD      0.99952      0.24831      0.24833      0.16218      0.36230      0.34032
PD      0.00208      0.00021      0.49565     -0.11182      0.01121      0.01778
PD      0.25059      0.24767      0.50316      0.09339     -0.05762     -0.24660
PD      0.24797      0.99872      0.74960      0.01941     -0.19920      0.16316
PD      0.00576      0.25008      0.74398     -0.44452     -0.06098      0.30487
PD      0.99780      0.49435      0.00300      0.46888      0.02468     -0.16239
PD      0.25034      0.74582      0.00033     -0.34735      0.24022     -0.03288
PD      0.25512      0.50075      0.25652     -0.47108      0.02639     -0.51695
PD      0.99149      0.74766      0.24608      0.73716      0.14273      0.26910
PD      0.01096      0.50355      0.49849     -0.79345     -0.23043     -0.13728
PD      0.25157      0.75258      0.50243     -0.05292      0.17512     -0.20408
PD      0.24780      0.50320      0.74679      0.20102     -0.15489      0.36188
PD      0.99624      0.74987      0.75343      0.33466      0.20378      0.15883
PD      0.49946      0.00549      0.00402      0.04834     -0.34880     -0.48036
PD      0.74832      0.24748      0.00109     -0.01544      0.34056     -0.25380
PD      0.74731      0.00504      0.24384     -0.03079     -0.20577      0.66271
PD      0.49339      0.25202      0.25387      0.37062     -0.02573     -0.04225
PD      0.50201      0.99602      0.50231     -0.01730     -0.01632     -0.20611
PD      0.74547      0.25084      0.49800      0.29413      0.28356     -0.03182
PD      0.75100      0.00193      0.74850      0.15763     -0.04328      0.25074
PD      0.50119      0.24595      0.74845      0.03518      0.38228     -0.02709
PD      0.49289      0.49857      0.00164      0.34443     -0.11748     -0.29559
PD      0.75238      0.74935      0.00279     -0.25428      0.24325     -0.53376
PD      0.74823      0.50599      0.24098     -0.14612     -0.54593      0.80301
PD      0.50129      0.75436      0.24104      0.06737     -0.16490      0.63889
PD      0.49540      0.50528      0.49839      0.65793     -0.01953      0.23910
PD      0.75966      0.75238      0.50493     -0.63951     -0.22779     -0.33062
PD      0.75530      0.49945      0.75345     -0.36965     -0.15719     -0.27820
PD      0.50066      0.74955      0.75552      0.17955      0.03030     -0.14827
