/* Converted from PWscf output file */ 
#L_UNITS ang 
#E_UNITS eV 
#S_UNITS GPA 
#F_UNITS EV/ANG 
#ALAT 	   7.85263     // a0 
#X 	   1.00000     0.00000     0.00000     // X 
#Y 	   0.00000     1.00000     0.00000     // Y 
#Z 	   0.00000     0.00000     1.00000     // Z 
#SX 	   0.02421    -0.00350     0.00160     // SX 
#SY 	  -0.00350     0.02508     0.00058     // SY 
#SZ 	   0.00160     0.00058     0.02348     // SZ 
#EPA 	  -4.04938     // Energy per Atom 
#RCUT 	6.5        // Rcut 
PD      0.00031      0.00040      0.99969     -0.03893     -0.01477     -0.03445
PD      0.24907      0.25132      0.00007      0.11675     -0.11773     -0.05916
PD      0.24907      0.00096      0.24908      0.04959     -0.00874      0.06822
PD      0.00019      0.24963      0.24985     -0.02916      0.01475      0.06186
PD      0.99973      0.00012      0.50092      0.01924      0.01649     -0.05280
PD      0.25113      0.25021      0.50124     -0.05532     -0.01499     -0.10470
PD      0.25113      0.99926      0.75026     -0.05949      0.06149      0.02455
PD      0.99957      0.25015      0.74960      0.02025     -0.05801      0.00537
PD      0.00128      0.49872      0.99965     -0.14341      0.08059      0.00454
PD      0.24897      0.74999      0.00085      0.04731      0.02189     -0.11269
PD      0.24972      0.50018      0.24803      0.01285     -0.03905      0.18249
PD      0.00051      0.74970      0.24929     -0.06944      0.00150      0.06519
PD      0.00045      0.49965      0.50114     -0.03485      0.01807     -0.12574
PD      0.24914      0.75004      0.49966      0.02823     -0.00264     -0.01409
PD      0.24951      0.49961      0.74908      0.07155      0.06103      0.05736
PD      0.00003      0.74926      0.74984     -0.01781      0.05858      0.04046
PD      0.50068      0.99951      0.99996     -0.07790      0.07020     -0.00586
PD      0.74989      0.24990      0.99968     -0.00745     -0.00011      0.03263
PD      0.74936      0.99890      0.24973      0.04379      0.06894      0.02921
PD      0.50014      0.25014      0.24994     -0.03107     -0.00965     -0.01308
PD      0.49928      0.99972      0.49991      0.02377      0.02488     -0.02548
PD      0.74977      0.25103      0.49917      0.00555     -0.07367      0.02031
PD      0.74934      0.00055      0.74976      0.03512     -0.00891      0.00512
PD      0.50045      0.25149      0.74962     -0.02411     -0.06782      0.04854
PD      0.49969      0.50095      0.00020      0.02265     -0.03568     -0.04296
PD      0.75015      0.75039      0.00050      0.03367     -0.06075     -0.03347
PD      0.74971      0.49938      0.24999      0.05135      0.07137     -0.00859
PD      0.49861      0.74996      0.24950      0.05893      0.01144      0.04704
PD      0.50034      0.50108      0.49997     -0.03064      0.00032     -0.02713
PD      0.75016      0.75106      0.50018     -0.00010     -0.07782     -0.03219
PD      0.75013      0.49978      0.75060     -0.01441      0.06420     -0.01155
PD      0.50000      0.75055      0.75000     -0.00649     -0.05540      0.01103
