/* Converted from PWscf output file */ 
#L_UNITS ang 
#E_UNITS eV 
#S_UNITS GPA 
#F_UNITS EV/ANG 
#ALAT 	   7.85263     // a0 
#X 	   1.00000     0.00000     0.00000     // X 
#Y 	   0.00000     1.00000     0.00000     // Y 
#Z 	   0.00000     0.00000     1.00000     // Z 
#SX 	   0.15138     0.00933     0.00263     // SX 
#SY 	   0.00933     0.14919    -0.00642     // SY 
#SZ 	   0.00263    -0.00642     0.15386     // SZ 
#EPA 	  -4.04671     // Energy per Atom 
#RCUT 	6.5        // Rcut 
PD      0.99822      0.99852      0.00275      0.18998      0.07243     -0.30925
PD      0.25205      0.25050      0.99720     -0.28254      0.00934      0.17657
PD      0.24827      0.99945      0.25000      0.16644      0.12132     -0.04386
PD      0.99786      0.24826      0.24859      0.25034      0.19309      0.00252
PD      0.00053      0.99873      0.50236      0.01756      0.15134     -0.12253
PD      0.24977      0.25049      0.49981     -0.09348      0.04728     -0.11483
PD      0.24868      0.00153      0.74792      0.01562     -0.08942      0.24138
PD      0.99791      0.25078      0.74809      0.18977      0.04123      0.14073
PD      0.99946      0.50299      0.99737      0.02805     -0.19707      0.08312
PD      0.25114      0.74803      0.99898     -0.07188      0.26807      0.07210
PD      0.24866      0.50201      0.25106      0.06762     -0.12672     -0.07223
PD      0.99983      0.75279      0.25257      0.00297     -0.24792     -0.15826
PD      0.00135      0.50212      0.49901     -0.17906     -0.16184      0.03296
PD      0.24772      0.75199      0.50047      0.19643     -0.05410     -0.08054
PD      0.25192      0.50526      0.74945     -0.20862     -0.26477     -0.00939
PD      0.99877      0.74987      0.74904     -0.03803     -0.02740      0.12688
PD      0.50021      0.99965      0.00093      0.00260      0.00598     -0.12823
PD      0.75156      0.24846      0.99725     -0.16948      0.02293      0.02606
PD      0.75170      0.00008      0.25163     -0.17886      0.05220     -0.06310
PD      0.50113      0.25143      0.24877     -0.08967     -0.11151      0.09060
PD      0.50005      0.00013      0.50078     -0.06383      0.09341     -0.18018
PD      0.75307      0.24714      0.49974     -0.21882      0.21656     -0.03536
PD      0.74956      0.99814      0.74665     -0.04143      0.11118      0.30614
PD      0.49517      0.25134      0.74820      0.28050     -0.19615      0.10717
PD      0.49846      0.50093      0.00052      0.12109      0.02282     -0.00735
PD      0.75200      0.75048      0.00247     -0.20916     -0.04080     -0.20970
PD      0.74938      0.49779      0.24716      0.05923      0.12424      0.19883
PD      0.50121      0.75205      0.25069     -0.06546     -0.14100      0.04712
PD      0.49975      0.49915      0.50284      0.02898      0.08028     -0.38642
PD      0.75097      0.75107      0.49972     -0.10379     -0.23231     -0.03314
PD      0.74413      0.49623      0.74897      0.33167      0.25044      0.03970
PD      0.50006      0.75162      0.74633      0.06527      0.00689      0.26246
