/* Converted from PWscf output file */ 
#L_UNITS ang 
#E_UNITS eV 
#S_UNITS GPA 
#F_UNITS EV/ANG 
#ALAT 	   7.85263     // a0 
#X 	   1.00000     0.00000     0.00000     // X 
#Y 	   0.00000     1.00000     0.00000     // Y 
#Z 	   0.00000     0.00000     1.00000     // Z 
#SX 	   0.54149     0.01210     0.07802     // SX 
#SY 	   0.01210     0.55593    -0.06883     // SY 
#SZ 	   0.07802    -0.06883     0.52691     // SZ 
#EPA 	  -4.03785     // Energy per Atom 
#RCUT 	6.5        // Rcut 
PD      0.99574      0.99538      0.99471      0.00642      0.31533      0.41017
PD      0.24674      0.24491      0.00462      0.17415      0.31008     -0.30283
PD      0.24885      0.00515      0.25379     -0.15940     -0.28641     -0.07170
PD      0.99829      0.25383      0.24776     -0.15922     -0.48488      0.18916
PD      0.00231      0.99707      0.50708     -0.34903      0.21213     -0.65786
PD      0.24605      0.25142      0.49887      0.01871      0.25787      0.15991
PD      0.24868      0.00652      0.74925      0.21820     -0.22328      0.09500
PD      0.99423      0.24673      0.75164      0.20823      0.40495     -0.21893
PD      0.00079      0.49540      0.00020      0.01730      0.32552     -0.43350
PD      0.25156      0.75669      0.00467     -0.12529     -0.22092     -0.35751
PD      0.24627      0.50770      0.24649      0.58477     -0.57963      0.26746
PD      0.00696      0.74694      0.24756     -0.56693      0.66600      0.06180
PD      0.00119      0.50251      0.49350      0.08664     -0.17986      0.69580
PD      0.25436      0.75247      0.49811      0.05717     -0.09181      0.07420
PD      0.25834      0.50734      0.75304     -0.67503     -0.44525     -0.07159
PD      0.00418      0.75178      0.74978     -0.13324     -0.38866     -0.01231
PD      0.49661      0.99621      0.00222      0.17400      0.53787     -0.30122
PD      0.74557      0.25206      0.99852      0.07026     -0.12616      0.08135
PD      0.74386      0.00279      0.24506      0.66165     -0.23921      0.23093
PD      0.49878      0.24923      0.25338     -0.13773      0.36760     -0.30263
PD      0.49971      0.00265      0.49903     -0.10627     -0.26927      0.02230
PD      0.74226      0.24690      0.49682      0.76763      0.14450      0.08060
PD      0.74536      0.99746      0.74556      0.08805      0.02402      0.20825
PD      0.50150      0.25289      0.74862     -0.27698     -0.28972      0.36044
PD      0.49691      0.49839      0.00305      0.19940      0.06024     -0.02851
PD      0.75036      0.74797      0.99718      0.07891     -0.01724      0.01285
PD      0.75526      0.50411      0.25122     -0.48722     -0.28949     -0.17865
PD      0.50497      0.75157      0.24455     -0.23690     -0.23822      0.51589
PD      0.50242      0.49492      0.50747     -0.25883      0.55491     -0.69580
PD      0.75097      0.74695      0.49638     -0.03529      0.30157      0.10967
PD      0.75010      0.50067      0.74733      0.19234      0.03962      0.16373
PD      0.49849      0.75470      0.75124      0.10355     -0.15219     -0.10650
