/* Converted from PWscf output file */ 
#L_UNITS ang 
#E_UNITS eV 
#S_UNITS GPA 
#F_UNITS EV/ANG 
#ALAT 	   7.85263     // a0 
#X 	   1.00000     0.00000     0.00000     // X 
#Y 	   0.00000     1.00000     0.00000     // Y 
#Z 	   0.00000     0.00000     1.00000     // Z 
#SX 	   0.01458    -0.00015    -0.00044     // SX 
#SY 	  -0.00015     0.01400     0.00058     // SY 
#SZ 	  -0.00044     0.00058     0.01400     // SZ 
#EPA 	  -4.04958     // Energy per Atom 
#RCUT 	6.5        // Rcut 
PD      0.99937      0.00078      0.00065      0.06796     -0.02541     -0.04380
PD      0.24944      0.24988      0.99969      0.00037     -0.01285      0.04767
PD      0.24951      0.99971      0.25025      0.03569      0.03750     -0.04545
PD      0.99935      0.25050      0.25088      0.05785     -0.00324     -0.05487
PD      0.00060      0.00028      0.49999     -0.06204     -0.02691      0.01577
PD      0.25034      0.24988      0.49962      0.01179     -0.00237      0.00866
PD      0.25037      0.00040      0.74941     -0.02188     -0.00796      0.03663
PD      0.00034      0.25028      0.74964     -0.02229     -0.02120      0.00758
PD      0.99973      0.50044      0.99968      0.03830     -0.03704      0.04086
PD      0.25003      0.74998      0.99944     -0.00744      0.02235      0.02119
PD      0.25073      0.49981      0.24965     -0.06166      0.01090     -0.00339
PD      0.00040      0.75048      0.24942     -0.01157     -0.05066      0.04642
PD      0.00108      0.50003      0.49993     -0.05288      0.04032     -0.01477
PD      0.24977      0.75031      0.49984      0.01440     -0.03379      0.01218
PD      0.24998      0.49964      0.75017      0.00789      0.03667     -0.01832
PD      0.00056      0.74993      0.75024     -0.02172      0.03399     -0.02998
PD      0.49976      0.99986      0.99982      0.01000      0.02610      0.02300
PD      0.75067      0.24987      0.00030     -0.05505      0.02030     -0.01776
PD      0.74994      0.99959      0.24988     -0.01720      0.02105      0.02356
PD      0.49991      0.25026      0.25017      0.00908     -0.05212     -0.02159
PD      0.50028      0.99891      0.49931      0.01727      0.08888      0.04514
PD      0.75059      0.25055      0.49947     -0.05874     -0.03537      0.06514
PD      0.75044      0.00007      0.75076     -0.02463      0.01631     -0.06770
PD      0.49955      0.25084      0.75033      0.07390     -0.06908     -0.04572
PD      0.49960      0.49940      0.99980      0.04354      0.03986     -0.00209
PD      0.75085      0.74995      0.00044     -0.06804      0.00003     -0.02662
PD      0.74975      0.49998      0.24976      0.01620      0.02770      0.01804
PD      0.49958      0.74961      0.24970      0.02018      0.00441     -0.01686
PD      0.49961      0.49993      0.50004      0.03489      0.02190      0.02396
PD      0.74972      0.74994      0.49982      0.04737     -0.01087      0.01906
PD      0.75067      0.50037      0.75035     -0.04834     -0.00950     -0.03591
PD      0.49986      0.75061      0.75030      0.02681     -0.04989     -0.01003
