/* Converted from PWscf output file */ 
#L_UNITS ang 
#E_UNITS eV 
#S_UNITS GPA 
#F_UNITS EV/ANG 
#ALAT 	   7.85263     // a0 
#X 	   1.00000     0.00000     0.00000     // X 
#Y 	   0.00000     1.00000     0.00000     // Y 
#Z 	   0.00000     0.00000     1.00000     // Z 
#SX 	   0.01604     0.00088     0.00015     // SX 
#SY 	   0.00088     0.01706     0.00131     // SY 
#SZ 	   0.00015     0.00131     0.01663     // SZ 
#EPA 	  -4.04950     // Energy per Atom 
#RCUT 	6.5        // Rcut 
PD      0.00044      0.00026      0.99917     -0.05364     -0.05785      0.04282
PD      0.24935      0.24967      0.00050      0.04785      0.02946     -0.01078
PD      0.24940      0.00004      0.25037      0.04351      0.00861      0.00830
PD      0.99976      0.25006      0.25058      0.00186     -0.01627     -0.03593
PD      0.99950      0.00038      0.49933      0.02507     -0.01024      0.05801
PD      0.24912      0.25123      0.49983      0.07347     -0.08643     -0.02026
PD      0.24979      0.99999      0.75002      0.02561      0.00863     -0.01360
PD      0.00073      0.25015      0.74945     -0.05424     -0.01828      0.03556
PD      0.99980      0.50009      0.00029     -0.00556     -0.00103     -0.04123
PD      0.24975      0.74875      0.00017     -0.00517      0.08275     -0.00654
PD      0.24953      0.50045      0.24929      0.05203     -0.02562      0.04536
PD      0.00004      0.74937      0.25084     -0.02701      0.06356     -0.07290
PD      0.99973      0.49996      0.49978      0.00691      0.03055      0.02576
PD      0.24996      0.75018      0.50062      0.01118     -0.00545     -0.04780
PD      0.24983      0.49968      0.74960     -0.01124      0.00568      0.02501
PD      0.00035      0.74981      0.74970     -0.04285      0.01327      0.02628
PD      0.49905      0.00040      0.00050      0.03315      0.00126     -0.01969
PD      0.75086      0.25028      0.00002     -0.04509     -0.04155     -0.03333
PD      0.75003      0.00023      0.24985      0.00394     -0.00230     -0.01371
PD      0.50106      0.25082      0.25071     -0.07252     -0.04628     -0.03717
PD      0.50062      0.99983      0.50075     -0.07219      0.04207     -0.04346
PD      0.75004      0.25079      0.50136      0.00038     -0.05913     -0.06682
PD      0.74875      0.99951      0.74964      0.06930      0.03316      0.06737
PD      0.49989      0.25067      0.74985     -0.03071     -0.05539      0.02629
PD      0.49984      0.49989      0.99915      0.01115     -0.02459      0.07734
PD      0.74897      0.74986      0.99968      0.06377      0.02179      0.01000
PD      0.75079      0.49945      0.24978     -0.06648      0.06976      0.01347
PD      0.50000      0.75072      0.25012      0.00434     -0.05106      0.00686
PD      0.49992      0.49965      0.49945      0.00772      0.06092     -0.00757
PD      0.75051      0.75074      0.50027     -0.04511     -0.07006     -0.02133
PD      0.74980      0.49958      0.74962      0.03037      0.05149      0.03146
PD      0.49926      0.74897      0.75000      0.02020      0.04855     -0.00777
