/* Converted from PWscf output file */ 
#L_UNITS ang 
#E_UNITS eV 
#S_UNITS GPA 
#F_UNITS EV/ANG 
#ALAT 	   7.85263     // a0 
#X 	   1.00000     0.00000     0.00000     // X 
#Y 	   0.00000     1.00000     0.00000     // Y 
#Z 	   0.00000     0.00000     1.00000     // Z 
#SX 	   0.10194    -0.00029     0.00423     // SX 
#SY 	  -0.00029     0.10500     0.00058     // SY 
#SZ 	   0.00423     0.00058     0.10675     // SZ 
#EPA 	  -4.04774     // Energy per Atom 
#RCUT 	6.5        // Rcut 
PD      0.99775      0.99931      0.99947      0.21059     -0.02662     -0.02728
PD      0.24867      0.24988      0.99915      0.06138      0.00838      0.07473
PD      0.25194      0.00225      0.25013     -0.08450     -0.08187      0.03936
PD      0.99853      0.24719      0.24961      0.10132      0.20017     -0.02300
PD      0.00083      0.00135      0.49994      0.00703     -0.01329      0.16104
PD      0.24724      0.25155      0.50055      0.10824     -0.02102     -0.00696
PD      0.25305      0.99903      0.75072     -0.19172     -0.02539     -0.03206
PD      0.99936      0.24948      0.75311      0.04338      0.03378     -0.23367
PD      0.00072      0.50116      0.00086     -0.08636     -0.00104      0.00940
PD      0.24944      0.75075      0.00215     -0.04361      0.01302     -0.11467
PD      0.25035      0.49924      0.24943     -0.10726      0.01818      0.09699
PD      0.99837      0.75345      0.25137      0.23065     -0.25514     -0.03448
PD      0.99698      0.49999      0.49885      0.22379      0.01875      0.04082
PD      0.25146      0.74870      0.50094     -0.14624      0.06383     -0.10707
PD      0.25056      0.50146      0.75194     -0.21445     -0.06567     -0.06720
PD      0.99726      0.75135      0.74873      0.19019     -0.07270      0.04945
PD      0.49959      0.00071      0.00085      0.07534     -0.07794     -0.09320
PD      0.75104      0.24954      0.99792     -0.11049      0.05275      0.10473
PD      0.75352      0.99811      0.25026     -0.36832      0.17382     -0.00121
PD      0.50167      0.24998      0.24849     -0.08635     -0.03186      0.10210
PD      0.50034      0.00058      0.50103      0.02938     -0.01764     -0.08923
PD      0.74887      0.25253      0.49863      0.05137     -0.27847      0.14134
PD      0.74875      0.99903      0.75194     -0.07948      0.04930     -0.18978
PD      0.49761      0.25087      0.74895      0.13119     -0.04586      0.09991
PD      0.50056      0.50026      0.00168      0.00241     -0.07545     -0.10815
PD      0.75040      0.74917      0.00098     -0.08319     -0.05290     -0.07703
PD      0.74870      0.49827      0.25058      0.07918      0.13105     -0.10674
PD      0.49868      0.74998      0.24786      0.09899      0.03592      0.20254
PD      0.50014      0.50008      0.50223     -0.08536     -0.05581     -0.28058
PD      0.75057      0.75115      0.49815     -0.11679     -0.03153      0.09014
PD      0.74980      0.49893      0.74802      0.05344      0.05973      0.17570
PD      0.49959      0.74443      0.74821      0.10625      0.37153      0.20406
