/* Converted from PWscf output file */ 
#L_UNITS ang 
#E_UNITS eV 
#S_UNITS GPA 
#F_UNITS EV/ANG 
#ALAT 	   7.85263     // a0 
#X 	   1.00000     0.00000     0.00000     // X 
#Y 	   0.00000     1.00000     0.00000     // Y 
#Z 	   0.00000     0.00000     1.00000     // Z 
#SX 	   0.03208    -0.00015     0.00292     // SX 
#SY 	  -0.00015     0.03646     0.00306     // SY 
#SZ 	   0.00292     0.00306     0.03675     // SZ 
#EPA 	  -4.04916     // Energy per Atom 
#RCUT 	6.5        // Rcut 
PD      0.99956      0.00138      0.00145      0.02636     -0.13862     -0.06303
PD      0.25088      0.24893      0.99900     -0.01326      0.07206      0.06895
PD      0.25092      0.00165      0.25144     -0.01439     -0.08682     -0.08381
PD      0.00023      0.25037      0.24932      0.03598     -0.01823      0.12359
PD      0.00176      0.99939      0.49946     -0.12754      0.07279      0.04687
PD      0.25138      0.25069      0.50053     -0.12177      0.02304     -0.00830
PD      0.24890      0.99985      0.75085      0.01444     -0.03096     -0.03976
PD      0.99994      0.24942      0.75081     -0.03967      0.03485     -0.10354
PD      0.99976      0.49761      0.00007      0.01464      0.17367     -0.01473
PD      0.24996      0.74950      0.99987     -0.06537      0.04796      0.04970
PD      0.25076      0.50115      0.24985     -0.05565     -0.06892      0.00040
PD      0.00084      0.75070      0.25015     -0.02178     -0.04581     -0.03748
PD      0.99892      0.50012      0.50035      0.10608     -0.01783      0.00565
PD      0.25040      0.74945      0.50100     -0.01189      0.02416     -0.05968
PD      0.25014      0.50121      0.75073     -0.03045     -0.11386     -0.03402
PD      0.99991      0.74889      0.74981     -0.05258      0.06404      0.05332
PD      0.49897      0.99879      0.99969      0.07078      0.09684      0.03352
PD      0.75094      0.25001      0.00070     -0.12738     -0.02118     -0.06314
PD      0.74950      0.99878      0.25019      0.01797      0.09413      0.02753
PD      0.50092      0.25116      0.24925     -0.01681     -0.06856      0.02182
PD      0.49899      0.00030      0.50071      0.07780      0.01059     -0.04538
PD      0.74991      0.25168      0.49976      0.02670     -0.16351      0.03422
PD      0.74975      0.99894      0.74993      0.06260      0.06615     -0.03927
PD      0.50011      0.24886      0.74966      0.02968      0.04371      0.05610
PD      0.49943      0.49943      0.99974      0.06867      0.01222      0.01803
PD      0.74923      0.74985      0.99934      0.09631     -0.03358      0.05231
PD      0.75136      0.50020      0.25109     -0.08418      0.03822     -0.10077
PD      0.50059      0.75056      0.24935     -0.06661     -0.04679      0.03786
PD      0.49882      0.49961      0.50013      0.04468      0.05103     -0.02089
PD      0.74838      0.74994      0.49916      0.08199      0.03301      0.04510
PD      0.74775      0.50117      0.74940      0.10893     -0.08688      0.05081
PD      0.49987      0.75055      0.75019     -0.03428     -0.01693     -0.01196
