/* Converted from PWscf output file */ 
#L_UNITS ang 
#E_UNITS eV 
#S_UNITS GPA 
#F_UNITS EV/ANG 
#ALAT 	   7.85263     // a0 
#X 	   1.00000     0.00000     0.00000     // X 
#Y 	   0.00000     1.00000     0.00000     // Y 
#Z 	   0.00000     0.00000     1.00000     // Z 
#SX 	   0.04010     0.00175     0.00029     // SX 
#SY 	   0.00175     0.04142     0.00306     // SY 
#SZ 	   0.00029     0.00306     0.04273     // SZ 
#EPA 	  -4.04907     // Energy per Atom 
#RCUT 	6.5        // Rcut 
PD      0.99939      0.99959      0.00114      0.02883      0.05671     -0.05382
PD      0.24978      0.25030      0.99949     -0.03698     -0.01097      0.03709
PD      0.24966      0.00032      0.24909      0.04591     -0.05130      0.03497
PD      0.99937      0.25046      0.25091      0.01793     -0.03720     -0.13619
PD      0.00075      0.00019      0.50013     -0.09127     -0.06324      0.00810
PD      0.24936      0.24711      0.49955      0.06108      0.20904      0.02790
PD      0.25033      0.99936      0.75027     -0.01569      0.02332      0.05380
PD      0.00137      0.24940      0.75019     -0.08907      0.04519     -0.03257
PD      0.00033      0.50031      0.00065     -0.04913     -0.04071     -0.03020
PD      0.25029      0.75033      0.00118      0.04082     -0.00689     -0.06765
PD      0.24909      0.50100      0.24978      0.06923     -0.05367      0.04306
PD      0.00030      0.75058      0.25053     -0.03425      0.00587      0.01709
PD      0.00018      0.49959      0.49740      0.01797      0.00984      0.22193
PD      0.24957      0.75023      0.50272      0.00684     -0.00290     -0.19327
PD      0.25095      0.50018      0.75027     -0.08041     -0.05963     -0.03641
PD      0.00079      0.75023      0.75014     -0.06567     -0.04993     -0.01709
PD      0.49964      0.00115      0.99904      0.02241     -0.13612      0.07577
PD      0.74931      0.24904      0.99854      0.08016      0.08967      0.11363
PD      0.74933      0.00042      0.25027     -0.00224     -0.05989     -0.05120
PD      0.49899      0.25068      0.24972      0.01369     -0.01451      0.00168
PD      0.49967      0.00049      0.49962      0.00751     -0.04157     -0.01177
PD      0.75007      0.24874      0.49762     -0.01807      0.06966      0.19470
PD      0.74928      0.99972      0.75013      0.06705     -0.00629     -0.06402
PD      0.50022      0.24940      0.74988     -0.01476      0.06048     -0.08731
PD      0.49990      0.49879      0.00002      0.05622      0.10889      0.00763
PD      0.75156      0.75014      0.99922     -0.14492     -0.03575      0.05101
PD      0.74939      0.50069      0.25203      0.01112     -0.04149     -0.19803
PD      0.50031      0.74926      0.25086     -0.04011      0.07911     -0.09024
PD      0.49954      0.50060      0.49980     -0.03356     -0.12974      0.03160
PD      0.74904      0.74958      0.50001      0.10172      0.06815      0.04223
PD      0.75075      0.49930      0.74997      0.01336     -0.00666     -0.04954
PD      0.49975      0.74926      0.74854      0.05430      0.02253      0.15710
