/* Converted from PWscf output file */ 
#L_UNITS ang 
#E_UNITS eV 
#S_UNITS GPA 
#F_UNITS EV/ANG 
#ALAT 	   7.85263     // a0 
#X 	   1.00000     0.00000     0.00000     // X 
#Y 	   0.00000     1.00000     0.00000     // Y 
#Z 	   0.00000     0.00000     1.00000     // Z 
#SX 	   0.10559    -0.00817     0.00058     // SX 
#SY 	  -0.00817     0.10471     0.00685     // SY 
#SZ 	   0.00058     0.00685     0.10456     // SZ 
#EPA 	  -4.04773     // Energy per Atom 
#RCUT 	6.5        // Rcut 
PD      0.99818      0.00136      0.99978      0.14628     -0.12210      0.00351
PD      0.25165      0.25162      0.99953     -0.00133     -0.08156      0.21044
PD      0.24871      0.00076      0.25021      0.07943     -0.06248     -0.10029
PD      0.99923      0.25095      0.25260     -0.01204     -0.02737     -0.19689
PD      0.00164      0.00037      0.50000     -0.16501      0.01275      0.05106
PD      0.24794      0.24972      0.49950      0.10641      0.07744      0.05696
PD      0.24838      0.00159      0.74867      0.10872     -0.17860      0.11702
PD      0.00172      0.24944      0.75521     -0.14120     -0.00749     -0.35428
PD      0.00205      0.49843      0.99857     -0.12675      0.10896      0.18939
PD      0.24950      0.74876      0.99935     -0.05786      0.11967      0.03479
PD      0.24793      0.50273      0.25287      0.09851     -0.13385     -0.16205
PD      0.99909      0.75241      0.24941      0.01904     -0.19565     -0.04002
PD      0.00001      0.49892      0.50332     -0.15625     -0.01793     -0.13182
PD      0.24808      0.74807      0.50038      0.20352      0.14520      0.00631
PD      0.24980      0.49940      0.74908      0.12038     -0.01004      0.03261
PD      0.00108      0.74956      0.74849     -0.04839      0.09468      0.13796
PD      0.50053      0.99803      0.99862     -0.13054      0.11113      0.12963
PD      0.74984      0.24691      0.99862     -0.08602      0.17317      0.23315
PD      0.75053      0.99625      0.24909     -0.09688      0.17296      0.05022
PD      0.49826      0.25011      0.25204      0.11294     -0.00153     -0.20978
PD      0.49888      0.00057      0.49947     -0.01503     -0.18703     -0.00114
PD      0.74914      0.24772      0.49925      0.07495      0.13420      0.07046
PD      0.74768      0.00218      0.74821      0.15059     -0.16456      0.01450
PD      0.49832      0.24844      0.75041      0.04944      0.11954     -0.07205
PD      0.50172      0.50042      0.99941     -0.11527     -0.13665      0.14745
PD      0.75046      0.74873      0.99539      0.09669      0.06833      0.22831
PD      0.75103      0.50070      0.24969     -0.00219     -0.03448     -0.00010
PD      0.49969      0.75006      0.24841      0.03143     -0.02777      0.13001
PD      0.50183      0.49939      0.50000     -0.05550      0.06972      0.03336
PD      0.75175      0.75005      0.50251     -0.15132     -0.01325     -0.08884
PD      0.75001      0.49903      0.75237      0.02119     -0.10663     -0.18754
PD      0.49948      0.74832      0.75316     -0.05791      0.10123     -0.33235
