/* Converted from PWscf output file */ 
#L_UNITS ang 
#E_UNITS eV 
#S_UNITS GPA 
#F_UNITS EV/ANG 
#ALAT 	   7.85263     // a0 
#X 	   1.00000     0.00000     0.00000     // X 
#Y 	   0.00000     1.00000     0.00000     // Y 
#Z 	   0.00000     0.00000     1.00000     // Z 
#SX 	   0.02669     0.00233    -0.00146     // SX 
#SY 	   0.00233     0.02785     0.00044     // SY 
#SZ 	  -0.00146     0.00044     0.02625     // SZ 
#EPA 	  -4.04934     // Energy per Atom 
#RCUT 	6.5        // Rcut 
PD      0.99993      0.00011      0.00137     -0.03121      0.02574     -0.08599
PD      0.25039      0.25076      0.00045     -0.05394     -0.04641      0.00853
PD      0.25036      0.99812      0.24984      0.05369      0.12277     -0.04071
PD      0.99979      0.24878      0.25045      0.02336      0.09619     -0.04111
PD      0.00064      0.00102      0.49935     -0.05553     -0.10862      0.02717
PD      0.25011      0.24905      0.49940     -0.00503      0.05497      0.04278
PD      0.24846      0.00122      0.75189      0.07318     -0.04792     -0.09451
PD      0.99891      0.24916      0.74971      0.07654      0.07621      0.06435
PD      0.99997      0.50089      0.00102     -0.01972     -0.06709     -0.06027
PD      0.24922      0.75041      0.99894      0.06437     -0.00640      0.02433
PD      0.24896      0.50104      0.24958      0.01064     -0.05455      0.05897
PD      0.00091      0.75104      0.24923     -0.10445     -0.07151      0.09232
PD      0.99979      0.49971      0.50089      0.02274      0.03870     -0.09218
PD      0.25113      0.75073      0.49993     -0.08568     -0.03485      0.05792
PD      0.24953      0.50050      0.74964     -0.00532     -0.04358     -0.01105
PD      0.99942      0.75000      0.74937      0.00918      0.03543      0.01236
PD      0.50142      0.00043      0.99889     -0.11254      0.01743      0.07854
PD      0.74919      0.25129      0.99958      0.04118     -0.04015      0.04276
PD      0.74968      0.00012      0.24858     -0.01464      0.00233      0.07982
PD      0.49937      0.25042      0.25128      0.01061     -0.05812     -0.07052
PD      0.50006      0.99907      0.50003      0.01399      0.06702      0.02976
PD      0.75025      0.24988      0.49991     -0.05348     -0.01097      0.00018
PD      0.75077      0.00003      0.75042     -0.02596     -0.00808     -0.04349
PD      0.49978      0.25012      0.74962      0.00071      0.00775     -0.03013
PD      0.49833      0.49930      0.00019      0.06370      0.05784     -0.02371
PD      0.74861      0.74986      0.00008      0.06961     -0.03473     -0.00095
PD      0.74977      0.49950      0.24982      0.03323      0.04464      0.02073
PD      0.49995      0.74964      0.25003      0.00485      0.00949     -0.05048
PD      0.49971      0.50001      0.49931      0.00980      0.00675      0.07543
PD      0.74952      0.75022      0.49943      0.05175     -0.00980      0.01699
PD      0.75068      0.49993      0.75057     -0.07592      0.02793     -0.03356
PD      0.49974      0.75067      0.75075      0.01028     -0.04841     -0.05428
