/* Converted from PWscf output file */ 
#L_UNITS ang 
#E_UNITS eV 
#S_UNITS GPA 
#F_UNITS EV/ANG 
#ALAT 	   7.85263     // a0 
#X 	   1.00000     0.00000     0.00000     // X 
#Y 	   0.00000     1.00000     0.00000     // Y 
#Z 	   0.00000     0.00000     1.00000     // Z 
#SX 	   0.01794     0.00175    -0.00044     // SX 
#SY 	   0.00175     0.01706    -0.00088     // SY 
#SZ 	  -0.00044    -0.00088     0.01604     // SZ 
#EPA 	  -4.04954     // Energy per Atom 
#RCUT 	6.5        // Rcut 
PD      0.99983      0.99970      0.00061      0.06248      0.04920     -0.03960
PD      0.25030      0.25055      0.00011     -0.05679     -0.05474     -0.00932
PD      0.25010      0.00014      0.25043      0.01835      0.00370      0.00347
PD      0.99916      0.24968      0.25017      0.06843      0.03136     -0.01014
PD      0.99966      0.00000      0.49969      0.04660      0.00502      0.02306
PD      0.25028      0.24997      0.50038     -0.02411     -0.03180     -0.01441
PD      0.25133      0.00004      0.74954     -0.07842     -0.00653      0.03129
PD      0.99978      0.24938      0.75009      0.02319      0.01510     -0.00710
PD      0.99976      0.50000      0.99986      0.01771     -0.00323      0.02570
PD      0.24970      0.75034      0.00011      0.01045     -0.02733     -0.00837
PD      0.24994      0.49965      0.25067     -0.01894      0.02120     -0.05229
PD      0.00004      0.75001      0.24997     -0.01215     -0.01587      0.00726
PD      0.00105      0.50052      0.50000     -0.11035     -0.04030      0.01447
PD      0.24970      0.74917      0.50012      0.04577      0.08567      0.00839
PD      0.24918      0.50003      0.74962      0.02448      0.01236      0.04291
PD      0.99916      0.75071      0.75038      0.08677     -0.02205     -0.02030
PD      0.50027      0.99977      0.00015     -0.02291      0.03171      0.00553
PD      0.75015      0.25028      0.99965     -0.01181     -0.01217      0.01278
PD      0.75016      0.00039      0.24923     -0.05134     -0.02438      0.03973
PD      0.49950      0.25096      0.24963      0.03362     -0.07971      0.02590
PD      0.50111      0.00031      0.50072     -0.06007     -0.02271     -0.06362
PD      0.75000      0.24975      0.49972      0.00907      0.03250      0.04028
PD      0.75031      0.99956      0.75045     -0.02389      0.06690     -0.00759
PD      0.50016      0.25060      0.75023      0.01438     -0.03482     -0.00480
PD      0.49943      0.49925      0.99983      0.02637      0.08529      0.01339
PD      0.75060      0.75047      0.99958     -0.05905     -0.06950      0.07292
PD      0.74982      0.49950      0.25058      0.01198      0.07107     -0.02050
PD      0.49976      0.74993      0.24976      0.03727     -0.00549      0.02750
PD      0.49989      0.49951      0.50024      0.03498      0.05953      0.00658
PD      0.75035      0.75113      0.50067     -0.03559     -0.09015     -0.06244
PD      0.74999      0.50021      0.75040      0.01563     -0.01347     -0.05072
PD      0.50019      0.74977      0.75065     -0.02210     -0.01636     -0.02996
