/* Converted from PWscf output file */ 
#L_UNITS ang 
#E_UNITS eV 
#S_UNITS GPA 
#F_UNITS EV/ANG 
#ALAT 	   7.85263     // a0 
#X 	   1.00000     0.00000     0.00000     // X 
#Y 	   0.00000     1.00000     0.00000     // Y 
#Z 	   0.00000     0.00000     1.00000     // Z 
#SX 	   0.01138     0.00015     0.00015     // SX 
#SY 	   0.00015     0.01123     0.00044     // SY 
#SZ 	   0.00015     0.00044     0.01108     // SZ 
#EPA 	  -4.04966     // Energy per Atom 
#RCUT 	6.5        // Rcut 
PD      0.00005      0.99965      0.99977      0.00378      0.02533      0.02919
PD      0.24991      0.25043      0.00008     -0.00530     -0.04154     -0.01530
PD      0.24994      0.00040      0.25063     -0.00725     -0.02024     -0.04786
PD      0.00004      0.24979      0.25040     -0.01200      0.00092     -0.04111
PD      0.00032      0.99986      0.50037     -0.05658      0.01064     -0.02688
PD      0.25016      0.25007      0.49959     -0.00632      0.01024      0.04269
PD      0.24965      0.99950      0.74970      0.02255      0.03978      0.03249
PD      0.00007      0.24985      0.74990      0.01559      0.01348     -0.00278
PD      0.00014      0.49975      0.00006     -0.00560      0.01442      0.00502
PD      0.24992      0.75026      0.00034     -0.00557     -0.01351     -0.02220
PD      0.25051      0.49978      0.24989     -0.01759      0.01728      0.00837
PD      0.00042      0.75003      0.25041     -0.04253      0.00319     -0.03098
PD      0.00019      0.50011      0.49961     -0.01228     -0.01560      0.00823
PD      0.24935      0.75020      0.50003      0.04683     -0.01971     -0.01840
PD      0.24991      0.50013      0.74951     -0.01391     -0.01285      0.02758
PD      0.99963      0.74975      0.74982      0.00370     -0.00405      0.02117
PD      0.49984      0.00019      0.99995     -0.01696     -0.01810     -0.02928
PD      0.74963      0.24985      0.99967      0.02798      0.00830      0.02703
PD      0.74945      0.00019      0.24970      0.04731     -0.02503      0.02929
PD      0.49992      0.24937      0.25016      0.00682      0.05430     -0.01410
PD      0.49971      0.00040      0.50011      0.03400     -0.03861      0.01287
PD      0.75017      0.25039      0.49952     -0.00987     -0.02361      0.02569
PD      0.75028      0.00048      0.75005     -0.03352     -0.03835     -0.02438
PD      0.49996      0.24997      0.75004     -0.01420      0.00146     -0.01424
PD      0.49962      0.50006      0.99979      0.02209      0.00041      0.00027
PD      0.75004      0.75015      0.99996     -0.00629     -0.01910     -0.00607
PD      0.74982      0.49967      0.24961     -0.00273      0.02247      0.00374
PD      0.49979      0.75027      0.24952      0.01171     -0.00956      0.03729
PD      0.49988      0.50040      0.50031      0.00880     -0.02360     -0.03596
PD      0.74983      0.74954      0.50003     -0.00401      0.03718     -0.01446
PD      0.75033      0.49949      0.75009     -0.02035      0.02759      0.00001
PD      0.49947      0.74966      0.74951      0.04172      0.03648      0.03307
