/* Converted from PWscf output file */ 
#L_UNITS ang 
#E_UNITS eV 
#S_UNITS GPA 
#F_UNITS EV/ANG 
#ALAT 	   7.85263     // a0 
#X 	   1.00000     0.00000     0.00000     // X 
#Y 	   0.00000     1.00000     0.00000     // Y 
#Z 	   0.00000     0.00000     1.00000     // Z 
#SX 	   0.02683     0.00073    -0.00044     // SX 
#SY 	   0.00073     0.02960    -0.00219     // SY 
#SZ 	  -0.00044    -0.00219     0.02800     // SZ 
#EPA 	  -4.04932     // Energy per Atom 
#RCUT 	6.5        // Rcut 
PD      0.00009      0.99979      0.99968     -0.00932     -0.03983      0.01708
PD      0.24977      0.24964      0.00125      0.03927      0.04761     -0.06980
PD      0.25084      0.99904      0.24919     -0.03061      0.04902      0.07050
PD      0.99877      0.24922      0.25067      0.09949      0.05569     -0.05234
PD      0.00127      0.00124      0.49935     -0.05953     -0.09541      0.09575
PD      0.24996      0.25055      0.50025     -0.00422     -0.04538     -0.00969
PD      0.24984      0.99963      0.75095      0.00580      0.02399     -0.05761
PD      0.00109      0.25089      0.75178     -0.08624     -0.04828     -0.13451
PD      0.99972      0.50031      0.99989      0.02827     -0.04105      0.03800
PD      0.25084      0.74998      0.00058     -0.02611     -0.06103     -0.02251
PD      0.25026      0.49920      0.24964     -0.02887      0.03999     -0.01280
PD      0.00008      0.74916      0.24995     -0.00281      0.03390      0.00892
PD      0.00062      0.50031      0.49945     -0.04635     -0.05127      0.03568
PD      0.24998      0.74997      0.49903      0.01175      0.00467      0.04173
PD      0.24983      0.50020      0.74999      0.06447     -0.01456      0.04029
PD      0.00032      0.74898      0.75047      0.00255      0.07931     -0.05220
PD      0.49925      0.00002      0.00049      0.10424      0.00312     -0.01712
PD      0.75085      0.24898      0.99974     -0.06307      0.01479     -0.02024
PD      0.75134      0.99969      0.25025     -0.11752     -0.04599      0.00344
PD      0.49931      0.25111      0.24984      0.05333     -0.12324     -0.00819
PD      0.49971      1.00000      0.50050      0.00799     -0.03043     -0.07034
PD      0.74940      0.24987      0.49861      0.07470     -0.01090      0.11330
PD      0.74953      0.99902      0.74970      0.06509      0.04494      0.00014
PD      0.50089      0.24988      0.74852     -0.05563     -0.00154      0.11469
PD      0.50207      0.49949      0.00001     -0.12816     -0.02198     -0.05279
PD      0.75040      0.74910      0.00024     -0.02347      0.08447     -0.01453
PD      0.74969      0.49936      0.24968      0.05884      0.02136      0.02598
PD      0.50093      0.74872      0.24996     -0.00242      0.07733      0.02137
PD      0.50018      0.49961      0.49961     -0.04496      0.02454      0.02380
PD      0.74977      0.74865      0.50123      0.04556      0.10536     -0.08723
PD      0.74931      0.50053      0.74933      0.06787     -0.08432      0.01977
PD      0.49937      0.74967      0.75003      0.00005      0.00512      0.01145
