/* Converted from PWscf output file */ 
#L_UNITS ang 
#E_UNITS eV 
#S_UNITS GPA 
#F_UNITS EV/ANG 
#ALAT 	   7.82388     // a0 
#X 	   1.00000     0.00000     0.00000     // X 
#Y 	   0.00000     1.00000     0.00000     // Y 
#Z 	   0.00000     0.00000     1.00000     // Z 
#SX 	   1.91745     0.00000     0.00000     // SX 
#SY 	   0.00000     1.91745     0.00000     // SY 
#SZ 	   0.00000     0.00000     1.91745     // SZ 
#EPA 	  -4.04717     // Energy per Atom 
#RCUT 	6.5        // Rcut 
PD      0.00000      0.00000      0.00000      0.00000      0.00000      0.00000
PD      0.25000      0.25000      0.00000      0.00148      0.00148      0.00000
PD      0.25000      0.00000      0.25000      0.00148     -0.00000      0.00148
PD      0.00000      0.25000      0.25000      0.00000      0.00148      0.00148
PD      0.00000      0.00000      0.50000      0.00000      0.00000      0.00000
PD      0.25001      0.25001      0.50000      0.00332      0.00332      0.00000
PD      0.25000      0.00000      0.74999      0.00148     -0.00000     -0.00148
PD      0.00000      0.25000      0.74999      0.00000      0.00148     -0.00148
PD      0.00000      0.50000      0.00000      0.00000      0.00000     -0.00000
PD      0.25000      0.75000      0.00000      0.00148     -0.00148      0.00000
PD      0.25001      0.50000      0.25001      0.00332     -0.00000      0.00332
PD      0.00000      0.75000      0.25000     -0.00000     -0.00148      0.00148
PD      0.00000      0.50000      0.50000      0.00000      0.00000     -0.00000
PD      0.25001      0.74999      0.50000      0.00332     -0.00332     -0.00000
PD      0.25001      0.50000      0.74999      0.00332      0.00000     -0.00332
PD      0.00000      0.75000      0.74999     -0.00000     -0.00148     -0.00148
PD      0.50000      0.00000      0.00000      0.00000      0.00000      0.00000
PD      0.75000      0.25000      0.00000     -0.00148      0.00148      0.00000
PD      0.75000      0.00000      0.25000     -0.00148      0.00000      0.00148
PD      0.50000      0.25001      0.25001      0.00000      0.00332      0.00332
PD      0.50000      0.00000      0.50000      0.00000      0.00000      0.00000
PD      0.74999      0.25001      0.50000     -0.00332      0.00332     -0.00000
PD      0.75000      0.00000      0.74999     -0.00148      0.00000     -0.00148
PD      0.50000      0.25001      0.74999      0.00000      0.00332     -0.00332
PD      0.50000      0.50000      0.00000      0.00000     -0.00000      0.00000
PD      0.75000      0.75000      0.00000     -0.00148     -0.00148     -0.00000
PD      0.74999      0.50000      0.25001     -0.00332      0.00000      0.00332
PD      0.50000      0.74999      0.25001      0.00000     -0.00332      0.00332
PD      0.50000      0.50000      0.50000      0.00000      0.00000      0.00000
PD      0.74999      0.74999      0.50000     -0.00332     -0.00332      0.00000
PD      0.74999      0.50000      0.74999     -0.00332     -0.00000     -0.00332
PD      0.50000      0.74999      0.74999      0.00000     -0.00332     -0.00332
