/* Converted from PWscf output file */ 
#L_UNITS ang 
#E_UNITS eV 
#S_UNITS GPA 
#F_UNITS EV/ANG 
#ALAT 	   7.81079     // a0 
#X 	   1.00000     0.00000     0.00000     // X 
#Y 	   0.00000     1.00000     0.00000     // Y 
#Z 	   0.00000     0.00000     1.00000     // Z 
#SX 	   2.88026     0.00000     0.00000     // SX 
#SY 	   0.00000     2.88026     0.00000     // SY 
#SZ 	   0.00000     0.00000     2.88026     // SZ 
#EPA 	  -4.04529     // Energy per Atom 
#RCUT 	6.5        // Rcut 
PD      0.00000      0.00000      0.00000      0.00000      0.00000      0.00000
PD      0.25000      0.25000      0.00000      0.00147      0.00147     -0.00000
PD      0.25000      0.00000      0.25000      0.00147     -0.00000      0.00147
PD      0.00000      0.25000      0.25000     -0.00000      0.00147      0.00147
PD      0.00000      0.00000      0.50000      0.00000      0.00000      0.00000
PD      0.25001      0.25001      0.50000      0.00365      0.00365      0.00000
PD      0.25000      0.00000      0.75000      0.00147     -0.00000     -0.00147
PD      0.00000      0.25000      0.75000      0.00000      0.00147     -0.00147
PD      0.00000      0.50000      0.00000      0.00000      0.00000     -0.00000
PD      0.25000      0.75000      0.00000      0.00147     -0.00147     -0.00000
PD      0.25001      0.50000      0.25001      0.00365      0.00000      0.00365
PD      0.00000      0.75000      0.25000      0.00000     -0.00147      0.00147
PD      0.00000      0.50000      0.50000      0.00000      0.00000     -0.00000
PD      0.25001      0.74999      0.50000      0.00365     -0.00365     -0.00000
PD      0.25001      0.50000      0.74999      0.00365      0.00000     -0.00365
PD      0.00000      0.75000      0.75000     -0.00000     -0.00147     -0.00147
PD      0.50000      0.00000      0.00000      0.00000      0.00000     -0.00000
PD      0.75000      0.25000      0.00000     -0.00147      0.00147      0.00000
PD      0.75000      0.00000      0.25000     -0.00147      0.00000      0.00147
PD      0.50000      0.25001      0.25001      0.00000      0.00365      0.00365
PD      0.50000      0.00000      0.50000      0.00000      0.00000     -0.00000
PD      0.74999      0.25001      0.50000     -0.00365      0.00365      0.00000
PD      0.75000      0.00000      0.75000     -0.00147      0.00000     -0.00147
PD      0.50000      0.25001      0.74999      0.00000      0.00365     -0.00365
PD      0.50000      0.50000      0.00000      0.00000      0.00000      0.00000
PD      0.75000      0.75000      0.00000     -0.00147     -0.00147     -0.00000
PD      0.74999      0.50000      0.25001     -0.00365      0.00000      0.00365
PD      0.50000      0.74999      0.25001     -0.00000     -0.00365      0.00365
PD      0.50000      0.50000      0.50000      0.00000      0.00000      0.00000
PD      0.74999      0.74999      0.50000     -0.00365     -0.00365     -0.00000
PD      0.74999      0.50000      0.74999     -0.00365     -0.00000     -0.00365
PD      0.50000      0.74999      0.74999     -0.00000     -0.00365     -0.00365
