/* Converted from PWscf output file */ 
#L_UNITS ang 
#E_UNITS eV 
#S_UNITS GPA 
#F_UNITS EV/ANG 
#ALAT 	   6.84431     // a0 
#X 	   1.00000     0.00000     0.00000     // X 
#Y 	   0.00000     1.05447     0.00000     // Y 
#Z 	   0.00000     0.00000     1.00000     // Z 
#SX 	  -0.01181    -0.00058    -0.00044     // SX 
#SY 	  -0.00058     0.00627    -0.00015     // SY 
#SZ 	  -0.00044    -0.00015    -0.01415     // SZ 
#EPA 	  -4.78976     // Energy per Atom 
#RCUT 	6.5        // Rcut 
FE      0.99989      0.99991      0.00042     -0.01173      0.01757     -0.05249
FE      0.25023      0.24968      0.99981     -0.03196      0.02364      0.00068
FE      0.24990      0.00025      0.24940      0.00817     -0.02072      0.04649
FE      0.00033      0.24952      0.25013     -0.02269      0.04223     -0.00638
FE      0.00009      0.00052      0.50036     -0.00067     -0.03426     -0.02081
FE      0.25014      0.25004      0.50011     -0.00492      0.00533      0.00003
FE      0.25020      0.00042      0.74974     -0.01783     -0.03576      0.02225
FE      0.99956      0.25032      0.74980      0.02477     -0.01792      0.01308
FE      0.99996      0.50015      0.00010      0.01729     -0.01314      0.00421
FE      0.24971      0.75045      0.00025      0.03816     -0.03305     -0.02467
FE      0.25019      0.49958      0.24991     -0.02145      0.03324      0.00442
FE      0.99983      0.75069      0.24949      0.01564     -0.05595      0.03888
FE      0.99995      0.50020      0.50037      0.00164     -0.01893     -0.03937
FE      0.24991      0.74979      0.49997      0.00028      0.01708     -0.00282
FE      0.25028      0.49988      0.74974     -0.02036      0.01178      0.02526
FE      0.99993      0.74985      0.74991      0.01275      0.01729      0.01324
FE      0.49989      0.00021      0.00028      0.02599     -0.01995     -0.02794
FE      0.75020      0.25043      0.00047     -0.00767     -0.03425     -0.03074
FE      0.74998      0.99992      0.25005     -0.00466      0.00756      0.00008
FE      0.49985      0.24986      0.24974      0.00158      0.00752      0.01317
FE      0.49945      0.00008      0.49983      0.03778     -0.01135      0.01156
FE      0.74964      0.25003      0.49979      0.02125     -0.01044      0.01123
FE      0.75018      0.99993      0.74978     -0.02017      0.00822      0.01778
FE      0.49986      0.25014      0.74992      0.02669     -0.01404      0.01065
FE      0.49986      0.49970      0.00006      0.00228      0.02439     -0.00270
FE      0.74998      0.74952      0.00023     -0.01007      0.03318     -0.02009
FE      0.74976      0.49970      0.25026      0.02891      0.02154     -0.01539
FE      0.50004      0.74994      0.25008     -0.00509     -0.00089     -0.00181
FE      0.50007      0.49972      0.49984      0.00130      0.02715      0.01571
FE      0.75066      0.75009      0.49996     -0.04583      0.00002      0.00541
FE      0.75031      0.49992      0.75018     -0.02515      0.00567     -0.01352
FE      0.50013      0.74980      0.74983     -0.01423      0.01723      0.00457
