/* Converted from PWscf output file */ 
#L_UNITS ang 
#E_UNITS eV 
#S_UNITS GPA 
#F_UNITS EV/ANG 
#ALAT 	   6.84431     // a0 
#X 	   1.00000     0.00000     0.00000     // X 
#Y 	   0.00000     1.05447     0.00000     // Y 
#Z 	   0.00000     0.00000     1.00000     // Z 
#SX 	   0.00438    -0.00335    -0.00190     // SX 
#SY 	  -0.00335     0.02056     0.00248     // SY 
#SZ 	  -0.00190     0.00248     0.00408     // SZ 
#EPA 	  -4.78952     // Energy per Atom 
#RCUT 	6.5        // Rcut 
FE      0.99978      0.00036      0.00067      0.03103     -0.02503     -0.03882
FE      0.24937      0.25061      0.00053      0.04565     -0.06468     -0.03313
FE      0.25053      0.99903      0.25104     -0.05322      0.06831     -0.06154
FE      0.99977      0.25019      0.24990      0.02030     -0.05091      0.04361
FE      0.99963      0.99923      0.50032     -0.00813      0.06897     -0.00574
FE      0.24998      0.24961      0.50026     -0.02267      0.02645      0.01496
FE      0.25015      0.99901      0.74889     -0.04869      0.07635      0.10690
FE      0.99957      0.24968      0.74985      0.00403      0.02089      0.03680
FE      0.99911      0.50003      0.00093      0.06469     -0.01716     -0.05292
FE      0.24974      0.74985      0.00039     -0.02617     -0.00812     -0.01160
FE      0.25027      0.49940      0.24987     -0.02122      0.05314      0.02378
FE      0.99916      0.75075      0.25070      0.04258     -0.07252     -0.02718
FE      0.00006      0.50065      0.50003     -0.00078     -0.03941     -0.01302
FE      0.24999      0.75063      0.49980      0.03344     -0.07951      0.00499
FE      0.24909      0.49927      0.74939      0.07355      0.04093      0.06346
FE      0.00007      0.74851      0.74962      0.01418      0.10482      0.01085
FE      0.49902      0.00002      0.00040      0.04827     -0.00475     -0.02287
FE      0.74941      0.25015      0.00150      0.02390     -0.02040     -0.09892
FE      0.74926      0.99919      0.25015      0.03479      0.07055     -0.01932
FE      0.49976      0.24985      0.25064     -0.01473      0.00135     -0.01789
FE      0.49946      0.99967      0.50012      0.06041      0.04779      0.02191
FE      0.74994      0.25114      0.50039      0.00023     -0.11923     -0.00718
FE      0.75052      0.99939      0.75072     -0.03981      0.04377     -0.00833
FE      0.50033      0.24995      0.75041     -0.02824     -0.01096     -0.01073
FE      0.50024      0.50015      0.00070     -0.01921      0.00095     -0.06513
FE      0.75201      0.74937      0.99930     -0.14324      0.04960      0.06149
FE      0.74998      0.49882      0.25030     -0.01517      0.10948      0.00181
FE      0.49996      0.75028      0.24936      0.01833     -0.05168      0.02265
FE      0.50089      0.50005      0.50034     -0.10394      0.01515     -0.00408
FE      0.74892      0.75135      0.50030      0.04194     -0.10682     -0.00403
FE      0.75013      0.50061      0.74921     -0.01562     -0.05216      0.07269
FE      0.49960      0.75073      0.75033      0.00355     -0.07514      0.01653
