/* Converted from PWscf output file */ 
#L_UNITS ang 
#E_UNITS eV 
#S_UNITS GPA 
#F_UNITS EV/ANG 
#ALAT 	   6.84431     // a0 
#X 	   1.00000     0.00000     0.00000     // X 
#Y 	   0.00000     1.05447     0.00000     // Y 
#Z 	   0.00000     0.00000     1.00000     // Z 
#SX 	   0.01240     0.00117     0.00073     // SX 
#SY 	   0.00117     0.01998    -0.00700     // SY 
#SZ 	   0.00073    -0.00700     0.00992     // SZ 
#EPA 	  -4.78938     // Energy per Atom 
#RCUT 	6.5        // Rcut 
FE      0.00020      0.99997      0.00061     -0.00496     -0.01275     -0.03148
FE      0.25067      0.24969      0.00056     -0.03393      0.02745     -0.03813
FE      0.25077      0.00085      0.24848     -0.04893     -0.07591      0.10509
FE      0.00012      0.25167      0.24951     -0.01195     -0.10196      0.05541
FE      0.00033      0.99970      0.50059      0.01367      0.04239     -0.07577
FE      0.24903      0.25061      0.49996      0.04188     -0.00973      0.02302
FE      0.24937      0.00048      0.75030      0.08498     -0.02017     -0.01662
FE      0.99940      0.24905      0.75101      0.04253      0.10646     -0.05334
FE      0.00095      0.49956      0.00008     -0.07504      0.06429     -0.02704
FE      0.25127      0.74906      0.99927     -0.07528      0.11083      0.06440
FE      0.24990      0.50093      0.24872      0.04013     -0.06165      0.10900
FE      0.99982      0.75028      0.25092      0.04620     -0.01328     -0.08942
FE      0.00034      0.50085      0.50032     -0.00670     -0.07239      0.00328
FE      0.25038      0.74957      0.49975      0.01838      0.04087     -0.00085
FE      0.25033      0.50026      0.75166     -0.00414     -0.03643     -0.13918
FE      0.00155      0.75042      0.74894     -0.09072     -0.01690      0.09492
FE      0.50067      0.00013      0.99917     -0.01443     -0.02696      0.05593
FE      0.75014      0.25007      0.00059     -0.02925      0.02149     -0.01835
FE      0.75146      0.00020      0.25040     -0.09596     -0.00545     -0.00369
FE      0.49946      0.24865      0.25061      0.05198      0.14240     -0.03231
FE      0.49895      0.00123      0.49886      0.09009     -0.10887      0.11160
FE      0.74940      0.24973      0.50044      0.07917      0.03941     -0.02726
FE      0.75109      0.00074      0.75059     -0.07730     -0.06029     -0.07928
FE      0.49977      0.25020      0.75038      0.02673     -0.00132     -0.02426
FE      0.49979      0.50021      0.00024      0.06368     -0.03020     -0.00451
FE      0.74977      0.75026      0.99999      0.06510     -0.01247     -0.02185
FE      0.75080      0.50125      0.24943     -0.04863     -0.09054      0.06035
FE      0.50014      0.74928      0.24961      0.03081      0.08971      0.03012
FE      0.50103      0.49992      0.50077     -0.08067     -0.01068     -0.08780
FE      0.75067      0.74922      0.50076     -0.04145      0.11129     -0.05717
FE      0.74969      0.50119      0.74913      0.05490     -0.09205      0.08389
FE      0.50031      0.74957      0.74938     -0.01087      0.06342      0.03128
