/* Converted from PWscf output file */ 
#L_UNITS ang 
#E_UNITS eV 
#S_UNITS GPA 
#F_UNITS EV/ANG 
#ALAT 	   6.84431     // a0 
#X 	   1.00000     0.00000     0.00000     // X 
#Y 	   0.00000     1.05447     0.00000     // Y 
#Z 	   0.00000     0.00000     1.00000     // Z 
#SX 	  -0.00073    -0.00044     0.00117     // SX 
#SY 	  -0.00044     0.01400     0.00029     // SY 
#SZ 	   0.00117     0.00029    -0.00335     // SZ 
#EPA 	  -4.78971     // Energy per Atom 
#RCUT 	6.5        // Rcut 
FE      0.00011      0.00057      0.00026     -0.03897     -0.04030     -0.03060
FE      0.24916      0.24955      0.00045      0.06061      0.03275     -0.03622
FE      0.24984      0.99963      0.24984      0.00333      0.02651      0.01072
FE      0.99971      0.24998      0.25024      0.01510      0.00945     -0.00388
FE      0.00005      0.00012      0.50000     -0.00965     -0.02676     -0.00581
FE      0.25030      0.25014      0.49965     -0.02130     -0.00407      0.03464
FE      0.24904      0.00048      0.74974      0.06188     -0.03742      0.01800
FE      0.99976      0.25040      0.74981      0.02138     -0.02201      0.00426
FE      0.00004      0.49985      0.99964      0.00283      0.01218      0.04778
FE      0.25029      0.75024      0.00017     -0.03795     -0.00949     -0.02407
FE      0.25067      0.49938      0.25029     -0.05059      0.05572     -0.02452
FE      0.99953      0.75012      0.24927      0.04961     -0.01709      0.06038
FE      0.00001      0.50018      0.49973      0.00328      0.00201      0.02449
FE      0.25105      0.74998      0.49994     -0.08002     -0.01163      0.00393
FE      0.24972      0.50028      0.75070      0.03195     -0.02538     -0.04484
FE      0.99969      0.74977      0.74993      0.02471      0.02904     -0.00564
FE      0.49993      0.99997      0.99967      0.00531      0.00805      0.01748
FE      0.75014      0.25055      0.99989     -0.01411     -0.03769      0.01434
FE      0.75005      0.99990      0.25022     -0.01848      0.00998     -0.02638
FE      0.49949      0.24975      0.24989      0.04654      0.00375      0.00685
FE      0.49926      0.99971      0.49956      0.05142      0.03284      0.04613
FE      0.75075      0.24959      0.50012     -0.07741      0.02750     -0.00795
FE      0.74990      0.00026      0.75007      0.00652     -0.02372     -0.00825
FE      0.50019      0.24984      0.75038     -0.02909      0.02309     -0.02059
FE      0.49997      0.50028      0.00067     -0.00171     -0.02794     -0.05139
FE      0.75031      0.74959      0.99996     -0.01526      0.03424     -0.00406
FE      0.74987      0.50015      0.25038      0.00791     -0.01934     -0.01645
FE      0.49978      0.75043      0.24972      0.01525     -0.02990      0.01114
FE      0.49988      0.49998      0.49967      0.01667     -0.01070      0.04225
FE      0.74970      0.74985      0.49953      0.01785      0.02096      0.03821
FE      0.75045      0.49992      0.75039     -0.04038      0.00881     -0.03572
FE      0.50013      0.74994      0.75046     -0.00722      0.00655     -0.03425
