/* Converted from PWscf output file */ 
#L_UNITS ang 
#E_UNITS eV 
#S_UNITS GPA 
#F_UNITS EV/ANG 
#ALAT 	   6.84431     // a0 
#X 	   1.00000     0.00000     0.00000     // X 
#Y 	   0.00000     1.05447     0.00000     // Y 
#Z 	   0.00000     0.00000     1.00000     // Z 
#SX 	   0.01327    -0.00102     0.00379     // SX 
#SY 	  -0.00102     0.02348    -0.00015     // SY 
#SZ 	   0.00379    -0.00015     0.01181     // SZ 
#EPA 	  -4.78942     // Energy per Atom 
#RCUT 	6.5        // Rcut 
FE      0.99853      0.99998      0.99892      0.08354     -0.02133      0.06680
FE      0.24956      0.25035      0.99936      0.00959     -0.02704      0.04209
FE      0.24907      0.99932      0.24857      0.04199      0.07641      0.09321
FE      0.00045      0.25019      0.25013     -0.04798     -0.02595     -0.01161
FE      0.00146      0.99957      0.50077     -0.11964      0.02005     -0.04643
FE      0.24845      0.25032      0.50063      0.11002     -0.03895     -0.03012
FE      0.25100      0.99955      0.75098     -0.07766      0.00486     -0.04452
FE      0.99973      0.24978      0.75026     -0.01962      0.00461     -0.02354
FE      0.00058      0.49988      0.99972     -0.06153      0.03178      0.03158
FE      0.25072      0.75065      0.00030     -0.06587     -0.06391     -0.04751
FE      0.24955      0.50040      0.25037      0.01936     -0.03955     -0.02320
FE      0.00042      0.75018      0.25045     -0.05586     -0.01499     -0.06694
FE      0.99899      0.49983      0.49881      0.06148      0.00157      0.08243
FE      0.24915      0.74941      0.50005      0.03794      0.03864      0.00009
FE      0.25062      0.50027      0.74966     -0.08174     -0.03046      0.01733
FE      0.99918      0.75004      0.74996      0.04502     -0.03140      0.00049
FE      0.49962      0.00074      0.99955      0.05646     -0.06673      0.08733
FE      0.75001      0.24931      0.00026     -0.01618      0.06485      0.00926
FE      0.75111      0.99942      0.24996     -0.09916      0.02312      0.05438
FE      0.49917      0.25114      0.24998      0.02283     -0.11034      0.02179
FE      0.49877      0.99956      0.50119      0.06113      0.00830     -0.14437
FE      0.74999      0.25021      0.49930     -0.02583     -0.05117      0.03242
FE      0.74933      0.99934      0.75041      0.01769      0.03783     -0.09320
FE      0.50007      0.24849      0.75092     -0.00359      0.12773     -0.08117
FE      0.49919      0.49965      0.00014      0.04847      0.00937     -0.03589
FE      0.74911      0.75015      0.99842      0.03598     -0.03782      0.13317
FE      0.74949      0.50091      0.25054      0.01470     -0.07394     -0.08532
FE      0.49874      0.74950      0.24991      0.07833      0.04767      0.00598
FE      0.49914      0.50030      0.50035      0.06730     -0.04793     -0.01443
FE      0.75014      0.74838      0.49911     -0.02636      0.13275      0.06667
FE      0.75099      0.49953      0.74974     -0.08964     -0.01197      0.04010
FE      0.50014      0.74884      0.75031     -0.02117      0.06394     -0.03689
