/* Converted from PWscf output file */ 
#L_UNITS ang 
#E_UNITS eV 
#S_UNITS GPA 
#F_UNITS EV/ANG 
#ALAT 	   6.84431     // a0 
#X 	   1.00000     0.00000     0.00000     // X 
#Y 	   0.00000     1.05447     0.00000     // Y 
#Z 	   0.00000     0.00000     1.00000     // Z 
#SX 	  -0.00394    -0.00000    -0.00015     // SX 
#SY 	  -0.00000     0.01415     0.00015     // SY 
#SZ 	  -0.00015     0.00015    -0.00627     // SZ 
#EPA 	  -4.78980     // Energy per Atom 
#RCUT 	6.5        // Rcut 
FE      0.00004      0.99992      0.99988     -0.00590      0.00066      0.00696
FE      0.24992      0.25017      0.00007      0.00224      0.00181     -0.01175
FE      0.25011      0.00001      0.24959     -0.00740     -0.00549      0.02833
FE      0.00050      0.24969      0.24991     -0.04010      0.02651      0.01197
FE      0.00011      0.00014      0.50016     -0.00081     -0.01013     -0.00877
FE      0.25022      0.25006      0.49988     -0.01265     -0.00529      0.01227
FE      0.25008      0.00003      0.75057     -0.00319      0.00364     -0.03747
FE      0.99985      0.25015      0.74985      0.01526     -0.00920      0.00279
FE      0.00003      0.50012      0.99968     -0.00968     -0.00681      0.02745
FE      0.25028      0.74976      0.00004     -0.02539      0.01188     -0.00409
FE      0.24988      0.49993      0.25000      0.00174      0.00752      0.00210
FE      0.99978      0.74988      0.25015      0.01729      0.01246     -0.01710
FE      0.99991      0.50031      0.50014      0.00082     -0.02303     -0.01552
FE      0.24991      0.75002      0.50016     -0.00141      0.01292     -0.01394
FE      0.24970      0.50023      0.74987      0.02056     -0.01531      0.00566
FE      0.99976      0.74991      0.75018      0.01016      0.01694     -0.01251
FE      0.49986      0.00020      0.00004      0.01838     -0.01092     -0.00107
FE      0.75029      0.24963      0.99978     -0.01124      0.02638      0.01755
FE      0.75015      0.99987      0.25017     -0.01081      0.01130     -0.00347
FE      0.50006      0.25015      0.24996      0.00000     -0.00928     -0.00774
FE      0.50010      0.00031      0.50016     -0.01791     -0.01670     -0.01591
FE      0.74994      0.25020      0.49992      0.00511     -0.00417      0.00276
FE      0.74977      0.99999      0.74975      0.01320      0.00526      0.01039
FE      0.49994      0.25052      0.75023      0.00704     -0.03081     -0.01338
FE      0.50021      0.50012      0.99996     -0.01973     -0.00913      0.00680
FE      0.74980      0.75011      0.99983      0.00532      0.00072      0.01603
FE      0.75001      0.49994      0.24998      0.00296      0.00036     -0.00579
FE      0.49972      0.74990      0.24987      0.01770      0.01197      0.01607
FE      0.49986      0.49998      0.49995      0.00888      0.00913     -0.00289
FE      0.74982      0.75005      0.49982      0.00814     -0.00602      0.01169
FE      0.74981      0.50015      0.75018      0.00976     -0.00809     -0.01471
FE      0.49992      0.74993      0.74984      0.00162      0.01091      0.00729
