/* Converted from PWscf output file */ 
#L_UNITS ang 
#E_UNITS eV 
#S_UNITS GPA 
#F_UNITS EV/ANG 
#ALAT 	   6.84431     // a0 
#X 	   1.00000     0.00000     0.00000     // X 
#Y 	   0.00000     1.05447     0.00000     // Y 
#Z 	   0.00000     0.00000     1.00000     // Z 
#SX 	   0.09348    -0.02290    -0.01794     // SX 
#SY 	  -0.02290     0.07642    -0.01094     // SY 
#SZ 	  -0.01794    -0.01094     0.07540     // SZ 
#EPA 	  -4.78740     // Energy per Atom 
#RCUT 	6.5        // Rcut 
FE      0.00204      0.99848      0.99896     -0.13875      0.10682      0.11197
FE      0.25342      0.24972      0.99908     -0.19554     -0.00267      0.04469
FE      0.24923      0.00173      0.25180      0.02388     -0.17398     -0.05064
FE      0.99957      0.24772      0.24883      0.04059      0.16975     -0.07101
FE      0.99621      0.00177      0.49963      0.22794     -0.14206      0.00496
FE      0.25008      0.24902      0.49863     -0.07833      0.05060      0.08425
FE      0.24803      0.99855      0.74974      0.16103      0.09839     -0.08861
FE      0.00041      0.24896      0.75073     -0.03435      0.09006      0.01175
FE      0.99936      0.49835      0.00121     -0.01755      0.09210     -0.14611
FE      0.24968      0.75014      0.99937     -0.08470     -0.01168      0.03520
FE      0.25092      0.49954      0.24780     -0.08574      0.01214      0.11770
FE      0.99722      0.74954      0.25055      0.18709      0.01659     -0.02163
FE      0.00313      0.49732      0.49769     -0.31485      0.12677      0.12340
FE      0.24933      0.74951      0.50121     -0.04519      0.02401     -0.07565
FE      0.24944      0.49903      0.75002     -0.06428      0.09793     -0.03240
FE      0.99801      0.75252      0.74777      0.07481     -0.27764      0.17759
FE      0.49797      0.00024      0.00034      0.04431     -0.04369     -0.06140
FE      0.74670      0.24848      0.99978      0.14751      0.13892     -0.05446
FE      0.75123      0.00281      0.24708     -0.15453     -0.30253      0.12906
FE      0.50033      0.24954      0.25221     -0.05730      0.03288     -0.14427
FE      0.49975      0.99988      0.50132      0.06000     -0.01283     -0.06634
FE      0.75132      0.24638      0.49805     -0.06618      0.29452      0.17149
FE      0.75153      0.00092      0.75238     -0.20472     -0.05713     -0.08200
FE      0.49911      0.25232      0.74787      0.04876     -0.20102      0.07254
FE      0.49836      0.50400      0.99674      0.10070     -0.32430      0.27224
FE      0.74860      0.74855      0.99974      0.08174      0.11330      0.09734
FE      0.74928      0.49751      0.24862     -0.01798      0.18317      0.13134
FE      0.49553      0.75108      0.25184      0.30224     -0.02906     -0.13620
FE      0.49952      0.50074      0.49983      0.00104     -0.05088     -0.03593
FE      0.75115      0.75120      0.50200     -0.14383     -0.12352     -0.23155
FE      0.74553      0.50022      0.75155      0.41802     -0.08424     -0.22533
FE      0.50196      0.74863      0.75066     -0.21586      0.18928     -0.06194
