/* Converted from PWscf output file */ 
#L_UNITS ang 
#E_UNITS eV 
#S_UNITS GPA 
#F_UNITS EV/ANG 
#ALAT 	   6.84431     // a0 
#X 	   1.00000     0.00000     0.00000     // X 
#Y 	   0.00000     1.05447     0.00000     // Y 
#Z 	   0.00000     0.00000     1.00000     // Z 
#SX 	  -0.00088    -0.00117     0.00073     // SX 
#SY 	  -0.00117     0.01560    -0.00569     // SY 
#SZ 	   0.00073    -0.00569     0.00248     // SZ 
#EPA 	  -4.78941     // Energy per Atom 
#RCUT 	6.5        // Rcut 
FE      0.99955      0.00073      0.99857      0.03212     -0.07669      0.11985
FE      0.25132      0.24945      0.00048     -0.10525      0.04664     -0.03916
FE      0.25065      0.99992      0.24920     -0.02210     -0.00594      0.01083
FE      0.99947      0.25028      0.24899      0.02632     -0.01799      0.05407
FE      0.99978      0.00073      0.49820      0.02032     -0.04394      0.09486
FE      0.24997      0.24925      0.49984     -0.03027      0.03697     -0.01855
FE      0.24903      0.00030      0.75048      0.04533     -0.03546     -0.05983
FE      0.00045      0.24952      0.75146     -0.04602      0.05227     -0.11934
FE      0.99984      0.49965      0.99841     -0.02117      0.03039      0.07819
FE      0.25187      0.74957      0.00004     -0.13518      0.02803     -0.00921
FE      0.25018      0.49983      0.24923     -0.05350      0.01434      0.01640
FE      0.00012      0.74983      0.25063      0.00720      0.02214     -0.08083
FE      0.00199      0.50075      0.49987     -0.14795     -0.05898      0.00418
FE      0.25057      0.75135      0.49975     -0.04198     -0.06102      0.00849
FE      0.25014      0.49917      0.74960      0.01812      0.06121      0.01185
FE      0.99985      0.74930      0.75108      0.04560      0.05632     -0.08741
FE      0.50032      0.00032      0.99904     -0.01842     -0.03729      0.03611
FE      0.74868      0.24954      0.99995      0.07766      0.04046     -0.01817
FE      0.74935      0.99948      0.25019      0.03817      0.04649     -0.04638
FE      0.49961      0.25019      0.24951      0.04723     -0.01536      0.06206
FE      0.50149      0.00047      0.49981     -0.12522     -0.01601     -0.01180
FE      0.74972      0.25035      0.50023      0.04433      0.02225     -0.02923
FE      0.75009      0.99985      0.74877      0.03382      0.02375      0.05320
FE      0.49943      0.24946      0.75042      0.03130      0.02687     -0.07831
FE      0.49910      0.49955      0.99952      0.09853      0.04554      0.02100
FE      0.74950      0.75051      0.99910      0.04980     -0.04441      0.05466
FE      0.74969      0.50043      0.25054      0.05734     -0.03904     -0.06597
FE      0.50134      0.74933      0.25060     -0.09316      0.06628     -0.05181
FE      0.49915      0.50064      0.49829      0.03372     -0.04979      0.10412
FE      0.74972      0.75024      0.49989      0.06456     -0.03694      0.01551
FE      0.74824      0.49991      0.74927      0.09878     -0.00590      0.00836
FE      0.50031      0.75111      0.75016     -0.03003     -0.07518     -0.03775
