/* Converted from PWscf output file */ 
#L_UNITS ang 
#E_UNITS eV 
#S_UNITS GPA 
#F_UNITS EV/ANG 
#ALAT 	   6.84431     // a0 
#X 	   1.00000     0.00000     0.00000     // X 
#Y 	   0.00000     1.05447     0.00000     // Y 
#Z 	   0.00000     0.00000     1.00000     // Z 
#SX 	   0.01050    -0.00131     0.00146     // SX 
#SY 	  -0.00131     0.02027     0.00350     // SY 
#SZ 	   0.00146     0.00350     0.01181     // SZ 
#EPA 	  -4.78941     // Energy per Atom 
#RCUT 	6.5        // Rcut 
FE      0.00069      0.99998      0.99955     -0.08332     -0.00240      0.04379
FE      0.25060      0.24891      0.99985     -0.04893      0.09801      0.01462
FE      0.24985      0.99995      0.24916     -0.01938     -0.02439      0.09904
FE      0.00035      0.24950      0.24952     -0.01052      0.01902      0.04153
FE      0.00015      0.99872      0.50075     -0.02333      0.11517     -0.05173
FE      0.25003      0.25025      0.49989      0.00604     -0.04254     -0.00383
FE      0.25005      0.99973      0.75016      0.00332      0.02059     -0.01945
FE      0.00130      0.24994      0.75038     -0.08807      0.01030     -0.05321
FE      0.00034      0.50032      0.00040     -0.01329     -0.01078     -0.04571
FE      0.25093      0.75148      0.00065     -0.05198     -0.12186     -0.03865
FE      0.24983      0.50026      0.25007      0.03282     -0.01790     -0.03524
FE      0.99997      0.74884      0.25063     -0.00587      0.09098     -0.04308
FE      0.00028      0.50001      0.49967     -0.01681     -0.01736      0.02591
FE      0.24904      0.74907      0.50071      0.08336      0.07286     -0.03273
FE      0.25094      0.49904      0.74951     -0.08028      0.09656      0.06751
FE      0.99947      0.75072      0.74993      0.03912     -0.08232      0.03905
FE      0.49980      0.00122      0.00076      0.04046     -0.08004     -0.03408
FE      0.75070      0.25047      0.99978     -0.02116     -0.03403      0.01168
FE      0.74912      0.99984      0.25072      0.09725      0.04129     -0.03392
FE      0.49922      0.25007      0.24849      0.08009      0.00720      0.12357
FE      0.49967      0.00009      0.49966      0.01686      0.02138      0.01976
FE      0.75075      0.25167      0.49987     -0.04897     -0.14742      0.00178
FE      0.74913      0.00116      0.75027      0.06189     -0.06673     -0.03410
FE      0.49982      0.24973      0.75079      0.02632      0.01411     -0.07488
FE      0.50032      0.49972      0.00032     -0.02488      0.05048     -0.04972
FE      0.75016      0.75096      0.00105     -0.02320     -0.06240     -0.07623
FE      0.74938      0.49881      0.24895      0.04583      0.08859      0.07620
FE      0.50112      0.75044      0.25023     -0.09240     -0.05307      0.00980
FE      0.49949      0.49968      0.50132      0.03944      0.02515     -0.11415
FE      0.74999      0.74964      0.50014     -0.00654      0.02324      0.01393
FE      0.74961      0.49937      0.74829      0.04684      0.06957      0.15223
FE      0.49972      0.75148      0.75022      0.03930     -0.10126      0.00029
