/* Converted from PWscf output file */ 
#L_UNITS ang 
#E_UNITS eV 
#S_UNITS GPA 
#F_UNITS EV/ANG 
#ALAT 	   6.84431     // a0 
#X 	   1.00000     0.00000     0.00000     // X 
#Y 	   0.00000     1.05447     0.00000     // Y 
#Z 	   0.00000     0.00000     1.00000     // Z 
#SX 	  -0.00554    -0.00015     0.00000     // SX 
#SY 	  -0.00015     0.01327    -0.00000     // SY 
#SZ 	   0.00000    -0.00000    -0.00802     // SZ 
#EPA 	  -4.78981     // Energy per Atom 
#RCUT 	6.5        // Rcut 
FE      0.00003      0.00007      0.99987      0.00564     -0.00814      0.00520
FE      0.24995      0.25017      0.00009      0.01037     -0.01116     -0.01032
FE      0.25027      0.00018      0.24977     -0.01914     -0.01183      0.01294
FE      0.99991      0.25003      0.24996      0.01118     -0.00446      0.00571
FE      0.00017      0.00013      0.50010     -0.00523     -0.00582     -0.00711
FE      0.25013      0.24994      0.50011     -0.00826      0.00649     -0.00366
FE      0.25038      0.99993      0.74993     -0.02126      0.00543      0.00867
FE      0.99993      0.25020      0.75010      0.00697     -0.01596     -0.00562
FE      0.00011      0.49992      0.00010     -0.00998      0.01024     -0.00624
FE      0.25002      0.74983      0.99997     -0.00081      0.01274      0.00527
FE      0.24997      0.49994      0.25003      0.00456      0.00458      0.00454
FE      0.00005      0.74993      0.25023      0.00459      0.01149     -0.01567
FE      0.99989      0.49998      0.50000      0.01057      0.00162      0.00146
FE      0.24998      0.75007      0.49995      0.00608     -0.00224      0.00640
FE      0.24992      0.50012      0.75009      0.00783     -0.00680     -0.01058
FE      0.00000      0.75005      0.75007      0.00249     -0.00293     -0.00439
FE      0.50003      0.99992      0.99992      0.00603      0.00884      0.00901
FE      0.75012      0.24984      0.00003     -0.01161      0.01107     -0.00002
FE      0.75018      0.99990      0.25005     -0.00327      0.00754     -0.00308
FE      0.49998      0.25009      0.25028      0.00483     -0.00346     -0.02247
FE      0.50017      0.99996      0.49992     -0.00812      0.00097     -0.00056
FE      0.74990      0.25011      0.49989      0.01066     -0.00646      0.01058
FE      0.74991      0.99984      0.74987      0.01287      0.01414      0.00506
FE      0.50013      0.24993      0.74991     -0.00821      0.00886      0.00929
FE      0.49997      0.50013      0.99992      0.00474     -0.01438      0.00767
FE      0.74998      0.74993      0.00009      0.01004      0.00659     -0.00294
FE      0.75017      0.50003      0.24993     -0.01416     -0.00114      0.00439
FE      0.50009      0.75002      0.25004     -0.00795     -0.00310     -0.00275
FE      0.50000      0.50012      0.50006      0.00160     -0.00408     -0.00289
FE      0.74995      0.75005      0.49998      0.00899     -0.00570      0.00180
FE      0.74992      0.50007      0.74999      0.00834     -0.00672      0.00530
FE      0.50028      0.74995      0.75009     -0.02036      0.00377     -0.00496
