/* Converted from PWscf output file */ 
#L_UNITS ang 
#E_UNITS eV 
#S_UNITS GPA 
#F_UNITS EV/ANG 
#ALAT 	   6.84431     // a0 
#X 	   1.00000     0.00000     0.00000     // X 
#Y 	   0.00000     1.05447     0.00000     // Y 
#Z 	   0.00000     0.00000     1.00000     // Z 
#SX 	   0.03077     0.00365    -0.00117     // SX 
#SY 	   0.00365     0.02873     0.00685     // SY 
#SZ 	  -0.00117     0.00685     0.03019     // SZ 
#EPA 	  -4.78902     // Energy per Atom 
#RCUT 	6.5        // Rcut 
FE      0.00164      0.00075      0.99922     -0.11425     -0.04751      0.06010
FE      0.24828      0.24957      0.99928      0.11937      0.02164      0.02690
FE      0.25081      0.99854      0.24910     -0.04884      0.10951      0.03779
FE      0.00187      0.25178      0.25080     -0.13636     -0.13742     -0.06470
FE      0.00178      0.99964      0.50065     -0.11580      0.02017     -0.11234
FE      0.24943      0.25097      0.50030      0.07324     -0.10522     -0.01763
FE      0.25071      0.99762      0.74892      0.01435      0.21798      0.05986
FE      0.99916      0.25005      0.74956      0.05330     -0.01786      0.00775
FE      0.99993      0.50064      0.00022      0.02888     -0.06668     -0.06180
FE      0.24852      0.75004      0.99892      0.16030     -0.02787      0.04509
FE      0.25136      0.50031      0.25147     -0.09666     -0.04255     -0.13251
FE      0.00172      0.74793      0.24908     -0.09933      0.13105      0.07444
FE      0.00011      0.49944      0.50050     -0.03140      0.10054     -0.04171
FE      0.25061      0.75112      0.50080     -0.02124     -0.13964     -0.05691
FE      0.25005      0.49868      0.75007     -0.03610      0.11845     -0.05264
FE      0.00080      0.75176      0.75027     -0.09729     -0.14572     -0.04358
FE      0.50052      0.00071      0.99949      0.01043     -0.09351      0.00782
FE      0.74950      0.25016      0.00116      0.07104      0.00197     -0.08831
FE      0.75126      0.99839      0.24842     -0.02473      0.10590      0.09174
FE      0.50025      0.25011      0.24853     -0.05083     -0.06099      0.07939
FE      0.49938      0.00012      0.49937      0.11462      0.02979      0.00042
FE      0.74985      0.25016      0.49978     -0.00422     -0.03715     -0.04572
FE      0.75112      0.00094      0.74980     -0.07567     -0.06286     -0.01876
FE      0.50000      0.25102      0.74971      0.01710     -0.08460      0.01361
FE      0.49814      0.49955      0.99965      0.13653      0.06611     -0.00883
FE      0.75097      0.74894      0.00091     -0.06949      0.06878     -0.08861
FE      0.74910      0.49972      0.24797      0.04852      0.01341      0.13114
FE      0.49946      0.74922      0.25056      0.04792      0.07323     -0.08528
FE      0.49964      0.49937      0.49865      0.05851      0.03456      0.09995
FE      0.74860      0.74983      0.50043      0.14682      0.01538     -0.08659
FE      0.75015      0.50017      0.74849     -0.00024     -0.02694      0.11642
FE      0.50157      0.75008      0.74801     -0.07847     -0.03195      0.15347
