/* Converted from PWscf output file */ 
#L_UNITS ang 
#E_UNITS eV 
#S_UNITS GPA 
#F_UNITS EV/ANG 
#ALAT 	   6.84431     // a0 
#X 	   1.00000     0.00000     0.00000     // X 
#Y 	   0.00000     1.05447     0.00000     // Y 
#Z 	   0.00000     0.00000     1.00000     // Z 
#SX 	   0.45151    -0.03544     0.12163     // SX 
#SY 	  -0.03544     0.20373     0.02115     // SY 
#SZ 	   0.12163     0.02115     0.41695     // SZ 
#EPA 	  -4.78048     // Energy per Atom 
#RCUT 	6.5        // Rcut 
FE      0.99330      0.00160      0.00241      0.59333     -0.14881     -0.16363
FE      0.24871      0.25083      0.99781      0.09795     -0.08489      0.18311
FE      0.24716      0.99915      0.25073      0.35966      0.16216      0.00920
FE      0.00512      0.24815      0.25382     -0.35130      0.24878     -0.16470
FE      0.00153      0.99848      0.50115      0.08422      0.13371      0.02951
FE      0.25315      0.25197      0.50387     -0.02333     -0.22474     -0.27580
FE      0.24914      0.99750      0.75380      0.09820      0.06385     -0.19400
FE      0.00478      0.24999      0.74560     -0.23014      0.10858      0.29471
FE      0.99605      0.50134      0.00320      0.44407     -0.04977     -0.05831
FE      0.25036      0.75220      0.00608      0.00736     -0.18406     -0.32906
FE      0.25434      0.49982      0.25174     -0.36364      0.02954     -0.01891
FE      0.00382      0.75404      0.25399     -0.20103     -0.32300     -0.22865
FE      0.99576      0.50162      0.50121      0.39672     -0.12474     -0.04158
FE      0.25018      0.74508      0.50378      0.13082      0.44339     -0.19854
FE      0.25075      0.50286      0.74954      0.02142     -0.11097      0.22804
FE      0.99918      0.74933      0.74194      0.05141      0.09454      0.90844
FE      0.50199      0.99321      0.99860     -0.06170      0.46124      0.24170
FE      0.75251      0.24812      0.99401     -0.04439      0.19445      0.62936
FE      0.75328      0.99798      0.25192     -0.27192      0.27919      0.03270
FE      0.49540      0.25015      0.24349      0.51669     -0.12067      0.36985
FE      0.50689      0.00128      0.50354     -0.60497     -0.03756     -0.22740
FE      0.75275      0.25173      0.50633     -0.15978      0.01171     -0.59801
FE      0.75204      0.00721      0.74749      0.01843     -0.56694      0.21320
FE      0.50320      0.24459      0.75118     -0.24776      0.50173      0.15983
FE      0.50187      0.50174      0.00552     -0.17866     -0.04284     -0.37723
FE      0.74699      0.75067      0.00112      0.34754      0.08177      0.05396
FE      0.75036      0.50721      0.25064     -0.00141     -0.52320      0.05210
FE      0.50140      0.75218      0.25761     -0.13744     -0.08704     -0.41603
FE      0.49704      0.49752      0.49927      0.40455      0.07928      0.25970
FE      0.75208      0.74985      0.50145     -0.11256      0.04670      0.02999
FE      0.75396      0.50218      0.75663     -0.32016     -0.17862     -0.38908
FE      0.50528      0.75117      0.75077     -0.26221     -0.13278     -0.01444
