/* Converted from PWscf output file */ 
#L_UNITS ang 
#E_UNITS eV 
#S_UNITS GPA 
#F_UNITS EV/ANG 
#ALAT 	   6.84431     // a0 
#X 	   1.00000     0.00000     0.00000     // X 
#Y 	   0.00000     1.05447     0.00000     // Y 
#Z 	   0.00000     0.00000     1.00000     // Z 
#SX 	   0.00233    -0.00073     0.00058     // SX 
#SY 	  -0.00073     0.01721     0.00219     // SY 
#SZ 	   0.00058     0.00219    -0.00175     // SZ 
#EPA 	  -4.78963     // Energy per Atom 
#RCUT 	6.5        // Rcut 
FE      0.99956      0.00042      0.00075      0.05857     -0.03627     -0.06456
FE      0.24992      0.24985      0.99910      0.01244      0.02357      0.07947
FE      0.24978      0.00048      0.25058      0.01850     -0.03521     -0.01194
FE      0.00057      0.24978      0.24992     -0.03857      0.02605      0.02347
FE      0.99895      0.00020      0.50021      0.08521     -0.00972     -0.01400
FE      0.25070      0.25013      0.50065     -0.04598     -0.00684     -0.04629
FE      0.24998      0.00020      0.75059     -0.00576     -0.03005     -0.06514
FE      0.00002      0.24998      0.75040      0.00360      0.01840     -0.05073
FE      0.00011      0.49982      0.00019     -0.02489      0.00651     -0.03987
FE      0.25025      0.75010      0.00026     -0.00253      0.00949     -0.02271
FE      0.24926      0.50046      0.24947      0.05829     -0.05336      0.01815
FE      0.00002      0.74930      0.24870      0.00837      0.06221      0.07772
FE      0.99997      0.50081      0.49994      0.01292     -0.07831      0.00728
FE      0.25004      0.74952      0.49965      0.00534      0.06599      0.00562
FE      0.25006      0.50012      0.75011      0.00536      0.01043      0.00581
FE      0.99993      0.74982      0.74931      0.02465      0.02035      0.05645
FE      0.49961      0.00056      0.00085      0.02012     -0.04512     -0.06006
FE      0.75031      0.24977      0.99976     -0.01712      0.02464      0.03937
FE      0.75017      0.99906      0.24910     -0.00722      0.07187      0.06157
FE      0.50030      0.25007      0.24982     -0.01989      0.00593      0.01092
FE      0.50144      0.99995      0.50040     -0.11558      0.00316     -0.03724
FE      0.74977      0.25019      0.50051      0.02261      0.00007     -0.06761
FE      0.74986      0.00077      0.74935      0.01822     -0.06007      0.08429
FE      0.49992      0.24958      0.74998      0.01499      0.03886      0.01103
FE      0.50083      0.50056      0.99986     -0.07096     -0.04459      0.00816
FE      0.75052      0.74953      0.99940     -0.03443      0.04342      0.01384
FE      0.74970      0.49999      0.25010      0.03095     -0.00560     -0.00134
FE      0.50068      0.74994      0.25001     -0.03866      0.00689     -0.00633
FE      0.49940      0.50010      0.49960      0.03684      0.00938      0.02985
FE      0.75111      0.75026      0.49975     -0.07432     -0.02940      0.02249
FE      0.74917      0.49961      0.74991      0.05029      0.02769     -0.02335
FE      0.50000      0.75075      0.75025      0.00867     -0.04038     -0.04432
