/* Converted from PWscf output file */ 
#L_UNITS ang 
#E_UNITS eV 
#S_UNITS GPA 
#F_UNITS EV/ANG 
#ALAT 	   6.84431     // a0 
#X 	   1.00000     0.00000     0.00000     // X 
#Y 	   0.00000     1.05447     0.00000     // Y 
#Z 	   0.00000     0.00000     1.00000     // Z 
#SX 	   0.04769    -0.00277    -0.00992     // SX 
#SY 	  -0.00277     0.03238    -0.01138     // SY 
#SZ 	  -0.00992    -0.01138     0.04244     // SZ 
#EPA 	  -4.78873     // Energy per Atom 
#RCUT 	6.5        // Rcut 
FE      0.00059      0.99922      0.00108     -0.05789      0.04983     -0.07881
FE      0.25097      0.25121      0.99889     -0.04866     -0.13207      0.08913
FE      0.25017      0.99829      0.25051     -0.00255      0.13069     -0.05697
FE      0.99893      0.25013      0.25055      0.14318     -0.04377     -0.01676
FE      0.00107      0.99955      0.49882     -0.08891      0.05484      0.08400
FE      0.25178      0.24950      0.49945     -0.11583      0.04617      0.02743
FE      0.24895      0.00088      0.75035      0.09985     -0.03456     -0.03521
FE      0.99925      0.25084      0.75016      0.11655     -0.06604     -0.05541
FE      0.99968      0.49740      0.00134      0.04407      0.23501     -0.16583
FE      0.25068      0.75018      0.99991     -0.04893     -0.01096      0.02363
FE      0.24795      0.49972      0.24809      0.18672      0.01879      0.15791
FE      0.99886      0.74925      0.25192      0.07737      0.05686     -0.20113
FE      0.99943      0.50137      0.49730      0.03412     -0.15260      0.22350
FE      0.24945      0.74958      0.50048      0.08261      0.00780     -0.06683
FE      0.25183      0.49998      0.74840     -0.15887     -0.01883      0.06339
FE      0.00263      0.75127      0.74874     -0.18705     -0.11428      0.15305
FE      0.49947      0.00089      0.99903      0.05205     -0.07850      0.05134
FE      0.75161      0.25012      0.00024     -0.11017      0.00658     -0.00181
FE      0.75061      0.00042      0.24921     -0.06008     -0.06436      0.05363
FE      0.50141      0.24921      0.25074     -0.11474      0.05538     -0.10426
FE      0.49915      0.99986      0.49988      0.09454     -0.01198      0.04587
FE      0.75013      0.24946      0.50022      0.03776      0.01581     -0.04100
FE      0.74924      0.00178      0.75073      0.09436     -0.16655     -0.04163
FE      0.50179      0.24981      0.74995     -0.11803      0.05422      0.02613
FE      0.49667      0.50151      0.99992      0.27095     -0.15330     -0.01614
FE      0.74808      0.74796      0.99987      0.18016      0.14483     -0.01534
FE      0.75083      0.50003      0.24979     -0.10544     -0.01419     -0.01293
FE      0.50073      0.75070      0.25039     -0.02600     -0.06733     -0.00102
FE      0.49984      0.49877      0.49944      0.05261      0.10266      0.00288
FE      0.75170      0.75016      0.50091     -0.12796      0.01281     -0.02513
FE      0.75191      0.49945      0.75004     -0.14375      0.06062     -0.02732
FE      0.50057      0.74910      0.75018     -0.05204      0.07645     -0.03836
