/* Converted from PWscf output file */ 
#L_UNITS ang 
#E_UNITS eV 
#S_UNITS GPA 
#F_UNITS EV/ANG 
#ALAT 	   6.84431     // a0 
#X 	   1.00000     0.00000     0.00000     // X 
#Y 	   0.00000     1.05447     0.00000     // Y 
#Z 	   0.00000     0.00000     1.00000     // Z 
#SX 	   0.01881     0.00306     0.00219     // SX 
#SY 	   0.00306     0.02508     0.00423     // SY 
#SZ 	   0.00219     0.00423     0.02085     // SZ 
#EPA 	  -4.78917     // Energy per Atom 
#RCUT 	6.5        // Rcut 
FE      0.00048      0.99998      0.99969     -0.00672     -0.01906      0.01301
FE      0.25062      0.24949      0.99842     -0.08175      0.00906      0.11435
FE      0.25096      0.00032      0.25039     -0.09321     -0.01218     -0.04019
FE      0.99884      0.25053      0.24931      0.12406     -0.04997      0.07717
FE      0.99948      0.99839      0.49915      0.03818      0.13488      0.06468
FE      0.25147      0.25017      0.50058     -0.10230     -0.02562     -0.02715
FE      0.24934      0.00070      0.74892      0.09199     -0.10133      0.05891
FE      0.00069      0.24841      0.74993     -0.06502      0.11710     -0.01012
FE      0.00186      0.50104      0.00013     -0.15095     -0.10314      0.04254
FE      0.24942      0.74952      0.00112      0.07580      0.06614     -0.10769
FE      0.24974      0.49942      0.25126      0.07033      0.03455     -0.06694
FE      0.99975      0.75060      0.24974      0.03963     -0.06007      0.02363
FE      0.99959      0.49953      0.49896      0.02482      0.02228      0.10216
FE      0.24944      0.75044      0.50056      0.01805     -0.05789     -0.03099
FE      0.24896      0.50019      0.75130      0.05738      0.00797     -0.11307
FE      0.99914      0.74961      0.75065      0.03867      0.04634     -0.03944
FE      0.50113      0.00057      0.00023     -0.10688     -0.06629     -0.04265
FE      0.75093      0.24972      0.00160     -0.03388      0.04798     -0.10730
FE      0.75064      0.99956      0.24971     -0.02556      0.04573     -0.00364
FE      0.49794      0.24861      0.24908      0.18615      0.11341      0.08563
FE      0.50095      0.99883      0.49865     -0.05987      0.09487      0.11076
FE      0.75019      0.24984      0.50056     -0.02799     -0.00885     -0.08154
FE      0.74937      0.00114      0.75030      0.05196     -0.08624     -0.02357
FE      0.50011      0.25026      0.75040      0.01819     -0.03814     -0.03822
FE      0.49923      0.49787      0.99935      0.06496      0.16973      0.06541
FE      0.75013      0.75044      0.00151     -0.05107     -0.05679     -0.12849
FE      0.74971      0.50121      0.25140     -0.01869     -0.09731     -0.11665
FE      0.50005      0.75066      0.25011     -0.05049     -0.07882     -0.01318
FE      0.50102      0.50001      0.50119     -0.07926     -0.01965     -0.06078
FE      0.74883      0.75036      0.49893      0.10102     -0.02654      0.10504
FE      0.75079      0.49961      0.75031     -0.01783      0.01919      0.02335
FE      0.50045      0.75013      0.74829     -0.02971     -0.02137      0.16501
