/* Converted from PWscf output file */ 
#L_UNITS ang 
#E_UNITS eV 
#S_UNITS GPA 
#F_UNITS EV/ANG 
#ALAT 	   6.84431     // a0 
#X 	   1.00000     0.00000     0.00000     // X 
#Y 	   0.00000     1.05447     0.00000     // Y 
#Z 	   0.00000     0.00000     1.00000     // Z 
#SX 	   0.56672     0.05863     0.09946     // SX 
#SY 	   0.05863     0.20534     0.11259     // SY 
#SZ 	   0.09946     0.11259     0.46361     // SZ 
#EPA 	  -4.77742     // Energy per Atom 
#RCUT 	6.5        // Rcut 
FE      0.99927      0.99968      0.99826     -0.12269      0.00261      0.18849
FE      0.24439      0.24557      0.99253      0.55918      0.43920      0.61092
FE      0.24839      0.00597      0.24546      0.03438     -0.26369      0.37421
FE      0.99997      0.25474      0.25230     -0.07309     -0.30248     -0.46691
FE      0.00110      0.00131      0.50093     -0.08766      0.14360     -0.18767
FE      0.24838      0.25214      0.49042      0.19329      0.01695      0.70427
FE      0.24603      0.99690      0.74997      0.33043      0.26359     -0.04704
FE      0.00359      0.24814      0.75518     -0.24114      0.17685     -0.46114
FE      0.99805      0.50176      0.00116      0.39234      0.04271     -0.32802
FE      0.24624      0.75489      0.00646      0.17101     -0.28778     -0.52106
FE      0.25348      0.50561      0.24420     -0.16863     -0.37434      0.32510
FE      0.99736      0.75371      0.25776      0.32345     -0.23544     -0.42586
FE      0.00154      0.49434      0.50156     -0.03587      0.55883     -0.24967
FE      0.25250      0.75221      0.50128      0.04360     -0.25941     -0.21736
FE      0.25685      0.50178      0.74684     -0.53904      0.05584      0.00098
FE      0.00303      0.75697      0.74601     -0.22281     -0.61677      0.07225
FE      0.49651      0.00116      0.00253      0.27729      0.10273     -0.26392
FE      0.74817      0.25090      0.00020      0.08555     -0.10905     -0.15281
FE      0.74931      0.99589      0.24458     -0.04773      0.48428      0.39577
FE      0.50608      0.25444      0.25572     -0.38447     -0.31342     -0.45071
FE      0.49230      0.99637      0.50255      0.52083      0.34638     -0.34475
FE      0.75279      0.25192      0.49885     -0.13264     -0.37409      0.05065
FE      0.74929      0.99788      0.75095     -0.05142      0.37730     -0.14523
FE      0.49735      0.25270      0.74856      0.10800     -0.41474     -0.17387
FE      0.49914      0.49525      0.99148      0.13029      0.34610      0.51449
FE      0.75380      0.75131      0.99895     -0.07315     -0.19486     -0.03875
FE      0.75090      0.49942      0.24165      0.01024      0.21374      0.51629
FE      0.50465      0.74894      0.24342     -0.30465      0.10610      0.23215
FE      0.50963      0.50074      0.49945     -0.57566      0.18419     -0.14229
FE      0.74769      0.75747      0.49663      0.06733     -0.48763      0.36387
FE      0.75021      0.49224      0.74490      0.21422      0.60965      0.32718
FE      0.50577      0.75330      0.75333     -0.40080     -0.23695     -0.05957
