/* Converted from PWscf output file */ 
#L_UNITS ang 
#E_UNITS eV 
#S_UNITS GPA 
#F_UNITS EV/ANG 
#ALAT 	   6.84431     // a0 
#X 	   1.00000     0.00000     0.00000     // X 
#Y 	   0.00000     1.05447     0.00000     // Y 
#Z 	   0.00000     0.00000     1.00000     // Z 
#SX 	   0.01633    -0.00233     0.00335     // SX 
#SY 	  -0.00233     0.02348     0.00088     // SY 
#SZ 	   0.00335     0.00088     0.01677     // SZ 
#EPA 	  -4.78935     // Energy per Atom 
#RCUT 	6.5        // Rcut 
FE      0.00017      0.99962      0.00016     -0.01187      0.06361     -0.06590
FE      0.25120      0.24929      0.99814     -0.09223      0.04654      0.14098
FE      0.25003      0.99965      0.25107     -0.03941      0.04330     -0.08176
FE      0.00016      0.25032      0.24982     -0.01256     -0.01885      0.00226
FE      0.99988      0.99801      0.50106      0.00537      0.16073     -0.03849
FE      0.24925      0.24986      0.49988      0.00325      0.01504      0.01301
FE      0.25200      0.00100      0.74978     -0.13749     -0.07553      0.00329
FE      0.99897      0.25055      0.75019      0.03352     -0.07115     -0.03106
FE      0.00020      0.49873      0.99977     -0.01870      0.08040      0.02623
FE      0.24944      0.75005      0.00006      0.00318      0.00333     -0.02464
FE      0.25005      0.50046      0.25014     -0.01564     -0.02837     -0.02868
FE      0.99973      0.75081      0.24956      0.00992     -0.07847      0.02105
FE      0.00021      0.50124      0.50026     -0.03487     -0.08579     -0.03988
FE      0.24926      0.75012      0.50033      0.07336     -0.00581     -0.04582
FE      0.24949      0.50065      0.75044      0.02912     -0.05791     -0.03334
FE      0.00139      0.75010      0.74953     -0.13633      0.00587      0.03323
FE      0.49944      0.99938      0.99957      0.06797      0.02394      0.08071
FE      0.74833      0.25087      0.00065      0.09243     -0.10071     -0.06216
FE      0.75172      0.00022      0.25118     -0.09441     -0.00407     -0.11908
FE      0.50057      0.24981      0.25008     -0.09143      0.00414     -0.00061
FE      0.50098      0.99934      0.49921     -0.08415      0.05805      0.01764
FE      0.74899      0.25022      0.49900      0.09550      0.00107      0.05964
FE      0.74798      0.99898      0.74896      0.13729      0.07253      0.09819
FE      0.49909      0.24971      0.74986      0.09174      0.05516     -0.03924
FE      0.50023      0.50003      0.00083     -0.04240      0.01627     -0.09184
FE      0.75055      0.74969      0.00071     -0.02872      0.03172     -0.08860
FE      0.74948      0.50077      0.24905      0.03726     -0.04391      0.08073
FE      0.49957      0.75044      0.24871      0.03014     -0.01637      0.06554
FE      0.49946      0.50039      0.49968      0.02772     -0.03380      0.02045
FE      0.74868      0.75028      0.49873      0.06434     -0.04857      0.09010
FE      0.75010      0.50006      0.74982     -0.02896      0.03358     -0.00080
FE      0.49889      0.75021      0.74953      0.06710     -0.04597      0.03883
