/* Converted from PWscf output file */ 
#L_UNITS ang 
#E_UNITS eV 
#S_UNITS GPA 
#F_UNITS EV/ANG 
#ALAT 	   6.84431     // a0 
#X 	   1.00000     0.00000     0.00000     // X 
#Y 	   0.00000     1.05447     0.00000     // Y 
#Z 	   0.00000     0.00000     1.00000     // Z 
#SX 	  -0.00408     0.00073    -0.00146     // SX 
#SY 	   0.00073     0.00904    -0.00058     // SY 
#SZ 	  -0.00146    -0.00058    -0.00671     // SZ 
#EPA 	  -4.78964     // Energy per Atom 
#RCUT 	6.5        // Rcut 
FE      0.99978      0.99944      0.00002      0.02303      0.04438     -0.00089
FE      0.25064      0.24987      0.99985     -0.03876      0.00730      0.00776
FE      0.25037      0.99984      0.25016     -0.04410     -0.00063     -0.00024
FE      0.00006      0.25019      0.24937      0.00258     -0.03235      0.03072
FE      0.99954      0.99976      0.49983      0.03652      0.03202      0.03239
FE      0.24991      0.25032      0.49972     -0.00134     -0.05052      0.03557
FE      0.25028      0.99905      0.75022     -0.01610      0.07739     -0.01226
FE      0.00034      0.25065      0.75047     -0.02600     -0.07493     -0.01170
FE      0.99998      0.50068      0.00117      0.01368     -0.06015     -0.10184
FE      0.24986      0.74999      0.99925      0.02754     -0.03095      0.06674
FE      0.24955      0.49947      0.25050      0.03420      0.04348     -0.03570
FE      0.99964      0.75011      0.24960      0.03030     -0.02110      0.03944
FE      0.99898      0.49918      0.50084      0.08090      0.06419     -0.07933
FE      0.24933      0.75019      0.50009      0.03234     -0.03613     -0.00404
FE      0.24980      0.49970      0.74938      0.01468      0.02695      0.05315
FE      0.99988      0.75059      0.75007      0.00086     -0.05368     -0.00703
FE      0.49950      0.99973      0.00072      0.04561     -0.00370     -0.04808
FE      0.74964      0.24968      0.00007      0.03300      0.00494     -0.00571
FE      0.75039      0.99978      0.25023     -0.03854     -0.00041     -0.01503
FE      0.49985      0.25009      0.25032      0.00957     -0.02371     -0.01561
FE      0.50008      0.99993      0.50043     -0.01598      0.00306     -0.03461
FE      0.75002      0.24982      0.49961      0.00753     -0.00657      0.03987
FE      0.74945      0.99962      0.74995      0.03769      0.03115      0.02141
FE      0.50049      0.25009      0.75043     -0.03413     -0.01128     -0.04578
FE      0.50114      0.49989      0.99965     -0.11116      0.01099      0.03067
FE      0.75031      0.74938      0.99964     -0.04362      0.04353      0.04887
FE      0.74979      0.49924      0.24984      0.01272      0.05218      0.01482
FE      0.49967      0.74974      0.25108      0.01518      0.00330     -0.07851
FE      0.50003      0.49975      0.49928     -0.00220      0.00835      0.07394
FE      0.74966      0.74980      0.50034      0.03392     -0.00122     -0.04361
FE      0.75050      0.50031      0.74977     -0.03579     -0.04434      0.02896
FE      0.50096      0.74975      0.74970     -0.08409     -0.00155      0.01567
