/* Converted from PWscf output file */ 
#L_UNITS ang 
#E_UNITS eV 
#S_UNITS GPA 
#F_UNITS EV/ANG 
#ALAT 	   6.84431     // a0 
#X 	   1.00000     0.00000     0.00000     // X 
#Y 	   0.00000     1.05447     0.00000     // Y 
#Z 	   0.00000     0.00000     1.00000     // Z 
#SX 	   0.08429    -0.00438    -0.01925     // SX 
#SY 	  -0.00438     0.04229    -0.00554     // SY 
#SZ 	  -0.01925    -0.00554     0.10515     // SZ 
#EPA 	  -4.78782     // Energy per Atom 
#RCUT 	6.5        // Rcut 
FE      0.99845      0.00158      0.00113      0.15011     -0.19827     -0.11010
FE      0.24899      0.25002      0.99972      0.07475     -0.00028      0.03596
FE      0.25107      0.00121      0.25210     -0.12046     -0.12010     -0.19619
FE      0.99878      0.25070      0.24658      0.03140     -0.03318      0.27429
FE      0.00038      0.99819      0.50050     -0.01091      0.09166     -0.03925
FE      0.24772      0.24891      0.50113      0.04855      0.10351     -0.10415
FE      0.25167      0.99899      0.74987     -0.13539      0.04581      0.04465
FE      0.99971      0.24814      0.75187      0.00672      0.07964     -0.13205
FE      0.99784      0.50052      0.99703      0.14713     -0.05032      0.24432
FE      0.25177      0.74970      0.99622     -0.12441     -0.00392      0.31532
FE      0.24922      0.49920      0.25124      0.03181      0.03064     -0.09478
FE      0.00049      0.74980      0.25061      0.06054     -0.04772     -0.08201
FE      0.00044      0.50053      0.50099     -0.11821     -0.07574     -0.07407
FE      0.25251      0.74778      0.50148     -0.16935      0.13865     -0.10743
FE      0.24907      0.49977      0.74866      0.01411     -0.04021      0.10736
FE      0.99787      0.74778      0.75107      0.12054      0.21705     -0.08853
FE      0.50203      0.00162      0.99959     -0.20005     -0.13169      0.01821
FE      0.75010      0.24801      0.99995     -0.08754      0.14151      0.00066
FE      0.75122      0.99773      0.24752     -0.07376      0.18286      0.25930
FE      0.50022      0.24958      0.25023     -0.01733     -0.00571      0.02510
FE      0.49635      0.00321      0.50036      0.28803     -0.23647      0.00596
FE      0.75021      0.24926      0.50096      0.02008      0.01120     -0.08846
FE      0.74882      0.00056      0.74993      0.04965     -0.08517     -0.03153
FE      0.49822      0.25325      0.74976      0.05457     -0.26221     -0.01127
FE      0.50145      0.49790      0.99925     -0.18247      0.18282      0.14070
FE      0.75097      0.75119      0.00021     -0.09374     -0.12362      0.00672
FE      0.74778      0.49925      0.25010      0.17230      0.03260     -0.03989
FE      0.50134      0.75143      0.25214     -0.17036     -0.08587     -0.16986
FE      0.50082      0.49853      0.50007     -0.09397      0.06747     -0.06258
FE      0.75113      0.75000      0.49712     -0.11703     -0.02651      0.22549
FE      0.74750      0.49854      0.75273      0.17772      0.06573     -0.21960
FE      0.49800      0.74784      0.75037      0.26695      0.13582     -0.05231
