/* Converted from PWscf output file */ 
#L_UNITS ang 
#E_UNITS eV 
#S_UNITS GPA 
#F_UNITS EV/ANG 
#ALAT 	   6.84431     // a0 
#X 	   1.00000     0.00000     0.00000     // X 
#Y 	   0.00000     1.05447     0.00000     // Y 
#Z 	   0.00000     0.00000     1.00000     // Z 
#SX 	  -0.00350     0.00029     0.00117     // SX 
#SY 	   0.00029     0.01298    -0.00044     // SY 
#SZ 	   0.00117    -0.00044    -0.00554     // SZ 
#EPA 	  -4.78972     // Energy per Atom 
#RCUT 	6.5        // Rcut 
FE      0.00007      0.00034      0.00049     -0.00017     -0.02373     -0.04042
FE      0.24994      0.25057      0.99978      0.00573     -0.04106      0.03813
FE      0.24985      0.00008      0.24962      0.00931     -0.00568      0.04314
FE      0.99959      0.25009      0.25032      0.03308     -0.00268     -0.00974
FE      0.00026      0.00071      0.50091     -0.01847     -0.05064     -0.07402
FE      0.25009      0.25041      0.50027     -0.01004     -0.01214     -0.01164
FE      0.24953      0.00017      0.74937      0.03405     -0.01772      0.05786
FE      0.00010      0.25050      0.75033     -0.01834     -0.02040     -0.01253
FE      0.00000      0.50002      0.00033      0.00048      0.00415     -0.00694
FE      0.24949      0.74957      0.00061      0.02873      0.03827     -0.04431
FE      0.25026      0.50020      0.25034     -0.01093     -0.02128     -0.01207
FE      0.99983      0.74981      0.25013      0.00360      0.02558     -0.00012
FE      0.99943      0.50042      0.49988      0.04399     -0.02668      0.01948
FE      0.24996      0.74948      0.50033     -0.00468      0.04811     -0.02648
FE      0.25058      0.49975      0.75020     -0.04409      0.02706     -0.00312
FE      0.99981      0.74988      0.75006      0.02112      0.00586      0.00496
FE      0.49976      0.99971      0.99939      0.00822      0.02356      0.06333
FE      0.74987      0.24997      0.00001      0.00151      0.00352      0.01798
FE      0.75038      0.99927      0.25017     -0.03152      0.05520     -0.02278
FE      0.50004      0.24997      0.25074     -0.00721      0.00580     -0.05556
FE      0.50006      0.00026      0.49963     -0.01606     -0.02154      0.03279
FE      0.74967      0.24952      0.49979      0.02306      0.03532      0.03198
FE      0.75017      0.99977      0.75051     -0.01120      0.02232     -0.02652
FE      0.49993      0.24956      0.75045      0.00804      0.03270     -0.02358
FE      0.50021      0.50034      0.00008     -0.01094     -0.02908     -0.00264
FE      0.74927      0.74976      0.99961      0.06291      0.01579      0.03346
FE      0.75034      0.49997      0.25012     -0.03384      0.00237      0.01002
FE      0.50055      0.74987      0.24990     -0.05436      0.00988      0.01532
FE      0.49984      0.50040      0.50053      0.03473     -0.02727     -0.02937
FE      0.74967      0.75076      0.49993      0.02330     -0.04626      0.02261
FE      0.75051      0.50008      0.75003     -0.04287     -0.01300      0.00330
FE      0.50007      0.75008      0.74995     -0.02717      0.00369      0.00747
