/* Converted from PWscf output file */ 
#L_UNITS ang 
#E_UNITS eV 
#S_UNITS GPA 
#F_UNITS EV/ANG 
#ALAT 	   6.84431     // a0 
#X 	   1.00000     0.00000     0.00000     // X 
#Y 	   0.00000     1.05447     0.00000     // Y 
#Z 	   0.00000     0.00000     1.00000     // Z 
#SX 	  -0.00292    -0.00058     0.00029     // SX 
#SY 	  -0.00058     0.01415    -0.00058     // SY 
#SZ 	   0.00029    -0.00058    -0.00525     // SZ 
#EPA 	  -4.78976     // Energy per Atom 
#RCUT 	6.5        // Rcut 
FE      0.99961      0.00010      0.00002      0.02182     -0.01346     -0.00052
FE      0.24995      0.24935      0.00030      0.00410      0.05037     -0.01817
FE      0.25016      0.99967      0.24991     -0.01993      0.02724      0.00965
FE      0.99975      0.24995      0.24990      0.01799     -0.00319      0.00912
FE      0.99953      0.00031      0.50030      0.03575     -0.02756     -0.02563
FE      0.24980      0.25011      0.49988      0.01756     -0.00687      0.00802
FE      0.25004      0.00004      0.74987     -0.02030     -0.00258      0.01232
FE      0.99995      0.25012      0.74956      0.00632     -0.00739      0.04442
FE      0.99999      0.50004      0.00009      0.00248      0.00201     -0.00414
FE      0.25043      0.75009      0.00020     -0.02117      0.00437     -0.01075
FE      0.25001      0.50014      0.24992     -0.00131     -0.02109      0.00333
FE      0.00033      0.75007      0.25017     -0.02805     -0.00269     -0.01535
FE      0.99982      0.49979      0.49995      0.01447      0.01454      0.00161
FE      0.24966      0.75016      0.49994      0.02597     -0.02102      0.00617
FE      0.24990      0.50029      0.75022      0.00820     -0.02977     -0.01351
FE      0.99980      0.74992      0.74996      0.02836      0.00839      0.01326
FE      0.49980      0.00046      0.99950      0.01704     -0.04179      0.04835
FE      0.75048      0.25010      0.00011     -0.03983     -0.00261     -0.00652
FE      0.74986      0.99955      0.25037      0.00335      0.02403     -0.02696
FE      0.50018      0.24969      0.25064     -0.01154      0.01908     -0.05092
FE      0.49955      0.99999      0.50003      0.02767     -0.01090      0.00170
FE      0.75026      0.24966      0.49999     -0.02739      0.01915      0.00637
FE      0.74976      0.99988      0.75007      0.01434      0.01345     -0.00533
FE      0.49997      0.24971      0.75014     -0.00454      0.02997     -0.00774
FE      0.49963      0.50011      0.00006      0.03083     -0.01504     -0.00352
FE      0.75060      0.75018      0.99975     -0.05401     -0.02092      0.01879
FE      0.74993      0.50017      0.25026      0.00589     -0.01299     -0.02084
FE      0.50018      0.74996      0.25022     -0.00440      0.00421     -0.00941
FE      0.50014      0.49973      0.49974     -0.01883      0.02588      0.02632
FE      0.75067      0.74977      0.50047     -0.04673      0.01969     -0.02896
FE      0.75005      0.50000      0.74968     -0.01086     -0.01036      0.02953
FE      0.49968      0.75010      0.74988      0.02674     -0.01212      0.00934
