/* Converted from PWscf output file */ 
#L_UNITS ang 
#E_UNITS eV 
#S_UNITS GPA 
#F_UNITS EV/ANG 
#ALAT 	   6.84431     // a0 
#X 	   1.00000     0.00000     0.00000     // X 
#Y 	   0.00000     1.05447     0.00000     // Y 
#Z 	   0.00000     0.00000     1.00000     // Z 
#SX 	  -0.00656    -0.00058    -0.00029     // SX 
#SY 	  -0.00058     0.01138    -0.00073     // SY 
#SZ 	  -0.00029    -0.00073    -0.00933     // SZ 
#EPA 	  -4.78975     // Energy per Atom 
#RCUT 	6.5        // Rcut 
FE      0.99974      0.00037      0.00032      0.00198     -0.01510     -0.02321
FE      0.25010      0.25003      0.00015     -0.00723     -0.00555     -0.00639
FE      0.24972      0.99975      0.25005      0.01302      0.01769     -0.01036
FE      0.99988      0.25025      0.25017      0.00318     -0.01423     -0.01658
FE      0.00035      0.99956      0.49994     -0.03692      0.03558      0.01316
FE      0.24971      0.24951      0.50013      0.02030      0.03480     -0.02745
FE      0.25022      0.99999      0.74984     -0.02253      0.00289      0.03180
FE      0.00039      0.24993      0.74984     -0.02900      0.00625      0.01120
FE      0.00015      0.50013      0.99975     -0.00795     -0.00059      0.01088
FE      0.25016      0.75021      0.99965     -0.01316     -0.01579      0.02483
FE      0.25047      0.49989      0.24999     -0.04238      0.01899     -0.00647
FE      0.99986      0.75083      0.24945      0.00683     -0.07191      0.03645
FE      0.00023      0.49995      0.50000     -0.01813      0.01095     -0.00468
FE      0.25020      0.75003      0.50004     -0.01573     -0.00535     -0.01331
FE      0.25004      0.49995      0.74987     -0.00097      0.00439     -0.00172
FE      0.00029      0.75052      0.74950     -0.02025     -0.03402      0.04046
FE      0.49959      0.99982      0.00053      0.04095      0.02681     -0.04384
FE      0.74989      0.25033      0.99956      0.00312     -0.03574      0.02552
FE      0.74954      0.00033      0.25085      0.03088     -0.01967     -0.05223
FE      0.50001      0.24966      0.24993     -0.00134      0.03012      0.01230
FE      0.49931      0.99997      0.49996      0.05070     -0.00673      0.01501
FE      0.75010      0.24967      0.50019     -0.00875      0.03143     -0.00236
FE      0.75010      0.99997      0.75006     -0.01993      0.00013     -0.00707
FE      0.49974      0.25003      0.74968      0.01422      0.00022      0.01650
FE      0.49992      0.49977      0.99972      0.00641      0.02086      0.02405
FE      0.74983      0.75022      0.00005      0.01812     -0.00762     -0.00331
FE      0.75024      0.49956      0.24977     -0.01622      0.03470      0.00831
FE      0.50010      0.75026      0.24984     -0.00130     -0.02070      0.00377
FE      0.49955      0.50066      0.49955      0.04440     -0.06440      0.02890
FE      0.75011      0.74935      0.50038     -0.00574      0.04739     -0.04289
FE      0.74982      0.50020      0.75033      0.02033     -0.01259     -0.03077
FE      0.50009      0.74996      0.75013     -0.00692      0.00678     -0.01048
