/* Converted from PWscf output file */ 
#L_UNITS ang 
#E_UNITS eV 
#S_UNITS GPA 
#F_UNITS EV/ANG 
#ALAT 	   6.84431     // a0 
#X 	   1.00000     0.00000     0.00000     // X 
#Y 	   0.00000     1.05447     0.00000     // Y 
#Z 	   0.00000     0.00000     1.00000     // Z 
#SX 	   0.10077     0.00831    -0.02129     // SX 
#SY 	   0.00831     0.04492    -0.00583     // SY 
#SZ 	  -0.02129    -0.00583     0.11113     // SZ 
#EPA 	  -4.78765     // Energy per Atom 
#RCUT 	6.5        // Rcut 
FE      0.99918      0.99947      0.99974      0.10019      0.05515      0.09286
FE      0.24774      0.24941      0.99952      0.19738      0.09370      0.02828
FE      0.24941      0.00319      0.25015      0.04406     -0.24008      0.00003
FE      0.00035      0.25180      0.25171     -0.07454     -0.08490     -0.15970
FE      0.99800      0.00139      0.49936      0.18529     -0.04845      0.04304
FE      0.25033      0.25051      0.49572     -0.05360     -0.08674      0.40794
FE      0.24668      0.00067      0.75049      0.25100     -0.01002     -0.03904
FE      0.99790      0.24995      0.75333      0.18543      0.07473     -0.26327
FE      0.00079      0.49942      0.00263     -0.03056      0.10569     -0.24082
FE      0.24772      0.74763      0.00053      0.18409      0.17552     -0.02015
FE      0.25070      0.49854      0.25083      0.04357      0.18475     -0.09781
FE      0.99885      0.75184      0.24997      0.11504     -0.08788      0.03971
FE      0.00292      0.50148      0.49933     -0.20674     -0.08423      0.03145
FE      0.25055      0.75063      0.50036      0.05136      0.03432     -0.11252
FE      0.25126      0.49866      0.74672     -0.05546      0.06748      0.23891
FE      0.00304      0.75123      0.74761     -0.19617     -0.14433      0.16189
FE      0.50150      0.00168      0.00227     -0.18564     -0.08163     -0.23470
FE      0.75086      0.25028      0.99938     -0.10071     -0.03182      0.09803
FE      0.74881      0.00065      0.24980      0.08507      0.01812      0.03077
FE      0.49908      0.24980      0.25215      0.13048      0.05603     -0.18346
FE      0.50259      0.00035      0.50123     -0.22244      0.01007     -0.05181
FE      0.75152      0.25005      0.49970     -0.08929      0.05557      0.03188
FE      0.75211      0.99915      0.75057     -0.14807      0.09552      0.00408
FE      0.50034      0.24904      0.74960     -0.01303      0.02302      0.02199
FE      0.50438      0.49995      0.99843     -0.34566     -0.01177      0.09701
FE      0.74942      0.75181      0.00085      0.08849     -0.10664     -0.13440
FE      0.74858      0.50201      0.24845      0.13190     -0.09147      0.12481
FE      0.50060      0.75269      0.24745     -0.04724     -0.17418      0.17421
FE      0.50177      0.49771      0.49968     -0.08164      0.23092      0.01109
FE      0.75026      0.75153      0.50270     -0.04598     -0.13257     -0.20041
FE      0.74850      0.49877      0.74998      0.21791      0.13757     -0.02491
FE      0.50104      0.75055      0.74882     -0.11448     -0.00144      0.12504
