/* Converted from PWscf output file */ 
#L_UNITS ang 
#E_UNITS eV 
#S_UNITS GPA 
#F_UNITS EV/ANG 
#ALAT 	   6.84431     // a0 
#X 	   1.00000     0.00000     0.00000     // X 
#Y 	   0.00000     1.05447     0.00000     // Y 
#Z 	   0.00000     0.00000     1.00000     // Z 
#SX 	  -0.00248    -0.00058     0.00058     // SX 
#SY 	  -0.00058     0.01531    -0.00058     // SY 
#SZ 	   0.00058    -0.00058    -0.00510     // SZ 
#EPA 	  -4.78976     // Energy per Atom 
#RCUT 	6.5        // Rcut 
FE      0.99961      0.99984      0.00014      0.04043      0.02850     -0.00504
FE      0.25033      0.24984      0.00017     -0.03033      0.00523     -0.02599
FE      0.25047      0.99991      0.24972     -0.02143      0.00889      0.01738
FE      0.00014      0.25071      0.25045      0.01048     -0.05448     -0.03047
FE      0.00035      0.99997      0.49972     -0.00231      0.00974      0.00865
FE      0.25003      0.25024      0.50027      0.01765     -0.01704     -0.01316
FE      0.24995      0.99952      0.75019      0.00185      0.04718     -0.01406
FE      0.99984      0.25053      0.74943      0.02007     -0.04837      0.04041
FE      0.00050      0.50007      0.99982     -0.02483     -0.01092      0.00617
FE      0.24988      0.75038      0.99975      0.02707     -0.02627      0.02554
FE      0.25026      0.50005      0.25001      0.00098      0.00251     -0.00349
FE      0.00021      0.74978      0.24979     -0.01106      0.01318      0.00723
FE      0.00060      0.49997      0.50029     -0.03966      0.01790     -0.01900
FE      0.24991      0.74996      0.49985      0.01379     -0.00080      0.00296
FE      0.25022      0.50020      0.75014      0.01122     -0.01519     -0.00840
FE      0.00004      0.74988      0.75020      0.00318      0.01505     -0.01866
FE      0.50029      0.00004      0.99960     -0.00115     -0.00966      0.01924
FE      0.74995      0.24973      0.00001      0.02452      0.03689      0.00326
FE      0.75045      0.00012      0.25002     -0.02429     -0.00050     -0.00093
FE      0.50008      0.24965      0.24999     -0.00651      0.01698     -0.00843
FE      0.50023      0.99992      0.50024     -0.01815      0.00962     -0.01158
FE      0.74942      0.25010      0.49973      0.05156     -0.01369      0.01616
FE      0.75038      0.00016      0.74998     -0.00535     -0.01133     -0.00998
FE      0.50046      0.24996      0.75004     -0.03308      0.00303      0.00557
FE      0.49986      0.49997      0.00002      0.03067      0.00493      0.00898
FE      0.75002      0.74998      0.99973      0.00119     -0.01183      0.01611
FE      0.75043      0.49962      0.25033     -0.01499      0.03457     -0.02844
FE      0.50064      0.75024      0.25039     -0.03792     -0.01345     -0.03428
FE      0.50052      0.49977      0.49968     -0.02274      0.02706      0.01777
FE      0.75005      0.75080      0.49949      0.01520     -0.06253      0.04229
FE      0.75015      0.49992      0.74980     -0.00788      0.01552      0.01310
FE      0.49977      0.74996      0.75010      0.03183     -0.00072     -0.01892
