/* Converted from PWscf output file */ 
#L_UNITS ang 
#E_UNITS eV 
#S_UNITS GPA 
#F_UNITS EV/ANG 
#ALAT 	   6.84431     // a0 
#X 	   1.00000     0.00000     0.00000     // X 
#Y 	   0.00000     1.05447     0.00000     // Y 
#Z 	   0.00000     0.00000     1.00000     // Z 
#SX 	   0.00146     0.00088    -0.00219     // SX 
#SY 	   0.00088     0.01298     0.00088     // SY 
#SZ 	  -0.00219     0.00088    -0.00219     // SZ 
#EPA 	  -4.78961     // Energy per Atom 
#RCUT 	6.5        // Rcut 
FE      0.99984      0.99988      0.99998      0.01944     -0.00181     -0.01165
FE      0.24997      0.24990      0.99981      0.02376      0.01844      0.02550
FE      0.25002      0.99997      0.24918      0.01076      0.00282      0.07019
FE      0.00002      0.24927      0.24970      0.01458      0.06508      0.02159
FE      0.99984      0.00065      0.50030      0.02515     -0.05252     -0.02591
FE      0.25025      0.24981      0.50032     -0.00071      0.01538     -0.03397
FE      0.24971      0.99922      0.75034      0.03224      0.08071     -0.03633
FE      0.99982      0.25023      0.75048      0.04128     -0.01676     -0.03831
FE      0.99901      0.50021      0.00073      0.10460      0.00170     -0.05471
FE      0.25031      0.75088      0.99966     -0.02039     -0.08730      0.02398
FE      0.25009      0.50019      0.25072     -0.01635     -0.02866     -0.05101
FE      0.99962      0.74962      0.24984      0.04399      0.04588      0.01711
FE      0.99936      0.50052      0.50157      0.06939     -0.04529     -0.12611
FE      0.25034      0.74967      0.49992     -0.02159      0.03846      0.00754
FE      0.25039      0.49961      0.75033     -0.01224      0.02844     -0.00525
FE      0.00126      0.74993      0.74982     -0.10788      0.00816      0.00423
FE      0.50030      0.00017      0.00011     -0.01536      0.01051     -0.00643
FE      0.75125      0.24966      0.99900     -0.08550      0.03633      0.06064
FE      0.75018      0.00067      0.24956     -0.01114     -0.04762      0.03351
FE      0.50145      0.25043      0.25059     -0.10556     -0.02195     -0.05340
FE      0.50065      0.99980      0.49983     -0.06036      0.02136     -0.01167
FE      0.75007      0.25042      0.49963      0.01543     -0.02304      0.04901
FE      0.74968      0.99946      0.74981      0.03760      0.02571     -0.00371
FE      0.50008      0.25005      0.74969      0.01139     -0.01271      0.01350
FE      0.50029      0.50004      0.99981     -0.01901     -0.00581      0.02299
FE      0.75023      0.75035      0.00047     -0.01219     -0.01698     -0.03673
FE      0.75037      0.49986      0.24993     -0.01046      0.00182      0.01201
FE      0.49939      0.74938      0.25005      0.05677      0.05137     -0.02664
FE      0.50036      0.50044      0.49976     -0.02798     -0.02332      0.03539
FE      0.74944      0.75012      0.49874      0.05044      0.00581      0.08176
FE      0.75047      0.50065      0.74967     -0.04706     -0.01636      0.04129
FE      0.49990      0.75080      0.74995      0.01696     -0.05784      0.00162
