/* Converted from PWscf output file */ 
#L_UNITS ang 
#E_UNITS eV 
#S_UNITS GPA 
#F_UNITS EV/ANG 
#ALAT 	   6.84431     // a0 
#X 	   1.00000     0.00000     0.00000     // X 
#Y 	   0.00000     1.05447     0.00000     // Y 
#Z 	   0.00000     0.00000     1.00000     // Z 
#SX 	   0.32011    -0.01035    -0.12936     // SX 
#SY 	  -0.01035     0.17982     0.00248     // SY 
#SZ 	  -0.12936     0.00248     0.32871     // SZ 
#EPA 	  -4.78238     // Energy per Atom 
#RCUT 	6.5        // Rcut 
FE      0.00686      0.00682      0.00360     -0.52521     -0.43321     -0.35397
FE      0.25243      0.24720      0.99770     -0.04047      0.37548      0.23071
FE      0.24822      0.99932      0.25059      0.24389      0.00446      0.00619
FE      0.00082      0.25003      0.25154     -0.08354      0.13818     -0.27915
FE      0.00140      0.00390      0.49725     -0.15627     -0.07893      0.13089
FE      0.24877      0.25397      0.49586      0.03983     -0.19160      0.27361
FE      0.24963      0.00700      0.74734      0.07639     -0.36692      0.00823
FE      0.00355      0.25070      0.75005     -0.36667      0.09281      0.05870
FE      0.99895      0.50437      0.00149      0.14979     -0.28021     -0.11954
FE      0.25339      0.75190      0.99979     -0.27896     -0.06536      0.04125
FE      0.24934      0.49743      0.25043      0.05404      0.35563     -0.11381
FE      0.99468      0.74699      0.25341      0.33267      0.39216     -0.28178
FE      0.00358      0.50260      0.49829     -0.32108     -0.17309      0.19488
FE      0.24348      0.75184      0.50285      0.61165     -0.04205     -0.37997
FE      0.25011      0.49448      0.74961      0.02485      0.46505      0.13872
FE      0.00502      0.75041      0.74443     -0.28166      0.15989      0.53770
FE      0.50007      0.00196      0.99566      0.03026     -0.04352      0.29469
FE      0.74289      0.25387      0.99880      0.56965     -0.17682      0.10579
FE      0.75047      0.00195      0.24788     -0.06258     -0.04964      0.00417
FE      0.49709      0.25211      0.25227      0.27400     -0.10973     -0.11312
FE      0.50241      0.99982      0.49886     -0.16305      0.17793      0.00558
FE      0.75043      0.25246      0.50225      0.05261      0.02032     -0.26887
FE      0.74767      0.00237      0.74789      0.30260      0.00752      0.20118
FE      0.50425      0.25300      0.74601     -0.27299     -0.13808      0.16043
FE      0.50056      0.49783      0.00104     -0.02945      0.34496     -0.10958
FE      0.75559      0.75267      0.99358     -0.40654      0.00552      0.42329
FE      0.75210      0.50096      0.25023     -0.20871     -0.00642      0.06814
FE      0.49775      0.74733      0.25263      0.27042      0.26630     -0.27753
FE      0.49916      0.50460      0.50410      0.08608     -0.17247     -0.27829
FE      0.74782      0.75534      0.50628      0.23262     -0.27141     -0.48488
FE      0.74964      0.50273      0.75189      0.09115     -0.03009     -0.18159
FE      0.50086      0.75386      0.74685     -0.24534     -0.17663      0.35796
