/* Converted from PWscf output file */ 
#L_UNITS ang 
#E_UNITS eV 
#S_UNITS GPA 
#F_UNITS EV/ANG 
#ALAT 	   6.84431     // a0 
#X 	   1.00000     0.00000     0.00000     // X 
#Y 	   0.00000     1.05447     0.00000     // Y 
#Z 	   0.00000     0.00000     1.00000     // Z 
#SX 	   0.13388     0.01400    -0.00394     // SX 
#SY 	   0.01400     0.07686    -0.00846     // SY 
#SZ 	  -0.00394    -0.00846     0.12994     // SZ 
#EPA 	  -4.78677     // Energy per Atom 
#RCUT 	6.5        // Rcut 
FE      0.00013      0.99949      0.00208     -0.08857      0.07321     -0.19549
FE      0.24853      0.25280      0.00080      0.06626     -0.28243     -0.08966
FE      0.24849      0.99852      0.25089      0.14325      0.17009     -0.07877
FE      0.99693      0.24965      0.24926      0.24062      0.15605      0.04188
FE      0.00003      0.00095      0.49796      0.05526     -0.04089      0.20728
FE      0.25039      0.25035      0.50116     -0.05638     -0.02084     -0.07531
FE      0.25220      0.99819      0.75144     -0.24699      0.12801     -0.10293
FE      0.99814      0.25074      0.75022      0.11718     -0.07282     -0.01159
FE      0.00245      0.50118      0.99957     -0.14589     -0.08770      0.07636
FE      0.24855      0.75131      0.00043      0.09602     -0.09996     -0.08696
FE      0.25258      0.49866      0.25120     -0.18332      0.08787     -0.06624
FE      0.00135      0.75016      0.25306     -0.03400     -0.00866     -0.24214
FE      0.00404      0.50259      0.49995     -0.35870     -0.22506      0.01349
FE      0.24907      0.74648      0.50051      0.11431      0.36780      0.04483
FE      0.24903      0.50056      0.75045      0.17429     -0.04188     -0.01350
FE      0.99829      0.75013      0.75143      0.07781      0.02327     -0.13994
FE      0.49919      0.99949      0.99819      0.11894      0.00029      0.18438
FE      0.74680      0.25010      0.00022      0.21991     -0.00737     -0.06316
FE      0.75125      0.00393      0.25235     -0.12589     -0.34759     -0.20761
FE      0.49924      0.24943      0.24762      0.01697      0.07273      0.20019
FE      0.50063      0.00214      0.50003     -0.09481     -0.16246     -0.05580
FE      0.75156      0.25073      0.49748     -0.17399      0.08192      0.22035
FE      0.74967      0.99818      0.74637      0.07270      0.12081      0.26631
FE      0.49921      0.24648      0.75138      0.02329      0.35258     -0.13766
FE      0.49890      0.49994      0.00210      0.08913      0.07115     -0.23604
FE      0.75257      0.74643      0.00147     -0.22458      0.37526     -0.07003
FE      0.75069      0.50397      0.24841     -0.01064     -0.32343      0.11705
FE      0.49712      0.74992      0.24932      0.17300      0.09345      0.02622
FE      0.50001      0.50389      0.49838      0.11355     -0.31962      0.18518
FE      0.75149      0.74960      0.49494     -0.14279      0.06877      0.35086
FE      0.75185      0.49978      0.75197     -0.14908      0.03751     -0.15900
FE      0.49944      0.75241      0.74896      0.12314     -0.24009      0.09746
