/* Converted from PWscf output file */ 
#L_UNITS ang 
#E_UNITS eV 
#S_UNITS GPA 
#F_UNITS EV/ANG 
#ALAT 	   6.84431     // a0 
#X 	   1.00000     0.00000     0.00000     // X 
#Y 	   0.00000     1.05447     0.00000     // Y 
#Z 	   0.00000     0.00000     1.00000     // Z 
#SX 	  -0.00977    -0.00146    -0.00029     // SX 
#SY 	  -0.00146     0.00904     0.00088     // SY 
#SZ 	  -0.00029     0.00088    -0.01210     // SZ 
#EPA 	  -4.78974     // Energy per Atom 
#RCUT 	6.5        // Rcut 
FE      0.00076      0.00001      0.00017     -0.06017     -0.00161     -0.01153
FE      0.24989      0.24977      0.99980      0.02158      0.01308      0.01445
FE      0.25004      0.00024      0.25009      0.01293     -0.01689      0.00375
FE      0.00008      0.24996      0.25004     -0.01304     -0.00168     -0.01265
FE      0.99979      0.00056      0.49963      0.02237     -0.06054      0.03288
FE      0.24970      0.24984      0.49949      0.02103      0.01661      0.04259
FE      0.25039      0.99981      0.74949     -0.03373      0.02023      0.03281
FE      0.00051      0.24963      0.75020     -0.03876      0.02613     -0.01196
FE      0.00051      0.49919      0.99945     -0.04670      0.06468      0.04103
FE      0.24957      0.75051      0.99985      0.02808     -0.03769      0.02508
FE      0.24935      0.50009      0.25018      0.03229     -0.00542     -0.01759
FE      0.99984      0.75024      0.25039      0.01381     -0.02106     -0.01970
FE      0.00030      0.49959      0.50014     -0.03326      0.03163      0.00716
FE      0.25020      0.74981      0.50042     -0.01611      0.01570     -0.03918
FE      0.24982      0.50037      0.74999      0.03277     -0.03430      0.00911
FE      0.00019      0.74969      0.75048     -0.01962      0.03286     -0.03744
FE      0.50026      0.00016      0.99986     -0.01885     -0.01642      0.01694
FE      0.74959      0.25000      0.00015      0.02586      0.00385     -0.01192
FE      0.74994      0.99973      0.25054      0.00137      0.02236     -0.05219
FE      0.50019      0.25031      0.25020     -0.01053     -0.02027     -0.01478
FE      0.50008      0.00026      0.50002      0.00762     -0.02318     -0.00405
FE      0.75013      0.24976      0.49956     -0.00481      0.02349      0.04097
FE      0.74996      0.00042      0.75027      0.01862     -0.02165     -0.00962
FE      0.49986      0.24981      0.75015      0.00882      0.02015     -0.01734
FE      0.49999      0.50005      0.00028     -0.00705      0.00266     -0.01235
FE      0.74970      0.75005      0.99969      0.03131     -0.00460      0.03275
FE      0.75005      0.50017      0.25055      0.01389     -0.00670     -0.04067
FE      0.50010      0.74976      0.24994     -0.01126      0.01897      0.01398
FE      0.50009      0.49949      0.49977     -0.00914      0.04164      0.01832
FE      0.75008      0.75003      0.50013     -0.01111     -0.00051      0.00525
FE      0.74942      0.50048      0.75025      0.02984     -0.05319     -0.01397
FE      0.49988      0.75042      0.75022      0.01194     -0.02833     -0.01009
