/* Converted from PWscf output file */ 
#L_UNITS ang 
#E_UNITS eV 
#S_UNITS GPA 
#F_UNITS EV/ANG 
#ALAT 	   6.84431     // a0 
#X 	   1.00000     0.00000     0.00000     // X 
#Y 	   0.00000     1.05447     0.00000     // Y 
#Z 	   0.00000     0.00000     1.00000     // Z 
#SX 	   0.49322    -0.02815     0.19440     // SX 
#SY 	  -0.02815     0.24092    -0.15400     // SY 
#SZ 	   0.19440    -0.15400     0.41840     // SZ 
#EPA 	  -4.77919     // Energy per Atom 
#RCUT 	6.5        // Rcut 
FE      0.00465      0.00552      0.99821     -0.55625     -0.31163     -0.12960
FE      0.24579      0.24744      0.99839      0.26045      0.44140      0.07144
FE      0.24365      0.00400      0.24314      0.47021     -0.13655      0.48828
FE      0.00017      0.25116      0.25603     -0.05972     -0.04488     -0.45881
FE      0.99622      0.00311      0.50494      0.31573     -0.34462     -0.32560
FE      0.24717      0.24503      0.50672      0.23247      0.28740     -0.49779
FE      0.25377      0.00124      0.75010     -0.33154     -0.10163     -0.02345
FE      0.00208      0.25307      0.75009     -0.29956     -0.05858     -0.01316
FE      0.99593      0.50105      0.99945      0.31943     -0.03469      0.17665
FE      0.25166      0.75017      0.00104      0.07032      0.01767      0.00149
FE      0.24893      0.49967      0.24343      0.05182      0.03457      0.51873
FE      0.99848      0.75805      0.24824     -0.04981     -0.40541     -0.17138
FE      0.00397      0.50163      0.49626     -0.38804     -0.03409      0.02446
FE      0.24764      0.75327      0.49589     -0.05765     -0.09725      0.00353
FE      0.24396      0.50429      0.73999      0.51633     -0.33700      0.69890
FE      0.00771      0.74502      0.75706     -0.60466      0.52829     -0.51324
FE      0.50222      0.00419      0.00036     -0.20164     -0.27017     -0.01109
FE      0.74466      0.25288      0.99930      0.44167     -0.30391      0.15085
FE      0.74713      0.00149      0.25007      0.28675      0.00266      0.01819
FE      0.50120      0.24958      0.24935     -0.20368      0.14712      0.07954
FE      0.49952      0.99670      0.49821      0.06321      0.37952     -0.08396
FE      0.75134      0.24858      0.49966     -0.23748      0.22794      0.02880
FE      0.75106      0.99896      0.74508     -0.18253      0.07048      0.30163
FE      0.49981      0.24905      0.75000     -0.00418      0.03407     -0.01179
FE      0.49757      0.49680      0.00098      0.10017      0.36643     -0.28342
FE      0.74551      0.75513      0.99794      0.13945     -0.26186     -0.06476
FE      0.74955      0.50088      0.24828     -0.13808     -0.02371     -0.01732
FE      0.50341      0.75334      0.25148     -0.22561     -0.27333     -0.13070
FE      0.50253      0.49629      0.50655     -0.28581      0.21455     -0.54140
FE      0.75011      0.74249      0.49744      0.15529      0.47337      0.28433
FE      0.74901      0.49773      0.75323      0.03086      0.26372     -0.27403
FE      0.49428      0.75598      0.73877      0.37208     -0.44989      0.70468
