/* Converted from PWscf output file */ 
#L_UNITS ang 
#E_UNITS eV 
#S_UNITS GPA 
#F_UNITS EV/ANG 
#ALAT 	   6.84431     // a0 
#X 	   1.00000     0.00000     0.00000     // X 
#Y 	   0.00000     1.05447     0.00000     // Y 
#Z 	   0.00000     0.00000     1.00000     // Z 
#SX 	   0.07233     0.00583     0.00190     // SX 
#SY 	   0.00583     0.04317    -0.00992     // SY 
#SZ 	   0.00190    -0.00992     0.06840     // SZ 
#EPA 	  -4.78815     // Energy per Atom 
#RCUT 	6.5        // Rcut 
FE      0.00275      0.99932      0.99843     -0.15443      0.02205      0.11551
FE      0.24980      0.24948      0.99866      0.03603      0.00119      0.08576
FE      0.25016      0.99963      0.24997      0.01078      0.04054     -0.04277
FE      0.99884      0.25291      0.24790      0.10945     -0.28697      0.16314
FE      0.99742      0.99821      0.49948      0.28918      0.16353     -0.00895
FE      0.25071      0.24788      0.49772     -0.08770      0.14990      0.15968
FE      0.25227      0.99958      0.74794     -0.13393      0.02451      0.11649
FE      0.99943      0.24878      0.74996      0.04904      0.03446     -0.03249
FE      0.99956      0.49835      0.00101     -0.02226      0.15970     -0.11749
FE      0.25113      0.74980      0.99928     -0.07090      0.01641      0.03097
FE      0.24930      0.50082      0.24832      0.04016     -0.10044      0.12709
FE      0.00106      0.74992      0.24985     -0.03993     -0.04630      0.02892
FE      0.99864      0.49702      0.50121      0.09140      0.22700     -0.06461
FE      0.25147      0.75027      0.49791     -0.06450     -0.08446      0.18656
FE      0.24750      0.49978      0.75133      0.17841     -0.00770     -0.09479
FE      0.00104      0.75106      0.75064     -0.05419     -0.07095     -0.08367
FE      0.50180      0.00061      0.99874     -0.12798     -0.03082      0.09327
FE      0.75200      0.24909      0.00085     -0.17455      0.06378     -0.09346
FE      0.75135      0.99835      0.25118     -0.04285      0.16054     -0.17215
FE      0.50042      0.24937      0.25248     -0.03332     -0.02227     -0.24214
FE      0.50097      0.99954      0.50180     -0.04810     -0.03528     -0.21153
FE      0.74831      0.24901      0.49912      0.14338      0.06644      0.07304
FE      0.74983      0.00161      0.74737      0.04686     -0.11517      0.25999
FE      0.49996      0.24906      0.74989      0.00106      0.12533     -0.01358
FE      0.49944      0.50020      0.00079      0.05915     -0.09077     -0.03870
FE      0.75067      0.75062      0.00208      0.03240     -0.04660     -0.17270
FE      0.74973      0.49945      0.25211     -0.02139      0.09026     -0.10959
FE      0.49989      0.75018      0.24784      0.05006      0.02165      0.16921
FE      0.49982      0.49851      0.49891     -0.05097      0.15758      0.11077
FE      0.75098      0.75428      0.50061     -0.07909     -0.40691     -0.03843
FE      0.74857      0.50210      0.75009      0.08870     -0.16301     -0.01417
FE      0.50077      0.74977      0.75223     -0.01998     -0.01722     -0.16917
