/* Converted from PWscf output file */ 
#L_UNITS ang 
#E_UNITS eV 
#S_UNITS GPA 
#F_UNITS EV/ANG 
#ALAT 	   6.84431     // a0 
#X 	   1.00000     0.00000     0.00000     // X 
#Y 	   0.00000     1.05447     0.00000     // Y 
#Z 	   0.00000     0.00000     1.00000     // Z 
#SX 	   0.01765    -0.00146    -0.00569     // SX 
#SY 	  -0.00146     0.02508    -0.00102     // SY 
#SZ 	  -0.00569    -0.00102     0.01313     // SZ 
#EPA 	  -4.78932     // Energy per Atom 
#RCUT 	6.5        // Rcut 
FE      0.00127      0.99935      0.99890     -0.12222      0.07538      0.07366
FE      0.24941      0.25002      0.99949      0.04860      0.01328      0.07372
FE      0.24823      0.99953      0.25116      0.15683      0.03372     -0.11153
FE      0.00047      0.24957      0.24938     -0.06078      0.02841      0.03456
FE      0.00125      0.99953      0.49981     -0.12887      0.03088      0.01511
FE      0.25074      0.24886      0.49920     -0.08045      0.11241      0.03835
FE      0.24920      0.00190      0.74946      0.06813     -0.15450      0.03168
FE      0.99946      0.25089      0.74966      0.06080     -0.04092      0.03049
FE      0.00108      0.50062      0.00131     -0.06782     -0.02643     -0.06669
FE      0.24978      0.75045      0.00101      0.02834     -0.02593     -0.10944
FE      0.25169      0.49931      0.25076     -0.08656      0.07536     -0.03867
FE      0.00003      0.75023      0.24941      0.03078     -0.00972      0.06577
FE      0.00030      0.50045      0.50072      0.00167     -0.02749     -0.09562
FE      0.25054      0.75002      0.50066     -0.00922     -0.01702     -0.02259
FE      0.24932      0.50016      0.75077      0.05861      0.00912     -0.04921
FE      0.99955      0.75032      0.74949      0.04481     -0.00652      0.03798
FE      0.49900      0.00001      0.99888      0.07743      0.02648      0.10114
FE      0.74987      0.25085      0.99866      0.00756     -0.06227      0.07512
FE      0.74945      0.99978      0.25087      0.04201      0.06917     -0.10365
FE      0.49987      0.25115      0.25089      0.04632     -0.10008     -0.08535
FE      0.49965      0.00015      0.49922      0.03805     -0.00400      0.04994
FE      0.75120      0.24952      0.50118     -0.07858      0.05444     -0.08875
FE      0.75064      0.00017      0.74951     -0.06713     -0.00084      0.03247
FE      0.49838      0.24982      0.75015      0.13708      0.02583     -0.01988
FE      0.50019      0.50034      0.99910      0.01035     -0.01476      0.06463
FE      0.74973      0.75110      0.00055      0.03501     -0.05604     -0.02235
FE      0.75122      0.50002      0.24931     -0.09703     -0.00749      0.06865
FE      0.50024      0.75023      0.25008     -0.03220     -0.02512     -0.00231
FE      0.49983      0.49906      0.50113      0.05913      0.07060     -0.04915
FE      0.74951      0.75051      0.49915      0.03728     -0.03880      0.04563
FE      0.75105      0.50152      0.74966     -0.03547     -0.08131      0.04572
FE      0.50153      0.74961      0.75029     -0.12244      0.07416     -0.01942
