/* Converted from PWscf output file */ 
#L_UNITS ang 
#E_UNITS eV 
#S_UNITS GPA 
#F_UNITS EV/ANG 
#ALAT 	   6.84431     // a0 
#X 	   1.00000     0.00000     0.00000     // X 
#Y 	   0.00000     1.05447     0.00000     // Y 
#Z 	   0.00000     0.00000     1.00000     // Z 
#SX 	   0.06140    -0.00160    -0.00233     // SX 
#SY 	  -0.00160     0.04929    -0.00073     // SY 
#SZ 	  -0.00233    -0.00073     0.04988     // SZ 
#EPA 	  -4.78822     // Energy per Atom 
#RCUT 	6.5        // Rcut 
FE      0.99813      0.99971      0.00259      0.13296      0.01749     -0.27614
FE      0.25115      0.24999      0.99678     -0.06821     -0.01786      0.29605
FE      0.25000      0.00154      0.24954     -0.00297     -0.05733     -0.02056
FE      0.99708      0.24996      0.25090      0.24301      0.01102     -0.07160
FE      0.00237      0.00042      0.50139     -0.15015     -0.01456     -0.12738
FE      0.25118      0.25094      0.49878     -0.05059      0.00311      0.05254
FE      0.25099      0.00123      0.74763     -0.05203     -0.10721      0.17253
FE      0.00102      0.25057      0.75065     -0.02973     -0.09177     -0.05419
FE      0.00127      0.50018      0.99791     -0.12729     -0.00283      0.16182
FE      0.25017      0.75315      0.99826     -0.06467     -0.20837      0.00850
FE      0.24854      0.50014      0.25073      0.05161     -0.04139     -0.12624
FE      0.00213      0.74903      0.25016     -0.16805      0.08650     -0.07422
FE      0.99913      0.49843      0.50129      0.06268      0.11636     -0.06791
FE      0.24881      0.74861      0.49983      0.04456      0.11184     -0.02336
FE      0.25027      0.50046      0.75013      0.02168     -0.00850      0.02101
FE      0.99917      0.74895      0.74818     -0.01852      0.10555      0.06639
FE      0.50146      0.99700      0.00053     -0.07308      0.24680     -0.04937
FE      0.75057      0.24914      0.00109     -0.01877      0.10431     -0.14235
FE      0.75037      0.00111      0.25049     -0.02026     -0.11590     -0.02478
FE      0.50107      0.25155      0.24745     -0.04199     -0.10008      0.16121
FE      0.50050      0.00090      0.49835     -0.10286     -0.04315      0.04526
FE      0.75122      0.24998      0.50321     -0.10833     -0.00281     -0.25791
FE      0.74800      0.99997      0.74729      0.17261     -0.01686      0.17088
FE      0.50082      0.24889      0.75008     -0.07582      0.06859     -0.00166
FE      0.50119      0.50037      0.00118     -0.10805     -0.01122     -0.11273
FE      0.74836      0.75096      0.99831      0.12494     -0.12192      0.13010
FE      0.75014      0.50007      0.25224      0.02796      0.03573     -0.17928
FE      0.49766      0.74813      0.24834      0.10553      0.14018      0.06683
FE      0.49896      0.50167      0.50079      0.08422     -0.17910     -0.10332
FE      0.74785      0.75159      0.49707      0.16698     -0.10547      0.12004
FE      0.74897      0.49854      0.74887      0.02937      0.13792      0.10103
FE      0.50010      0.74952      0.74705      0.01324      0.06094      0.13882
