/* Converted from PWscf output file */ 
#L_UNITS ang 
#E_UNITS eV 
#S_UNITS GPA 
#F_UNITS EV/ANG 
#ALAT 	   6.84431     // a0 
#X 	   1.00000     0.00000     0.00000     // X 
#Y 	   0.00000     1.05447     0.00000     // Y 
#Z 	   0.00000     0.00000     1.00000     // Z 
#SX 	  -0.00904     0.00000     0.00000     // SX 
#SY 	   0.00000     0.01035     0.00000     // SY 
#SZ 	   0.00000     0.00000    -0.00904     // SZ 
#EPA 	  -4.78982     // Energy per Atom 
#RCUT 	6.5        // Rcut 
FE      0.00000      0.00000      0.00000      0.00000      0.00000      0.00000
FE      0.25000      0.25000      0.00000      0.00004      0.00010      0.00000
FE      0.25000      0.00000      0.25000      0.00004      0.00000      0.00004
FE      0.00000      0.25000      0.25000      0.00000      0.00010      0.00004
FE      0.00000      0.00000      0.50000      0.00000      0.00000      0.00000
FE      0.25000      0.25000      0.50000      0.00003      0.00012      0.00000
FE      0.25000      0.00000      0.75000      0.00004      0.00000     -0.00004
FE      0.00000      0.25000      0.75000      0.00000      0.00010     -0.00004
FE      0.00000      0.50000      0.00000      0.00000      0.00000      0.00000
FE      0.25000      0.75000      0.00000      0.00004     -0.00010      0.00000
FE      0.25000      0.50000      0.25000      0.00006      0.00000      0.00006
FE      0.00000      0.75000      0.25000      0.00000     -0.00010      0.00004
FE      0.00000      0.50000      0.50000      0.00000      0.00000      0.00000
FE      0.25000      0.75000      0.50000      0.00003     -0.00012      0.00000
FE      0.25000      0.50000      0.75000      0.00006      0.00000     -0.00006
FE      0.00000      0.75000      0.75000      0.00000     -0.00010     -0.00004
FE      0.50000      0.00000      0.00000      0.00000      0.00000      0.00000
FE      0.75000      0.25000      0.00000     -0.00004      0.00010      0.00000
FE      0.75000      0.00000      0.25000     -0.00004      0.00000      0.00004
FE      0.50000      0.25000      0.25000      0.00000      0.00012      0.00003
FE      0.50000      0.00000      0.50000      0.00000      0.00000      0.00000
FE      0.75000      0.25000      0.50000     -0.00003      0.00012      0.00000
FE      0.75000      0.00000      0.75000     -0.00004      0.00000     -0.00004
FE      0.50000      0.25000      0.75000      0.00000      0.00012     -0.00003
FE      0.50000      0.50000      0.00000      0.00000      0.00000      0.00000
FE      0.75000      0.75000      0.00000     -0.00004     -0.00010      0.00000
FE      0.75000      0.50000      0.25000     -0.00006      0.00000      0.00006
FE      0.50000      0.75000      0.25000      0.00000     -0.00012      0.00003
FE      0.50000      0.50000      0.50000      0.00000      0.00000      0.00000
FE      0.75000      0.75000      0.50000     -0.00003     -0.00012      0.00000
FE      0.75000      0.50000      0.75000     -0.00006      0.00000     -0.00006
FE      0.50000      0.75000      0.75000      0.00000     -0.00012     -0.00003
