/* Converted from PWscf output file */ 
#L_UNITS ang 
#E_UNITS eV 
#S_UNITS GPA 
#F_UNITS EV/ANG 
#ALAT 	   7.61797     // a0 
#X 	   1.00000     0.00000     0.00000     // X 
#Y 	   0.00000     1.00000     0.00000     // Y 
#Z 	   0.00000     0.00000     1.05000     // Z 
#SX 	  -7.12730     0.00000     0.00000     // SX 
#SY 	   0.00000    -7.12730     0.00000     // SY 
#SZ 	   0.00000     0.00000   -16.36032     // SZ 
#EPA 	  -6.61817     // Energy per Atom 
#RCUT 	6.5        // Rcut 
RU      0.00000      0.00000      0.00000      0.00000      0.00000      1.08177
RU      0.25000      0.25000      0.00000      0.00006      0.00006      1.08162
RU      0.25000      0.00000      0.23810      0.00030      0.00000      0.89344
RU      0.00000      0.25000      0.23810      0.00000      0.00030      0.89344
RU      0.00000      0.00000      0.52381      0.00000      0.00000     -0.89345
RU      0.25000      0.25000      0.52381      0.00056      0.00056     -0.89302
RU      0.25000      0.00000      0.76190     -0.00012      0.00000     -1.08119
RU      0.00000      0.25000      0.76190      0.00000     -0.00012     -1.08119
RU      0.00000      0.50000      0.00000      0.00000      0.00000      1.08115
RU      0.25000      0.75000      0.00000      0.00006     -0.00006      1.08162
RU      0.25000      0.50000      0.23810     -0.00024      0.00000      0.89400
RU      0.00000      0.75000      0.23810      0.00000     -0.00030      0.89344
RU      0.00000      0.50000      0.52381      0.00000      0.00000     -0.89402
RU      0.25000      0.75000      0.52381      0.00056     -0.00056     -0.89302
RU      0.25000      0.50000      0.76190     -0.00003      0.00000     -1.08231
RU      0.00000      0.75000      0.76190      0.00000      0.00012     -1.08119
RU      0.50000      0.00000      0.00000      0.00000      0.00000      1.08115
RU      0.75000      0.25000      0.00000     -0.00006      0.00006      1.08162
RU      0.75000      0.00000      0.23810     -0.00030      0.00000      0.89344
RU      0.50000      0.25000      0.23810      0.00000     -0.00024      0.89400
RU      0.50000      0.00000      0.52381      0.00000      0.00000     -0.89402
RU      0.75000      0.25000      0.52381     -0.00056      0.00056     -0.89302
RU      0.75000      0.00000      0.76190      0.00012      0.00000     -1.08119
RU      0.50000      0.25000      0.76190      0.00000     -0.00003     -1.08231
RU      0.50000      0.50000      0.00000      0.00000      0.00000      1.08136
RU      0.75000      0.75000      0.00000     -0.00006     -0.00006      1.08162
RU      0.75000      0.50000      0.23810      0.00024      0.00000      0.89400
RU      0.50000      0.75000      0.23810      0.00000      0.00024      0.89400
RU      0.50000      0.50000      0.52381      0.00000      0.00000     -0.89413
RU      0.75000      0.75000      0.52381     -0.00056     -0.00056     -0.89302
RU      0.75000      0.50000      0.76190      0.00003      0.00000     -1.08231
RU      0.50000      0.75000      0.76190      0.00000      0.00003     -1.08231
