/* Converted from PWscf output file */ 
#L_UNITS ang 
#E_UNITS eV 
#S_UNITS GPA 
#F_UNITS EV/ANG 
#ALAT 	   7.61797     // a0 
#X 	   1.00000     0.00000     0.00000     // X 
#Y 	   0.00000     1.00000     0.00000     // Y 
#Z 	   0.00000     0.00000     1.70000     // Z 
#SX 	  -8.15982     0.00000     0.00000     // SX 
#SY 	   0.00000    -8.15982     0.00000     // SY 
#SZ 	   0.00000     0.00000    -5.53652     // SZ 
#EPA 	  -6.01130     // Energy per Atom 
#RCUT 	6.5        // Rcut 
RU      0.00000      0.00000      0.00000      0.00000      0.00000      0.98703
RU      0.25000      0.25000      0.00000     -0.00027     -0.00027      0.98684
RU      0.25000      0.00000      0.14706     -0.00083      0.00000     -0.84959
RU      0.00000      0.25000      0.14706      0.00000     -0.00083     -0.84959
RU      0.00000      0.00000      0.70588      0.00000      0.00000      0.84891
RU      0.25000      0.25000      0.70588      0.00020      0.00020      0.84861
RU      0.25000      0.00000      0.85294     -0.00031      0.00000     -0.98594
RU      0.00000      0.25000      0.85294      0.00000     -0.00031     -0.98594
RU      0.00000      0.50000      0.00000      0.00000      0.00000      0.98706
RU      0.25000      0.75000      0.00000     -0.00027      0.00027      0.98684
RU      0.25000      0.50000      0.14706      0.00018      0.00000     -0.84995
RU      0.00000      0.75000      0.14706      0.00000      0.00083     -0.84959
RU      0.00000      0.50000      0.70588      0.00000      0.00000      0.84915
RU      0.25000      0.75000      0.70588      0.00020     -0.00020      0.84861
RU      0.25000      0.50000      0.85294      0.00066      0.00000     -0.98604
RU      0.00000      0.75000      0.85294      0.00000      0.00031     -0.98594
RU      0.50000      0.00000      0.00000      0.00000      0.00000      0.98706
RU      0.75000      0.25000      0.00000      0.00027     -0.00027      0.98684
RU      0.75000      0.00000      0.14706      0.00083      0.00000     -0.84959
RU      0.50000      0.25000      0.14706      0.00000      0.00018     -0.84995
RU      0.50000      0.00000      0.70588      0.00000      0.00000      0.84915
RU      0.75000      0.25000      0.70588     -0.00020      0.00020      0.84861
RU      0.75000      0.00000      0.85294      0.00031      0.00000     -0.98594
RU      0.50000      0.25000      0.85294      0.00000      0.00066     -0.98604
RU      0.50000      0.50000      0.00000      0.00000      0.00000      0.98673
RU      0.75000      0.75000      0.00000      0.00027      0.00027      0.98684
RU      0.75000      0.50000      0.14706     -0.00018      0.00000     -0.84995
RU      0.50000      0.75000      0.14706      0.00000     -0.00018     -0.84995
RU      0.50000      0.50000      0.70588      0.00000      0.00000      0.84918
RU      0.75000      0.75000      0.70588     -0.00020     -0.00020      0.84861
RU      0.75000      0.50000      0.85294     -0.00066      0.00000     -0.98604
RU      0.50000      0.75000      0.85294      0.00000     -0.00066     -0.98604
