/* Converted from PWscf output file */ 
#L_UNITS ang 
#E_UNITS eV 
#S_UNITS GPA 
#F_UNITS EV/ANG 
#ALAT 	   7.61797     // a0 
#X 	   1.00000     0.00000     0.00000     // X 
#Y 	   0.00000     1.00000     0.00000     // Y 
#Z 	   0.00000     0.00000     1.80000     // Z 
#SX 	  -7.72056     0.00000     0.00000     // SX 
#SY 	   0.00000    -7.72056     0.00000     // SY 
#SZ 	   0.00000     0.00000    -5.23012     // SZ 
#EPA 	  -6.01100     // Energy per Atom 
#RCUT 	6.5        // Rcut 
RU      0.00000      0.00000      0.00000      0.00000      0.00000      0.98663
RU      0.25000      0.25000      0.00000      0.00003      0.00003      0.98674
RU      0.25000      0.00000      0.13889      0.00009      0.00000     -0.85023
RU      0.00000      0.25000      0.13889      0.00000      0.00009     -0.85023
RU      0.00000      0.00000      0.72222      0.00000      0.00000      0.84935
RU      0.25000      0.25000      0.72222     -0.00043     -0.00043      0.84913
RU      0.25000      0.00000      0.86111      0.00031      0.00000     -0.98628
RU      0.00000      0.25000      0.86111     -0.00000      0.00031     -0.98628
RU      0.00000      0.50000      0.00000      0.00000      0.00000      0.98723
RU      0.25000      0.75000      0.00000      0.00003     -0.00003      0.98674
RU      0.25000      0.50000      0.13889      0.00002      0.00000     -0.85072
RU      0.00000      0.75000      0.13889      0.00000     -0.00009     -0.85023
RU      0.00000      0.50000      0.72222      0.00000      0.00000      0.84954
RU      0.25000      0.75000      0.72222     -0.00043      0.00043      0.84913
RU      0.25000      0.50000      0.86111     -0.00012      0.00000     -0.98519
RU      0.00000      0.75000      0.86111      0.00000     -0.00031     -0.98628
RU      0.50000      0.00000      0.00000      0.00000      0.00000      0.98723
RU      0.75000      0.25000      0.00000     -0.00003      0.00003      0.98674
RU      0.75000      0.00000      0.13889     -0.00009      0.00000     -0.85023
RU      0.50000      0.25000      0.13889      0.00000      0.00002     -0.85072
RU      0.50000      0.00000      0.72222      0.00000      0.00000      0.84954
RU      0.75000      0.25000      0.72222      0.00043     -0.00043      0.84913
RU      0.75000      0.00000      0.86111     -0.00031     -0.00000     -0.98628
RU      0.50000      0.25000      0.86111      0.00000     -0.00012     -0.98519
RU      0.50000      0.50000      0.00000      0.00000      0.00000      0.98678
RU      0.75000      0.75000      0.00000     -0.00003     -0.00003      0.98674
RU      0.75000      0.50000      0.13889     -0.00002      0.00000     -0.85072
RU      0.50000      0.75000      0.13889      0.00000     -0.00002     -0.85072
RU      0.50000      0.50000      0.72222      0.00000      0.00000      0.84995
RU      0.75000      0.75000      0.72222      0.00043      0.00043      0.84913
RU      0.75000      0.50000      0.86111      0.00012      0.00000     -0.98519
RU      0.50000      0.75000      0.86111      0.00000      0.00012     -0.98519
