/* Converted from PWscf output file */ 
#L_UNITS ang 
#E_UNITS eV 
#S_UNITS GPA 
#F_UNITS EV/ANG 
#ALAT 	   7.61797     // a0 
#X 	   1.00000     0.00000     0.00000     // X 
#Y 	   0.00000     1.00000     0.00000     // Y 
#Z 	   0.00000     0.00000     1.60000     // Z 
#SX 	  -8.66353     0.00000     0.00000     // SX 
#SY 	   0.00000    -8.66353     0.00000     // SY 
#SZ 	   0.00000     0.00000    -5.90169     // SZ 
#EPA 	  -6.01210     // Energy per Atom 
#RCUT 	6.5        // Rcut 
RU      0.00000      0.00000      0.00000      0.00000      0.00000      0.97997
RU      0.25000      0.25000      0.00000      0.00004      0.00004      0.97937
RU      0.25000      0.00000      0.15625      0.00005      0.00000     -0.85629
RU      0.00000      0.25000      0.15625      0.00000      0.00005     -0.85629
RU      0.00000      0.00000      0.68750      0.00000      0.00000      0.85705
RU      0.25000      0.25000      0.68750      0.00070      0.00070      0.85722
RU      0.25000      0.00000      0.84375     -0.00024      0.00000     -0.97931
RU      0.00000      0.25000      0.84375     -0.00000     -0.00024     -0.97931
RU      0.00000      0.50000      0.00000      0.00000      0.00000      0.97891
RU      0.25000      0.75000      0.00000      0.00004     -0.00004      0.97937
RU      0.25000      0.50000      0.15625     -0.00029      0.00000     -0.85583
RU      0.00000      0.75000      0.15625      0.00000     -0.00005     -0.85629
RU      0.00000      0.50000      0.68750      0.00000      0.00000      0.85627
RU      0.25000      0.75000      0.68750      0.00070     -0.00070      0.85722
RU      0.25000      0.50000      0.84375     -0.00004      0.00000     -0.98082
RU      0.00000      0.75000      0.84375      0.00000      0.00024     -0.97931
RU      0.50000      0.00000      0.00000      0.00000      0.00000      0.97891
RU      0.75000      0.25000      0.00000     -0.00004      0.00004      0.97937
RU      0.75000      0.00000      0.15625     -0.00005      0.00000     -0.85629
RU      0.50000      0.25000      0.15625      0.00000     -0.00029     -0.85583
RU      0.50000      0.00000      0.68750      0.00000      0.00000      0.85627
RU      0.75000      0.25000      0.68750     -0.00070      0.00070      0.85722
RU      0.75000      0.00000      0.84375      0.00024     -0.00000     -0.97931
RU      0.50000      0.25000      0.84375      0.00000     -0.00004     -0.98082
RU      0.50000      0.50000      0.00000      0.00000      0.00000      0.97925
RU      0.75000      0.75000      0.00000     -0.00004     -0.00004      0.97937
RU      0.75000      0.50000      0.15625      0.00029      0.00000     -0.85583
RU      0.50000      0.75000      0.15625      0.00000      0.00029     -0.85583
RU      0.50000      0.50000      0.68750      0.00000      0.00000      0.85603
RU      0.75000      0.75000      0.68750     -0.00070     -0.00070      0.85722
RU      0.75000      0.50000      0.84375      0.00004      0.00000     -0.98082
RU      0.50000      0.75000      0.84375      0.00000      0.00004     -0.98082
