/* Converted from PWscf output file */ 
#L_UNITS ang 
#E_UNITS eV 
#S_UNITS GPA 
#F_UNITS EV/ANG 
#ALAT 	   7.76830     // a0 
#X 	   1.00000     0.00118     0.00118     // X 
#Y 	   0.00118     1.00000     0.00118     // Y 
#Z 	   0.00118     0.00118     1.00000     // Z 
#SX 	   0.17923    -0.00423    -0.00423     // SX 
#SY 	  -0.00423     0.17923    -0.00423     // SY 
#SZ 	  -0.00423    -0.00423     0.17923     // SZ 
#EPA 	  -6.49781     // Energy per Atom 
#RCUT 	6.5        // Rcut 
RU      0.08262      0.08262      0.08262     -0.01071     -0.01071     -0.01071
RU      0.91738      0.91738      0.91738      0.01071      0.01071      0.01071
RU      0.27724      0.27724     -0.02129      0.01287      0.01287     -0.01323
RU      0.27724     -0.02129      0.27724      0.01287     -0.01323      0.01287
RU     -0.02129      0.27724      0.27724     -0.01323      0.01287      0.01287
RU      0.00000      0.00000      0.50000     -0.00000     -0.00000      0.00000
RU      0.24984      0.24984      0.49422      0.00459      0.00459      0.00849
RU      0.25054      0.00000      0.74946      0.00484     -0.00000     -0.00484
RU      0.00000      0.25054      0.74946     -0.00000      0.00484     -0.00484
RU      0.00000      0.50000      0.00000      0.00000     -0.00000     -0.00000
RU      0.25054      0.74946      0.00000      0.00484     -0.00484      0.00000
RU      0.24984      0.49422      0.24984      0.00459      0.00849      0.00459
RU      0.00000      0.74946      0.25054      0.00000     -0.00484      0.00484
RU      0.00000      0.50000      0.50000      0.00000      0.00000     -0.00000
RU      0.25314      0.74686      0.50000      0.00460     -0.00460      0.00000
RU      0.25314      0.50000      0.74686      0.00460     -0.00000     -0.00460
RU      0.02129      0.72276      0.72276      0.01323     -0.01287     -0.01287
RU      0.50000      0.00000      0.00000      0.00000     -0.00000      0.00000
RU      0.74946      0.25054      0.00000     -0.00484      0.00484     -0.00000
RU      0.74946      0.00000      0.25054     -0.00484      0.00000      0.00484
RU      0.49422      0.24984      0.24984      0.00849      0.00459      0.00459
RU      0.50000      0.00000      0.50000      0.00000     -0.00000     -0.00000
RU      0.74686      0.25314      0.50000     -0.00460      0.00460     -0.00000
RU      0.72276      0.02129      0.72276     -0.01287      0.01323     -0.01287
RU      0.50000      0.25314      0.74686     -0.00000      0.00460     -0.00460
RU      0.50000      0.50000      0.00000      0.00000      0.00000      0.00000
RU      0.72276      0.72276      0.02129     -0.01287     -0.01287      0.01323
RU      0.74686      0.50000      0.25314     -0.00460      0.00000      0.00460
RU      0.50000      0.74686      0.25314      0.00000     -0.00460      0.00460
RU      0.50000      0.50000      0.50000      0.00000      0.00000      0.00000
RU      0.75016      0.75016      0.50578     -0.00459     -0.00459     -0.00849
RU      0.75016      0.50578      0.75016     -0.00459     -0.00849     -0.00459
RU      0.50578      0.75016      0.75016     -0.00849     -0.00459     -0.00459
