/* Converted from PWscf output file */ 
#L_UNITS ang 
#E_UNITS eV 
#S_UNITS GPA 
#F_UNITS EV/ANG 
#ALAT 	   7.81837     // a0 
#X 	   1.00000     0.00000     0.00000     // X 
#Y 	   0.00000     0.99750     0.00000     // Y 
#Z 	   0.00000     0.00000     1.00000     // Z 
#SX 	  -6.42174     0.00000     0.00000     // SX 
#SY 	   0.00000    -4.80282     0.00000     // SY 
#SZ 	   0.00000     0.00000    -6.42174     // SZ 
#EPA 	  -6.54627     // Energy per Atom 
#RCUT 	6.5        // Rcut 
RU      0.00000     -0.01101     -0.03313      0.00000      0.05037     -0.30081
RU      0.25131      0.25000     -0.00131     -0.03984      0.00000      0.03984
RU      0.28313     -0.01101      0.25000      0.30081      0.05037     -0.00000
RU      0.00000      0.10811      0.25000     -0.00000     -0.52158      0.00000
RU      0.00000      0.39189      0.25000      0.00000      0.52158      0.00000
RU      0.00000     -0.01101      0.53313     -0.00000      0.05037      0.30081
RU      0.25131      0.25000      0.50131     -0.03984     -0.00000     -0.03984
RU      0.24897      0.00052      0.75000     -0.03117      0.14543     -0.00000
RU      0.00000      0.25000      0.75000      0.00000      0.00000      0.00000
RU      0.00000      0.51101     -0.03313     -0.00000     -0.05037     -0.30081
RU      0.25176      0.75000     -0.00176      0.07850      0.00000     -0.07850
RU      0.28313      0.51101      0.25000      0.30081     -0.05037      0.00000
RU      0.00000      0.75000      0.25000      0.00000      0.00000      0.00000
RU      0.00000      0.51101      0.53313      0.00000     -0.05037      0.30081
RU      0.25176      0.75000      0.50176      0.07850      0.00000      0.07850
RU      0.24897      0.49948      0.75000     -0.03117     -0.14543     -0.00000
RU      0.00000      0.75000      0.75000      0.00000      0.00000      0.00000
RU      0.50000      0.00052      0.00103      0.00000      0.14543      0.03117
RU      0.74869      0.25000     -0.00131      0.03984      0.00000      0.03984
RU      0.71687     -0.01101      0.25000     -0.30081      0.05037      0.00000
RU      0.50000      0.25000      0.25000      0.00000      0.00000      0.00000
RU      0.50000      0.00052      0.49897     -0.00000      0.14543     -0.03117
RU      0.74869      0.25000      0.50131      0.03984      0.00000     -0.03984
RU      0.75103      0.00052      0.75000      0.03117      0.14543      0.00000
RU      0.50000      0.25000      0.75000      0.00000      0.00000      0.00000
RU      0.50000      0.49948      0.00103      0.00000     -0.14543      0.03117
RU      0.74824      0.75000     -0.00176     -0.07850      0.00000     -0.07850
RU      0.71687      0.51101      0.25000     -0.30081     -0.05037      0.00000
RU      0.50000      0.75000      0.25000      0.00000      0.00000      0.00000
RU      0.50000      0.49948      0.49897     -0.00000     -0.14543     -0.03117
RU      0.74824      0.75000      0.50176     -0.07850     -0.00000      0.07850
RU      0.75103      0.49948      0.75000      0.03117     -0.14543      0.00000
RU      0.50000      0.75000      0.75000      0.00000      0.00000      0.00000
