/* Converted from PWscf output file */ 
#L_UNITS ang 
#E_UNITS eV 
#S_UNITS GPA 
#F_UNITS EV/ANG 
#ALAT 	   7.61797     // a0 
#X 	   1.00000     0.00000     0.00000     // X 
#Y 	   0.00000     1.00000     0.00000     // Y 
#Z 	   0.00000     0.00000     1.00000     // Z 
#SX 	  72.22965   -21.69894   -21.69894     // SX 
#SY 	 -21.69894    72.22965   -21.69894     // SY 
#SZ 	 -21.69894   -21.69894    72.22965     // SZ 
#EPA 	  -4.53053     // Energy per Atom 
#RCUT 	6.5        // Rcut 
RU      0.12500      0.12500      0.12500    -30.67766    -30.67766    -30.67766
RU      0.87500      0.87500      0.87500     30.67766     30.67766     30.67766
RU      0.25000      0.25000      0.00000     30.78147     30.78147    -31.62659
RU      0.25000      0.00000      0.25000     30.78147    -31.62659     30.78147
RU      0.00000      0.25000      0.25000    -31.62659     30.78147     30.78147
RU      0.00000      0.00000      0.50000     -0.00000     -0.00000      0.00000
RU      0.25000      0.25000      0.50000      0.27632      0.27632      0.59303
RU      0.25000      0.00000      0.75000      0.46519      0.00000     -0.46519
RU      0.00000      0.25000      0.75000      0.00000      0.46519     -0.46519
RU      0.00000      0.50000      0.00000     -0.00000      0.00000      0.00000
RU      0.25000      0.75000      0.00000      0.46519     -0.46519     -0.00000
RU      0.25000      0.50000      0.25000      0.27632      0.59303      0.27632
RU      0.00000      0.75000      0.25000      0.00000     -0.46519      0.46519
RU      0.00000      0.50000      0.50000     -0.00000     -0.00000      0.00000
RU      0.25000      0.75000      0.50000      0.54539     -0.54539      0.00000
RU      0.25000      0.50000      0.75000      0.54539      0.00000     -0.54539
RU      0.00000      0.75000      0.75000     31.62659    -30.78147    -30.78147
RU      0.50000      0.00000      0.00000      0.00000     -0.00000      0.00000
RU      0.75000      0.25000      0.00000     -0.46519      0.46519      0.00000
RU      0.75000      0.00000      0.25000     -0.46519     -0.00000      0.46519
RU      0.50000      0.25000      0.25000      0.59303      0.27632      0.27632
RU      0.50000      0.00000      0.50000      0.00000      0.00000     -0.00000
RU      0.75000      0.25000      0.50000     -0.54539      0.54539      0.00000
RU      0.75000      0.00000      0.75000    -30.78147     31.62659    -30.78147
RU      0.50000      0.25000      0.75000     -0.00000      0.54539     -0.54539
RU      0.50000      0.50000      0.00000      0.00000      0.00000      0.00000
RU      0.75000      0.75000      0.00000    -30.78147    -30.78147     31.62659
RU      0.75000      0.50000      0.25000     -0.54539     -0.00000      0.54539
RU      0.50000      0.75000      0.25000     -0.00000     -0.54539      0.54539
RU      0.50000      0.50000      0.50000      0.00000      0.00000      0.00000
RU      0.75000      0.75000      0.50000     -0.27632     -0.27632     -0.59303
RU      0.75000      0.50000      0.75000     -0.27632     -0.59303     -0.27632
RU      0.50000      0.75000      0.75000     -0.59303     -0.27632     -0.27632
