/* Converted from PWscf output file */ 
#L_UNITS ang 
#E_UNITS eV 
#S_UNITS GPA 
#F_UNITS EV/ANG 
#ALAT 	   7.74796     // a0 
#X 	   1.00000     0.00000     0.00000     // X 
#Y 	   0.00000     1.00362     0.00000     // Y 
#Z 	   0.00000     0.00000     1.00000     // Z 
#SX 	   0.03471     0.00000     0.00000     // SX 
#SY 	   0.00000    -0.17602     0.00000     // SY 
#SZ 	   0.00000     0.00000     0.03471     // SZ 
#EPA 	  -6.55348     // Energy per Atom 
#RCUT 	6.5        // Rcut 
RU      0.00000     -0.01000     -0.03307      0.00000     -0.01001     -0.02241
RU      0.24956      0.25000      0.00044     -0.06605      0.00000      0.06605
RU      0.28307     -0.01000      0.25000      0.02241     -0.01001      0.00000
RU      0.00000      0.10611      0.25000      0.00000      0.11098     -0.00000
RU      0.00000      0.39389      0.25000      0.00000     -0.11098     -0.00000
RU      0.00000     -0.01000      0.53307      0.00000     -0.01001      0.02241
RU      0.24956      0.25000      0.49956     -0.06605      0.00000     -0.06605
RU      0.25031      0.00184      0.75000      0.02358      0.01092     -0.00000
RU      0.00000      0.25000      0.75000      0.00000      0.00000      0.00000
RU      0.00000      0.51000     -0.03307      0.00000      0.01001     -0.02241
RU      0.25249      0.75000     -0.00249      0.01889      0.00000     -0.01889
RU      0.28307      0.51000      0.25000      0.02241      0.01001     -0.00000
RU      0.00000      0.75000      0.25000      0.00000      0.00000      0.00000
RU      0.00000      0.51000      0.53307      0.00000      0.01001      0.02241
RU      0.25249      0.75000      0.50249      0.01889      0.00000      0.01889
RU      0.25031      0.49816      0.75000      0.02358     -0.01092     -0.00000
RU      0.00000      0.75000      0.75000      0.00000      0.00000      0.00000
RU      0.50000      0.00184     -0.00031     -0.00000      0.01092     -0.02358
RU      0.75044      0.25000      0.00044      0.06605      0.00000      0.06605
RU      0.71693     -0.01000      0.25000     -0.02241     -0.01001     -0.00000
RU      0.50000      0.25000      0.25000      0.00000      0.00000      0.00000
RU      0.50000      0.00184      0.50031      0.00000      0.01092      0.02358
RU      0.75044      0.25000      0.49956      0.06605      0.00000     -0.06605
RU      0.74969      0.00184      0.75000     -0.02358      0.01092     -0.00000
RU      0.50000      0.25000      0.75000      0.00000      0.00000      0.00000
RU      0.50000      0.49816     -0.00031      0.00000     -0.01092     -0.02358
RU      0.74751      0.75000     -0.00249     -0.01889      0.00000     -0.01889
RU      0.71693      0.51000      0.25000     -0.02241      0.01001      0.00000
RU      0.50000      0.75000      0.25000      0.00000      0.00000      0.00000
RU      0.50000      0.49816      0.50031     -0.00000     -0.01092      0.02358
RU      0.74751      0.75000      0.50249     -0.01889      0.00000      0.01889
RU      0.74969      0.49816      0.75000     -0.02358     -0.01092     -0.00000
RU      0.50000      0.75000      0.75000      0.00000      0.00000      0.00000
