/* Converted from PWscf output file */ 
#L_UNITS ang 
#E_UNITS eV 
#S_UNITS GPA 
#F_UNITS EV/ANG 
#ALAT 	   7.76845     // a0 
#X 	   1.00000     0.00120     0.00120     // X 
#Y 	   0.00120     1.00000     0.00120     // Y 
#Z 	   0.00120     0.00120     1.00000     // Z 
#SX 	  -0.00219    -0.00277    -0.00277     // SX 
#SY 	  -0.00277    -0.00219    -0.00277     // SY 
#SZ 	  -0.00277    -0.00277    -0.00219     // SZ 
#EPA 	  -6.49377     // Energy per Atom 
#RCUT 	6.5        // Rcut 
RU      0.08262      0.08262      0.08262     -0.03153     -0.03153     -0.03153
RU      0.91738      0.91738      0.91738      0.03153      0.03153      0.03153
RU      0.27724      0.27724     -0.02129     -0.00010     -0.00010     -0.02426
RU      0.27724     -0.02129      0.27724     -0.00010     -0.02426     -0.00010
RU     -0.02129      0.27724      0.27724     -0.02426     -0.00010     -0.00010
RU      0.00000      0.00000      0.50000     -0.00000     -0.00000      0.00000
RU      0.24984      0.24984      0.49422      0.01010      0.01010      0.00742
RU      0.25054      0.00000      0.74946     -0.00048      0.00000      0.00048
RU      0.00000      0.25054      0.74946      0.00000     -0.00048      0.00048
RU      0.00000      0.50000      0.00000      0.00000      0.00000      0.00000
RU      0.25054      0.74946      0.00000     -0.00048      0.00048     -0.00000
RU      0.24984      0.49422      0.24984      0.01010      0.00742      0.01010
RU      0.00000      0.74946      0.25054     -0.00000      0.00048     -0.00048
RU      0.00000      0.50000      0.50000      0.00000     -0.00000     -0.00000
RU      0.25314      0.74686      0.50000      0.00831     -0.00831      0.00000
RU      0.25314      0.50000      0.74686      0.00831     -0.00000     -0.00831
RU      0.02129      0.72276      0.72276      0.02426      0.00010      0.00010
RU      0.50000      0.00000      0.00000      0.00000     -0.00000     -0.00000
RU      0.74946      0.25054      0.00000      0.00048     -0.00048      0.00000
RU      0.74946      0.00000      0.25054      0.00048     -0.00000     -0.00048
RU      0.49422      0.24984      0.24984      0.00742      0.01010      0.01010
RU      0.50000      0.00000      0.50000     -0.00000      0.00000      0.00000
RU      0.74686      0.25314      0.50000     -0.00831      0.00831     -0.00000
RU      0.72276      0.02129      0.72276      0.00010      0.02426      0.00010
RU      0.50000      0.25314      0.74686     -0.00000      0.00831     -0.00831
RU      0.50000      0.50000      0.00000      0.00000     -0.00000     -0.00000
RU      0.72276      0.72276      0.02129      0.00010      0.00010      0.02426
RU      0.74686      0.50000      0.25314     -0.00831      0.00000      0.00831
RU      0.50000      0.74686      0.25314      0.00000     -0.00831      0.00831
RU      0.50000      0.50000      0.50000      0.00000      0.00000      0.00000
RU      0.75016      0.75016      0.50578     -0.01010     -0.01010     -0.00742
RU      0.75016      0.50578      0.75016     -0.01010     -0.00742     -0.01010
RU      0.50578      0.75016      0.75016     -0.00742     -0.01010     -0.01010
