/* Converted from PWscf output file */ 
#L_UNITS ang 
#E_UNITS eV 
#S_UNITS GPA 
#F_UNITS EV/ANG 
#ALAT 	   7.61797     // a0 
#X 	   1.00000     0.00000     0.00000     // X 
#Y 	   0.00000     1.00000     0.00000     // Y 
#Z 	   0.00000     0.00000     1.00000     // Z 
#SX 	  31.12315     0.00000     0.00000     // SX 
#SY 	   0.00000   281.48331   261.12198     // SY 
#SZ 	   0.00000   261.12198   281.48331     // SZ 
#EPA 	   2.00140     // Energy per Atom 
#RCUT 	6.5        // Rcut 
RU      0.00000      0.00000      0.00000      0.00000    486.35505    486.35505
RU      0.25000      0.25000      0.00000      4.93300      3.05227     -1.32909
RU      0.25000      0.00000      0.25000      4.93300     -1.32909      3.05227
RU      0.00000      0.10000      0.10000      0.00000    485.61065    485.61065
RU      0.00000      0.40000      0.40000      0.00000    485.61065    485.61065
RU      0.00000      0.00000      0.50000      0.00000      0.06589     -0.06589
RU      0.25000      0.25000      0.50000      4.93300     -3.05227      1.32909
RU      0.25000      0.00000      0.75000      0.86609     -0.14763     -0.79635
RU      0.00000      0.25000      0.75000      0.00000      0.00000      0.00000
RU      0.00000      0.50000      0.00000      0.00000     -0.06589      0.06589
RU      0.25000      0.75000      0.00000      0.86609     -0.79635     -0.14763
RU      0.25000      0.50000      0.25000      4.93300      1.32909     -3.05227
RU      0.00000      0.75000      0.25000      0.00000      0.00000      0.00000
RU      0.00000      0.50000      0.50000     -0.00000    486.35505    486.35505
RU      0.25000      0.75000      0.50000      0.86609      0.79635      0.14763
RU      0.25000      0.50000      0.75000      0.86609      0.14763      0.79635
RU      0.00000      0.75000      0.75000      0.00000      0.00000      0.00000
RU      0.50000      0.00000      0.00000      0.00000      0.01693      0.01693
RU      0.75000      0.25000      0.00000     -4.93300      3.05227     -1.32909
RU      0.75000      0.00000      0.25000     -4.93300     -1.32909      3.05227
RU      0.50000      0.25000      0.25000      0.00000      0.00000      0.00000
RU      0.50000      0.00000      0.50000      0.00000     -0.17548      0.17548
RU      0.75000      0.25000      0.50000     -4.93300     -3.05227      1.32909
RU      0.75000      0.00000      0.75000     -0.86609     -0.14763     -0.79635
RU      0.50000      0.25000      0.75000      0.00000      0.00000      0.00000
RU      0.50000      0.50000      0.00000      0.00000      0.17548     -0.17548
RU      0.75000      0.75000      0.00000     -0.86609     -0.79635     -0.14763
RU      0.75000      0.50000      0.25000     -4.93300      1.32909     -3.05227
RU      0.50000      0.75000      0.25000      0.00000      0.00000      0.00000
RU      0.50000      0.50000      0.50000      0.00000     -0.01693     -0.01693
RU      0.75000      0.75000      0.50000     -0.86609      0.79635      0.14763
RU      0.75000      0.50000      0.75000     -0.86609      0.14763      0.79635
RU      0.50000      0.75000      0.75000      0.00000      0.00000      0.00000
