/* Converted from PWscf output file */ 
#L_UNITS ang 
#E_UNITS eV 
#S_UNITS GPA 
#F_UNITS EV/ANG 
#ALAT 	   7.96649     // a0 
#X 	   1.00000     0.00000     0.00000     // X 
#Y 	   0.00000     0.98639     0.00000     // Y 
#Z 	   0.00000     0.00000     1.00000     // Z 
#SX 	 -18.64586     0.00000     0.00000     // SX 
#SY 	   0.00000    -8.86070     0.00000     // SY 
#SZ 	   0.00000     0.00000   -18.64586     // SZ 
#EPA 	  -6.44167     // Energy per Atom 
#RCUT 	6.5        // Rcut 
RU      0.00000     -0.01080     -0.03102      0.00000     -0.38260     -0.98883
RU      0.25142      0.25000     -0.00142      0.23442     -0.00000     -0.23442
RU      0.28102     -0.01080      0.25000      0.98883     -0.38260      0.00000
RU      0.00000      0.10831      0.25000      0.00000    -11.01039      0.00000
RU      0.00000      0.39169      0.25000      0.00000     11.01039      0.00000
RU      0.00000     -0.01080      0.53102      0.00000     -0.38260      0.98883
RU      0.25142      0.25000      0.50142      0.23442      0.00000      0.23442
RU      0.24908      0.00005      0.75000     -0.32950      0.12651      0.00000
RU      0.00000      0.25000      0.75000      0.00000      0.00000      0.00000
RU      0.00000      0.51080     -0.03102     -0.00000      0.38260     -0.98883
RU      0.25145      0.75000     -0.00145      0.03085      0.00000     -0.03085
RU      0.28102      0.51080      0.25000      0.98883      0.38260      0.00000
RU      0.00000      0.75000      0.25000      0.00000      0.00000      0.00000
RU      0.00000      0.51080      0.53102      0.00000      0.38260      0.98883
RU      0.25145      0.75000      0.50145      0.03085      0.00000      0.03085
RU      0.24908      0.49995      0.75000     -0.32950     -0.12651      0.00000
RU      0.00000      0.75000      0.75000      0.00000      0.00000      0.00000
RU      0.50000      0.00005      0.00092      0.00000      0.12651      0.32950
RU      0.74858      0.25000     -0.00142     -0.23442     -0.00000     -0.23442
RU      0.71898     -0.01080      0.25000     -0.98883     -0.38260      0.00000
RU      0.50000      0.25000      0.25000      0.00000      0.00000      0.00000
RU      0.50000      0.00005      0.49908      0.00000      0.12651     -0.32950
RU      0.74858      0.25000      0.50142     -0.23442      0.00000      0.23442
RU      0.75092      0.00005      0.75000      0.32950      0.12651      0.00000
RU      0.50000      0.25000      0.75000      0.00000      0.00000      0.00000
RU      0.50000      0.49995      0.00092      0.00000     -0.12651      0.32950
RU      0.74855      0.75000     -0.00145     -0.03085      0.00000     -0.03085
RU      0.71898      0.51080      0.25000     -0.98883      0.38260      0.00000
RU      0.50000      0.75000      0.25000      0.00000      0.00000      0.00000
RU      0.50000      0.49995      0.49908      0.00000     -0.12651     -0.32950
RU      0.74855      0.75000      0.50145     -0.03085      0.00000      0.03085
RU      0.75092      0.49995      0.75000      0.32950     -0.12651      0.00000
RU      0.50000      0.75000      0.75000      0.00000      0.00000      0.00000
