/* Converted from PWscf output file */ 
#L_UNITS ang 
#E_UNITS eV 
#S_UNITS GPA 
#F_UNITS EV/ANG 
#ALAT 	   7.74488     // a0 
#X 	   1.00000     0.00000     0.00000     // X 
#Y 	   0.00000     1.00381     0.02299     // Y 
#Z 	   0.00000     0.02299     1.00381     // Z 
#SX 	  -0.04958     0.00000     0.00000     // SX 
#SY 	   0.00000     0.01925     0.09377     // SY 
#SZ 	   0.00000     0.09377     0.01925     // SZ 
#EPA 	  -6.49942     // Energy per Atom 
#RCUT 	6.5        // Rcut 
RU      0.00000     -0.04212     -0.04212      0.00000      0.01939      0.01939
RU      0.27034      0.25482     -0.00833     -0.01163     -0.03458      0.00447
RU      0.27034     -0.00833      0.25482     -0.01163      0.00447     -0.03458
RU      0.00000      0.15484      0.15484      0.00000      0.00730      0.00730
RU      0.00000      0.34516      0.34516      0.00000     -0.00730     -0.00730
RU      0.00000      0.01395      0.48605     -0.00000     -0.01927      0.01927
RU      0.27034      0.24518      0.50833     -0.01163      0.03458     -0.00447
RU      0.25291      0.00069      0.74633     -0.02586     -0.01890      0.00046
RU      0.00000      0.25000      0.75000      0.00000      0.00000      0.00000
RU      0.00000      0.48605      0.01395     -0.00000      0.01927     -0.01927
RU      0.25291      0.74633      0.00069     -0.02586      0.00046     -0.01890
RU      0.27034      0.50833      0.24518     -0.01163     -0.00447      0.03458
RU      0.00000      0.75000      0.25000      0.00000      0.00000      0.00000
RU      0.00000      0.54212      0.54212      0.00000     -0.01939     -0.01939
RU      0.25291      0.75367      0.49931     -0.02586     -0.00046      0.01890
RU      0.25291      0.49931      0.75367     -0.02586      0.01890     -0.00046
RU      0.00000      0.75000      0.75000      0.00000      0.00000      0.00000
RU      0.50000     -0.00412     -0.00412      0.00000     -0.00626     -0.00626
RU      0.72966      0.25482     -0.00833      0.01163     -0.03458      0.00447
RU      0.72966     -0.00833      0.25482      0.01163      0.00447     -0.03458
RU      0.50000      0.25000      0.25000      0.00000      0.00000      0.00000
RU      0.50000      0.00256      0.49744      0.00000     -0.02234      0.02234
RU      0.72966      0.24518      0.50833      0.01163      0.03458     -0.00447
RU      0.74709      0.00069      0.74633      0.02586     -0.01890      0.00046
RU      0.50000      0.25000      0.75000      0.00000      0.00000      0.00000
RU      0.50000      0.49744      0.00256      0.00000      0.02234     -0.02234
RU      0.74709      0.74633      0.00069      0.02586      0.00046     -0.01890
RU      0.72966      0.50833      0.24518      0.01163     -0.00447      0.03458
RU      0.50000      0.75000      0.25000      0.00000      0.00000      0.00000
RU      0.50000      0.50412      0.50412      0.00000      0.00626      0.00626
RU      0.74709      0.75367      0.49931      0.02586     -0.00046      0.01890
RU      0.74709      0.49931      0.75367      0.02586      0.01890     -0.00046
RU      0.50000      0.75000      0.75000      0.00000      0.00000      0.00000
