/* Converted from PWscf output file */ 
#L_UNITS ang 
#E_UNITS eV 
#S_UNITS GPA 
#F_UNITS EV/ANG 
#ALAT 	   7.76889     // a0 
#X 	   1.00000     0.00177     0.00177     // X 
#Y 	   0.00177     1.00000     0.00177     // Y 
#Z 	   0.00177     0.00177     1.00000     // Z 
#SX 	  -0.06125    -0.09684    -0.09684     // SX 
#SY 	  -0.09684    -0.06125    -0.09684     // SY 
#SZ 	  -0.09684    -0.09684    -0.06125     // SZ 
#EPA 	  -6.49325     // Energy per Atom 
#RCUT 	6.5        // Rcut 
RU      0.08215      0.08215      0.08215     -0.03156     -0.03156     -0.03156
RU      0.91785      0.91785      0.91785      0.03156      0.03156      0.03156
RU      0.27734      0.27734     -0.02027      0.11112      0.11112     -0.05448
RU      0.27734     -0.02027      0.27734      0.11112     -0.05448      0.11112
RU     -0.02027      0.27734      0.27734     -0.05448      0.11112      0.11112
RU      0.00000      0.00000      0.50000      0.00000     -0.00000      0.00000
RU      0.24988      0.24988      0.49646     -0.02383     -0.02383     -0.14477
RU      0.25166      0.00000      0.74834     -0.04360      0.00000      0.04360
RU      0.00000      0.25166      0.74834      0.00000     -0.04360      0.04360
RU      0.00000      0.50000      0.00000      0.00000     -0.00000     -0.00000
RU      0.25166      0.74834      0.00000     -0.04360      0.04360      0.00000
RU      0.24988      0.49646      0.24988     -0.02383     -0.14477     -0.02383
RU      0.00000      0.74834      0.25166     -0.00000      0.04360     -0.04360
RU      0.00000      0.50000      0.50000      0.00000     -0.00000     -0.00000
RU      0.25287      0.74713      0.50000      0.00735     -0.00735     -0.00000
RU      0.25287      0.50000      0.74713      0.00735     -0.00000     -0.00735
RU      0.02027      0.72266      0.72266      0.05448     -0.11112     -0.11112
RU      0.50000      0.00000      0.00000      0.00000     -0.00000     -0.00000
RU      0.74834      0.25166      0.00000      0.04360     -0.04360     -0.00000
RU      0.74834      0.00000      0.25166      0.04360     -0.00000     -0.04360
RU      0.49646      0.24988      0.24988     -0.14477     -0.02383     -0.02383
RU      0.50000      0.00000      0.50000      0.00000      0.00000     -0.00000
RU      0.74713      0.25287      0.50000     -0.00735      0.00735      0.00000
RU      0.72266      0.02027      0.72266     -0.11112      0.05448     -0.11112
RU      0.50000      0.25287      0.74713     -0.00000      0.00735     -0.00735
RU      0.50000      0.50000      0.00000     -0.00000      0.00000     -0.00000
RU      0.72266      0.72266      0.02027     -0.11112     -0.11112      0.05448
RU      0.74713      0.50000      0.25287     -0.00735      0.00000      0.00735
RU      0.50000      0.74713      0.25287     -0.00000     -0.00735      0.00735
RU      0.50000      0.50000      0.50000      0.00000     -0.00000      0.00000
RU      0.75012      0.75012      0.50354      0.02383      0.02383      0.14477
RU      0.75012      0.50354      0.75012      0.02383      0.14477      0.02383
RU      0.50354      0.75012      0.75012      0.14477      0.02383      0.02383
