/* Converted from PWscf output file */ 
#L_UNITS ang 
#E_UNITS eV 
#S_UNITS GPA 
#F_UNITS EV/ANG 
#ALAT 	   7.76929     // a0 
#X 	   1.00000     0.00156     0.00156     // X 
#Y 	   0.00156     1.00000     0.00156     // Y 
#Z 	   0.00156     0.00156     1.00000     // Z 
#SX 	  -0.04711    -0.12761    -0.12761     // SX 
#SY 	  -0.12761    -0.04711    -0.12761     // SY 
#SZ 	  -0.12761    -0.12761    -0.04711     // SZ 
#EPA 	  -6.49290     // Energy per Atom 
#RCUT 	6.5        // Rcut 
RU      0.08238      0.08238      0.08238     -0.23458     -0.23458     -0.23458
RU      0.91762      0.91762      0.91762      0.23458      0.23458      0.23458
RU      0.27681      0.27681     -0.02033      0.20312      0.20312     -0.09061
RU      0.27681     -0.02033      0.27681      0.20312     -0.09061      0.20312
RU     -0.02033      0.27681      0.27681     -0.09061      0.20312      0.20312
RU      0.00000      0.00000      0.50000     -0.00000     -0.00000      0.00000
RU      0.25006      0.25006      0.49751     -0.02968     -0.02968     -0.16632
RU      0.25192      0.00000      0.74808     -0.03435      0.00000      0.03435
RU      0.00000      0.25192      0.74808      0.00000     -0.03435      0.03435
RU      0.00000      0.50000      0.00000     -0.00000     -0.00000      0.00000
RU      0.25192      0.74808      0.00000     -0.03435      0.03435      0.00000
RU      0.25006      0.49751      0.25006     -0.02968     -0.16632     -0.02968
RU      0.00000      0.74808      0.25192     -0.00000      0.03435     -0.03435
RU      0.00000      0.50000      0.50000     -0.00000      0.00000     -0.00000
RU      0.25277      0.74723      0.50000      0.01661     -0.01661      0.00000
RU      0.25277      0.50000      0.74723      0.01661     -0.00000     -0.01661
RU      0.02033      0.72319      0.72319      0.09061     -0.20312     -0.20312
RU      0.50000      0.00000      0.00000      0.00000     -0.00000     -0.00000
RU      0.74808      0.25192      0.00000      0.03435     -0.03435     -0.00000
RU      0.74808      0.00000      0.25192      0.03435     -0.00000     -0.03435
RU      0.49751      0.25006      0.25006     -0.16632     -0.02968     -0.02968
RU      0.50000      0.00000      0.50000     -0.00000      0.00000     -0.00000
RU      0.74723      0.25277      0.50000     -0.01661      0.01661      0.00000
RU      0.72319      0.02033      0.72319     -0.20312      0.09061     -0.20312
RU      0.50000      0.25277      0.74723     -0.00000      0.01661     -0.01661
RU      0.50000      0.50000      0.00000     -0.00000      0.00000      0.00000
RU      0.72319      0.72319      0.02033     -0.20312     -0.20312      0.09061
RU      0.74723      0.50000      0.25277     -0.01661      0.00000      0.01661
RU      0.50000      0.74723      0.25277      0.00000     -0.01661      0.01661
RU      0.50000      0.50000      0.50000     -0.00000      0.00000     -0.00000
RU      0.74994      0.74994      0.50249      0.02968      0.02968      0.16632
RU      0.74994      0.50249      0.74994      0.02968      0.16632      0.02968
RU      0.50249      0.74994      0.74994      0.16632      0.02968      0.02968
