/* Converted from PWscf output file */ 
#L_UNITS ang 
#E_UNITS eV 
#S_UNITS GPA 
#F_UNITS EV/ANG 
#ALAT 	   7.72949     // a0 
#X 	   1.00000     0.00000     0.00000     // X 
#Y 	   0.00000     1.00014     0.00000     // Y 
#Z 	   0.00000     0.00000     1.00000     // Z 
#SX 	   3.00043     0.00000     0.00000     // SX 
#SY 	   0.00000     4.06153     0.00000     // SY 
#SZ 	   0.00000     0.00000     3.00043     // SZ 
#EPA 	  -6.55086     // Energy per Atom 
#RCUT 	6.5        // Rcut 
RU      0.00000     -0.01063     -0.03253     -0.00000      0.15887      0.19056
RU      0.25105      0.25000     -0.00105     -0.13621      0.00000      0.13621
RU      0.28253     -0.01063      0.25000     -0.19056      0.15887      0.00000
RU      0.00000      0.10702      0.25000      0.00000     -0.65281      0.00000
RU      0.00000      0.39298      0.25000      0.00000      0.65281      0.00000
RU      0.00000     -0.01063      0.53253     -0.00000      0.15887     -0.19056
RU      0.25105      0.25000      0.50105     -0.13621     -0.00000     -0.13621
RU      0.24929      0.00075      0.75000      0.17050      0.12427     -0.00000
RU      0.00000      0.25000      0.75000      0.00000      0.00000      0.00000
RU      0.00000      0.51063     -0.03253     -0.00000     -0.15887      0.19056
RU      0.25183      0.75000     -0.00183      0.04486      0.00000     -0.04486
RU      0.28253      0.51063      0.25000     -0.19056     -0.15887      0.00000
RU      0.00000      0.75000      0.25000      0.00000      0.00000      0.00000
RU      0.00000      0.51063      0.53253      0.00000     -0.15887     -0.19056
RU      0.25183      0.75000      0.50183      0.04486      0.00000      0.04486
RU      0.24929      0.49925      0.75000      0.17050     -0.12427      0.00000
RU      0.00000      0.75000      0.75000      0.00000      0.00000      0.00000
RU      0.50000      0.00075      0.00071      0.00000      0.12427     -0.17050
RU      0.74895      0.25000     -0.00105      0.13621      0.00000      0.13621
RU      0.71747     -0.01063      0.25000      0.19056      0.15887     -0.00000
RU      0.50000      0.25000      0.25000      0.00000      0.00000      0.00000
RU      0.50000      0.00075      0.49929      0.00000      0.12427      0.17050
RU      0.74895      0.25000      0.50105      0.13621     -0.00000     -0.13621
RU      0.75071      0.00075      0.75000     -0.17050      0.12427      0.00000
RU      0.50000      0.25000      0.75000      0.00000      0.00000      0.00000
RU      0.50000      0.49925      0.00071      0.00000     -0.12427     -0.17050
RU      0.74817      0.75000     -0.00183     -0.04486      0.00000     -0.04486
RU      0.71747      0.51063      0.25000      0.19056     -0.15887      0.00000
RU      0.50000      0.75000      0.25000      0.00000      0.00000      0.00000
RU      0.50000      0.49925      0.49929     -0.00000     -0.12427      0.17050
RU      0.74817      0.75000      0.50183     -0.04486      0.00000      0.04486
RU      0.75071      0.49925      0.75000     -0.17050     -0.12427     -0.00000
RU      0.50000      0.75000      0.75000      0.00000      0.00000      0.00000
