/* Converted from PWscf output file */ 
#L_UNITS ang 
#E_UNITS eV 
#S_UNITS GPA 
#F_UNITS EV/ANG 
#ALAT 	   7.74874     // a0 
#X 	   1.00000     0.00000     0.00000     // X 
#Y 	   0.00000     1.00298     0.00000     // Y 
#Z 	   0.00000     0.00000     1.00000     // Z 
#SX 	  -0.01094     0.00000     0.00000     // SX 
#SY 	   0.00000     0.01838     0.00000     // SY 
#SZ 	   0.00000     0.00000    -0.01094     // SZ 
#EPA 	  -6.55358     // Energy per Atom 
#RCUT 	6.5        // Rcut 
RU      0.00000     -0.01018     -0.03305     -0.00000      0.00289      0.00045
RU      0.24882      0.25000      0.00118     -0.00040      0.00000      0.00040
RU      0.28305     -0.01018      0.25000     -0.00045      0.00289      0.00000
RU      0.00000      0.10629      0.25000      0.00000     -0.00995     -0.00000
RU      0.00000      0.39371      0.25000      0.00000      0.00995     -0.00000
RU      0.00000     -0.01018      0.53305     -0.00000      0.00289     -0.00045
RU      0.24882      0.25000      0.49882     -0.00040      0.00000     -0.00040
RU      0.25032      0.00173      0.75000     -0.00297     -0.00100      0.00000
RU      0.00000      0.25000      0.75000      0.00000      0.00000      0.00000
RU      0.00000      0.51018     -0.03305     -0.00000     -0.00289      0.00045
RU      0.25265      0.75000     -0.00265      0.00163     -0.00000     -0.00163
RU      0.28305      0.51018      0.25000     -0.00045     -0.00289      0.00000
RU      0.00000      0.75000      0.25000      0.00000      0.00000      0.00000
RU      0.00000      0.51018      0.53305      0.00000     -0.00289     -0.00045
RU      0.25265      0.75000      0.50265      0.00163      0.00000      0.00163
RU      0.25032      0.49827      0.75000     -0.00297      0.00100      0.00000
RU      0.00000      0.75000      0.75000      0.00000      0.00000      0.00000
RU      0.50000      0.00173     -0.00032      0.00000     -0.00100      0.00297
RU      0.75118      0.25000      0.00118      0.00040      0.00000      0.00040
RU      0.71695     -0.01018      0.25000      0.00045      0.00289      0.00000
RU      0.50000      0.25000      0.25000      0.00000      0.00000      0.00000
RU      0.50000      0.00173      0.50032      0.00000     -0.00100     -0.00297
RU      0.75118      0.25000      0.49882      0.00040      0.00000     -0.00040
RU      0.74968      0.00173      0.75000      0.00297     -0.00100      0.00000
RU      0.50000      0.25000      0.75000      0.00000      0.00000      0.00000
RU      0.50000      0.49827     -0.00032      0.00000      0.00100      0.00297
RU      0.74735      0.75000     -0.00265     -0.00163      0.00000     -0.00163
RU      0.71695      0.51018      0.25000      0.00045     -0.00289      0.00000
RU      0.50000      0.75000      0.25000      0.00000      0.00000      0.00000
RU      0.50000      0.49827      0.50032      0.00000      0.00100     -0.00297
RU      0.74735      0.75000      0.50265     -0.00163     -0.00000      0.00163
RU      0.74968      0.49827      0.75000      0.00297      0.00100      0.00000
RU      0.50000      0.75000      0.75000      0.00000      0.00000      0.00000
