/* Converted from PWscf output file */ 
#L_UNITS ang 
#E_UNITS eV 
#S_UNITS GPA 
#F_UNITS EV/ANG 
#ALAT 	   7.74819     // a0 
#X 	   1.00000     0.00000     0.00000     // X 
#Y 	   0.00000     1.00333     0.02323     // Y 
#Z 	   0.00000     0.02323     1.00333     // Z 
#SX 	  -0.17734     0.00000     0.00000     // SX 
#SY 	   0.00000    -0.00904    -0.05206     // SY 
#SZ 	   0.00000    -0.05206    -0.00904     // SZ 
#EPA 	  -6.49936     // Energy per Atom 
#RCUT 	6.5        // Rcut 
RU      0.00000     -0.04229     -0.04229     -0.00000      0.07948      0.07948
RU      0.27034      0.25507     -0.00834      0.00604     -0.06022      0.00396
RU      0.27034     -0.00834      0.25507      0.00604      0.00396     -0.06022
RU      0.00000      0.15477      0.15477     -0.00000     -0.01285     -0.01285
RU      0.00000      0.34523      0.34523     -0.00000      0.01285      0.01285
RU      0.00000      0.01415      0.48585      0.00000     -0.03742      0.03742
RU      0.27034      0.24493      0.50834      0.00604      0.06022     -0.00396
RU      0.25298      0.00082      0.74633     -0.00985     -0.03363      0.00471
RU      0.00000      0.25000      0.75000      0.00000      0.00000      0.00000
RU      0.00000      0.48585      0.01415      0.00000      0.03742     -0.03742
RU      0.25298      0.74633      0.00082     -0.00985      0.00471     -0.03363
RU      0.27034      0.50834      0.24493      0.00604     -0.00396      0.06022
RU      0.00000      0.75000      0.25000      0.00000      0.00000      0.00000
RU      0.00000      0.54229      0.54229     -0.00000     -0.07948     -0.07948
RU      0.25298      0.75367      0.49918     -0.00985     -0.00471      0.03363
RU      0.25298      0.49918      0.75367     -0.00985      0.03363     -0.00471
RU      0.00000      0.75000      0.75000      0.00000      0.00000      0.00000
RU      0.50000     -0.00408     -0.00408      0.00000     -0.01033     -0.01033
RU      0.72966      0.25507     -0.00834     -0.00604     -0.06022      0.00396
RU      0.72966     -0.00834      0.25507     -0.00604      0.00396     -0.06022
RU      0.50000      0.25000      0.25000      0.00000      0.00000      0.00000
RU      0.50000      0.00268      0.49732      0.00000     -0.04165      0.04165
RU      0.72966      0.24493      0.50834     -0.00604      0.06022     -0.00396
RU      0.74702      0.00082      0.74633      0.00985     -0.03363      0.00471
RU      0.50000      0.25000      0.75000      0.00000      0.00000      0.00000
RU      0.50000      0.49732      0.00268      0.00000      0.04165     -0.04165
RU      0.74702      0.74633      0.00082      0.00985      0.00471     -0.03363
RU      0.72966      0.50834      0.24493     -0.00604     -0.00396      0.06022
RU      0.50000      0.75000      0.25000      0.00000      0.00000      0.00000
RU      0.50000      0.50408      0.50408      0.00000      0.01033      0.01033
RU      0.74702      0.75367      0.49918      0.00985     -0.00471      0.03363
RU      0.74702      0.49918      0.75367      0.00985      0.03363     -0.00471
RU      0.50000      0.75000      0.75000      0.00000      0.00000      0.00000
