/* Converted from PWscf output file */ 
#L_UNITS ang 
#E_UNITS eV 
#S_UNITS GPA 
#F_UNITS EV/ANG 
#ALAT 	   7.75301     // a0 
#X 	   1.00000     0.00000     0.00000     // X 
#Y 	   0.00000     1.00233     0.00000     // Y 
#Z 	   0.00000     0.00000     1.00000     // Z 
#SX 	  -0.22532     0.00000     0.00000     // SX 
#SY 	   0.00000    -0.05892     0.00000     // SY 
#SZ 	   0.00000     0.00000    -0.22532     // SZ 
#EPA 	  -6.55329     // Energy per Atom 
#RCUT 	6.5        // Rcut 
RU      0.00000     -0.01011     -0.03291     -0.00000      0.03307     -0.03404
RU      0.25008      0.25000     -0.00008     -0.08727      0.00000      0.08727
RU      0.28291     -0.01011      0.25000      0.03404      0.03307      0.00000
RU      0.00000      0.10612      0.25000     -0.00000     -0.01502     -0.00000
RU      0.00000      0.39388      0.25000      0.00000      0.01502     -0.00000
RU      0.00000     -0.01011      0.53291      0.00000      0.03307      0.03404
RU      0.25008      0.25000      0.50008     -0.08727     -0.00000     -0.08727
RU      0.25002      0.00157      0.75000      0.05715      0.06110      0.00000
RU      0.00000      0.25000      0.75000      0.00000      0.00000      0.00000
RU      0.00000      0.51011     -0.03291      0.00000     -0.03307     -0.03404
RU      0.25229      0.75000     -0.00229      0.03829      0.00000     -0.03829
RU      0.28291      0.51011      0.25000      0.03404     -0.03307      0.00000
RU      0.00000      0.75000      0.25000      0.00000      0.00000      0.00000
RU      0.00000      0.51011      0.53291     -0.00000     -0.03307      0.03404
RU      0.25229      0.75000      0.50229      0.03829      0.00000      0.03829
RU      0.25002      0.49843      0.75000      0.05715     -0.06110      0.00000
RU      0.00000      0.75000      0.75000      0.00000      0.00000      0.00000
RU      0.50000      0.00157     -0.00002     -0.00000      0.06110     -0.05715
RU      0.74992      0.25000     -0.00008      0.08727     -0.00000      0.08727
RU      0.71709     -0.01011      0.25000     -0.03404      0.03307      0.00000
RU      0.50000      0.25000      0.25000      0.00000      0.00000      0.00000
RU      0.50000      0.00157      0.50002      0.00000      0.06110      0.05715
RU      0.74992      0.25000      0.50008      0.08727      0.00000     -0.08727
RU      0.74998      0.00157      0.75000     -0.05715      0.06110      0.00000
RU      0.50000      0.25000      0.75000      0.00000      0.00000      0.00000
RU      0.50000      0.49843     -0.00002      0.00000     -0.06110     -0.05715
RU      0.74771      0.75000     -0.00229     -0.03829      0.00000     -0.03829
RU      0.71709      0.51011      0.25000     -0.03404     -0.03307     -0.00000
RU      0.50000      0.75000      0.25000      0.00000      0.00000      0.00000
RU      0.50000      0.49843      0.50002      0.00000     -0.06110      0.05715
RU      0.74771      0.75000      0.50229     -0.03829      0.00000      0.03829
RU      0.74998      0.49843      0.75000     -0.05715     -0.06110     -0.00000
RU      0.50000      0.75000      0.75000      0.00000      0.00000      0.00000
