/* Converted from PWscf output file */ 
#L_UNITS ang 
#E_UNITS eV 
#S_UNITS GPA 
#F_UNITS EV/ANG 
#ALAT 	   7.73414     // a0 
#X 	   1.00000     0.00099     0.00099     // X 
#Y 	   0.00099     1.00000     0.00099     // Y 
#Z 	   0.00099     0.00099     1.00000     // Z 
#SX 	   3.94793     0.59136     0.59136     // SX 
#SY 	   0.59136     3.94793     0.59136     // SY 
#SZ 	   0.59136     0.59136     3.94793     // SZ 
#EPA 	  -6.48910     // Energy per Atom 
#RCUT 	6.5        // Rcut 
RU      0.08291      0.08291      0.08291      0.92452      0.92452      0.92452
RU      0.91709      0.91709      0.91709     -0.92452     -0.92452     -0.92452
RU      0.27649      0.27649     -0.02043      0.02575      0.02575      0.02746
RU      0.27649     -0.02043      0.27649      0.02575      0.02746      0.02575
RU     -0.02043      0.27649      0.27649      0.02746      0.02575      0.02575
RU      0.00000      0.00000      0.50000      0.00000      0.00000      0.00000
RU      0.25014      0.25014      0.49802     -0.04277     -0.04277     -0.20086
RU      0.25199      0.00000      0.74801     -0.06743     -0.00000      0.06743
RU      0.00000      0.25199      0.74801      0.00000     -0.06743      0.06743
RU      0.00000      0.50000      0.00000      0.00000      0.00000      0.00000
RU      0.25199      0.74801      0.00000     -0.06743      0.06743     -0.00000
RU      0.25014      0.49802      0.25014     -0.04277     -0.20086     -0.04277
RU      0.00000      0.74801      0.25199     -0.00000      0.06743     -0.06743
RU      0.00000      0.50000      0.50000     -0.00000      0.00000      0.00000
RU      0.25269      0.74731      0.50000      0.00841     -0.00841     -0.00000
RU      0.25269      0.50000      0.74731      0.00841      0.00000     -0.00841
RU      0.02043      0.72351      0.72351     -0.02746     -0.02575     -0.02575
RU      0.50000      0.00000      0.00000     -0.00000      0.00000     -0.00000
RU      0.74801      0.25199      0.00000      0.06743     -0.06743      0.00000
RU      0.74801      0.00000      0.25199      0.06743     -0.00000     -0.06743
RU      0.49802      0.25014      0.25014     -0.20086     -0.04277     -0.04277
RU      0.50000      0.00000      0.50000     -0.00000      0.00000      0.00000
RU      0.74731      0.25269      0.50000     -0.00841      0.00841      0.00000
RU      0.72351      0.02043      0.72351     -0.02575     -0.02746     -0.02575
RU      0.50000      0.25269      0.74731     -0.00000      0.00841     -0.00841
RU      0.50000      0.50000      0.00000     -0.00000      0.00000      0.00000
RU      0.72351      0.72351      0.02043     -0.02575     -0.02575     -0.02746
RU      0.74731      0.50000      0.25269     -0.00841     -0.00000      0.00841
RU      0.50000      0.74731      0.25269     -0.00000     -0.00841      0.00841
RU      0.50000      0.50000      0.50000      0.00000      0.00000     -0.00000
RU      0.74986      0.74986      0.50198      0.04277      0.04277      0.20086
RU      0.74986      0.50198      0.74986      0.04277      0.20086      0.04277
RU      0.50198      0.74986      0.74986      0.20086      0.04277      0.04277
