/* Converted from PWscf output file */ 
#L_UNITS ang 
#E_UNITS eV 
#S_UNITS GPA 
#F_UNITS EV/ANG 
#ALAT 	   7.86750     // a0 
#X 	   1.00000     0.00000     0.00000     // X 
#Y 	   0.00000     0.99484     0.02680     // Y 
#Z 	   0.00000     0.02680     0.99484     // Z 
#SX 	  -6.32287     0.00000     0.00000     // SX 
#SY 	   0.00000     5.09507     7.36997     // SY 
#SZ 	   0.00000     7.36997     5.09507     // SZ 
#EPA 	  -6.21575     // Energy per Atom 
#RCUT 	6.5        // Rcut 
RU      0.00000     -0.02802     -0.02802      0.00000    -17.90830    -17.90830
RU      0.28273      0.26585     -0.01026      0.25222     -0.01847      0.01230
RU      0.28273     -0.01026      0.26585      0.25222      0.01230     -0.01847
RU      0.00000      0.13509      0.13509     -0.00000     18.09926     18.09926
RU      0.00000      0.36491      0.36491     -0.00000    -18.09926    -18.09926
RU      0.00000      0.00487      0.49513      0.00000      0.42079     -0.42079
RU      0.28273      0.23415      0.51026      0.25222      0.01847     -0.01230
RU      0.25451     -0.00067      0.74619     -0.17954     -0.10458      0.05273
RU      0.00000      0.25000      0.75000      0.00000      0.00000      0.00000
RU      0.00000      0.49513      0.00487      0.00000     -0.42079      0.42079
RU      0.25451      0.74619     -0.00067     -0.17954      0.05273     -0.10458
RU      0.28273      0.51026      0.23415      0.25222     -0.01230      0.01847
RU      0.00000      0.75000      0.25000      0.00000      0.00000      0.00000
RU      0.00000      0.52802      0.52802      0.00000     17.90830     17.90830
RU      0.25451      0.75381      0.50067     -0.17954     -0.05273      0.10458
RU      0.25451      0.50067      0.75381     -0.17954      0.10458     -0.05273
RU      0.00000      0.75000      0.75000      0.00000      0.00000      0.00000
RU      0.50000      0.00078      0.00078     -0.00000      0.07060      0.07060
RU      0.71727      0.26585     -0.01026     -0.25222     -0.01847      0.01230
RU      0.71727     -0.01026      0.26585     -0.25222      0.01230     -0.01847
RU      0.50000      0.25000      0.25000      0.00000      0.00000      0.00000
RU      0.50000      0.00084      0.49916      0.00000     -0.17549      0.17549
RU      0.71727      0.23415      0.51026     -0.25222      0.01847     -0.01230
RU      0.74549     -0.00067      0.74619      0.17954     -0.10458      0.05273
RU      0.50000      0.25000      0.75000      0.00000      0.00000      0.00000
RU      0.50000      0.49916      0.00084      0.00000      0.17549     -0.17549
RU      0.74549      0.74619     -0.00067      0.17954      0.05273     -0.10458
RU      0.71727      0.51026      0.23415     -0.25222     -0.01230      0.01847
RU      0.50000      0.75000      0.25000      0.00000      0.00000      0.00000
RU      0.50000      0.49922      0.49922      0.00000     -0.07060     -0.07060
RU      0.74549      0.75381      0.50067      0.17954     -0.05273      0.10458
RU      0.74549      0.50067      0.75381      0.17954      0.10458     -0.05273
RU      0.50000      0.75000      0.75000      0.00000      0.00000      0.00000
