/* Converted from PWscf output file */ 
#L_UNITS ang 
#E_UNITS eV 
#S_UNITS GPA 
#F_UNITS EV/ANG 
#ALAT 	   7.73451     // a0 
#X 	   1.00000     0.00000     0.00000     // X 
#Y 	   0.00000     1.00646     0.02395     // Y 
#Z 	   0.00000     0.02395     1.00646     // Z 
#SX 	   0.11550     0.00000     0.00000     // SX 
#SY 	   0.00000    -0.36299    -0.29823     // SY 
#SZ 	   0.00000    -0.29823    -0.36299     // SZ 
#EPA 	  -6.49601     // Energy per Atom 
#RCUT 	6.5        // Rcut 
RU      0.00000     -0.04220     -0.04220      0.00000     -0.22310     -0.22310
RU      0.26930      0.25674     -0.00782      0.19669     -0.11852     -0.08695
RU      0.26930     -0.00782      0.25674      0.19669     -0.08695     -0.11852
RU      0.00000      0.15453      0.15453     -0.00000      0.16384      0.16384
RU      0.00000      0.34547      0.34547     -0.00000     -0.16384     -0.16384
RU      0.00000      0.01664      0.48336      0.00000     -0.31925      0.31925
RU      0.26930      0.24326      0.50782      0.19669      0.11852      0.08695
RU      0.25121      0.00063      0.74697      0.26910      0.08042     -0.11254
RU      0.00000      0.25000      0.75000      0.00000      0.00000      0.00000
RU      0.00000      0.48336      0.01664      0.00000      0.31925     -0.31925
RU      0.25121      0.74697      0.00063      0.26910     -0.11254      0.08042
RU      0.26930      0.50782      0.24326      0.19669      0.08695      0.11852
RU      0.00000      0.75000      0.25000      0.00000      0.00000      0.00000
RU      0.00000      0.54220      0.54220      0.00000      0.22310      0.22310
RU      0.25121      0.75303      0.49937      0.26910      0.11254     -0.08042
RU      0.25121      0.49937      0.75303      0.26910     -0.08042      0.11254
RU      0.00000      0.75000      0.75000      0.00000      0.00000      0.00000
RU      0.50000     -0.00317     -0.00317      0.00000     -0.10092     -0.10092
RU      0.73070      0.25674     -0.00782     -0.19669     -0.11852     -0.08695
RU      0.73070     -0.00782      0.25674     -0.19669     -0.08695     -0.11852
RU      0.50000      0.25000      0.25000      0.00000      0.00000      0.00000
RU      0.50000      0.00048      0.49952      0.00000      0.40856     -0.40856
RU      0.73070      0.24326      0.50782     -0.19669      0.11852      0.08695
RU      0.74879      0.00063      0.74697     -0.26910      0.08042     -0.11254
RU      0.50000      0.25000      0.75000      0.00000      0.00000      0.00000
RU      0.50000      0.49952      0.00048      0.00000     -0.40856      0.40856
RU      0.74879      0.74697      0.00063     -0.26910     -0.11254      0.08042
RU      0.73070      0.50782      0.24326     -0.19669      0.08695      0.11852
RU      0.50000      0.75000      0.25000      0.00000      0.00000      0.00000
RU      0.50000      0.50317      0.50317      0.00000      0.10092      0.10092
RU      0.74879      0.75303      0.49937     -0.26910      0.11254     -0.08042
RU      0.74879      0.49937      0.75303     -0.26910     -0.08042      0.11254
RU      0.50000      0.75000      0.75000      0.00000      0.00000      0.00000
