/* Converted from PWscf output file */ 
#L_UNITS ang 
#E_UNITS eV 
#S_UNITS GPA 
#F_UNITS EV/ANG 
#ALAT 	   7.84334     // a0 
#X 	   1.00000    -0.00863    -0.00863     // X 
#Y 	  -0.00863     1.00000    -0.00863     // Y 
#Z 	  -0.00863    -0.00863     1.00000     // Z 
#SX 	  72.22965   -21.69894   -21.69894     // SX 
#SY 	 -21.69894    72.22965   -21.69894     // SY 
#SZ 	 -21.69894   -21.69894    72.22965     // SZ 
#EPA 	  -4.53053     // Energy per Atom 
#RCUT 	6.5        // Rcut 
RU      0.10520      0.10520      0.10520    -30.67766    -30.67766    -30.67766
RU      0.89480      0.89480      0.89480     30.67766     30.67766     30.67766
RU      0.26986      0.26986     -0.02041     30.78147     30.78147    -31.62659
RU      0.26986     -0.02041      0.26986     30.78147    -31.62659     30.78147
RU     -0.02041      0.26986      0.26986    -31.62659     30.78147     30.78147
RU      0.00000      0.00000      0.50000     -0.00000     -0.00000      0.00000
RU      0.25018      0.25018      0.50038      0.27632      0.27632      0.59303
RU      0.25030      0.00000      0.74970      0.46519      0.00000     -0.46519
RU      0.00000      0.25030      0.74970      0.00000      0.46519     -0.46519
RU      0.00000      0.50000      0.00000     -0.00000      0.00000      0.00000
RU      0.25030      0.74970      0.00000      0.46519     -0.46519     -0.00000
RU      0.25018      0.50038      0.25018      0.27632      0.59303      0.27632
RU      0.00000      0.74970      0.25030      0.00000     -0.46519      0.46519
RU      0.00000      0.50000      0.50000     -0.00000     -0.00000      0.00000
RU      0.25035      0.74965      0.50000      0.54539     -0.54539      0.00000
RU      0.25035      0.50000      0.74965      0.54539      0.00000     -0.54539
RU      0.02041      0.73014      0.73014     31.62659    -30.78147    -30.78147
RU      0.50000      0.00000      0.00000      0.00000     -0.00000      0.00000
RU      0.74970      0.25030      0.00000     -0.46519      0.46519      0.00000
RU      0.74970      0.00000      0.25030     -0.46519     -0.00000      0.46519
RU      0.50038      0.25018      0.25018      0.59303      0.27632      0.27632
RU      0.50000      0.00000      0.50000      0.00000      0.00000     -0.00000
RU      0.74965      0.25035      0.50000     -0.54539      0.54539      0.00000
RU      0.73014      0.02041      0.73014    -30.78147     31.62659    -30.78147
RU      0.50000      0.25035      0.74965     -0.00000      0.54539     -0.54539
RU      0.50000      0.50000      0.00000      0.00000      0.00000      0.00000
RU      0.73014      0.73014      0.02041    -30.78147    -30.78147     31.62659
RU      0.74965      0.50000      0.25035     -0.54539     -0.00000      0.54539
RU      0.50000      0.74965      0.25035     -0.00000     -0.54539      0.54539
RU      0.50000      0.50000      0.50000      0.00000      0.00000      0.00000
RU      0.74982      0.74982      0.49962     -0.27632     -0.27632     -0.59303
RU      0.74982      0.49962      0.74982     -0.27632     -0.59303     -0.27632
RU      0.49962      0.74982      0.74982     -0.59303     -0.27632     -0.27632
