/* Converted from PWscf output file */ 
#L_UNITS ang 
#E_UNITS eV 
#S_UNITS GPA 
#F_UNITS EV/ANG 
#ALAT 	   7.76867     // a0 
#X 	   1.00000     0.00145     0.00145     // X 
#Y 	   0.00145     1.00000     0.00145     // Y 
#Z 	   0.00145     0.00145     1.00000     // Z 
#SX 	  -0.02348    -0.00102    -0.00102     // SX 
#SY 	  -0.00102    -0.02348    -0.00102     // SY 
#SZ 	  -0.00102    -0.00102    -0.02348     // SZ 
#EPA 	  -6.49371     // Energy per Atom 
#RCUT 	6.5        // Rcut 
RU      0.08270      0.08270      0.08270      0.00741      0.00741      0.00741
RU      0.91730      0.91730      0.91730     -0.00741     -0.00741     -0.00741
RU      0.27750      0.27750     -0.02086     -0.05521     -0.05521     -0.03313
RU      0.27750     -0.02086      0.27750     -0.05521     -0.03313     -0.05521
RU     -0.02086      0.27750      0.27750     -0.03313     -0.05521     -0.05521
RU      0.00000      0.00000      0.50000      0.00000      0.00000     -0.00000
RU      0.24972      0.24972      0.49446      0.01312      0.01312     -0.01308
RU      0.25077      0.00000      0.74923     -0.02447      0.00000      0.02447
RU      0.00000      0.25077      0.74923      0.00000     -0.02447      0.02447
RU      0.00000      0.50000      0.00000      0.00000      0.00000      0.00000
RU      0.25077      0.74923      0.00000     -0.02447      0.02447     -0.00000
RU      0.24972      0.49446      0.24972      0.01312     -0.01308      0.01312
RU      0.00000      0.74923      0.25077     -0.00000      0.02447     -0.02447
RU      0.00000      0.50000      0.50000      0.00000     -0.00000      0.00000
RU      0.25303      0.74697      0.50000      0.00784     -0.00784      0.00000
RU      0.25303      0.50000      0.74697      0.00784     -0.00000     -0.00784
RU      0.02086      0.72250      0.72250      0.03313      0.05521      0.05521
RU      0.50000      0.00000      0.00000      0.00000      0.00000      0.00000
RU      0.74923      0.25077      0.00000      0.02447     -0.02447      0.00000
RU      0.74923      0.00000      0.25077      0.02447     -0.00000     -0.02447
RU      0.49446      0.24972      0.24972     -0.01308      0.01312      0.01312
RU      0.50000      0.00000      0.50000      0.00000     -0.00000     -0.00000
RU      0.74697      0.25303      0.50000     -0.00784      0.00784      0.00000
RU      0.72250      0.02086      0.72250      0.05521      0.03313      0.05521
RU      0.50000      0.25303      0.74697     -0.00000      0.00784     -0.00784
RU      0.50000      0.50000      0.00000      0.00000     -0.00000      0.00000
RU      0.72250      0.72250      0.02086      0.05521      0.05521      0.03313
RU      0.74697      0.50000      0.25303     -0.00784      0.00000      0.00784
RU      0.50000      0.74697      0.25303      0.00000     -0.00784      0.00784
RU      0.50000      0.50000      0.50000     -0.00000      0.00000     -0.00000
RU      0.75028      0.75028      0.50554     -0.01312     -0.01312      0.01308
RU      0.75028      0.50554      0.75028     -0.01312      0.01308     -0.01312
RU      0.50554      0.75028      0.75028      0.01308     -0.01312     -0.01312
