/* Converted from PWscf output file */ 
#L_UNITS ang 
#E_UNITS eV 
#S_UNITS GPA 
#F_UNITS EV/ANG 
#ALAT 	   7.75478     // a0 
#X 	   1.00000     0.00000     0.00000     // X 
#Y 	   0.00000     1.00129     0.00000     // Y 
#Z 	   0.00000     0.00000     1.00000     // Z 
#SX 	  -0.13942     0.00000     0.00000     // SX 
#SY 	   0.00000     0.36605     0.00000     // SY 
#SZ 	   0.00000     0.00000    -0.13942     // SZ 
#EPA 	  -6.55309     // Energy per Atom 
#RCUT 	6.5        // Rcut 
RU      0.00000     -0.01042     -0.03263      0.00000      0.06726     -0.02034
RU      0.25074      0.25000     -0.00074     -0.09792     -0.00000      0.09792
RU      0.28263     -0.01042      0.25000      0.02034      0.06726      0.00000
RU      0.00000      0.10655      0.25000      0.00000     -0.17578      0.00000
RU      0.00000      0.39345      0.25000      0.00000      0.17578      0.00000
RU      0.00000     -0.01042      0.53263     -0.00000      0.06726      0.02034
RU      0.25074      0.25000      0.50074     -0.09792      0.00000     -0.09792
RU      0.24955      0.00105      0.75000      0.07910      0.09232      0.00000
RU      0.00000      0.25000      0.75000      0.00000      0.00000      0.00000
RU      0.00000      0.51042     -0.03263     -0.00000     -0.06726     -0.02034
RU      0.25199      0.75000     -0.00199      0.04764      0.00000     -0.04764
RU      0.28263      0.51042      0.25000      0.02034     -0.06726     -0.00000
RU      0.00000      0.75000      0.25000      0.00000      0.00000      0.00000
RU      0.00000      0.51042      0.53263     -0.00000     -0.06726      0.02034
RU      0.25199      0.75000      0.50199      0.04764      0.00000      0.04764
RU      0.24955      0.49895      0.75000      0.07910     -0.09232      0.00000
RU      0.00000      0.75000      0.75000      0.00000      0.00000      0.00000
RU      0.50000      0.00105      0.00045      0.00000      0.09232     -0.07910
RU      0.74926      0.25000     -0.00074      0.09792     -0.00000      0.09792
RU      0.71737     -0.01042      0.25000     -0.02034      0.06726     -0.00000
RU      0.50000      0.25000      0.25000      0.00000      0.00000      0.00000
RU      0.50000      0.00105      0.49955      0.00000      0.09232      0.07910
RU      0.74926      0.25000      0.50074      0.09792      0.00000     -0.09792
RU      0.75045      0.00105      0.75000     -0.07910      0.09232      0.00000
RU      0.50000      0.25000      0.75000      0.00000      0.00000      0.00000
RU      0.50000      0.49895      0.00045      0.00000     -0.09232     -0.07910
RU      0.74801      0.75000     -0.00199     -0.04764     -0.00000     -0.04764
RU      0.71737      0.51042      0.25000     -0.02034     -0.06726     -0.00000
RU      0.50000      0.75000      0.25000      0.00000      0.00000      0.00000
RU      0.50000      0.49895      0.49955      0.00000     -0.09232      0.07910
RU      0.74801      0.75000      0.50199     -0.04764     -0.00000      0.04764
RU      0.75045      0.49895      0.75000     -0.07910     -0.09232      0.00000
RU      0.50000      0.75000      0.75000      0.00000      0.00000      0.00000
