/* Converted from PWscf output file */ 
#L_UNITS ang 
#E_UNITS eV 
#S_UNITS GPA 
#F_UNITS EV/ANG 
#ALAT 	   7.74680     // a0 
#X 	   1.00000     0.00000     0.00000     // X 
#Y 	   0.00000     1.00384     0.00000     // Y 
#Z 	   0.00000     0.00000     1.00000     // Z 
#SX 	   0.09946     0.00000     0.00000     // SX 
#SY 	   0.00000    -0.13942     0.00000     // SY 
#SZ 	   0.00000     0.00000     0.09946     // SZ 
#EPA 	  -6.55354     // Energy per Atom 
#RCUT 	6.5        // Rcut 
RU      0.00000     -0.01003     -0.03311      0.00000     -0.02485     -0.00523
RU      0.24923      0.25000      0.00077     -0.04158     -0.00000      0.04158
RU      0.28311     -0.01003      0.25000      0.00523     -0.02485      0.00000
RU      0.00000      0.10625      0.25000      0.00000      0.08689      0.00000
RU      0.00000      0.39375      0.25000      0.00000     -0.08689      0.00000
RU      0.00000     -0.01003      0.53311      0.00000     -0.02485      0.00523
RU      0.24923      0.25000      0.49923     -0.04158      0.00000     -0.04158
RU      0.25041      0.00189      0.75000     -0.00211     -0.01626      0.00000
RU      0.00000      0.25000      0.75000      0.00000      0.00000      0.00000
RU      0.00000      0.51003     -0.03311      0.00000      0.02485     -0.00523
RU      0.25258      0.75000     -0.00258      0.00569      0.00000     -0.00569
RU      0.28311      0.51003      0.25000      0.00523      0.02485      0.00000
RU      0.00000      0.75000      0.25000      0.00000      0.00000      0.00000
RU      0.00000      0.51003      0.53311      0.00000      0.02485      0.00523
RU      0.25258      0.75000      0.50258      0.00569      0.00000      0.00569
RU      0.25041      0.49811      0.75000     -0.00211      0.01626      0.00000
RU      0.00000      0.75000      0.75000      0.00000      0.00000      0.00000
RU      0.50000      0.00189     -0.00041      0.00000     -0.01626      0.00211
RU      0.75077      0.25000      0.00077      0.04158     -0.00000      0.04158
RU      0.71689     -0.01003      0.25000     -0.00523     -0.02485      0.00000
RU      0.50000      0.25000      0.25000      0.00000      0.00000      0.00000
RU      0.50000      0.00189      0.50041      0.00000     -0.01626     -0.00211
RU      0.75077      0.25000      0.49923      0.04158     -0.00000     -0.04158
RU      0.74959      0.00189      0.75000      0.00211     -0.01626      0.00000
RU      0.50000      0.25000      0.75000      0.00000      0.00000      0.00000
RU      0.50000      0.49811     -0.00041      0.00000      0.01626      0.00211
RU      0.74742      0.75000     -0.00258     -0.00569      0.00000     -0.00569
RU      0.71689      0.51003      0.25000     -0.00523      0.02485      0.00000
RU      0.50000      0.75000      0.25000      0.00000      0.00000      0.00000
RU      0.50000      0.49811      0.50041      0.00000      0.01626     -0.00211
RU      0.74742      0.75000      0.50258     -0.00569      0.00000      0.00569
RU      0.74959      0.49811      0.75000      0.00211      0.01626      0.00000
RU      0.50000      0.75000      0.75000      0.00000      0.00000      0.00000
