/* Converted from PWscf output file */ 
#L_UNITS ang 
#E_UNITS eV 
#S_UNITS GPA 
#F_UNITS EV/ANG 
#ALAT 	   7.84334     // a0 
#X 	   1.00000    -0.00863    -0.00863     // X 
#Y 	  -0.00863     1.00000    -0.00863     // Y 
#Z 	  -0.00863    -0.00863     1.00000     // Z 
#SX 	  -2.59223     0.14307     0.14307     // SX 
#SY 	   0.14307    -2.59223     0.14307     // SY 
#SZ 	   0.14307     0.14307    -2.59223     // SZ 
#EPA 	  -6.34687     // Energy per Atom 
#RCUT 	6.5        // Rcut 
RU      0.09432      0.09432      0.09432     -5.79933     -5.79933     -5.79933
RU      0.90568      0.90568      0.90568      5.79933      5.79933      5.79933
RU      0.27408      0.27408     -0.02189      3.56446      3.56446     -2.67619
RU      0.27408     -0.02189      0.27408      3.56446     -2.67619      3.56446
RU     -0.02189      0.27408      0.27408     -2.67619      3.56446      3.56446
RU      0.00000      0.00000      0.50000     -0.00000      0.00000      0.00000
RU      0.25029      0.25029      0.49989      0.05637      0.05637     -0.11508
RU      0.25126      0.00000      0.74874      0.33895     -0.00000     -0.33895
RU      0.00000      0.25126      0.74874      0.00000      0.33895     -0.33895
RU      0.00000      0.50000      0.00000     -0.00000     -0.00000     -0.00000
RU      0.25126      0.74874      0.00000      0.33895     -0.33895      0.00000
RU      0.25029      0.49989      0.25029      0.05637     -0.11508      0.05637
RU      0.00000      0.74874      0.25126      0.00000     -0.33895      0.33895
RU      0.00000      0.50000      0.50000      0.00000      0.00000      0.00000
RU      0.25125      0.74875      0.50000      0.32719     -0.32719      0.00000
RU      0.25125      0.50000      0.74875      0.32719     -0.00000     -0.32719
RU      0.02189      0.72592      0.72592      2.67619     -3.56446     -3.56446
RU      0.50000      0.00000      0.00000      0.00000      0.00000      0.00000
RU      0.74874      0.25126      0.00000     -0.33895      0.33895     -0.00000
RU      0.74874      0.00000      0.25126     -0.33895      0.00000      0.33895
RU      0.49989      0.25029      0.25029     -0.11508      0.05637      0.05637
RU      0.50000      0.00000      0.50000     -0.00000     -0.00000      0.00000
RU      0.74875      0.25125      0.50000     -0.32719      0.32719      0.00000
RU      0.72592      0.02189      0.72592     -3.56446      2.67619     -3.56446
RU      0.50000      0.25125      0.74875     -0.00000      0.32719     -0.32719
RU      0.50000      0.50000      0.00000     -0.00000     -0.00000     -0.00000
RU      0.72592      0.72592      0.02189     -3.56446     -3.56446      2.67619
RU      0.74875      0.50000      0.25125     -0.32719      0.00000      0.32719
RU      0.50000      0.74875      0.25125      0.00000     -0.32719      0.32719
RU      0.50000      0.50000      0.50000      0.00000      0.00000      0.00000
RU      0.74971      0.74971      0.50011     -0.05637     -0.05637      0.11508
RU      0.74971      0.50011      0.74971     -0.05637      0.11508     -0.05637
RU      0.50011      0.74971      0.74971      0.11508     -0.05637     -0.05637
