/* Converted from PWscf output file */ 
#L_UNITS ang 
#E_UNITS eV 
#S_UNITS GPA 
#F_UNITS EV/ANG 
#ALAT 	   7.77974     // a0 
#X 	   1.00000     0.00000     0.00000     // X 
#Y 	   0.00000     0.99575     0.00000     // Y 
#Z 	   0.00000     0.00000     0.99575     // Z 
#SX 	  -0.27753     0.00000     0.00000     // SX 
#SY 	   0.00000    -0.01210     0.00000     // SY 
#SZ 	   0.00000     0.00000    -0.01210     // SZ 
#EPA 	  -6.55351     // Energy per Atom 
#RCUT 	6.5        // Rcut 
RU     -0.00026      0.00000      0.00000      0.00258      0.00000      0.00000
RU      0.35621      0.00000      0.00000     -0.03090      0.00000      0.00000
RU      0.64317      0.00000      0.00000      0.03405      0.00000      0.00000
RU      0.23988      0.28312      0.00000     -0.01241     -0.03174      0.00000
RU      0.23988      0.00000      0.28312     -0.01241      0.00000     -0.03174
RU     -0.00000      0.25251      0.25251     -0.00000      0.00918      0.00918
RU     -0.00009      0.00000      0.50000      0.00092      0.00000      0.00000
RU      0.25173      0.25044      0.50000      0.01080      0.01398      0.00000
RU      0.23988      0.00000      0.71688     -0.01241      0.00000      0.03174
RU     -0.00000      0.25251      0.74749     -0.00000      0.00918     -0.00918
RU     -0.00009      0.50000      0.00000      0.00092      0.00000      0.00000
RU      0.23988      0.71688      0.00000     -0.01241      0.03174      0.00000
RU      0.25173      0.50000      0.25044      0.01080      0.00000      0.01398
RU     -0.00000      0.74749      0.25251     -0.00000     -0.00918      0.00918
RU      0.00005      0.50000      0.50000      0.00119      0.00000      0.00000
RU      0.25173      0.74956      0.50000      0.01080     -0.01398      0.00000
RU      0.25173      0.50000      0.74956      0.01080      0.00000     -0.01398
RU     -0.00000      0.74749      0.74749     -0.00000     -0.00918     -0.00918
RU      0.76010      0.28293      0.00000      0.01166     -0.03290      0.00000
RU      0.76010      0.00000      0.28293      0.01166      0.00000     -0.03290
RU      0.50000      0.24932      0.24932     -0.00061     -0.05026     -0.05026
RU      0.50003      0.00000      0.50000     -0.00102      0.00000      0.00000
RU      0.74828      0.25030      0.50000     -0.01091      0.01424      0.00000
RU      0.76010      0.00000      0.71707      0.01166      0.00000      0.03290
RU      0.50000      0.24932      0.75068     -0.00061     -0.05026      0.05026
RU      0.50003      0.50000      0.00000     -0.00102      0.00000      0.00000
RU      0.76010      0.71707      0.00000      0.01166      0.03290      0.00000
RU      0.74828      0.50000      0.25030     -0.01091      0.00000      0.01424
RU      0.50000      0.75068      0.24932     -0.00061      0.05026     -0.05026
RU      0.49998      0.50000      0.50000     -0.00082      0.00000      0.00000
RU      0.74828      0.74970      0.50000     -0.01091     -0.01424      0.00000
RU      0.74828      0.50000      0.74970     -0.01091      0.00000     -0.01424
RU      0.50000      0.75068      0.75068     -0.00061      0.05026      0.05026
