/* Converted from PWscf output file */ 
#L_UNITS ang 
#E_UNITS eV 
#S_UNITS GPA 
#F_UNITS EV/ANG 
#ALAT 	   7.79648     // a0 
#X 	   1.00000     0.00000     0.00000     // X 
#Y 	   0.00000     1.02181     0.00000     // Y 
#Z 	   0.00000     0.00000     1.02181     // Z 
#SX 	 -10.30390     0.00000     0.00000     // SX 
#SY 	   0.00000   -16.87527     0.00000     // SY 
#SZ 	   0.00000     0.00000   -16.87527     // SZ 
#EPA 	  -6.48786     // Energy per Atom 
#RCUT 	6.5        // Rcut 
RU     -0.00015      0.00000      0.00000     -0.01083      0.00000      0.00000
RU      0.36085      0.00000      0.00000     -2.95199      0.00000      0.00000
RU      0.63831      0.00000      0.00000      2.96541      0.00000      0.00000
RU      0.24066      0.28116      0.00000     -0.45588      1.32322      0.00000
RU      0.24066      0.00000      0.28116     -0.45588     -0.00000      1.32322
RU     -0.00000      0.25153      0.25153     -0.00099      0.08846      0.08846
RU     -0.00000      0.00000      0.50000     -0.00714      0.00000      0.00000
RU      0.25005      0.24927      0.50000      0.08361     -0.33792      0.00000
RU      0.24066      0.00000      0.71884     -0.45588      0.00000     -1.32322
RU     -0.00000      0.25153      0.74847     -0.00099      0.08846     -0.08846
RU     -0.00000      0.50000      0.00000     -0.00714      0.00000      0.00000
RU      0.24066      0.71884      0.00000     -0.45588     -1.32322     -0.00000
RU      0.25005      0.50000      0.24927      0.08361      0.00000     -0.33792
RU     -0.00000      0.74847      0.25153     -0.00099     -0.08846      0.08846
RU      0.00000      0.50000      0.50000      0.00127      0.00000      0.00000
RU      0.25005      0.75073      0.50000      0.08361      0.33792      0.00000
RU      0.25005      0.50000      0.75073      0.08361     -0.00000      0.33792
RU     -0.00000      0.74847      0.74847     -0.00099     -0.08846     -0.08846
RU      0.75933      0.28086      0.00000      0.45749      1.32324      0.00000
RU      0.75933      0.00000      0.28086      0.45749     -0.00000      1.32324
RU      0.50001      0.25137      0.25137      0.00122      0.11629      0.11629
RU      0.50001      0.00000      0.50000      0.00148      0.00000      0.00000
RU      0.74996      0.24924      0.50000     -0.08370     -0.34241      0.00000
RU      0.75933      0.00000      0.71914      0.45749      0.00000     -1.32324
RU      0.50001      0.25137      0.74863      0.00122      0.11629     -0.11629
RU      0.50001      0.50000      0.00000      0.00148      0.00000      0.00000
RU      0.75933      0.71914      0.00000      0.45749     -1.32324     -0.00000
RU      0.74996      0.50000      0.24924     -0.08370      0.00000     -0.34241
RU      0.50001      0.74863      0.25137      0.00122     -0.11629      0.11629
RU      0.50000      0.50000      0.50000      0.00044      0.00000      0.00000
RU      0.74996      0.75076      0.50000     -0.08370      0.34241      0.00000
RU      0.74996      0.50000      0.75076     -0.08370      0.00000      0.34241
RU      0.50001      0.74863      0.74863      0.00122     -0.11629     -0.11629
