/* Converted from PWscf output file */ 
#L_UNITS ang 
#E_UNITS eV 
#S_UNITS GPA 
#F_UNITS EV/ANG 
#ALAT 	   7.79648     // a0 
#X 	   1.00000     0.00000     0.00000     // X 
#Y 	   0.00000     1.02181     0.00000     // Y 
#Z 	   0.00000     0.00000     1.02181     // Z 
#SX 	  19.26246     0.00000     0.00000     // SX 
#SY 	   0.00000    37.61052     0.00000     // SY 
#SZ 	   0.00000     0.00000    37.61052     // SZ 
#EPA 	  -6.06081     // Energy per Atom 
#RCUT 	6.5        // Rcut 
RU     -0.00011      0.00000      0.00000     -0.05784      0.00000      0.00000
RU      0.36448      0.00000      0.00000     16.42854      0.00000      0.00000
RU      0.63463      0.00000      0.00000    -16.37051      0.00000      0.00000
RU      0.24265      0.27487      0.00000     -3.83386     12.97864      0.00000
RU      0.24265      0.00000      0.27487     -3.83386      0.00000     12.97864
RU     -0.00000      0.25117      0.25117     -0.00025      0.61144      0.61144
RU      0.00001      0.00000      0.50000      0.00667      0.00000      0.00000
RU      0.24986      0.25012      0.50000     -0.07549      0.06167      0.00000
RU      0.24265      0.00000      0.72513     -3.83386      0.00000    -12.97864
RU     -0.00000      0.25117      0.74883     -0.00025      0.61144     -0.61144
RU      0.00001      0.50000      0.00000      0.00667      0.00000      0.00000
RU      0.24265      0.72513      0.00000     -3.83386    -12.97864      0.00000
RU      0.24986      0.50000      0.25012     -0.07549      0.00000      0.06167
RU     -0.00000      0.74883      0.25117     -0.00025     -0.61144      0.61144
RU     -0.00000      0.50000      0.50000     -0.00049      0.00000      0.00000
RU      0.24986      0.74988      0.50000     -0.07549     -0.06167      0.00000
RU      0.24986      0.50000      0.74988     -0.07549      0.00000     -0.06167
RU     -0.00000      0.74883      0.74883     -0.00025     -0.61144     -0.61144
RU      0.75733      0.27461      0.00000      3.82471     12.84201      0.00000
RU      0.75733      0.00000      0.27461      3.82471      0.00000     12.84201
RU      0.50001      0.25096      0.25096      0.00422      0.50183      0.50183
RU      0.50000      0.00000      0.50000      0.00188      0.00000      0.00000
RU      0.75015      0.25010      0.50000      0.07660      0.05068      0.00000
RU      0.75733      0.00000      0.72539      3.82471      0.00000    -12.84201
RU      0.50001      0.25096      0.74904      0.00422      0.50183     -0.50183
RU      0.50000      0.50000      0.00000      0.00188      0.00000      0.00000
RU      0.75733      0.72539      0.00000      3.82471    -12.84201      0.00000
RU      0.75015      0.50000      0.25010      0.07660      0.00000      0.05068
RU      0.50001      0.74904      0.25096      0.00422     -0.50183      0.50183
RU      0.50000      0.50000      0.50000     -0.00052      0.00000      0.00000
RU      0.75015      0.74990      0.50000      0.07660     -0.05068      0.00000
RU      0.75015      0.50000      0.74990      0.07660      0.00000     -0.05068
RU      0.50001      0.74904      0.74904      0.00422     -0.50183     -0.50183
