/* Converted from PWscf output file */ 
#L_UNITS ang 
#E_UNITS eV 
#S_UNITS GPA 
#F_UNITS EV/ANG 
#ALAT 	   7.77397     // a0 
#X 	   1.00000     0.00000     0.00000     // X 
#Y 	   0.00000     0.99657     0.00000     // Y 
#Z 	   0.00000     0.00000     0.99657     // Z 
#SX 	  -0.01619     0.00000     0.00000     // SX 
#SY 	   0.00000     0.03690     0.00000     // SY 
#SZ 	   0.00000     0.00000     0.03690     // SZ 
#EPA 	  -6.55357     // Energy per Atom 
#RCUT 	6.5        // Rcut 
RU     -0.00024      0.00000      0.00000      0.00253      0.00000      0.00000
RU      0.35610      0.00000      0.00000     -0.02046      0.00000      0.00000
RU      0.64330      0.00000      0.00000      0.02058      0.00000      0.00000
RU      0.23981      0.28307      0.00000     -0.00329      0.01286      0.00000
RU      0.23981      0.00000      0.28307     -0.00329      0.00000      0.01286
RU     -0.00000      0.25258      0.25258     -0.00027      0.00467      0.00467
RU     -0.00009      0.00000      0.50000     -0.00008      0.00000      0.00000
RU      0.25179      0.25049      0.50000     -0.00690     -0.01598      0.00000
RU      0.23981      0.00000      0.71693     -0.00329      0.00000     -0.01286
RU     -0.00000      0.25258      0.74742     -0.00027      0.00467     -0.00467
RU     -0.00009      0.50000      0.00000     -0.00008      0.00000      0.00000
RU      0.23981      0.71693      0.00000     -0.00329     -0.01286      0.00000
RU      0.25179      0.50000      0.25049     -0.00690      0.00000     -0.01598
RU     -0.00000      0.74742      0.25258     -0.00027     -0.00467      0.00467
RU      0.00005      0.50000      0.50000     -0.00018      0.00000      0.00000
RU      0.25179      0.74951      0.50000     -0.00690      0.01598      0.00000
RU      0.25179      0.50000      0.74951     -0.00690      0.00000      0.01598
RU     -0.00000      0.74742      0.74742     -0.00027     -0.00467     -0.00467
RU      0.76017      0.28288      0.00000      0.00368      0.01392      0.00000
RU      0.76017      0.00000      0.28288      0.00368      0.00000      0.01392
RU      0.49999      0.24904      0.24904     -0.00031     -0.01292     -0.01292
RU      0.50003      0.00000      0.50000     -0.00013      0.00000      0.00000
RU      0.74822      0.25035      0.50000      0.00656     -0.01485      0.00000
RU      0.76017      0.00000      0.71712      0.00368      0.00000     -0.01392
RU      0.49999      0.24904      0.75096     -0.00031     -0.01292      0.01292
RU      0.50003      0.50000      0.00000     -0.00013      0.00000      0.00000
RU      0.76017      0.71712      0.00000      0.00368     -0.01392      0.00000
RU      0.74822      0.50000      0.25035      0.00656      0.00000     -0.01485
RU      0.49999      0.75096      0.24904     -0.00031      0.01292     -0.01292
RU      0.49997      0.50000      0.50000      0.00003      0.00000      0.00000
RU      0.74822      0.74965      0.50000      0.00656      0.01485      0.00000
RU      0.74822      0.50000      0.74965      0.00656      0.00000      0.01485
RU      0.49999      0.75096      0.75096     -0.00031      0.01292      0.01292
