/* Converted from PWscf output file */ 
#L_UNITS ang 
#E_UNITS eV 
#S_UNITS GPA 
#F_UNITS EV/ANG 
#ALAT 	   7.75060     // a0 
#X 	   1.00000     0.00000     0.00000     // X 
#Y 	   0.00000     1.00120     0.00000     // Y 
#Z 	   0.00000     0.00000     1.00120     // Z 
#SX 	   0.61674     0.00000     0.00000     // SX 
#SY 	   0.00000    -0.10238     0.00000     // SY 
#SZ 	   0.00000     0.00000    -0.10238     // SZ 
#EPA 	  -6.55309     // Energy per Atom 
#RCUT 	6.5        // Rcut 
RU     -0.00026      0.00000      0.00000     -0.00557      0.00000      0.00000
RU      0.35601      0.00000      0.00000      0.21474      0.00000      0.00000
RU      0.64330      0.00000      0.00000     -0.20303      0.00000      0.00000
RU      0.24003      0.28333      0.00000     -0.00882      0.02292      0.00000
RU      0.24003      0.00000      0.28333     -0.00882      0.00000      0.02292
RU     -0.00000      0.25230      0.25230      0.00023      0.04434      0.04434
RU     -0.00009      0.00000      0.50000     -0.00240      0.00000      0.00000
RU      0.25139      0.25007      0.50000      0.07475      0.07913      0.00000
RU      0.24003      0.00000      0.71667     -0.00882      0.00000     -0.02292
RU     -0.00000      0.25230      0.74770      0.00023      0.04434     -0.04434
RU     -0.00009      0.50000      0.00000     -0.00240      0.00000      0.00000
RU      0.24003      0.71667      0.00000     -0.00882     -0.02292     -0.00000
RU      0.25139      0.50000      0.25007      0.07475      0.00000      0.07913
RU     -0.00000      0.74770      0.25230      0.00023     -0.04434      0.04434
RU      0.00003      0.50000      0.50000      0.00190      0.00000      0.00000
RU      0.25139      0.74993      0.50000      0.07475     -0.07913      0.00000
RU      0.25139      0.50000      0.74993      0.07475      0.00000     -0.07913
RU     -0.00000      0.74770      0.74770      0.00023     -0.04434     -0.04434
RU      0.75997      0.28314      0.00000      0.00774      0.02631      0.00000
RU      0.75997      0.00000      0.28314      0.00774      0.00000      0.02631
RU      0.50001      0.25007      0.25007     -0.00059     -0.10122     -0.10122
RU      0.50004      0.00000      0.50000      0.00106      0.00000      0.00000
RU      0.74861      0.24994      0.50000     -0.07435      0.07397      0.00000
RU      0.75997      0.00000      0.71686      0.00774      0.00000     -0.02631
RU      0.50001      0.25007      0.74993     -0.00059     -0.10122      0.10122
RU      0.50004      0.50000      0.00000      0.00106      0.00000      0.00000
RU      0.75997      0.71686      0.00000      0.00774     -0.02631      0.00000
RU      0.74861      0.50000      0.24994     -0.07435      0.00000      0.07397
RU      0.50001      0.74993      0.25007     -0.00059      0.10122     -0.10122
RU      0.49999      0.50000      0.50000     -0.00118      0.00000      0.00000
RU      0.74861      0.75006      0.50000     -0.07435     -0.07397      0.00000
RU      0.74861      0.50000      0.75006     -0.07435      0.00000     -0.07397
RU      0.50001      0.74993      0.74993     -0.00059      0.10122      0.10122
