/* Converted from PWscf output file */ 
#L_UNITS ang 
#E_UNITS eV 
#S_UNITS GPA 
#F_UNITS EV/ANG 
#ALAT 	   7.76187     // a0 
#X 	   1.00000     0.00000     0.00000     // X 
#Y 	   0.00000     1.00000     0.00000     // Y 
#Z 	   0.00000     0.00000     1.00000     // Z 
#SX 	   0.08050     0.00000     0.00000     // SX 
#SY 	   0.00000     0.08050     0.00000     // SY 
#SZ 	   0.00000     0.00000     0.08050     // SZ 
#EPA 	  -6.53351     // Energy per Atom 
#RCUT 	6.5        // Rcut 
RU      0.25000      0.25000      0.25000      0.00000      0.00000      0.00000
RU     -0.00280     -0.00280     -0.00280      0.03081      0.03081      0.03081
RU      0.25000      0.25000     -0.05384      0.00000      0.00000     -0.02330
RU      0.25000     -0.05384      0.25000      0.00000     -0.02330     -0.00000
RU     -0.05384      0.25000      0.25000     -0.02330      0.00000      0.00000
RU     -0.00280     -0.00280      0.50280      0.03081      0.03081     -0.03081
RU      0.25000      0.25000      0.55384      0.00000     -0.00000      0.02330
RU      0.25000     -0.01250      0.75000      0.00000     -0.15989     -0.00000
RU     -0.01250      0.25000      0.75000     -0.15989      0.00000     -0.00000
RU     -0.00280      0.50280     -0.00280      0.03081     -0.03081      0.03081
RU      0.25000      0.75000     -0.01250      0.00000      0.00000     -0.15989
RU      0.25000      0.55384      0.25000      0.00000      0.02330     -0.00000
RU     -0.01250      0.75000      0.25000     -0.15989     -0.00000      0.00000
RU     -0.00280      0.50280      0.50280      0.03081     -0.03081     -0.03081
RU      0.25000      0.75000      0.51250      0.00000      0.00000      0.15989
RU      0.25000      0.51250      0.75000      0.00000      0.15989     -0.00000
RU      0.00647      0.75000      0.75000      0.22189      0.00000     -0.00000
RU      0.50280     -0.00280     -0.00280     -0.03081      0.03081      0.03081
RU      0.75000      0.25000     -0.01250      0.00000      0.00000     -0.15989
RU      0.75000     -0.01250      0.25000     -0.00000     -0.15989      0.00000
RU      0.55384      0.25000      0.25000      0.02330      0.00000      0.00000
RU      0.50280     -0.00280      0.50280     -0.03081      0.03081     -0.03081
RU      0.75000      0.25000      0.51250      0.00000      0.00000      0.15989
RU      0.75000      0.00647      0.75000      0.00000      0.22189     -0.00000
RU      0.51250      0.25000      0.75000      0.15989      0.00000     -0.00000
RU      0.50280      0.50280     -0.00280     -0.03081     -0.03081      0.03081
RU      0.75000      0.75000      0.00647     -0.00000      0.00000      0.22189
RU      0.75000      0.51250      0.25000     -0.00000      0.15989     -0.00000
RU      0.51250      0.75000      0.25000      0.15989     -0.00000      0.00000
RU      0.50280      0.50280      0.50280     -0.03081     -0.03081     -0.03081
RU      0.75000      0.75000      0.49353     -0.00000      0.00000     -0.22189
RU      0.75000      0.49353      0.75000      0.00000     -0.22189     -0.00000
RU      0.49353      0.75000      0.75000     -0.22189      0.00000     -0.00000
