/* Converted from PWscf output file */ 
#L_UNITS ang 
#E_UNITS eV 
#S_UNITS GPA 
#F_UNITS EV/ANG 
#ALAT 	   7.75723     // a0 
#X 	   1.00000     0.00000     0.00000     // X 
#Y 	   0.00000     1.00000     0.00000     // Y 
#Z 	   0.00000     0.00000     1.00000     // Z 
#SX 	   0.50357     0.00000     0.00000     // SX 
#SY 	   0.00000     0.50357     0.00000     // SY 
#SZ 	   0.00000     0.00000     0.50357     // SZ 
#EPA 	  -6.52882     // Energy per Atom 
#RCUT 	6.5        // Rcut 
RU      0.25000      0.25000      0.25000      0.00000      0.00000      0.00000
RU     -0.00277     -0.00277     -0.00277     -0.02106     -0.02106     -0.02106
RU      0.25000      0.25000     -0.05265      0.00000      0.00000     -0.23286
RU      0.25000     -0.05265      0.25000      0.00000     -0.23286      0.00000
RU     -0.05265      0.25000      0.25000     -0.23286     -0.00000      0.00000
RU     -0.00277     -0.00277      0.50277     -0.02106     -0.02106      0.02106
RU      0.25000      0.25000      0.55265      0.00000      0.00000      0.23286
RU      0.25000     -0.01044      0.75000     -0.00000     -0.47570     -0.00000
RU     -0.01044      0.25000      0.75000     -0.47570     -0.00000      0.00000
RU     -0.00277      0.50277     -0.00277     -0.02106      0.02106     -0.02106
RU      0.25000      0.75000     -0.01044      0.00000      0.00000     -0.47570
RU      0.25000      0.55265      0.25000     -0.00000      0.23286      0.00000
RU     -0.01044      0.75000      0.25000     -0.47570     -0.00000     -0.00000
RU     -0.00277      0.50277      0.50277     -0.02106      0.02106      0.02106
RU      0.25000      0.75000      0.51044      0.00000      0.00000      0.47570
RU      0.25000      0.51044      0.75000      0.00000      0.47570     -0.00000
RU      0.00483      0.75000      0.75000      0.30717      0.00000      0.00000
RU      0.50277     -0.00277     -0.00277      0.02106     -0.02106     -0.02106
RU      0.75000      0.25000     -0.01044      0.00000     -0.00000     -0.47570
RU      0.75000     -0.01044      0.25000      0.00000     -0.47570      0.00000
RU      0.55265      0.25000      0.25000      0.23286      0.00000     -0.00000
RU      0.50277     -0.00277      0.50277      0.02106     -0.02106      0.02106
RU      0.75000      0.25000      0.51044      0.00000     -0.00000      0.47570
RU      0.75000      0.00483      0.75000      0.00000      0.30717      0.00000
RU      0.51044      0.25000      0.75000      0.47570      0.00000      0.00000
RU      0.50277      0.50277     -0.00277      0.02106      0.02106     -0.02106
RU      0.75000      0.75000      0.00483      0.00000     -0.00000      0.30717
RU      0.75000      0.51044      0.25000      0.00000      0.47570      0.00000
RU      0.51044      0.75000      0.25000      0.47570      0.00000     -0.00000
RU      0.50277      0.50277      0.50277      0.02106      0.02106      0.02106
RU      0.75000      0.75000      0.49517      0.00000     -0.00000     -0.30717
RU      0.75000      0.49517      0.75000      0.00000     -0.30717      0.00000
RU      0.49517      0.75000      0.75000     -0.30717      0.00000      0.00000
