/* Converted from PWscf output file */ 
#L_UNITS ang 
#E_UNITS eV 
#S_UNITS GPA 
#F_UNITS EV/ANG 
#ALAT 	   7.76489     // a0 
#X 	   1.00000     0.00000     0.00000     // X 
#Y 	   0.00000     1.00000     0.00000     // Y 
#Z 	   0.00000     0.00000     1.00000     // Z 
#SX 	  -0.08006     0.00000     0.00000     // SX 
#SY 	   0.00000    -0.08006     0.00000     // SY 
#SZ 	   0.00000     0.00000    -0.08006     // SZ 
#EPA 	  -6.53433     // Energy per Atom 
#RCUT 	6.5        // Rcut 
RU      0.25000      0.25000      0.25000      0.00000      0.00000      0.00000
RU     -0.00252     -0.00252     -0.00252      0.03265      0.03265      0.03265
RU      0.25000      0.25000     -0.05373     -0.00000      0.00000      0.01253
RU      0.25000     -0.05373      0.25000      0.00000      0.01253      0.00000
RU     -0.05373      0.25000      0.25000      0.01253      0.00000     -0.00000
RU     -0.00252     -0.00252      0.50252      0.03265      0.03265     -0.03265
RU      0.25000      0.25000      0.55373      0.00000      0.00000     -0.01253
RU      0.25000     -0.01230      0.75000     -0.00000      0.03191      0.00000
RU     -0.01230      0.25000      0.75000      0.03191      0.00000     -0.00000
RU     -0.00252      0.50252     -0.00252      0.03265     -0.03265      0.03265
RU      0.25000      0.75000     -0.01230      0.00000      0.00000      0.03191
RU      0.25000      0.55373      0.25000      0.00000     -0.01253      0.00000
RU     -0.01230      0.75000      0.25000      0.03191      0.00000      0.00000
RU     -0.00252      0.50252      0.50252      0.03265     -0.03265     -0.03265
RU      0.25000      0.75000      0.51230      0.00000      0.00000     -0.03191
RU      0.25000      0.51230      0.75000     -0.00000     -0.03191      0.00000
RU      0.00721      0.75000      0.75000      0.08357      0.00000      0.00000
RU      0.50252     -0.00252     -0.00252     -0.03265      0.03265      0.03265
RU      0.75000      0.25000     -0.01230      0.00000      0.00000      0.03191
RU      0.75000     -0.01230      0.25000     -0.00000      0.03191     -0.00000
RU      0.55373      0.25000      0.25000     -0.01253      0.00000      0.00000
RU      0.50252     -0.00252      0.50252     -0.03265      0.03265     -0.03265
RU      0.75000      0.25000      0.51230      0.00000      0.00000     -0.03191
RU      0.75000      0.00721      0.75000      0.00000      0.08357      0.00000
RU      0.51230      0.25000      0.75000     -0.03191      0.00000     -0.00000
RU      0.50252      0.50252     -0.00252     -0.03265     -0.03265      0.03265
RU      0.75000      0.75000      0.00721      0.00000      0.00000      0.08357
RU      0.75000      0.51230      0.25000     -0.00000     -0.03191     -0.00000
RU      0.51230      0.75000      0.25000     -0.03191      0.00000      0.00000
RU      0.50252      0.50252      0.50252     -0.03265     -0.03265     -0.03265
RU      0.75000      0.75000      0.49279      0.00000      0.00000     -0.08357
RU      0.75000      0.49279      0.75000      0.00000     -0.08357      0.00000
RU      0.49279      0.75000      0.75000     -0.08357      0.00000      0.00000
