/* Converted from PWscf output file */ 
#L_UNITS ang 
#E_UNITS eV 
#S_UNITS GPA 
#F_UNITS EV/ANG 
#ALAT 	   7.77118     // a0 
#X 	   1.00000     0.00000     0.00000     // X 
#Y 	   0.00000     1.00000     0.00000     // Y 
#Z 	   0.00000     0.00000     1.00000     // Z 
#SX 	  -0.23975     0.00000     0.00000     // SX 
#SY 	   0.00000    -0.23975     0.00000     // SY 
#SZ 	   0.00000     0.00000    -0.23975     // SZ 
#EPA 	  -6.49987     // Energy per Atom 
#RCUT 	6.5        // Rcut 
RU      0.12500      0.12500      0.12500      0.00000      0.00000      0.00000
RU     -0.04068     -0.04068     -0.04068      0.07522      0.07522      0.07522
RU      0.29068      0.29068     -0.04068     -0.07522     -0.07522      0.07522
RU      0.29068     -0.04068      0.29068     -0.07522      0.07522     -0.07522
RU     -0.04068      0.29068      0.29068      0.07522     -0.07522     -0.07522
RU     -0.00079     -0.00079      0.49722      0.00552      0.00552     -0.08360
RU      0.25079      0.25079      0.49722     -0.00552     -0.00552     -0.08360
RU      0.25079     -0.00079      0.75278     -0.00552      0.00552      0.08360
RU     -0.00079      0.25079      0.75278      0.00552     -0.00552      0.08360
RU     -0.00079      0.49722     -0.00079      0.00552     -0.08360      0.00552
RU      0.25079      0.75278     -0.00079     -0.00552      0.08360      0.00552
RU      0.25079      0.49722      0.25079     -0.00552     -0.08360     -0.00552
RU     -0.00079      0.75278      0.25079      0.00552      0.08360     -0.00552
RU      0.00621      0.50960      0.50960     -0.00463     -0.00488     -0.00488
RU      0.24379      0.74040      0.50960      0.00463      0.00488     -0.00488
RU      0.24379      0.50960      0.74040      0.00463     -0.00488      0.00488
RU      0.00621      0.74040      0.74040     -0.00463      0.00488      0.00488
RU      0.49722     -0.00079     -0.00079     -0.08360      0.00552      0.00552
RU      0.75278      0.25079     -0.00079      0.08360     -0.00552      0.00552
RU      0.75278     -0.00079      0.25079      0.08360      0.00552     -0.00552
RU      0.49722      0.25079      0.25079     -0.08360     -0.00552     -0.00552
RU      0.50960      0.00621      0.50960     -0.00488     -0.00463     -0.00488
RU      0.74040      0.24379      0.50960      0.00488      0.00463     -0.00488
RU      0.74040      0.00621      0.74040      0.00488     -0.00463      0.00488
RU      0.50960      0.24379      0.74040     -0.00488      0.00463      0.00488
RU      0.50960      0.50960      0.00621     -0.00488     -0.00488     -0.00463
RU      0.74040      0.74040      0.00621      0.00488      0.00488     -0.00463
RU      0.74040      0.50960      0.24379      0.00488     -0.00488      0.00463
RU      0.50960      0.74040      0.24379     -0.00488      0.00488      0.00463
RU      0.50110      0.50110      0.50110      0.06095      0.06095      0.06095
RU      0.74890      0.74890      0.50110     -0.06095     -0.06095      0.06095
RU      0.74890      0.50110      0.74890     -0.06095      0.06095     -0.06095
RU      0.50110      0.74890      0.74890      0.06095     -0.06095     -0.06095
