/* Converted from PWscf output file */ 
#L_UNITS ang 
#E_UNITS eV 
#S_UNITS GPA 
#F_UNITS EV/ANG 
#ALAT 	   7.76899     // a0 
#X 	   1.00000     0.00000     0.00000     // X 
#Y 	   0.00000     1.00000     0.00000     // Y 
#Z 	   0.00000     0.00000     1.00000     // Z 
#SX 	   0.02931     0.00000     0.00000     // SX 
#SY 	   0.00000     0.02931     0.00000     // SY 
#SZ 	   0.00000     0.00000     0.02931     // SZ 
#EPA 	  -6.50028     // Energy per Atom 
#RCUT 	6.5        // Rcut 
RU      0.12500      0.12500      0.12500      0.00000      0.00000      0.00000
RU     -0.04048     -0.04048     -0.04048     -0.01889     -0.01889     -0.01889
RU      0.29048      0.29048     -0.04048      0.01889      0.01889     -0.01889
RU      0.29048     -0.04048      0.29048      0.01889     -0.01889      0.01889
RU     -0.04048      0.29048      0.29048     -0.01889      0.01889      0.01889
RU     -0.00074     -0.00074      0.49612      0.00069      0.00069      0.00397
RU      0.25074      0.25074      0.49612     -0.00069     -0.00069      0.00397
RU      0.25074     -0.00074      0.75388     -0.00069      0.00069     -0.00397
RU     -0.00074      0.25074      0.75388      0.00069     -0.00069     -0.00397
RU     -0.00074      0.49612     -0.00074      0.00069      0.00397      0.00069
RU      0.25074      0.75388     -0.00074     -0.00069     -0.00397      0.00069
RU      0.25074      0.49612      0.25074     -0.00069      0.00397     -0.00069
RU     -0.00074      0.75388      0.25074      0.00069     -0.00397     -0.00069
RU      0.00588      0.50979      0.50979     -0.01117     -0.00203     -0.00203
RU      0.24412      0.74021      0.50979      0.01117      0.00203     -0.00203
RU      0.24412      0.50979      0.74021      0.01117     -0.00203      0.00203
RU      0.00588      0.74021      0.74021     -0.01117      0.00203      0.00203
RU      0.49612     -0.00074     -0.00074      0.00397      0.00069      0.00069
RU      0.75388      0.25074     -0.00074     -0.00397     -0.00069      0.00069
RU      0.75388     -0.00074      0.25074     -0.00397      0.00069     -0.00069
RU      0.49612      0.25074      0.25074      0.00397     -0.00069     -0.00069
RU      0.50979      0.00588      0.50979     -0.00203     -0.01117     -0.00203
RU      0.74021      0.24412      0.50979      0.00203      0.01117     -0.00203
RU      0.74021      0.00588      0.74021      0.00203     -0.01117      0.00203
RU      0.50979      0.24412      0.74021     -0.00203      0.01117      0.00203
RU      0.50979      0.50979      0.00588     -0.00203     -0.00203     -0.01117
RU      0.74021      0.74021      0.00588      0.00203      0.00203     -0.01117
RU      0.74021      0.50979      0.24412      0.00203     -0.00203      0.01117
RU      0.50979      0.74021      0.24412     -0.00203      0.00203      0.01117
RU      0.50202      0.50202      0.50202      0.00116      0.00116      0.00116
RU      0.74798      0.74798      0.50202     -0.00116     -0.00116      0.00116
RU      0.74798      0.50202      0.74798     -0.00116      0.00116     -0.00116
RU      0.50202      0.74798      0.74798      0.00116     -0.00116     -0.00116
