/* Converted from PWscf output file */ 
#L_UNITS ang 
#E_UNITS eV 
#S_UNITS GPA 
#F_UNITS EV/ANG 
#ALAT 	   7.76639     // a0 
#X 	   1.00000     0.00000     0.00000     // X 
#Y 	   0.00000     1.00000     0.00000     // Y 
#Z 	   0.00000     0.00000     1.00000     // Z 
#SX 	  51.00162     0.00000     0.00000     // SX 
#SY 	   0.00000    51.00162     0.00000     // SY 
#SZ 	   0.00000     0.00000    51.00162     // SZ 
#EPA 	  -5.14966     // Energy per Atom 
#RCUT 	6.5        // Rcut 
RU      0.12500      0.12500      0.12500      0.00000      0.00000      0.00000
RU     -0.02005     -0.02005     -0.02005    -33.31119    -33.31119    -33.31119
RU      0.27005      0.27005     -0.02005     33.31119     33.31119    -33.31119
RU      0.27005     -0.02005      0.27005     33.31119    -33.31119     33.31119
RU     -0.02005      0.27005      0.27005    -33.31119     33.31119     33.31119
RU     -0.00016     -0.00016      0.50042     -0.27322     -0.27322      0.70097
RU      0.25016      0.25016      0.50042      0.27322      0.27322      0.70097
RU      0.25016     -0.00016      0.74958      0.27322     -0.27322     -0.70097
RU     -0.00016      0.25016      0.74958     -0.27322      0.27322     -0.70097
RU     -0.00016      0.50042     -0.00016     -0.27322      0.70097     -0.27322
RU      0.25016      0.74958     -0.00016      0.27322     -0.70097     -0.27322
RU      0.25016      0.50042      0.25016      0.27322      0.70097      0.27322
RU     -0.00016      0.74958      0.25016     -0.27322     -0.70097      0.27322
RU     -0.00000      0.50032      0.50032     -0.00653      0.53460      0.53460
RU      0.25000      0.74968      0.50032      0.00653     -0.53460      0.53460
RU      0.25000      0.50032      0.74968      0.00653      0.53460     -0.53460
RU     -0.00000      0.74968      0.74968     -0.00653     -0.53460     -0.53460
RU      0.50042     -0.00016     -0.00016      0.70097     -0.27322     -0.27322
RU      0.74958      0.25016     -0.00016     -0.70097      0.27322     -0.27322
RU      0.74958     -0.00016      0.25016     -0.70097     -0.27322      0.27322
RU      0.50042      0.25016      0.25016      0.70097      0.27322      0.27322
RU      0.50032     -0.00000      0.50032      0.53460     -0.00653      0.53460
RU      0.74968      0.25000      0.50032     -0.53460      0.00653      0.53460
RU      0.74968     -0.00000      0.74968     -0.53460     -0.00653     -0.53460
RU      0.50032      0.25000      0.74968      0.53460      0.00653     -0.53460
RU      0.50032      0.50032     -0.00000      0.53460      0.53460     -0.00653
RU      0.74968      0.74968     -0.00000     -0.53460     -0.53460     -0.00653
RU      0.74968      0.50032      0.25000     -0.53460      0.53460      0.00653
RU      0.50032      0.74968      0.25000      0.53460     -0.53460      0.00653
RU      0.50002      0.50002      0.50002      0.03634      0.03634      0.03634
RU      0.74998      0.74998      0.50002     -0.03634     -0.03634      0.03634
RU      0.74998      0.50002      0.74998     -0.03634      0.03634     -0.03634
RU      0.50002      0.74998      0.74998      0.03634     -0.03634     -0.03634
