/* Converted from PWscf output file */ 
#L_UNITS ang 
#E_UNITS eV 
#S_UNITS GPA 
#F_UNITS EV/ANG 
#ALAT 	   7.76639     // a0 
#X 	   1.00000     0.00000     0.00000     // X 
#Y 	   0.00000     1.00000     0.00000     // Y 
#Z 	   0.00000     0.00000     1.00000     // Z 
#SX 	   5.35422     0.00000     0.00000     // SX 
#SY 	   0.00000     5.35422     0.00000     // SY 
#SZ 	   0.00000     0.00000     5.35422     // SZ 
#EPA 	  -6.29112     // Energy per Atom 
#RCUT 	6.5        // Rcut 
RU      0.12500      0.12500      0.12500      0.00000      0.00000      0.00000
RU     -0.02773     -0.02773     -0.02773     -7.68196     -7.68196     -7.68196
RU      0.27773      0.27773     -0.02773      7.68196      7.68196     -7.68196
RU      0.27773     -0.02773      0.27773      7.68196     -7.68196      7.68196
RU     -0.02773      0.27773      0.27773     -7.68196      7.68196      7.68196
RU     -0.00055     -0.00055      0.50068     -0.15531     -0.15531      0.18953
RU      0.25055      0.25055      0.50068      0.15531      0.15531      0.18953
RU      0.25055     -0.00055      0.74932      0.15531     -0.15531     -0.18953
RU     -0.00055      0.25055      0.74932     -0.15531      0.15531     -0.18953
RU     -0.00055      0.50068     -0.00055     -0.15531      0.18953     -0.15531
RU      0.25055      0.74932     -0.00055      0.15531     -0.18953     -0.15531
RU      0.25055      0.50068      0.25055      0.15531      0.18953      0.15531
RU     -0.00055      0.74932      0.25055     -0.15531     -0.18953      0.15531
RU      0.00052      0.50254      0.50254      0.14760      0.71516      0.71516
RU      0.24948      0.74746      0.50254     -0.14760     -0.71516      0.71516
RU      0.24948      0.50254      0.74746     -0.14760      0.71516     -0.71516
RU      0.00052      0.74746      0.74746      0.14760     -0.71516     -0.71516
RU      0.50068     -0.00055     -0.00055      0.18953     -0.15531     -0.15531
RU      0.74932      0.25055     -0.00055     -0.18953      0.15531     -0.15531
RU      0.74932     -0.00055      0.25055     -0.18953     -0.15531      0.15531
RU      0.50068      0.25055      0.25055      0.18953      0.15531      0.15531
RU      0.50254      0.00052      0.50254      0.71516      0.14760      0.71516
RU      0.74746      0.24948      0.50254     -0.71516     -0.14760      0.71516
RU      0.74746      0.00052      0.74746     -0.71516      0.14760     -0.71516
RU      0.50254      0.24948      0.74746      0.71516     -0.14760     -0.71516
RU      0.50254      0.50254      0.00052      0.71516      0.71516      0.14760
RU      0.74746      0.74746      0.00052     -0.71516     -0.71516      0.14760
RU      0.74746      0.50254      0.24948     -0.71516      0.71516     -0.14760
RU      0.50254      0.74746      0.24948      0.71516     -0.71516     -0.14760
RU      0.49994      0.49994      0.49994     -0.01824     -0.01824     -0.01824
RU      0.75006      0.75006      0.49994      0.01824      0.01824     -0.01824
RU      0.75006      0.49994      0.75006      0.01824     -0.01824      0.01824
RU      0.49994      0.75006      0.75006     -0.01824      0.01824      0.01824
