/* Converted from PWscf output file */ 
#L_UNITS ang 
#E_UNITS eV 
#S_UNITS GPA 
#F_UNITS EV/ANG 
#ALAT 	   7.71564     // a0 
#X 	   1.00000     0.00000     0.00000     // X 
#Y 	   0.00000     1.00000     0.00000     // Y 
#Z 	   0.00000     0.00000     1.00000     // Z 
#SX 	   7.93537     0.00000     0.00000     // SX 
#SY 	   0.00000     7.93537     0.00000     // SY 
#SZ 	   0.00000     0.00000     7.93537     // SZ 
#EPA 	  -6.41345     // Energy per Atom 
#RCUT 	6.5        // Rcut 
RU      0.12500      0.12500      0.12500      0.00000      0.00000      0.00000
RU     -0.03581     -0.03581     -0.03581     -3.91726     -3.91726     -3.91726
RU      0.28581      0.28581     -0.03581      3.91726      3.91726     -3.91726
RU      0.28581     -0.03581      0.28581      3.91726     -3.91726      3.91726
RU     -0.03581      0.28581      0.28581     -3.91726      3.91726      3.91726
RU     -0.00111     -0.00111      0.50063     -0.09203     -0.09203      0.03122
RU      0.25111      0.25111      0.50063      0.09203      0.09203      0.03122
RU      0.25111     -0.00111      0.74937      0.09203     -0.09203     -0.03122
RU     -0.00111      0.25111      0.74937     -0.09203      0.09203     -0.03122
RU     -0.00111      0.50063     -0.00111     -0.09203      0.03122     -0.09203
RU      0.25111      0.74937     -0.00111      0.09203     -0.03122     -0.09203
RU      0.25111      0.50063      0.25111      0.09203      0.03122      0.09203
RU     -0.00111      0.74937      0.25111     -0.09203     -0.03122      0.09203
RU      0.00220      0.50742      0.50742      0.26354      0.74868      0.74868
RU      0.24780      0.74258      0.50742     -0.26354     -0.74868      0.74868
RU      0.24780      0.50742      0.74258     -0.26354      0.74868     -0.74868
RU      0.00220      0.74258      0.74258      0.26354     -0.74868     -0.74868
RU      0.50063     -0.00111     -0.00111      0.03122     -0.09203     -0.09203
RU      0.74937      0.25111     -0.00111     -0.03122      0.09203     -0.09203
RU      0.74937     -0.00111      0.25111     -0.03122     -0.09203      0.09203
RU      0.50063      0.25111      0.25111      0.03122      0.09203      0.09203
RU      0.50742      0.00220      0.50742      0.74868      0.26354      0.74868
RU      0.74258      0.24780      0.50742     -0.74868     -0.26354      0.74868
RU      0.74258      0.00220      0.74258     -0.74868      0.26354     -0.74868
RU      0.50742      0.24780      0.74258      0.74868     -0.26354     -0.74868
RU      0.50742      0.50742      0.00220      0.74868      0.74868      0.26354
RU      0.74258      0.74258      0.00220     -0.74868     -0.74868      0.26354
RU      0.74258      0.50742      0.24780     -0.74868      0.74868     -0.26354
RU      0.50742      0.74258      0.24780      0.74868     -0.74868     -0.26354
RU      0.49975      0.49975      0.49975     -0.02260     -0.02260     -0.02260
RU      0.75025      0.75025      0.49975      0.02260      0.02260     -0.02260
RU      0.75025      0.49975      0.75025      0.02260     -0.02260      0.02260
RU      0.49975      0.75025      0.75025     -0.02260      0.02260      0.02260
