/* Converted from PWscf output file */ 
#L_UNITS ang 
#E_UNITS eV 
#S_UNITS GPA 
#F_UNITS EV/ANG 
#ALAT 	   7.76987     // a0 
#X 	   1.00000     0.00000     0.00000     // X 
#Y 	   0.00000     1.00000     0.00000     // Y 
#Z 	   0.00000     0.00000     1.00000     // Z 
#SX 	  -0.03150     0.00000     0.00000     // SX 
#SY 	   0.00000    -0.03150     0.00000     // SY 
#SZ 	   0.00000     0.00000    -0.03150     // SZ 
#EPA 	  -6.50020     // Energy per Atom 
#RCUT 	6.5        // Rcut 
RU      0.12500      0.12500      0.12500      0.00000      0.00000      0.00000
RU     -0.04047     -0.04047     -0.04047      0.02474      0.02474      0.02474
RU      0.29047      0.29047     -0.04047     -0.02474     -0.02474      0.02474
RU      0.29047     -0.04047      0.29047     -0.02474      0.02474     -0.02474
RU     -0.04047      0.29047      0.29047      0.02474     -0.02474     -0.02474
RU     -0.00073     -0.00073      0.49625     -0.00555     -0.00555     -0.01589
RU      0.25073      0.25073      0.49625      0.00555      0.00555     -0.01589
RU      0.25073     -0.00073      0.75375      0.00555     -0.00555      0.01589
RU     -0.00073      0.25073      0.75375     -0.00555      0.00555      0.01589
RU     -0.00073      0.49625     -0.00073     -0.00555     -0.01589     -0.00555
RU      0.25073      0.75375     -0.00073      0.00555      0.01589     -0.00555
RU      0.25073      0.49625      0.25073      0.00555     -0.01589      0.00555
RU     -0.00073      0.75375      0.25073     -0.00555      0.01589      0.00555
RU      0.00606      0.50970      0.50970     -0.05123      0.03514      0.03514
RU      0.24394      0.74030      0.50970      0.05123     -0.03514      0.03514
RU      0.24394      0.50970      0.74030      0.05123      0.03514     -0.03514
RU      0.00606      0.74030      0.74030     -0.05123     -0.03514     -0.03514
RU      0.49625     -0.00073     -0.00073     -0.01589     -0.00555     -0.00555
RU      0.75375      0.25073     -0.00073      0.01589      0.00555     -0.00555
RU      0.75375     -0.00073      0.25073      0.01589     -0.00555      0.00555
RU      0.49625      0.25073      0.25073     -0.01589      0.00555      0.00555
RU      0.50970      0.00606      0.50970      0.03514     -0.05123      0.03514
RU      0.74030      0.24394      0.50970     -0.03514      0.05123      0.03514
RU      0.74030      0.00606      0.74030     -0.03514     -0.05123     -0.03514
RU      0.50970      0.24394      0.74030      0.03514      0.05123     -0.03514
RU      0.50970      0.50970      0.00606      0.03514      0.03514     -0.05123
RU      0.74030      0.74030      0.00606     -0.03514     -0.03514     -0.05123
RU      0.74030      0.50970      0.24394     -0.03514      0.03514      0.05123
RU      0.50970      0.74030      0.24394      0.03514     -0.03514      0.05123
RU      0.50186      0.50186      0.50186      0.03114      0.03114      0.03114
RU      0.74814      0.74814      0.50186     -0.03114     -0.03114      0.03114
RU      0.74814      0.50186      0.74814     -0.03114      0.03114     -0.03114
RU      0.50186      0.74814      0.74814      0.03114     -0.03114     -0.03114
