/* Converted from PWscf output file */ 
#L_UNITS ang 
#E_UNITS eV 
#S_UNITS GPA 
#F_UNITS EV/ANG 
#ALAT 	  15.15650     // a0 
#X 	   1.00000     0.00000     0.00000     // X 
#Y 	   0.00000     1.00000     0.00000     // Y 
#Z 	   0.00000     0.00000     1.00000     // Z 
#SX 	   1.50809     0.00000     0.00000     // SX 
#SY 	   0.00000     1.50809     0.00000     // SY 
#SZ 	   0.00000     0.00000     1.50809     // SZ 
#EPA 	  -6.62656     // Energy per Atom 
#RCUT 	6.5        // Rcut 
RU      0.12468      0.12468      0.00000     -0.15406     -0.15406      0.00000
RU      0.12468      0.00000      0.12468     -0.15406      0.00000     -0.15406
RU      0.00000      0.12468      0.12468      0.00000     -0.15406     -0.15406
RU      0.00000      0.00000      0.25000      0.00000      0.00000      0.00000
RU      0.12501      0.12501      0.25000      0.00660      0.00660      0.00000
RU      0.12468      0.00000      0.37532     -0.15406      0.00000      0.15406
RU      0.00000      0.12468      0.37532     -0.00000     -0.15406      0.15406
RU      0.00000      0.25000      0.00000      0.00000      0.00000      0.00000
RU      0.12468      0.37532      0.00000     -0.15406      0.15406      0.00000
RU      0.12501      0.25000      0.12501      0.00660      0.00000      0.00660
RU      0.00000      0.37532      0.12468      0.00000      0.15406     -0.15406
RU      0.00000      0.25000      0.25000      0.00000      0.00000      0.00000
RU      0.12501      0.37499      0.25000      0.00660     -0.00660      0.00000
RU      0.12501      0.25000      0.37499      0.00660     -0.00000     -0.00660
RU      0.00000      0.37532      0.37532     -0.00000      0.15406      0.15406
RU      0.25000      0.00000      0.00000      0.00000      0.00000      0.00000
RU      0.37532      0.12468      0.00000      0.15406     -0.15406      0.00000
RU      0.37532      0.00000      0.12468      0.15406      0.00000     -0.15406
RU      0.25000      0.12501      0.12501     -0.00000      0.00660      0.00660
RU      0.25000      0.00000      0.25000      0.00000      0.00000      0.00000
RU      0.37499      0.12501      0.25000     -0.00660      0.00660     -0.00000
RU      0.37532      0.00000      0.37532      0.15406      0.00000      0.15406
RU      0.25000      0.12501      0.37499      0.00000      0.00660     -0.00660
RU      0.25000      0.25000      0.00000      0.00000      0.00000      0.00000
RU      0.37532      0.37532      0.00000      0.15406      0.15406      0.00000
RU      0.37499      0.25000      0.12501     -0.00660      0.00000      0.00660
RU      0.25000      0.37499      0.12501      0.00000     -0.00660      0.00660
RU      0.25000      0.25000      0.25000      0.00000      0.00000      0.00000
RU      0.37499      0.37499      0.25000     -0.00660     -0.00660     -0.00000
RU      0.37499      0.25000      0.37499     -0.00660     -0.00000     -0.00660
RU      0.25000      0.37499      0.37499      0.00000     -0.00660     -0.00660
RU      0.12468      0.12468      0.50000     -0.15406     -0.15406      0.00000
RU      0.12468      0.00000      0.62468     -0.15406      0.00000     -0.15406
RU      0.00000      0.12468      0.62468      0.00000     -0.15406     -0.15406
RU      0.00000      0.00000      0.75000      0.00000      0.00000      0.00000
RU      0.12501      0.12501      0.75000      0.00660      0.00660      0.00000
RU      0.12468      0.00000      0.87532     -0.15406      0.00000      0.15406
RU      0.00000      0.12468      0.87532     -0.00000     -0.15406      0.15406
RU      0.00000      0.25000      0.50000      0.00000      0.00000      0.00000
RU      0.12468      0.37532      0.50000     -0.15406      0.15406      0.00000
RU      0.12501      0.25000      0.62501      0.00660      0.00000      0.00660
RU      0.00000      0.37532      0.62468      0.00000      0.15406     -0.15406
RU      0.00000      0.25000      0.75000      0.00000      0.00000      0.00000
RU      0.12501      0.37499      0.75000      0.00660     -0.00660      0.00000
RU      0.12501      0.25000      0.87499      0.00660     -0.00000     -0.00660
RU      0.00000      0.37532      0.87532     -0.00000      0.15406      0.15406
RU      0.25000      0.00000      0.50000      0.00000      0.00000      0.00000
RU      0.37532      0.12468      0.50000      0.15406     -0.15406      0.00000
RU      0.37532      0.00000      0.62468      0.15406      0.00000     -0.15406
RU      0.25000      0.12501      0.62501     -0.00000      0.00660      0.00660
RU      0.25000      0.00000      0.75000      0.00000      0.00000      0.00000
RU      0.37499      0.12501      0.75000     -0.00660      0.00660     -0.00000
RU      0.37532      0.00000      0.87532      0.15406      0.00000      0.15406
RU      0.25000      0.12501      0.87499      0.00000      0.00660     -0.00660
RU      0.25000      0.25000      0.50000      0.00000      0.00000      0.00000
RU      0.37532      0.37532      0.50000      0.15406      0.15406      0.00000
RU      0.37499      0.25000      0.62501     -0.00660      0.00000      0.00660
RU      0.25000      0.37499      0.62501      0.00000     -0.00660      0.00660
RU      0.25000      0.25000      0.75000      0.00000      0.00000      0.00000
RU      0.37499      0.37499      0.75000     -0.00660     -0.00660     -0.00000
RU      0.37499      0.25000      0.87499     -0.00660     -0.00000     -0.00660
RU      0.25000      0.37499      0.87499      0.00000     -0.00660     -0.00660
RU      0.12468      0.62468      0.00000     -0.15406     -0.15406      0.00000
RU      0.12468      0.50000      0.12468     -0.15406      0.00000     -0.15406
RU      0.00000      0.62468      0.12468      0.00000     -0.15406     -0.15406
RU      0.00000      0.50000      0.25000      0.00000      0.00000      0.00000
RU      0.12501      0.62501      0.25000      0.00660      0.00660      0.00000
RU      0.12468      0.50000      0.37532     -0.15406      0.00000      0.15406
RU      0.00000      0.62468      0.37532     -0.00000     -0.15406      0.15406
RU      0.00000      0.75000      0.00000      0.00000      0.00000      0.00000
RU      0.12468      0.87532      0.00000     -0.15406      0.15406      0.00000
RU      0.12501      0.75000      0.12501      0.00660      0.00000      0.00660
RU      0.00000      0.87532      0.12468      0.00000      0.15406     -0.15406
RU      0.00000      0.75000      0.25000      0.00000      0.00000      0.00000
RU      0.12501      0.87499      0.25000      0.00660     -0.00660      0.00000
RU      0.12501      0.75000      0.37499      0.00660     -0.00000     -0.00660
RU      0.00000      0.87532      0.37532     -0.00000      0.15406      0.15406
RU      0.25000      0.50000      0.00000      0.00000      0.00000      0.00000
RU      0.37532      0.62468      0.00000      0.15406     -0.15406      0.00000
RU      0.37532      0.50000      0.12468      0.15406      0.00000     -0.15406
RU      0.25000      0.62501      0.12501     -0.00000      0.00660      0.00660
RU      0.25000      0.50000      0.25000      0.00000      0.00000      0.00000
RU      0.37499      0.62501      0.25000     -0.00660      0.00660     -0.00000
RU      0.37532      0.50000      0.37532      0.15406      0.00000      0.15406
RU      0.25000      0.62501      0.37499      0.00000      0.00660     -0.00660
RU      0.25000      0.75000      0.00000      0.00000      0.00000      0.00000
RU      0.37532      0.87532      0.00000      0.15406      0.15406      0.00000
RU      0.37499      0.75000      0.12501     -0.00660      0.00000      0.00660
RU      0.25000      0.87499      0.12501      0.00000     -0.00660      0.00660
RU      0.25000      0.75000      0.25000      0.00000      0.00000      0.00000
RU      0.37499      0.87499      0.25000     -0.00660     -0.00660     -0.00000
RU      0.37499      0.75000      0.37499     -0.00660     -0.00000     -0.00660
RU      0.25000      0.87499      0.37499      0.00000     -0.00660     -0.00660
RU      0.12468      0.62468      0.50000     -0.15406     -0.15406      0.00000
RU      0.12468      0.50000      0.62468     -0.15406      0.00000     -0.15406
RU      0.00000      0.62468      0.62468      0.00000     -0.15406     -0.15406
RU      0.00000      0.50000      0.75000      0.00000      0.00000      0.00000
RU      0.12501      0.62501      0.75000      0.00660      0.00660      0.00000
RU      0.12468      0.50000      0.87532     -0.15406      0.00000      0.15406
RU      0.00000      0.62468      0.87532     -0.00000     -0.15406      0.15406
RU      0.00000      0.75000      0.50000      0.00000      0.00000      0.00000
RU      0.12468      0.87532      0.50000     -0.15406      0.15406      0.00000
RU      0.12501      0.75000      0.62501      0.00660      0.00000      0.00660
RU      0.00000      0.87532      0.62468      0.00000      0.15406     -0.15406
RU      0.00000      0.75000      0.75000      0.00000      0.00000      0.00000
RU      0.12501      0.87499      0.75000      0.00660     -0.00660      0.00000
RU      0.12501      0.75000      0.87499      0.00660     -0.00000     -0.00660
RU      0.00000      0.87532      0.87532     -0.00000      0.15406      0.15406
RU      0.25000      0.50000      0.50000      0.00000      0.00000      0.00000
RU      0.37532      0.62468      0.50000      0.15406     -0.15406      0.00000
RU      0.37532      0.50000      0.62468      0.15406      0.00000     -0.15406
RU      0.25000      0.62501      0.62501     -0.00000      0.00660      0.00660
RU      0.25000      0.50000      0.75000      0.00000      0.00000      0.00000
RU      0.37499      0.62501      0.75000     -0.00660      0.00660     -0.00000
RU      0.37532      0.50000      0.87532      0.15406      0.00000      0.15406
RU      0.25000      0.62501      0.87499      0.00000      0.00660     -0.00660
RU      0.25000      0.75000      0.50000      0.00000      0.00000      0.00000
RU      0.37532      0.87532      0.50000      0.15406      0.15406      0.00000
RU      0.37499      0.75000      0.62501     -0.00660      0.00000      0.00660
RU      0.25000      0.87499      0.62501      0.00000     -0.00660      0.00660
RU      0.25000      0.75000      0.75000      0.00000      0.00000      0.00000
RU      0.37499      0.87499      0.75000     -0.00660     -0.00660     -0.00000
RU      0.37499      0.75000      0.87499     -0.00660     -0.00000     -0.00660
RU      0.25000      0.87499      0.87499      0.00000     -0.00660     -0.00660
RU      0.62468      0.12468      0.00000     -0.15406     -0.15406      0.00000
RU      0.62468      0.00000      0.12468     -0.15406      0.00000     -0.15406
RU      0.50000      0.12468      0.12468      0.00000     -0.15406     -0.15406
RU      0.50000      0.00000      0.25000      0.00000      0.00000      0.00000
RU      0.62501      0.12501      0.25000      0.00660      0.00660      0.00000
RU      0.62468      0.00000      0.37532     -0.15406      0.00000      0.15406
RU      0.50000      0.12468      0.37532     -0.00000     -0.15406      0.15406
RU      0.50000      0.25000      0.00000      0.00000      0.00000      0.00000
RU      0.62468      0.37532      0.00000     -0.15406      0.15406      0.00000
RU      0.62501      0.25000      0.12501      0.00660      0.00000      0.00660
RU      0.50000      0.37532      0.12468      0.00000      0.15406     -0.15406
RU      0.50000      0.25000      0.25000      0.00000      0.00000      0.00000
RU      0.62501      0.37499      0.25000      0.00660     -0.00660      0.00000
RU      0.62501      0.25000      0.37499      0.00660     -0.00000     -0.00660
RU      0.50000      0.37532      0.37532     -0.00000      0.15406      0.15406
RU      0.75000      0.00000      0.00000      0.00000      0.00000      0.00000
RU      0.87532      0.12468      0.00000      0.15406     -0.15406      0.00000
RU      0.87532      0.00000      0.12468      0.15406      0.00000     -0.15406
RU      0.75000      0.12501      0.12501     -0.00000      0.00660      0.00660
RU      0.75000      0.00000      0.25000      0.00000      0.00000      0.00000
RU      0.87499      0.12501      0.25000     -0.00660      0.00660     -0.00000
RU      0.87532      0.00000      0.37532      0.15406      0.00000      0.15406
RU      0.75000      0.12501      0.37499      0.00000      0.00660     -0.00660
RU      0.75000      0.25000      0.00000      0.00000      0.00000      0.00000
RU      0.87532      0.37532      0.00000      0.15406      0.15406      0.00000
RU      0.87499      0.25000      0.12501     -0.00660      0.00000      0.00660
RU      0.75000      0.37499      0.12501      0.00000     -0.00660      0.00660
RU      0.75000      0.25000      0.25000      0.00000      0.00000      0.00000
RU      0.87499      0.37499      0.25000     -0.00660     -0.00660     -0.00000
RU      0.87499      0.25000      0.37499     -0.00660     -0.00000     -0.00660
RU      0.75000      0.37499      0.37499      0.00000     -0.00660     -0.00660
RU      0.62468      0.12468      0.50000     -0.15406     -0.15406      0.00000
RU      0.62468      0.00000      0.62468     -0.15406      0.00000     -0.15406
RU      0.50000      0.12468      0.62468      0.00000     -0.15406     -0.15406
RU      0.50000      0.00000      0.75000      0.00000      0.00000      0.00000
RU      0.62501      0.12501      0.75000      0.00660      0.00660      0.00000
RU      0.62468      0.00000      0.87532     -0.15406      0.00000      0.15406
RU      0.50000      0.12468      0.87532     -0.00000     -0.15406      0.15406
RU      0.50000      0.25000      0.50000      0.00000      0.00000      0.00000
RU      0.62468      0.37532      0.50000     -0.15406      0.15406      0.00000
RU      0.62501      0.25000      0.62501      0.00660      0.00000      0.00660
RU      0.50000      0.37532      0.62468      0.00000      0.15406     -0.15406
RU      0.50000      0.25000      0.75000      0.00000      0.00000      0.00000
RU      0.62501      0.37499      0.75000      0.00660     -0.00660      0.00000
RU      0.62501      0.25000      0.87499      0.00660     -0.00000     -0.00660
RU      0.50000      0.37532      0.87532     -0.00000      0.15406      0.15406
RU      0.75000      0.00000      0.50000      0.00000      0.00000      0.00000
RU      0.87532      0.12468      0.50000      0.15406     -0.15406      0.00000
RU      0.87532      0.00000      0.62468      0.15406      0.00000     -0.15406
RU      0.75000      0.12501      0.62501     -0.00000      0.00660      0.00660
RU      0.75000      0.00000      0.75000      0.00000      0.00000      0.00000
RU      0.87499      0.12501      0.75000     -0.00660      0.00660     -0.00000
RU      0.87532      0.00000      0.87532      0.15406      0.00000      0.15406
RU      0.75000      0.12501      0.87499      0.00000      0.00660     -0.00660
RU      0.75000      0.25000      0.50000      0.00000      0.00000      0.00000
RU      0.87532      0.37532      0.50000      0.15406      0.15406      0.00000
RU      0.87499      0.25000      0.62501     -0.00660      0.00000      0.00660
RU      0.75000      0.37499      0.62501      0.00000     -0.00660      0.00660
RU      0.75000      0.25000      0.75000      0.00000      0.00000      0.00000
RU      0.87499      0.37499      0.75000     -0.00660     -0.00660     -0.00000
RU      0.87499      0.25000      0.87499     -0.00660     -0.00000     -0.00660
RU      0.75000      0.37499      0.87499      0.00000     -0.00660     -0.00660
RU      0.62468      0.62468      0.00000     -0.15406     -0.15406      0.00000
RU      0.62468      0.50000      0.12468     -0.15406      0.00000     -0.15406
RU      0.50000      0.62468      0.12468      0.00000     -0.15406     -0.15406
RU      0.50000      0.50000      0.25000      0.00000      0.00000      0.00000
RU      0.62501      0.62501      0.25000      0.00660      0.00660      0.00000
RU      0.62468      0.50000      0.37532     -0.15406      0.00000      0.15406
RU      0.50000      0.62468      0.37532     -0.00000     -0.15406      0.15406
RU      0.50000      0.75000      0.00000      0.00000      0.00000      0.00000
RU      0.62468      0.87532      0.00000     -0.15406      0.15406      0.00000
RU      0.62501      0.75000      0.12501      0.00660      0.00000      0.00660
RU      0.50000      0.87532      0.12468      0.00000      0.15406     -0.15406
RU      0.50000      0.75000      0.25000      0.00000      0.00000      0.00000
RU      0.62501      0.87499      0.25000      0.00660     -0.00660      0.00000
RU      0.62501      0.75000      0.37499      0.00660     -0.00000     -0.00660
RU      0.50000      0.87532      0.37532     -0.00000      0.15406      0.15406
RU      0.75000      0.50000      0.00000      0.00000      0.00000      0.00000
RU      0.87532      0.62468      0.00000      0.15406     -0.15406      0.00000
RU      0.87532      0.50000      0.12468      0.15406      0.00000     -0.15406
RU      0.75000      0.62501      0.12501     -0.00000      0.00660      0.00660
RU      0.75000      0.50000      0.25000      0.00000      0.00000      0.00000
RU      0.87499      0.62501      0.25000     -0.00660      0.00660     -0.00000
RU      0.87532      0.50000      0.37532      0.15406      0.00000      0.15406
RU      0.75000      0.62501      0.37499      0.00000      0.00660     -0.00660
RU      0.75000      0.75000      0.00000      0.00000      0.00000      0.00000
RU      0.87532      0.87532      0.00000      0.15406      0.15406      0.00000
RU      0.87499      0.75000      0.12501     -0.00660      0.00000      0.00660
RU      0.75000      0.87499      0.12501      0.00000     -0.00660      0.00660
RU      0.75000      0.75000      0.25000      0.00000      0.00000      0.00000
RU      0.87499      0.87499      0.25000     -0.00660     -0.00660     -0.00000
RU      0.87499      0.75000      0.37499     -0.00660     -0.00000     -0.00660
RU      0.75000      0.87499      0.37499      0.00000     -0.00660     -0.00660
RU      0.62468      0.62468      0.50000     -0.15406     -0.15406      0.00000
RU      0.62468      0.50000      0.62468     -0.15406      0.00000     -0.15406
RU      0.50000      0.62468      0.62468      0.00000     -0.15406     -0.15406
RU      0.50000      0.50000      0.75000      0.00000      0.00000      0.00000
RU      0.62501      0.62501      0.75000      0.00660      0.00660      0.00000
RU      0.62468      0.50000      0.87532     -0.15406      0.00000      0.15406
RU      0.50000      0.62468      0.87532     -0.00000     -0.15406      0.15406
RU      0.50000      0.75000      0.50000      0.00000      0.00000      0.00000
RU      0.62468      0.87532      0.50000     -0.15406      0.15406      0.00000
RU      0.62501      0.75000      0.62501      0.00660      0.00000      0.00660
RU      0.50000      0.87532      0.62468      0.00000      0.15406     -0.15406
RU      0.50000      0.75000      0.75000      0.00000      0.00000      0.00000
RU      0.62501      0.87499      0.75000      0.00660     -0.00660      0.00000
RU      0.62501      0.75000      0.87499      0.00660     -0.00000     -0.00660
RU      0.50000      0.87532      0.87532     -0.00000      0.15406      0.15406
RU      0.75000      0.50000      0.50000      0.00000      0.00000      0.00000
RU      0.87532      0.62468      0.50000      0.15406     -0.15406      0.00000
RU      0.87532      0.50000      0.62468      0.15406      0.00000     -0.15406
RU      0.75000      0.62501      0.62501     -0.00000      0.00660      0.00660
RU      0.75000      0.50000      0.75000      0.00000      0.00000      0.00000
RU      0.87499      0.62501      0.75000     -0.00660      0.00660     -0.00000
RU      0.87532      0.50000      0.87532      0.15406      0.00000      0.15406
RU      0.75000      0.62501      0.87499      0.00000      0.00660     -0.00660
RU      0.75000      0.75000      0.50000      0.00000      0.00000      0.00000
RU      0.87532      0.87532      0.50000      0.15406      0.15406      0.00000
RU      0.87499      0.75000      0.62501     -0.00660      0.00000      0.00660
RU      0.75000      0.87499      0.62501      0.00000     -0.00660      0.00660
RU      0.75000      0.75000      0.75000      0.00000      0.00000      0.00000
RU      0.87499      0.87499      0.75000     -0.00660     -0.00660     -0.00000
RU      0.87499      0.75000      0.87499     -0.00660     -0.00000     -0.00660
RU      0.75000      0.87499      0.87499      0.00000     -0.00660     -0.00660
