/* Converted from PWscf output file */ 
#L_UNITS ang 
#E_UNITS eV 
#S_UNITS GPA 
#F_UNITS EV/ANG 
#ALAT 	  15.17821     // a0 
#X 	   1.00000     0.00000     0.00000     // X 
#Y 	   0.00000     1.00000     0.00000     // Y 
#Z 	   0.00000     0.00000     1.00000     // Z 
#SX 	   0.15750     0.00000     0.00000     // SX 
#SY 	   0.00000     0.15750     0.00000     // SY 
#SZ 	   0.00000     0.00000     0.15750     // SZ 
#EPA 	  -6.62716     // Energy per Atom 
#RCUT 	6.5        // Rcut 
RU      0.12434      0.12434      0.00000     -0.12450     -0.12450      0.00000
RU      0.12434      0.00000      0.12434     -0.12450     -0.00000     -0.12450
RU      0.00000      0.12434      0.12434      0.00000     -0.12450     -0.12450
RU      0.00000      0.00000      0.25000      0.00000      0.00000      0.00000
RU      0.12504      0.12504      0.25000      0.01216      0.01216     -0.00000
RU      0.12434      0.00000      0.37566     -0.12450      0.00000      0.12450
RU      0.00000      0.12434      0.37566      0.00000     -0.12450      0.12450
RU      0.00000      0.25000      0.00000      0.00000      0.00000      0.00000
RU      0.12434      0.37566      0.00000     -0.12450      0.12450      0.00000
RU      0.12504      0.25000      0.12504      0.01216      0.00000      0.01216
RU      0.00000      0.37566      0.12434      0.00000      0.12450     -0.12450
RU      0.00000      0.25000      0.25000      0.00000      0.00000      0.00000
RU      0.12504      0.37496      0.25000      0.01216     -0.01216     -0.00000
RU      0.12504      0.25000      0.37496      0.01216      0.00000     -0.01216
RU      0.00000      0.37566      0.37566      0.00000      0.12450      0.12450
RU      0.25000      0.00000      0.00000      0.00000      0.00000      0.00000
RU      0.37566      0.12434      0.00000      0.12450     -0.12450      0.00000
RU      0.37566      0.00000      0.12434      0.12450      0.00000     -0.12450
RU      0.25000      0.12504      0.12504     -0.00000      0.01216      0.01216
RU      0.25000      0.00000      0.25000      0.00000      0.00000      0.00000
RU      0.37496      0.12504      0.25000     -0.01216      0.01216      0.00000
RU      0.37566      0.00000      0.37566      0.12450     -0.00000      0.12450
RU      0.25000      0.12504      0.37496      0.00000      0.01216     -0.01216
RU      0.25000      0.25000      0.00000      0.00000      0.00000      0.00000
RU      0.37566      0.37566      0.00000      0.12450      0.12450      0.00000
RU      0.37496      0.25000      0.12504     -0.01216     -0.00000      0.01216
RU      0.25000      0.37496      0.12504      0.00000     -0.01216      0.01216
RU      0.25000      0.25000      0.25000      0.00000      0.00000      0.00000
RU      0.37496      0.37496      0.25000     -0.01216     -0.01216      0.00000
RU      0.37496      0.25000      0.37496     -0.01216      0.00000     -0.01216
RU      0.25000      0.37496      0.37496      0.00000     -0.01216     -0.01216
RU      0.12434      0.12434      0.50000     -0.12450     -0.12450      0.00000
RU      0.12434      0.00000      0.62434     -0.12450     -0.00000     -0.12450
RU      0.00000      0.12434      0.62434      0.00000     -0.12450     -0.12450
RU      0.00000      0.00000      0.75000      0.00000      0.00000      0.00000
RU      0.12504      0.12504      0.75000      0.01216      0.01216     -0.00000
RU      0.12434      0.00000      0.87566     -0.12450      0.00000      0.12450
RU      0.00000      0.12434      0.87566      0.00000     -0.12450      0.12450
RU      0.00000      0.25000      0.50000      0.00000      0.00000      0.00000
RU      0.12434      0.37566      0.50000     -0.12450      0.12450      0.00000
RU      0.12504      0.25000      0.62504      0.01216      0.00000      0.01216
RU      0.00000      0.37566      0.62434      0.00000      0.12450     -0.12450
RU      0.00000      0.25000      0.75000      0.00000      0.00000      0.00000
RU      0.12504      0.37496      0.75000      0.01216     -0.01216     -0.00000
RU      0.12504      0.25000      0.87496      0.01216      0.00000     -0.01216
RU      0.00000      0.37566      0.87566      0.00000      0.12450      0.12450
RU      0.25000      0.00000      0.50000      0.00000      0.00000      0.00000
RU      0.37566      0.12434      0.50000      0.12450     -0.12450      0.00000
RU      0.37566      0.00000      0.62434      0.12450      0.00000     -0.12450
RU      0.25000      0.12504      0.62504     -0.00000      0.01216      0.01216
RU      0.25000      0.00000      0.75000      0.00000      0.00000      0.00000
RU      0.37496      0.12504      0.75000     -0.01216      0.01216      0.00000
RU      0.37566      0.00000      0.87566      0.12450     -0.00000      0.12450
RU      0.25000      0.12504      0.87496      0.00000      0.01216     -0.01216
RU      0.25000      0.25000      0.50000      0.00000      0.00000      0.00000
RU      0.37566      0.37566      0.50000      0.12450      0.12450      0.00000
RU      0.37496      0.25000      0.62504     -0.01216     -0.00000      0.01216
RU      0.25000      0.37496      0.62504      0.00000     -0.01216      0.01216
RU      0.25000      0.25000      0.75000      0.00000      0.00000      0.00000
RU      0.37496      0.37496      0.75000     -0.01216     -0.01216      0.00000
RU      0.37496      0.25000      0.87496     -0.01216      0.00000     -0.01216
RU      0.25000      0.37496      0.87496      0.00000     -0.01216     -0.01216
RU      0.12434      0.62434      0.00000     -0.12450     -0.12450      0.00000
RU      0.12434      0.50000      0.12434     -0.12450     -0.00000     -0.12450
RU      0.00000      0.62434      0.12434      0.00000     -0.12450     -0.12450
RU      0.00000      0.50000      0.25000      0.00000      0.00000      0.00000
RU      0.12504      0.62504      0.25000      0.01216      0.01216     -0.00000
RU      0.12434      0.50000      0.37566     -0.12450      0.00000      0.12450
RU      0.00000      0.62434      0.37566      0.00000     -0.12450      0.12450
RU      0.00000      0.75000      0.00000      0.00000      0.00000      0.00000
RU      0.12434      0.87566      0.00000     -0.12450      0.12450      0.00000
RU      0.12504      0.75000      0.12504      0.01216      0.00000      0.01216
RU      0.00000      0.87566      0.12434      0.00000      0.12450     -0.12450
RU      0.00000      0.75000      0.25000      0.00000      0.00000      0.00000
RU      0.12504      0.87496      0.25000      0.01216     -0.01216     -0.00000
RU      0.12504      0.75000      0.37496      0.01216      0.00000     -0.01216
RU      0.00000      0.87566      0.37566      0.00000      0.12450      0.12450
RU      0.25000      0.50000      0.00000      0.00000      0.00000      0.00000
RU      0.37566      0.62434      0.00000      0.12450     -0.12450      0.00000
RU      0.37566      0.50000      0.12434      0.12450      0.00000     -0.12450
RU      0.25000      0.62504      0.12504     -0.00000      0.01216      0.01216
RU      0.25000      0.50000      0.25000      0.00000      0.00000      0.00000
RU      0.37496      0.62504      0.25000     -0.01216      0.01216      0.00000
RU      0.37566      0.50000      0.37566      0.12450     -0.00000      0.12450
RU      0.25000      0.62504      0.37496      0.00000      0.01216     -0.01216
RU      0.25000      0.75000      0.00000      0.00000      0.00000      0.00000
RU      0.37566      0.87566      0.00000      0.12450      0.12450      0.00000
RU      0.37496      0.75000      0.12504     -0.01216     -0.00000      0.01216
RU      0.25000      0.87496      0.12504      0.00000     -0.01216      0.01216
RU      0.25000      0.75000      0.25000      0.00000      0.00000      0.00000
RU      0.37496      0.87496      0.25000     -0.01216     -0.01216      0.00000
RU      0.37496      0.75000      0.37496     -0.01216      0.00000     -0.01216
RU      0.25000      0.87496      0.37496      0.00000     -0.01216     -0.01216
RU      0.12434      0.62434      0.50000     -0.12450     -0.12450      0.00000
RU      0.12434      0.50000      0.62434     -0.12450     -0.00000     -0.12450
RU      0.00000      0.62434      0.62434      0.00000     -0.12450     -0.12450
RU      0.00000      0.50000      0.75000      0.00000      0.00000      0.00000
RU      0.12504      0.62504      0.75000      0.01216      0.01216     -0.00000
RU      0.12434      0.50000      0.87566     -0.12450      0.00000      0.12450
RU      0.00000      0.62434      0.87566      0.00000     -0.12450      0.12450
RU      0.00000      0.75000      0.50000      0.00000      0.00000      0.00000
RU      0.12434      0.87566      0.50000     -0.12450      0.12450      0.00000
RU      0.12504      0.75000      0.62504      0.01216      0.00000      0.01216
RU      0.00000      0.87566      0.62434      0.00000      0.12450     -0.12450
RU      0.00000      0.75000      0.75000      0.00000      0.00000      0.00000
RU      0.12504      0.87496      0.75000      0.01216     -0.01216     -0.00000
RU      0.12504      0.75000      0.87496      0.01216      0.00000     -0.01216
RU      0.00000      0.87566      0.87566      0.00000      0.12450      0.12450
RU      0.25000      0.50000      0.50000      0.00000      0.00000      0.00000
RU      0.37566      0.62434      0.50000      0.12450     -0.12450      0.00000
RU      0.37566      0.50000      0.62434      0.12450      0.00000     -0.12450
RU      0.25000      0.62504      0.62504     -0.00000      0.01216      0.01216
RU      0.25000      0.50000      0.75000      0.00000      0.00000      0.00000
RU      0.37496      0.62504      0.75000     -0.01216      0.01216      0.00000
RU      0.37566      0.50000      0.87566      0.12450     -0.00000      0.12450
RU      0.25000      0.62504      0.87496      0.00000      0.01216     -0.01216
RU      0.25000      0.75000      0.50000      0.00000      0.00000      0.00000
RU      0.37566      0.87566      0.50000      0.12450      0.12450      0.00000
RU      0.37496      0.75000      0.62504     -0.01216     -0.00000      0.01216
RU      0.25000      0.87496      0.62504      0.00000     -0.01216      0.01216
RU      0.25000      0.75000      0.75000      0.00000      0.00000      0.00000
RU      0.37496      0.87496      0.75000     -0.01216     -0.01216      0.00000
RU      0.37496      0.75000      0.87496     -0.01216      0.00000     -0.01216
RU      0.25000      0.87496      0.87496      0.00000     -0.01216     -0.01216
RU      0.62434      0.12434      0.00000     -0.12450     -0.12450      0.00000
RU      0.62434      0.00000      0.12434     -0.12450     -0.00000     -0.12450
RU      0.50000      0.12434      0.12434      0.00000     -0.12450     -0.12450
RU      0.50000      0.00000      0.25000      0.00000      0.00000      0.00000
RU      0.62504      0.12504      0.25000      0.01216      0.01216     -0.00000
RU      0.62434      0.00000      0.37566     -0.12450      0.00000      0.12450
RU      0.50000      0.12434      0.37566      0.00000     -0.12450      0.12450
RU      0.50000      0.25000      0.00000      0.00000      0.00000      0.00000
RU      0.62434      0.37566      0.00000     -0.12450      0.12450      0.00000
RU      0.62504      0.25000      0.12504      0.01216      0.00000      0.01216
RU      0.50000      0.37566      0.12434      0.00000      0.12450     -0.12450
RU      0.50000      0.25000      0.25000      0.00000      0.00000      0.00000
RU      0.62504      0.37496      0.25000      0.01216     -0.01216     -0.00000
RU      0.62504      0.25000      0.37496      0.01216      0.00000     -0.01216
RU      0.50000      0.37566      0.37566      0.00000      0.12450      0.12450
RU      0.75000      0.00000      0.00000      0.00000      0.00000      0.00000
RU      0.87566      0.12434      0.00000      0.12450     -0.12450      0.00000
RU      0.87566      0.00000      0.12434      0.12450      0.00000     -0.12450
RU      0.75000      0.12504      0.12504     -0.00000      0.01216      0.01216
RU      0.75000      0.00000      0.25000      0.00000      0.00000      0.00000
RU      0.87496      0.12504      0.25000     -0.01216      0.01216      0.00000
RU      0.87566      0.00000      0.37566      0.12450     -0.00000      0.12450
RU      0.75000      0.12504      0.37496      0.00000      0.01216     -0.01216
RU      0.75000      0.25000      0.00000      0.00000      0.00000      0.00000
RU      0.87566      0.37566      0.00000      0.12450      0.12450      0.00000
RU      0.87496      0.25000      0.12504     -0.01216     -0.00000      0.01216
RU      0.75000      0.37496      0.12504      0.00000     -0.01216      0.01216
RU      0.75000      0.25000      0.25000      0.00000      0.00000      0.00000
RU      0.87496      0.37496      0.25000     -0.01216     -0.01216      0.00000
RU      0.87496      0.25000      0.37496     -0.01216      0.00000     -0.01216
RU      0.75000      0.37496      0.37496      0.00000     -0.01216     -0.01216
RU      0.62434      0.12434      0.50000     -0.12450     -0.12450      0.00000
RU      0.62434      0.00000      0.62434     -0.12450     -0.00000     -0.12450
RU      0.50000      0.12434      0.62434      0.00000     -0.12450     -0.12450
RU      0.50000      0.00000      0.75000      0.00000      0.00000      0.00000
RU      0.62504      0.12504      0.75000      0.01216      0.01216     -0.00000
RU      0.62434      0.00000      0.87566     -0.12450      0.00000      0.12450
RU      0.50000      0.12434      0.87566      0.00000     -0.12450      0.12450
RU      0.50000      0.25000      0.50000      0.00000      0.00000      0.00000
RU      0.62434      0.37566      0.50000     -0.12450      0.12450      0.00000
RU      0.62504      0.25000      0.62504      0.01216      0.00000      0.01216
RU      0.50000      0.37566      0.62434      0.00000      0.12450     -0.12450
RU      0.50000      0.25000      0.75000      0.00000      0.00000      0.00000
RU      0.62504      0.37496      0.75000      0.01216     -0.01216     -0.00000
RU      0.62504      0.25000      0.87496      0.01216      0.00000     -0.01216
RU      0.50000      0.37566      0.87566      0.00000      0.12450      0.12450
RU      0.75000      0.00000      0.50000      0.00000      0.00000      0.00000
RU      0.87566      0.12434      0.50000      0.12450     -0.12450      0.00000
RU      0.87566      0.00000      0.62434      0.12450      0.00000     -0.12450
RU      0.75000      0.12504      0.62504     -0.00000      0.01216      0.01216
RU      0.75000      0.00000      0.75000      0.00000      0.00000      0.00000
RU      0.87496      0.12504      0.75000     -0.01216      0.01216      0.00000
RU      0.87566      0.00000      0.87566      0.12450     -0.00000      0.12450
RU      0.75000      0.12504      0.87496      0.00000      0.01216     -0.01216
RU      0.75000      0.25000      0.50000      0.00000      0.00000      0.00000
RU      0.87566      0.37566      0.50000      0.12450      0.12450      0.00000
RU      0.87496      0.25000      0.62504     -0.01216     -0.00000      0.01216
RU      0.75000      0.37496      0.62504      0.00000     -0.01216      0.01216
RU      0.75000      0.25000      0.75000      0.00000      0.00000      0.00000
RU      0.87496      0.37496      0.75000     -0.01216     -0.01216      0.00000
RU      0.87496      0.25000      0.87496     -0.01216      0.00000     -0.01216
RU      0.75000      0.37496      0.87496      0.00000     -0.01216     -0.01216
RU      0.62434      0.62434      0.00000     -0.12450     -0.12450      0.00000
RU      0.62434      0.50000      0.12434     -0.12450     -0.00000     -0.12450
RU      0.50000      0.62434      0.12434      0.00000     -0.12450     -0.12450
RU      0.50000      0.50000      0.25000      0.00000      0.00000      0.00000
RU      0.62504      0.62504      0.25000      0.01216      0.01216     -0.00000
RU      0.62434      0.50000      0.37566     -0.12450      0.00000      0.12450
RU      0.50000      0.62434      0.37566      0.00000     -0.12450      0.12450
RU      0.50000      0.75000      0.00000      0.00000      0.00000      0.00000
RU      0.62434      0.87566      0.00000     -0.12450      0.12450      0.00000
RU      0.62504      0.75000      0.12504      0.01216      0.00000      0.01216
RU      0.50000      0.87566      0.12434      0.00000      0.12450     -0.12450
RU      0.50000      0.75000      0.25000      0.00000      0.00000      0.00000
RU      0.62504      0.87496      0.25000      0.01216     -0.01216     -0.00000
RU      0.62504      0.75000      0.37496      0.01216      0.00000     -0.01216
RU      0.50000      0.87566      0.37566      0.00000      0.12450      0.12450
RU      0.75000      0.50000      0.00000      0.00000      0.00000      0.00000
RU      0.87566      0.62434      0.00000      0.12450     -0.12450      0.00000
RU      0.87566      0.50000      0.12434      0.12450      0.00000     -0.12450
RU      0.75000      0.62504      0.12504     -0.00000      0.01216      0.01216
RU      0.75000      0.50000      0.25000      0.00000      0.00000      0.00000
RU      0.87496      0.62504      0.25000     -0.01216      0.01216      0.00000
RU      0.87566      0.50000      0.37566      0.12450     -0.00000      0.12450
RU      0.75000      0.62504      0.37496      0.00000      0.01216     -0.01216
RU      0.75000      0.75000      0.00000      0.00000      0.00000      0.00000
RU      0.87566      0.87566      0.00000      0.12450      0.12450      0.00000
RU      0.87496      0.75000      0.12504     -0.01216     -0.00000      0.01216
RU      0.75000      0.87496      0.12504      0.00000     -0.01216      0.01216
RU      0.75000      0.75000      0.25000      0.00000      0.00000      0.00000
RU      0.87496      0.87496      0.25000     -0.01216     -0.01216      0.00000
RU      0.87496      0.75000      0.37496     -0.01216      0.00000     -0.01216
RU      0.75000      0.87496      0.37496      0.00000     -0.01216     -0.01216
RU      0.62434      0.62434      0.50000     -0.12450     -0.12450      0.00000
RU      0.62434      0.50000      0.62434     -0.12450     -0.00000     -0.12450
RU      0.50000      0.62434      0.62434      0.00000     -0.12450     -0.12450
RU      0.50000      0.50000      0.75000      0.00000      0.00000      0.00000
RU      0.62504      0.62504      0.75000      0.01216      0.01216     -0.00000
RU      0.62434      0.50000      0.87566     -0.12450      0.00000      0.12450
RU      0.50000      0.62434      0.87566      0.00000     -0.12450      0.12450
RU      0.50000      0.75000      0.50000      0.00000      0.00000      0.00000
RU      0.62434      0.87566      0.50000     -0.12450      0.12450      0.00000
RU      0.62504      0.75000      0.62504      0.01216      0.00000      0.01216
RU      0.50000      0.87566      0.62434      0.00000      0.12450     -0.12450
RU      0.50000      0.75000      0.75000      0.00000      0.00000      0.00000
RU      0.62504      0.87496      0.75000      0.01216     -0.01216     -0.00000
RU      0.62504      0.75000      0.87496      0.01216      0.00000     -0.01216
RU      0.50000      0.87566      0.87566      0.00000      0.12450      0.12450
RU      0.75000      0.50000      0.50000      0.00000      0.00000      0.00000
RU      0.87566      0.62434      0.50000      0.12450     -0.12450      0.00000
RU      0.87566      0.50000      0.62434      0.12450      0.00000     -0.12450
RU      0.75000      0.62504      0.62504     -0.00000      0.01216      0.01216
RU      0.75000      0.50000      0.75000      0.00000      0.00000      0.00000
RU      0.87496      0.62504      0.75000     -0.01216      0.01216      0.00000
RU      0.87566      0.50000      0.87566      0.12450     -0.00000      0.12450
RU      0.75000      0.62504      0.87496      0.00000      0.01216     -0.01216
RU      0.75000      0.75000      0.50000      0.00000      0.00000      0.00000
RU      0.87566      0.87566      0.50000      0.12450      0.12450      0.00000
RU      0.87496      0.75000      0.62504     -0.01216     -0.00000      0.01216
RU      0.75000      0.87496      0.62504      0.00000     -0.01216      0.01216
RU      0.75000      0.75000      0.75000      0.00000      0.00000      0.00000
RU      0.87496      0.87496      0.75000     -0.01216     -0.01216      0.00000
RU      0.87496      0.75000      0.87496     -0.01216      0.00000     -0.01216
RU      0.75000      0.87496      0.87496      0.00000     -0.01216     -0.01216
