/* Converted from PWscf output file */ 
#L_UNITS ang 
#E_UNITS eV 
#S_UNITS GPA 
#F_UNITS EV/ANG 
#ALAT 	  15.18582     // a0 
#X 	   1.00000     0.00000     0.00000     // X 
#Y 	   0.00000     1.00000     0.00000     // Y 
#Z 	   0.00000     0.00000     1.00000     // Z 
#SX 	  -0.36255     0.00000     0.00000     // SX 
#SY 	   0.00000    -0.36255     0.00000     // SY 
#SZ 	   0.00000     0.00000    -0.36255     // SZ 
#EPA 	  -6.62757     // Energy per Atom 
#RCUT 	6.5        // Rcut 
RU      0.12396      0.12396      0.00000     -0.08306     -0.08306      0.00000
RU      0.12396      0.00000      0.12396     -0.08306     -0.00000     -0.08306
RU      0.00000      0.12396      0.12396      0.00000     -0.08306     -0.08306
RU      0.00000      0.00000      0.25000      0.00000      0.00000      0.00000
RU      0.12510      0.12510      0.25000      0.02500      0.02500      0.00000
RU      0.12396      0.00000      0.37604     -0.08306     -0.00000      0.08306
RU      0.00000      0.12396      0.37604      0.00000     -0.08306      0.08306
RU      0.00000      0.25000      0.00000      0.00000      0.00000      0.00000
RU      0.12396      0.37604      0.00000     -0.08306      0.08306     -0.00000
RU      0.12510      0.25000      0.12510      0.02500     -0.00000      0.02500
RU      0.00000      0.37604      0.12396      0.00000      0.08306     -0.08306
RU      0.00000      0.25000      0.25000      0.00000      0.00000      0.00000
RU      0.12510      0.37490      0.25000      0.02500     -0.02500      0.00000
RU      0.12510      0.25000      0.37490      0.02500     -0.00000     -0.02500
RU      0.00000      0.37604      0.37604      0.00000      0.08306      0.08306
RU      0.25000      0.00000      0.00000      0.00000      0.00000      0.00000
RU      0.37604      0.12396      0.00000      0.08306     -0.08306     -0.00000
RU      0.37604      0.00000      0.12396      0.08306     -0.00000     -0.08306
RU      0.25000      0.12510      0.12510     -0.00000      0.02500      0.02500
RU      0.25000      0.00000      0.25000      0.00000      0.00000      0.00000
RU      0.37490      0.12510      0.25000     -0.02500      0.02500     -0.00000
RU      0.37604      0.00000      0.37604      0.08306     -0.00000      0.08306
RU      0.25000      0.12510      0.37490     -0.00000      0.02500     -0.02500
RU      0.25000      0.25000      0.00000      0.00000      0.00000      0.00000
RU      0.37604      0.37604      0.00000      0.08306      0.08306      0.00000
RU      0.37490      0.25000      0.12510     -0.02500      0.00000      0.02500
RU      0.25000      0.37490      0.12510      0.00000     -0.02500      0.02500
RU      0.25000      0.25000      0.25000      0.00000      0.00000      0.00000
RU      0.37490      0.37490      0.25000     -0.02500     -0.02500     -0.00000
RU      0.37490      0.25000      0.37490     -0.02500      0.00000     -0.02500
RU      0.25000      0.37490      0.37490      0.00000     -0.02500     -0.02500
RU      0.12396      0.12396      0.50000     -0.08306     -0.08306      0.00000
RU      0.12396      0.00000      0.62396     -0.08306     -0.00000     -0.08306
RU      0.00000      0.12396      0.62396      0.00000     -0.08306     -0.08306
RU      0.00000      0.00000      0.75000      0.00000      0.00000      0.00000
RU      0.12510      0.12510      0.75000      0.02500      0.02500      0.00000
RU      0.12396      0.00000      0.87604     -0.08306     -0.00000      0.08306
RU      0.00000      0.12396      0.87604      0.00000     -0.08306      0.08306
RU      0.00000      0.25000      0.50000      0.00000      0.00000      0.00000
RU      0.12396      0.37604      0.50000     -0.08306      0.08306     -0.00000
RU      0.12510      0.25000      0.62510      0.02500     -0.00000      0.02500
RU      0.00000      0.37604      0.62396      0.00000      0.08306     -0.08306
RU      0.00000      0.25000      0.75000      0.00000      0.00000      0.00000
RU      0.12510      0.37490      0.75000      0.02500     -0.02500      0.00000
RU      0.12510      0.25000      0.87490      0.02500     -0.00000     -0.02500
RU      0.00000      0.37604      0.87604      0.00000      0.08306      0.08306
RU      0.25000      0.00000      0.50000      0.00000      0.00000      0.00000
RU      0.37604      0.12396      0.50000      0.08306     -0.08306     -0.00000
RU      0.37604      0.00000      0.62396      0.08306     -0.00000     -0.08306
RU      0.25000      0.12510      0.62510     -0.00000      0.02500      0.02500
RU      0.25000      0.00000      0.75000      0.00000      0.00000      0.00000
RU      0.37490      0.12510      0.75000     -0.02500      0.02500     -0.00000
RU      0.37604      0.00000      0.87604      0.08306     -0.00000      0.08306
RU      0.25000      0.12510      0.87490     -0.00000      0.02500     -0.02500
RU      0.25000      0.25000      0.50000      0.00000      0.00000      0.00000
RU      0.37604      0.37604      0.50000      0.08306      0.08306      0.00000
RU      0.37490      0.25000      0.62510     -0.02500      0.00000      0.02500
RU      0.25000      0.37490      0.62510      0.00000     -0.02500      0.02500
RU      0.25000      0.25000      0.75000      0.00000      0.00000      0.00000
RU      0.37490      0.37490      0.75000     -0.02500     -0.02500     -0.00000
RU      0.37490      0.25000      0.87490     -0.02500      0.00000     -0.02500
RU      0.25000      0.37490      0.87490      0.00000     -0.02500     -0.02500
RU      0.12396      0.62396      0.00000     -0.08306     -0.08306      0.00000
RU      0.12396      0.50000      0.12396     -0.08306     -0.00000     -0.08306
RU      0.00000      0.62396      0.12396      0.00000     -0.08306     -0.08306
RU      0.00000      0.50000      0.25000      0.00000      0.00000      0.00000
RU      0.12510      0.62510      0.25000      0.02500      0.02500      0.00000
RU      0.12396      0.50000      0.37604     -0.08306     -0.00000      0.08306
RU      0.00000      0.62396      0.37604      0.00000     -0.08306      0.08306
RU      0.00000      0.75000      0.00000      0.00000      0.00000      0.00000
RU      0.12396      0.87604      0.00000     -0.08306      0.08306     -0.00000
RU      0.12510      0.75000      0.12510      0.02500     -0.00000      0.02500
RU      0.00000      0.87604      0.12396      0.00000      0.08306     -0.08306
RU      0.00000      0.75000      0.25000      0.00000      0.00000      0.00000
RU      0.12510      0.87490      0.25000      0.02500     -0.02500      0.00000
RU      0.12510      0.75000      0.37490      0.02500     -0.00000     -0.02500
RU      0.00000      0.87604      0.37604      0.00000      0.08306      0.08306
RU      0.25000      0.50000      0.00000      0.00000      0.00000      0.00000
RU      0.37604      0.62396      0.00000      0.08306     -0.08306     -0.00000
RU      0.37604      0.50000      0.12396      0.08306     -0.00000     -0.08306
RU      0.25000      0.62510      0.12510     -0.00000      0.02500      0.02500
RU      0.25000      0.50000      0.25000      0.00000      0.00000      0.00000
RU      0.37490      0.62510      0.25000     -0.02500      0.02500     -0.00000
RU      0.37604      0.50000      0.37604      0.08306     -0.00000      0.08306
RU      0.25000      0.62510      0.37490     -0.00000      0.02500     -0.02500
RU      0.25000      0.75000      0.00000      0.00000      0.00000      0.00000
RU      0.37604      0.87604      0.00000      0.08306      0.08306      0.00000
RU      0.37490      0.75000      0.12510     -0.02500      0.00000      0.02500
RU      0.25000      0.87490      0.12510      0.00000     -0.02500      0.02500
RU      0.25000      0.75000      0.25000      0.00000      0.00000      0.00000
RU      0.37490      0.87490      0.25000     -0.02500     -0.02500     -0.00000
RU      0.37490      0.75000      0.37490     -0.02500      0.00000     -0.02500
RU      0.25000      0.87490      0.37490      0.00000     -0.02500     -0.02500
RU      0.12396      0.62396      0.50000     -0.08306     -0.08306      0.00000
RU      0.12396      0.50000      0.62396     -0.08306     -0.00000     -0.08306
RU      0.00000      0.62396      0.62396      0.00000     -0.08306     -0.08306
RU      0.00000      0.50000      0.75000      0.00000      0.00000      0.00000
RU      0.12510      0.62510      0.75000      0.02500      0.02500      0.00000
RU      0.12396      0.50000      0.87604     -0.08306     -0.00000      0.08306
RU      0.00000      0.62396      0.87604      0.00000     -0.08306      0.08306
RU      0.00000      0.75000      0.50000      0.00000      0.00000      0.00000
RU      0.12396      0.87604      0.50000     -0.08306      0.08306     -0.00000
RU      0.12510      0.75000      0.62510      0.02500     -0.00000      0.02500
RU      0.00000      0.87604      0.62396      0.00000      0.08306     -0.08306
RU      0.00000      0.75000      0.75000      0.00000      0.00000      0.00000
RU      0.12510      0.87490      0.75000      0.02500     -0.02500      0.00000
RU      0.12510      0.75000      0.87490      0.02500     -0.00000     -0.02500
RU      0.00000      0.87604      0.87604      0.00000      0.08306      0.08306
RU      0.25000      0.50000      0.50000      0.00000      0.00000      0.00000
RU      0.37604      0.62396      0.50000      0.08306     -0.08306     -0.00000
RU      0.37604      0.50000      0.62396      0.08306     -0.00000     -0.08306
RU      0.25000      0.62510      0.62510     -0.00000      0.02500      0.02500
RU      0.25000      0.50000      0.75000      0.00000      0.00000      0.00000
RU      0.37490      0.62510      0.75000     -0.02500      0.02500     -0.00000
RU      0.37604      0.50000      0.87604      0.08306     -0.00000      0.08306
RU      0.25000      0.62510      0.87490     -0.00000      0.02500     -0.02500
RU      0.25000      0.75000      0.50000      0.00000      0.00000      0.00000
RU      0.37604      0.87604      0.50000      0.08306      0.08306      0.00000
RU      0.37490      0.75000      0.62510     -0.02500      0.00000      0.02500
RU      0.25000      0.87490      0.62510      0.00000     -0.02500      0.02500
RU      0.25000      0.75000      0.75000      0.00000      0.00000      0.00000
RU      0.37490      0.87490      0.75000     -0.02500     -0.02500     -0.00000
RU      0.37490      0.75000      0.87490     -0.02500      0.00000     -0.02500
RU      0.25000      0.87490      0.87490      0.00000     -0.02500     -0.02500
RU      0.62396      0.12396      0.00000     -0.08306     -0.08306      0.00000
RU      0.62396      0.00000      0.12396     -0.08306     -0.00000     -0.08306
RU      0.50000      0.12396      0.12396      0.00000     -0.08306     -0.08306
RU      0.50000      0.00000      0.25000      0.00000      0.00000      0.00000
RU      0.62510      0.12510      0.25000      0.02500      0.02500      0.00000
RU      0.62396      0.00000      0.37604     -0.08306     -0.00000      0.08306
RU      0.50000      0.12396      0.37604      0.00000     -0.08306      0.08306
RU      0.50000      0.25000      0.00000      0.00000      0.00000      0.00000
RU      0.62396      0.37604      0.00000     -0.08306      0.08306     -0.00000
RU      0.62510      0.25000      0.12510      0.02500     -0.00000      0.02500
RU      0.50000      0.37604      0.12396      0.00000      0.08306     -0.08306
RU      0.50000      0.25000      0.25000      0.00000      0.00000      0.00000
RU      0.62510      0.37490      0.25000      0.02500     -0.02500      0.00000
RU      0.62510      0.25000      0.37490      0.02500     -0.00000     -0.02500
RU      0.50000      0.37604      0.37604      0.00000      0.08306      0.08306
RU      0.75000      0.00000      0.00000      0.00000      0.00000      0.00000
RU      0.87604      0.12396      0.00000      0.08306     -0.08306     -0.00000
RU      0.87604      0.00000      0.12396      0.08306     -0.00000     -0.08306
RU      0.75000      0.12510      0.12510     -0.00000      0.02500      0.02500
RU      0.75000      0.00000      0.25000      0.00000      0.00000      0.00000
RU      0.87490      0.12510      0.25000     -0.02500      0.02500     -0.00000
RU      0.87604      0.00000      0.37604      0.08306     -0.00000      0.08306
RU      0.75000      0.12510      0.37490     -0.00000      0.02500     -0.02500
RU      0.75000      0.25000      0.00000      0.00000      0.00000      0.00000
RU      0.87604      0.37604      0.00000      0.08306      0.08306      0.00000
RU      0.87490      0.25000      0.12510     -0.02500      0.00000      0.02500
RU      0.75000      0.37490      0.12510      0.00000     -0.02500      0.02500
RU      0.75000      0.25000      0.25000      0.00000      0.00000      0.00000
RU      0.87490      0.37490      0.25000     -0.02500     -0.02500     -0.00000
RU      0.87490      0.25000      0.37490     -0.02500      0.00000     -0.02500
RU      0.75000      0.37490      0.37490      0.00000     -0.02500     -0.02500
RU      0.62396      0.12396      0.50000     -0.08306     -0.08306      0.00000
RU      0.62396      0.00000      0.62396     -0.08306     -0.00000     -0.08306
RU      0.50000      0.12396      0.62396      0.00000     -0.08306     -0.08306
RU      0.50000      0.00000      0.75000      0.00000      0.00000      0.00000
RU      0.62510      0.12510      0.75000      0.02500      0.02500      0.00000
RU      0.62396      0.00000      0.87604     -0.08306     -0.00000      0.08306
RU      0.50000      0.12396      0.87604      0.00000     -0.08306      0.08306
RU      0.50000      0.25000      0.50000      0.00000      0.00000      0.00000
RU      0.62396      0.37604      0.50000     -0.08306      0.08306     -0.00000
RU      0.62510      0.25000      0.62510      0.02500     -0.00000      0.02500
RU      0.50000      0.37604      0.62396      0.00000      0.08306     -0.08306
RU      0.50000      0.25000      0.75000      0.00000      0.00000      0.00000
RU      0.62510      0.37490      0.75000      0.02500     -0.02500      0.00000
RU      0.62510      0.25000      0.87490      0.02500     -0.00000     -0.02500
RU      0.50000      0.37604      0.87604      0.00000      0.08306      0.08306
RU      0.75000      0.00000      0.50000      0.00000      0.00000      0.00000
RU      0.87604      0.12396      0.50000      0.08306     -0.08306     -0.00000
RU      0.87604      0.00000      0.62396      0.08306     -0.00000     -0.08306
RU      0.75000      0.12510      0.62510     -0.00000      0.02500      0.02500
RU      0.75000      0.00000      0.75000      0.00000      0.00000      0.00000
RU      0.87490      0.12510      0.75000     -0.02500      0.02500     -0.00000
RU      0.87604      0.00000      0.87604      0.08306     -0.00000      0.08306
RU      0.75000      0.12510      0.87490     -0.00000      0.02500     -0.02500
RU      0.75000      0.25000      0.50000      0.00000      0.00000      0.00000
RU      0.87604      0.37604      0.50000      0.08306      0.08306      0.00000
RU      0.87490      0.25000      0.62510     -0.02500      0.00000      0.02500
RU      0.75000      0.37490      0.62510      0.00000     -0.02500      0.02500
RU      0.75000      0.25000      0.75000      0.00000      0.00000      0.00000
RU      0.87490      0.37490      0.75000     -0.02500     -0.02500     -0.00000
RU      0.87490      0.25000      0.87490     -0.02500      0.00000     -0.02500
RU      0.75000      0.37490      0.87490      0.00000     -0.02500     -0.02500
RU      0.62396      0.62396      0.00000     -0.08306     -0.08306      0.00000
RU      0.62396      0.50000      0.12396     -0.08306     -0.00000     -0.08306
RU      0.50000      0.62396      0.12396      0.00000     -0.08306     -0.08306
RU      0.50000      0.50000      0.25000      0.00000      0.00000      0.00000
RU      0.62510      0.62510      0.25000      0.02500      0.02500      0.00000
RU      0.62396      0.50000      0.37604     -0.08306     -0.00000      0.08306
RU      0.50000      0.62396      0.37604      0.00000     -0.08306      0.08306
RU      0.50000      0.75000      0.00000      0.00000      0.00000      0.00000
RU      0.62396      0.87604      0.00000     -0.08306      0.08306     -0.00000
RU      0.62510      0.75000      0.12510      0.02500     -0.00000      0.02500
RU      0.50000      0.87604      0.12396      0.00000      0.08306     -0.08306
RU      0.50000      0.75000      0.25000      0.00000      0.00000      0.00000
RU      0.62510      0.87490      0.25000      0.02500     -0.02500      0.00000
RU      0.62510      0.75000      0.37490      0.02500     -0.00000     -0.02500
RU      0.50000      0.87604      0.37604      0.00000      0.08306      0.08306
RU      0.75000      0.50000      0.00000      0.00000      0.00000      0.00000
RU      0.87604      0.62396      0.00000      0.08306     -0.08306     -0.00000
RU      0.87604      0.50000      0.12396      0.08306     -0.00000     -0.08306
RU      0.75000      0.62510      0.12510     -0.00000      0.02500      0.02500
RU      0.75000      0.50000      0.25000      0.00000      0.00000      0.00000
RU      0.87490      0.62510      0.25000     -0.02500      0.02500     -0.00000
RU      0.87604      0.50000      0.37604      0.08306     -0.00000      0.08306
RU      0.75000      0.62510      0.37490     -0.00000      0.02500     -0.02500
RU      0.75000      0.75000      0.00000      0.00000      0.00000      0.00000
RU      0.87604      0.87604      0.00000      0.08306      0.08306      0.00000
RU      0.87490      0.75000      0.12510     -0.02500      0.00000      0.02500
RU      0.75000      0.87490      0.12510      0.00000     -0.02500      0.02500
RU      0.75000      0.75000      0.25000      0.00000      0.00000      0.00000
RU      0.87490      0.87490      0.25000     -0.02500     -0.02500     -0.00000
RU      0.87490      0.75000      0.37490     -0.02500      0.00000     -0.02500
RU      0.75000      0.87490      0.37490      0.00000     -0.02500     -0.02500
RU      0.62396      0.62396      0.50000     -0.08306     -0.08306      0.00000
RU      0.62396      0.50000      0.62396     -0.08306     -0.00000     -0.08306
RU      0.50000      0.62396      0.62396      0.00000     -0.08306     -0.08306
RU      0.50000      0.50000      0.75000      0.00000      0.00000      0.00000
RU      0.62510      0.62510      0.75000      0.02500      0.02500      0.00000
RU      0.62396      0.50000      0.87604     -0.08306     -0.00000      0.08306
RU      0.50000      0.62396      0.87604      0.00000     -0.08306      0.08306
RU      0.50000      0.75000      0.50000      0.00000      0.00000      0.00000
RU      0.62396      0.87604      0.50000     -0.08306      0.08306     -0.00000
RU      0.62510      0.75000      0.62510      0.02500     -0.00000      0.02500
RU      0.50000      0.87604      0.62396      0.00000      0.08306     -0.08306
RU      0.50000      0.75000      0.75000      0.00000      0.00000      0.00000
RU      0.62510      0.87490      0.75000      0.02500     -0.02500      0.00000
RU      0.62510      0.75000      0.87490      0.02500     -0.00000     -0.02500
RU      0.50000      0.87604      0.87604      0.00000      0.08306      0.08306
RU      0.75000      0.50000      0.50000      0.00000      0.00000      0.00000
RU      0.87604      0.62396      0.50000      0.08306     -0.08306     -0.00000
RU      0.87604      0.50000      0.62396      0.08306     -0.00000     -0.08306
RU      0.75000      0.62510      0.62510     -0.00000      0.02500      0.02500
RU      0.75000      0.50000      0.75000      0.00000      0.00000      0.00000
RU      0.87490      0.62510      0.75000     -0.02500      0.02500     -0.00000
RU      0.87604      0.50000      0.87604      0.08306     -0.00000      0.08306
RU      0.75000      0.62510      0.87490     -0.00000      0.02500     -0.02500
RU      0.75000      0.75000      0.50000      0.00000      0.00000      0.00000
RU      0.87604      0.87604      0.50000      0.08306      0.08306      0.00000
RU      0.87490      0.75000      0.62510     -0.02500      0.00000      0.02500
RU      0.75000      0.87490      0.62510      0.00000     -0.02500      0.02500
RU      0.75000      0.75000      0.75000      0.00000      0.00000      0.00000
RU      0.87490      0.87490      0.75000     -0.02500     -0.02500     -0.00000
RU      0.87490      0.75000      0.87490     -0.02500      0.00000     -0.02500
RU      0.75000      0.87490      0.87490      0.00000     -0.02500     -0.02500
