/* Converted from PWscf output file */ 
#L_UNITS ang 
#E_UNITS eV 
#S_UNITS GPA 
#F_UNITS EV/ANG 
#ALAT 	   6.84410     // a0 
#X 	   1.00000     0.00000     0.00000     // X 
#Y 	   0.00000     1.05450     0.00000     // Y 
#Z 	   0.00000     0.00000     1.00000     // Z 
#SX 	   0.00408     0.00000     0.00000     // SX 
#SY 	   0.00000     0.01517     0.00000     // SY 
#SZ 	   0.00000     0.00000     0.00408     // SZ 
#EPA 	  -4.78981     // Energy per Atom 
#RCUT 	6.5        // Rcut 
FE      0.00000      0.00000      0.00000      0.00000      0.00000      0.00000
FE      0.25000      0.25000      0.00000     -0.00001      0.00002      0.00000
FE      0.25000      0.00000      0.25000     -0.00001      0.00000     -0.00001
FE      0.00000      0.25000      0.25000      0.00000      0.00002     -0.00001
FE      0.00000      0.00000      0.50000      0.00000      0.00000      0.00000
FE      0.25000      0.25000      0.50000     -0.00001      0.00001      0.00000
FE      0.25000      0.00000      0.75000     -0.00001      0.00000      0.00001
FE      0.00000      0.25000      0.75000      0.00000      0.00002      0.00001
FE      0.00000      0.50000      0.00000      0.00000      0.00000      0.00000
FE      0.25000      0.75000      0.00000     -0.00001     -0.00002      0.00000
FE      0.25000      0.50000      0.25000     -0.00002     -0.00000     -0.00002
FE      0.00000      0.75000      0.25000      0.00000     -0.00002     -0.00001
FE      0.00000      0.50000      0.50000      0.00000      0.00000      0.00000
FE      0.25000      0.75000      0.50000     -0.00001     -0.00001      0.00000
FE      0.25000      0.50000      0.75000     -0.00002      0.00000      0.00002
FE      0.00000      0.75000      0.75000      0.00000     -0.00002      0.00001
FE      0.50000      0.00000      0.00000      0.00000      0.00000      0.00000
FE      0.75000      0.25000      0.00000      0.00001      0.00002      0.00000
FE      0.75000      0.00000      0.25000      0.00001      0.00000     -0.00001
FE      0.50000      0.25000      0.25000      0.00000      0.00001     -0.00001
FE      0.50000      0.00000      0.50000      0.00000      0.00000      0.00000
FE      0.75000      0.25000      0.50000      0.00001      0.00001      0.00000
FE      0.75000      0.00000      0.75000      0.00001      0.00000      0.00001
FE      0.50000      0.25000      0.75000      0.00000      0.00001      0.00001
FE      0.50000      0.50000      0.00000      0.00000      0.00000      0.00000
FE      0.75000      0.75000      0.00000      0.00001     -0.00002      0.00000
FE      0.75000      0.50000      0.25000      0.00002      0.00000     -0.00002
FE      0.50000      0.75000      0.25000      0.00000     -0.00001     -0.00001
FE      0.50000      0.50000      0.50000      0.00000      0.00000      0.00000
FE      0.75000      0.75000      0.50000      0.00001     -0.00001      0.00000
FE      0.75000      0.50000      0.75000      0.00002     -0.00000      0.00002
FE      0.50000      0.75000      0.75000      0.00000     -0.00001      0.00001
