/* Converted from PWscf output file */ 
#L_UNITS ang 
#E_UNITS eV 
#S_UNITS GPA 
#F_UNITS EV/ANG 
#ALAT 	   7.85004     // a0 
#X 	   1.00000     0.00000     0.00000     // X 
#Y 	   0.00000     1.00000     0.00000     // Y 
#Z 	   0.00000     0.00000     1.28125     // Z 
#SX 	  -5.30128     0.00000     0.00000     // SX 
#SY 	   0.00000    -5.30128     0.00000     // SY 
#SZ 	   0.00000     0.00000    -3.67084     // SZ 
#EPA 	  -3.68930     // Energy per Atom 
#RCUT 	6.5        // Rcut 
PD      0.00000      0.00000      0.00000      0.00000      0.00000      0.09556
PD      0.25000      0.25000      0.00000     -0.00006     -0.00006      0.09510
PD      0.25000      0.00000      0.19512     -0.00034      0.00000      0.08480
PD      0.00000      0.25000      0.19512      0.00000     -0.00034      0.08480
PD      0.00000      0.00000      0.60976      0.00000      0.00000     -0.08049
PD      0.25000      0.25000      0.60976      0.00011      0.00011     -0.08011
PD      0.25000      0.00000      0.80488      0.00020      0.00000     -0.10007
PD      0.00000      0.25000      0.80488      0.00000      0.00020     -0.10007
PD      0.00000      0.50000      0.00000      0.00000      0.00000      0.09541
PD      0.25000      0.75000      0.00000     -0.00006      0.00006      0.09510
PD      0.25000      0.50000      0.19512      0.00012      0.00000      0.08483
PD      0.00000      0.75000      0.19512      0.00000      0.00034      0.08480
PD      0.00000      0.50000      0.60976      0.00000      0.00000     -0.08005
PD      0.25000      0.75000      0.60976      0.00011     -0.00011     -0.08011
PD      0.25000      0.50000      0.80488      0.00045      0.00000     -0.09986
PD      0.00000      0.75000      0.80488      0.00000     -0.00020     -0.10007
PD      0.50000      0.00000      0.00000      0.00000      0.00000      0.09541
PD      0.75000      0.25000      0.00000      0.00006     -0.00006      0.09510
PD      0.75000      0.00000      0.19512      0.00034      0.00000      0.08480
PD      0.50000      0.25000      0.19512      0.00000      0.00012      0.08483
PD      0.50000      0.00000      0.60976      0.00000      0.00000     -0.08005
PD      0.75000      0.25000      0.60976     -0.00011      0.00011     -0.08011
PD      0.75000      0.00000      0.80488     -0.00020      0.00000     -0.10007
PD      0.50000      0.25000      0.80488      0.00000      0.00045     -0.09986
PD      0.50000      0.50000      0.00000      0.00000      0.00000      0.09515
PD      0.75000      0.75000      0.00000      0.00006      0.00006      0.09510
PD      0.75000      0.50000      0.19512     -0.00012      0.00000      0.08483
PD      0.50000      0.75000      0.19512      0.00000     -0.00012      0.08483
PD      0.50000      0.50000      0.60976      0.00000      0.00000     -0.07973
PD      0.75000      0.75000      0.60976     -0.00011     -0.00011     -0.08011
PD      0.75000      0.50000      0.80488     -0.00045      0.00000     -0.09986
PD      0.50000      0.75000      0.80488      0.00000     -0.00045     -0.09986
