/* Converted from PWscf output file */ 
#L_UNITS ang 
#E_UNITS eV 
#S_UNITS GPA 
#F_UNITS EV/ANG 
#ALAT 	   7.85004     // a0 
#X 	   1.00000     0.00000     0.00000     // X 
#Y 	   0.00000     1.00000     0.00000     // Y 
#Z 	   0.00000     0.00000     1.53125     // Z 
#SX 	  -4.50779     0.00000     0.00000     // SX 
#SY 	   0.00000    -4.50779     0.00000     // SY 
#SZ 	   0.00000     0.00000    -1.82849     // SZ 
#EPA 	  -3.66450     // Energy per Atom 
#RCUT 	6.5        // Rcut 
PD      0.00000      0.00000      0.00000      0.00000      0.00000      0.08163
PD      0.25000      0.25000      0.00000      0.00001      0.00001      0.08217
PD      0.25000      0.00000      0.16327      0.00014     -0.00000     -0.10851
PD      0.00000      0.25000      0.16327      0.00000      0.00014     -0.10851
PD      0.00000      0.00000      0.67347      0.00000      0.00000      0.10931
PD      0.25000      0.25000      0.67347     -0.00046     -0.00046      0.10905
PD      0.25000      0.00000      0.83673     -0.00058      0.00000     -0.08273
PD      0.00000      0.25000      0.83673      0.00000     -0.00058     -0.08273
PD      0.00000      0.50000      0.00000      0.00000      0.00000      0.08199
PD      0.25000      0.75000      0.00000      0.00001     -0.00001      0.08217
PD      0.25000      0.50000      0.16327      0.00032      0.00000     -0.10848
PD      0.00000      0.75000      0.16327     -0.00000     -0.00014     -0.10851
PD      0.00000      0.50000      0.67347      0.00000      0.00000      0.10897
PD      0.25000      0.75000      0.67347     -0.00046      0.00046      0.10905
PD      0.25000      0.50000      0.83673     -0.00037      0.00000     -0.08255
PD      0.00000      0.75000      0.83673      0.00000      0.00058     -0.08273
PD      0.50000      0.00000      0.00000      0.00000      0.00000      0.08199
PD      0.75000      0.25000      0.00000     -0.00001      0.00001      0.08217
PD      0.75000      0.00000      0.16327     -0.00014      0.00000     -0.10851
PD      0.50000      0.25000      0.16327      0.00000      0.00032     -0.10848
PD      0.50000      0.00000      0.67347      0.00000      0.00000      0.10897
PD      0.75000      0.25000      0.67347      0.00046     -0.00046      0.10905
PD      0.75000      0.00000      0.83673      0.00058      0.00000     -0.08273
PD      0.50000      0.25000      0.83673      0.00000     -0.00037     -0.08255
PD      0.50000      0.50000      0.00000      0.00000      0.00000      0.08256
PD      0.75000      0.75000      0.00000     -0.00001     -0.00001      0.08217
PD      0.75000      0.50000      0.16327     -0.00032      0.00000     -0.10848
PD      0.50000      0.75000      0.16327      0.00000     -0.00032     -0.10848
PD      0.50000      0.50000      0.67347      0.00000      0.00000      0.10872
PD      0.75000      0.75000      0.67347      0.00046      0.00046      0.10905
PD      0.75000      0.50000      0.83673      0.00037      0.00000     -0.08255
PD      0.50000      0.75000      0.83673      0.00000      0.00037     -0.08255
