/* Converted from PWscf output file */ 
#L_UNITS ang 
#E_UNITS eV 
#S_UNITS GPA 
#F_UNITS EV/ANG 
#ALAT 	   7.85004     // a0 
#X 	   1.00000     0.00000     0.00000     // X 
#Y 	   0.00000     1.00000     0.00000     // Y 
#Z 	   0.00000     0.00000     1.06250     // Z 
#SX 	  -4.74434     0.00000     0.00000     // SX 
#SY 	   0.00000    -4.74434     0.00000     // SY 
#SZ 	   0.00000     0.00000    -7.82148     // SZ 
#EPA 	  -3.96695     // Energy per Atom 
#RCUT 	6.5        // Rcut 
PD      0.00000      0.00000      0.00000      0.00000      0.00000      0.06499
PD      0.25000      0.25000      0.00000     -0.00005     -0.00005      0.06499
PD      0.25000      0.00000      0.23529     -0.00014      0.00000      1.03361
PD      0.00000      0.25000      0.23529      0.00000     -0.00014      1.03361
PD      0.00000      0.00000      0.52941      0.00000      0.00000     -1.03188
PD      0.25000      0.25000      0.52941      0.00014      0.00014     -1.03200
PD      0.25000      0.00000      0.76471     -0.00009      0.00000     -0.06652
PD      0.00000      0.25000      0.76471      0.00000     -0.00009     -0.06652
PD      0.00000      0.50000      0.00000      0.00000      0.00000      0.06498
PD      0.25000      0.75000      0.00000     -0.00005      0.00005      0.06499
PD      0.25000      0.50000      0.23529      0.00014      0.00000      1.03362
PD      0.00000      0.75000      0.23529      0.00000      0.00014      1.03361
PD      0.00000      0.50000      0.52941      0.00000      0.00000     -1.03187
PD      0.25000      0.75000      0.52941      0.00014     -0.00014     -1.03200
PD      0.25000      0.50000      0.76471      0.00019      0.00000     -0.06677
PD      0.00000      0.75000      0.76471      0.00000      0.00009     -0.06652
PD      0.50000      0.00000      0.00000      0.00000      0.00000      0.06498
PD      0.75000      0.25000      0.00000      0.00005     -0.00005      0.06499
PD      0.75000      0.00000      0.23529      0.00014      0.00000      1.03361
PD      0.50000      0.25000      0.23529      0.00000      0.00014      1.03362
PD      0.50000      0.00000      0.52941      0.00000      0.00000     -1.03187
PD      0.75000      0.25000      0.52941     -0.00014      0.00014     -1.03200
PD      0.75000      0.00000      0.76471      0.00009      0.00000     -0.06652
PD      0.50000      0.25000      0.76471      0.00000      0.00019     -0.06677
PD      0.50000      0.50000      0.00000      0.00000      0.00000      0.06496
PD      0.75000      0.75000      0.00000      0.00005      0.00005      0.06499
PD      0.75000      0.50000      0.23529     -0.00014      0.00000      1.03362
PD      0.50000      0.75000      0.23529      0.00000     -0.00014      1.03362
PD      0.50000      0.50000      0.52941      0.00000      0.00000     -1.03201
PD      0.75000      0.75000      0.52941     -0.00014     -0.00014     -1.03200
PD      0.75000      0.50000      0.76471     -0.00019      0.00000     -0.06677
PD      0.50000      0.75000      0.76471      0.00000     -0.00019     -0.06677
