/* Converted from PWscf output file */ 
#L_UNITS ang 
#E_UNITS eV 
#S_UNITS GPA 
#F_UNITS EV/ANG 
#ALAT 	   7.85004     // a0 
#X 	   1.00000     0.00000     0.00000     // X 
#Y 	   0.00000     1.00000     0.00000     // Y 
#Z 	   0.00000     0.00000     1.21875     // Z 
#SX 	  -5.45835     0.00000     0.00000     // SX 
#SY 	   0.00000    -5.45835     0.00000     // SY 
#SZ 	   0.00000     0.00000    -5.23872     // SZ 
#EPA 	  -3.72391     // Energy per Atom 
#RCUT 	6.5        // Rcut 
PD      0.00000      0.00000      0.00000      0.00000      0.00000      0.10991
PD      0.25000      0.25000      0.00000     -0.00009     -0.00009      0.11028
PD      0.25000      0.00000      0.20513      0.00004      0.00000      0.29077
PD      0.00000      0.25000      0.20513      0.00000      0.00004      0.29077
PD      0.00000      0.00000      0.58974      0.00000      0.00000     -0.29556
PD      0.25000      0.25000      0.58974     -0.00054     -0.00054     -0.29560
PD      0.25000      0.00000      0.79487      0.00007      0.00000     -0.10582
PD      0.00000      0.25000      0.79487      0.00000      0.00007     -0.10582
PD      0.00000      0.50000      0.00000      0.00000      0.00000      0.11040
PD      0.25000      0.75000      0.00000     -0.00009      0.00009      0.11028
PD      0.25000      0.50000      0.20513      0.00004      0.00000      0.29051
PD      0.00000      0.75000      0.20513      0.00000     -0.00004      0.29077
PD      0.00000      0.50000      0.58974      0.00000      0.00000     -0.29522
PD      0.25000      0.75000      0.58974     -0.00054      0.00054     -0.29560
PD      0.25000      0.50000      0.79487     -0.00034      0.00000     -0.10505
PD      0.00000      0.75000      0.79487      0.00000     -0.00007     -0.10582
PD      0.50000      0.00000      0.00000      0.00000      0.00000      0.11040
PD      0.75000      0.25000      0.00000      0.00009     -0.00009      0.11028
PD      0.75000      0.00000      0.20513     -0.00004      0.00000      0.29077
PD      0.50000      0.25000      0.20513      0.00000      0.00004      0.29051
PD      0.50000      0.00000      0.58974      0.00000      0.00000     -0.29522
PD      0.75000      0.25000      0.58974      0.00054     -0.00054     -0.29560
PD      0.75000      0.00000      0.79487     -0.00007      0.00000     -0.10582
PD      0.50000      0.25000      0.79487      0.00000     -0.00034     -0.10505
PD      0.50000      0.50000      0.00000      0.00000      0.00000      0.11047
PD      0.75000      0.75000      0.00000      0.00009      0.00009      0.11028
PD      0.75000      0.50000      0.20513     -0.00004      0.00000      0.29051
PD      0.50000      0.75000      0.20513      0.00000     -0.00004      0.29051
PD      0.50000      0.50000      0.58974      0.00000      0.00000     -0.29553
PD      0.75000      0.75000      0.58974      0.00054      0.00054     -0.29560
PD      0.75000      0.50000      0.79487      0.00034      0.00000     -0.10505
PD      0.50000      0.75000      0.79487      0.00000      0.00034     -0.10505
