/* Converted from PWscf output file */ 
#L_UNITS ang 
#E_UNITS eV 
#S_UNITS GPA 
#F_UNITS EV/ANG 
#ALAT 	   7.85004     // a0 
#X 	   1.00000     0.00000     0.00000     // X 
#Y 	   0.00000     1.00000     0.00000     // Y 
#Z 	   0.00000     0.00000     1.09375     // Z 
#SX 	  -5.35218     0.00000     0.00000     // SX 
#SY 	   0.00000    -5.35218     0.00000     // SY 
#SZ 	   0.00000     0.00000    -8.49218     // SZ 
#EPA 	  -3.90164     // Energy per Atom 
#RCUT 	6.5        // Rcut 
PD      0.00000      0.00000      0.00000      0.00000      0.00000      0.09067
PD      0.25000      0.25000      0.00000      0.00019      0.00019      0.09051
PD      0.25000      0.00000      0.22857      0.00013      0.00000      0.97996
PD      0.00000      0.25000      0.22857      0.00000      0.00013      0.97996
PD      0.00000      0.00000      0.54286      0.00000      0.00000     -0.98391
PD      0.25000      0.25000      0.54286      0.00048      0.00048     -0.98373
PD      0.25000      0.00000      0.77143      0.00007      0.00000     -0.08626
PD      0.00000      0.25000      0.77143      0.00000      0.00007     -0.08626
PD      0.00000      0.50000      0.00000      0.00000      0.00000      0.09029
PD      0.25000      0.75000      0.00000      0.00019     -0.00019      0.09051
PD      0.25000      0.50000      0.22857      0.00013      0.00000      0.98013
PD      0.00000      0.75000      0.22857      0.00000     -0.00013      0.97996
PD      0.00000      0.50000      0.54286      0.00000      0.00000     -0.98416
PD      0.25000      0.75000      0.54286      0.00048     -0.00048     -0.98373
PD      0.25000      0.50000      0.77143      0.00027      0.00000     -0.08688
PD      0.00000      0.75000      0.77143      0.00000     -0.00007     -0.08626
PD      0.50000      0.00000      0.00000      0.00000      0.00000      0.09029
PD      0.75000      0.25000      0.00000     -0.00019      0.00019      0.09051
PD      0.75000      0.00000      0.22857     -0.00013      0.00000      0.97996
PD      0.50000      0.25000      0.22857      0.00000      0.00013      0.98013
PD      0.50000      0.00000      0.54286      0.00000      0.00000     -0.98416
PD      0.75000      0.25000      0.54286     -0.00048      0.00048     -0.98373
PD      0.75000      0.00000      0.77143     -0.00007      0.00000     -0.08626
PD      0.50000      0.25000      0.77143      0.00000      0.00027     -0.08688
PD      0.50000      0.50000      0.00000      0.00000      0.00000      0.09036
PD      0.75000      0.75000      0.00000     -0.00019     -0.00019      0.09051
PD      0.75000      0.50000      0.22857     -0.00013      0.00000      0.98013
PD      0.50000      0.75000      0.22857      0.00000     -0.00013      0.98013
PD      0.50000      0.50000      0.54286      0.00000      0.00000     -0.98427
PD      0.75000      0.75000      0.54286     -0.00048     -0.00048     -0.98373
PD      0.75000      0.50000      0.77143     -0.00027      0.00000     -0.08688
PD      0.50000      0.75000      0.77143      0.00000     -0.00027     -0.08688
