/* Converted from PWscf output file */ 
#L_UNITS ang 
#E_UNITS eV 
#S_UNITS GPA 
#F_UNITS EV/ANG 
#ALAT 	   7.85004     // a0 
#X 	   1.00000     0.00000     0.00000     // X 
#Y 	   0.00000     1.00000     0.00000     // Y 
#Z 	   0.00000     0.00000     1.50000     // Z 
#SX 	  -4.59456     0.00000     0.00000     // SX 
#SY 	   0.00000    -4.59456     0.00000     // SY 
#SZ 	   0.00000     0.00000    -1.88012     // SZ 
#EPA 	  -3.66483     // Energy per Atom 
#RCUT 	6.5        // Rcut 
PD      0.00000      0.00000      0.00000      0.00000      0.00000      0.08163
PD      0.25000      0.25000      0.00000      0.00003      0.00003      0.08178
PD      0.25000      0.00000      0.16667      0.00038      0.00000     -0.11526
PD      0.00000      0.25000      0.16667      0.00000      0.00038     -0.11526
PD      0.00000      0.00000      0.66667      0.00000      0.00000      0.11549
PD      0.25000      0.25000      0.66667      0.00011      0.00011      0.11536
PD      0.25000      0.00000      0.83333     -0.00012      0.00000     -0.08137
PD      0.00000      0.25000      0.83333      0.00000     -0.00012     -0.08137
PD      0.00000      0.50000      0.00000      0.00000      0.00000      0.08143
PD      0.25000      0.75000      0.00000      0.00003     -0.00003      0.08178
PD      0.25000      0.50000      0.16667     -0.00030      0.00000     -0.11516
PD      0.00000      0.75000      0.16667      0.00000     -0.00038     -0.11526
PD      0.00000      0.50000      0.66667      0.00000      0.00000      0.11492
PD      0.25000      0.75000      0.66667      0.00011     -0.00011      0.11536
PD      0.25000      0.50000      0.83333     -0.00039      0.00000     -0.08191
PD      0.00000      0.75000      0.83333      0.00000      0.00012     -0.08137
PD      0.50000      0.00000      0.00000      0.00000      0.00000      0.08143
PD      0.75000      0.25000      0.00000     -0.00003      0.00003      0.08178
PD      0.75000      0.00000      0.16667     -0.00038      0.00000     -0.11526
PD      0.50000      0.25000      0.16667      0.00000     -0.00030     -0.11516
PD      0.50000      0.00000      0.66667      0.00000      0.00000      0.11492
PD      0.75000      0.25000      0.66667     -0.00011      0.00011      0.11536
PD      0.75000      0.00000      0.83333      0.00012      0.00000     -0.08137
PD      0.50000      0.25000      0.83333      0.00000     -0.00039     -0.08191
PD      0.50000      0.50000      0.00000      0.00000      0.00000      0.08174
PD      0.75000      0.75000      0.00000     -0.00003     -0.00003      0.08178
PD      0.75000      0.50000      0.16667      0.00030      0.00000     -0.11516
PD      0.50000      0.75000      0.16667      0.00000      0.00030     -0.11516
PD      0.50000      0.50000      0.66667      0.00000      0.00000      0.11464
PD      0.75000      0.75000      0.66667     -0.00011     -0.00011      0.11536
PD      0.75000      0.50000      0.83333      0.00039      0.00000     -0.08191
PD      0.50000      0.75000      0.83333      0.00000      0.00039     -0.08191
