/* Converted from PWscf output file */ 
#L_UNITS ang 
#E_UNITS eV 
#S_UNITS GPA 
#F_UNITS EV/ANG 
#ALAT 	  12.18816     // a0 
#X 	   1.00000     0.00000     0.00000     // X 
#Y 	   0.00000     1.00000     0.00000     // Y 
#Z 	   0.00000     0.00000     1.00000     // Z 
#SX 	  -8.68526     0.00000     0.00000     // SX 
#SY 	   0.00000    -8.68526     0.00000     // SY 
#SZ 	   0.00000     0.00000    -8.68526     // SZ 
#EPA 	  -0.10671     // Energy per Atom 
#RCUT 	6.5        // Rcut 
RU      0.00000      0.00000      0.00000      0.00000      0.00000      0.00000
RU      0.25000      0.25000      0.00000      0.00045      0.00045     -0.00000
RU      0.25000      0.00000      0.25000      0.00045     -0.00000      0.00045
RU      0.00000      0.25000      0.25000      0.00000      0.00045      0.00045
RU      0.00000      0.00000      0.50000      0.00000      0.00000      0.00000
RU      0.25000      0.25000      0.50000     -0.00002     -0.00002      0.00000
RU      0.25000      0.00000      0.75000      0.00045     -0.00000     -0.00045
RU      0.00000      0.25000      0.75000      0.00000      0.00045     -0.00045
RU      0.00000      0.50000      0.00000      0.00000      0.00000      0.00000
RU      0.25000      0.75000      0.00000      0.00045     -0.00045      0.00000
RU      0.25000      0.50000      0.25000     -0.00002      0.00000     -0.00002
RU      0.00000      0.75000      0.25000     -0.00000     -0.00045      0.00045
RU      0.00000      0.50000      0.50000      0.00000      0.00000      0.00000
RU      0.25000      0.75000      0.50000     -0.00002      0.00002      0.00000
RU      0.25000      0.50000      0.75000     -0.00002     -0.00000      0.00002
RU      0.00000      0.75000      0.75000      0.00000     -0.00045     -0.00045
RU      0.50000      0.00000      0.00000      0.00000      0.00000      0.00000
RU      0.75000      0.25000      0.00000     -0.00045      0.00045      0.00000
RU      0.75000      0.00000      0.25000     -0.00045     -0.00000      0.00045
RU      0.50000      0.25000      0.25000     -0.00000     -0.00002     -0.00002
RU      0.50000      0.00000      0.50000      0.00000      0.00000      0.00000
RU      0.75000      0.25000      0.50000      0.00002     -0.00002     -0.00000
RU      0.75000      0.00000      0.75000     -0.00045      0.00000     -0.00045
RU      0.50000      0.25000      0.75000     -0.00000     -0.00002      0.00002
RU      0.50000      0.50000      0.00000      0.00000      0.00000      0.00000
RU      0.75000      0.75000      0.00000     -0.00045     -0.00045     -0.00000
RU      0.75000      0.50000      0.25000      0.00002      0.00000     -0.00002
RU      0.50000      0.75000      0.25000      0.00000      0.00002     -0.00002
RU      0.50000      0.50000      0.50000      0.00000      0.00000      0.00000
RU      0.75000      0.75000      0.50000      0.00002      0.00002     -0.00000
RU      0.75000      0.50000      0.75000      0.00002     -0.00000      0.00002
RU      0.50000      0.75000      0.75000      0.00000      0.00002      0.00002
