/* Converted from PWscf output file */ 
#L_UNITS ang 
#E_UNITS eV 
#S_UNITS GPA 
#F_UNITS EV/ANG 
#ALAT 	   9.14112     // a0 
#X 	   1.00000     0.00000     0.00000     // X 
#Y 	   0.00000     1.00000     0.00000     // Y 
#Z 	   0.00000     0.00000     1.00000     // Z 
#SX 	 -41.56676     0.00000     0.00000     // SX 
#SY 	   0.00000   -41.56676     0.00000     // SY 
#SZ 	   0.00000     0.00000   -41.56676     // SZ 
#EPA 	  -4.39830     // Energy per Atom 
#RCUT 	6.5        // Rcut 
RU      0.00000      0.00000      0.00000      0.00000      0.00000      0.00000
RU      0.25000      0.25000      0.00000     -0.00053     -0.00053      0.00000
RU      0.25000      0.00000      0.25000     -0.00053      0.00000     -0.00053
RU      0.00000      0.25000      0.25000     -0.00000     -0.00053     -0.00053
RU      0.00000      0.00000      0.50000      0.00000      0.00000      0.00000
RU      0.25000      0.25000      0.50000      0.00103      0.00103     -0.00000
RU      0.25000      0.00000      0.75000     -0.00053      0.00000      0.00053
RU      0.00000      0.25000      0.75000      0.00000     -0.00053      0.00053
RU      0.00000      0.50000      0.00000      0.00000      0.00000      0.00000
RU      0.25000      0.75000      0.00000     -0.00053      0.00053      0.00000
RU      0.25000      0.50000      0.25000      0.00103      0.00000      0.00103
RU      0.00000      0.75000      0.25000      0.00000      0.00053     -0.00053
RU      0.00000      0.50000      0.50000      0.00000      0.00000      0.00000
RU      0.25000      0.75000      0.50000      0.00103     -0.00103      0.00000
RU      0.25000      0.50000      0.75000      0.00103      0.00000     -0.00103
RU      0.00000      0.75000      0.75000      0.00000      0.00053      0.00053
RU      0.50000      0.00000      0.00000      0.00000      0.00000      0.00000
RU      0.75000      0.25000      0.00000      0.00053     -0.00053     -0.00000
RU      0.75000      0.00000      0.25000      0.00053      0.00000     -0.00053
RU      0.50000      0.25000      0.25000      0.00000      0.00103      0.00103
RU      0.50000      0.00000      0.50000      0.00000      0.00000      0.00000
RU      0.75000      0.25000      0.50000     -0.00103      0.00103     -0.00000
RU      0.75000      0.00000      0.75000      0.00053      0.00000      0.00053
RU      0.50000      0.25000      0.75000     -0.00000      0.00103     -0.00103
RU      0.50000      0.50000      0.00000      0.00000      0.00000      0.00000
RU      0.75000      0.75000      0.00000      0.00053      0.00053      0.00000
RU      0.75000      0.50000      0.25000     -0.00103      0.00000      0.00103
RU      0.50000      0.75000      0.25000      0.00000     -0.00103      0.00103
RU      0.50000      0.50000      0.50000      0.00000      0.00000      0.00000
RU      0.75000      0.75000      0.50000     -0.00103     -0.00103     -0.00000
RU      0.75000      0.50000      0.75000     -0.00103     -0.00000     -0.00103
RU      0.50000      0.75000      0.75000      0.00000     -0.00103     -0.00103
