/* Converted from PWscf output file */ 
#L_UNITS ang 
#E_UNITS eV 
#S_UNITS GPA 
#F_UNITS EV/ANG 
#ALAT 	   7.85004     // a0 
#X 	   1.00000     0.00000     0.00000     // X 
#Y 	   0.00000     1.00000     0.00000     // Y 
#Z 	   0.00000     0.00000     1.15625     // Z 
#SX 	  -5.61439     0.00000     0.00000     // SX 
#SY 	   0.00000    -5.61439     0.00000     // SY 
#SZ 	   0.00000     0.00000    -7.31163     // SZ 
#EPA 	  -3.79164     // Energy per Atom 
#RCUT 	6.5        // Rcut 
PD      0.00000      0.00000      0.00000      0.00000      0.00000      0.11284
PD      0.25000      0.25000      0.00000     -0.00014     -0.00014      0.11281
PD      0.25000      0.00000      0.21622      0.00005      0.00000      0.62095
PD      0.00000      0.25000      0.21622      0.00000      0.00005      0.62095
PD      0.00000      0.00000      0.56757      0.00000      0.00000     -0.62110
PD      0.25000      0.25000      0.56757     -0.00013     -0.00013     -0.62109
PD      0.25000      0.00000      0.78378     -0.00008      0.00000     -0.11269
PD      0.00000      0.25000      0.78378      0.00000     -0.00008     -0.11269
PD      0.00000      0.50000      0.00000      0.00000      0.00000      0.11290
PD      0.25000      0.75000      0.00000     -0.00014      0.00014      0.11281
PD      0.25000      0.50000      0.21622     -0.00034      0.00000      0.62105
PD      0.00000      0.75000      0.21622      0.00000     -0.00005      0.62095
PD      0.00000      0.50000      0.56757      0.00000      0.00000     -0.62108
PD      0.25000      0.75000      0.56757     -0.00013      0.00013     -0.62109
PD      0.25000      0.50000      0.78378     -0.00043      0.00000     -0.11282
PD      0.00000      0.75000      0.78378      0.00000      0.00008     -0.11269
PD      0.50000      0.00000      0.00000      0.00000      0.00000      0.11290
PD      0.75000      0.25000      0.00000      0.00014     -0.00014      0.11281
PD      0.75000      0.00000      0.21622     -0.00005      0.00000      0.62095
PD      0.50000      0.25000      0.21622      0.00000     -0.00034      0.62105
PD      0.50000      0.00000      0.56757      0.00000      0.00000     -0.62108
PD      0.75000      0.25000      0.56757      0.00013     -0.00013     -0.62109
PD      0.75000      0.00000      0.78378      0.00008      0.00000     -0.11269
PD      0.50000      0.25000      0.78378      0.00000     -0.00043     -0.11282
PD      0.50000      0.50000      0.00000      0.00000      0.00000      0.11292
PD      0.75000      0.75000      0.00000      0.00014      0.00014      0.11281
PD      0.75000      0.50000      0.21622      0.00034      0.00000      0.62105
PD      0.50000      0.75000      0.21622      0.00000      0.00034      0.62105
PD      0.50000      0.50000      0.56757      0.00000      0.00000     -0.62116
PD      0.75000      0.75000      0.56757      0.00013      0.00013     -0.62109
PD      0.75000      0.50000      0.78378      0.00043      0.00000     -0.11282
PD      0.50000      0.75000      0.78378      0.00000      0.00043     -0.11282
