/* Converted from PWscf output file */ 
#L_UNITS ang 
#E_UNITS eV 
#S_UNITS GPA 
#F_UNITS EV/ANG 
#ALAT 	   7.85004     // a0 
#X 	   1.00000     0.00000     0.00000     // X 
#Y 	   0.00000     1.00000     0.00000     // Y 
#Z 	   0.00000     0.00000     1.46875     // Z 
#SX 	  -4.69067     0.00000     0.00000     // SX 
#SY 	   0.00000    -4.69067     0.00000     // SY 
#SZ 	   0.00000     0.00000    -1.95799     // SZ 
#EPA 	  -3.66542     // Energy per Atom 
#RCUT 	6.5        // Rcut 
PD      0.00000      0.00000      0.00000      0.00000      0.00000      0.08329
PD      0.25000      0.25000      0.00000      0.00011      0.00011      0.08367
PD      0.25000      0.00000      0.17021      0.00034      0.00000     -0.10817
PD      0.00000      0.25000      0.17021      0.00000      0.00034     -0.10817
PD      0.00000      0.00000      0.65957      0.00000      0.00000      0.10833
PD      0.25000      0.25000      0.65957     -0.00000     -0.00000      0.10815
PD      0.25000      0.00000      0.82979     -0.00037      0.00000     -0.08328
PD      0.00000      0.25000      0.82979      0.00000     -0.00037     -0.08328
PD      0.00000      0.50000      0.00000      0.00000      0.00000      0.08330
PD      0.25000      0.75000      0.00000      0.00011     -0.00011      0.08367
PD      0.25000      0.50000      0.17021      0.00005      0.00000     -0.10805
PD      0.00000      0.75000      0.17021      0.00000     -0.00034     -0.10817
PD      0.00000      0.50000      0.65957      0.00000      0.00000      0.10775
PD      0.25000      0.75000      0.65957     -0.00000      0.00000      0.10815
PD      0.25000      0.50000      0.82979     -0.00030      0.00000     -0.08359
PD      0.00000      0.75000      0.82979      0.00000      0.00037     -0.08328
PD      0.50000      0.00000      0.00000      0.00000      0.00000      0.08330
PD      0.75000      0.25000      0.00000     -0.00011      0.00011      0.08367
PD      0.75000      0.00000      0.17021     -0.00034      0.00000     -0.10817
PD      0.50000      0.25000      0.17021      0.00000      0.00005     -0.10805
PD      0.50000      0.00000      0.65957      0.00000      0.00000      0.10775
PD      0.75000      0.25000      0.65957      0.00000     -0.00000      0.10815
PD      0.75000      0.00000      0.82979      0.00037      0.00000     -0.08328
PD      0.50000      0.25000      0.82979      0.00000     -0.00030     -0.08359
PD      0.50000      0.50000      0.00000      0.00000      0.00000      0.08384
PD      0.75000      0.75000      0.00000     -0.00011     -0.00011      0.08367
PD      0.75000      0.50000      0.17021     -0.00005      0.00000     -0.10805
PD      0.50000      0.75000      0.17021      0.00000     -0.00005     -0.10805
PD      0.50000      0.50000      0.65957      0.00000      0.00000      0.10748
PD      0.75000      0.75000      0.65957      0.00000      0.00000      0.10815
PD      0.75000      0.50000      0.82979      0.00030      0.00000     -0.08359
PD      0.50000      0.75000      0.82979      0.00000      0.00030     -0.08359
