/* Converted from PWscf output file */ 
#L_UNITS ang 
#E_UNITS eV 
#S_UNITS GPA 
#F_UNITS EV/ANG 
#ALAT 	   7.85004     // a0 
#X 	   1.00000     0.00000     0.00000     // X 
#Y 	   0.00000     1.00000     0.00000     // Y 
#Z 	   0.00000     0.00000     1.12500     // Z 
#SX 	  -5.55402     0.00000     0.00000     // SX 
#SY 	   0.00000    -5.55402     0.00000     // SY 
#SZ 	   0.00000     0.00000    -8.12482     // SZ 
#EPA 	  -3.84158     // Energy per Atom 
#RCUT 	6.5        // Rcut 
PD      0.00000      0.00000      0.00000      0.00000      0.00000      0.10588
PD      0.25000      0.25000      0.00000      0.00021      0.00021      0.10562
PD      0.25000      0.00000      0.22222      0.00006      0.00000      0.81971
PD      0.00000      0.25000      0.22222      0.00000      0.00006      0.81971
PD      0.00000      0.00000      0.55556      0.00000      0.00000     -0.81826
PD      0.25000      0.25000      0.55556      0.00056      0.00056     -0.81807
PD      0.25000      0.00000      0.77778      0.00009      0.00000     -0.10683
PD      0.00000      0.25000      0.77778      0.00000      0.00009     -0.10683
PD      0.00000      0.50000      0.00000      0.00000      0.00000      0.10543
PD      0.25000      0.75000      0.00000      0.00021     -0.00021      0.10562
PD      0.25000      0.50000      0.22222      0.00017      0.00000      0.81988
PD      0.00000      0.75000      0.22222      0.00000     -0.00006      0.81971
PD      0.00000      0.50000      0.55556      0.00000      0.00000     -0.81835
PD      0.25000      0.75000      0.55556      0.00056     -0.00056     -0.81807
PD      0.25000      0.50000      0.77778      0.00040      0.00000     -0.10755
PD      0.00000      0.75000      0.77778      0.00000     -0.00009     -0.10683
PD      0.50000      0.00000      0.00000      0.00000      0.00000      0.10543
PD      0.75000      0.25000      0.00000     -0.00021      0.00021      0.10562
PD      0.75000      0.00000      0.22222     -0.00006      0.00000      0.81971
PD      0.50000      0.25000      0.22222      0.00000      0.00017      0.81988
PD      0.50000      0.00000      0.55556      0.00000      0.00000     -0.81835
PD      0.75000      0.25000      0.55556     -0.00056      0.00056     -0.81807
PD      0.75000      0.00000      0.77778     -0.00009      0.00000     -0.10683
PD      0.50000      0.25000      0.77778      0.00000      0.00040     -0.10755
PD      0.50000      0.50000      0.00000      0.00000      0.00000      0.10544
PD      0.75000      0.75000      0.00000     -0.00021     -0.00021      0.10562
PD      0.75000      0.50000      0.22222     -0.00017      0.00000      0.81988
PD      0.50000      0.75000      0.22222      0.00000     -0.00017      0.81988
PD      0.50000      0.50000      0.55556      0.00000      0.00000     -0.81823
PD      0.75000      0.75000      0.55556     -0.00056     -0.00056     -0.81807
PD      0.75000      0.50000      0.77778     -0.00040      0.00000     -0.10755
PD      0.50000      0.75000      0.77778      0.00000     -0.00040     -0.10755
