/* Converted from PWscf output file */ 
#L_UNITS ang 
#E_UNITS eV 
#S_UNITS GPA 
#F_UNITS EV/ANG 
#ALAT 	   7.85004     // a0 
#X 	   1.00000     0.00000     0.00000     // X 
#Y 	   0.00000     1.00000     0.00000     // Y 
#Z 	   0.00000     0.00000     1.56250     // Z 
#SX 	  -4.39418     0.00000     0.00000     // SX 
#SY 	   0.00000    -4.39418     0.00000     // SY 
#SZ 	   0.00000     0.00000    -1.74259     // SZ 
#EPA 	  -3.66426     // Energy per Atom 
#RCUT 	6.5        // Rcut 
PD      0.00000      0.00000      0.00000      0.00000      0.00000      0.08045
PD      0.25000      0.25000      0.00000      0.00003      0.00003      0.08058
PD      0.25000      0.00000      0.16000      0.00021      0.00000     -0.11450
PD      0.00000      0.25000      0.16000      0.00000      0.00021     -0.11450
PD      0.00000      0.00000      0.68000      0.00000      0.00000      0.11391
PD      0.25000      0.25000      0.68000      0.00002      0.00002      0.11385
PD      0.25000      0.00000      0.84000     -0.00005      0.00000     -0.07964
PD      0.00000      0.25000      0.84000      0.00000     -0.00005     -0.07964
PD      0.00000      0.50000      0.00000      0.00000      0.00000      0.08038
PD      0.25000      0.75000      0.00000      0.00003     -0.00003      0.08058
PD      0.25000      0.50000      0.16000     -0.00017      0.00000     -0.11452
PD      0.00000      0.75000      0.16000      0.00000     -0.00021     -0.11450
PD      0.00000      0.50000      0.68000      0.00000      0.00000      0.11367
PD      0.25000      0.75000      0.68000      0.00002     -0.00002      0.11385
PD      0.25000      0.50000      0.84000     -0.00028      0.00000     -0.07987
PD      0.00000      0.75000      0.84000      0.00000      0.00005     -0.07964
PD      0.50000      0.00000      0.00000      0.00000      0.00000      0.08038
PD      0.75000      0.25000      0.00000     -0.00003      0.00003      0.08058
PD      0.75000      0.00000      0.16000     -0.00021      0.00000     -0.11450
PD      0.50000      0.25000      0.16000      0.00000     -0.00017     -0.11452
PD      0.50000      0.00000      0.68000      0.00000      0.00000      0.11367
PD      0.75000      0.25000      0.68000     -0.00002      0.00002      0.11385
PD      0.75000      0.00000      0.84000      0.00005      0.00000     -0.07964
PD      0.50000      0.25000      0.84000      0.00000     -0.00028     -0.07987
PD      0.50000      0.50000      0.00000      0.00000      0.00000      0.08055
PD      0.75000      0.75000      0.00000     -0.00003     -0.00003      0.08058
PD      0.75000      0.50000      0.16000      0.00017      0.00000     -0.11452
PD      0.50000      0.75000      0.16000      0.00000      0.00017     -0.11452
PD      0.50000      0.50000      0.68000      0.00000      0.00000      0.11340
PD      0.75000      0.75000      0.68000     -0.00002     -0.00002      0.11385
PD      0.75000      0.50000      0.84000      0.00028      0.00000     -0.07987
PD      0.50000      0.75000      0.84000      0.00000      0.00028     -0.07987
