/* Converted from PWscf output file */ 
#L_UNITS ang 
#E_UNITS eV 
#S_UNITS GPA 
#F_UNITS EV/ANG 
#ALAT 	   7.85004     // a0 
#X 	   1.00000     0.00000     0.00000     // X 
#Y 	   0.00000     1.00000     0.00000     // Y 
#Z 	   0.00000     0.00000     1.75000     // Z 
#SX 	  -3.93655     0.00000     0.00000     // SX 
#SY 	   0.00000    -3.93655     0.00000     // SY 
#SZ 	   0.00000     0.00000    -1.54105     // SZ 
#EPA 	  -3.66379     // Energy per Atom 
#RCUT 	6.5        // Rcut 
PD      0.00000      0.00000      0.00000      0.00000      0.00000      0.08195
PD      0.25000      0.25000      0.00000     -0.00015     -0.00015      0.08229
PD      0.25000      0.00000      0.14286     -0.00020      0.00000     -0.10501
PD      0.00000      0.25000      0.14286      0.00000     -0.00020     -0.10501
PD      0.00000      0.00000      0.71429      0.00000      0.00000      0.10374
PD      0.25000      0.25000      0.71429     -0.00028     -0.00028      0.10374
PD      0.25000      0.00000      0.85714     -0.00030      0.00000     -0.08116
PD      0.00000      0.25000      0.85714     -0.00000     -0.00030     -0.08116
PD      0.00000      0.50000      0.00000      0.00000      0.00000      0.08241
PD      0.25000      0.75000      0.00000     -0.00015      0.00015      0.08229
PD      0.25000      0.50000      0.14286      0.00014      0.00000     -0.10502
PD      0.00000      0.75000      0.14286      0.00000      0.00020     -0.10501
PD      0.00000      0.50000      0.71429      0.00000      0.00000      0.10372
PD      0.25000      0.75000      0.71429     -0.00028      0.00028      0.10374
PD      0.25000      0.50000      0.85714     -0.00002      0.00000     -0.08082
PD      0.00000      0.75000      0.85714      0.00000      0.00030     -0.08116
PD      0.50000      0.00000      0.00000      0.00000      0.00000      0.08241
PD      0.75000      0.25000      0.00000      0.00015     -0.00015      0.08229
PD      0.75000      0.00000      0.14286      0.00020      0.00000     -0.10501
PD      0.50000      0.25000      0.14286      0.00000      0.00014     -0.10502
PD      0.50000      0.00000      0.71429      0.00000      0.00000      0.10372
PD      0.75000      0.25000      0.71429      0.00028     -0.00028      0.10374
PD      0.75000      0.00000      0.85714      0.00030     -0.00000     -0.08116
PD      0.50000      0.25000      0.85714      0.00000     -0.00002     -0.08082
PD      0.50000      0.50000      0.00000      0.00000      0.00000      0.08240
PD      0.75000      0.75000      0.00000      0.00015      0.00015      0.08229
PD      0.75000      0.50000      0.14286     -0.00014      0.00000     -0.10502
PD      0.50000      0.75000      0.14286      0.00000     -0.00014     -0.10502
PD      0.50000      0.50000      0.71429      0.00000      0.00000      0.10357
PD      0.75000      0.75000      0.71429      0.00028      0.00028      0.10374
PD      0.75000      0.50000      0.85714      0.00002      0.00000     -0.08082
PD      0.50000      0.75000      0.85714      0.00000      0.00002     -0.08082
