/* Converted from PWscf output file */ 
#L_UNITS ang 
#E_UNITS eV 
#S_UNITS GPA 
#F_UNITS EV/ANG 
#ALAT 	   7.87621     // a0 
#X 	   1.00000     0.00000     0.00000     // X 
#Y 	   0.00000     0.99668     0.00000     // Y 
#Z 	   0.00000     0.00000     0.99668     // Z 
#SX 	  -0.63103     0.00000     0.00000     // SX 
#SY 	   0.00000    -0.38078     0.00000     // SY 
#SZ 	   0.00000     0.00000    -0.38078     // SZ 
#EPA 	  -4.04999     // Energy per Atom 
#RCUT 	6.5        // Rcut 
PD      0.00000      0.00000      0.00000      0.00000      0.00000      0.00000
PD      0.25000      0.25000      0.00000      0.00013      0.00191      0.00000
PD      0.25000      0.00000      0.25000      0.00013     -0.00000      0.00191
PD      0.00000      0.25000      0.25000      0.00000      0.00138      0.00138
PD      0.00000      0.00000      0.50000      0.00000      0.00000      0.00000
PD      0.25001      0.25001      0.50000      0.00154      0.00259     -0.00000
PD      0.25000      0.00000      0.74999      0.00013      0.00000     -0.00191
PD      0.00000      0.25000      0.74999      0.00000      0.00138     -0.00138
PD      0.00000      0.50000      0.00000      0.00000      0.00000      0.00000
PD      0.25000      0.75000      0.00000      0.00013     -0.00191      0.00000
PD      0.25001      0.50000      0.25001      0.00154     -0.00000      0.00259
PD      0.00000      0.75000      0.25000      0.00000     -0.00138      0.00138
PD      0.00000      0.50000      0.50000      0.00000      0.00000      0.00000
PD      0.25001      0.74999      0.50000      0.00154     -0.00259      0.00000
PD      0.25001      0.50000      0.74999      0.00154      0.00000     -0.00259
PD      0.00000      0.75000      0.74999      0.00000     -0.00138     -0.00138
PD      0.50000      0.00000      0.00000      0.00000      0.00000      0.00000
PD      0.75000      0.25000      0.00000     -0.00013      0.00191     -0.00000
PD      0.75000      0.00000      0.25000     -0.00013     -0.00000      0.00191
PD      0.50000      0.25001      0.25001      0.00000      0.00347      0.00347
PD      0.50000      0.00000      0.50000      0.00000      0.00000      0.00000
PD      0.74999      0.25001      0.50000     -0.00154      0.00259      0.00000
PD      0.75000      0.00000      0.74999     -0.00013      0.00000     -0.00191
PD      0.50000      0.25001      0.74999      0.00000      0.00347     -0.00347
PD      0.50000      0.50000      0.00000      0.00000      0.00000     -0.00000
PD      0.75000      0.75000      0.00000     -0.00013     -0.00191      0.00000
PD      0.74999      0.50000      0.25001     -0.00154     -0.00000      0.00259
PD      0.50000      0.74999      0.25001      0.00000     -0.00347      0.00347
PD      0.50000      0.50000      0.50000      0.00000      0.00000      0.00000
PD      0.74999      0.74999      0.50000     -0.00154     -0.00259      0.00000
PD      0.74999      0.50000      0.74999     -0.00154      0.00000     -0.00259
PD      0.50000      0.74999      0.74999      0.00000     -0.00347     -0.00347
