/* Converted from PWscf output file */ 
#L_UNITS ang 
#E_UNITS eV 
#S_UNITS GPA 
#F_UNITS EV/ANG 
#ALAT 	   7.85658     // a0 
#X 	   1.00000     0.00000     0.00000     // X 
#Y 	   0.00000     0.99917     0.00000     // Y 
#Z 	   0.00000     0.00000     0.99917     // Z 
#SX 	  -0.06446     0.00000     0.00000     // SX 
#SY 	   0.00000     0.00160     0.00000     // SY 
#SZ 	   0.00000     0.00000     0.00160     // SZ 
#EPA 	  -4.04971     // Energy per Atom 
#RCUT 	6.5        // Rcut 
PD      0.00000      0.00000      0.00000      0.00000      0.00000      0.00000
PD      0.25000      0.25000      0.00000      0.00012      0.00195     -0.00000
PD      0.25000      0.00000      0.25000      0.00012     -0.00000      0.00195
PD      0.00000      0.25000      0.25000      0.00000      0.00140      0.00140
PD      0.00000      0.00000      0.50000      0.00000      0.00000      0.00000
PD      0.25001      0.25001      0.50000      0.00156      0.00262      0.00000
PD      0.25000      0.00000      0.74999      0.00012      0.00000     -0.00195
PD      0.00000      0.25000      0.74999      0.00000      0.00140     -0.00140
PD      0.00000      0.50000      0.00000      0.00000      0.00000      0.00000
PD      0.25000      0.75000      0.00000      0.00012     -0.00195      0.00000
PD      0.25001      0.50000      0.25001      0.00156      0.00000      0.00262
PD      0.00000      0.75000      0.25000      0.00000     -0.00140      0.00140
PD      0.00000      0.50000      0.50000      0.00000      0.00000      0.00000
PD      0.25001      0.74999      0.50000      0.00156     -0.00262     -0.00000
PD      0.25001      0.50000      0.74999      0.00156      0.00000     -0.00262
PD      0.00000      0.75000      0.74999      0.00000     -0.00140     -0.00140
PD      0.50000      0.00000      0.00000      0.00000      0.00000      0.00000
PD      0.75000      0.25000      0.00000     -0.00012      0.00195     -0.00000
PD      0.75000      0.00000      0.25000     -0.00012      0.00000      0.00195
PD      0.50000      0.25001      0.25001      0.00000      0.00348      0.00348
PD      0.50000      0.00000      0.50000      0.00000      0.00000      0.00000
PD      0.74999      0.25001      0.50000     -0.00156      0.00262     -0.00000
PD      0.75000      0.00000      0.74999     -0.00012      0.00000     -0.00195
PD      0.50000      0.25001      0.74999      0.00000      0.00348     -0.00348
PD      0.50000      0.50000      0.00000      0.00000      0.00000     -0.00000
PD      0.75000      0.75000      0.00000     -0.00012     -0.00195     -0.00000
PD      0.74999      0.50000      0.25001     -0.00156      0.00000      0.00262
PD      0.50000      0.74999      0.25001      0.00000     -0.00348      0.00348
PD      0.50000      0.50000      0.50000      0.00000      0.00000      0.00000
PD      0.74999      0.74999      0.50000     -0.00156     -0.00262      0.00000
PD      0.74999      0.50000      0.74999     -0.00156      0.00000     -0.00262
PD      0.50000      0.74999      0.74999      0.00000     -0.00348     -0.00348
