/* Converted from PWscf output file */ 
#L_UNITS ang 
#E_UNITS eV 
#S_UNITS GPA 
#F_UNITS EV/ANG 
#ALAT 	   7.85004     // a0 
#X 	   1.00000     0.00000     0.00000     // X 
#Y 	   0.00000     1.00167     0.00000     // Y 
#Z 	   0.00000     0.00000     1.00000     // Z 
#SX 	  -0.07715     0.00000     0.00000     // SX 
#SY 	   0.00000    -0.19513     0.00000     // SY 
#SZ 	   0.00000     0.00000    -0.07715     // SZ 
#EPA 	  -4.04982     // Energy per Atom 
#RCUT 	6.5        // Rcut 
PD      0.00000      0.00000      0.00000      0.00000      0.00000      0.00000
PD      0.25000      0.25000      0.00000     -0.00010      0.00647     -0.00000
PD      0.25000      0.00000      0.25000     -0.00079      0.00000     -0.00079
PD      0.00000      0.25000      0.25000      0.00000      0.00647     -0.00010
PD      0.00000      0.00000      0.50000      0.00000      0.00000     -0.00000
PD      0.25001      0.25001      0.50000      0.00110      0.01088      0.00000
PD      0.25000      0.00000      0.74999     -0.00079      0.00000      0.00079
PD      0.00000      0.25000      0.74999      0.00000      0.00647      0.00010
PD      0.00000      0.50000      0.00000      0.00000     -0.00000     -0.00000
PD      0.25000      0.74999      0.00000     -0.00010     -0.00647     -0.00000
PD      0.25001      0.50000      0.25001      0.00151      0.00000      0.00151
PD      0.00000      0.74999      0.25000      0.00000     -0.00647     -0.00010
PD      0.00000      0.50000      0.50000      0.00000      0.00000      0.00000
PD      0.25001      0.74999      0.50000      0.00110     -0.01088     -0.00000
PD      0.25001      0.50000      0.74999      0.00151      0.00000     -0.00151
PD      0.00000      0.74999      0.74999      0.00000     -0.00647      0.00010
PD      0.50000      0.00000      0.00000      0.00000      0.00000     -0.00000
PD      0.75000      0.25000      0.00000      0.00010      0.00647      0.00000
PD      0.75000      0.00000      0.25000      0.00079      0.00000     -0.00079
PD      0.50000      0.25001      0.25001      0.00000      0.01088      0.00110
PD      0.50000      0.00000      0.50000      0.00000      0.00000      0.00000
PD      0.74999      0.25001      0.50000     -0.00110      0.01088     -0.00000
PD      0.75000      0.00000      0.74999      0.00079      0.00000      0.00079
PD      0.50000      0.25001      0.74999     -0.00000      0.01088     -0.00110
PD      0.50000      0.50000      0.00000      0.00000      0.00000      0.00000
PD      0.75000      0.74999      0.00000      0.00010     -0.00647     -0.00000
PD      0.74999      0.50000      0.25001     -0.00151      0.00000      0.00151
PD      0.50000      0.74999      0.25001     -0.00000     -0.01088      0.00110
PD      0.50000      0.50000      0.50000      0.00000      0.00000      0.00000
PD      0.74999      0.74999      0.50000     -0.00110     -0.01088      0.00000
PD      0.74999      0.50000      0.74999     -0.00151      0.00000     -0.00151
PD      0.50000      0.74999      0.74999      0.00000     -0.01088     -0.00110
