/* Converted from PWscf output file */ 
#L_UNITS ang 
#E_UNITS eV 
#S_UNITS GPA 
#F_UNITS EV/ANG 
#ALAT 	   7.85009     // a0 
#X 	   1.00000     0.00000     0.00000     // X 
#Y 	   0.00000     1.00000     0.00417     // Y 
#Z 	   0.00000     0.00417     1.00000     // Z 
#SX 	   0.12834     0.00000     0.00000     // SX 
#SY 	   0.00000     0.16115    -0.75062     // SY 
#SZ 	   0.00000    -0.75062     0.16115     // SZ 
#EPA 	  -4.04931     // Energy per Atom 
#RCUT 	6.5        // Rcut 
PD      0.00000      0.00000      0.00000      0.00000      0.00000      0.00000
PD      0.25000      0.25000     -0.00000      0.00009      0.00199      0.00006
PD      0.25000     -0.00000      0.25000      0.00009      0.00006      0.00199
PD      0.00000      0.25000      0.25000      0.00000      0.00138      0.00138
PD      0.00000     -0.00000      0.50000      0.00000      0.00000      0.00000
PD      0.25001      0.25001      0.50000      0.00137      0.00226     -0.00011
PD      0.25000     -0.00000      0.74999      0.00009     -0.00006     -0.00199
PD      0.00000      0.25000      0.74999      0.00000      0.00121     -0.00121
PD      0.00000      0.50000     -0.00000      0.00000      0.00000      0.00000
PD      0.25000      0.75000     -0.00000      0.00009     -0.00199     -0.00006
PD      0.25001      0.50000      0.25001      0.00137     -0.00011      0.00226
PD      0.00000      0.75000      0.25000      0.00000     -0.00121      0.00121
PD      0.00000      0.50000      0.50000      0.00000      0.00000      0.00000
PD      0.25001      0.74999      0.50000      0.00137     -0.00226      0.00011
PD      0.25001      0.50000      0.74999      0.00137      0.00011     -0.00226
PD      0.00000      0.74999      0.74999      0.00000     -0.00138     -0.00138
PD      0.50000      0.00000      0.00000      0.00000      0.00000      0.00000
PD      0.75000      0.25000     -0.00000     -0.00009      0.00199      0.00006
PD      0.75000     -0.00000      0.25000     -0.00009      0.00006      0.00199
PD      0.50000      0.25001      0.25001      0.00000      0.00326      0.00326
PD      0.50000     -0.00000      0.50000      0.00000      0.00000      0.00000
PD      0.74999      0.25001      0.50000     -0.00137      0.00226     -0.00011
PD      0.75000     -0.00000      0.74999     -0.00009     -0.00006     -0.00199
PD      0.50000      0.25001      0.74999      0.00000      0.00321     -0.00321
PD      0.50000      0.50000     -0.00000      0.00000      0.00000      0.00000
PD      0.75000      0.75000     -0.00000     -0.00009     -0.00199     -0.00006
PD      0.74999      0.50000      0.25001     -0.00137     -0.00011      0.00226
PD      0.50000      0.74999      0.25001      0.00000     -0.00321      0.00321
PD      0.50000      0.50000      0.50000      0.00000      0.00000      0.00000
PD      0.74999      0.74999      0.50000     -0.00137     -0.00226      0.00011
PD      0.74999      0.50000      0.74999     -0.00137      0.00011     -0.00226
PD      0.50000      0.74999      0.74999      0.00000     -0.00326     -0.00326
