/* Converted from PWscf output file */ 
#L_UNITS ang 
#E_UNITS eV 
#S_UNITS GPA 
#F_UNITS EV/ANG 
#ALAT 	   7.85005     // a0 
#X 	   1.00000     0.00167     0.00000     // X 
#Y 	   0.00167     1.00000     0.00000     // Y 
#Z 	   0.00000     0.00000     1.00000     // Z 
#SX 	   0.16450    -0.30553     0.00000     // SX 
#SY 	  -0.30553     0.16450     0.00000     // SY 
#SZ 	   0.00000     0.00000     0.15896     // SZ 
#EPA 	  -4.04955     // Energy per Atom 
#RCUT 	6.5        // Rcut 
PD      0.00000      0.00000      0.00000      0.00000      0.00000      0.00000
PD      0.25000      0.25000      0.00000      0.00163      0.00163      0.00000
PD      0.25000     -0.00000      0.25000      0.00152     -0.00023     -0.00046
PD     -0.00000      0.25000      0.25000     -0.00023      0.00152     -0.00046
PD      0.00000      0.00000      0.50000      0.00000      0.00000      0.00000
PD      0.25001      0.25001      0.50000      0.00227      0.00227      0.00000
PD      0.25000     -0.00000      0.74999      0.00152     -0.00023      0.00046
PD     -0.00000      0.25000      0.74999     -0.00023      0.00152      0.00046
PD     -0.00000      0.50000      0.00000      0.00000      0.00000      0.00000
PD      0.25000      0.75000      0.00000      0.00187     -0.00187      0.00000
PD      0.25001      0.50000      0.25001      0.00220      0.00069     -0.00048
PD     -0.00000      0.75000      0.25000      0.00023     -0.00152     -0.00046
PD     -0.00000      0.50000      0.50000      0.00000      0.00000      0.00000
PD      0.25001      0.74999      0.50000      0.00214     -0.00214      0.00000
PD      0.25001      0.50000      0.74999      0.00220      0.00069      0.00048
PD     -0.00000      0.75000      0.74999      0.00023     -0.00152      0.00046
PD      0.50000     -0.00000      0.00000      0.00000      0.00000      0.00000
PD      0.75000      0.25000      0.00000     -0.00187      0.00187      0.00000
PD      0.75000     -0.00000      0.25000     -0.00152      0.00023     -0.00046
PD      0.50000      0.25001      0.25001      0.00069      0.00220     -0.00048
PD      0.50000     -0.00000      0.50000      0.00000      0.00000      0.00000
PD      0.74999      0.25001      0.50000     -0.00214      0.00214      0.00000
PD      0.75000     -0.00000      0.74999     -0.00152      0.00023      0.00046
PD      0.50000      0.25001      0.74999      0.00069      0.00220      0.00048
PD      0.50000      0.50000      0.00000      0.00000      0.00000      0.00000
PD      0.74999      0.74999      0.00000     -0.00163     -0.00163      0.00000
PD      0.74999      0.50000      0.25001     -0.00220     -0.00069     -0.00048
PD      0.50000      0.74999      0.25001     -0.00069     -0.00220     -0.00048
PD      0.50000      0.50000      0.50000      0.00000      0.00000      0.00000
PD      0.74999      0.74999      0.50000     -0.00227     -0.00227      0.00000
PD      0.74999      0.50000      0.74999     -0.00220     -0.00069      0.00048
PD      0.50000      0.74999      0.74999     -0.00069     -0.00220      0.00048
