/* Converted from PWscf output file */ 
#L_UNITS ang 
#E_UNITS eV 
#S_UNITS GPA 
#F_UNITS EV/ANG 
#ALAT 	   7.85007     // a0 
#X 	   1.00000     0.00333     0.00000     // X 
#Y 	   0.00333     1.00000     0.00000     // Y 
#Z 	   0.00000     0.00000     1.00000     // Z 
#SX 	   0.17982    -0.60537     0.00000     // SX 
#SY 	  -0.60537     0.17982     0.00000     // SY 
#SZ 	   0.00000     0.00000     0.15998     // SZ 
#EPA 	  -4.04941     // Energy per Atom 
#RCUT 	6.5        // Rcut 
PD      0.00000      0.00000      0.00000      0.00000      0.00000      0.00000
PD      0.25000      0.25000      0.00000      0.00159      0.00159      0.00000
PD      0.25000      0.00000      0.25000      0.00150     -0.00027     -0.00045
PD      0.00000      0.25000      0.25000     -0.00027      0.00150     -0.00045
PD      0.00000      0.00000      0.50000      0.00000      0.00000      0.00000
PD      0.25001      0.25001      0.50000      0.00220      0.00220      0.00000
PD      0.25000      0.00000      0.74999      0.00150     -0.00027      0.00045
PD      0.00000      0.25000      0.74999     -0.00027      0.00150      0.00045
PD      0.00000      0.50000      0.00000      0.00000      0.00000      0.00000
PD      0.25000      0.75000      0.00000      0.00187     -0.00187      0.00000
PD      0.25001      0.50000      0.25001      0.00209      0.00077     -0.00050
PD      0.00000      0.74999      0.25000      0.00027     -0.00150     -0.00045
PD      0.00000      0.50000      0.50000      0.00000      0.00000      0.00000
PD      0.25001      0.74999      0.50000      0.00202     -0.00202      0.00000
PD      0.25001      0.50000      0.74999      0.00209      0.00077      0.00050
PD      0.00000      0.74999      0.74999      0.00027     -0.00150      0.00045
PD      0.50000      0.00000      0.00000      0.00000      0.00000      0.00000
PD      0.75000      0.25000      0.00000     -0.00187      0.00187      0.00000
PD      0.74999      0.00000      0.25000     -0.00150      0.00027     -0.00045
PD      0.50000      0.25001      0.25001      0.00077      0.00209     -0.00050
PD      0.50000      0.00000      0.50000      0.00000      0.00000      0.00000
PD      0.74999      0.25001      0.50000     -0.00202      0.00202      0.00000
PD      0.74999      0.00000      0.74999     -0.00150      0.00027      0.00045
PD      0.50000      0.25001      0.74999      0.00077      0.00209      0.00050
PD      0.50000      0.50000      0.00000      0.00000      0.00000      0.00000
PD      0.75000      0.75000      0.00000     -0.00159     -0.00159      0.00000
PD      0.74999      0.50000      0.25001     -0.00209     -0.00077     -0.00050
PD      0.50000      0.74999      0.25001     -0.00077     -0.00209     -0.00050
PD      0.50000      0.50000      0.50000      0.00000      0.00000      0.00000
PD      0.74999      0.74999      0.50000     -0.00220     -0.00220      0.00000
PD      0.74999      0.50000      0.74999     -0.00209     -0.00077      0.00050
PD      0.50000      0.74999      0.74999     -0.00077     -0.00209      0.00050
