/* Converted from PWscf output file */ 
#L_UNITS ang 
#E_UNITS eV 
#S_UNITS GPA 
#F_UNITS EV/ANG 
#ALAT 	   7.87624     // a0 
#X 	   1.00000     0.00000     0.00000     // X 
#Y 	   0.00000     0.99336     0.00000     // Y 
#Z 	   0.00000     0.00000     0.99668     // Z 
#SX 	  -0.06650     0.00000     0.00000     // SX 
#SY 	   0.00000     0.43197     0.00000     // SY 
#SZ 	   0.00000     0.00000     0.18769     // SZ 
#EPA 	  -4.04951     // Energy per Atom 
#RCUT 	6.5        // Rcut 
PD      0.00000      0.00000      0.00000      0.00000      0.00000      0.00000
PD      0.25000      0.25000      0.00000      0.00083      0.00607      0.00000
PD      0.25000      0.00000      0.25000     -0.00067     -0.00000     -0.00156
PD      0.00000      0.25000      0.25000      0.00000      0.00486     -0.00119
PD      0.00000      0.00000      0.50000      0.00000      0.00000      0.00000
PD      0.25001      0.25001      0.50000      0.00165      0.00851      0.00000
PD      0.25000      0.00000      0.74999     -0.00067      0.00000      0.00156
PD      0.00000      0.25000      0.74999      0.00000      0.00486      0.00119
PD      0.00000      0.50000      0.00000      0.00000      0.00000      0.00000
PD      0.25000      0.75000      0.00000      0.00083     -0.00607      0.00000
PD      0.25001      0.50000      0.25001      0.00333      0.00000     -0.00025
PD      0.00000      0.75000      0.25000      0.00000     -0.00486     -0.00119
PD      0.00000      0.50000      0.50000      0.00000      0.00000      0.00000
PD      0.25001      0.74999      0.50000      0.00165     -0.00851      0.00000
PD      0.25001      0.50000      0.74999      0.00333      0.00000      0.00025
PD      0.00000      0.75000      0.74999      0.00000     -0.00486      0.00119
PD      0.50000      0.00000      0.00000      0.00000      0.00000      0.00000
PD      0.75000      0.25000      0.00000     -0.00083      0.00607      0.00000
PD      0.75000      0.00000      0.25000      0.00067      0.00000     -0.00156
PD      0.50000      0.25001      0.25001      0.00000      0.01051     -0.00013
PD      0.50000      0.00000      0.50000      0.00000      0.00000      0.00000
PD      0.74999      0.25001      0.50000     -0.00165      0.00851      0.00000
PD      0.75000      0.00000      0.74999      0.00067     -0.00000      0.00156
PD      0.50000      0.25001      0.74999      0.00000      0.01051      0.00013
PD      0.50000      0.50000      0.00000      0.00000      0.00000      0.00000
PD      0.75000      0.75000      0.00000     -0.00083     -0.00607      0.00000
PD      0.74999      0.50000      0.25001     -0.00333      0.00000     -0.00025
PD      0.50000      0.74999      0.25001      0.00000     -0.01051     -0.00013
PD      0.50000      0.50000      0.50000      0.00000      0.00000      0.00000
PD      0.74999      0.74999      0.50000     -0.00165     -0.00851      0.00000
PD      0.74999      0.50000      0.74999     -0.00333      0.00000      0.00025
PD      0.50000      0.74999      0.74999      0.00000     -0.01051      0.00013
