/* Converted from PWscf output file */ 
#L_UNITS ang 
#E_UNITS eV 
#S_UNITS GPA 
#F_UNITS EV/ANG 
#ALAT 	   7.86314     // a0 
#X 	   1.00000     0.00000     0.00000     // X 
#Y 	   0.00000     0.99834     0.00000     // Y 
#Z 	   0.00000     0.00000     0.99667     // Z 
#SX 	   0.04798     0.00000     0.00000     // SX 
#SY 	   0.00000     0.17894     0.00000     // SY 
#SZ 	   0.00000     0.00000     0.29648     // SZ 
#EPA 	  -4.04957     // Energy per Atom 
#RCUT 	6.5        // Rcut 
PD      0.00000      0.00000      0.00000      0.00000      0.00000      0.00000
PD      0.25000      0.25000      0.00000      0.00084      0.00634      0.00000
PD      0.25000      0.00000      0.25000     -0.00071      0.00000     -0.00155
PD      0.00000      0.25000      0.25000      0.00000      0.00498     -0.00123
PD      0.00000      0.00000      0.50000      0.00000      0.00000      0.00000
PD      0.25001      0.25001      0.50000      0.00166      0.00871      0.00000
PD      0.25000      0.00000      0.75000     -0.00071      0.00000      0.00155
PD      0.00000      0.25000      0.75000      0.00000      0.00498      0.00123
PD      0.00000      0.50000      0.00000      0.00000      0.00000      0.00000
PD      0.25000      0.75000      0.00000      0.00084     -0.00634      0.00000
PD      0.25001      0.50000      0.25001      0.00341      0.00000     -0.00027
PD      0.00000      0.75000      0.25000      0.00000     -0.00498     -0.00123
PD      0.00000      0.50000      0.50000      0.00000      0.00000      0.00000
PD      0.25001      0.74999      0.50000      0.00166     -0.00871      0.00000
PD      0.25001      0.50000      0.74999      0.00341     -0.00000      0.00027
PD      0.00000      0.75000      0.75000      0.00000     -0.00498      0.00123
PD      0.50000      0.00000      0.00000      0.00000      0.00000      0.00000
PD      0.74999      0.25000      0.00000     -0.00084      0.00634      0.00000
PD      0.74999      0.00000      0.25000      0.00071      0.00000     -0.00155
PD      0.50000      0.25001      0.25001      0.00000      0.01078     -0.00022
PD      0.50000      0.00000      0.50000      0.00000      0.00000      0.00000
PD      0.74999      0.25001      0.50000     -0.00166      0.00871      0.00000
PD      0.74999      0.00000      0.75000      0.00071      0.00000      0.00155
PD      0.50000      0.25001      0.74999      0.00000      0.01078      0.00022
PD      0.50000      0.50000      0.00000      0.00000      0.00000      0.00000
PD      0.74999      0.75000      0.00000     -0.00084     -0.00634      0.00000
PD      0.74999      0.50000      0.25001     -0.00341     -0.00000     -0.00027
PD      0.50000      0.74999      0.25001      0.00000     -0.01078     -0.00022
PD      0.50000      0.50000      0.50000      0.00000      0.00000      0.00000
PD      0.74999      0.74999      0.50000     -0.00166     -0.00871      0.00000
PD      0.74999      0.50000      0.74999     -0.00341      0.00000      0.00027
PD      0.50000      0.74999      0.74999      0.00000     -0.01078      0.00022
