/* Converted from PWscf output file */ 
#L_UNITS ang 
#E_UNITS eV 
#S_UNITS GPA 
#F_UNITS EV/ANG 
#ALAT 	   7.88936     // a0 
#X 	   1.00000     0.00000     0.00000     // X 
#Y 	   0.00000     0.99502     0.00000     // Y 
#Z 	   0.00000     0.00000     0.99005     // Z 
#SX 	  -0.22794     0.00000     0.00000     // SX 
#SY 	   0.00000     0.16246     0.00000     // SY 
#SZ 	   0.00000     0.00000     0.51495     // SZ 
#EPA 	  -4.04942     // Energy per Atom 
#RCUT 	6.5        // Rcut 
PD      0.00000      0.00000      0.00000      0.00000      0.00000      0.00000
PD      0.25000      0.25000      0.00000      0.00050      0.00410      0.00000
PD      0.25000      0.00000      0.25000     -0.00056      0.00000      0.00073
PD      0.00000      0.25000      0.25000      0.00000      0.00233      0.00028
PD      0.00000      0.00000      0.50000      0.00000      0.00000      0.00000
PD      0.25001      0.25001      0.50000     -0.00030      0.00521      0.00000
PD      0.25000      0.00000      0.75000     -0.00056     -0.00000     -0.00073
PD      0.00000      0.25000      0.75000      0.00000      0.00233     -0.00028
PD      0.00000      0.50000      0.00000      0.00000      0.00000      0.00000
PD      0.25000      0.75000      0.00000      0.00050     -0.00410      0.00000
PD      0.25001      0.50000      0.25001      0.00037      0.00000     -0.00091
PD      0.00000      0.75000      0.25000      0.00000     -0.00233      0.00028
PD      0.00000      0.50000      0.50000      0.00000      0.00000      0.00000
PD      0.25001      0.74999      0.50000     -0.00030     -0.00521      0.00000
PD      0.25001      0.50000      0.74999      0.00037     -0.00000      0.00091
PD      0.00000      0.75000      0.75000      0.00000     -0.00233     -0.00028
PD      0.50000      0.00000      0.00000      0.00000      0.00000      0.00000
PD      0.75000      0.25000      0.00000     -0.00050      0.00410      0.00000
PD      0.75000      0.00000      0.25000      0.00056     -0.00000      0.00073
PD      0.50000      0.25001      0.25001      0.00000      0.00733     -0.00059
PD      0.50000      0.00000      0.50000      0.00000      0.00000      0.00000
PD      0.74999      0.25001      0.50000      0.00030      0.00521      0.00000
PD      0.75000      0.00000      0.75000      0.00056      0.00000     -0.00073
PD      0.50000      0.25001      0.74999      0.00000      0.00733      0.00059
PD      0.50000      0.50000      0.00000      0.00000      0.00000      0.00000
PD      0.75000      0.75000      0.00000     -0.00050     -0.00410      0.00000
PD      0.74999      0.50000      0.25001     -0.00037     -0.00000     -0.00091
PD      0.50000      0.74999      0.25001      0.00000     -0.00733     -0.00059
PD      0.50000      0.50000      0.50000      0.00000      0.00000      0.00000
PD      0.74999      0.74999      0.50000      0.00030     -0.00521      0.00000
PD      0.74999      0.50000      0.74999     -0.00037      0.00000      0.00091
PD      0.50000      0.74999      0.74999      0.00000     -0.00733      0.00059
