/* Converted from PWscf output file */ 
#L_UNITS ang 
#E_UNITS eV 
#S_UNITS GPA 
#F_UNITS EV/ANG 
#ALAT 	   7.87624     // a0 
#X 	   1.00000     0.00000     0.00000     // X 
#Y 	   0.00000     0.99668     0.00000     // Y 
#Z 	   0.00000     0.00000     0.99336     // Z 
#SX 	  -0.09931     0.00000     0.00000     // SX 
#SY 	   0.00000     0.15954     0.00000     // SY 
#SZ 	   0.00000     0.00000     0.39653     // SZ 
#EPA 	  -4.04951     // Energy per Atom 
#RCUT 	6.5        // Rcut 
PD      0.00000      0.00000      0.00000      0.00000      0.00000      0.00000
PD      0.25000      0.25000      0.00000      0.00016      0.00535      0.00000
PD      0.25000      0.00000      0.25000     -0.00131      0.00000      0.00208
PD      0.00000      0.25000      0.25000      0.00000      0.00305      0.00170
PD      0.00000      0.00000      0.50000      0.00000      0.00000      0.00000
PD      0.25001      0.25001      0.50000     -0.00045      0.00698      0.00000
PD      0.25000      0.00000      0.75000     -0.00131      0.00000     -0.00208
PD      0.00000      0.25000      0.75000      0.00000      0.00305     -0.00170
PD      0.00000      0.50000      0.00000      0.00000      0.00000      0.00000
PD      0.25000      0.75000      0.00000      0.00016     -0.00535      0.00000
PD      0.25001      0.50000      0.25001      0.00065      0.00000      0.00067
PD      0.00000      0.75000      0.25000      0.00000     -0.00305      0.00170
PD      0.00000      0.50000      0.50000      0.00000      0.00000      0.00000
PD      0.25001      0.74999      0.50000     -0.00045     -0.00698      0.00000
PD      0.25001      0.50000      0.74999      0.00065     -0.00000     -0.00067
PD      0.00000      0.75000      0.75000      0.00000     -0.00305     -0.00170
PD      0.50000      0.00000      0.00000      0.00000      0.00000      0.00000
PD      0.75000      0.25000      0.00000     -0.00016      0.00535      0.00000
PD      0.75000      0.00000      0.25000      0.00131      0.00000      0.00208
PD      0.50000      0.25001      0.25001      0.00000      0.00975      0.00121
PD      0.50000      0.00000      0.50000      0.00000      0.00000      0.00000
PD      0.74999      0.25001      0.50000      0.00045      0.00698      0.00000
PD      0.75000      0.00000      0.75000      0.00131      0.00000     -0.00208
PD      0.50000      0.25001      0.74999      0.00000      0.00975     -0.00121
PD      0.50000      0.50000      0.00000      0.00000      0.00000      0.00000
PD      0.75000      0.75000      0.00000     -0.00016     -0.00535      0.00000
PD      0.74999      0.50000      0.25001     -0.00065     -0.00000      0.00067
PD      0.50000      0.74999      0.25001      0.00000     -0.00975      0.00121
PD      0.50000      0.50000      0.50000      0.00000      0.00000      0.00000
PD      0.74999      0.74999      0.50000      0.00045     -0.00698      0.00000
PD      0.74999      0.50000      0.74999     -0.00065      0.00000     -0.00067
PD      0.50000      0.74999      0.74999      0.00000     -0.00975     -0.00121
