/* Converted from PWscf output file */ 
#L_UNITS ang 
#E_UNITS eV 
#S_UNITS GPA 
#F_UNITS EV/ANG 
#ALAT 	   7.85005     // a0 
#X 	   1.00000     0.00000     0.00000     // X 
#Y 	   0.00000     1.00167     0.00000     // Y 
#Z 	   0.00000     0.00000     0.99833     // Z 
#SX 	   0.17384     0.00000     0.00000     // SX 
#SY 	   0.00000     0.05440     0.00000     // SY 
#SZ 	   0.00000     0.00000     0.29707     // SZ 
#EPA 	  -4.04957     // Energy per Atom 
#RCUT 	6.5        // Rcut 
PD      0.00000      0.00000      0.00000      0.00000      0.00000      0.00000
PD      0.25000      0.25000      0.00000      0.00082      0.00641      0.00000
PD      0.25000      0.00000      0.25000     -0.00075     -0.00000     -0.00175
PD      0.00000      0.25000      0.25000      0.00000      0.00513     -0.00134
PD      0.00000      0.00000      0.50000      0.00000      0.00000      0.00000
PD      0.25001      0.25001      0.50000      0.00166      0.00876      0.00000
PD      0.25000      0.00000      0.75000     -0.00075      0.00000      0.00175
PD      0.00000      0.25000      0.75000      0.00000      0.00513      0.00134
PD      0.00000      0.50000      0.00000      0.00000      0.00000      0.00000
PD      0.25000      0.74999      0.00000      0.00082     -0.00641      0.00000
PD      0.25001      0.50000      0.25001      0.00343      0.00000     -0.00034
PD      0.00000      0.74999      0.25000      0.00000     -0.00513     -0.00134
PD      0.00000      0.50000      0.50000      0.00000      0.00000      0.00000
PD      0.25001      0.74999      0.50000      0.00166     -0.00876      0.00000
PD      0.25001      0.50000      0.74999      0.00343     -0.00000      0.00034
PD      0.00000      0.74999      0.75000      0.00000     -0.00513      0.00134
PD      0.50000      0.00000      0.00000      0.00000      0.00000      0.00000
PD      0.75000      0.25000      0.00000     -0.00082      0.00641      0.00000
PD      0.75000      0.00000      0.25000      0.00075      0.00000     -0.00175
PD      0.50000      0.25001      0.25001      0.00000      0.01067     -0.00031
PD      0.50000      0.00000      0.50000      0.00000      0.00000      0.00000
PD      0.74999      0.25001      0.50000     -0.00166      0.00876      0.00000
PD      0.75000      0.00000      0.75000      0.00075     -0.00000      0.00175
PD      0.50000      0.25001      0.74999      0.00000      0.01067      0.00031
PD      0.50000      0.50000      0.00000      0.00000      0.00000      0.00000
PD      0.75000      0.74999      0.00000     -0.00082     -0.00641      0.00000
PD      0.74999      0.50000      0.25001     -0.00343     -0.00000     -0.00034
PD      0.50000      0.74999      0.25001      0.00000     -0.01067     -0.00031
PD      0.50000      0.50000      0.50000      0.00000      0.00000      0.00000
PD      0.74999      0.74999      0.50000     -0.00166     -0.00876      0.00000
PD      0.74999      0.50000      0.74999     -0.00343      0.00000      0.00034
PD      0.50000      0.74999      0.74999      0.00000     -0.01067      0.00031
