/* Converted from PWscf output file */ 
#L_UNITS ang 
#E_UNITS eV 
#S_UNITS GPA 
#F_UNITS EV/ANG 
#ALAT 	   7.85007     // a0 
#X 	   1.00000     0.00000     0.00000     // X 
#Y 	   0.00000     1.00333     0.00000     // Y 
#Z 	   0.00000     0.00000     0.99667     // Z 
#SX 	   0.17923     0.00000     0.00000     // SX 
#SY 	   0.00000    -0.06796     0.00000     // SY 
#SZ 	   0.00000     0.00000     0.42117     // SZ 
#EPA 	  -4.04951     // Energy per Atom 
#RCUT 	6.5        // Rcut 
PD      0.00000      0.00000      0.00000      0.00000      0.00000      0.00000
PD      0.25000      0.25000      0.00000      0.00076      0.00643      0.00000
PD      0.25000      0.00000      0.25000     -0.00076      0.00000     -0.00161
PD      0.00000      0.25000      0.25000      0.00000      0.00507     -0.00130
PD      0.00000      0.00000      0.50000      0.00000      0.00000      0.00000
PD      0.25001      0.25001      0.50000      0.00162      0.00885      0.00000
PD      0.25000      0.00000      0.75000     -0.00076     -0.00000      0.00161
PD      0.00000      0.25000      0.75000      0.00000      0.00507      0.00130
PD      0.00000      0.50000      0.00000      0.00000      0.00000      0.00000
PD      0.25000      0.75000      0.00000      0.00076     -0.00643      0.00000
PD      0.25001      0.50000      0.25001      0.00332      0.00000     -0.00034
PD      0.00000      0.75000      0.25000      0.00000     -0.00507     -0.00130
PD      0.00000      0.50000      0.50000      0.00000      0.00000      0.00000
PD      0.25001      0.74999      0.50000      0.00162     -0.00885      0.00000
PD      0.25001      0.50000      0.74999      0.00332     -0.00000      0.00034
PD      0.00000      0.75000      0.75000      0.00000     -0.00507      0.00130
PD      0.50000      0.00000      0.00000      0.00000      0.00000      0.00000
PD      0.75000      0.25000      0.00000     -0.00076      0.00643      0.00000
PD      0.75000      0.00000      0.25000      0.00076     -0.00000     -0.00161
PD      0.50000      0.25001      0.25001      0.00000      0.01090     -0.00028
PD      0.50000      0.00000      0.50000      0.00000      0.00000      0.00000
PD      0.74999      0.25001      0.50000     -0.00162      0.00885      0.00000
PD      0.75000      0.00000      0.75000      0.00076      0.00000      0.00161
PD      0.50000      0.25001      0.74999      0.00000      0.01090      0.00028
PD      0.50000      0.50000      0.00000      0.00000      0.00000      0.00000
PD      0.75000      0.75000      0.00000     -0.00076     -0.00643      0.00000
PD      0.74999      0.50000      0.25001     -0.00332     -0.00000     -0.00034
PD      0.50000      0.74999      0.25001      0.00000     -0.01090     -0.00028
PD      0.50000      0.50000      0.50000      0.00000      0.00000      0.00000
PD      0.74999      0.74999      0.50000     -0.00162     -0.00885      0.00000
PD      0.74999      0.50000      0.74999     -0.00332      0.00000      0.00034
PD      0.50000      0.74999      0.74999      0.00000     -0.01090      0.00028
