/* Converted from PWscf output file */ 
#L_UNITS ang 
#E_UNITS eV 
#S_UNITS GPA 
#F_UNITS EV/ANG 
#ALAT 	   7.85006     // a0 
#X 	   1.00000     0.00000     0.00000     // X 
#Y 	   0.00000     1.00250     0.00000     // Y 
#Z 	   0.00000     0.00000     0.99750     // Z 
#SX 	   0.17617     0.00000     0.00000     // SX 
#SY 	   0.00000    -0.00656     0.00000     // SY 
#SZ 	   0.00000     0.00000     0.35890     // SZ 
#EPA 	  -4.04955     // Energy per Atom 
#RCUT 	6.5        // Rcut 
PD      0.00000      0.00000      0.00000      0.00000      0.00000      0.00000
PD      0.25000      0.25000      0.00000      0.00078      0.00646      0.00000
PD      0.25000      0.00000      0.25000     -0.00077     -0.00000     -0.00164
PD      0.00000      0.25000      0.25000      0.00000      0.00513     -0.00128
PD      0.00000      0.00000      0.50000      0.00000      0.00000      0.00000
PD      0.25001      0.25001      0.50000      0.00163      0.00883      0.00000
PD      0.25000      0.00000      0.75000     -0.00077      0.00000      0.00164
PD      0.00000      0.25000      0.75000      0.00000      0.00513      0.00128
PD      0.00000      0.50000      0.00000      0.00000      0.00000      0.00000
PD      0.25000      0.75000      0.00000      0.00078     -0.00646      0.00000
PD      0.25001      0.50000      0.25001      0.00337     -0.00000     -0.00030
PD      0.00000      0.75000      0.25000      0.00000     -0.00513     -0.00128
PD      0.00000      0.50000      0.50000      0.00000      0.00000      0.00000
PD      0.25001      0.74999      0.50000      0.00163     -0.00883      0.00000
PD      0.25001      0.50000      0.74999      0.00337      0.00000      0.00030
PD      0.00000      0.75000      0.75000      0.00000     -0.00513      0.00128
PD      0.50000      0.00000      0.00000      0.00000      0.00000      0.00000
PD      0.75000      0.25000      0.00000     -0.00078      0.00646      0.00000
PD      0.75000      0.00000      0.25000      0.00077      0.00000     -0.00164
PD      0.50000      0.25001      0.25001      0.00000      0.01082     -0.00025
PD      0.50000      0.00000      0.50000      0.00000      0.00000      0.00000
PD      0.74999      0.25001      0.50000     -0.00163      0.00883      0.00000
PD      0.75000      0.00000      0.75000      0.00077     -0.00000      0.00164
PD      0.50000      0.25001      0.74999      0.00000      0.01082      0.00025
PD      0.50000      0.50000      0.00000      0.00000      0.00000      0.00000
PD      0.75000      0.75000      0.00000     -0.00078     -0.00646      0.00000
PD      0.74999      0.50000      0.25001     -0.00337      0.00000     -0.00030
PD      0.50000      0.74999      0.25001      0.00000     -0.01082     -0.00025
PD      0.50000      0.50000      0.50000      0.00000      0.00000      0.00000
PD      0.74999      0.74999      0.50000     -0.00163     -0.00883      0.00000
PD      0.74999      0.50000      0.74999     -0.00337     -0.00000      0.00030
PD      0.50000      0.74999      0.74999      0.00000     -0.01082      0.00025
