/* Converted from PWscf output file */ 
#L_UNITS ang 
#E_UNITS eV 
#S_UNITS GPA 
#F_UNITS EV/ANG 
#ALAT 	   7.62273     // a0 
#X 	   1.00000     0.00000     0.00000     // X 
#Y 	   0.00000     0.99938     0.00000     // Y 
#Z 	   0.00000     0.00000     0.99938     // Z 
#SX 	  -0.64664     0.00000     0.00000     // SX 
#SY 	   0.00000    -0.48986     0.00000     // SY 
#SZ 	   0.00000     0.00000    -0.48986     // SZ 
#EPA 	  -6.71146     // Energy per Atom 
#RCUT 	6.5        // Rcut 
RU      0.00000      0.00000      0.00000      0.00000      0.00000      0.00000
RU      0.25000      0.25000      0.00000     -0.00097     -0.00035     -0.00000
RU      0.25000      0.00000      0.25000     -0.00097      0.00000     -0.00035
RU      0.00000      0.25000      0.25000      0.00000     -0.00012     -0.00012
RU      0.00000      0.00000      0.50000      0.00000      0.00000      0.00000
RU      0.25000      0.25000      0.50000     -0.00031      0.00084      0.00000
RU      0.25000      0.00000      0.75000     -0.00097      0.00000      0.00035
RU      0.00000      0.25000      0.75000      0.00000     -0.00012      0.00012
RU      0.00000      0.50000      0.00000      0.00000      0.00000      0.00000
RU      0.25000      0.75000      0.00000     -0.00097      0.00035     -0.00000
RU      0.25000      0.50000      0.25000     -0.00031      0.00000      0.00084
RU      0.00000      0.75000      0.25000      0.00000      0.00012     -0.00012
RU      0.00000      0.50000      0.50000      0.00000      0.00000      0.00000
RU      0.25000      0.75000      0.50000     -0.00031     -0.00084     -0.00000
RU      0.25000      0.50000      0.75000     -0.00031      0.00000     -0.00084
RU      0.00000      0.75000      0.75000      0.00000      0.00012      0.00012
RU      0.50000      0.00000      0.00000      0.00000      0.00000      0.00000
RU      0.75000      0.25000      0.00000      0.00097     -0.00035     -0.00000
RU      0.75000      0.00000      0.25000      0.00097      0.00000     -0.00035
RU      0.50000      0.25000      0.25000      0.00000      0.00069      0.00069
RU      0.50000      0.00000      0.50000      0.00000      0.00000      0.00000
RU      0.75000      0.25000      0.50000      0.00031      0.00084     -0.00000
RU      0.75000      0.00000      0.75000      0.00097      0.00000      0.00035
RU      0.50000      0.25000      0.75000      0.00000      0.00069     -0.00069
RU      0.50000      0.50000      0.00000      0.00000      0.00000      0.00000
RU      0.75000      0.75000      0.00000      0.00097      0.00035     -0.00000
RU      0.75000      0.50000      0.25000      0.00031      0.00000      0.00084
RU      0.50000      0.75000      0.25000      0.00000     -0.00069      0.00069
RU      0.50000      0.50000      0.50000      0.00000      0.00000      0.00000
RU      0.75000      0.75000      0.50000      0.00031     -0.00084      0.00000
RU      0.75000      0.50000      0.75000      0.00031      0.00000     -0.00084
RU      0.50000      0.75000      0.75000      0.00000     -0.00069     -0.00069
