/* Converted from PWscf output file */ 
#L_UNITS ang 
#E_UNITS eV 
#S_UNITS GPA 
#F_UNITS EV/ANG 
#ALAT 	   7.63225     // a0 
#X 	   1.00000     0.00000     0.00000     // X 
#Y 	   0.00000     0.99813     0.00000     // Y 
#Z 	   0.00000     0.00000     0.99813     // Z 
#SX 	  -1.28350     0.00000     0.00000     // SX 
#SY 	   0.00000    -0.81595     0.00000     // SY 
#SZ 	   0.00000     0.00000    -0.81595     // SZ 
#EPA 	  -6.71143     // Energy per Atom 
#RCUT 	6.5        // Rcut 
RU      0.00000      0.00000      0.00000      0.00000      0.00000      0.00000
RU      0.25000      0.25000      0.00000     -0.00051      0.00015     -0.00000
RU      0.25000      0.00000      0.25000     -0.00051      0.00000      0.00015
RU      0.00000      0.25000      0.25000      0.00000      0.00007      0.00007
RU      0.00000      0.00000      0.50000      0.00000      0.00000      0.00000
RU      0.25000      0.25000      0.50000     -0.00041      0.00016     -0.00000
RU      0.25000      0.00000      0.75000     -0.00051      0.00000     -0.00015
RU      0.00000      0.25000      0.75000      0.00000      0.00007     -0.00007
RU      0.00000      0.50000      0.00000      0.00000      0.00000      0.00000
RU      0.25000      0.75000      0.00000     -0.00051     -0.00015      0.00000
RU      0.25000      0.50000      0.25000     -0.00041      0.00000      0.00016
RU      0.00000      0.75000      0.25000      0.00000     -0.00007      0.00007
RU      0.00000      0.50000      0.50000      0.00000      0.00000      0.00000
RU      0.25000      0.75000      0.50000     -0.00041     -0.00016     -0.00000
RU      0.25000      0.50000      0.75000     -0.00041      0.00000     -0.00016
RU      0.00000      0.75000      0.75000      0.00000     -0.00007     -0.00007
RU      0.50000      0.00000      0.00000      0.00000      0.00000      0.00000
RU      0.75000      0.25000      0.00000      0.00051      0.00015     -0.00000
RU      0.75000      0.00000      0.25000      0.00051     -0.00000      0.00015
RU      0.50000      0.25000      0.25000     -0.00000      0.00031      0.00031
RU      0.50000      0.00000      0.50000      0.00000      0.00000      0.00000
RU      0.75000      0.25000      0.50000      0.00041      0.00016     -0.00000
RU      0.75000      0.00000      0.75000      0.00051      0.00000     -0.00015
RU      0.50000      0.25000      0.75000      0.00000      0.00031     -0.00031
RU      0.50000      0.50000      0.00000      0.00000      0.00000      0.00000
RU      0.75000      0.75000      0.00000      0.00051     -0.00015      0.00000
RU      0.75000      0.50000      0.25000      0.00041      0.00000      0.00016
RU      0.50000      0.75000      0.25000      0.00000     -0.00031      0.00031
RU      0.50000      0.50000      0.50000      0.00000      0.00000      0.00000
RU      0.75000      0.75000      0.50000      0.00041     -0.00016     -0.00000
RU      0.75000      0.50000      0.75000      0.00041      0.00000     -0.00016
RU      0.50000      0.75000      0.75000     -0.00000     -0.00031     -0.00031
