/* Converted from PWscf output file */ 
#L_UNITS ang 
#E_UNITS eV 
#S_UNITS GPA 
#F_UNITS EV/ANG 
#ALAT 	   7.64178     // a0 
#X 	   1.00000     0.00000     0.00000     // X 
#Y 	   0.00000     0.99688     0.00000     // Y 
#Z 	   0.00000     0.00000     0.99688     // Z 
#SX 	  -1.98804     0.00000     0.00000     // SX 
#SY 	   0.00000    -1.20606     0.00000     // SY 
#SZ 	   0.00000     0.00000    -1.20606     // SZ 
#EPA 	  -6.71133     // Energy per Atom 
#RCUT 	6.5        // Rcut 
RU      0.00000      0.00000      0.00000      0.00000      0.00000      0.00000
RU      0.25000      0.25000      0.00000     -0.01049     -0.00333     -0.00000
RU      0.25000      0.00000      0.25000     -0.01049      0.00000     -0.00333
RU      0.00000      0.25000      0.25000     -0.00000     -0.00097     -0.00097
RU      0.00000      0.00000      0.50000      0.00000      0.00000      0.00000
RU      0.25000      0.25000      0.50000     -0.00293      0.00900      0.00000
RU      0.25000      0.00000      0.75000     -0.01049      0.00000      0.00333
RU      0.00000      0.25000      0.75000     -0.00000     -0.00097      0.00097
RU      0.00000      0.50000      0.00000      0.00000      0.00000      0.00000
RU      0.25000      0.75000      0.00000     -0.01049      0.00333     -0.00000
RU      0.25000      0.50000      0.25000     -0.00293      0.00000      0.00900
RU      0.00000      0.75000      0.25000     -0.00000      0.00097     -0.00097
RU      0.00000      0.50000      0.50000      0.00000      0.00000      0.00000
RU      0.25000      0.75000      0.50000     -0.00293     -0.00900     -0.00000
RU      0.25000      0.50000      0.75000     -0.00293      0.00000     -0.00900
RU      0.00000      0.75000      0.75000     -0.00000      0.00097      0.00097
RU      0.50000      0.00000      0.00000      0.00000      0.00000      0.00000
RU      0.75000      0.25000      0.00000      0.01049     -0.00333     -0.00000
RU      0.75000      0.00000      0.25000      0.01049      0.00000     -0.00333
RU      0.50000      0.25000      0.25000      0.00000      0.00680      0.00680
RU      0.50000      0.00000      0.50000      0.00000      0.00000      0.00000
RU      0.75000      0.25000      0.50000      0.00293      0.00900     -0.00000
RU      0.75000      0.00000      0.75000      0.01049      0.00000      0.00333
RU      0.50000      0.25000      0.75000      0.00000      0.00680     -0.00680
RU      0.50000      0.50000      0.00000      0.00000      0.00000      0.00000
RU      0.75000      0.75000      0.00000      0.01049      0.00333     -0.00000
RU      0.75000      0.50000      0.25000      0.00293      0.00000      0.00900
RU      0.50000      0.75000      0.25000      0.00000     -0.00680      0.00680
RU      0.50000      0.50000      0.50000      0.00000      0.00000      0.00000
RU      0.75000      0.75000      0.50000      0.00293     -0.00900      0.00000
RU      0.75000      0.50000      0.75000      0.00293      0.00000     -0.00900
RU      0.50000      0.75000      0.75000      0.00000     -0.00680     -0.00680
