/* Converted from PWscf output file */ 
#L_UNITS ang 
#E_UNITS eV 
#S_UNITS GPA 
#F_UNITS EV/ANG 
#ALAT 	   7.62749     // a0 
#X 	   1.00000     0.00000     0.00000     // X 
#Y 	   0.00000     0.99875     0.00000     // Y 
#Z 	   0.00000     0.00000     0.99875     // Z 
#SX 	  -0.99737     0.00000     0.00000     // SX 
#SY 	   0.00000    -0.68485     0.00000     // SY 
#SZ 	   0.00000     0.00000    -0.68485     // SZ 
#EPA 	  -6.71145     // Energy per Atom 
#RCUT 	6.5        // Rcut 
RU      0.00000      0.00000      0.00000      0.00000      0.00000      0.00000
RU      0.25000      0.25000      0.00000     -0.00107     -0.00015      0.00000
RU      0.25000      0.00000      0.25000     -0.00107      0.00000     -0.00015
RU      0.00000      0.25000      0.25000      0.00000     -0.00009     -0.00009
RU      0.00000      0.00000      0.50000      0.00000      0.00000      0.00000
RU      0.25000      0.25000      0.50000     -0.00046      0.00066     -0.00000
RU      0.25000      0.00000      0.75000     -0.00107      0.00000      0.00015
RU      0.00000      0.25000      0.75000     -0.00000     -0.00009      0.00009
RU      0.00000      0.50000      0.00000      0.00000      0.00000      0.00000
RU      0.25000      0.75000      0.00000     -0.00107      0.00015      0.00000
RU      0.25000      0.50000      0.25000     -0.00046      0.00000      0.00066
RU      0.00000      0.75000      0.25000     -0.00000      0.00009     -0.00009
RU      0.00000      0.50000      0.50000      0.00000      0.00000      0.00000
RU      0.25000      0.75000      0.50000     -0.00046     -0.00066      0.00000
RU      0.25000      0.50000      0.75000     -0.00046      0.00000     -0.00066
RU      0.00000      0.75000      0.75000      0.00000      0.00009      0.00009
RU      0.50000      0.00000      0.00000      0.00000      0.00000      0.00000
RU      0.75000      0.25000      0.00000      0.00107     -0.00015      0.00000
RU      0.75000      0.00000      0.25000      0.00107      0.00000     -0.00015
RU      0.50000      0.25000      0.25000      0.00000      0.00067      0.00067
RU      0.50000      0.00000      0.50000      0.00000      0.00000      0.00000
RU      0.75000      0.25000      0.50000      0.00046      0.00066      0.00000
RU      0.75000      0.00000      0.75000      0.00107      0.00000      0.00015
RU      0.50000      0.25000      0.75000     -0.00000      0.00067     -0.00067
RU      0.50000      0.50000      0.00000      0.00000      0.00000      0.00000
RU      0.75000      0.75000      0.00000      0.00107      0.00015      0.00000
RU      0.75000      0.50000      0.25000      0.00046      0.00000      0.00066
RU      0.50000      0.75000      0.25000     -0.00000     -0.00067      0.00067
RU      0.50000      0.50000      0.50000      0.00000      0.00000      0.00000
RU      0.75000      0.75000      0.50000      0.00046     -0.00066     -0.00000
RU      0.75000      0.50000      0.75000      0.00046      0.00000     -0.00066
RU      0.50000      0.75000      0.75000      0.00000     -0.00067     -0.00067
