/* Converted from PWscf output file */ 
#L_UNITS ang 
#E_UNITS eV 
#S_UNITS GPA 
#F_UNITS EV/ANG 
#ALAT 	   7.61797     // a0 
#X 	   1.00000     0.00000     0.00000     // X 
#Y 	   0.00000     1.00313     0.00000     // Y 
#Z 	   0.00000     0.00000     1.00000     // Z 
#SX 	  -1.17646     0.00000     0.00000     // SX 
#SY 	   0.00000    -1.95318     0.00000     // SY 
#SZ 	   0.00000     0.00000    -1.17646     // SZ 
#EPA 	  -6.71133     // Energy per Atom 
#RCUT 	6.5        // Rcut 
RU      0.00000      0.00000      0.00000      0.00000      0.00000      0.00000
RU      0.25000      0.25000      0.00000     -0.00183      0.00180     -0.00000
RU      0.25000      0.00000      0.25000     -0.00342      0.00000     -0.00342
RU      0.00000      0.25000      0.25000      0.00000      0.00180     -0.00183
RU      0.00000      0.00000      0.50000      0.00000      0.00000      0.00000
RU      0.25000      0.25000      0.50000     -0.00164      0.00522      0.00000
RU      0.25000      0.00000      0.75000     -0.00342     -0.00000      0.00342
RU      0.00000      0.25000      0.75000      0.00000      0.00180      0.00183
RU      0.00000      0.50000      0.00000      0.00000      0.00000      0.00000
RU      0.25000      0.75000      0.00000     -0.00183     -0.00180      0.00000
RU      0.25000      0.50000      0.25000     -0.00018      0.00000     -0.00018
RU      0.00000      0.75000      0.25000      0.00000     -0.00180     -0.00183
RU      0.00000      0.50000      0.50000      0.00000      0.00000      0.00000
RU      0.25000      0.75000      0.50000     -0.00164     -0.00522     -0.00000
RU      0.25000      0.50000      0.75000     -0.00018      0.00000      0.00018
RU      0.00000      0.75000      0.75000      0.00000     -0.00180      0.00183
RU      0.50000      0.00000      0.00000      0.00000      0.00000      0.00000
RU      0.75000      0.25000      0.00000      0.00183      0.00180      0.00000
RU      0.75000      0.00000      0.25000      0.00342     -0.00000     -0.00342
RU      0.50000      0.25000      0.25000      0.00000      0.00522     -0.00164
RU      0.50000      0.00000      0.50000      0.00000      0.00000      0.00000
RU      0.75000      0.25000      0.50000      0.00164      0.00522     -0.00000
RU      0.75000      0.00000      0.75000      0.00342      0.00000      0.00342
RU      0.50000      0.25000      0.75000     -0.00000      0.00522      0.00164
RU      0.50000      0.50000      0.00000      0.00000      0.00000      0.00000
RU      0.75000      0.75000      0.00000      0.00183     -0.00180     -0.00000
RU      0.75000      0.50000      0.25000      0.00018      0.00000     -0.00018
RU      0.50000      0.75000      0.25000      0.00000     -0.00522     -0.00164
RU      0.50000      0.50000      0.50000      0.00000      0.00000      0.00000
RU      0.75000      0.75000      0.50000      0.00164     -0.00522      0.00000
RU      0.75000      0.50000      0.75000      0.00018      0.00000      0.00018
RU      0.50000      0.75000      0.75000      0.00000     -0.00522      0.00164
