/* Converted from PWscf output file */ 
#L_UNITS ang 
#E_UNITS eV 
#S_UNITS GPA 
#F_UNITS EV/ANG 
#ALAT 	   7.61797     // a0 
#X 	   1.00000     0.00000     0.00000     // X 
#Y 	   0.00000     1.00125     0.00000     // Y 
#Z 	   0.00000     0.00000     1.00000     // Z 
#SX 	  -0.70045     0.00000     0.00000     // SX 
#SY 	   0.00000    -1.01254     0.00000     // SY 
#SZ 	   0.00000     0.00000    -0.70045     // SZ 
#EPA 	  -6.71145     // Energy per Atom 
#RCUT 	6.5        // Rcut 
RU      0.00000      0.00000      0.00000      0.00000      0.00000      0.00000
RU      0.25000      0.25000      0.00000     -0.00019      0.00065     -0.00000
RU      0.25000      0.00000      0.25000      0.00010     -0.00000      0.00010
RU      0.00000      0.25000      0.25000      0.00000      0.00065     -0.00019
RU      0.00000      0.00000      0.50000      0.00000      0.00000      0.00000
RU      0.25000      0.25000      0.50000     -0.00047      0.00058     -0.00000
RU      0.25000      0.00000      0.75000      0.00010      0.00000     -0.00010
RU      0.00000      0.25000      0.75000      0.00000      0.00065      0.00019
RU      0.00000      0.50000      0.00000      0.00000      0.00000      0.00000
RU      0.25000      0.75000      0.00000     -0.00019     -0.00065      0.00000
RU      0.25000      0.50000      0.25000     -0.00033      0.00000     -0.00033
RU      0.00000      0.75000      0.25000      0.00000     -0.00065     -0.00019
RU      0.00000      0.50000      0.50000      0.00000      0.00000      0.00000
RU      0.25000      0.75000      0.50000     -0.00047     -0.00058     -0.00000
RU      0.25000      0.50000      0.75000     -0.00033     -0.00000      0.00033
RU      0.00000      0.75000      0.75000      0.00000     -0.00065      0.00019
RU      0.50000      0.00000      0.00000      0.00000      0.00000      0.00000
RU      0.75000      0.25000      0.00000      0.00019      0.00065      0.00000
RU      0.75000      0.00000      0.25000     -0.00010      0.00000      0.00010
RU      0.50000      0.25000      0.25000      0.00000      0.00058     -0.00047
RU      0.50000      0.00000      0.50000      0.00000      0.00000      0.00000
RU      0.75000      0.25000      0.50000      0.00047      0.00058     -0.00000
RU      0.75000      0.00000      0.75000     -0.00010     -0.00000     -0.00010
RU      0.50000      0.25000      0.75000      0.00000      0.00058      0.00047
RU      0.50000      0.50000      0.00000      0.00000      0.00000      0.00000
RU      0.75000      0.75000      0.00000      0.00019     -0.00065     -0.00000
RU      0.75000      0.50000      0.25000      0.00033     -0.00000     -0.00033
RU      0.50000      0.75000      0.25000      0.00000     -0.00058     -0.00047
RU      0.50000      0.50000      0.50000      0.00000      0.00000      0.00000
RU      0.75000      0.75000      0.50000      0.00047     -0.00058     -0.00000
RU      0.75000      0.50000      0.75000      0.00033      0.00000      0.00033
RU      0.50000      0.75000      0.75000      0.00000     -0.00058      0.00047
