/* Converted from PWscf output file */ 
#L_UNITS ang 
#E_UNITS eV 
#S_UNITS GPA 
#F_UNITS EV/ANG 
#ALAT 	   7.61797     // a0 
#X 	   1.00000     0.00000     0.00000     // X 
#Y 	   0.00000     1.00188     0.00000     // Y 
#Z 	   0.00000     0.00000     1.00000     // Z 
#SX 	  -0.85256     0.00000     0.00000     // SX 
#SY 	   0.00000    -1.32025     0.00000     // SY 
#SZ 	   0.00000     0.00000    -0.85256     // SZ 
#EPA 	  -6.71143     // Energy per Atom 
#RCUT 	6.5        // Rcut 
RU      0.00000      0.00000      0.00000      0.00000      0.00000      0.00000
RU      0.25000      0.25000      0.00000     -0.00138      0.00202      0.00000
RU      0.25000      0.00000      0.25000     -0.00179     -0.00000     -0.00179
RU      0.00000      0.25000      0.25000      0.00000      0.00202     -0.00138
RU      0.00000      0.00000      0.50000      0.00000      0.00000      0.00000
RU      0.25000      0.25000      0.50000     -0.00113      0.00320     -0.00000
RU      0.25000      0.00000      0.75000     -0.00179     -0.00000      0.00179
RU      0.00000      0.25000      0.75000      0.00000      0.00202      0.00138
RU      0.00000      0.50000      0.00000      0.00000      0.00000      0.00000
RU      0.25000      0.75000      0.00000     -0.00138     -0.00202      0.00000
RU      0.25000      0.50000      0.25000     -0.00071      0.00000     -0.00071
RU      0.00000      0.75000      0.25000      0.00000     -0.00202     -0.00138
RU      0.00000      0.50000      0.50000      0.00000      0.00000      0.00000
RU      0.25000      0.75000      0.50000     -0.00113     -0.00320     -0.00000
RU      0.25000      0.50000      0.75000     -0.00071      0.00000      0.00071
RU      0.00000      0.75000      0.75000      0.00000     -0.00202      0.00138
RU      0.50000      0.00000      0.00000      0.00000      0.00000      0.00000
RU      0.75000      0.25000      0.00000      0.00138      0.00202      0.00000
RU      0.75000      0.00000      0.25000      0.00179     -0.00000     -0.00179
RU      0.50000      0.25000      0.25000      0.00000      0.00320     -0.00113
RU      0.50000      0.00000      0.50000      0.00000      0.00000      0.00000
RU      0.75000      0.25000      0.50000      0.00113      0.00320     -0.00000
RU      0.75000      0.00000      0.75000      0.00179     -0.00000      0.00179
RU      0.50000      0.25000      0.75000      0.00000      0.00320      0.00113
RU      0.50000      0.50000      0.00000      0.00000      0.00000      0.00000
RU      0.75000      0.75000      0.00000      0.00138     -0.00202      0.00000
RU      0.75000      0.50000      0.25000      0.00071      0.00000     -0.00071
RU      0.50000      0.75000      0.25000      0.00000     -0.00320     -0.00113
RU      0.50000      0.50000      0.50000      0.00000      0.00000      0.00000
RU      0.75000      0.75000      0.50000      0.00113     -0.00320     -0.00000
RU      0.75000      0.50000      0.75000      0.00071      0.00000      0.00071
RU      0.50000      0.75000      0.75000      0.00000     -0.00320      0.00113
