/* Converted from PWscf output file */ 
#L_UNITS ang 
#E_UNITS eV 
#S_UNITS GPA 
#F_UNITS EV/ANG 
#ALAT 	   7.61797     // a0 
#X 	   1.00000     0.00000     0.00000     // X 
#Y 	   0.00000     1.00063     0.00000     // Y 
#Z 	   0.00000     0.00000     1.00000     // Z 
#SX 	  -0.48126     0.00000     0.00000     // SX 
#SY 	   0.00000    -0.63891     0.00000     // SY 
#SZ 	   0.00000     0.00000    -0.48126     // SZ 
#EPA 	  -6.71146     // Energy per Atom 
#RCUT 	6.5        // Rcut 
RU      0.00000      0.00000      0.00000      0.00000      0.00000      0.00000
RU      0.25000      0.25000      0.00000     -0.00253      0.00157      0.00000
RU      0.25000      0.00000      0.25000     -0.00478      0.00000     -0.00478
RU      0.00000      0.25000      0.25000      0.00000      0.00157     -0.00253
RU      0.00000      0.00000      0.50000      0.00000      0.00000      0.00000
RU      0.25000      0.25000      0.50000     -0.00228      0.00721     -0.00000
RU      0.25000      0.00000      0.75000     -0.00478      0.00000      0.00478
RU      0.00000      0.25000      0.75000      0.00000      0.00157      0.00253
RU      0.00000      0.50000      0.00000      0.00000      0.00000      0.00000
RU      0.25000      0.75000      0.00000     -0.00253     -0.00157      0.00000
RU      0.25000      0.50000      0.25000      0.00040      0.00000      0.00040
RU      0.00000      0.75000      0.25000      0.00000     -0.00157     -0.00253
RU      0.00000      0.50000      0.50000      0.00000      0.00000      0.00000
RU      0.25000      0.75000      0.50000     -0.00228     -0.00721      0.00000
RU      0.25000      0.50000      0.75000      0.00040     -0.00000     -0.00040
RU      0.00000      0.75000      0.75000      0.00000     -0.00157      0.00253
RU      0.50000      0.00000      0.00000      0.00000      0.00000      0.00000
RU      0.75000      0.25000      0.00000      0.00253      0.00157      0.00000
RU      0.75000      0.00000      0.25000      0.00478      0.00000     -0.00478
RU      0.50000      0.25000      0.25000      0.00000      0.00721     -0.00228
RU      0.50000      0.00000      0.50000      0.00000      0.00000      0.00000
RU      0.75000      0.25000      0.50000      0.00228      0.00721      0.00000
RU      0.75000      0.00000      0.75000      0.00478      0.00000      0.00478
RU      0.50000      0.25000      0.75000      0.00000      0.00721      0.00228
RU      0.50000      0.50000      0.00000      0.00000      0.00000      0.00000
RU      0.75000      0.75000      0.00000      0.00253     -0.00157      0.00000
RU      0.75000      0.50000      0.25000     -0.00040     -0.00000      0.00040
RU      0.50000      0.75000      0.25000      0.00000     -0.00721     -0.00228
RU      0.50000      0.50000      0.50000      0.00000      0.00000      0.00000
RU      0.75000      0.75000      0.50000      0.00228     -0.00721     -0.00000
RU      0.75000      0.50000      0.75000     -0.00040      0.00000     -0.00040
RU      0.50000      0.75000      0.75000      0.00000     -0.00721      0.00228
