/* Converted from PWscf output file */ 
#L_UNITS ang 
#E_UNITS eV 
#S_UNITS GPA 
#F_UNITS EV/ANG 
#ALAT 	   7.61797     // a0 
#X 	   1.00000     0.00000     0.00000     // X 
#Y 	   0.00000     1.00250     0.00000     // Y 
#Z 	   0.00000     0.00000     1.00000     // Z 
#SX 	  -1.01312     0.00000     0.00000     // SX 
#SY 	   0.00000    -1.63555     0.00000     // SY 
#SZ 	   0.00000     0.00000    -1.01312     // SZ 
#EPA 	  -6.71139     // Energy per Atom 
#RCUT 	6.5        // Rcut 
RU      0.00000      0.00000      0.00000      0.00000      0.00000      0.00000
RU      0.25000      0.25000      0.00000     -0.00162      0.00177      0.00000
RU      0.25000      0.00000      0.25000     -0.00266      0.00000     -0.00266
RU      0.00000      0.25000      0.25000      0.00000      0.00177     -0.00162
RU      0.00000      0.00000      0.50000      0.00000      0.00000      0.00000
RU      0.25000      0.25000      0.50000     -0.00132      0.00417     -0.00000
RU      0.25000      0.00000      0.75000     -0.00266     -0.00000      0.00266
RU      0.00000      0.25000      0.75000      0.00000      0.00177      0.00162
RU      0.00000      0.50000      0.00000      0.00000      0.00000      0.00000
RU      0.25000      0.75000      0.00000     -0.00162     -0.00177     -0.00000
RU      0.25000      0.50000      0.25000     -0.00035      0.00000     -0.00035
RU      0.00000      0.75000      0.25000      0.00000     -0.00177     -0.00162
RU      0.00000      0.50000      0.50000      0.00000      0.00000      0.00000
RU      0.25000      0.75000      0.50000     -0.00132     -0.00417     -0.00000
RU      0.25000      0.50000      0.75000     -0.00035     -0.00000      0.00035
RU      0.00000      0.75000      0.75000     -0.00000     -0.00177      0.00162
RU      0.50000      0.00000      0.00000      0.00000      0.00000      0.00000
RU      0.75000      0.25000      0.00000      0.00162      0.00177     -0.00000
RU      0.75000      0.00000      0.25000      0.00266     -0.00000     -0.00266
RU      0.50000      0.25000      0.25000      0.00000      0.00417     -0.00132
RU      0.50000      0.00000      0.50000      0.00000      0.00000      0.00000
RU      0.75000      0.25000      0.50000      0.00132      0.00417     -0.00000
RU      0.75000      0.00000      0.75000      0.00266      0.00000      0.00266
RU      0.50000      0.25000      0.75000      0.00000      0.00417      0.00132
RU      0.50000      0.50000      0.00000      0.00000      0.00000      0.00000
RU      0.75000      0.75000      0.00000      0.00162     -0.00177      0.00000
RU      0.75000      0.50000      0.25000      0.00035     -0.00000     -0.00035
RU      0.50000      0.75000      0.25000      0.00000     -0.00417     -0.00132
RU      0.50000      0.50000      0.50000      0.00000      0.00000      0.00000
RU      0.75000      0.75000      0.50000      0.00132     -0.00417     -0.00000
RU      0.75000      0.50000      0.75000      0.00035      0.00000      0.00035
RU      0.50000      0.75000      0.75000      0.00000     -0.00417      0.00132
