/* Converted from PWscf output file */ 
#L_UNITS ang 
#E_UNITS eV 
#S_UNITS GPA 
#F_UNITS EV/ANG 
#ALAT 	   7.61797     // a0 
#X 	   1.00000     0.00000     0.00000     // X 
#Y 	   0.00000     1.00500     0.00000     // Y 
#Z 	   0.00000     0.00000     1.00000     // Z 
#SX 	  -1.54222     0.00000     0.00000     // SX 
#SY 	   0.00000    -2.78226     0.00000     // SY 
#SZ 	   0.00000     0.00000    -1.54222     // SZ 
#EPA 	  -6.71106     // Energy per Atom 
#RCUT 	6.5        // Rcut 
RU      0.00000      0.00000      0.00000      0.00000      0.00000      0.00000
RU      0.25000      0.25000      0.00000     -0.00376      0.00039      0.00000
RU      0.25000      0.00000      0.25000     -0.00882      0.00000     -0.00882
RU      0.00000      0.25000      0.25000      0.00000      0.00039     -0.00376
RU      0.00000      0.00000      0.50000      0.00000      0.00000      0.00000
RU      0.25000      0.25000      0.50000     -0.00353      0.01171      0.00000
RU      0.25000      0.00000      0.75000     -0.00882     -0.00000      0.00882
RU      0.00000      0.25000      0.75000      0.00000      0.00039      0.00376
RU      0.00000      0.50000      0.00000      0.00000      0.00000      0.00000
RU      0.25000      0.75000      0.00000     -0.00376     -0.00039      0.00000
RU      0.25000      0.50000      0.25000      0.00192      0.00000      0.00192
RU      0.00000      0.75000      0.25000     -0.00000     -0.00039     -0.00376
RU      0.00000      0.50000      0.50000      0.00000      0.00000      0.00000
RU      0.25000      0.75000      0.50000     -0.00353     -0.01171      0.00000
RU      0.25000      0.50000      0.75000      0.00192      0.00000     -0.00192
RU      0.00000      0.75000      0.75000      0.00000     -0.00039      0.00376
RU      0.50000      0.00000      0.00000      0.00000      0.00000      0.00000
RU      0.75000      0.25000      0.00000      0.00376      0.00039      0.00000
RU      0.75000      0.00000      0.25000      0.00882     -0.00000     -0.00882
RU      0.50000      0.25000      0.25000      0.00000      0.01171     -0.00353
RU      0.50000      0.00000      0.50000      0.00000      0.00000      0.00000
RU      0.75000      0.25000      0.50000      0.00353      0.01171      0.00000
RU      0.75000      0.00000      0.75000      0.00882      0.00000      0.00882
RU      0.50000      0.25000      0.75000      0.00000      0.01171      0.00353
RU      0.50000      0.50000      0.00000      0.00000      0.00000      0.00000
RU      0.75000      0.75000      0.00000      0.00376     -0.00039      0.00000
RU      0.75000      0.50000      0.25000     -0.00192      0.00000      0.00192
RU      0.50000      0.75000      0.25000      0.00000     -0.01171     -0.00353
RU      0.50000      0.50000      0.50000      0.00000      0.00000      0.00000
RU      0.75000      0.75000      0.50000      0.00353     -0.01171      0.00000
RU      0.75000      0.50000      0.75000     -0.00192      0.00000     -0.00192
RU      0.50000      0.75000      0.75000      0.00000     -0.01171      0.00353
