/* Converted from PWscf output file */ 
#L_UNITS ang 
#E_UNITS eV 
#S_UNITS GPA 
#F_UNITS EV/ANG 
#ALAT 	   7.61797     // a0 
#X 	   1.00000     0.00000     0.00000     // X 
#Y 	   0.00000     1.00000     0.00000     // Y 
#Z 	   0.00000     0.00000     1.00375     // Z 
#SX 	  -1.37130     0.00000     0.00000     // SX 
#SY 	   0.00000    -1.37130     0.00000     // SY 
#SZ 	   0.00000     0.00000    -2.30304     // SZ 
#EPA 	  -6.71126     // Energy per Atom 
#RCUT 	6.5        // Rcut 
RU      0.00000      0.00000      0.00000      0.00000      0.00000      0.00000
RU      0.25000      0.25000      0.00000     -0.00318     -0.00318      0.00000
RU      0.25000      0.00000      0.25000     -0.00666      0.00000     -0.00334
RU      0.00000      0.25000      0.25000      0.00000     -0.00666     -0.00334
RU      0.00000      0.00000      0.50000      0.00000      0.00000      0.00000
RU      0.25000      0.25000      0.50000      0.00297      0.00297      0.00000
RU      0.25000      0.00000      0.75000     -0.00666      0.00000      0.00334
RU      0.00000      0.25000      0.75000      0.00000     -0.00666      0.00334
RU      0.00000      0.50000      0.00000      0.00000      0.00000      0.00000
RU      0.25000      0.75000      0.00000     -0.00318      0.00318      0.00000
RU      0.25000      0.50000      0.25000      0.00714      0.00000      0.00221
RU      0.00000      0.75000      0.25000      0.00000      0.00666     -0.00334
RU      0.00000      0.50000      0.50000      0.00000      0.00000      0.00000
RU      0.25000      0.75000      0.50000      0.00297     -0.00297      0.00000
RU      0.25000      0.50000      0.75000      0.00714      0.00000     -0.00221
RU      0.00000      0.75000      0.75000      0.00000      0.00666      0.00334
RU      0.50000      0.00000      0.00000      0.00000      0.00000      0.00000
RU      0.75000      0.25000      0.00000      0.00318     -0.00318      0.00000
RU      0.75000      0.00000      0.25000      0.00666      0.00000     -0.00334
RU      0.50000      0.25000      0.25000      0.00000      0.00714      0.00221
RU      0.50000      0.00000      0.50000      0.00000      0.00000      0.00000
RU      0.75000      0.25000      0.50000     -0.00297      0.00297      0.00000
RU      0.75000      0.00000      0.75000      0.00666      0.00000      0.00334
RU      0.50000      0.25000      0.75000      0.00000      0.00714     -0.00221
RU      0.50000      0.50000      0.00000      0.00000      0.00000      0.00000
RU      0.75000      0.75000      0.00000      0.00318      0.00318      0.00000
RU      0.75000      0.50000      0.25000     -0.00714      0.00000      0.00221
RU      0.50000      0.75000      0.25000      0.00000     -0.00714      0.00221
RU      0.50000      0.50000      0.50000      0.00000      0.00000      0.00000
RU      0.75000      0.75000      0.50000     -0.00297     -0.00297      0.00000
RU      0.75000      0.50000      0.75000     -0.00714      0.00000     -0.00221
RU      0.50000      0.75000      0.75000      0.00000     -0.00714     -0.00221
