/* Converted from PWscf output file */ 
#L_UNITS ang 
#E_UNITS eV 
#S_UNITS GPA 
#F_UNITS EV/ANG 
#ALAT 	   7.61797     // a0 
#X 	   1.00000     0.00000     0.00000     // X 
#Y 	   0.00000     1.00000     0.00000     // Y 
#Z 	   0.00000     0.00000     1.00125     // Z 
#SX 	  -0.67580     0.00000     0.00000     // SX 
#SY 	   0.00000    -0.67580     0.00000     // SY 
#SZ 	   0.00000     0.00000    -0.98629     // SZ 
#EPA 	  -6.71145     // Energy per Atom 
#RCUT 	6.5        // Rcut 
RU      0.00000      0.00000      0.00000      0.00000      0.00000      0.00000
RU      0.25000      0.25000      0.00000     -0.00069     -0.00069     -0.00000
RU      0.25000      0.00000      0.25000     -0.00150      0.00000     -0.00028
RU      0.00000      0.25000      0.25000      0.00000     -0.00150     -0.00028
RU      0.00000      0.00000      0.50000      0.00000      0.00000      0.00000
RU      0.25000      0.25000      0.50000      0.00031      0.00031      0.00000
RU      0.25000      0.00000      0.75000     -0.00150      0.00000      0.00028
RU      0.00000      0.25000      0.75000      0.00000     -0.00150      0.00028
RU      0.00000      0.50000      0.00000      0.00000      0.00000      0.00000
RU      0.25000      0.75000      0.00000     -0.00069      0.00069     -0.00000
RU      0.25000      0.50000      0.25000      0.00157      0.00000      0.00039
RU      0.00000      0.75000      0.25000      0.00000      0.00150     -0.00028
RU      0.00000      0.50000      0.50000      0.00000      0.00000      0.00000
RU      0.25000      0.75000      0.50000      0.00031     -0.00031     -0.00000
RU      0.25000      0.50000      0.75000      0.00157      0.00000     -0.00039
RU      0.00000      0.75000      0.75000      0.00000      0.00150      0.00028
RU      0.50000      0.00000      0.00000      0.00000      0.00000      0.00000
RU      0.75000      0.25000      0.00000      0.00069     -0.00069     -0.00000
RU      0.75000      0.00000      0.25000      0.00150      0.00000     -0.00028
RU      0.50000      0.25000      0.25000      0.00000      0.00157      0.00039
RU      0.50000      0.00000      0.50000      0.00000      0.00000      0.00000
RU      0.75000      0.25000      0.50000     -0.00031      0.00031     -0.00000
RU      0.75000      0.00000      0.75000      0.00150      0.00000      0.00028
RU      0.50000      0.25000      0.75000      0.00000      0.00157     -0.00039
RU      0.50000      0.50000      0.00000      0.00000      0.00000      0.00000
RU      0.75000      0.75000      0.00000      0.00069      0.00069     -0.00000
RU      0.75000      0.50000      0.25000     -0.00157      0.00000      0.00039
RU      0.50000      0.75000      0.25000      0.00000     -0.00157      0.00039
RU      0.50000      0.50000      0.50000      0.00000      0.00000      0.00000
RU      0.75000      0.75000      0.50000     -0.00031     -0.00031      0.00000
RU      0.75000      0.50000      0.75000     -0.00157      0.00000     -0.00039
RU      0.50000      0.75000      0.75000      0.00000     -0.00157     -0.00039
