/* Converted from PWscf output file */ 
#L_UNITS ang 
#E_UNITS eV 
#S_UNITS GPA 
#F_UNITS EV/ANG 
#ALAT 	   7.61797     // a0 
#X 	   1.00000     0.00000     0.00000     // X 
#Y 	   0.00000     1.00000     0.00000     // Y 
#Z 	   0.00000     0.00000     1.00250     // Z 
#SX 	  -0.96296     0.00000     0.00000     // SX 
#SY 	   0.00000    -0.96296     0.00000     // SY 
#SZ 	   0.00000     0.00000    -1.58334     // SZ 
#EPA 	  -6.71139     // Energy per Atom 
#RCUT 	6.5        // Rcut 
RU      0.00000      0.00000      0.00000      0.00000      0.00000      0.00000
RU      0.25000      0.25000      0.00000     -0.00051     -0.00051     -0.00000
RU      0.25000      0.00000      0.25000     -0.00115      0.00000     -0.00018
RU      0.00000      0.25000      0.25000      0.00000     -0.00115     -0.00018
RU      0.00000      0.00000      0.50000      0.00000      0.00000      0.00000
RU      0.25000      0.25000      0.50000      0.00016      0.00016     -0.00000
RU      0.25000      0.00000      0.75000     -0.00115      0.00000      0.00018
RU      0.00000      0.25000      0.75000      0.00000     -0.00115      0.00018
RU      0.00000      0.50000      0.00000      0.00000      0.00000      0.00000
RU      0.25000      0.75000      0.00000     -0.00051      0.00051      0.00000
RU      0.25000      0.50000      0.25000      0.00124      0.00000      0.00017
RU      0.00000      0.75000      0.25000      0.00000      0.00115     -0.00018
RU      0.00000      0.50000      0.50000      0.00000      0.00000      0.00000
RU      0.25000      0.75000      0.50000      0.00016     -0.00016      0.00000
RU      0.25000      0.50000      0.75000      0.00124      0.00000     -0.00017
RU      0.00000      0.75000      0.75000      0.00000      0.00115      0.00018
RU      0.50000      0.00000      0.00000      0.00000      0.00000      0.00000
RU      0.75000      0.25000      0.00000      0.00051     -0.00051      0.00000
RU      0.75000      0.00000      0.25000      0.00115      0.00000     -0.00018
RU      0.50000      0.25000      0.25000      0.00000      0.00124      0.00017
RU      0.50000      0.00000      0.50000      0.00000      0.00000      0.00000
RU      0.75000      0.25000      0.50000     -0.00016      0.00016      0.00000
RU      0.75000      0.00000      0.75000      0.00115      0.00000      0.00018
RU      0.50000      0.25000      0.75000      0.00000      0.00124     -0.00017
RU      0.50000      0.50000      0.00000      0.00000      0.00000      0.00000
RU      0.75000      0.75000      0.00000      0.00051      0.00051     -0.00000
RU      0.75000      0.50000      0.25000     -0.00124      0.00000      0.00017
RU      0.50000      0.75000      0.25000      0.00000     -0.00124      0.00017
RU      0.50000      0.50000      0.50000      0.00000      0.00000      0.00000
RU      0.75000      0.75000      0.50000     -0.00016     -0.00016     -0.00000
RU      0.75000      0.50000      0.75000     -0.00124      0.00000     -0.00017
RU      0.50000      0.75000      0.75000      0.00000     -0.00124     -0.00017
