/* Converted from PWscf output file */ 
#L_UNITS ang 
#E_UNITS eV 
#S_UNITS GPA 
#F_UNITS EV/ANG 
#ALAT 	   7.61797     // a0 
#X 	   1.00000     0.00000     0.00000     // X 
#Y 	   0.00000     1.00000     0.00000     // Y 
#Z 	   0.00000     0.00000     1.00313     // Z 
#SX 	  -1.09800     0.00000     0.00000     // SX 
#SY 	   0.00000    -1.09800     0.00000     // SY 
#SZ 	   0.00000     0.00000    -1.87224     // SZ 
#EPA 	  -6.71133     // Energy per Atom 
#RCUT 	6.5        // Rcut 
RU      0.00000      0.00000      0.00000      0.00000      0.00000      0.00000
RU      0.25000      0.25000      0.00000     -0.00037     -0.00037      0.00000
RU      0.25000      0.00000      0.25000     -0.00081      0.00000     -0.00014
RU      0.00000      0.25000      0.25000      0.00000     -0.00081     -0.00014
RU      0.00000      0.00000      0.50000      0.00000      0.00000      0.00000
RU      0.25000      0.25000      0.50000      0.00008      0.00008      0.00000
RU      0.25000      0.00000      0.75000     -0.00081      0.00000      0.00014
RU      0.00000      0.25000      0.75000      0.00000     -0.00081      0.00014
RU      0.00000      0.50000      0.00000      0.00000      0.00000      0.00000
RU      0.25000      0.75000      0.00000     -0.00037      0.00037     -0.00000
RU      0.25000      0.50000      0.25000      0.00092      0.00000      0.00003
RU      0.00000      0.75000      0.25000      0.00000      0.00081     -0.00014
RU      0.00000      0.50000      0.50000      0.00000      0.00000      0.00000
RU      0.25000      0.75000      0.50000      0.00008     -0.00008      0.00000
RU      0.25000      0.50000      0.75000      0.00092      0.00000     -0.00003
RU      0.00000      0.75000      0.75000      0.00000      0.00081      0.00014
RU      0.50000      0.00000      0.00000      0.00000      0.00000      0.00000
RU      0.75000      0.25000      0.00000      0.00037     -0.00037     -0.00000
RU      0.75000      0.00000      0.25000      0.00081      0.00000     -0.00014
RU      0.50000      0.25000      0.25000      0.00000      0.00092      0.00003
RU      0.50000      0.00000      0.50000      0.00000      0.00000      0.00000
RU      0.75000      0.25000      0.50000     -0.00008      0.00008      0.00000
RU      0.75000      0.00000      0.75000      0.00081      0.00000      0.00014
RU      0.50000      0.25000      0.75000      0.00000      0.00092     -0.00003
RU      0.50000      0.50000      0.00000      0.00000      0.00000      0.00000
RU      0.75000      0.75000      0.00000      0.00037      0.00037      0.00000
RU      0.75000      0.50000      0.25000     -0.00092      0.00000      0.00003
RU      0.50000      0.75000      0.25000      0.00000     -0.00092      0.00003
RU      0.50000      0.50000      0.50000      0.00000      0.00000      0.00000
RU      0.75000      0.75000      0.50000     -0.00008     -0.00008      0.00000
RU      0.75000      0.50000      0.75000     -0.00092      0.00000     -0.00003
RU      0.50000      0.75000      0.75000      0.00000     -0.00092     -0.00003
