/* Converted from PWscf output file */ 
#L_UNITS ang 
#E_UNITS eV 
#S_UNITS GPA 
#F_UNITS EV/ANG 
#ALAT 	   7.61799     // a0 
#X 	   1.00000     0.00000     0.00000     // X 
#Y 	   0.00000     1.00000     0.00250     // Y 
#Z 	   0.00000     0.00250     1.00000     // Z 
#SX 	  -0.36794     0.00000     0.00000     // SX 
#SY 	   0.00000    -0.35788    -1.20577     // SY 
#SZ 	   0.00000    -1.20577    -0.35788     // SZ 
#EPA 	  -6.71119     // Energy per Atom 
#RCUT 	6.5        // Rcut 
RU      0.00000      0.00000      0.00000      0.00000      0.00000      0.00000
RU      0.25000      0.25000     -0.00000     -0.00066      0.00003      0.00034
RU      0.25000      0.00000      0.25000     -0.00066      0.00034      0.00003
RU      0.00000      0.25000      0.25000      0.00000     -0.00010     -0.00010
RU      0.00000     -0.00000      0.50000      0.00000      0.00000      0.00000
RU      0.25000      0.25000      0.50000      0.00007      0.00052     -0.00035
RU      0.25000      0.00000      0.75000     -0.00066     -0.00034     -0.00003
RU      0.00000      0.25000      0.75000      0.00000     -0.00015      0.00015
RU      0.00000      0.50000     -0.00000      0.00000      0.00000      0.00000
RU      0.25000      0.75000     -0.00000     -0.00066     -0.00003     -0.00034
RU      0.25000      0.50000      0.25000      0.00007     -0.00035      0.00052
RU      0.00000      0.75000      0.25000      0.00000      0.00015     -0.00015
RU      0.00000      0.50000      0.50000      0.00000      0.00000      0.00000
RU      0.25000      0.75000      0.50000      0.00007     -0.00052      0.00035
RU      0.25000      0.50000      0.75000      0.00007      0.00035     -0.00052
RU      0.00000      0.75000      0.75000      0.00000      0.00010      0.00010
RU      0.50000      0.00000      0.00000      0.00000      0.00000      0.00000
RU      0.75000      0.25000     -0.00000      0.00066      0.00003      0.00034
RU      0.75000      0.00000      0.25000      0.00066      0.00034      0.00003
RU      0.50000      0.25000      0.25000      0.00000      0.00095      0.00095
RU      0.50000     -0.00000      0.50000      0.00000      0.00000      0.00000
RU      0.75000      0.25000      0.50000     -0.00007      0.00052     -0.00035
RU      0.75000      0.00000      0.75000      0.00066     -0.00034     -0.00003
RU      0.50000      0.25000      0.75000     -0.00000      0.00053     -0.00053
RU      0.50000      0.50000     -0.00000      0.00000      0.00000      0.00000
RU      0.75000      0.75000     -0.00000      0.00066     -0.00003     -0.00034
RU      0.75000      0.50000      0.25000     -0.00007     -0.00035      0.00052
RU      0.50000      0.75000      0.25000     -0.00000     -0.00053      0.00053
RU      0.50000      0.50000      0.50000      0.00000      0.00000      0.00000
RU      0.75000      0.75000      0.50000     -0.00007     -0.00052      0.00035
RU      0.75000      0.50000      0.75000     -0.00007      0.00035     -0.00052
RU      0.50000      0.75000      0.75000      0.00000     -0.00095     -0.00095
