/* Converted from PWscf output file */ 
#L_UNITS ang 
#E_UNITS eV 
#S_UNITS GPA 
#F_UNITS EV/ANG 
#ALAT 	   7.61801     // a0 
#X 	   1.00000     0.00000     0.00000     // X 
#Y 	   0.00000     1.00000     0.00375     // Y 
#Z 	   0.00000     0.00375     1.00000     // Z 
#SX 	  -0.34928     0.00000     0.00000     // SX 
#SY 	   0.00000    -0.32755    -1.81114     // SY 
#SZ 	   0.00000    -1.81114    -0.32755     // SZ 
#EPA 	  -6.71086     // Energy per Atom 
#RCUT 	6.5        // Rcut 
RU      0.00000      0.00000      0.00000      0.00000      0.00000      0.00000
RU      0.25000      0.25000      0.00000     -0.00027      0.00018      0.00007
RU      0.25000      0.00000      0.25000     -0.00027      0.00007      0.00018
RU      0.00000      0.25000      0.25000      0.00000     -0.00006     -0.00006
RU      0.00000      0.00000      0.50000      0.00000      0.00000      0.00000
RU      0.25000      0.25000      0.50000      0.00018      0.00014     -0.00008
RU      0.25000      0.00000      0.75000     -0.00027     -0.00007     -0.00018
RU      0.00000      0.25000      0.75000     -0.00000     -0.00012      0.00012
RU      0.00000      0.50000     -0.00000      0.00000      0.00000      0.00000
RU      0.25000      0.75000     -0.00000     -0.00027     -0.00018     -0.00007
RU      0.25000      0.50000      0.25000      0.00018     -0.00008      0.00014
RU      0.00000      0.75000      0.25000     -0.00000      0.00012     -0.00012
RU      0.00000      0.50000      0.50000      0.00000      0.00000      0.00000
RU      0.25000      0.75000      0.50000      0.00018     -0.00014      0.00008
RU      0.25000      0.50000      0.75000      0.00018      0.00008     -0.00014
RU      0.00000      0.75000      0.75000      0.00000      0.00006      0.00006
RU      0.50000      0.00000      0.00000      0.00000      0.00000      0.00000
RU      0.75000      0.25000      0.00000      0.00027      0.00018      0.00007
RU      0.75000      0.00000      0.25000      0.00027      0.00007      0.00018
RU      0.50000      0.25000      0.25000      0.00000      0.00065      0.00065
RU      0.50000      0.00000      0.50000      0.00000      0.00000      0.00000
RU      0.75000      0.25000      0.50000     -0.00018      0.00014     -0.00008
RU      0.75000      0.00000      0.75000      0.00027     -0.00007     -0.00018
RU      0.50000      0.25000      0.75000      0.00000      0.00030     -0.00030
RU      0.50000      0.50000     -0.00000      0.00000      0.00000      0.00000
RU      0.75000      0.75000     -0.00000      0.00027     -0.00018     -0.00007
RU      0.75000      0.50000      0.25000     -0.00018     -0.00008      0.00014
RU      0.50000      0.75000      0.25000      0.00000     -0.00030      0.00030
RU      0.50000      0.50000      0.50000      0.00000      0.00000      0.00000
RU      0.75000      0.75000      0.50000     -0.00018     -0.00014      0.00008
RU      0.75000      0.50000      0.75000     -0.00018      0.00008     -0.00014
RU      0.50000      0.75000      0.75000      0.00000     -0.00065     -0.00065
