/* Converted from PWscf output file */ 
#L_UNITS ang 
#E_UNITS eV 
#S_UNITS GPA 
#F_UNITS EV/ANG 
#ALAT 	   7.61802     // a0 
#X 	   1.00000     0.00000     0.00000     // X 
#Y 	   0.00000     1.00000     0.00437     // Y 
#Z 	   0.00000     0.00437     1.00000     // Z 
#SX 	  -0.35117     0.00000     0.00000     // SX 
#SY 	   0.00000    -0.32186    -2.11360     // SY 
#SZ 	   0.00000    -2.11360    -0.32186     // SZ 
#EPA 	  -6.71064     // Energy per Atom 
#RCUT 	6.5        // Rcut 
RU      0.00000      0.00000      0.00000      0.00000      0.00000      0.00000
RU      0.25000      0.25000      0.00000     -0.00010      0.00025     -0.00004
RU      0.25000      0.00000      0.25000     -0.00010     -0.00004      0.00025
RU      0.00000      0.25000      0.25000      0.00000     -0.00003     -0.00003
RU      0.00000     -0.00000      0.50000      0.00000      0.00000      0.00000
RU      0.25000      0.25000      0.50000      0.00020     -0.00001      0.00004
RU      0.25000      0.00000      0.75000     -0.00010      0.00004     -0.00025
RU      0.00000      0.25000      0.75000      0.00000     -0.00008      0.00008
RU      0.00000      0.50000     -0.00000      0.00000      0.00000      0.00000
RU      0.25000      0.75000      0.00000     -0.00010     -0.00025      0.00004
RU      0.25000      0.50000      0.25000      0.00020      0.00004     -0.00001
RU      0.00000      0.75000      0.25000      0.00000      0.00008     -0.00008
RU      0.00000      0.50000      0.50000      0.00000      0.00000      0.00000
RU      0.25000      0.75000      0.50000      0.00020      0.00001     -0.00004
RU      0.25000      0.50000      0.75000      0.00020     -0.00004      0.00001
RU      0.00000      0.75000      0.75000      0.00000      0.00003      0.00003
RU      0.50000      0.00000      0.00000      0.00000      0.00000      0.00000
RU      0.75000      0.25000      0.00000      0.00010      0.00025     -0.00004
RU      0.75000      0.00000      0.25000      0.00010     -0.00004      0.00025
RU      0.50000      0.25000      0.25000      0.00000      0.00052      0.00052
RU      0.50000     -0.00000      0.50000      0.00000      0.00000      0.00000
RU      0.75000      0.25000      0.50000     -0.00020     -0.00001      0.00004
RU      0.75000      0.00000      0.75000      0.00010      0.00004     -0.00025
RU      0.50000      0.25000      0.75000     -0.00000      0.00019     -0.00019
RU      0.50000      0.50000     -0.00000      0.00000      0.00000      0.00000
RU      0.75000      0.75000      0.00000      0.00010     -0.00025      0.00004
RU      0.75000      0.50000      0.25000     -0.00020      0.00004     -0.00001
RU      0.50000      0.75000      0.25000     -0.00000     -0.00019      0.00019
RU      0.50000      0.50000      0.50000      0.00000      0.00000      0.00000
RU      0.75000      0.75000      0.50000     -0.00020      0.00001     -0.00004
RU      0.75000      0.50000      0.75000     -0.00020     -0.00004      0.00001
RU      0.50000      0.75000      0.75000      0.00000     -0.00052     -0.00052
