/* Converted from PWscf output file */ 
#L_UNITS ang 
#E_UNITS eV 
#S_UNITS GPA 
#F_UNITS EV/ANG 
#ALAT 	   7.61799     // a0 
#X 	   1.00000     0.00000     0.00000     // X 
#Y 	   0.00000     1.00000     0.00312     // Y 
#Z 	   0.00000     0.00312     1.00000     // Z 
#SX 	  -0.35671     0.00000     0.00000     // SX 
#SY 	   0.00000    -0.34140    -1.50853     // SY 
#SZ 	   0.00000    -1.50853    -0.34140     // SZ 
#EPA 	  -6.71104     // Energy per Atom 
#RCUT 	6.5        // Rcut 
RU      0.00000      0.00000      0.00000      0.00000      0.00000      0.00000
RU      0.25000      0.25000      0.00000     -0.00046      0.00009      0.00021
RU      0.25000      0.00000      0.25000     -0.00046      0.00021      0.00009
RU      0.00000      0.25000      0.25000      0.00000     -0.00009     -0.00009
RU      0.00000     -0.00000      0.50000      0.00000      0.00000      0.00000
RU      0.25000      0.25000      0.50000      0.00014      0.00034     -0.00022
RU      0.25000      0.00000      0.75000     -0.00046     -0.00021     -0.00009
RU      0.00000      0.25000      0.75000      0.00000     -0.00015      0.00015
RU      0.00000      0.50000     -0.00000      0.00000      0.00000      0.00000
RU      0.25000      0.75000      0.00000     -0.00046     -0.00009     -0.00021
RU      0.25000      0.50000      0.25000      0.00014     -0.00022      0.00034
RU      0.00000      0.75000      0.25000      0.00000      0.00015     -0.00015
RU      0.00000      0.50000      0.50000      0.00000      0.00000      0.00000
RU      0.25000      0.75000      0.50000      0.00014     -0.00034      0.00022
RU      0.25000      0.50000      0.75000      0.00014      0.00022     -0.00034
RU      0.00000      0.75000      0.75000      0.00000      0.00009      0.00009
RU      0.50000      0.00000      0.00000      0.00000      0.00000      0.00000
RU      0.75000      0.25000      0.00000      0.00046      0.00009      0.00021
RU      0.75000      0.00000      0.25000      0.00046      0.00021      0.00009
RU      0.50000      0.25000      0.25000      0.00000      0.00080      0.00080
RU      0.50000     -0.00000      0.50000      0.00000      0.00000      0.00000
RU      0.75000      0.25000      0.50000     -0.00014      0.00034     -0.00022
RU      0.75000      0.00000      0.75000      0.00046     -0.00021     -0.00009
RU      0.50000      0.25000      0.75000     -0.00000      0.00042     -0.00042
RU      0.50000      0.50000     -0.00000      0.00000      0.00000      0.00000
RU      0.75000      0.75000      0.00000      0.00046     -0.00009     -0.00021
RU      0.75000      0.50000      0.25000     -0.00014     -0.00022      0.00034
RU      0.50000      0.75000      0.25000     -0.00000     -0.00042      0.00042
RU      0.50000      0.50000      0.50000      0.00000      0.00000      0.00000
RU      0.75000      0.75000      0.50000     -0.00014     -0.00034      0.00022
RU      0.75000      0.50000      0.75000     -0.00014      0.00022     -0.00034
RU      0.50000      0.75000      0.75000      0.00000     -0.00080     -0.00080
