/* Converted from PWscf output file */ 
#L_UNITS ang 
#E_UNITS eV 
#S_UNITS GPA 
#F_UNITS EV/ANG 
#ALAT 	   7.61798     // a0 
#X 	   1.00000     0.00000     0.00187     // X 
#Y 	   0.00000     1.00000     0.00000     // Y 
#Z 	   0.00187     0.00000     1.00000     // Z 
#SX 	  -0.43561     0.00000    -0.89704     // SX 
#SY 	   0.00000    -0.44188     0.00000     // SY 
#SZ 	  -0.89704     0.00000    -0.43561     // SZ 
#EPA 	  -6.71131     // Energy per Atom 
#RCUT 	6.5        // Rcut 
RU      0.00000      0.00000      0.00000      0.00000      0.00000      0.00000
RU      0.25000      0.25000      0.00000     -0.00236      0.00072      0.00646
RU      0.25000      0.00000      0.25000     -0.00506      0.00000     -0.00506
RU     -0.00000      0.25000      0.25000      0.00646      0.00072     -0.00236
RU     -0.00000      0.00000      0.50000      0.00000      0.00000      0.00000
RU      0.25000      0.25000      0.50000     -0.00138      0.00735     -0.00637
RU      0.25000      0.00000      0.75000     -0.00489      0.00000      0.00489
RU      0.00000      0.25000      0.75000     -0.00646      0.00072      0.00236
RU      0.00000      0.50000      0.00000      0.00000      0.00000      0.00000
RU      0.25000      0.75000      0.00000     -0.00236     -0.00072      0.00646
RU      0.25000      0.50000      0.25000      0.00114      0.00000      0.00114
RU     -0.00000      0.75000      0.25000      0.00646     -0.00072     -0.00236
RU     -0.00000      0.50000      0.50000      0.00000      0.00000      0.00000
RU      0.25000      0.75000      0.50000     -0.00138     -0.00735     -0.00637
RU      0.25000      0.50000      0.75000      0.00176      0.00000     -0.00176
RU      0.00000      0.75000      0.75000     -0.00646     -0.00072      0.00236
RU      0.50000      0.00000     -0.00000      0.00000      0.00000      0.00000
RU      0.75000      0.25000      0.00000      0.00236      0.00072     -0.00646
RU      0.75000      0.00000      0.25000      0.00489      0.00000     -0.00489
RU      0.50000      0.25000      0.25000     -0.00637      0.00735     -0.00138
RU      0.50000      0.00000      0.50000      0.00000      0.00000      0.00000
RU      0.75000      0.25000      0.50000      0.00138      0.00735      0.00637
RU      0.75000      0.00000      0.75000      0.00506      0.00000      0.00506
RU      0.50000      0.25000      0.75000      0.00637      0.00735      0.00138
RU      0.50000      0.50000     -0.00000      0.00000      0.00000      0.00000
RU      0.75000      0.75000      0.00000      0.00236     -0.00072     -0.00646
RU      0.75000      0.50000      0.25000     -0.00176      0.00000      0.00176
RU      0.50000      0.75000      0.25000     -0.00637     -0.00735     -0.00138
RU      0.50000      0.50000      0.50000      0.00000      0.00000      0.00000
RU      0.75000      0.75000      0.50000      0.00138     -0.00735      0.00637
RU      0.75000      0.50000      0.75000     -0.00114      0.00000     -0.00114
RU      0.50000      0.75000      0.75000      0.00637     -0.00735      0.00138
