/* Converted from PWscf output file */ 
#L_UNITS ang 
#E_UNITS eV 
#S_UNITS GPA 
#F_UNITS EV/ANG 
#ALAT 	   7.61797     // a0 
#X 	   1.00000     0.00000     0.00063     // X 
#Y 	   0.00000     1.00000     0.00000     // Y 
#Z 	   0.00063     0.00000     1.00000     // Z 
#SX 	  -0.41753     0.00000    -0.29853     // SX 
#SY 	   0.00000    -0.41942     0.00000     // SY 
#SZ 	  -0.29853     0.00000    -0.41753     // SZ 
#EPA 	  -6.71144     // Energy per Atom 
#RCUT 	6.5        // Rcut 
RU      0.00000      0.00000      0.00000      0.00000      0.00000      0.00000
RU      0.25000      0.25000      0.00000     -0.00218      0.00089      0.00641
RU      0.25000      0.00000      0.25000     -0.00494      0.00000     -0.00494
RU     -0.00000      0.25000      0.25000      0.00641      0.00089     -0.00218
RU     -0.00000      0.00000      0.50000      0.00000      0.00000      0.00000
RU      0.25000      0.25000      0.50000     -0.00154      0.00735     -0.00631
RU      0.25000      0.00000      0.75000     -0.00478     -0.00000      0.00478
RU     -0.00000      0.25000      0.75000     -0.00641      0.00089      0.00218
RU      0.00000      0.50000      0.00000      0.00000      0.00000      0.00000
RU      0.25000      0.75000      0.00000     -0.00218     -0.00089      0.00641
RU      0.25000      0.50000      0.25000      0.00105     -0.00000      0.00105
RU     -0.00000      0.75000      0.25000      0.00641     -0.00089     -0.00218
RU     -0.00000      0.50000      0.50000      0.00000      0.00000      0.00000
RU      0.25000      0.75000      0.50000     -0.00154     -0.00735     -0.00631
RU      0.25000      0.50000      0.75000      0.00168      0.00000     -0.00168
RU     -0.00000      0.75000      0.75000     -0.00641     -0.00089      0.00218
RU      0.50000      0.00000     -0.00000      0.00000      0.00000      0.00000
RU      0.75000      0.25000      0.00000      0.00218      0.00089     -0.00641
RU      0.75000      0.00000      0.25000      0.00478     -0.00000     -0.00478
RU      0.50000      0.25000      0.25000     -0.00631      0.00735     -0.00154
RU      0.50000      0.00000      0.50000      0.00000      0.00000      0.00000
RU      0.75000      0.25000      0.50000      0.00154      0.00735      0.00631
RU      0.75000      0.00000      0.75000      0.00494      0.00000      0.00494
RU      0.50000      0.25000      0.75000      0.00631      0.00735      0.00154
RU      0.50000      0.50000     -0.00000      0.00000      0.00000      0.00000
RU      0.75000      0.75000      0.00000      0.00218     -0.00089     -0.00641
RU      0.75000      0.50000      0.25000     -0.00168      0.00000      0.00168
RU      0.50000      0.75000      0.25000     -0.00631     -0.00735     -0.00154
RU      0.50000      0.50000      0.50000      0.00000      0.00000      0.00000
RU      0.75000      0.75000      0.50000      0.00154     -0.00735      0.00631
RU      0.75000      0.50000      0.75000     -0.00105     -0.00000     -0.00105
RU      0.50000      0.75000      0.75000      0.00631     -0.00735      0.00154
