/* Converted from PWscf output file */ 
#L_UNITS ang 
#E_UNITS eV 
#S_UNITS GPA 
#F_UNITS EV/ANG 
#ALAT 	   7.61803     // a0 
#X 	   1.00000     0.00000     0.00500     // X 
#Y 	   0.00000     1.00000     0.00000     // Y 
#Z 	   0.00500     0.00000     1.00000     // Z 
#SX 	  -0.48738     0.00000    -2.40309     // SX 
#SY 	   0.00000    -0.52559     0.00000     // SY 
#SZ 	  -2.40309     0.00000    -0.48738     // SZ 
#EPA 	  -6.71040     // Energy per Atom 
#RCUT 	6.5        // Rcut 
RU      0.00000      0.00000      0.00000      0.00000      0.00000      0.00000
RU      0.25000      0.25000     -0.00000     -0.00228      0.00090      0.00586
RU      0.25000      0.00000      0.25000     -0.00495      0.00000     -0.00495
RU      0.00000      0.25000      0.25000      0.00586      0.00090     -0.00228
RU     -0.00000      0.00000      0.50000      0.00000      0.00000      0.00000
RU      0.25000      0.25000      0.50000     -0.00148      0.00720     -0.00576
RU      0.25000      0.00000      0.75000     -0.00483      0.00000      0.00483
RU      0.00000      0.25000      0.75000     -0.00586      0.00090      0.00228
RU      0.00000      0.50000      0.00000      0.00000      0.00000      0.00000
RU      0.25000      0.75000     -0.00000     -0.00228     -0.00090      0.00586
RU      0.25000      0.50000      0.25000      0.00098      0.00000      0.00098
RU      0.00000      0.75000      0.25000      0.00586     -0.00090     -0.00228
RU     -0.00000      0.50000      0.50000      0.00000      0.00000      0.00000
RU      0.25000      0.75000      0.50000     -0.00148     -0.00720     -0.00576
RU      0.25000      0.50000      0.75000      0.00155      0.00000     -0.00155
RU      0.00000      0.75000      0.75000     -0.00586     -0.00090      0.00228
RU      0.50000      0.00000     -0.00000      0.00000      0.00000      0.00000
RU      0.75000      0.25000     -0.00000      0.00228      0.00090     -0.00586
RU      0.75000      0.00000      0.25000      0.00483      0.00000     -0.00483
RU      0.50000      0.25000      0.25000     -0.00576      0.00720     -0.00148
RU      0.50000      0.00000      0.50000      0.00000      0.00000      0.00000
RU      0.75000      0.25000      0.50000      0.00148      0.00720      0.00576
RU      0.75000      0.00000      0.75000      0.00495      0.00000      0.00495
RU      0.50000      0.25000      0.75000      0.00576      0.00720      0.00148
RU      0.50000      0.50000     -0.00000      0.00000      0.00000      0.00000
RU      0.75000      0.75000     -0.00000      0.00228     -0.00090     -0.00586
RU      0.75000      0.50000      0.25000     -0.00155      0.00000      0.00155
RU      0.50000      0.75000      0.25000     -0.00576     -0.00720     -0.00148
RU      0.50000      0.50000      0.50000      0.00000      0.00000      0.00000
RU      0.75000      0.75000      0.50000      0.00148     -0.00720      0.00576
RU      0.75000      0.50000      0.75000     -0.00098      0.00000     -0.00098
RU      0.50000      0.75000      0.75000      0.00576     -0.00720      0.00148
