/* Converted from PWscf output file */ 
#L_UNITS ang 
#E_UNITS eV 
#S_UNITS GPA 
#F_UNITS EV/ANG 
#ALAT 	   7.61798     // a0 
#X 	   1.00000     0.00125     0.00000     // X 
#Y 	   0.00125     1.00000     0.00000     // Y 
#Z 	   0.00000     0.00000     1.00000     // Z 
#SX 	  -0.34855    -0.60128     0.00000     // SX 
#SY 	  -0.60128    -0.34855     0.00000     // SY 
#SZ 	   0.00000     0.00000    -0.34971     // SZ 
#EPA 	  -6.71139     // Energy per Atom 
#RCUT 	6.5        // Rcut 
RU      0.00000      0.00000      0.00000      0.00000      0.00000      0.00000
RU      0.25000      0.25000      0.00000     -0.00085     -0.00085      0.00000
RU      0.25000      0.00000      0.25000     -0.00123      0.00052     -0.00008
RU      0.00000      0.25000      0.25000      0.00052     -0.00123     -0.00008
RU      0.00000      0.00000      0.50000      0.00000      0.00000      0.00000
RU      0.25000      0.25000      0.50000      0.00048      0.00048     -0.00000
RU      0.25000      0.00000      0.75000     -0.00123      0.00052      0.00008
RU      0.00000      0.25000      0.75000      0.00052     -0.00123      0.00008
RU      0.00000      0.50000      0.00000      0.00000      0.00000      0.00000
RU      0.25000      0.75000      0.00000     -0.00044      0.00044      0.00000
RU      0.25000      0.50000      0.25000      0.00142     -0.00086      0.00054
RU     -0.00000      0.75000      0.25000     -0.00052      0.00123     -0.00008
RU      0.00000      0.50000      0.50000      0.00000      0.00000      0.00000
RU      0.25000      0.75000      0.50000      0.00015     -0.00015      0.00000
RU      0.25000      0.50000      0.75000      0.00142     -0.00086     -0.00054
RU     -0.00000      0.75000      0.75000     -0.00052      0.00123      0.00008
RU      0.50000     -0.00000      0.00000      0.00000      0.00000      0.00000
RU      0.75000      0.25000      0.00000      0.00044     -0.00044      0.00000
RU      0.75000     -0.00000      0.25000      0.00123     -0.00052     -0.00008
RU      0.50000      0.25000      0.25000     -0.00086      0.00142      0.00054
RU      0.50000     -0.00000      0.50000      0.00000      0.00000      0.00000
RU      0.75000      0.25000      0.50000     -0.00015      0.00015      0.00000
RU      0.75000     -0.00000      0.75000      0.00123     -0.00052      0.00008
RU      0.50000      0.25000      0.75000     -0.00086      0.00142     -0.00054
RU      0.50000      0.50000      0.00000      0.00000      0.00000      0.00000
RU      0.75000      0.75000      0.00000      0.00085      0.00085      0.00000
RU      0.75000      0.50000      0.25000     -0.00142      0.00086      0.00054
RU      0.50000      0.75000      0.25000      0.00086     -0.00142      0.00054
RU      0.50000      0.50000      0.50000      0.00000      0.00000      0.00000
RU      0.75000      0.75000      0.50000     -0.00048     -0.00048     -0.00000
RU      0.75000      0.50000      0.75000     -0.00142      0.00086     -0.00054
RU      0.50000      0.75000      0.75000      0.00086     -0.00142     -0.00054
