/* Converted from PWscf output file */ 
#L_UNITS ang 
#E_UNITS eV 
#S_UNITS GPA 
#F_UNITS EV/ANG 
#ALAT 	   7.61803     // a0 
#X 	   1.00000     0.00500     0.00000     // X 
#Y 	   0.00500     1.00000     0.00000     // Y 
#Z 	   0.00000     0.00000     1.00000     // Z 
#SX 	  -0.29605    -2.41694     0.00000     // SX 
#SY 	  -2.41694    -0.29605     0.00000     // SY 
#SZ 	   0.00000     0.00000    -0.33294     // SZ 
#EPA 	  -6.71040     // Energy per Atom 
#RCUT 	6.5        // Rcut 
RU      0.00000      0.00000      0.00000      0.00000      0.00000      0.00000
RU      0.25000      0.25000      0.00000     -0.00046     -0.00046      0.00000
RU      0.25000     -0.00000      0.25000     -0.00049     -0.00015      0.00006
RU     -0.00000      0.25000      0.25000     -0.00015     -0.00049      0.00006
RU      0.00000      0.00000      0.50000      0.00000      0.00000      0.00000
RU      0.25000      0.25000      0.50000      0.00023      0.00023      0.00000
RU      0.25000     -0.00000      0.75000     -0.00049     -0.00015     -0.00006
RU     -0.00000      0.25000      0.75000     -0.00015     -0.00049     -0.00006
RU     -0.00000      0.50000      0.00000      0.00000      0.00000      0.00000
RU      0.25000      0.75000      0.00000     -0.00020      0.00020      0.00000
RU      0.25000      0.50000      0.25000      0.00064     -0.00006      0.00031
RU     -0.00000      0.75000      0.25000      0.00015      0.00049      0.00006
RU     -0.00000      0.50000      0.50000      0.00000      0.00000      0.00000
RU      0.25000      0.75000      0.50000      0.00003     -0.00003      0.00000
RU      0.25000      0.50000      0.75000      0.00064     -0.00006     -0.00031
RU     -0.00000      0.75000      0.75000      0.00015      0.00049     -0.00006
RU      0.50000     -0.00000      0.00000      0.00000      0.00000      0.00000
RU      0.75000      0.25000      0.00000      0.00020     -0.00020      0.00000
RU      0.75000     -0.00000      0.25000      0.00049      0.00015      0.00006
RU      0.50000      0.25000      0.25000     -0.00006      0.00064      0.00031
RU      0.50000     -0.00000      0.50000      0.00000      0.00000      0.00000
RU      0.75000      0.25000      0.50000     -0.00003      0.00003      0.00000
RU      0.75000     -0.00000      0.75000      0.00049      0.00015     -0.00006
RU      0.50000      0.25000      0.75000     -0.00006      0.00064     -0.00031
RU      0.50000      0.50000      0.00000      0.00000      0.00000      0.00000
RU      0.75000      0.75000      0.00000      0.00046      0.00046      0.00000
RU      0.75000      0.50000      0.25000     -0.00064      0.00006      0.00031
RU      0.50000      0.75000      0.25000      0.00006     -0.00064      0.00031
RU      0.50000      0.50000      0.50000      0.00000      0.00000      0.00000
RU      0.75000      0.75000      0.50000     -0.00023     -0.00023      0.00000
RU      0.75000      0.50000      0.75000     -0.00064      0.00006     -0.00031
RU      0.50000      0.75000      0.75000      0.00006     -0.00064     -0.00031
