/* Converted from PWscf output file */ 
#L_UNITS ang 
#E_UNITS eV 
#S_UNITS GPA 
#F_UNITS EV/ANG 
#ALAT 	   7.62273     // a0 
#X 	   1.00000     0.00000     0.00000     // X 
#Y 	   0.00000     0.99875     0.00000     // Y 
#Z 	   0.00000     0.00000     0.99938     // Z 
#SX 	  -0.53026     0.00000     0.00000     // SX 
#SY 	   0.00000    -0.21686     0.00000     // SY 
#SZ 	   0.00000     0.00000    -0.37174     // SZ 
#EPA 	  -6.71145     // Energy per Atom 
#RCUT 	6.5        // Rcut 
RU      0.00000      0.00000      0.00000      0.00000      0.00000      0.00000
RU      0.25000      0.25000      0.00000     -0.00276      0.00139     -0.00000
RU      0.25000      0.00000      0.25000     -0.00375      0.00000     -0.00395
RU      0.00000      0.25000      0.25000      0.00000      0.00124     -0.00305
RU      0.00000      0.00000      0.50000      0.00000      0.00000      0.00000
RU      0.25000      0.25000      0.50000     -0.00252      0.00391      0.00000
RU      0.25000      0.00000      0.75000     -0.00375      0.00000      0.00395
RU      0.00000      0.25000      0.75000      0.00000      0.00124      0.00305
RU      0.00000      0.50000      0.00000      0.00000      0.00000      0.00000
RU      0.25000      0.75000      0.00000     -0.00276     -0.00139      0.00000
RU      0.25000      0.50000      0.25000     -0.00102      0.00000     -0.00178
RU      0.00000      0.75000      0.25000      0.00000     -0.00124     -0.00305
RU      0.00000      0.50000      0.50000      0.00000      0.00000      0.00000
RU      0.25000      0.75000      0.50000     -0.00252     -0.00391     -0.00000
RU      0.25000      0.50000      0.75000     -0.00102      0.00000      0.00178
RU      0.00000      0.75000      0.75000      0.00000     -0.00124      0.00305
RU      0.50000      0.00000      0.00000      0.00000      0.00000      0.00000
RU      0.75000      0.25000      0.00000      0.00276      0.00139      0.00000
RU      0.75000      0.00000      0.25000      0.00375      0.00000     -0.00395
RU      0.50000      0.25000      0.25000      0.00000      0.00441     -0.00299
RU      0.50000      0.00000      0.50000      0.00000      0.00000      0.00000
RU      0.75000      0.25000      0.50000      0.00252      0.00391     -0.00000
RU      0.75000      0.00000      0.75000      0.00375      0.00000      0.00395
RU      0.50000      0.25000      0.75000      0.00000      0.00441      0.00299
RU      0.50000      0.50000      0.00000      0.00000      0.00000      0.00000
RU      0.75000      0.75000      0.00000      0.00276     -0.00139     -0.00000
RU      0.75000      0.50000      0.25000      0.00102      0.00000     -0.00178
RU      0.50000      0.75000      0.25000      0.00000     -0.00441     -0.00299
RU      0.50000      0.50000      0.50000      0.00000      0.00000      0.00000
RU      0.75000      0.75000      0.50000      0.00252     -0.00391      0.00000
RU      0.75000      0.50000      0.75000      0.00102      0.00000      0.00178
RU      0.50000      0.75000      0.75000      0.00000     -0.00441      0.00299
