/* Converted from PWscf output file */ 
#L_UNITS ang 
#E_UNITS eV 
#S_UNITS GPA 
#F_UNITS EV/ANG 
#ALAT 	   7.63226     // a0 
#X 	   1.00000     0.00000     0.00000     // X 
#Y 	   0.00000     0.99626     0.00000     // Y 
#Z 	   0.00000     0.00000     0.99813     // Z 
#SX 	  -1.01852     0.00000     0.00000     // SX 
#SY 	   0.00000    -0.08050     0.00000     // SY 
#SZ 	   0.00000     0.00000    -0.54878     // SZ 
#EPA 	  -6.71138     // Energy per Atom 
#RCUT 	6.5        // Rcut 
RU      0.00000      0.00000      0.00000      0.00000      0.00000      0.00000
RU      0.25000      0.25000      0.00000     -0.00201      0.00154      0.00000
RU      0.25000      0.00000      0.25000     -0.00166      0.00000      0.00099
RU      0.00000      0.25000      0.25000      0.00000      0.00171      0.00079
RU      0.00000      0.00000      0.50000      0.00000      0.00000      0.00000
RU      0.25000      0.25000      0.50000     -0.00160      0.00185      0.00000
RU      0.25000      0.00000      0.75000     -0.00166      0.00000     -0.00099
RU      0.00000      0.25000      0.75000      0.00000      0.00171     -0.00079
RU      0.00000      0.50000      0.00000      0.00000      0.00000      0.00000
RU      0.25000      0.75000      0.00000     -0.00201     -0.00154      0.00000
RU      0.25000      0.50000      0.25000     -0.00159      0.00000      0.00140
RU      0.00000      0.75000      0.25000      0.00000     -0.00171      0.00079
RU      0.00000      0.50000      0.50000      0.00000      0.00000      0.00000
RU      0.25000      0.75000      0.50000     -0.00160     -0.00185      0.00000
RU      0.25000      0.50000      0.75000     -0.00159      0.00000     -0.00140
RU      0.00000      0.75000      0.75000      0.00000     -0.00171     -0.00079
RU      0.50000      0.00000      0.00000      0.00000      0.00000      0.00000
RU      0.75000      0.25000      0.00000      0.00201      0.00154      0.00000
RU      0.75000      0.00000      0.25000      0.00166      0.00000      0.00099
RU      0.50000      0.25000      0.25000      0.00000      0.00179      0.00123
RU      0.50000      0.00000      0.50000      0.00000      0.00000      0.00000
RU      0.75000      0.25000      0.50000      0.00160      0.00185      0.00000
RU      0.75000      0.00000      0.75000      0.00166      0.00000     -0.00099
RU      0.50000      0.25000      0.75000      0.00000      0.00179     -0.00123
RU      0.50000      0.50000      0.00000      0.00000      0.00000      0.00000
RU      0.75000      0.75000      0.00000      0.00201     -0.00154      0.00000
RU      0.75000      0.50000      0.25000      0.00159      0.00000      0.00140
RU      0.50000      0.75000      0.25000      0.00000     -0.00179      0.00123
RU      0.50000      0.50000      0.50000      0.00000      0.00000      0.00000
RU      0.75000      0.75000      0.50000      0.00160     -0.00185      0.00000
RU      0.75000      0.50000      0.75000      0.00159      0.00000     -0.00140
RU      0.50000      0.75000      0.75000      0.00000     -0.00179     -0.00123
