/* Converted from PWscf output file */ 
#L_UNITS ang 
#E_UNITS eV 
#S_UNITS GPA 
#F_UNITS EV/ANG 
#ALAT 	   7.62750     // a0 
#X 	   1.00000     0.00000     0.00000     // X 
#Y 	   0.00000     0.99750     0.00000     // Y 
#Z 	   0.00000     0.00000     0.99875     // Z 
#SX 	  -0.79379     0.00000     0.00000     // SX 
#SY 	   0.00000    -0.16727     0.00000     // SY 
#SZ 	   0.00000     0.00000    -0.47893     // SZ 
#EPA 	  -6.71142     // Energy per Atom 
#RCUT 	6.5        // Rcut 
RU      0.00000      0.00000      0.00000      0.00000      0.00000      0.00000
RU      0.25000      0.25000      0.00000     -0.00250      0.00124      0.00000
RU      0.25000      0.00000      0.25000     -0.00450      0.00000     -0.00686
RU      0.00000      0.25000      0.25000      0.00000      0.00102     -0.00496
RU      0.00000      0.00000      0.50000      0.00000      0.00000      0.00000
RU      0.25000      0.25000      0.50000     -0.00226      0.00528     -0.00000
RU      0.25000      0.00000      0.75000     -0.00450      0.00000      0.00686
RU      0.00000      0.25000      0.75000      0.00000      0.00102      0.00496
RU      0.00000      0.50000      0.00000      0.00000      0.00000      0.00000
RU      0.25000      0.75000      0.00000     -0.00250     -0.00124      0.00000
RU      0.25000      0.50000      0.25000     -0.00017      0.00000     -0.00299
RU      0.00000      0.75000      0.25000      0.00000     -0.00102     -0.00496
RU      0.00000      0.50000      0.50000      0.00000      0.00000      0.00000
RU      0.25000      0.75000      0.50000     -0.00226     -0.00528      0.00000
RU      0.25000      0.50000      0.75000     -0.00017      0.00000      0.00299
RU      0.00000      0.75000      0.75000      0.00000     -0.00102      0.00496
RU      0.50000      0.00000      0.00000      0.00000      0.00000      0.00000
RU      0.75000      0.25000      0.00000      0.00250      0.00124      0.00000
RU      0.75000      0.00000      0.25000      0.00450      0.00000     -0.00686
RU      0.50000      0.25000      0.25000      0.00000      0.00550     -0.00469
RU      0.50000      0.00000      0.50000      0.00000      0.00000      0.00000
RU      0.75000      0.25000      0.50000      0.00226      0.00528      0.00000
RU      0.75000      0.00000      0.75000      0.00450      0.00000      0.00686
RU      0.50000      0.25000      0.75000      0.00000      0.00550      0.00469
RU      0.50000      0.50000      0.00000      0.00000      0.00000      0.00000
RU      0.75000      0.75000      0.00000      0.00250     -0.00124      0.00000
RU      0.75000      0.50000      0.25000      0.00017      0.00000     -0.00299
RU      0.50000      0.75000      0.25000      0.00000     -0.00550     -0.00469
RU      0.50000      0.50000      0.50000      0.00000      0.00000      0.00000
RU      0.75000      0.75000      0.50000      0.00226     -0.00528     -0.00000
RU      0.75000      0.50000      0.75000      0.00017      0.00000      0.00299
RU      0.50000      0.75000      0.75000      0.00000     -0.00550      0.00469
