/* Converted from PWscf output file */ 
#L_UNITS ang 
#E_UNITS eV 
#S_UNITS GPA 
#F_UNITS EV/ANG 
#ALAT 	   7.65612     // a0 
#X 	   1.00000     0.00000     0.00000     // X 
#Y 	   0.00000     0.99005     0.00000     // Y 
#Z 	   0.00000     0.00000     0.99502     // Z 
#SX 	  -1.74989     0.00000     0.00000     // SX 
#SY 	   0.00000     0.75835     0.00000     // SY 
#SZ 	   0.00000     0.00000    -0.49686     // SZ 
#EPA 	  -6.71091     // Energy per Atom 
#RCUT 	6.5        // Rcut 
RU      0.00000      0.00000      0.00000      0.00000      0.00000      0.00000
RU      0.25000      0.25000      0.00000     -0.00303      0.00153      0.00000
RU      0.25000      0.00000      0.25000     -0.00549      0.00000     -0.00312
RU      0.00000      0.25000      0.25000      0.00000      0.00130     -0.00085
RU      0.00000      0.00000      0.50000      0.00000      0.00000      0.00000
RU      0.25000      0.25000      0.50000     -0.00275      0.00636      0.00000
RU      0.25000      0.00000      0.75000     -0.00549      0.00000      0.00312
RU      0.00000      0.25000      0.75000      0.00000      0.00130      0.00085
RU      0.00000      0.50000      0.00000      0.00000      0.00000      0.00000
RU      0.25000      0.75000      0.00000     -0.00303     -0.00153     -0.00000
RU      0.25000      0.50000      0.25000     -0.00029      0.00000      0.00136
RU      0.00000      0.75000      0.25000      0.00000     -0.00130     -0.00085
RU      0.00000      0.50000      0.50000      0.00000      0.00000      0.00000
RU      0.25000      0.75000      0.50000     -0.00275     -0.00636      0.00000
RU      0.25000      0.50000      0.75000     -0.00029      0.00000     -0.00136
RU      0.00000      0.75000      0.75000      0.00000     -0.00130      0.00085
RU      0.50000      0.00000      0.00000      0.00000      0.00000      0.00000
RU      0.75000      0.25000      0.00000      0.00303      0.00153     -0.00000
RU      0.75000      0.00000      0.25000      0.00549      0.00000     -0.00312
RU      0.50000      0.25000      0.25000      0.00000      0.00691     -0.00066
RU      0.50000      0.00000      0.50000      0.00000      0.00000      0.00000
RU      0.75000      0.25000      0.50000      0.00275      0.00636      0.00000
RU      0.75000      0.00000      0.75000      0.00549      0.00000      0.00312
RU      0.50000      0.25000      0.75000      0.00000      0.00691      0.00066
RU      0.50000      0.50000      0.00000      0.00000      0.00000      0.00000
RU      0.75000      0.75000      0.00000      0.00303     -0.00153      0.00000
RU      0.75000      0.50000      0.25000      0.00029      0.00000      0.00136
RU      0.50000      0.75000      0.25000      0.00000     -0.00691     -0.00066
RU      0.50000      0.50000      0.50000      0.00000      0.00000      0.00000
RU      0.75000      0.75000      0.50000      0.00275     -0.00636      0.00000
RU      0.75000      0.50000      0.75000      0.00029      0.00000     -0.00136
RU      0.50000      0.75000      0.75000      0.00000     -0.00691      0.00066
