/* Converted from PWscf output file */ 
#L_UNITS ang 
#E_UNITS eV 
#S_UNITS GPA 
#F_UNITS EV/ANG 
#ALAT 	   7.63703     // a0 
#X 	   1.00000     0.00000     0.00000     // X 
#Y 	   0.00000     0.99501     0.00000     // Y 
#Z 	   0.00000     0.00000     0.99751     // Z 
#SX 	  -1.13373     0.00000     0.00000     // SX 
#SY 	   0.00000     0.12163     0.00000     // SY 
#SZ 	   0.00000     0.00000    -0.50416     // SZ 
#EPA 	  -6.71132     // Energy per Atom 
#RCUT 	6.5        // Rcut 
RU      0.00000      0.00000      0.00000      0.00000      0.00000      0.00000
RU      0.25000      0.25000      0.00000     -0.00472      0.00146      0.00000
RU      0.25000      0.00000      0.25000     -0.00889      0.00000     -0.00870
RU      0.00000      0.25000      0.25000      0.00000      0.00076     -0.00506
RU      0.00000      0.00000      0.50000      0.00000      0.00000      0.00000
RU      0.25000      0.25000      0.50000     -0.00418      0.00970      0.00000
RU      0.25000      0.00000      0.75000     -0.00889      0.00000      0.00870
RU      0.00000      0.25000      0.75000      0.00000      0.00076      0.00506
RU      0.00000      0.50000      0.00000      0.00000      0.00000      0.00000
RU      0.25000      0.75000      0.00000     -0.00472     -0.00146      0.00000
RU      0.25000      0.50000      0.25000      0.00050      0.00000     -0.00086
RU      0.00000      0.75000      0.25000      0.00000     -0.00076     -0.00506
RU      0.00000      0.50000      0.50000      0.00000      0.00000      0.00000
RU      0.25000      0.75000      0.50000     -0.00418     -0.00970     -0.00000
RU      0.25000      0.50000      0.75000      0.00050      0.00000      0.00086
RU      0.00000      0.75000      0.75000      0.00000     -0.00076      0.00506
RU      0.50000      0.00000      0.00000      0.00000      0.00000      0.00000
RU      0.75000      0.25000      0.00000      0.00472      0.00146      0.00000
RU      0.75000      0.00000      0.25000      0.00889      0.00000     -0.00870
RU      0.50000      0.25000      0.25000      0.00000      0.01063     -0.00465
RU      0.50000      0.00000      0.50000      0.00000      0.00000      0.00000
RU      0.75000      0.25000      0.50000      0.00418      0.00970     -0.00000
RU      0.75000      0.00000      0.75000      0.00889      0.00000      0.00870
RU      0.50000      0.25000      0.75000      0.00000      0.01063      0.00465
RU      0.50000      0.50000      0.00000      0.00000      0.00000      0.00000
RU      0.75000      0.75000      0.00000      0.00472     -0.00146      0.00000
RU      0.75000      0.50000      0.25000     -0.00050      0.00000     -0.00086
RU      0.50000      0.75000      0.25000      0.00000     -0.01063     -0.00465
RU      0.50000      0.50000      0.50000      0.00000      0.00000      0.00000
RU      0.75000      0.75000      0.50000      0.00418     -0.00970      0.00000
RU      0.75000      0.50000      0.75000     -0.00050      0.00000      0.00086
RU      0.50000      0.75000      0.75000      0.00000     -0.01063      0.00465
