/* Converted from PWscf output file */ 
#L_UNITS ang 
#E_UNITS eV 
#S_UNITS GPA 
#F_UNITS EV/ANG 
#ALAT 	   7.65612     // a0 
#X 	   1.00000     0.00000     0.00000     // X 
#Y 	   0.00000     0.99502     0.00000     // Y 
#Z 	   0.00000     0.00000     0.99005     // Z 
#SX 	  -1.71489     0.00000     0.00000     // SX 
#SY 	   0.00000    -0.46099     0.00000     // SY 
#SZ 	   0.00000     0.00000     0.80049     // SZ 
#EPA 	  -6.71091     // Energy per Atom 
#RCUT 	6.5        // Rcut 
RU      0.00000      0.00000      0.00000      0.00000      0.00000      0.00000
RU      0.25000      0.25000      0.00000     -0.00538      0.00182      0.00000
RU      0.25000      0.00000      0.25000     -0.01041      0.00000     -0.00623
RU      0.00000      0.25000      0.25000      0.00000      0.00090     -0.00195
RU      0.00000      0.00000      0.50000      0.00000      0.00000      0.00000
RU      0.25000      0.25000      0.50000     -0.00456      0.01155     -0.00000
RU      0.25000      0.00000      0.75000     -0.01041      0.00000      0.00623
RU      0.00000      0.25000      0.75000      0.00000      0.00090      0.00195
RU      0.00000      0.50000      0.00000      0.00000      0.00000      0.00000
RU      0.25000      0.75000      0.00000     -0.00538     -0.00182      0.00000
RU      0.25000      0.50000      0.25000      0.00094      0.00000      0.00319
RU      0.00000      0.75000      0.25000      0.00000     -0.00090     -0.00195
RU      0.00000      0.50000      0.50000      0.00000      0.00000      0.00000
RU      0.25000      0.75000      0.50000     -0.00456     -0.01155      0.00000
RU      0.25000      0.50000      0.75000      0.00094      0.00000     -0.00319
RU      0.00000      0.75000      0.75000      0.00000     -0.00090      0.00195
RU      0.50000      0.00000      0.00000      0.00000      0.00000      0.00000
RU      0.75000      0.25000      0.00000      0.00538      0.00182      0.00000
RU      0.75000      0.00000      0.25000      0.01041      0.00000     -0.00623
RU      0.50000      0.25000      0.25000      0.00000      0.01268     -0.00127
RU      0.50000      0.00000      0.50000      0.00000      0.00000      0.00000
RU      0.75000      0.25000      0.50000      0.00456      0.01155      0.00000
RU      0.75000      0.00000      0.75000      0.01041      0.00000      0.00623
RU      0.50000      0.25000      0.75000      0.00000      0.01268      0.00127
RU      0.50000      0.50000      0.00000      0.00000      0.00000      0.00000
RU      0.75000      0.75000      0.00000      0.00538     -0.00182      0.00000
RU      0.75000      0.50000      0.25000     -0.00094      0.00000      0.00319
RU      0.50000      0.75000      0.25000      0.00000     -0.01268     -0.00127
RU      0.50000      0.50000      0.50000      0.00000      0.00000      0.00000
RU      0.75000      0.75000      0.50000      0.00456     -0.01155     -0.00000
RU      0.75000      0.50000      0.75000     -0.00094      0.00000     -0.00319
RU      0.50000      0.75000      0.75000      0.00000     -0.01268      0.00127
