/* Converted from PWscf output file */ 
#L_UNITS ang 
#E_UNITS eV 
#S_UNITS GPA 
#F_UNITS EV/ANG 
#ALAT 	   7.63226     // a0 
#X 	   1.00000     0.00000     0.00000     // X 
#Y 	   0.00000     0.99813     0.00000     // Y 
#Z 	   0.00000     0.00000     0.99626     // Z 
#SX 	  -0.98352     0.00000     0.00000     // SX 
#SY 	   0.00000    -0.51291     0.00000     // SY 
#SZ 	   0.00000     0.00000    -0.04010     // SZ 
#EPA 	  -6.71138     // Energy per Atom 
#RCUT 	6.5        // Rcut 
RU      0.00000      0.00000      0.00000      0.00000      0.00000      0.00000
RU      0.25000      0.25000      0.00000     -0.00424      0.00317     -0.00000
RU      0.25000      0.00000      0.25000     -0.00872      0.00000     -0.00278
RU      0.00000      0.25000      0.25000      0.00000      0.00247      0.00110
RU      0.00000      0.00000      0.50000      0.00000      0.00000      0.00000
RU      0.25000      0.25000      0.50000     -0.00374      0.01133     -0.00000
RU      0.25000      0.00000      0.75000     -0.00872      0.00000      0.00278
RU      0.00000      0.25000      0.75000      0.00000      0.00247     -0.00110
RU      0.00000      0.50000      0.00000      0.00000      0.00000      0.00000
RU      0.25000      0.75000      0.00000     -0.00424     -0.00317      0.00000
RU      0.25000      0.50000      0.25000      0.00091      0.00000      0.00526
RU      0.00000      0.75000      0.25000      0.00000     -0.00247      0.00110
RU      0.00000      0.50000      0.50000      0.00000      0.00000      0.00000
RU      0.25000      0.75000      0.50000     -0.00374     -0.01133      0.00000
RU      0.25000      0.50000      0.75000      0.00091      0.00000     -0.00526
RU      0.00000      0.75000      0.75000      0.00000     -0.00247     -0.00110
RU      0.50000      0.00000      0.00000      0.00000      0.00000      0.00000
RU      0.75000      0.25000      0.00000      0.00424      0.00317      0.00000
RU      0.75000      0.00000      0.25000      0.00872      0.00000     -0.00278
RU      0.50000      0.25000      0.25000      0.00000      0.01234      0.00144
RU      0.50000      0.00000      0.50000      0.00000      0.00000      0.00000
RU      0.75000      0.25000      0.50000      0.00374      0.01133      0.00000
RU      0.75000      0.00000      0.75000      0.00872      0.00000      0.00278
RU      0.50000      0.25000      0.75000      0.00000      0.01234     -0.00144
RU      0.50000      0.50000      0.00000      0.00000      0.00000      0.00000
RU      0.75000      0.75000      0.00000      0.00424     -0.00317     -0.00000
RU      0.75000      0.50000      0.25000     -0.00091      0.00000      0.00526
RU      0.50000      0.75000      0.25000      0.00000     -0.01234      0.00144
RU      0.50000      0.50000      0.50000      0.00000      0.00000      0.00000
RU      0.75000      0.75000      0.50000      0.00374     -0.01133     -0.00000
RU      0.75000      0.50000      0.75000     -0.00091      0.00000     -0.00526
RU      0.50000      0.75000      0.75000      0.00000     -0.01234     -0.00144
