/* Converted from PWscf output file */ 
#L_UNITS ang 
#E_UNITS eV 
#S_UNITS GPA 
#F_UNITS EV/ANG 
#ALAT 	   7.63703     // a0 
#X 	   1.00000     0.00000     0.00000     // X 
#Y 	   0.00000     0.99751     0.00000     // Y 
#Z 	   0.00000     0.00000     0.99501     // Z 
#SX 	  -1.15167     0.00000     0.00000     // SX 
#SY 	   0.00000    -0.52428     0.00000     // SY 
#SZ 	   0.00000     0.00000     0.10602     // SZ 
#EPA 	  -6.71132     // Energy per Atom 
#RCUT 	6.5        // Rcut 
RU      0.00000      0.00000      0.00000      0.00000      0.00000      0.00000
RU      0.25000      0.25000      0.00000     -0.00498      0.00267     -0.00000
RU      0.25000      0.00000      0.25000     -0.00981      0.00000     -0.00428
RU      0.00000      0.25000      0.25000      0.00000      0.00184     -0.00009
RU      0.00000      0.00000      0.50000      0.00000      0.00000      0.00000
RU      0.25000      0.25000      0.50000     -0.00432      0.01161      0.00000
RU      0.25000      0.00000      0.75000     -0.00981      0.00000      0.00428
RU      0.00000      0.25000      0.75000      0.00000      0.00184      0.00009
RU      0.00000      0.50000      0.00000      0.00000      0.00000      0.00000
RU      0.25000      0.75000      0.00000     -0.00498     -0.00267      0.00000
RU      0.25000      0.50000      0.25000      0.00081      0.00000      0.00453
RU      0.00000      0.75000      0.25000      0.00000     -0.00184     -0.00009
RU      0.00000      0.50000      0.50000      0.00000      0.00000      0.00000
RU      0.25000      0.75000      0.50000     -0.00432     -0.01161      0.00000
RU      0.25000      0.50000      0.75000      0.00081      0.00000     -0.00453
RU      0.00000      0.75000      0.75000      0.00000     -0.00184      0.00009
RU      0.50000      0.00000      0.00000      0.00000      0.00000      0.00000
RU      0.75000      0.25000      0.00000      0.00498      0.00267      0.00000
RU      0.75000      0.00000      0.25000      0.00981      0.00000     -0.00428
RU      0.50000      0.25000      0.25000      0.00000      0.01274      0.00035
RU      0.50000      0.00000      0.50000      0.00000      0.00000      0.00000
RU      0.75000      0.25000      0.50000      0.00432      0.01161      0.00000
RU      0.75000      0.00000      0.75000      0.00981      0.00000      0.00428
RU      0.50000      0.25000      0.75000      0.00000      0.01274     -0.00035
RU      0.50000      0.50000      0.00000      0.00000      0.00000      0.00000
RU      0.75000      0.75000      0.00000      0.00498     -0.00267     -0.00000
RU      0.75000      0.50000      0.25000     -0.00081      0.00000      0.00453
RU      0.50000      0.75000      0.25000      0.00000     -0.01274      0.00035
RU      0.50000      0.50000      0.50000      0.00000      0.00000      0.00000
RU      0.75000      0.75000      0.50000      0.00432     -0.01161      0.00000
RU      0.75000      0.50000      0.75000     -0.00081      0.00000     -0.00453
RU      0.50000      0.75000      0.75000      0.00000     -0.01274     -0.00035
