/* Converted from PWscf output file */ 
#L_UNITS ang 
#E_UNITS eV 
#S_UNITS GPA 
#F_UNITS EV/ANG 
#ALAT 	   7.61798     // a0 
#X 	   1.00000     0.00000     0.00000     // X 
#Y 	   0.00000     1.00125     0.00000     // Y 
#Z 	   0.00000     0.00000     0.99875     // Z 
#SX 	  -0.47499     0.00000     0.00000     // SX 
#SY 	   0.00000    -0.78824     0.00000     // SY 
#SZ 	   0.00000     0.00000    -0.15940     // SZ 
#EPA 	  -6.71142     // Energy per Atom 
#RCUT 	6.5        // Rcut 
RU      0.00000      0.00000      0.00000      0.00000      0.00000      0.00000
RU      0.25000      0.25000      0.00000     -0.00628      0.00101      0.00000
RU      0.25000      0.00000      0.25000     -0.00918      0.00000      0.00015
RU      0.00000      0.25000      0.25000      0.00000      0.00055      0.00272
RU      0.00000      0.00000      0.50000      0.00000      0.00000      0.00000
RU      0.25000      0.25000      0.50000     -0.00585      0.00679      0.00000
RU      0.25000      0.00000      0.75000     -0.00918      0.00000     -0.00015
RU      0.00000      0.25000      0.75000      0.00000      0.00055     -0.00272
RU      0.00000      0.50000      0.00000      0.00000      0.00000      0.00000
RU      0.25000      0.75000      0.00000     -0.00628     -0.00101      0.00000
RU      0.25000      0.50000      0.25000     -0.00260      0.00000      0.00570
RU      0.00000      0.75000      0.25000      0.00000     -0.00055      0.00272
RU      0.00000      0.50000      0.50000      0.00000      0.00000      0.00000
RU      0.25000      0.75000      0.50000     -0.00585     -0.00679      0.00000
RU      0.25000      0.50000      0.75000     -0.00260      0.00000     -0.00570
RU      0.00000      0.75000      0.75000      0.00000     -0.00055     -0.00272
RU      0.50000      0.00000      0.00000      0.00000      0.00000      0.00000
RU      0.75000      0.25000      0.00000      0.00628      0.00101      0.00000
RU      0.75000      0.00000      0.25000      0.00918      0.00000      0.00015
RU      0.50000      0.25000      0.25000      0.00000      0.00745      0.00304
RU      0.50000      0.00000      0.50000      0.00000      0.00000      0.00000
RU      0.75000      0.25000      0.50000      0.00585      0.00679      0.00000
RU      0.75000      0.00000      0.75000      0.00918      0.00000     -0.00015
RU      0.50000      0.25000      0.75000      0.00000      0.00745     -0.00304
RU      0.50000      0.50000      0.00000      0.00000      0.00000      0.00000
RU      0.75000      0.75000      0.00000      0.00628     -0.00101      0.00000
RU      0.75000      0.50000      0.25000      0.00260      0.00000      0.00570
RU      0.50000      0.75000      0.25000      0.00000     -0.00745      0.00304
RU      0.50000      0.50000      0.50000      0.00000      0.00000      0.00000
RU      0.75000      0.75000      0.50000      0.00585     -0.00679      0.00000
RU      0.75000      0.50000      0.75000      0.00260      0.00000     -0.00570
RU      0.50000      0.75000      0.75000      0.00000     -0.00745     -0.00304
