/* Converted from PWscf output file */ 
#L_UNITS ang 
#E_UNITS eV 
#S_UNITS GPA 
#F_UNITS EV/ANG 
#ALAT 	   7.61797     // a0 
#X 	   1.00000     0.00000     0.00000     // X 
#Y 	   0.00000     1.00063     0.00000     // Y 
#Z 	   0.00000     0.00000     0.99938     // Z 
#SX 	  -0.37903     0.00000     0.00000     // SX 
#SY 	   0.00000    -0.53566     0.00000     // SY 
#SZ 	   0.00000     0.00000    -0.22007     // SZ 
#EPA 	  -6.71145     // Energy per Atom 
#RCUT 	6.5        // Rcut 
RU      0.00000      0.00000      0.00000      0.00000      0.00000      0.00000
RU      0.25000      0.25000      0.00000     -0.00482      0.00149     -0.00000
RU      0.25000      0.00000      0.25000     -0.00710      0.00000     -0.00115
RU      0.00000      0.25000      0.25000      0.00000      0.00110      0.00080
RU      0.00000      0.00000      0.50000      0.00000      0.00000      0.00000
RU      0.25000      0.25000      0.50000     -0.00437      0.00643      0.00000
RU      0.25000      0.00000      0.75000     -0.00710      0.00000      0.00115
RU      0.00000      0.25000      0.75000      0.00000      0.00110     -0.00080
RU      0.00000      0.50000      0.00000      0.00000      0.00000      0.00000
RU      0.25000      0.75000      0.00000     -0.00482     -0.00149      0.00000
RU      0.25000      0.50000      0.25000     -0.00151      0.00000      0.00337
RU      0.00000      0.75000      0.25000      0.00000     -0.00110      0.00080
RU      0.00000      0.50000      0.50000      0.00000      0.00000      0.00000
RU      0.25000      0.75000      0.50000     -0.00437     -0.00643      0.00000
RU      0.25000      0.50000      0.75000     -0.00151      0.00000     -0.00337
RU      0.00000      0.75000      0.75000      0.00000     -0.00110     -0.00080
RU      0.50000      0.00000      0.00000      0.00000      0.00000      0.00000
RU      0.75000      0.25000      0.00000      0.00482      0.00149      0.00000
RU      0.75000      0.00000      0.25000      0.00710      0.00000     -0.00115
RU      0.50000      0.25000      0.25000      0.00000      0.00723      0.00107
RU      0.50000      0.00000      0.50000      0.00000      0.00000      0.00000
RU      0.75000      0.25000      0.50000      0.00437      0.00643      0.00000
RU      0.75000      0.00000      0.75000      0.00710      0.00000      0.00115
RU      0.50000      0.25000      0.75000      0.00000      0.00723     -0.00107
RU      0.50000      0.50000      0.00000      0.00000      0.00000      0.00000
RU      0.75000      0.75000      0.00000      0.00482     -0.00149     -0.00000
RU      0.75000      0.50000      0.25000      0.00151      0.00000      0.00337
RU      0.50000      0.75000      0.25000      0.00000     -0.00723      0.00107
RU      0.50000      0.50000      0.50000      0.00000      0.00000      0.00000
RU      0.75000      0.75000      0.50000      0.00437     -0.00643      0.00000
RU      0.75000      0.50000      0.75000      0.00151      0.00000     -0.00337
RU      0.50000      0.75000      0.75000      0.00000     -0.00723     -0.00107
