/* Converted from PWscf output file */ 
#L_UNITS ang 
#E_UNITS eV 
#S_UNITS GPA 
#F_UNITS EV/ANG 
#ALAT 	   7.61798     // a0 
#X 	   1.00000     0.00000     0.00000     // X 
#Y 	   0.00000     1.00187     0.00000     // Y 
#Z 	   0.00000     0.00000     0.99813     // Z 
#SX 	  -0.52078     0.00000     0.00000     // SX 
#SY 	   0.00000    -0.99096     0.00000     // SY 
#SZ 	   0.00000     0.00000    -0.04798     // SZ 
#EPA 	  -6.71138     // Energy per Atom 
#RCUT 	6.5        // Rcut 
RU      0.00000      0.00000      0.00000      0.00000      0.00000      0.00000
RU      0.25000      0.25000      0.00000     -0.00683      0.00109     -0.00000
RU      0.25000      0.00000      0.25000     -0.01111      0.00000     -0.00255
RU      0.00000      0.25000      0.25000      0.00000      0.00039      0.00124
RU      0.00000      0.00000      0.50000      0.00000      0.00000      0.00000
RU      0.25000      0.25000      0.50000     -0.00632      0.00913      0.00000
RU      0.25000      0.00000      0.75000     -0.01111      0.00000      0.00255
RU      0.00000      0.25000      0.75000      0.00000      0.00039     -0.00124
RU      0.00000      0.50000      0.00000      0.00000      0.00000      0.00000
RU      0.25000      0.75000      0.00000     -0.00683     -0.00109      0.00000
RU      0.25000      0.50000      0.25000     -0.00178      0.00000      0.00531
RU      0.00000      0.75000      0.25000      0.00000     -0.00039      0.00124
RU      0.00000      0.50000      0.50000      0.00000      0.00000      0.00000
RU      0.25000      0.75000      0.50000     -0.00632     -0.00913      0.00000
RU      0.25000      0.50000      0.75000     -0.00178      0.00000     -0.00531
RU      0.00000      0.75000      0.75000      0.00000     -0.00039     -0.00124
RU      0.50000      0.00000      0.00000      0.00000      0.00000      0.00000
RU      0.75000      0.25000      0.00000      0.00683      0.00109      0.00000
RU      0.75000      0.00000      0.25000      0.01111      0.00000     -0.00255
RU      0.50000      0.25000      0.25000      0.00000      0.01019      0.00154
RU      0.50000      0.00000      0.50000      0.00000      0.00000      0.00000
RU      0.75000      0.25000      0.50000      0.00632      0.00913      0.00000
RU      0.75000      0.00000      0.75000      0.01111      0.00000      0.00255
RU      0.50000      0.25000      0.75000      0.00000      0.01019     -0.00154
RU      0.50000      0.50000      0.00000      0.00000      0.00000      0.00000
RU      0.75000      0.75000      0.00000      0.00683     -0.00109     -0.00000
RU      0.75000      0.50000      0.25000      0.00178      0.00000      0.00531
RU      0.50000      0.75000      0.25000      0.00000     -0.01019      0.00154
RU      0.50000      0.50000      0.50000      0.00000      0.00000      0.00000
RU      0.75000      0.75000      0.50000      0.00632     -0.00913      0.00000
RU      0.75000      0.50000      0.75000      0.00178      0.00000     -0.00531
RU      0.50000      0.75000      0.75000      0.00000     -0.01019     -0.00154
