/* Converted from PWscf output file */ 
#L_UNITS ang 
#E_UNITS eV 
#S_UNITS GPA 
#F_UNITS EV/ANG 
#ALAT 	   7.61802     // a0 
#X 	   1.00000     0.00000     0.00000     // X 
#Y 	   0.00000     1.00437     0.00000     // Y 
#Z 	   0.00000     0.00000     0.99563     // Z 
#SX 	  -0.48549     0.00000     0.00000     // SX 
#SY 	   0.00000    -1.58247     0.00000     // SY 
#SZ 	   0.00000     0.00000     0.61834     // SZ 
#EPA 	  -6.71104     // Energy per Atom 
#RCUT 	6.5        // Rcut 
RU      0.00000      0.00000      0.00000      0.00000      0.00000      0.00000
RU      0.25000      0.25000      0.00000     -0.00622      0.00143      0.00000
RU      0.25000      0.00000      0.25000     -0.01113      0.00000     -0.00589
RU      0.00000      0.25000      0.25000      0.00000      0.00052     -0.00165
RU      0.00000      0.00000      0.50000      0.00000      0.00000      0.00000
RU      0.25000      0.25000      0.50000     -0.00563      0.01074      0.00000
RU      0.25000      0.00000      0.75000     -0.01113      0.00000      0.00589
RU      0.00000      0.25000      0.75000      0.00000      0.00052      0.00165
RU      0.00000      0.50000      0.00000      0.00000      0.00000      0.00000
RU      0.25000      0.75000      0.00000     -0.00622     -0.00143     -0.00000
RU      0.25000      0.50000      0.25000     -0.00017      0.00000      0.00313
RU      0.00000      0.75000      0.25000      0.00000     -0.00052     -0.00165
RU      0.00000      0.50000      0.50000      0.00000      0.00000      0.00000
RU      0.25000      0.75000      0.50000     -0.00563     -0.01074     -0.00000
RU      0.25000      0.50000      0.75000     -0.00017      0.00000     -0.00313
RU      0.00000      0.75000      0.75000      0.00000     -0.00052      0.00165
RU      0.50000      0.00000      0.00000      0.00000      0.00000      0.00000
RU      0.75000      0.25000      0.00000      0.00622      0.00143     -0.00000
RU      0.75000      0.00000      0.25000      0.01113      0.00000     -0.00589
RU      0.50000      0.25000      0.25000      0.00000      0.01194     -0.00127
RU      0.50000      0.00000      0.50000      0.00000      0.00000      0.00000
RU      0.75000      0.25000      0.50000      0.00563      0.01074     -0.00000
RU      0.75000      0.00000      0.75000      0.01113      0.00000      0.00589
RU      0.50000      0.25000      0.75000      0.00000      0.01194      0.00127
RU      0.50000      0.50000      0.00000      0.00000      0.00000      0.00000
RU      0.75000      0.75000      0.00000      0.00622     -0.00143      0.00000
RU      0.75000      0.50000      0.25000      0.00017      0.00000      0.00313
RU      0.50000      0.75000      0.25000      0.00000     -0.01194     -0.00127
RU      0.50000      0.50000      0.50000      0.00000      0.00000      0.00000
RU      0.75000      0.75000      0.50000      0.00563     -0.01074      0.00000
RU      0.75000      0.50000      0.75000      0.00017      0.00000     -0.00313
RU      0.50000      0.75000      0.75000      0.00000     -0.01194      0.00127
