/* Converted from PWscf output file */ 
#L_UNITS ang 
#E_UNITS eV 
#S_UNITS GPA 
#F_UNITS EV/ANG 
#ALAT 	   7.61799     // a0 
#X 	   1.00000     0.00000     0.00000     // X 
#Y 	   0.00000     1.00312     0.00000     // Y 
#Z 	   0.00000     0.00000     0.99688     // Z 
#SX 	  -0.51524     0.00000     0.00000     // SX 
#SY 	   0.00000    -1.29896     0.00000     // SY 
#SZ 	   0.00000     0.00000     0.27271     // SZ 
#EPA 	  -6.71125     // Energy per Atom 
#RCUT 	6.5        // Rcut 
RU      0.00000      0.00000      0.00000      0.00000      0.00000      0.00000
RU      0.25000      0.25000      0.00000     -0.00633      0.00150      0.00000
RU      0.25000      0.00000      0.25000     -0.01123      0.00000     -0.00524
RU      0.00000      0.25000      0.25000      0.00000      0.00061     -0.00106
RU      0.00000      0.00000      0.50000      0.00000      0.00000      0.00000
RU      0.25000      0.25000      0.50000     -0.00569      0.01080      0.00000
RU      0.25000      0.00000      0.75000     -0.01123      0.00000      0.00524
RU      0.00000      0.25000      0.75000      0.00000      0.00061      0.00106
RU      0.00000      0.50000      0.00000      0.00000      0.00000      0.00000
RU      0.25000      0.75000      0.00000     -0.00633     -0.00150      0.00000
RU      0.25000      0.50000      0.25000     -0.00034      0.00000      0.00378
RU      0.00000      0.75000      0.25000      0.00000     -0.00061     -0.00106
RU      0.00000      0.50000      0.50000      0.00000      0.00000      0.00000
RU      0.25000      0.75000      0.50000     -0.00569     -0.01080     -0.00000
RU      0.25000      0.50000      0.75000     -0.00034      0.00000     -0.00378
RU      0.00000      0.75000      0.75000      0.00000     -0.00061      0.00106
RU      0.50000      0.00000      0.00000      0.00000      0.00000      0.00000
RU      0.75000      0.25000      0.00000      0.00633      0.00150      0.00000
RU      0.75000      0.00000      0.25000      0.01123      0.00000     -0.00524
RU      0.50000      0.25000      0.25000      0.00000      0.01195     -0.00060
RU      0.50000      0.00000      0.50000      0.00000      0.00000      0.00000
RU      0.75000      0.25000      0.50000      0.00569      0.01080     -0.00000
RU      0.75000      0.00000      0.75000      0.01123      0.00000      0.00524
RU      0.50000      0.25000      0.75000      0.00000      0.01195      0.00060
RU      0.50000      0.50000      0.00000      0.00000      0.00000      0.00000
RU      0.75000      0.75000      0.00000      0.00633     -0.00150      0.00000
RU      0.75000      0.50000      0.25000      0.00034      0.00000      0.00378
RU      0.50000      0.75000      0.25000      0.00000     -0.01195     -0.00060
RU      0.50000      0.50000      0.50000      0.00000      0.00000      0.00000
RU      0.75000      0.75000      0.50000      0.00569     -0.01080      0.00000
RU      0.75000      0.50000      0.75000      0.00034      0.00000     -0.00378
RU      0.50000      0.75000      0.75000      0.00000     -0.01195      0.00060
