/* Converted from PWscf output file */ 
#L_UNITS ang 
#E_UNITS eV 
#S_UNITS GPA 
#F_UNITS EV/ANG 
#ALAT 	   6.75305     // a0 
#X 	   1.00000     0.00000     0.00000     // X 
#Y 	   0.00000     1.05447     0.00000     // Y 
#Z 	   0.00000     0.00000     0.99999     // Z 
#SX 	  10.49144     0.00000     0.00000     // SX 
#SY 	   0.00000     7.80602     0.00000     // SY 
#SZ 	   0.00000     0.00000    10.49159     // SZ 
#EPA 	  -4.76430     // Energy per Atom 
#RCUT 	6.5        // Rcut 
FE      0.00000      0.00000      0.00000      0.00000      0.00000      0.00000
FE      0.25000      0.25000      0.00000     -0.00039      0.00067      0.00000
FE      0.25000      0.00000      0.25000     -0.00015      0.00000     -0.00063
FE      0.00000      0.25000      0.25000      0.00000     -0.00001      0.00012
FE      0.00000      0.00000      0.50000      0.00000      0.00000      0.00000
FE      0.25000      0.25001      0.50000     -0.00031      0.00103      0.00000
FE      0.25000      0.00000      0.75000     -0.00015      0.00000      0.00063
FE      0.00000      0.25000      0.74999      0.00000     -0.00001     -0.00012
FE      0.00000      0.50000      0.00000      0.00000      0.00000      0.00000
FE      0.25000      0.75000      0.00000     -0.00039     -0.00067      0.00000
FE      0.25000      0.50000      0.25000      0.00026      0.00000     -0.00031
FE      0.00000      0.75000      0.25000      0.00000      0.00001      0.00012
FE      0.00000      0.50000      0.50000      0.00000      0.00000      0.00000
FE      0.25000      0.75000      0.50000     -0.00031     -0.00103      0.00000
FE      0.25000      0.50000      0.75000      0.00026     -0.00000      0.00031
FE      0.00000      0.75000      0.74999      0.00000      0.00001     -0.00012
FE      0.50000      0.00000      0.00000      0.00000      0.00000      0.00000
FE      0.75000      0.25000      0.00000      0.00039      0.00067      0.00000
FE      0.75000      0.00000      0.25000      0.00015      0.00000     -0.00063
FE      0.50000      0.25000      0.25000      0.00000      0.00056      0.00019
FE      0.50000      0.00000      0.50000      0.00000      0.00000      0.00000
FE      0.75000      0.25001      0.50000      0.00031      0.00103      0.00000
FE      0.75000      0.00000      0.75000      0.00015      0.00000      0.00063
FE      0.50000      0.25000      0.75000      0.00000      0.00056     -0.00019
FE      0.50000      0.50000      0.00000      0.00000      0.00000      0.00000
FE      0.75000      0.75000      0.00000      0.00039     -0.00067      0.00000
FE      0.75000      0.50000      0.25000     -0.00026     -0.00000     -0.00031
FE      0.50000      0.75000      0.25000      0.00000     -0.00056      0.00019
FE      0.50000      0.50000      0.50000      0.00000      0.00000      0.00000
FE      0.75000      0.75000      0.50000      0.00031     -0.00103      0.00000
FE      0.75000      0.50000      0.75000     -0.00026      0.00000      0.00031
FE      0.50000      0.75000      0.75000      0.00000     -0.00056     -0.00019
