/* Converted from PWscf output file */ 
#L_UNITS ang 
#E_UNITS eV 
#S_UNITS GPA 
#F_UNITS EV/ANG 
#ALAT 	   6.79868     // a0 
#X 	   1.00000     0.00000     0.00000     // X 
#Y 	   0.00000     1.05447     0.00000     // Y 
#Z 	   0.00000     0.00000     0.99999     // Z 
#SX 	   4.86013     0.00000     0.00000     // SX 
#SY 	   0.00000     3.59340     0.00000     // SY 
#SZ 	   0.00000     0.00000     4.86042     // SZ 
#EPA 	  -4.78019     // Energy per Atom 
#RCUT 	6.5        // Rcut 
FE      0.00000      0.00000      0.00000      0.00000      0.00000      0.00000
FE      0.25000      0.25000      0.00000      0.00106     -0.00046      0.00000
FE      0.25000      0.00000      0.25000      0.00116     -0.00000      0.00107
FE      0.00000      0.25000      0.25000      0.00000     -0.00083     -0.00203
FE      0.00000      0.00000      0.50000      0.00000      0.00000      0.00000
FE      0.25000      0.25001      0.50000      0.00026     -0.00180      0.00000
FE      0.25000      0.00000      0.75000      0.00116      0.00000     -0.00107
FE      0.00000      0.25000      0.75000      0.00000     -0.00083      0.00203
FE      0.00000      0.50000      0.00000      0.00000      0.00000      0.00000
FE      0.25000      0.75000      0.00000      0.00106      0.00046      0.00000
FE      0.25000      0.50000      0.25000      0.00014     -0.00000     -0.00051
FE      0.00000      0.75000      0.25000      0.00000      0.00083     -0.00203
FE      0.00000      0.50000      0.50000      0.00000      0.00000      0.00000
FE      0.25000      0.75000      0.50000      0.00026      0.00180      0.00000
FE      0.25000      0.50000      0.75000      0.00014      0.00000      0.00051
FE      0.00000      0.75000      0.75000      0.00000      0.00083      0.00203
FE      0.50000      0.00000      0.00000      0.00000      0.00000      0.00000
FE      0.75000      0.25000      0.00000     -0.00106     -0.00046      0.00000
FE      0.75000      0.00000      0.25000     -0.00116      0.00000      0.00107
FE      0.50000      0.25000      0.25000      0.00000      0.00064     -0.00111
FE      0.50000      0.00000      0.50000      0.00000      0.00000      0.00000
FE      0.75000      0.25001      0.50000     -0.00026     -0.00180      0.00000
FE      0.75000      0.00000      0.75000     -0.00116     -0.00000     -0.00107
FE      0.50000      0.25000      0.75000      0.00000      0.00064      0.00111
FE      0.50000      0.50000      0.00000      0.00000      0.00000      0.00000
FE      0.75000      0.75000      0.00000     -0.00106      0.00046      0.00000
FE      0.75000      0.50000      0.25000     -0.00014      0.00000     -0.00051
FE      0.50000      0.75000      0.25000      0.00000     -0.00064     -0.00111
FE      0.50000      0.50000      0.50000      0.00000      0.00000      0.00000
FE      0.75000      0.75000      0.50000     -0.00026      0.00180      0.00000
FE      0.75000      0.50000      0.75000     -0.00014     -0.00000      0.00051
FE      0.50000      0.75000      0.75000      0.00000     -0.00064      0.00111
