/* Converted from PWscf output file */ 
#L_UNITS ang 
#E_UNITS eV 
#S_UNITS GPA 
#F_UNITS EV/ANG 
#ALAT 	   7.61443     // a0 
#X 	   1.00000     0.00000     0.00000     // X 
#Y 	   0.00000     1.00000     0.00000     // Y 
#Z 	   0.00000     0.00000     1.00000     // Z 
#SX 	   0.26703    -0.08211    -0.01692     // SX 
#SY 	  -0.08211     0.22211    -0.03835     // SY 
#SZ 	  -0.01692    -0.03835     0.24705     // SZ 
#EPA 	  -6.70702     // Energy per Atom 
#RCUT 	6.5        // Rcut 
RU      0.99920      0.00051      0.99474      0.09589     -0.03008      0.39248
RU      0.25109      0.24913      0.00101     -0.00942      0.04092     -0.05744
RU      0.25126      0.99720      0.25198     -0.06552      0.24488     -0.17116
RU      0.00218      0.24828      0.24761     -0.16062      0.10282      0.19476
RU      0.99981      0.99953      0.49900      0.01789      0.06829     -0.02218
RU      0.24920      0.24858      0.50075      0.18351      0.14417     -0.05900
RU      0.25072      0.99959      0.74712      0.03781      0.03090      0.25312
RU      0.99911      0.25116      0.74755     -0.01912     -0.05259      0.16882
RU      0.99867      0.50042      0.00184      0.11987      0.00835     -0.14366
RU      0.25007      0.75096      0.00035      0.10567     -0.12189     -0.02170
RU      0.24655      0.49883      0.24788      0.30966      0.04507      0.10415
RU      0.00265      0.74846      0.25090     -0.20396      0.02784     -0.17152
RU      0.99872      0.50168      0.49764      0.04821     -0.20100      0.11048
RU      0.24701      0.74742      0.50068      0.29245      0.08585     -0.05864
RU      0.24846      0.50011      0.74954      0.16317     -0.11250      0.01972
RU      0.00244      0.74997      0.74719     -0.25389     -0.04812      0.16964
RU      0.50108      0.00305      0.99694     -0.05067     -0.22059      0.22760
RU      0.75538      0.24906      0.00076     -0.40523      0.09506     -0.09356
RU      0.74848      0.99924      0.25348      0.09533      0.06631     -0.29466
RU      0.50204      0.24440      0.25159     -0.10949      0.44582     -0.12669
RU      0.49817      0.99939      0.50306      0.12470      0.06403     -0.28852
RU      0.75114      0.24737      0.49768     -0.10999      0.19523      0.17543
RU      0.75548      0.99720      0.74948     -0.41932      0.23957      0.04467
RU      0.49547      0.25160      0.75535      0.37239     -0.01673     -0.44767
RU      0.50235      0.49996      0.99978     -0.19893     -0.00247      0.05828
RU      0.75084      0.75012      0.00102     -0.09601     -0.05077     -0.13447
RU      0.74644      0.50293      0.24755      0.15946     -0.30592      0.20047
RU      0.50210      0.75350      0.24888     -0.06748     -0.32155      0.10327
RU      0.49938      0.50009      0.50268      0.06685     -0.00982     -0.20508
RU      0.75064      0.75080      0.49827     -0.11316     -0.16040      0.13585
RU      0.75297      0.50023      0.75128     -0.25997     -0.04224     -0.11014
RU      0.49573      0.75180      0.74992      0.34993     -0.20845      0.04734
