/* Converted from PWscf output file */ 
#L_UNITS ang 
#E_UNITS eV 
#S_UNITS GPA 
#F_UNITS EV/ANG 
#ALAT 	   7.61443     // a0 
#X 	   1.00000     0.00000     0.00000     // X 
#Y 	   0.00000     1.00000     0.00000     // Y 
#Z 	   0.00000     0.00000     1.00000     // Z 
#SX 	   0.01079    -0.00175    -0.00044     // SX 
#SY 	  -0.00175     0.01094     0.00131     // SY 
#SZ 	  -0.00044     0.00131     0.00948     // SZ 
#EPA 	  -6.71111     // Energy per Atom 
#RCUT 	6.5        // Rcut 
RU      0.00043      0.99954      0.00058     -0.02469      0.06319     -0.03104
RU      0.24981      0.24917      0.99973      0.02624      0.08604      0.03770
RU      0.25069      0.00064      0.25031     -0.03592     -0.02462     -0.02920
RU      0.00037      0.24951      0.25014     -0.01269      0.04905     -0.01799
RU      0.00088      0.00018      0.49989     -0.02578     -0.01178      0.01045
RU      0.24918      0.25115      0.50022      0.04971     -0.05673     -0.00295
RU      0.24969      0.00062      0.75051      0.03110     -0.05913     -0.03888
RU      0.00031      0.25053      0.74973      0.01044     -0.02418      0.05356
RU      0.99999      0.50002      0.00018      0.05034     -0.00105     -0.00944
RU      0.24954      0.75028      0.99989      0.01929     -0.00049      0.01419
RU      0.24967      0.49891      0.24934      0.04540      0.10729      0.05324
RU      0.99975      0.75050      0.25111      0.06107     -0.02437     -0.07388
RU      0.99983      0.50014      0.50003      0.02983     -0.01499      0.00395
RU      0.24961      0.75084      0.50042      0.03446     -0.07071     -0.04704
RU      0.25099      0.50076      0.74926     -0.04401     -0.04919      0.06058
RU      0.00015      0.74992      0.75087      0.01880      0.00094     -0.06196
RU      0.50055      0.99960      0.99949     -0.02140      0.04732      0.03662
RU      0.74942      0.25056      0.00051      0.02221     -0.02425     -0.02954
RU      0.74972      0.00053      0.25008      0.00563     -0.04582      0.01696
RU      0.49999      0.24977      0.25053      0.01363      0.03816     -0.05418
RU      0.49949      0.99950      0.50028      0.04831      0.06049     -0.01673
RU      0.74997      0.25019      0.50086      0.00406      0.00401     -0.07282
RU      0.74998      0.99950      0.75036      0.03112      0.06653     -0.01386
RU      0.50017      0.24957      0.74875     -0.00217      0.04359      0.08604
RU      0.50041      0.50146      0.99970     -0.02677     -0.12232      0.03113
RU      0.74966      0.75049      0.99963      0.03261     -0.04695      0.04215
RU      0.75089      0.50085      0.25035     -0.03850     -0.06370     -0.03494
RU      0.50081      0.75028      0.24930     -0.05839     -0.03427      0.04839
RU      0.50158      0.49982      0.49989     -0.09861      0.01625     -0.00214
RU      0.74928      0.75024      0.49942      0.03588      0.02103      0.05028
RU      0.75130      0.49941      0.75047     -0.10219      0.05805     -0.03214
RU      0.50124      0.74990      0.74992     -0.07901      0.01261      0.02352
