/* Converted from PWscf output file */ 
#L_UNITS ang 
#E_UNITS eV 
#S_UNITS GPA 
#F_UNITS EV/ANG 
#ALAT 	   7.61443     // a0 
#X 	   1.00000     0.00000     0.00000     // X 
#Y 	   0.00000     1.00000     0.00000     // Y 
#Z 	   0.00000     0.00000     1.00000     // Z 
#SX 	   0.00671    -0.00058    -0.00219     // SX 
#SY 	  -0.00058     0.00642    -0.00190     // SY 
#SZ 	  -0.00219    -0.00190     0.00671     // SZ 
#EPA 	  -6.71125     // Energy per Atom 
#RCUT 	6.5        // Rcut 
RU      0.99940      0.00068      0.00023      0.04790     -0.04836     -0.01212
RU      0.25042      0.24976      0.99959     -0.03638      0.03992      0.03033
RU      0.25013      0.99963      0.24964     -0.02439      0.02556      0.02687
RU      0.00022      0.24990      0.25022     -0.00786      0.01688     -0.01317
RU      0.00017      0.00007      0.49988      0.01011      0.00151      0.02783
RU      0.25073      0.24983      0.49944     -0.05862      0.01602      0.03018
RU      0.25078      0.00015      0.75060     -0.04163     -0.01942     -0.03050
RU      0.99951      0.24979      0.74996      0.05342      0.01442      0.02469
RU      0.99930      0.50019      0.00071      0.08049     -0.00551     -0.04263
RU      0.25049      0.75054      0.99921     -0.04218     -0.04909      0.05233
RU      0.25044      0.49928      0.25041     -0.01538      0.06647     -0.02503
RU      0.99967      0.74973      0.25037      0.05263      0.00651     -0.03368
RU      0.00042      0.49977      0.50075     -0.01990      0.02294     -0.06642
RU      0.25049      0.75022      0.49999     -0.03600     -0.02510     -0.00852
RU      0.25004      0.50010      0.75007     -0.01848     -0.01429     -0.00255
RU      0.99960      0.75034      0.74964      0.04158     -0.01856      0.03514
RU      0.50051      0.00001      0.00015     -0.05098      0.01116     -0.00693
RU      0.74961      0.24973      0.99994      0.05139      0.02930      0.00215
RU      0.75055      0.00032      0.25000     -0.01248     -0.02702      0.01336
RU      0.50008      0.25002      0.25099     -0.01281     -0.00308     -0.07331
RU      0.49935      0.00003      0.49989      0.04594     -0.00427     -0.01173
RU      0.74973      0.24982      0.50011      0.04829      0.01999     -0.01001
RU      0.74946      0.99976      0.75007      0.05705      0.02880     -0.01492
RU      0.49970      0.25021      0.75035      0.01404     -0.00174     -0.01184
RU      0.50036      0.50044      0.99914     -0.03470     -0.02234      0.06574
RU      0.74992      0.75056      0.00012      0.03619     -0.04999     -0.00288
RU      0.74948      0.50039      0.24993      0.05187     -0.03791      0.00197
RU      0.50050      0.74976      0.25007     -0.04572      0.02036     -0.00296
RU      0.50069      0.50022      0.50002     -0.05678     -0.01167      0.01093
RU      0.75030      0.74950      0.49992      0.00716      0.03015     -0.00255
RU      0.75077      0.49991      0.74978     -0.02585      0.01811      0.03027
RU      0.50062      0.75030      0.74997     -0.05792     -0.02979      0.01997
