/* Converted from PWscf output file */ 
#L_UNITS ang 
#E_UNITS eV 
#S_UNITS GPA 
#F_UNITS EV/ANG 
#ALAT 	   7.61443     // a0 
#X 	   1.00000     0.00000     0.00000     // X 
#Y 	   0.00000     1.00000     0.00000     // Y 
#Z 	   0.00000     0.00000     1.00000     // Z 
#SX 	   0.00160    -0.00044     0.00044     // SX 
#SY 	  -0.00044     0.00131    -0.00146     // SY 
#SZ 	   0.00044    -0.00146     0.00131     // SZ 
#EPA 	  -6.71133     // Energy per Atom 
#RCUT 	6.5        // Rcut 
RU      0.99975      0.00059      0.99975      0.02500     -0.04353      0.01179
RU      0.25034      0.25012      0.00037     -0.02822     -0.01948     -0.01530
RU      0.25017      0.00006      0.25025     -0.02108     -0.02151     -0.01788
RU      0.00001      0.24998      0.25013      0.00105     -0.01125     -0.00595
RU      0.99970      0.99981      0.50015      0.03131     -0.00149     -0.01487
RU      0.24994      0.25040      0.50001     -0.00057     -0.04269     -0.00038
RU      0.25009      0.00011      0.75005     -0.01209     -0.01257      0.00623
RU      0.99951      0.25018      0.75002      0.04261     -0.01104     -0.00152
RU      0.00039      0.49996      0.99962     -0.03136      0.00343      0.03555
RU      0.24985      0.74969      0.99980      0.00387      0.03138      0.02223
RU      0.24970      0.49950      0.25020      0.01833      0.04848     -0.01919
RU      0.99977      0.75020      0.24971      0.02195     -0.01560      0.01968
RU      0.00001      0.50011      0.49980      0.00232      0.00395      0.00501
RU      0.25021      0.74946      0.50077     -0.02632      0.04696     -0.06366
RU      0.24977      0.50019      0.74998      0.00627     -0.01877      0.01144
RU      0.00001      0.74982      0.75048      0.00042      0.02055     -0.03066
RU      0.50019      0.99994      0.00019     -0.02119     -0.00670     -0.00786
RU      0.75031      0.24988      0.99977     -0.02812      0.00822      0.01764
RU      0.75012      0.00010      0.25035     -0.00565     -0.02078     -0.03037
RU      0.49995      0.24958      0.25015     -0.00487      0.03212     -0.01863
RU      0.50051      0.00001      0.49960     -0.04810     -0.00826      0.02448
RU      0.75006      0.25018      0.50022      0.00784     -0.01918     -0.02362
RU      0.74961      0.99990      0.74999      0.02723     -0.00513      0.01081
RU      0.50023      0.25026      0.74962     -0.02687     -0.03185      0.03523
RU      0.49963      0.50003      0.99990      0.02558      0.00552      0.00408
RU      0.74952      0.75036      0.99960      0.04274     -0.02673      0.04030
RU      0.75004      0.49954      0.25041     -0.00525      0.03026     -0.03843
RU      0.50009      0.74966      0.24986     -0.01353      0.02263      0.01169
RU      0.50004      0.49950      0.50011     -0.00576      0.03253     -0.01530
RU      0.74973      0.74995      0.49979      0.01486      0.00826      0.00432
RU      0.74968      0.49979      0.74968      0.01944      0.02607      0.03792
RU      0.50003      0.75007      0.74991     -0.01183     -0.00379      0.00521
