/* Converted from PWscf output file */ 
#L_UNITS ang 
#E_UNITS eV 
#S_UNITS GPA 
#F_UNITS EV/ANG 
#ALAT 	   7.61443     // a0 
#X 	   1.00000     0.00000     0.00000     // X 
#Y 	   0.00000     1.00000     0.00000     // Y 
#Z 	   0.00000     0.00000     1.00000     // Z 
#SX 	   1.91570     0.01313    -0.00642     // SX 
#SY 	   0.01313     1.70526    -0.03602     // SY 
#SZ 	  -0.00642    -0.03602     1.72378     // SZ 
#EPA 	  -6.67871     // Energy per Atom 
#RCUT 	6.5        // Rcut 
RU      0.99973      0.00839      0.99588      0.20589     -0.80974      0.11550
RU      0.23906      0.26473      0.00222      0.74669     -1.10247      0.01807
RU      0.24538      0.99474      0.24793      0.32929      0.42267     -0.00494
RU      0.99440      0.24423      0.24616      0.57673      0.08000      0.08867
RU      0.99320      0.99886      0.49355      0.60060      0.36146      0.48825
RU      0.26411      0.24625      0.49610     -0.99755      0.45615      0.49072
RU      0.24363      0.99361      0.74089      0.35606      0.59446      0.47361
RU      0.00187      0.24790      0.74931      0.07630     -0.06490     -0.09965
RU      0.99487      0.50721      0.99822      0.44701     -0.44797      0.00512
RU      0.25862      0.75985      0.99428     -0.79061     -0.82374      0.07757
RU      0.24621      0.50865      0.25432      0.38168     -0.72612     -0.57651
RU      0.99886      0.74891      0.24775      0.19880      0.13326      0.01194
RU      0.00405      0.49832      0.49272     -0.27938      0.11586      0.44997
RU      0.25762      0.74662      0.50703     -0.20879      0.46227     -0.48068
RU      0.25061      0.49551      0.75423      0.19241      0.21800     -0.46335
RU      0.00711      0.73641      0.74296     -0.16115      1.06166      0.16708
RU      0.50327      0.99769      0.00664     -0.42894      0.35597     -0.61849
RU      0.74952      0.23911      0.00887      0.00803      1.11865     -1.00903
RU      0.74277      0.00051      0.24536      0.40620     -0.02005      0.30138
RU      0.49865      0.25044      0.25457      0.06628     -0.15917     -0.44024
RU      0.49725      0.99589      0.50456      0.30983      0.04837     -0.15186
RU      0.75865      0.25965      0.49062     -0.55428     -0.75991      0.82351
RU      0.75068      0.00560      0.74371     -0.10523     -0.24129      0.26085
RU      0.50770      0.25395      0.74729     -0.36619     -0.46409     -0.10541
RU      0.49405      0.49314      0.00893      0.42077      0.22624     -0.79282
RU      0.74831      0.75269      0.99802      0.24072      0.06663      0.06671
RU      0.74687      0.50581      0.24877      0.27583     -0.41097     -0.11014
RU      0.49893      0.74077      0.23505      0.08163      0.82590      1.05663
RU      0.50235      0.50071      0.50135     -0.28783     -0.08034      0.07816
RU      0.75221      0.75589      0.49671      0.13450     -0.62857      0.25613
RU      0.76216      0.50305      0.74581     -0.92829     -0.32731      0.04757
RU      0.51468      0.74228      0.75338     -0.94704      0.51908     -0.42432
