/* Converted from PWscf output file */ 
#L_UNITS ang 
#E_UNITS eV 
#S_UNITS GPA 
#F_UNITS EV/ANG 
#ALAT 	   7.61443     // a0 
#X 	   1.00000     0.00000     0.00000     // X 
#Y 	   0.00000     1.00000     0.00000     // Y 
#Z 	   0.00000     0.00000     1.00000     // Z 
#SX 	   0.00540     0.00015    -0.00292     // SX 
#SY 	   0.00015     0.00554     0.00088     // SY 
#SZ 	  -0.00292     0.00088     0.00627     // SZ 
#EPA 	  -6.71124     // Energy per Atom 
#RCUT 	6.5        // Rcut 
RU      0.00002      0.00004      0.00001     -0.00951     -0.01119     -0.02010
RU      0.24970      0.25077      0.00049      0.02934     -0.07007     -0.04309
RU      0.25016      0.99927      0.24944      0.00153      0.06898      0.03071
RU      0.00036      0.25011      0.24951     -0.02417     -0.03331      0.04064
RU      0.99938      0.00034      0.49953      0.03971     -0.01777      0.04114
RU      0.24994      0.25052      0.50042      0.01474     -0.06057     -0.02377
RU      0.24998      0.00037      0.75010     -0.01462     -0.01577     -0.00942
RU      0.99930      0.25029      0.74986      0.04141     -0.01929      0.02108
RU      0.99928      0.49991      0.00064      0.04026      0.02021     -0.05819
RU      0.24978      0.74921      0.00016      0.03526      0.07343     -0.02375
RU      0.25000      0.50081      0.24977     -0.01520     -0.05574      0.01319
RU      0.00042      0.75005      0.25019     -0.04588      0.02460     -0.02345
RU      0.99952      0.49980      0.49998      0.01301      0.01286      0.01917
RU      0.25012      0.74964      0.49958     -0.01455      0.06194      0.04757
RU      0.24998      0.50025      0.74935      0.00439     -0.02649      0.03642
RU      0.99948      0.74972      0.74997      0.03893      0.03480     -0.00677
RU      0.50016      0.00022      0.99954     -0.03410     -0.01039      0.02066
RU      0.75113      0.24978      0.99980     -0.09547     -0.00406      0.01669
RU      0.74995      0.00009      0.25000     -0.00682      0.00516      0.00014
RU      0.49974      0.25099      0.25120      0.00694     -0.07681     -0.09469
RU      0.49974      0.99988      0.49940      0.00329      0.00460      0.04597
RU      0.74976      0.25028      0.50005      0.01069     -0.02969      0.00230
RU      0.74986      0.99984      0.75006      0.01217      0.01651     -0.01365
RU      0.50025      0.25029      0.75038     -0.03354     -0.03945     -0.02164
RU      0.49940      0.49971      0.00070      0.03290      0.01719     -0.06859
RU      0.75038      0.74981      0.99992     -0.03731      0.03870     -0.00647
RU      0.75029      0.50029      0.24970     -0.01749     -0.03392      0.01249
RU      0.50003      0.74912      0.25037     -0.00167      0.08701     -0.02830
RU      0.49936      0.50006      0.49974      0.02238      0.00656      0.03618
RU      0.75010      0.74995      0.49986     -0.01431      0.01627      0.00870
RU      0.74939      0.49979      0.74987      0.03198      0.02625      0.00923
RU      0.49994      0.75053      0.74978     -0.01427     -0.01056      0.03958
