/* Converted from PWscf output file */ 
#L_UNITS ang 
#E_UNITS eV 
#S_UNITS GPA 
#F_UNITS EV/ANG 
#ALAT 	   7.61443     // a0 
#X 	   1.00000     0.00000     0.00000     // X 
#Y 	   0.00000     1.00000     0.00000     // Y 
#Z 	   0.00000     0.00000     1.00000     // Z 
#SX 	   0.00656     0.00044     0.00015     // SX 
#SY 	   0.00044     0.00817    -0.00379     // SY 
#SZ 	   0.00015    -0.00379     0.00860     // SZ 
#EPA 	  -6.71114     // Energy per Atom 
#RCUT 	6.5        // Rcut 
RU      0.99938      0.00042      0.99950      0.03509     -0.03672      0.01724
RU      0.25020      0.24941      0.00063     -0.02565      0.04443     -0.07902
RU      0.24900      0.00080      0.24871      0.05236     -0.05799      0.09839
RU      0.00014      0.24986      0.25005     -0.04248     -0.00660     -0.01102
RU      0.99936      0.00025      0.49978      0.06039     -0.02280     -0.00133
RU      0.24981      0.24965      0.49964      0.00045     -0.00183      0.04334
RU      0.24960      0.99922      0.75193      0.00038      0.03225     -0.15898
RU      0.00078      0.25041      0.74921     -0.05813     -0.02586      0.04693
RU      0.99965      0.50059      0.99972      0.02891     -0.05573      0.00701
RU      0.25054      0.74932      0.00051     -0.05721      0.03469     -0.05322
RU      0.24990      0.49931      0.24976     -0.02284      0.03528      0.03537
RU      0.99953      0.74916      0.24952      0.02686      0.05609      0.01451
RU      0.99981      0.49997      0.49964      0.01184      0.02565      0.03381
RU      0.24972      0.74964      0.49889      0.00863      0.02944      0.08515
RU      0.24919      0.49999      0.74958      0.05504      0.00506      0.00808
RU      0.00025      0.75057      0.75006     -0.04132     -0.03188     -0.02031
RU      0.50055      0.99926      0.99939     -0.05745      0.04655      0.03462
RU      0.74976      0.25036      0.00020      0.01740     -0.03322     -0.02334
RU      0.74869      0.99944      0.25013      0.07681      0.02333      0.01567
RU      0.49985      0.24955      0.24981      0.01571      0.01961     -0.00843
RU      0.50038      0.00070      0.49974     -0.05464     -0.06674      0.02386
RU      0.75038      0.25050      0.50012     -0.04193     -0.03354     -0.00111
RU      0.74979      0.99954      0.75027     -0.01334      0.03956     -0.03937
RU      0.49955      0.25039      0.74969      0.02880     -0.02369      0.00974
RU      0.49990      0.49930      0.00097     -0.01082      0.05687     -0.09363
RU      0.74971      0.75051      0.00011      0.01052     -0.03819     -0.03737
RU      0.74969      0.50064      0.25058     -0.00510     -0.04425     -0.05638
RU      0.49928      0.74900      0.24943      0.03796      0.07355      0.04125
RU      0.50033      0.49960      0.49999     -0.04458      0.01903      0.00499
RU      0.74974      0.75000      0.49990      0.01171      0.00426      0.02266
RU      0.74998      0.49942      0.74986     -0.01490      0.01939      0.00767
RU      0.49980      0.75113      0.74919      0.01153     -0.08600      0.03320
