/* Converted from PWscf output file */ 
#L_UNITS ang 
#E_UNITS eV 
#S_UNITS GPA 
#F_UNITS EV/ANG 
#ALAT 	   7.61443     // a0 
#X 	   1.00000     0.00000     0.00000     // X 
#Y 	   0.00000     1.00000     0.00000     // Y 
#Z 	   0.00000     0.00000     1.00000     // Z 
#SX 	   0.01560    -0.00029     0.00204     // SX 
#SY 	  -0.00029     0.01269     0.00306     // SY 
#SZ 	   0.00204     0.00306     0.01313     // SZ 
#EPA 	  -6.71110     // Energy per Atom 
#RCUT 	6.5        // Rcut 
RU      0.99977      0.00119      0.99943      0.01001     -0.07720      0.04170
RU      0.24958      0.25080      0.99959      0.04613     -0.08181      0.03739
RU      0.25004      0.00018      0.24961      0.02196      0.00840      0.04749
RU      0.99982      0.25031      0.25024      0.01830     -0.03799     -0.01443
RU      0.99961      0.99991      0.49949      0.01024      0.03152      0.01386
RU      0.24962      0.24982      0.50050      0.01720     -0.01711     -0.05271
RU      0.25057      0.99997      0.75038     -0.04483      0.00547      0.00326
RU      0.99926      0.25044      0.75060      0.07243     -0.04377     -0.02538
RU      0.00046      0.50103      0.99984     -0.05267     -0.05516     -0.00763
RU      0.25005      0.74871      0.00022     -0.01091      0.10570     -0.01456
RU      0.24976      0.50006      0.25070      0.02726      0.01833     -0.04951
RU      0.00001      0.74945      0.25054      0.00149      0.06939     -0.04149
RU      0.00005      0.49972      0.49944     -0.01644      0.03993      0.02835
RU      0.24940      0.74983      0.50093      0.04489      0.03661     -0.08260
RU      0.25081      0.50001      0.75058     -0.03845     -0.00387     -0.05946
RU      0.99964      0.75019      0.74996      0.03603     -0.00471      0.00139
RU      0.49956      0.00065      0.99953      0.02606     -0.01529      0.02929
RU      0.74993      0.24975      0.99896      0.00034     -0.01159      0.06859
RU      0.75013      0.00126      0.25106     -0.01124     -0.08317     -0.07797
RU      0.50006      0.25018      0.25037     -0.02261     -0.02800     -0.03027
RU      0.49950      0.00004      0.50018      0.02606      0.00659     -0.03690
RU      0.75018      0.24991      0.49927     -0.03200     -0.00664      0.02069
RU      0.75043      0.99948      0.75110     -0.02436      0.05053     -0.08905
RU      0.50128      0.25001      0.74998     -0.10473     -0.01408     -0.00381
RU      0.49963      0.50038      0.99942      0.03222     -0.00030      0.05094
RU      0.75032      0.74919      0.99916     -0.03888      0.07581      0.06450
RU      0.75158      0.50065      0.24965     -0.11915     -0.03526      0.03925
RU      0.49913      0.74991      0.24968      0.05353      0.01256      0.00961
RU      0.49923      0.50082      0.50006      0.05183     -0.05649     -0.03473
RU      0.74895      0.74960      0.49931      0.07281      0.03163      0.01459
RU      0.74971      0.49992      0.74960      0.03124      0.02695      0.05235
RU      0.50094      0.74959      0.74889     -0.08376      0.05305      0.09724
