/* Converted from PWscf output file */ 
#L_UNITS ang 
#E_UNITS eV 
#S_UNITS GPA 
#F_UNITS EV/ANG 
#ALAT 	   7.61443     // a0 
#X 	   1.00000     0.00000     0.00000     // X 
#Y 	   0.00000     1.00000     0.00000     // Y 
#Z 	   0.00000     0.00000     1.00000     // Z 
#SX 	   0.49920     0.04565    -0.07408     // SX 
#SY 	   0.04565     0.55564     0.01575     // SY 
#SZ 	  -0.07408     0.01575     0.53070     // SZ 
#EPA 	  -6.70214     // Energy per Atom 
#RCUT 	6.5        // Rcut 
RU      0.99364      0.99727      0.99554      0.43697      0.14284      0.37707
RU      0.24363      0.25361      0.00450      0.49216     -0.25924     -0.33015
RU      0.24712      0.00020      0.24825      0.10778     -0.04064      0.13334
RU      0.99496      0.24943      0.24382      0.24726      0.02251      0.37028
RU      0.99335      0.99325      0.50266      0.33462      0.50561     -0.16190
RU      0.24448      0.24847      0.49816      0.37548      0.20111      0.03717
RU      0.25036      0.00447      0.74574     -0.01819     -0.30041      0.26056
RU      0.99549      0.24906      0.74730      0.27991      0.03018      0.08865
RU      0.00148      0.50204      0.99791     -0.27196     -0.17385      0.04925
RU      0.25464      0.75497      0.99513     -0.33480     -0.38849      0.36858
RU      0.24573      0.49705      0.24546      0.36037      0.34653      0.31836
RU      0.00562      0.74706      0.24730     -0.39953      0.25528      0.15476
RU      0.00355      0.50136      0.49779     -0.17242     -0.15239      0.08268
RU      0.25516      0.75545      0.50431     -0.36618     -0.24330     -0.23540
RU      0.24792      0.50182      0.75294      0.17130     -0.20846     -0.30704
RU      0.00532      0.74947      0.74894     -0.44420      0.13436     -0.06058
RU      0.49257      0.00046      0.00551      0.44488      0.00813     -0.42462
RU      0.75035      0.24831      0.99936     -0.16372      0.11307      0.03759
RU      0.74873      0.00359      0.25302     -0.01527     -0.32250     -0.26922
RU      0.49772      0.25108      0.24873      0.14801     -0.06318      0.02923
RU      0.49896      0.99739      0.50163      0.06856      0.13441     -0.15710
RU      0.75035      0.25613      0.50266     -0.09604     -0.40245     -0.11138
RU      0.74813      0.99877      0.74954     -0.01682      0.06085     -0.01216
RU      0.49976      0.25776      0.74612     -0.11982     -0.49940      0.07827
RU      0.50268      0.49252      0.99920     -0.22177      0.49870      0.05933
RU      0.75294      0.74906      0.00627     -0.28542      0.20508     -0.35028
RU      0.75167      0.50092      0.25058     -0.27946     -0.10755     -0.01518
RU      0.49995      0.75230      0.24907     -0.02132     -0.05307      0.01616
RU      0.50021      0.49705      0.49471     -0.14072      0.17416      0.36467
RU      0.75121      0.74846      0.50252     -0.15420      0.04421     -0.23752
RU      0.75097      0.49795      0.75209     -0.12514      0.33848     -0.16967
RU      0.49876      0.75113      0.74942      0.17968     -0.00056      0.01628
