/* Converted from PWscf output file */ 
#L_UNITS ang 
#E_UNITS eV 
#S_UNITS GPA 
#F_UNITS EV/ANG 
#ALAT 	   7.61443     // a0 
#X 	   1.00000     0.00000     0.00000     // X 
#Y 	   0.00000     1.00000     0.00000     // Y 
#Z 	   0.00000     0.00000     1.00000     // Z 
#SX 	   0.13957     0.00452     0.02508     // SX 
#SY 	   0.00452     0.13650     0.00831     // SY 
#SZ 	   0.02508     0.00831     0.14919     // SZ 
#EPA 	  -6.70869     // Energy per Atom 
#RCUT 	6.5        // Rcut 
RU      0.00255      0.99968      0.00293     -0.28047     -0.02487     -0.16759
RU      0.24785      0.24822      0.99995      0.12964      0.10165      0.03241
RU      0.25150      0.99910      0.24753     -0.13072      0.00409      0.29639
RU      0.99885      0.24795      0.24929      0.07440      0.13269      0.09892
RU      0.99941      0.00030      0.49859     -0.02461     -0.05991      0.11406
RU      0.25522      0.24760      0.50253     -0.45693      0.16073     -0.16443
RU      0.24844      0.99887      0.74971     -0.01412      0.02283      0.03234
RU      0.99750      0.24952      0.75080      0.15258      0.00929     -0.05666
RU      0.00325      0.49910      0.99960     -0.34362      0.04264      0.05828
RU      0.24997      0.75186      0.99751     -0.12519     -0.23402      0.27947
RU      0.25078      0.49751      0.25225     -0.19267      0.13432     -0.16280
RU      0.99912      0.74926      0.24867      0.04148      0.00672      0.17790
RU      0.00151      0.50060      0.49985     -0.18280     -0.09025      0.06575
RU      0.25118      0.74904      0.50332     -0.12462     -0.00411     -0.18840
RU      0.24985      0.49993      0.75226     -0.02636     -0.06144     -0.17612
RU      0.99875      0.74940      0.75021      0.01540     -0.05507     -0.01114
RU      0.49756      0.99893      0.99879      0.24777      0.05089      0.11613
RU      0.74873      0.24863      0.00180      0.14133      0.10041     -0.07826
RU      0.74696      0.99964      0.25025      0.20088     -0.06769     -0.06444
RU      0.50118      0.25196      0.25242     -0.12443     -0.16668     -0.09316
RU      0.50093      0.99886      0.50193     -0.03438      0.03631     -0.07130
RU      0.75065      0.24824      0.49849     -0.00639      0.07897      0.19311
RU      0.75140      0.00031      0.75049     -0.05351     -0.09875     -0.04859
RU      0.50176      0.24892      0.75159     -0.17196      0.05780     -0.05894
RU      0.49684      0.49978      0.99946      0.28798     -0.06014      0.10128
RU      0.74921      0.74813      0.00479      0.03168      0.05427     -0.33159
RU      0.74787      0.49884      0.24943      0.20747      0.04561      0.11381
RU      0.49931      0.75024      0.25145     -0.01542     -0.09291     -0.03015
RU      0.49741      0.50002      0.50060      0.22287     -0.01959     -0.03175
RU      0.74805      0.74983      0.49981      0.23327     -0.09760      0.06561
RU      0.74812      0.49753      0.74713      0.12846      0.16799      0.24777
RU      0.49747      0.75063      0.75383      0.19298     -0.07419     -0.25791
