/* Converted from PWscf output file */ 
#L_UNITS ang 
#E_UNITS eV 
#S_UNITS GPA 
#F_UNITS EV/ANG 
#ALAT 	   7.61443     // a0 
#X 	   1.00000     0.00000     0.00000     // X 
#Y 	   0.00000     1.00000     0.00000     // Y 
#Z 	   0.00000     0.00000     1.00000     // Z 
#SX 	  -0.00365     0.00015    -0.00015     // SX 
#SY 	   0.00015    -0.00379    -0.00000     // SY 
#SZ 	  -0.00015    -0.00000    -0.00394     // SZ 
#EPA 	  -6.71138     // Energy per Atom 
#RCUT 	6.5        // Rcut 
RU      0.00032      0.99996      0.99967     -0.02139      0.00024      0.02235
RU      0.25010      0.25006      0.00009     -0.00333     -0.00425     -0.01276
RU      0.25009      0.00000      0.25014     -0.00483      0.00173     -0.01030
RU      0.99984      0.25003      0.24993      0.01189     -0.00646      0.00212
RU      0.99999      0.99991      0.50016     -0.00094      0.00125     -0.01413
RU      0.24985      0.25006      0.50003      0.01678     -0.00436      0.00006
RU      0.24969      0.99996      0.75008      0.02923     -0.00429     -0.00432
RU      0.00003      0.24999      0.74974     -0.00622      0.00032      0.01934
RU      0.00012      0.49982      0.99992     -0.00814      0.01140      0.00319
RU      0.25010      0.75003      0.99999      0.00303     -0.00011     -0.00222
RU      0.24987      0.50009      0.25013      0.01155     -0.00743     -0.01057
RU      0.00011      0.74999      0.25008     -0.00992      0.00249     -0.01384
RU      0.99983      0.49994      0.49983      0.01160      0.00357      0.00915
RU      0.24987      0.75005      0.49977      0.01637     -0.00164      0.02037
RU      0.24966      0.49979      0.74994      0.02585      0.01376      0.00649
RU      0.99995      0.74991      0.74995      0.00756      0.00656      0.00840
RU      0.49997      0.00008      0.00013      0.00748     -0.01231     -0.01297
RU      0.75007      0.25016      0.00013     -0.00754     -0.01339     -0.00959
RU      0.75004      0.99993      0.24994     -0.00619      0.00348      0.00238
RU      0.49975      0.24992      0.25001      0.02045      0.00530     -0.00679
RU      0.50004      0.00007      0.49994     -0.00173     -0.00716      0.00643
RU      0.74998      0.25001      0.49989     -0.00383     -0.00156      0.01051
RU      0.75013      0.99989      0.75004     -0.01837      0.00662     -0.00044
RU      0.50005      0.25016      0.75001     -0.00616     -0.01582      0.00277
RU      0.50011      0.49996      0.00011     -0.00726      0.00551     -0.01229
RU      0.75028      0.74993      0.00010     -0.02325      0.00895     -0.01548
RU      0.74990      0.50030      0.24988      0.00148     -0.02322      0.00800
RU      0.50011      0.75001      0.25026     -0.01007      0.00189     -0.01913
RU      0.49991      0.49990      0.49989      0.00722      0.00752      0.01056
RU      0.75035      0.75009      0.49997     -0.02973     -0.00398      0.00529
RU      0.74989      0.49972      0.75005     -0.00065      0.01783     -0.00429
RU      0.50006      0.74992      0.74989     -0.00094      0.00757      0.01171
