/* Converted from PWscf output file */ 
#L_UNITS ang 
#E_UNITS eV 
#S_UNITS GPA 
#F_UNITS EV/ANG 
#ALAT 	   7.61443     // a0 
#X 	   1.00000     0.00000     0.00000     // X 
#Y 	   0.00000     1.00000     0.00000     // Y 
#Z 	   0.00000     0.00000     1.00000     // Z 
#SX 	   0.01167    -0.00073    -0.00248     // SX 
#SY 	  -0.00073     0.01298     0.00015     // SY 
#SZ 	  -0.00248     0.00015     0.01444     // SZ 
#EPA 	  -6.71103     // Energy per Atom 
#RCUT 	6.5        // Rcut 
RU      0.00108      0.99985      0.99878     -0.07654      0.02402      0.06459
RU      0.25003      0.24879      0.99947      0.02489      0.11085      0.00870
RU      0.24874      0.99999      0.25014      0.12061     -0.00817      0.00939
RU      0.00098      0.24978      0.25048     -0.05713      0.01186     -0.03993
RU      0.99969      0.99950      0.50027      0.02113      0.02266     -0.00511
RU      0.24849      0.25128      0.50041      0.11179     -0.08338     -0.02492
RU      0.24901      0.99951      0.74991      0.09205      0.05114     -0.02597
RU      0.99992      0.25023      0.74995      0.00841      0.00917     -0.01142
RU      0.99900      0.49954      0.00022      0.07658      0.01288     -0.02484
RU      0.24990      0.74979      0.00016      0.02148      0.01025     -0.01164
RU      0.25039      0.50031      0.25006     -0.01054     -0.03592     -0.01893
RU      0.99962      0.75000      0.24930      0.03621      0.00276      0.07531
RU      0.00094      0.50043      0.49950     -0.05974      0.00831      0.02049
RU      0.25054      0.75038      0.49946     -0.00250     -0.01642      0.04434
RU      0.24859      0.49996      0.75003      0.13729      0.01496      0.01082
RU      0.99991      0.74938      0.75056      0.01514      0.03754     -0.04440
RU      0.49920      0.00008      0.00112      0.04415     -0.01402     -0.09225
RU      0.74987      0.24991      0.00027     -0.03165      0.01148     -0.02938
RU      0.75033      0.99948      0.24892     -0.03551      0.04926      0.06798
RU      0.50049      0.24970      0.25006     -0.04546      0.05169      0.00628
RU      0.50006      0.00218      0.49927      0.02447     -0.14322      0.04992
RU      0.75006      0.25096      0.49891     -0.00722     -0.04195      0.08647
RU      0.75088      0.99994      0.75004     -0.12260      0.00336     -0.00722
RU      0.50005      0.24994      0.74954      0.02022      0.01006      0.03762
RU      0.50050      0.50027      0.00046     -0.01231      0.01328     -0.06331
RU      0.75095      0.75039      0.00036     -0.06748     -0.02969     -0.05270
RU      0.75071      0.49896      0.24975     -0.09480      0.08409      0.02760
RU      0.50005      0.75025      0.25002      0.01666     -0.02084      0.01259
RU      0.50044      0.49976      0.49956     -0.04328      0.02704      0.06258
RU      0.75012      0.75081      0.50023     -0.05233     -0.03344     -0.00939
RU      0.74974      0.50084      0.74966     -0.00841     -0.07393     -0.00379
RU      0.50041      0.75104      0.75140     -0.04358     -0.06567     -0.11946
