/* Converted from PWscf output file */ 
#L_UNITS ang 
#E_UNITS eV 
#S_UNITS GPA 
#F_UNITS EV/ANG 
#ALAT 	   7.61443     // a0 
#X 	   1.00000     0.00000     0.00000     // X 
#Y 	   0.00000     1.00000     0.00000     // Y 
#Z 	   0.00000     0.00000     1.00000     // Z 
#SX 	   0.03019    -0.00510    -0.00058     // SX 
#SY 	  -0.00510     0.03033     0.00773     // SY 
#SZ 	  -0.00058     0.00773     0.02785     // SZ 
#EPA 	  -6.71074     // Energy per Atom 
#RCUT 	6.5        // Rcut 
RU      0.99896      0.99969      0.99879      0.04627      0.02400      0.08062
RU      0.24993      0.24984      0.00095      0.01228      0.00893     -0.11739
RU      0.24952      0.00139      0.24769      0.02679     -0.14349      0.20650
RU      0.00050      0.24971      0.24888     -0.04886      0.02077      0.06319
RU      0.99920      0.99985      0.50011      0.03288      0.02254     -0.04241
RU      0.25101      0.25009      0.50019     -0.05466     -0.03312     -0.04191
RU      0.24962      0.99973      0.75016      0.03326      0.05448     -0.06871
RU      0.99976      0.25000      0.74974     -0.01761      0.00227     -0.04930
RU      0.99940      0.50228      0.99918      0.01704     -0.18129      0.02044
RU      0.25077      0.74987      0.99800     -0.04242     -0.00792      0.13524
RU      0.24991      0.50023      0.24916      0.02494     -0.03070      0.05658
RU      0.00047      0.75049      0.24879     -0.04603     -0.07874      0.10225
RU      0.00034      0.49949      0.49969     -0.03364      0.02060     -0.01080
RU      0.25079      0.74889      0.49837     -0.03341      0.06837      0.09923
RU      0.25033      0.50068      0.75114     -0.01717     -0.04895     -0.16851
RU      0.00024      0.74990      0.74932     -0.04133      0.01921      0.00138
RU      0.49806      0.99990      0.99962      0.12946      0.01730     -0.01226
RU      0.74980      0.24968      0.00061      0.04495     -0.00488     -0.06341
RU      0.74984      0.99881      0.25035      0.01152      0.08299     -0.02987
RU      0.50006      0.24786      0.24854      0.00448      0.15621      0.12835
RU      0.49984      0.99966      0.50056     -0.00986      0.00332     -0.05767
RU      0.75113      0.24907      0.49988     -0.07893      0.05517      0.02539
RU      0.74941      0.99936      0.75038      0.03340      0.01674     -0.10072
RU      0.49889      0.25140      0.75025      0.08689     -0.09729     -0.05751
RU      0.50010      0.49956      0.99995     -0.01758      0.02170     -0.00019
RU      0.75061      0.74974      0.00023     -0.05336      0.00821     -0.05592
RU      0.75066      0.49739      0.24818     -0.04755      0.18104      0.16911
RU      0.50068      0.75070      0.25101     -0.03674     -0.05735     -0.07666
RU      0.49966      0.49934      0.49866      0.02807      0.02232      0.05757
RU      0.75075      0.74941      0.49979     -0.01818      0.01086     -0.02335
RU      0.75044      0.50082      0.75013     -0.03157     -0.09492     -0.05785
RU      0.49877      0.75005      0.75075      0.09671     -0.03840     -0.11142
