/* Converted from PWscf output file */ 
#L_UNITS ang 
#E_UNITS eV 
#S_UNITS GPA 
#F_UNITS EV/ANG 
#ALAT 	   7.61443     // a0 
#X 	   1.00000     0.00000     0.00000     // X 
#Y 	   0.00000     1.00000     0.00000     // Y 
#Z 	   0.00000     0.00000     1.00000     // Z 
#SX 	   1.55432    -0.33951     0.35190     // SX 
#SY 	  -0.33951     1.44844    -0.03763     // SY 
#SZ 	   0.35190    -0.03763     1.52399     // SZ 
#EPA 	  -6.68819     // Energy per Atom 
#RCUT 	6.5        // Rcut 
RU      0.00000      0.00502      0.00473     -0.11297     -0.40962     -0.44261
RU      0.24589      0.25701      0.00280      0.30623     -0.58799     -0.34411
RU      0.25108      0.00180      0.24959     -0.47843     -0.08608     -0.03100
RU      0.99910      0.24893      0.24783      0.12830     -0.05026      0.12634
RU      0.00158      0.99348      0.50055     -0.30979      0.54570      0.09592
RU      0.25254      0.25583      0.50016     -0.38439     -0.73005      0.00685
RU      0.24701      0.99352      0.75446      0.20131      0.44873     -0.14285
RU      0.01320      0.24689      0.74522     -0.98602     -0.18133      0.41047
RU      0.00368      0.49862      0.00784     -0.46873      0.07283     -0.72782
RU      0.25276      0.74306      0.00838     -0.36305      0.58719     -0.75476
RU      0.24594      0.50464      0.24985      0.26273     -0.65185      0.21512
RU      0.00118      0.74585      0.24666     -0.32749      0.36532      0.25878
RU      0.00473      0.49445      0.49904     -0.48059      0.46767      0.06062
RU      0.24939      0.75160      0.50117      0.06241     -0.02169      0.04537
RU      0.23979      0.50010      0.74591      0.43649      0.28889      0.38308
RU      0.99265      0.74849      0.74011      0.57333      0.07851      0.54469
RU      0.49352      0.00251      0.00003      0.41240     -0.15805     -0.12190
RU      0.74220      0.24300      0.99374      0.72657      0.25678      0.69859
RU      0.74699      0.99649      0.25881      0.15933      0.30490     -0.53744
RU      0.49981      0.24938      0.25558      0.17711     -0.23428     -0.43758
RU      0.49355      0.00535      0.49524      0.45636     -0.44271      0.42421
RU      0.74613      0.24722      0.49151      0.25331      0.12191      0.61540
RU      0.74281      0.00814      0.75236      0.59253     -0.77568     -0.21331
RU      0.51087      0.24713      0.75457     -1.14015      0.26687     -0.53419
RU      0.50543      0.50140      0.99723     -0.23456     -0.09740      0.04405
RU      0.75455      0.75042      0.99426     -0.27309      0.03776      0.26371
RU      0.73568      0.50256      0.25150      1.09215     -0.15366     -0.34935
RU      0.49871      0.74638      0.24955     -0.11385      0.40070      0.04781
RU      0.50126      0.50416      0.49464     -0.21740     -0.39456      0.69996
RU      0.74583      0.73916      0.49608      0.40963      0.78779      0.26457
RU      0.75354      0.50552      0.75021     -0.44051     -0.60058      0.17491
RU      0.49962      0.74182      0.76052      0.08080      0.54424     -0.74353
