/* Converted from PWscf output file */ 
#L_UNITS ang 
#E_UNITS eV 
#S_UNITS GPA 
#F_UNITS EV/ANG 
#ALAT 	   7.61443     // a0 
#X 	   1.00000     0.00000     0.00000     // X 
#Y 	   0.00000     1.00000     0.00000     // Y 
#Z 	   0.00000     0.00000     1.00000     // Z 
#SX 	   0.00365     0.00102     0.00088     // SX 
#SY 	   0.00102     0.00423    -0.00233     // SY 
#SZ 	   0.00088    -0.00233     0.00569     // SZ 
#EPA 	  -6.71120     // Energy per Atom 
#RCUT 	6.5        // Rcut 
RU      0.00016      0.99932      0.00023     -0.01492      0.02781     -0.01493
RU      0.24930      0.24997      0.00052      0.01536     -0.00187     -0.03494
RU      0.25080      0.99970      0.24990     -0.07578      0.03104      0.00418
RU      0.99945      0.24924      0.25021      0.02993      0.06008     -0.00152
RU      0.00028      0.99992      0.50006     -0.03526      0.00915      0.00853
RU      0.25012      0.24956      0.49969     -0.00295      0.02230      0.03260
RU      0.25064      0.00048      0.74974     -0.05671     -0.03593      0.00190
RU      0.99954      0.24960      0.75024      0.01450      0.02014     -0.00236
RU      0.00018      0.50046      0.99990     -0.02297     -0.01260      0.02537
RU      0.25035      0.74921      0.00040     -0.01561      0.04571     -0.04233
RU      0.25022      0.50090      0.24872     -0.03290     -0.06248      0.10213
RU      0.00034      0.75026      0.25075     -0.03380     -0.03567     -0.06139
RU      0.00083      0.50005      0.50118     -0.06296     -0.02408     -0.08506
RU      0.25049      0.74980      0.50003     -0.05375      0.00095      0.01141
RU      0.24960      0.50019      0.74984      0.01444     -0.01800      0.00155
RU      0.99976      0.75013      0.74988      0.01174     -0.02501      0.00543
RU      0.49981      0.00120      0.00045      0.00957     -0.09233     -0.03406
RU      0.75023      0.24971      0.99992     -0.00353      0.01378     -0.00070
RU      0.74975      0.99986      0.24976      0.03889      0.01471      0.03353
RU      0.49933      0.25007      0.25031      0.04989     -0.00404     -0.02260
RU      0.49937      0.99983      0.49929      0.06769     -0.01309      0.05809
RU      0.74963      0.25009      0.49987      0.02851     -0.00376      0.01585
RU      0.74967      0.00008      0.75038      0.03343     -0.00729     -0.03230
RU      0.49934      0.24976      0.75051      0.03297      0.01539     -0.04724
RU      0.50039      0.49878      0.99999     -0.00697      0.07748      0.00380
RU      0.74911      0.75054      0.99994      0.06151     -0.04671     -0.00297
RU      0.74951      0.50063      0.24995      0.05006     -0.05568      0.01062
RU      0.50050      0.74990      0.24948     -0.03911     -0.01329      0.03984
RU      0.50021      0.49933      0.50041     -0.01011      0.06674     -0.01846
RU      0.75065      0.74998      0.49957     -0.03184     -0.01152      0.04162
RU      0.74989      0.49945      0.75050      0.01777      0.04479     -0.05418
RU      0.49977      0.74967      0.74930      0.02291      0.01326      0.05858
