/* Converted from PWscf output file */ 
#L_UNITS ang 
#E_UNITS eV 
#S_UNITS GPA 
#F_UNITS EV/ANG 
#ALAT 	   7.61443     // a0 
#X 	   1.00000     0.00000     0.00000     // X 
#Y 	   0.00000     1.00000     0.00000     // Y 
#Z 	   0.00000     0.00000     1.00000     // Z 
#SX 	   2.68980    -0.15925    -0.37786     // SX 
#SY 	  -0.15925     2.90884    -0.32113     // SY 
#SZ 	  -0.37786    -0.32113     2.64459     // SZ 
#EPA 	  -6.65939     // Energy per Atom 
#RCUT 	6.5        // Rcut 
RU      0.99091      0.00516      0.99894      0.50513     -0.36782      0.11114
RU      0.25910      0.24404      0.00345     -0.56915      1.18950     -0.07058
RU      0.24274      0.99596      0.24117      0.01472      0.43406      1.37206
RU      0.99665      0.25220      0.24485      0.27795     -0.19082      0.49858
RU      0.00029      0.00590      0.50222     -0.31351     -0.29489     -0.17894
RU      0.25476      0.23674      0.50678     -0.45031      1.29652     -0.25640
RU      0.24240      0.00675      0.76882      0.55176     -0.76815     -1.40848
RU      0.00248      0.23646      0.75093     -0.72315      1.44372      0.09107
RU      0.99088      0.49928      0.99399      0.30299      0.09447      0.37024
RU      0.24780      0.75586      0.00693     -0.01516     -1.08091     -0.57050
RU      0.24618      0.50340      0.24916      0.58096     -0.37378     -0.09613
RU      0.99681      0.74371      0.26085      0.05870      0.46165     -1.02425
RU      0.01735      0.50004      0.48637     -1.41975     -0.27266      1.27954
RU      0.24405      0.75877      0.49265      0.72754     -0.76957      0.56602
RU      0.25957      0.49784      0.75507     -0.98187      0.18778     -0.46277
RU      0.00082      0.74848      0.75858     -0.18901     -0.19011     -0.75929
RU      0.48646      0.99592      0.01106      1.10375      0.18063     -0.55391
RU      0.74703      0.24662      0.01119      0.20959      0.58885     -0.77249
RU      0.74916      0.98871      0.25136     -0.21904      1.07892      0.06466
RU      0.50621      0.25131      0.25044     -0.55813      0.02457      0.20217
RU      0.49412      0.00024      0.50922      0.70027     -0.27571     -0.74665
RU      0.76058      0.25249      0.49573     -0.67658      0.32432      0.47640
RU      0.73735      0.00901      0.76599      0.78418     -0.58157     -1.37789
RU      0.49072      0.23731      0.74748      0.60132      1.01559      0.29434
RU      0.50338      0.49618      0.99359     -0.03477      0.35425      0.31418
RU      0.75546      0.76417      0.99746     -0.64890     -1.31253      0.09850
RU      0.74512      0.50062      0.24958      0.46528      0.01027      0.41890
RU      0.50362      0.73961      0.24976     -0.26838      0.51511      0.00929
RU      0.49849      0.50875      0.50174      0.05165     -0.58044      0.11003
RU      0.75643      0.76389      0.49236     -0.71420     -1.52452      1.23657
RU      0.75367      0.50118      0.74329     -0.30079     -0.05391      0.33739
RU      0.48191      0.75563      0.74786      1.14689     -0.56282      0.42720
