/* Converted from PWscf output file */ 
#L_UNITS ang 
#E_UNITS eV 
#S_UNITS GPA 
#F_UNITS EV/ANG 
#ALAT 	   7.61443     // a0 
#X 	   1.00000     0.00000     0.00000     // X 
#Y 	   0.00000     1.00000     0.00000     // Y 
#Z 	   0.00000     0.00000     1.00000     // Z 
#SX 	   0.31034    -0.00860     0.04113     // SX 
#SY 	  -0.00860     0.32157     0.02844     // SY 
#SZ 	   0.04113     0.02844     0.32784     // SZ 
#EPA 	  -6.70543     // Energy per Atom 
#RCUT 	6.5        // Rcut 
RU      0.00066      0.00270      0.00036     -0.18266     -0.12730     -0.03345
RU      0.25136      0.24538      0.00380     -0.03839      0.38017     -0.27665
RU      0.25164      0.00065      0.25584     -0.17332     -0.05544     -0.45630
RU      0.00176      0.25001      0.24763     -0.13761      0.03835      0.13890
RU      0.99910      0.00061      0.50161     -0.01931     -0.06390     -0.18312
RU      0.24687      0.24532      0.50052      0.22090      0.57470     -0.06404
RU      0.24839      0.00539      0.75077      0.12779     -0.33995     -0.00202
RU      0.99951      0.25034      0.74615     -0.00374      0.05023      0.37560
RU      0.00382      0.49900      0.00104     -0.26225      0.11618     -0.00967
RU      0.24682      0.75689      0.99945      0.18502     -0.56700      0.04712
RU      0.24796      0.50235      0.25185      0.21130     -0.07391     -0.10532
RU      0.99575      0.75198      0.24948      0.36106     -0.14242      0.02219
RU      0.00237      0.49831      0.50194     -0.27301      0.14569     -0.10307
RU      0.25129      0.75122      0.49848     -0.16944     -0.25068      0.19440
RU      0.25403      0.49947      0.75197     -0.29845      0.16306      0.04206
RU      0.00081      0.74713      0.75014     -0.09284      0.18281     -0.05720
RU      0.50010      0.99899      0.99168      0.05789      0.13583      0.64131
RU      0.74986      0.24979      0.99933     -0.08212      0.21601      0.06394
RU      0.75211      0.99948      0.24985     -0.26165      0.11925      0.02053
RU      0.50313      0.25249      0.25267     -0.28210     -0.06290     -0.20385
RU      0.49488      0.99459      0.49822      0.45711      0.50149      0.11335
RU      0.75011      0.24896      0.49813      0.01895      0.08975      0.21898
RU      0.74721      0.00434      0.75039      0.29451     -0.30702      0.08611
RU      0.49712      0.25078      0.74883      0.26664      0.00049      0.05365
RU      0.49868      0.50364      0.00005      0.15637     -0.26013      0.00044
RU      0.74978      0.74782      0.00241      0.05275      0.05965     -0.25653
RU      0.75104      0.49964      0.25450      0.02156      0.08669     -0.27721
RU      0.50285      0.75117      0.24842     -0.18455     -0.06532      0.07466
RU      0.49849      0.50337      0.50025      0.16822     -0.26000     -0.10646
RU      0.74720      0.75305      0.49924      0.13730     -0.26590      0.06568
RU      0.75323      0.49966      0.75222     -0.29321      0.14418     -0.11454
RU      0.49911      0.75215      0.74992      0.01731     -0.16265      0.09052
