/* Converted from PWscf output file */ 
#L_UNITS ang 
#E_UNITS eV 
#S_UNITS GPA 
#F_UNITS EV/ANG 
#ALAT 	   7.61443     // a0 
#X 	   1.00000     0.00000     0.00000     // X 
#Y 	   0.00000     1.00000     0.00000     // Y 
#Z 	   0.00000     0.00000     1.00000     // Z 
#SX 	   0.03777     0.01225    -0.00977     // SX 
#SY 	   0.01225     0.03471    -0.00248     // SY 
#SZ 	  -0.00977    -0.00248     0.03325     // SZ 
#EPA 	  -6.71067     // Energy per Atom 
#RCUT 	6.5        // Rcut 
RU      0.00144      0.00107      0.00028     -0.11228     -0.05668     -0.03881
RU      0.24946      0.25040      0.99866      0.07800     -0.02083      0.08623
RU      0.25017      0.99956      0.25026     -0.01427      0.03629     -0.03530
RU      0.00081      0.25065      0.25074     -0.02064     -0.04501     -0.03904
RU      0.00140      0.00007      0.49818     -0.11259     -0.00952      0.15348
RU      0.25196      0.24933      0.49879     -0.17944      0.03984      0.12624
RU      0.25034      0.00121      0.74973      0.00200     -0.07430      0.03984
RU      0.99942      0.25099      0.74978      0.05450     -0.08828      0.05742
RU      0.99990      0.50031      0.00046      0.01029     -0.04365     -0.06533
RU      0.25023      0.74960      0.00195     -0.07339      0.00098     -0.16294
RU      0.24923      0.49984      0.25047      0.10387      0.00577     -0.02970
RU      0.00057      0.74960      0.25099     -0.03028      0.02663     -0.10098
RU      0.00080      0.50152      0.50014     -0.06796     -0.11584     -0.00033
RU      0.24992      0.75035      0.50069      0.04153     -0.01728     -0.04393
RU      0.25009      0.50087      0.75011      0.01334     -0.07997     -0.01426
RU      0.99979      0.75005      0.75011      0.05718      0.03284     -0.01178
RU      0.49971      0.99815      0.99976      0.04996      0.09878     -0.02476
RU      0.74839      0.24895      0.00092      0.15344      0.05662     -0.09316
RU      0.75015      0.99959      0.24991     -0.01144      0.02602      0.01431
RU      0.50040      0.24924      0.25111     -0.00866      0.04380     -0.10533
RU      0.49878      0.99803      0.49991      0.14952      0.13920      0.00412
RU      0.75173      0.25073      0.50002     -0.10792     -0.04737     -0.00979
RU      0.74929      0.99907      0.74996      0.08018      0.08205     -0.01242
RU      0.50102      0.25010      0.75065     -0.04526      0.00499     -0.05350
RU      0.49974      0.49871      0.99977      0.06391      0.06291      0.01159
RU      0.75039      0.75024      0.00035     -0.02728     -0.00318     -0.01258
RU      0.75033      0.49958      0.24907     -0.01680     -0.00541      0.06145
RU      0.50084      0.75012      0.24863     -0.02250     -0.01076      0.09497
RU      0.49996      0.49821      0.49932      0.03482      0.07853      0.06771
RU      0.74781      0.74962      0.50041      0.19935      0.00349      0.01070
RU      0.75253      0.50079      0.75036     -0.18768     -0.06341     -0.01516
RU      0.50070      0.75051      0.74847     -0.05352     -0.05726      0.14103
