/* Converted from PWscf output file */ 
#L_UNITS ang 
#E_UNITS eV 
#S_UNITS GPA 
#F_UNITS EV/ANG 
#ALAT 	   7.61443     // a0 
#X 	   1.00000     0.00000     0.00000     // X 
#Y 	   0.00000     1.00000     0.00000     // Y 
#Z 	   0.00000     0.00000     1.00000     // Z 
#SX 	   1.58378     0.08283    -0.09581     // SX 
#SY 	   0.08283     1.36473     0.08371     // SY 
#SZ 	  -0.09581     0.08371     1.54134     // SZ 
#EPA 	  -6.68620     // Energy per Atom 
#RCUT 	6.5        // Rcut 
RU      0.99190      0.99428      0.99313      0.61887      0.39569      0.79369
RU      0.25675      0.24800      0.00046     -0.26080      0.10553      0.11999
RU      0.25675      0.99155      0.25308     -0.34398      0.78202     -0.23355
RU      0.99519      0.25116      0.24174      0.55515      0.14404      0.81424
RU      0.99519      0.00496      0.51139      0.40946     -0.35238     -0.97138
RU      0.24141      0.25198      0.50008      0.77405      0.00857     -0.13603
RU      0.25664      0.99989      0.74154     -0.34101     -0.11042      0.55405
RU      0.00039      0.24803      0.75586      0.24744      0.31310     -0.53062
RU      0.99008      0.49833      0.99506      1.34286      0.25290      0.64727
RU      0.24795      0.75690      0.00336      0.37787     -0.42542     -0.17000
RU      0.25269      0.49280      0.24822      0.10229      0.49590      0.12566
RU      0.00764      0.75398      0.25271     -0.48676     -0.38009     -0.02982
RU      0.00801      0.49980      0.50216     -0.68878      0.03681     -0.41058
RU      0.25000      0.74901      0.49899      0.12445      0.02357      0.07350
RU      0.25086      0.49839      0.74664      0.02073     -0.06305      0.26160
RU      0.00687      0.75823      0.75238     -0.35675     -0.70449     -0.45025
RU      0.50380      0.99675      0.00212     -0.50057      0.15497      0.11201
RU      0.75696      0.25555      0.99318     -0.69890     -0.44058      0.74291
RU      0.75704      0.00576      0.24485     -0.17347     -0.68867      0.54862
RU      0.51210      0.24327      0.24620     -0.80539      0.63679      0.43154
RU      0.48976      0.00118      0.49849      0.94338     -0.06387     -0.03639
RU      0.75272      0.25495      0.50104     -0.08219     -0.24152     -0.22337
RU      0.74925      0.99638      0.75597      0.03495      0.29816     -0.56467
RU      0.50034      0.24991      0.75663     -0.01874      0.08017     -0.79675
RU      0.50406      0.49597      0.99687     -0.40851      0.23979      0.47232
RU      0.75387      0.74486      0.99640     -0.22078      0.49185      0.41375
RU      0.75653      0.50348      0.24277     -0.43300     -0.33955      0.80785
RU      0.50171      0.75107      0.24793      0.08034     -0.25883      0.31267
RU      0.50164      0.50299      0.50698     -0.11704     -0.24495     -0.61462
RU      0.74877      0.75755      0.50679     -0.01621     -0.41255     -0.68178
RU      0.74979      0.49736      0.76024      0.06563      0.31747     -1.32600
RU      0.49771      0.74943      0.75066      0.25541     -0.05097     -0.05586
