/* Converted from PWscf output file */ 
#L_UNITS ang 
#E_UNITS eV 
#S_UNITS GPA 
#F_UNITS EV/ANG 
#ALAT 	   7.61443     // a0 
#X 	   1.00000     0.00000     0.00000     // X 
#Y 	   0.00000     1.00000     0.00000     // Y 
#Z 	   0.00000     0.00000     1.00000     // Z 
#SX 	   0.00963     0.00277    -0.00073     // SX 
#SY 	   0.00277     0.01035     0.00073     // SY 
#SZ 	  -0.00073     0.00073     0.01108     // SZ 
#EPA 	  -6.71112     // Energy per Atom 
#RCUT 	6.5        // Rcut 
RU      0.00029      0.99929      0.99948     -0.00115      0.04987      0.03392
RU      0.25029      0.25025      0.99993     -0.03501      0.00319     -0.00260
RU      0.24851      0.99989      0.24919      0.08391      0.01640      0.04727
RU      0.00083      0.25144      0.24950     -0.05890     -0.08263      0.03640
RU      0.99996      0.00015      0.50056      0.03273     -0.02907     -0.06346
RU      0.25042      0.24957      0.49987     -0.00212      0.02660      0.01568
RU      0.24993      0.99969      0.74990      0.00790      0.00929     -0.00254
RU      0.99982      0.24885      0.74885      0.04215      0.08731      0.05882
RU      0.99994      0.49965      0.99989      0.02643      0.04260      0.00669
RU      0.25067      0.74991      0.00069     -0.02249      0.01731     -0.07306
RU      0.24991      0.49975      0.25005      0.01089      0.02922     -0.01463
RU      0.99941      0.75032      0.25041      0.05903     -0.02114     -0.05131
RU      0.00013      0.49917      0.49992     -0.00805      0.05094     -0.00974
RU      0.25080      0.74989      0.49926     -0.07352      0.00214      0.03684
RU      0.24987      0.50073      0.74967     -0.00198     -0.04277     -0.00307
RU      0.99918      0.75018      0.75014      0.06443     -0.00202     -0.02327
RU      0.50140      0.00050      0.99987     -0.10254     -0.03552      0.00695
RU      0.75124      0.25076      0.00010     -0.06972     -0.04194     -0.01939
RU      0.74886      0.00099      0.25008      0.09465     -0.08192     -0.01656
RU      0.50024      0.25032      0.24880     -0.02480     -0.00457      0.06123
RU      0.50060      0.99990      0.49946     -0.04728      0.00841      0.02194
RU      0.74941      0.24913      0.50060      0.04876      0.08881     -0.06427
RU      0.74963      0.00032      0.74992     -0.00387     -0.01342     -0.01949
RU      0.49983      0.25041      0.75057      0.01072     -0.01730     -0.06173
RU      0.49987      0.50078      0.99923      0.01109     -0.05788      0.05272
RU      0.74992      0.75101      0.99923      0.02264     -0.07330      0.05408
RU      0.74993      0.49971      0.24959     -0.02349      0.03591      0.02260
RU      0.49958      0.75118      0.24996      0.03391     -0.05862      0.01289
RU      0.49968      0.49966      0.50045      0.02221      0.03924     -0.05573
RU      0.75066      0.75011      0.49942     -0.02944     -0.01141      0.03446
RU      0.75004      0.49978      0.74982      0.02188      0.02608      0.00106
RU      0.50095      0.74937      0.74999     -0.08895      0.04019     -0.02270
