/* Converted from PWscf output file */ 
#L_UNITS ang 
#E_UNITS eV 
#S_UNITS GPA 
#F_UNITS EV/ANG 
#ALAT 	   7.61443     // a0 
#X 	   1.00000     0.00000     0.00000     // X 
#Y 	   0.00000     1.00000     0.00000     // Y 
#Z 	   0.00000     0.00000     1.00000     // Z 
#SX 	   1.12687     0.02348     0.35015     // SX 
#SY 	   0.02348     0.95771    -0.07846     // SY 
#SZ 	   0.35015    -0.07846     0.95843     // SZ 
#EPA 	  -6.69447     // Energy per Atom 
#RCUT 	6.5        // Rcut 
RU      0.00860      0.00656      0.00363     -0.83469     -0.56291     -0.28408
RU      0.25056      0.24456      0.99999      0.12308      0.47508     -0.03609
RU      0.24353      0.00590      0.24638      0.63714     -0.71829      0.32743
RU      0.00202      0.24634      0.24893     -0.20331      0.24721      0.22417
RU      0.00973      0.99762      0.49982     -0.51234      0.12850      0.16225
RU      0.24994      0.25395      0.50032     -0.02993     -0.49043     -0.05980
RU      0.24516      0.99542      0.75365      0.39406      0.40759     -0.28351
RU      0.00035      0.25395      0.74734     -0.21382     -0.30806      0.31609
RU      0.99217      0.50086      0.99919      0.64617     -0.07333      0.10781
RU      0.24369      0.74746      0.99953      0.48214      0.14967      0.03980
RU      0.24423      0.50261      0.24882      0.62652     -0.23070      0.12178
RU      0.00568      0.74535      0.25270     -0.58267      0.35180     -0.21193
RU      0.00119      0.50521      0.50160     -0.08830     -0.28233     -0.10719
RU      0.26312      0.74675      0.49856     -1.04116      0.15594     -0.00288
RU      0.24864      0.49645      0.74670      0.26379      0.22967      0.34283
RU      0.00206      0.74984      0.75462     -0.16435     -0.02391     -0.31322
RU      0.50721      0.00278      0.00618     -0.32122     -0.31426     -0.42066
RU      0.74998      0.25316      0.99600     -0.07778     -0.46234      0.30117
RU      0.75037      0.00122      0.25245     -0.20755      0.00790     -0.03767
RU      0.49002      0.24527      0.25332      0.90944      0.35864     -0.24705
RU      0.50361      0.99524      0.50339      0.05177      0.43657     -0.35703
RU      0.74997      0.24881      0.50418      0.13761     -0.00787     -0.24441
RU      0.74924      0.99610      0.74776     -0.02454      0.04798      0.29477
RU      0.49874      0.24922      0.75353      0.18595     -0.05415     -0.29140
RU      0.49723      0.49417      0.99254      0.19118      0.55899      0.62435
RU      0.75285      0.75128      0.00361     -0.13279     -0.12265     -0.22102
RU      0.75552      0.49294      0.25578     -0.46606      0.44701     -0.42411
RU      0.50599      0.74776      0.25236     -0.23649      0.00460     -0.21420
RU      0.50094      0.50053      0.49847      0.00164     -0.28017      0.12881
RU      0.74581      0.74178      0.49768      0.31217      0.65200      0.15424
RU      0.75352      0.50134      0.75245     -0.42777     -0.11383     -0.14642
RU      0.49471      0.75719      0.74493      0.60212     -0.61391      0.75717
