/* Converted from PWscf output file */ 
#L_UNITS ang 
#E_UNITS eV 
#S_UNITS GPA 
#F_UNITS EV/ANG 
#ALAT 	   7.61443     // a0 
#X 	   1.00000     0.00000     0.00000     // X 
#Y 	   0.00000     1.00000     0.00000     // Y 
#Z 	   0.00000     0.00000     1.00000     // Z 
#SX 	   0.22692    -0.01546    -0.04360     // SX 
#SY 	  -0.01546     0.22809    -0.01473     // SY 
#SZ 	  -0.04360    -0.01473     0.21117     // SZ 
#EPA 	  -6.70757     // Energy per Atom 
#RCUT 	6.5        // Rcut 
RU      0.00112      0.00152      0.99797     -0.06547     -0.08574      0.25251
RU      0.25306      0.24692      0.99918     -0.29579      0.22273      0.06989
RU      0.25270      0.00324      0.25035     -0.20335     -0.19590      0.00989
RU      0.99450      0.25153      0.25424      0.37846     -0.14896     -0.22629
RU      0.99998      0.00348      0.50227      0.05642     -0.20871     -0.21359
RU      0.24909      0.25009      0.49685      0.02234      0.04117      0.15318
RU      0.24990      0.99482      0.75047     -0.04155      0.37270     -0.11815
RU      0.99798      0.25278      0.75220      0.20713     -0.20229     -0.13702
RU      0.99441      0.50075      0.99996      0.42850     -0.03859      0.04863
RU      0.25138      0.75119      0.99796     -0.11269     -0.08923      0.15935
RU      0.25051      0.50306      0.24773     -0.07851     -0.20072      0.12227
RU      0.00046      0.75143      0.25121      0.01118     -0.00398     -0.04324
RU      0.00537      0.50069      0.50309     -0.31133      0.04467     -0.30609
RU      0.24996      0.75137      0.50110     -0.09509     -0.10271     -0.14446
RU      0.25123      0.49922      0.75117     -0.08202      0.08299     -0.00648
RU      0.99684      0.74825      0.75370      0.20969      0.21587     -0.22524
RU      0.49999      0.99787      0.99829     -0.09897      0.15654      0.11029
RU      0.74860      0.25023      0.00008      0.17169     -0.01984     -0.00001
RU      0.74810      0.00302      0.24823      0.16477     -0.20808      0.06875
RU      0.50067      0.25189      0.24719     -0.09832     -0.10501      0.20824
RU      0.50223      0.00004      0.50089     -0.11005     -0.00074     -0.15188
RU      0.74533      0.24908      0.50263      0.35534      0.05367     -0.23438
RU      0.75018      0.00046      0.74851      0.05614     -0.05341      0.18895
RU      0.49917      0.25359      0.75023     -0.12295     -0.31248     -0.03161
RU      0.50032      0.49844      0.99771     -0.00870      0.16544      0.22967
RU      0.75073      0.74796      0.00057     -0.01087      0.16167      0.06299
RU      0.75184      0.50146      0.25234     -0.03747      0.01983     -0.12819
RU      0.50011      0.74935      0.24877     -0.14777      0.14082      0.10009
RU      0.50179      0.50175      0.49711     -0.23367     -0.10307      0.14288
RU      0.74887      0.75023      0.50153      0.14017      0.01320     -0.15299
RU      0.75107      0.49625      0.74738     -0.07345      0.27331      0.10719
RU      0.49956      0.74954      0.74823      0.02619      0.11485      0.08486
