/* Converted from PWscf output file */ 
#L_UNITS ang 
#E_UNITS eV 
#S_UNITS GPA 
#F_UNITS EV/ANG 
#ALAT 	   7.61443     // a0 
#X 	   1.00000     0.00000     0.00000     // X 
#Y 	   0.00000     1.00000     0.00000     // Y 
#Z 	   0.00000     0.00000     1.00000     // Z 
#SX 	   0.01181     0.00365    -0.00029     // SX 
#SY 	   0.00365     0.01210     0.00175     // SY 
#SZ 	  -0.00029     0.00175     0.01138     // SZ 
#EPA 	  -6.71118     // Energy per Atom 
#RCUT 	6.5        // Rcut 
RU      0.00063      0.00075      0.00015     -0.02576     -0.02965     -0.01341
RU      0.25031      0.24927      0.99983     -0.03091      0.05918      0.02248
RU      0.25017      0.99971      0.24955     -0.00903      0.02825      0.03861
RU      0.00009      0.24983      0.25037      0.00385     -0.00972     -0.01887
RU      0.99852      0.99909      0.50009      0.12122      0.08468     -0.01162
RU      0.25025      0.24961      0.50014     -0.02545      0.00738     -0.00485
RU      0.24901      0.99925      0.74920      0.05392      0.07974      0.05222
RU      0.99977      0.25054      0.74955      0.02276     -0.02715      0.02237
RU      0.99965      0.50072      0.00019      0.03725     -0.08031     -0.01982
RU      0.25005      0.74907      0.00037     -0.00530      0.05160     -0.03689
RU      0.25042      0.50069      0.25010     -0.04285     -0.06955     -0.01214
RU      0.00003      0.75012      0.24977      0.00609     -0.02422      0.02663
RU      0.99955      0.50013      0.49995      0.06137     -0.01156      0.02371
RU      0.25057      0.75042      0.50058     -0.04835     -0.05131     -0.03089
RU      0.25088      0.49973      0.74992     -0.05973     -0.00344      0.00538
RU      0.00012      0.74968      0.75037     -0.00374      0.02287     -0.01954
RU      0.49984      0.99962      0.99925     -0.01635      0.05387      0.04180
RU      0.75010      0.24999      0.99990      0.00107     -0.02001     -0.00388
RU      0.74979      0.00002      0.25008      0.01041      0.03212     -0.02097
RU      0.49989      0.24875      0.24979      0.00055      0.08883      0.01908
RU      0.50084      0.00003      0.49974     -0.06878      0.00982      0.03374
RU      0.74920      0.24960      0.50032      0.07714      0.04079     -0.01685
RU      0.74999      0.99985      0.75026      0.01765      0.01269     -0.00981
RU      0.50027      0.25042      0.75017     -0.02520     -0.05090     -0.00301
RU      0.50029      0.50069      0.00053     -0.01693     -0.05066     -0.04196
RU      0.75029      0.75018      0.00071      0.00101     -0.02822     -0.04794
RU      0.75030      0.50039      0.25046      0.00791     -0.04848     -0.02530
RU      0.49999      0.74911      0.25000     -0.00510      0.05738      0.01763
RU      0.50073      0.50033      0.49950     -0.09010     -0.05426      0.03232
RU      0.74999      0.74977      0.49910      0.00807      0.00533      0.07962
RU      0.74953      0.50041      0.75002      0.03298     -0.03946      0.00761
RU      0.49982      0.75034      0.75106      0.01032     -0.03564     -0.08544
