/* Converted from PWscf output file */ 
#L_UNITS ang 
#E_UNITS eV 
#S_UNITS GPA 
#F_UNITS EV/ANG 
#ALAT 	   7.61443     // a0 
#X 	   1.00000     0.00000     0.00000     // X 
#Y 	   0.00000     1.00000     0.00000     // Y 
#Z 	   0.00000     0.00000     1.00000     // Z 
#SX 	  -0.00102     0.00058    -0.00015     // SX 
#SY 	   0.00058    -0.00117    -0.00015     // SY 
#SZ 	  -0.00015    -0.00015    -0.00146     // SZ 
#EPA 	  -6.71137     // Energy per Atom 
#RCUT 	6.5        // Rcut 
RU      0.99971      0.99998      0.99998      0.01855      0.00462      0.00871
RU      0.24994      0.25010      0.99997      0.00881     -0.00447      0.00931
RU      0.25008      0.00008      0.24976      0.00034     -0.00370      0.01995
RU      0.99991      0.24994      0.24988      0.01014      0.00597      0.00856
RU      0.99981      0.99974      0.50009      0.01249      0.01826     -0.01132
RU      0.25004      0.24989      0.50002     -0.01100      0.00453     -0.00362
RU      0.25013      0.00025      0.75015     -0.00919     -0.01589     -0.00968
RU      0.00009      0.24991      0.75007     -0.00843      0.00623     -0.00185
RU      0.00004      0.50012      0.00002     -0.00506     -0.00804      0.00426
RU      0.24976      0.75004      0.99993      0.00925     -0.00420      0.01028
RU      0.25011      0.49992      0.24999     -0.00612      0.01276      0.00638
RU      0.99987      0.75007      0.25020      0.01143     -0.00437     -0.00552
RU      0.99995      0.50003      0.49993      0.00366     -0.00355      0.00521
RU      0.25002      0.75000      0.49998      0.00868      0.00373     -0.00457
RU      0.25034      0.50003      0.74997     -0.01850     -0.00181     -0.00324
RU      0.00010      0.74986      0.74993     -0.00218      0.00470      0.00156
RU      0.49988      0.00030      0.99987      0.00569     -0.02499      0.01744
RU      0.74955      0.25002      0.00002      0.03240     -0.00202      0.00295
RU      0.74998      0.00017      0.25011      0.00379     -0.00752     -0.00148
RU      0.50011      0.24995      0.24996     -0.01067      0.00564      0.01507
RU      0.49994      0.99995      0.50029     -0.00189      0.00364     -0.02131
RU      0.75027      0.25017      0.50018     -0.01700     -0.01136     -0.01566
RU      0.75031      0.99987      0.75001     -0.01680      0.01509     -0.00529
RU      0.49994      0.24986      0.75012      0.00566      0.00958     -0.01472
RU      0.49987      0.49987      1.00000      0.00567      0.01479      0.01070
RU      0.75021      0.75008      0.99976     -0.01616     -0.00150      0.02423
RU      0.75025      0.50023      0.24996     -0.01412     -0.01639      0.00396
RU      0.50029      0.75024      0.25002     -0.02308     -0.02067      0.00015
RU      0.49992      0.49978      0.50029      0.00388      0.01555     -0.02651
RU      0.74975      0.74984      0.50007      0.01564      0.01019     -0.00766
RU      0.75001      0.50032      0.75002      0.00520     -0.01864      0.00209
RU      0.49997      0.74981      0.75033     -0.00107      0.01385     -0.01838
