/* Converted from PWscf output file */ 
#L_UNITS ang 
#E_UNITS eV 
#S_UNITS GPA 
#F_UNITS EV/ANG 
#ALAT 	   7.61443     // a0 
#X 	   1.00000     0.00000     0.00000     // X 
#Y 	   0.00000     1.00000     0.00000     // Y 
#Z 	   0.00000     0.00000     1.00000     // Z 
#SX 	   1.78635     0.18857    -0.05177     // SX 
#SY 	   0.18857     2.14058     0.12309     // SY 
#SZ 	  -0.05177     0.12309     2.26162     // SZ 
#EPA 	  -6.67904     // Energy per Atom 
#RCUT 	6.5        // Rcut 
RU      0.99145      0.99660      0.00939      0.88754      0.09295     -0.94294
RU      0.24716      0.25056      0.00525      0.09032     -0.03402     -0.71227
RU      0.24866      0.00284      0.25216     -0.10254     -0.36532     -0.20311
RU      0.00644      0.25022      0.25227     -0.40497      0.22313     -0.22215
RU      0.99404      0.99737      0.50626      0.49499      0.45191     -0.43997
RU      0.25470      0.25472      0.49115     -0.00415     -0.27705      0.61076
RU      0.24693      0.00078      0.73939      0.47695      0.05224      0.75279
RU      0.99999      0.25118      0.74760      0.08262     -0.29651     -0.06261
RU      0.99758      0.50312      0.00309      0.32871     -0.30404     -0.48589
RU      0.24430      0.74847      0.98299      0.56416      0.22163      1.00627
RU      0.25521      0.49496      0.25599     -0.07203      0.59231     -0.61891
RU      0.00007      0.74062      0.24114      0.12502      0.63900      0.52554
RU      0.99775      0.50296      0.49822      0.02932     -0.27259      0.16119
RU      0.24679      0.75135      0.49876      0.12805     -0.20472     -0.09996
RU      0.25812      0.49786      0.74942     -0.88960     -0.04238     -0.34379
RU      0.00216      0.75599      0.74938     -0.25013     -0.42086      0.00019
RU      0.50869      0.00754      0.00102     -1.21692     -0.35648      0.01815
RU      0.75621      0.24154      0.99622     -0.27727      1.16490      0.12595
RU      0.76006      0.00117      0.24778     -0.73256     -0.12636      0.35297
RU      0.49973      0.24699      0.24751      0.08349      0.03768      0.19694
RU      0.49359      0.99587      0.49070      0.36452      0.45259      0.84513
RU      0.75589      0.24973      0.48834     -0.54576      0.25646      0.81842
RU      0.74225      0.99957      0.76633      0.75796     -0.00659     -1.96875
RU      0.50501      0.25266      0.75205     -0.33178     -0.10054     -0.24262
RU      0.48974      0.49008      0.99427      0.75594      0.77567      0.27797
RU      0.74395      0.76367      0.99366      0.19328     -1.51028      0.49491
RU      0.74849      0.49722      0.24415      0.15993      0.21503      0.47479
RU      0.50232      0.75820      0.25698     -0.10386     -0.64243     -0.73120
RU      0.50724      0.51078      0.49511     -0.64084     -0.85759      0.13167
RU      0.74997      0.75411      0.49585      0.11257     -0.23569      0.06377
RU      0.75065      0.50169      0.75152      0.12886     -0.08601      0.03362
RU      0.50302      0.73748      0.74658     -0.19184      0.96397      0.18314
