/* Converted from PWscf output file */ 
#L_UNITS ang 
#E_UNITS eV 
#S_UNITS GPA 
#F_UNITS EV/ANG 
#ALAT 	   7.61443     // a0 
#X 	   1.00000     0.00000     0.00000     // X 
#Y 	   0.00000     1.00000     0.00000     // Y 
#Z 	   0.00000     0.00000     1.00000     // Z 
#SX 	   3.06985    -0.69855     0.47440     // SX 
#SY 	  -0.69855     3.07524    -0.16902     // SY 
#SZ 	   0.47440    -0.16902     3.19964     // SZ 
#EPA 	  -6.65569     // Energy per Atom 
#RCUT 	6.5        // Rcut 
RU      0.00468      0.99843      0.00511     -0.39898      0.06844     -0.10307
RU      0.25494      0.23562      0.99846     -0.40922      1.37152      0.55793
RU      0.25907      0.01275      0.24404     -1.03220     -1.47268      0.94745
RU      0.00361      0.25802      0.26339     -0.43918     -0.79200     -0.68222
RU      0.98962      0.99808      0.50261      0.93379      0.02683     -0.02519
RU      0.24065      0.25656      0.49622      0.58455     -0.24617      0.42121
RU      0.25089      0.01204      0.76146     -0.32556     -1.34366     -1.49012
RU      0.99932      0.25046      0.77114      0.15548     -0.23323     -1.48760
RU      0.99978      0.49901      0.00960     -0.00608     -0.01233     -0.71280
RU      0.24282      0.75548      0.00075      0.55118     -0.38845      0.10692
RU      0.25094      0.49305      0.23472      0.14299      0.88264      1.23535
RU      0.99557      0.73511      0.25431      0.68993      1.36912      0.00352
RU      0.99073      0.50398      0.49579      0.92192     -0.19400      0.78180
RU      0.24722      0.75691      0.50270      0.00305     -0.58831     -0.06968
RU      0.26310      0.47996      0.75774     -1.36996      1.89063     -0.32195
RU      0.00152      0.75618      0.75936      0.05694     -0.34735     -0.59871
RU      0.50909      0.98972      0.00313     -1.04175      0.42311     -0.23792
RU      0.74715      0.25105      0.98937     -0.11161      0.11899      0.93973
RU      0.74021      0.00669      0.24091      0.99567     -0.36378      1.00914
RU      0.50078      0.25087      0.24934     -0.09075     -0.14552      0.44409
RU      0.49641      0.00623      0.49685     -0.10408     -0.72386      0.29067
RU      0.73803      0.24269      0.50700      1.21106      0.62123     -0.79622
RU      0.73358      0.01079      0.74995      1.62071     -1.52142     -0.00498
RU      0.50102      0.24671      0.75027     -0.18504      0.25804      0.12240
RU      0.50176      0.49726      0.00193      0.00115      0.35871     -0.11097
RU      0.75111      0.75104      0.00150      0.22528     -0.59419     -0.01644
RU      0.74948      0.50535      0.26064     -0.00280     -0.25888     -0.64125
RU      0.50869      0.74610      0.24383     -0.80791      0.26969      0.69952
RU      0.50167      0.48577      0.50871     -0.41421      1.16116     -0.51622
RU      0.75083      0.75492      0.49930     -0.51123     -0.03203      0.10437
RU      0.75845      0.50715      0.74072     -0.33067     -0.15932      0.56402
RU      0.50541      0.74077      0.75410     -0.51246      0.59708     -0.41278
