/* Converted from PWscf output file */ 
#L_UNITS ang 
#E_UNITS eV 
#S_UNITS GPA 
#F_UNITS EV/ANG 
#ALAT 	   7.61443     // a0 
#X 	   1.00000     0.00000     0.00000     // X 
#Y 	   0.00000     1.00000     0.00000     // Y 
#Z 	   0.00000     0.00000     1.00000     // Z 
#SX 	   1.09246    -0.00160     0.01706     // SX 
#SY 	  -0.00160     1.23727     0.05921     // SY 
#SZ 	   0.01706     0.05921     1.23494     // SZ 
#EPA 	  -6.69260     // Energy per Atom 
#RCUT 	6.5        // Rcut 
RU      0.99655      0.00763      0.99560      0.11901     -0.62400      0.35078
RU      0.24455      0.25262      0.00550      0.43350     -0.36110     -0.45036
RU      0.25152      0.98709      0.24348     -0.42211      0.87428      0.42328
RU      0.00101      0.25598      0.25580     -0.21088     -0.55247     -0.54511
RU      0.99672      0.99630      0.49506      0.20515      0.33694      0.28078
RU      0.23974      0.24815      0.50455      0.70933      0.11117     -0.44885
RU      0.24123      0.00606      0.74729      0.58011     -0.44186      0.17554
RU      0.99822      0.24468      0.75092     -0.18179      0.34688      0.04069
RU      0.99967      0.49833      0.99534     -0.19582     -0.03466      0.16513
RU      0.24692      0.75024      0.99316      0.17394     -0.19449      0.36703
RU      0.24416      0.50321      0.24438      0.31852     -0.21516      0.07302
RU      0.99721      0.74823      0.25971     -0.03088      0.03720     -1.09499
RU      0.00315      0.50528      0.49564     -0.38587     -0.27987      0.38702
RU      0.24648      0.74496      0.49359      0.42373      0.40878      0.55715
RU      0.25027      0.50266      0.74281     -0.22916     -0.29332      0.35721
RU      0.99784      0.74253      0.75290      0.05416      0.57784     -0.09688
RU      0.49013      0.99631      0.00590      0.68804      0.30575     -0.65173
RU      0.75148      0.24671      0.00307     -0.53113      0.23865     -0.12658
RU      0.74916      0.99709      0.25145     -0.22232      0.21450     -0.32547
RU      0.49542      0.24592      0.25149      0.12029      0.17440     -0.49187
RU      0.50136      0.00938      0.50245     -0.28374     -0.70309     -0.11182
RU      0.75378      0.24473      0.50044     -0.49986      0.35222      0.11482
RU      0.74583      0.99822      0.74962      0.11447      0.09821     -0.01402
RU      0.49306      0.25234      0.74150      0.43035     -0.31030      0.66657
RU      0.49959      0.50124      0.00330     -0.11093      0.02709     -0.28007
RU      0.74804      0.74799      0.00125     -0.01505      0.10576     -0.24579
RU      0.74474      0.49373      0.24316      0.24314      0.16884      0.36819
RU      0.50474      0.75179      0.24710     -0.36542     -0.16165      0.12886
RU      0.50081      0.49785      0.50081     -0.07201      0.02595     -0.21517
RU      0.75480      0.75586      0.50357     -0.76044     -0.61224     -0.30381
RU      0.74328      0.49993      0.74685      0.24275      0.01758      0.15177
RU      0.50192      0.74373      0.73904     -0.33910      0.36217      0.79467
