/* Converted from PWscf output file */ 
#L_UNITS ang 
#E_UNITS eV 
#S_UNITS GPA 
#F_UNITS EV/ANG 
#ALAT 	   7.61443     // a0 
#X 	   1.00000     0.00000     0.00000     // X 
#Y 	   0.00000     1.00000     0.00000     // Y 
#Z 	   0.00000     0.00000     1.00000     // Z 
#SX 	  -0.00700     0.00015    -0.00000     // SX 
#SY 	   0.00015    -0.00700     0.00000     // SY 
#SZ 	  -0.00000     0.00000    -0.00700     // SZ 
#EPA 	  -6.71138     // Energy per Atom 
#RCUT 	6.5        // Rcut 
RU      1.00000      0.00020      0.00012      0.00045     -0.01302     -0.00005
RU      0.25027      0.25011      0.00005     -0.01658     -0.00638     -0.00046
RU      0.24997      0.00006      0.24984      0.00434     -0.00799      0.01458
RU      0.00005      0.25004      0.25023     -0.00681     -0.00259     -0.01104
RU      0.99987      0.00003      0.50017      0.01052     -0.00655     -0.00588
RU      0.25011      0.24998      0.50013     -0.00816      0.00029     -0.00752
RU      0.24999      0.00002      0.75007      0.00007     -0.00573     -0.00296
RU      0.00006      0.25015      0.75008     -0.00287     -0.01375     -0.00302
RU      0.00012      0.50007      0.00007     -0.01236     -0.00417     -0.00163
RU      0.25004      0.74996      1.00000     -0.00397      0.00356      0.00363
RU      0.25000      0.49982      0.25004     -0.00136      0.01448      0.00182
RU      0.00019      0.74989      0.25002     -0.01411      0.01321      0.00454
RU      0.00003      0.50006      0.50017      0.00036      0.00424     -0.01046
RU      0.25012      0.75011      0.50005     -0.00574     -0.00349      0.00349
RU      0.24999      0.49987      0.75012      0.00265      0.01579     -0.00802
RU      0.00001      0.74987      0.75013     -0.00729      0.01058     -0.00638
RU      0.49994      0.99990      0.00013      0.00612      0.00293     -0.00582
RU      0.75007      0.24993      0.00005     -0.00092      0.00589     -0.00122
RU      0.75001      0.00009      0.25007      0.00139     -0.01246     -0.00430
RU      0.50016      0.25014      0.24996     -0.00697     -0.01125      0.00713
RU      0.50017      0.00015      0.50022     -0.01138     -0.01315     -0.01340
RU      0.75007      0.25003      0.49988      0.00262      0.00095      0.01589
RU      0.75009      0.00017      0.74987     -0.00413     -0.01594      0.01223
RU      0.49999      0.24997      0.75009      0.00474      0.00230     -0.00379
RU      0.49990      0.50000      0.99988      0.01249      0.00725      0.01484
RU      0.75007      0.75007      0.00018      0.00210     -0.00291     -0.01046
RU      0.74996      0.49986      0.25017      0.00439      0.01848     -0.01175
RU      0.49965      0.75012      0.24986      0.02866     -0.00725      0.01667
RU      0.50002      0.49976      0.49991     -0.00122      0.01874      0.01023
RU      0.74995      0.75003      0.50001      0.00496     -0.00285      0.00133
RU      0.74989      0.50002      0.74988      0.00944      0.00286      0.01418
RU      0.49995      0.74996      0.75015      0.00855      0.00791     -0.01240
