/* Converted from PWscf output file */ 
#L_UNITS ang 
#E_UNITS eV 
#S_UNITS GPA 
#F_UNITS EV/ANG 
#ALAT 	   7.61443     // a0 
#X 	   1.00000     0.00000     0.00000     // X 
#Y 	   0.00000     1.00000     0.00000     // Y 
#Z 	   0.00000     0.00000     1.00000     // Z 
#SX 	   0.82179    -0.15532    -0.31778     // SX 
#SY 	  -0.15532     0.90462     0.04886     // SY 
#SZ 	  -0.31778     0.04886     0.86729     // SZ 
#EPA 	  -6.69613     // Energy per Atom 
#RCUT 	6.5        // Rcut 
RU      0.99822      0.00410      0.99646      0.00503     -0.31292      0.24151
RU      0.24656      0.24760      0.99852      0.19253     -0.05533      0.04403
RU      0.25403      0.99372      0.24741     -0.59312      0.48031      0.18587
RU      0.00439      0.24657      0.25456     -0.28902     -0.04522     -0.59703
RU      0.00163      0.00178      0.50305     -0.01575     -0.11012     -0.10918
RU      0.25057      0.25553      0.49785     -0.14510     -0.33747      0.26615
RU      0.25145      0.99454      0.75020     -0.17896      0.48828     -0.02020
RU      0.99064      0.25181      0.74582      0.80800     -0.22567      0.45457
RU      0.00331      0.49565      0.00581     -0.16779      0.24093     -0.32023
RU      0.24499      0.75730      0.00136      0.08845     -0.57907     -0.07939
RU      0.25038      0.50343      0.24862     -0.09735     -0.37722     -0.04832
RU      0.99578      0.74592      0.25446      0.35838      0.26935     -0.62108
RU      0.99761      0.50564      0.50016      0.03724     -0.48127     -0.10292
RU      0.24589      0.74242      0.49988      0.42776      0.57389     -0.04364
RU      0.25041      0.50224      0.74731     -0.12799     -0.39455      0.26927
RU      0.00640      0.74601      0.74199     -0.38708      0.30443      0.81928
RU      0.49900      0.99518      0.00333      0.17358      0.18949     -0.12137
RU      0.74846      0.24630      0.00168     -0.03832      0.34789     -0.11724
RU      0.74260      0.00362      0.25242      0.63668     -0.24634     -0.22879
RU      0.49930      0.24409      0.25278     -0.26496      0.35670     -0.53690
RU      0.49657      0.00197      0.50215      0.08050     -0.20072     -0.23615
RU      0.74749      0.24934      0.49626      0.20407     -0.22948      0.19961
RU      0.74098      0.00123      0.75324      0.71667     -0.10319     -0.17365
RU      0.50775      0.24956      0.73865     -0.53830     -0.03172      1.02573
RU      0.49779      0.49389      0.99818      0.07413      0.36583      0.14359
RU      0.75144      0.74505      0.00274     -0.23080      0.24561     -0.20595
RU      0.74894      0.49963      0.25154      0.07367     -0.06917     -0.19303
RU      0.49601      0.74299      0.24846      0.45771      0.32281     -0.26713
RU      0.50353      0.50033      0.50552     -0.15132     -0.04028     -0.30662
RU      0.74896      0.75190      0.50107      0.05231     -0.10250     -0.07151
RU      0.75423      0.50428      0.75210     -0.25162     -0.30846     -0.03817
RU      0.50898      0.74875      0.74135     -0.90925      0.06518      0.78889
