/* Converted from PWscf output file */ 
#L_UNITS ang 
#E_UNITS eV 
#S_UNITS GPA 
#F_UNITS EV/ANG 
#ALAT 	   7.61443     // a0 
#X 	   1.00000     0.00000     0.00000     // X 
#Y 	   0.00000     1.00000     0.00000     // Y 
#Z 	   0.00000     0.00000     1.00000     // Z 
#SX 	   0.02188    -0.00190     0.00919     // SX 
#SY 	  -0.00190     0.02188    -0.00190     // SY 
#SZ 	   0.00919    -0.00190     0.02246     // SZ 
#EPA 	  -6.71085     // Energy per Atom 
#RCUT 	6.5        // Rcut 
RU      0.00018      0.00138      0.99995     -0.01859     -0.10304      0.00260
RU      0.24968      0.25177      0.99957     -0.00775     -0.13077      0.01332
RU      0.25031      0.00018      0.24909     -0.02610      0.03713      0.07451
RU      0.00011      0.25083      0.25093     -0.02694     -0.04874     -0.07816
RU      0.99951      0.99985      0.50166      0.03681      0.05443     -0.14610
RU      0.24970      0.25014      0.49934      0.01286      0.00675      0.05864
RU      0.24977      0.99998      0.74921      0.03935      0.01424      0.04394
RU      0.00103      0.24929      0.75000     -0.10797      0.07952      0.01594
RU      0.99840      0.50075      0.99941      0.10392     -0.03008      0.06482
RU      0.25151      0.75075      0.00028     -0.11518     -0.03877     -0.03567
RU      0.24990      0.49984      0.25064      0.01920      0.00455     -0.05451
RU      0.00017      0.75004      0.25060     -0.02635      0.01872     -0.05849
RU      0.99858      0.50004      0.49963      0.06806      0.01020      0.03042
RU      0.25078      0.74860      0.49998     -0.07831      0.13484     -0.00537
RU      0.25050      0.50019      0.74982     -0.05470     -0.00375     -0.00338
RU      0.99968      0.75067      0.74969     -0.01477     -0.03138      0.02370
RU      0.50035      0.00051      0.99941     -0.05546      0.00356      0.06138
RU      0.74973      0.24935      0.00116      0.03400      0.08417     -0.10623
RU      0.75066      0.99913      0.24933     -0.03707      0.09228      0.05320
RU      0.50052      0.25073      0.25034     -0.02296     -0.03029     -0.03868
RU      0.50047      0.99963      0.49933     -0.05506      0.01884      0.04399
RU      0.74903      0.24923      0.49887      0.07265      0.04596      0.08932
RU      0.75063      0.99995      0.75146     -0.04744      0.05865     -0.12790
RU      0.49934      0.25108      0.74908      0.04607     -0.07006      0.05308
RU      0.49875      0.49884      0.99932      0.06303      0.09858      0.03828
RU      0.74959      0.75009      0.00085      0.05020      0.02108     -0.09150
RU      0.75006      0.50233      0.24959     -0.00481     -0.16407      0.05404
RU      0.49959      0.75041      0.24866      0.00721      0.00358      0.07426
RU      0.49967      0.50065      0.50101     -0.00191     -0.03963     -0.10500
RU      0.75033      0.75058      0.49939     -0.00408     -0.04546      0.07839
RU      0.75006      0.50062      0.75104      0.00345     -0.05302     -0.07931
RU      0.49811      0.75035      0.74923      0.14862      0.00201      0.05646
