/* Converted from PWscf output file */ 
#L_UNITS ang 
#E_UNITS eV 
#S_UNITS GPA 
#F_UNITS EV/ANG 
#ALAT 	   7.61443     // a0 
#X 	   1.00000     0.00000     0.00000     // X 
#Y 	   0.00000     1.00000     0.00000     // Y 
#Z 	   0.00000     0.00000     1.00000     // Z 
#SX 	   1.18360    -0.12352    -0.10996     // SX 
#SY 	  -0.12352     1.40163    -0.03646     // SY 
#SZ 	  -0.10996    -0.03646     1.27592     // SZ 
#EPA 	  -6.68752     // Energy per Atom 
#RCUT 	6.5        // Rcut 
RU      0.00602      0.01909      0.00149     -0.34997     -1.38889      0.16431
RU      0.25491      0.25714      0.00077     -0.69949     -0.17003      0.04876
RU      0.25328      0.99467      0.25631     -0.47576      0.66381     -0.25149
RU      0.99684      0.24498      0.25373      0.12922      0.75297     -0.12163
RU      0.99636      0.00177      0.50197      0.05846     -0.03103     -0.12555
RU      0.24182      0.25067      0.50430      0.73415      0.20232     -0.31353
RU      0.24683      0.00729      0.74585      0.07717     -0.46143      0.36753
RU      0.99871      0.24351      0.74626     -0.13570      0.68317      0.41229
RU      0.00305      0.50135      0.00110     -0.39849      0.18160     -0.14124
RU      0.25223      0.76025      0.99802     -0.25796     -0.61905      0.14431
RU      0.24949      0.50606      0.25359     -0.13899     -0.29554     -0.33310
RU      0.99681      0.75587      0.25829      0.33424     -0.53545     -0.73667
RU      0.00354      0.49235      0.50023     -0.32051      0.95525      0.08657
RU      0.25758      0.74979      0.49751     -0.77974      0.24603      0.38523
RU      0.25262      0.50216      0.75344     -0.52276     -0.00218     -0.04170
RU      0.00051      0.76198      0.75074     -0.10385     -0.79940      0.29585
RU      0.49308      0.00592      0.00057      0.39505     -0.22516      0.04815
RU      0.74930      0.25397      0.00820      0.02088      0.09558     -0.54125
RU      0.74864      0.99849      0.24496      0.04517      0.28941      0.38619
RU      0.50252      0.24894      0.24703     -0.32371      0.15625      0.21969
RU      0.50662      0.99990      0.51533     -0.38174     -0.04345     -1.03453
RU      0.74798      0.25536      0.49689      0.22113     -0.15255      0.42096
RU      0.74077      0.99503      0.75807      0.84744      0.62901     -0.31703
RU      0.49221      0.25336      0.74996      0.66555      0.06838      0.01069
RU      0.49764      0.49971      0.00240      0.36673      0.48563      0.08603
RU      0.73850      0.75957      0.00072      0.96943     -0.62141      0.00424
RU      0.74652      0.50413      0.25321      0.41020     -0.28493     -0.04908
RU      0.49816      0.75118      0.24970      0.16234      0.00573      0.03348
RU      0.49819      0.50200      0.49493      0.08737     -0.10903      0.40812
RU      0.75823      0.75227      0.50058     -0.66844     -0.10354      0.15374
RU      0.74610      0.50267      0.75250      0.37484     -0.14923     -0.12199
RU      0.50309      0.74035      0.74477     -0.34227      0.57715      0.45264
