/* Converted from PWscf output file */ 
#L_UNITS ang 
#E_UNITS eV 
#S_UNITS GPA 
#F_UNITS EV/ANG 
#ALAT 	   7.61443     // a0 
#X 	   1.00000     0.00000     0.00000     // X 
#Y 	   0.00000     1.00000     0.00000     // Y 
#Z 	   0.00000     0.00000     1.00000     // Z 
#SX 	   0.30188     0.06811     0.01998     // SX 
#SY 	   0.06811     0.32215     0.01138     // SY 
#SZ 	   0.01998     0.01138     0.33688     // SZ 
#EPA 	  -6.70602     // Energy per Atom 
#RCUT 	6.5        // Rcut 
RU      0.99942      0.99851      0.99752      0.17737      0.14754      0.21437
RU      0.25244      0.24753      0.00329     -0.14197      0.12818     -0.32704
RU      0.25390      0.00377      0.25250     -0.30976     -0.31925     -0.27175
RU      0.99683      0.25466      0.24649      0.36877     -0.36873      0.09295
RU      0.00279      0.00162      0.50420     -0.10533     -0.14575     -0.33272
RU      0.24590      0.24400      0.50110      0.45405      0.43821     -0.10744
RU      0.25272      0.99781      0.74904     -0.11427      0.12437      0.23940
RU      0.00138      0.25076      0.74490     -0.04615     -0.04038      0.48906
RU      0.00018      0.50279      0.00041      0.17029     -0.14771     -0.01247
RU      0.25075      0.74991      0.99734      0.03813     -0.07559      0.23930
RU      0.24880      0.49793      0.25195      0.15318      0.15539     -0.21733
RU      0.00113      0.74890      0.25094     -0.00300      0.15339     -0.17425
RU      0.00316      0.50087      0.50089     -0.05120     -0.08993     -0.04701
RU      0.25030      0.74963      0.49884      0.06071      0.01795      0.10207
RU      0.25307      0.50054      0.74533     -0.25116      0.01363      0.38401
RU      0.99852      0.75160      0.74664      0.21540     -0.06270      0.28676
RU      0.50222      0.00019      0.00065     -0.09794      0.00140      0.00082
RU      0.75025      0.25222      0.99976     -0.00249     -0.23261     -0.01037
RU      0.75187      0.00305      0.25586     -0.01732     -0.32260     -0.46291
RU      0.50081      0.25116      0.25195     -0.04220     -0.12988     -0.20504
RU      0.50387      0.99894      0.50000     -0.22810      0.08428      0.01244
RU      0.75206      0.25099      0.49309     -0.06386     -0.09371      0.61955
RU      0.74727      0.00033      0.75125      0.34251     -0.02723      0.03018
RU      0.50137      0.25017      0.74979     -0.13370     -0.02241      0.04723
RU      0.50454      0.50106      0.00291     -0.36481     -0.10455     -0.21804
RU      0.74946      0.74656      0.99878      0.14599      0.31902     -0.00972
RU      0.74812      0.49762      0.25045      0.26330      0.33849     -0.10121
RU      0.49979      0.74885      0.25215     -0.00769      0.15376     -0.20563
RU      0.50389      0.49899      0.49910     -0.18742      0.12220      0.11720
RU      0.75478      0.74888      0.50128     -0.36510      0.04650     -0.18335
RU      0.74957      0.50028      0.75209      0.10218     -0.04968     -0.05210
RU      0.50038      0.75023      0.75067      0.04161     -0.01162      0.06306
