/* Converted from PWscf output file */ 
#L_UNITS ang 
#E_UNITS eV 
#S_UNITS GPA 
#F_UNITS EV/ANG 
#ALAT 	   7.61443     // a0 
#X 	   1.00000     0.00000     0.00000     // X 
#Y 	   0.00000     1.00000     0.00000     // Y 
#Z 	   0.00000     0.00000     1.00000     // Z 
#SX 	   0.00029     0.00058     0.00015     // SX 
#SY 	   0.00058     0.00058    -0.00088     // SY 
#SZ 	   0.00015    -0.00088    -0.00117     // SZ 
#EPA 	  -6.71130     // Energy per Atom 
#RCUT 	6.5        // Rcut 
RU      0.99935      0.99964      0.00037      0.04228      0.03174     -0.02027
RU      0.25019      0.25074      0.99996     -0.00179     -0.06432      0.01394
RU      0.25022      0.99962      0.25005     -0.02106      0.03556     -0.00449
RU      0.00023      0.24968      0.25018     -0.00852      0.02326     -0.02503
RU      0.00020      0.00045      0.49972     -0.01715     -0.03353      0.02447
RU      0.24980      0.24957      0.50089      0.01205      0.03009     -0.05848
RU      0.24986      0.00014      0.75002      0.00420     -0.01197      0.02232
RU      0.99931      0.24982      0.75011      0.04031      0.00666      0.00982
RU      0.99973      0.50047      0.99978      0.01054     -0.03804      0.01966
RU      0.24954      0.74979      0.00035      0.02464      0.00729     -0.01490
RU      0.24990      0.50036      0.25099     -0.00504     -0.02965     -0.06163
RU      0.99971      0.75018      0.25022      0.01162     -0.02397      0.00743
RU      0.99945      0.50007      0.50008      0.03416     -0.00945     -0.00013
RU      0.25060      0.75011      0.49966     -0.03460     -0.00277      0.03149
RU      0.25032      0.49965      0.75012     -0.03206      0.00729     -0.00301
RU      0.99970      0.74991      0.74989      0.02671     -0.00203      0.00273
RU      0.49989      0.00012      0.00028     -0.00722     -0.00940     -0.02091
RU      0.75017      0.24964      0.99996     -0.01869      0.02462      0.02080
RU      0.74976      0.00016      0.24981      0.01203     -0.00259      0.02029
RU      0.50010      0.24965      0.24979     -0.03032      0.02143      0.03436
RU      0.50001      0.99964      0.50008     -0.01578      0.02990      0.00791
RU      0.75093      0.25015      0.50029     -0.06387     -0.02232     -0.02151
RU      0.75018      0.99920      0.75019     -0.00812      0.05723     -0.01573
RU      0.50009      0.24991      0.74981     -0.01048     -0.00566      0.00845
RU      0.49932      0.49973      0.99992      0.02795      0.00797      0.01851
RU      0.75049      0.74971      0.99990     -0.03489      0.02207      0.00893
RU      0.74951      0.50044      0.25026      0.04093     -0.05275     -0.01997
RU      0.50009      0.74997      0.24977     -0.00938     -0.00894      0.00501
RU      0.50013      0.49995      0.50021     -0.02140     -0.00351     -0.01532
RU      0.74932      0.74999      0.49998      0.04332     -0.00947      0.00660
RU      0.74971      0.49996      0.74988      0.01810     -0.00073      0.03201
RU      0.49969      0.74956      0.75039     -0.00851      0.02597     -0.01332
