/* Converted from PWscf output file */ 
#L_UNITS ang 
#E_UNITS eV 
#S_UNITS GPA 
#F_UNITS EV/ANG 
#ALAT 	   7.85004     // a0 
#X 	   1.00000     0.00000     0.00000     // X 
#Y 	   0.00000     1.00000     0.00000     // Y 
#Z 	   0.00000     0.00000     1.43750     // Z 
#SX 	  -4.78853     0.00000     0.00000     // SX 
#SY 	   0.00000    -4.78853     0.00000     // SY 
#SZ 	   0.00000     0.00000    -2.06548     // SZ 
#EPA 	  -3.66629     // Energy per Atom 
#RCUT 	6.5        // Rcut 
PD      0.00000      0.00000      0.00000      0.00000      0.00000      0.08456
PD      0.25000      0.25000      0.00000      0.00006      0.00006      0.08454
PD      0.25000      0.00000      0.17391      0.00038      0.00000     -0.10327
PD      0.00000      0.25000      0.17391      0.00000      0.00038     -0.10327
PD      0.00000      0.00000      0.65217      0.00000      0.00000      0.10284
PD      0.25000      0.25000      0.65217      0.00032      0.00032      0.10338
PD      0.25000      0.00000      0.82609     -0.00003     -0.00000     -0.08393
PD      0.00000      0.25000      0.82609      0.00000     -0.00003     -0.08393
PD      0.00000      0.50000      0.00000      0.00000      0.00000      0.08425
PD      0.25000      0.75000      0.00000      0.00006     -0.00006      0.08454
PD      0.25000      0.50000      0.17391     -0.00041      0.00000     -0.10300
PD      0.00000      0.75000      0.17391      0.00000     -0.00038     -0.10327
PD      0.00000      0.50000      0.65217      0.00000      0.00000      0.10240
PD      0.25000      0.75000      0.65217      0.00032     -0.00032      0.10338
PD      0.25000      0.50000      0.82609     -0.00028      0.00000     -0.08461
PD      0.00000      0.75000      0.82609     -0.00000      0.00003     -0.08393
PD      0.50000      0.00000      0.00000      0.00000      0.00000      0.08425
PD      0.75000      0.25000      0.00000     -0.00006      0.00006      0.08454
PD      0.75000      0.00000      0.17391     -0.00038     -0.00000     -0.10327
PD      0.50000      0.25000      0.17391      0.00000     -0.00041     -0.10300
PD      0.50000      0.00000      0.65217      0.00000      0.00000      0.10240
PD      0.75000      0.25000      0.65217     -0.00032      0.00032      0.10338
PD      0.75000      0.00000      0.82609      0.00003      0.00000     -0.08393
PD      0.50000      0.25000      0.82609      0.00000     -0.00028     -0.08461
PD      0.50000      0.50000      0.00000      0.00000      0.00000      0.08447
PD      0.75000      0.75000      0.00000     -0.00006     -0.00006      0.08454
PD      0.75000      0.50000      0.17391      0.00041      0.00000     -0.10300
PD      0.50000      0.75000      0.17391      0.00000      0.00041     -0.10300
PD      0.50000      0.50000      0.65217      0.00000      0.00000      0.10242
PD      0.75000      0.75000      0.65217     -0.00032     -0.00032      0.10338
PD      0.75000      0.50000      0.82609      0.00028      0.00000     -0.08461
PD      0.50000      0.75000      0.82609      0.00000      0.00028     -0.08461
