/* Converted from PWscf output file */ 
#L_UNITS ang 
#E_UNITS eV 
#S_UNITS GPA 
#F_UNITS EV/ANG 
#ALAT 	   7.85004     // a0 
#X 	   1.00000     0.00000     0.00000     // X 
#Y 	   0.00000     1.00000     0.00000     // Y 
#Z 	   0.00000     0.00000     1.37500     // Z 
#SX 	  -4.96367     0.00000     0.00000     // SX 
#SY 	   0.00000    -4.96367     0.00000     // SY 
#SZ 	   0.00000     0.00000    -2.36211     // SZ 
#EPA 	  -3.67011     // Energy per Atom 
#RCUT 	6.5        // Rcut 
PD      0.00000      0.00000      0.00000      0.00000      0.00000      0.08722
PD      0.25000      0.25000      0.00000      0.00001      0.00001      0.08667
PD      0.25000      0.00000      0.18182      0.00010      0.00000     -0.07239
PD      0.00000      0.25000      0.18182     -0.00000      0.00010     -0.07239
PD      0.00000      0.00000      0.63636      0.00000      0.00000      0.07017
PD      0.25000      0.25000      0.63636      0.00080      0.00080      0.07059
PD      0.25000      0.00000      0.81818      0.00030      0.00000     -0.08412
PD      0.00000      0.25000      0.81818      0.00000      0.00030     -0.08412
PD      0.00000      0.50000      0.00000      0.00000      0.00000      0.08643
PD      0.25000      0.75000      0.00000      0.00001     -0.00001      0.08667
PD      0.25000      0.50000      0.18182     -0.00058      0.00000     -0.07214
PD      0.00000      0.75000      0.18182      0.00000     -0.00010     -0.07239
PD      0.00000      0.50000      0.63636      0.00000      0.00000      0.06988
PD      0.25000      0.75000      0.63636      0.00080     -0.00080      0.07059
PD      0.25000      0.50000      0.81818      0.00020      0.00000     -0.08512
PD      0.00000      0.75000      0.81818      0.00000     -0.00030     -0.08412
PD      0.50000      0.00000      0.00000      0.00000      0.00000      0.08643
PD      0.75000      0.25000      0.00000     -0.00001      0.00001      0.08667
PD      0.75000      0.00000      0.18182     -0.00010     -0.00000     -0.07239
PD      0.50000      0.25000      0.18182      0.00000     -0.00058     -0.07214
PD      0.50000      0.00000      0.63636      0.00000      0.00000      0.06988
PD      0.75000      0.25000      0.63636     -0.00080      0.00080      0.07059
PD      0.75000      0.00000      0.81818     -0.00030      0.00000     -0.08412
PD      0.50000      0.25000      0.81818      0.00000      0.00020     -0.08512
PD      0.50000      0.50000      0.00000      0.00000      0.00000      0.08623
PD      0.75000      0.75000      0.00000     -0.00001     -0.00001      0.08667
PD      0.75000      0.50000      0.18182      0.00058      0.00000     -0.07214
PD      0.50000      0.75000      0.18182      0.00000      0.00058     -0.07214
PD      0.50000      0.50000      0.63636      0.00000      0.00000      0.06980
PD      0.75000      0.75000      0.63636     -0.00080     -0.00080      0.07059
PD      0.75000      0.50000      0.81818     -0.00020      0.00000     -0.08512
PD      0.50000      0.75000      0.81818      0.00000     -0.00020     -0.08512
