/* Converted from PWscf output file */ 
#L_UNITS ang 
#E_UNITS eV 
#S_UNITS GPA 
#F_UNITS EV/ANG 
#ALAT 	   7.85004     // a0 
#X 	   1.00000     0.00000     0.00000     // X 
#Y 	   0.00000     1.00000     0.00000     // Y 
#Z 	   0.00000     0.00000     1.65625     // Z 
#SX 	  -4.15472     0.00000     0.00000     // SX 
#SY 	   0.00000    -4.15472     0.00000     // SY 
#SZ 	   0.00000     0.00000    -1.64182     // SZ 
#EPA 	  -3.66392     // Energy per Atom 
#RCUT 	6.5        // Rcut 
PD      0.00000      0.00000      0.00000      0.00000      0.00000      0.08080
PD      0.25000      0.25000      0.00000      0.00000      0.00000      0.08037
PD      0.25000      0.00000      0.15094     -0.00041      0.00000     -0.09929
PD      0.00000      0.25000      0.15094      0.00000     -0.00041     -0.09929
PD      0.00000      0.00000      0.69811      0.00000      0.00000      0.09837
PD      0.25000      0.25000      0.69811      0.00024      0.00024      0.09868
PD      0.25000      0.00000      0.84906      0.00029      0.00000     -0.07997
PD      0.00000      0.25000      0.84906      0.00000      0.00029     -0.07997
PD      0.00000      0.50000      0.00000      0.00000      0.00000      0.08057
PD      0.25000      0.75000      0.00000      0.00000     -0.00000      0.08037
PD      0.25000      0.50000      0.15094      0.00009      0.00000     -0.09933
PD      0.00000      0.75000      0.15094      0.00000      0.00041     -0.09929
PD      0.00000      0.50000      0.69811      0.00000      0.00000      0.09897
PD      0.25000      0.75000      0.69811      0.00024     -0.00024      0.09868
PD      0.25000      0.50000      0.84906      0.00053      0.00000     -0.07991
PD      0.00000      0.75000      0.84906      0.00000     -0.00029     -0.07997
PD      0.50000      0.00000      0.00000      0.00000      0.00000      0.08057
PD      0.75000      0.25000      0.00000     -0.00000      0.00000      0.08037
PD      0.75000      0.00000      0.15094      0.00041      0.00000     -0.09929
PD      0.50000      0.25000      0.15094      0.00000      0.00009     -0.09933
PD      0.50000      0.00000      0.69811      0.00000      0.00000      0.09897
PD      0.75000      0.25000      0.69811     -0.00024      0.00024      0.09868
PD      0.75000      0.00000      0.84906     -0.00029      0.00000     -0.07997
PD      0.50000      0.25000      0.84906      0.00000      0.00053     -0.07991
PD      0.50000      0.50000      0.00000      0.00000      0.00000      0.08008
PD      0.75000      0.75000      0.00000     -0.00000     -0.00000      0.08037
PD      0.75000      0.50000      0.15094     -0.00009      0.00000     -0.09933
PD      0.50000      0.75000      0.15094      0.00000     -0.00009     -0.09933
PD      0.50000      0.50000      0.69811      0.00000      0.00000      0.09950
PD      0.75000      0.75000      0.69811     -0.00024     -0.00024      0.09868
PD      0.75000      0.50000      0.84906     -0.00053      0.00000     -0.07991
PD      0.50000      0.75000      0.84906      0.00000     -0.00053     -0.07991
