/* Converted from PWscf output file */ 
#L_UNITS ang 
#E_UNITS eV 
#S_UNITS GPA 
#F_UNITS EV/ANG 
#ALAT 	   7.85004     // a0 
#X 	   1.00000     0.00000     0.00000     // X 
#Y 	   0.00000     1.00000     0.00000     // Y 
#Z 	   0.00000     0.00000     1.34375     // Z 
#SX 	  -5.12526     0.00000     0.00000     // SX 
#SY 	   0.00000    -5.12526     0.00000     // SY 
#SZ 	   0.00000     0.00000    -2.73720     // SZ 
#EPA 	  -3.67388     // Energy per Atom 
#RCUT 	6.5        // Rcut 
PD      0.00000      0.00000      0.00000      0.00000      0.00000      0.08981
PD      0.25000      0.25000      0.00000     -0.00000     -0.00000      0.08956
PD      0.25000      0.00000      0.18605      0.00015     -0.00000     -0.03484
PD      0.00000      0.25000      0.18605      0.00000      0.00015     -0.03484
PD      0.00000      0.00000      0.62791      0.00000      0.00000      0.03494
PD      0.25000      0.25000      0.62791      0.00032      0.00032      0.03513
PD      0.25000      0.00000      0.81395      0.00014      0.00000     -0.08951
PD      0.00000      0.25000      0.81395      0.00000      0.00014     -0.08951
PD      0.00000      0.50000      0.00000      0.00000      0.00000      0.08947
PD      0.25000      0.75000      0.00000     -0.00000      0.00000      0.08956
PD      0.25000      0.50000      0.18605     -0.00036      0.00000     -0.03475
PD      0.00000      0.75000      0.18605      0.00000     -0.00015     -0.03484
PD      0.00000      0.50000      0.62791      0.00000      0.00000      0.03474
PD      0.25000      0.75000      0.62791      0.00032     -0.00032      0.03513
PD      0.25000      0.50000      0.81395     -0.00003      0.00000     -0.08990
PD      0.00000      0.75000      0.81395      0.00000     -0.00014     -0.08951
PD      0.50000      0.00000      0.00000      0.00000      0.00000      0.08947
PD      0.75000      0.25000      0.00000      0.00000     -0.00000      0.08956
PD      0.75000      0.00000      0.18605     -0.00015      0.00000     -0.03484
PD      0.50000      0.25000      0.18605      0.00000     -0.00036     -0.03475
PD      0.50000      0.00000      0.62791      0.00000      0.00000      0.03474
PD      0.75000      0.25000      0.62791     -0.00032      0.00032      0.03513
PD      0.75000      0.00000      0.81395     -0.00014      0.00000     -0.08951
PD      0.50000      0.25000      0.81395      0.00000     -0.00003     -0.08990
PD      0.50000      0.50000      0.00000      0.00000      0.00000      0.08949
PD      0.75000      0.75000      0.00000      0.00000      0.00000      0.08956
PD      0.75000      0.50000      0.18605      0.00036      0.00000     -0.03475
PD      0.50000      0.75000      0.18605      0.00000      0.00036     -0.03475
PD      0.50000      0.50000      0.62791      0.00000      0.00000      0.03460
PD      0.75000      0.75000      0.62791     -0.00032     -0.00032      0.03513
PD      0.75000      0.50000      0.81395      0.00003      0.00000     -0.08990
PD      0.50000      0.75000      0.81395      0.00000      0.00003     -0.08990
