/* Converted from PWscf output file */ 
#L_UNITS ang 
#E_UNITS eV 
#S_UNITS GPA 
#F_UNITS EV/ANG 
#ALAT 	   7.65837     // a0 
#X 	   1.00000     0.00000     0.00000     // X 
#Y 	   0.00000     1.00000     0.00000     // Y 
#Z 	   0.00000     0.00000     1.00000     // Z 
#SX 	 -31.40710     0.00000     0.00000     // SX 
#SY 	   0.00000   -31.40710     0.00000     // SY 
#SZ 	   0.00000     0.00000   -31.40710     // SZ 
#EPA 	  -6.46853     // Energy per Atom 
#RCUT 	6.5        // Rcut 
RU      0.00000      0.00000      0.00000      0.00000      0.00000      0.00000
RU      0.25000      0.25000      0.00000     -0.00002     -0.00002     -0.00000
RU      0.25000      0.00000      0.25000     -0.00002     -0.00000     -0.00002
RU      0.00000      0.25000      0.25000      0.00000     -0.00002     -0.00002
RU      0.00000      0.00000      0.50000      0.00000      0.00000      0.00000
RU      0.25000      0.25000      0.50000     -0.00077     -0.00077      0.00000
RU      0.25000      0.00000      0.75000     -0.00002      0.00000      0.00002
RU      0.00000      0.25000      0.75000     -0.00000     -0.00002      0.00002
RU      0.00000      0.50000      0.00000      0.00000      0.00000      0.00000
RU      0.25000      0.75000      0.00000     -0.00002      0.00002     -0.00000
RU      0.25000      0.50000      0.25000     -0.00077     -0.00000     -0.00077
RU      0.00000      0.75000      0.25000      0.00000      0.00002     -0.00002
RU      0.00000      0.50000      0.50000      0.00000      0.00000      0.00000
RU      0.25000      0.75000      0.50000     -0.00077      0.00077      0.00000
RU      0.25000      0.50000      0.75000     -0.00077      0.00000      0.00077
RU      0.00000      0.75000      0.75000      0.00000      0.00002      0.00002
RU      0.50000      0.00000      0.00000      0.00000      0.00000      0.00000
RU      0.75000      0.25000      0.00000      0.00002     -0.00002     -0.00000
RU      0.75000      0.00000      0.25000      0.00002      0.00000     -0.00002
RU      0.50000      0.25000      0.25000      0.00000     -0.00077     -0.00077
RU      0.50000      0.00000      0.50000      0.00000      0.00000      0.00000
RU      0.75000      0.25000      0.50000      0.00077     -0.00077     -0.00000
RU      0.75000      0.00000      0.75000      0.00002     -0.00000      0.00002
RU      0.50000      0.25000      0.75000     -0.00000     -0.00077      0.00077
RU      0.50000      0.50000      0.00000      0.00000      0.00000      0.00000
RU      0.75000      0.75000      0.00000      0.00002      0.00002     -0.00000
RU      0.75000      0.50000      0.25000      0.00077      0.00000     -0.00077
RU      0.50000      0.75000      0.25000      0.00000      0.00077     -0.00077
RU      0.50000      0.50000      0.50000      0.00000      0.00000      0.00000
RU      0.75000      0.75000      0.50000      0.00077      0.00077      0.00000
RU      0.75000      0.50000      0.75000      0.00077     -0.00000      0.00077
RU      0.50000      0.75000      0.75000      0.00000      0.00077      0.00077
