/* Converted from PWscf output file */ 
#L_UNITS ang 
#E_UNITS eV 
#S_UNITS GPA 
#F_UNITS EV/ANG 
#ALAT 	   7.60501     // a0 
#X 	   1.00000     0.00000     0.00000     // X 
#Y 	   0.00000     1.00000     0.00000     // Y 
#Z 	   0.00000     0.00000     1.00000     // Z 
#SX 	   1.48884     0.00000     0.00000     // SX 
#SY 	   0.00000     1.48884     0.00000     // SY 
#SZ 	   0.00000     0.00000     1.48884     // SZ 
#EPA 	  -6.71768     // Energy per Atom 
#RCUT 	6.5        // Rcut 
RU      0.00000      0.00000      0.00000      0.00000      0.00000      0.00000
RU      0.25000      0.25000      0.00000      0.00015      0.00015     -0.00000
RU      0.25000      0.00000      0.25000      0.00015      0.00000      0.00015
RU      0.00000      0.25000      0.25000     -0.00000      0.00015      0.00015
RU      0.00000      0.00000      0.50000      0.00000      0.00000      0.00000
RU      0.25000      0.25000      0.50000      0.00032      0.00032      0.00000
RU      0.25000      0.00000      0.75000      0.00015      0.00000     -0.00015
RU      0.00000      0.25000      0.75000      0.00000      0.00015     -0.00015
RU      0.00000      0.50000      0.00000      0.00000      0.00000      0.00000
RU      0.25000      0.75000      0.00000      0.00015     -0.00015      0.00000
RU      0.25000      0.50000      0.25000      0.00032     -0.00000      0.00032
RU      0.00000      0.75000      0.25000     -0.00000     -0.00015      0.00015
RU      0.00000      0.50000      0.50000      0.00000      0.00000      0.00000
RU      0.25000      0.75000      0.50000      0.00032     -0.00032      0.00000
RU      0.25000      0.50000      0.75000      0.00032      0.00000     -0.00032
RU      0.00000      0.75000      0.75000      0.00000     -0.00015     -0.00015
RU      0.50000      0.00000      0.00000      0.00000      0.00000      0.00000
RU      0.75000      0.25000      0.00000     -0.00015      0.00015     -0.00000
RU      0.75000      0.00000      0.25000     -0.00015      0.00000      0.00015
RU      0.50000      0.25000      0.25000      0.00000      0.00032      0.00032
RU      0.50000      0.00000      0.50000      0.00000      0.00000      0.00000
RU      0.75000      0.25000      0.50000     -0.00032      0.00032      0.00000
RU      0.75000      0.00000      0.75000     -0.00015      0.00000     -0.00015
RU      0.50000      0.25000      0.75000      0.00000      0.00032     -0.00032
RU      0.50000      0.50000      0.00000      0.00000      0.00000      0.00000
RU      0.75000      0.75000      0.00000     -0.00015     -0.00015      0.00000
RU      0.75000      0.50000      0.25000     -0.00032      0.00000      0.00032
RU      0.50000      0.75000      0.25000     -0.00000     -0.00032      0.00032
RU      0.50000      0.50000      0.50000      0.00000      0.00000      0.00000
RU      0.75000      0.75000      0.50000     -0.00032     -0.00032      0.00000
RU      0.75000      0.50000      0.75000     -0.00032     -0.00000     -0.00032
RU      0.50000      0.75000      0.75000     -0.00000     -0.00032     -0.00032
