/* Converted from PWscf output file */ 
#L_UNITS ang 
#E_UNITS eV 
#S_UNITS GPA 
#F_UNITS EV/ANG 
#ALAT 	   9.72246     // a0 
#X 	   1.00000     0.00000     0.00000     // X 
#Y 	   0.00000     1.00000     0.00000     // Y 
#Z 	   0.00000     0.00000     1.00000     // Z 
#SX 	 -19.31160     0.00000     0.00000     // SX 
#SY 	   0.00000   -19.31160     0.00000     // SY 
#SZ 	   0.00000     0.00000   -19.31160     // SZ 
#EPA 	  -2.42999     // Energy per Atom 
#RCUT 	6.5        // Rcut 
PD      0.00000      0.00000      0.00000      0.00000      0.00000      0.00000
PD      0.25000      0.25000      0.00000      0.00211      0.00211     -0.00000
PD      0.25000      0.00000      0.25000      0.00211      0.00000      0.00211
PD      0.00000      0.25000      0.25000      0.00000      0.00211      0.00211
PD      0.00000      0.00000      0.50000      0.00000      0.00000      0.00000
PD      0.25000      0.25000      0.50000      0.00208      0.00208      0.00000
PD      0.25000      0.00000      0.75000      0.00211      0.00000     -0.00211
PD      0.00000      0.25000      0.75000     -0.00000      0.00211     -0.00211
PD      0.00000      0.50000      0.00000      0.00000      0.00000      0.00000
PD      0.25000      0.75000      0.00000      0.00211     -0.00211     -0.00000
PD      0.25000      0.50000      0.25000      0.00208      0.00000      0.00208
PD      0.00000      0.75000      0.25000     -0.00000     -0.00211      0.00211
PD      0.00000      0.50000      0.50000      0.00000      0.00000      0.00000
PD      0.25000      0.75000      0.50000      0.00208     -0.00208     -0.00000
PD      0.25000      0.50000      0.75000      0.00208      0.00000     -0.00208
PD      0.00000      0.75000      0.75000     -0.00000     -0.00211     -0.00211
PD      0.50000      0.00000      0.00000      0.00000      0.00000      0.00000
PD      0.75000      0.25000      0.00000     -0.00211      0.00211     -0.00000
PD      0.75000      0.00000      0.25000     -0.00211     -0.00000      0.00211
PD      0.50000      0.25000      0.25000     -0.00000      0.00208      0.00208
PD      0.50000      0.00000      0.50000      0.00000      0.00000      0.00000
PD      0.75000      0.25000      0.50000     -0.00208      0.00208      0.00000
PD      0.75000      0.00000      0.75000     -0.00211      0.00000     -0.00211
PD      0.50000      0.25000      0.75000     -0.00000      0.00208     -0.00208
PD      0.50000      0.50000      0.00000      0.00000      0.00000      0.00000
PD      0.75000      0.75000      0.00000     -0.00211     -0.00211     -0.00000
PD      0.75000      0.50000      0.25000     -0.00208     -0.00000      0.00208
PD      0.50000      0.75000      0.25000      0.00000     -0.00208      0.00208
PD      0.50000      0.50000      0.50000      0.00000      0.00000      0.00000
PD      0.75000      0.75000      0.50000     -0.00208     -0.00208     -0.00000
PD      0.75000      0.50000      0.75000     -0.00208      0.00000     -0.00208
PD      0.50000      0.75000      0.75000      0.00000     -0.00208     -0.00208
