/* Converted from PWscf output file */ 
#L_UNITS ang 
#E_UNITS eV 
#S_UNITS GPA 
#F_UNITS EV/ANG 
#ALAT 	  15.23520     // a0 
#X 	   1.00000     0.00000     0.00000     // X 
#Y 	   0.00000     1.00000     0.00000     // Y 
#Z 	   0.00000     0.00000     1.00000     // Z 
#SX 	  -0.76797     0.00000     0.00000     // SX 
#SY 	   0.00000    -0.76797     0.00000     // SY 
#SZ 	   0.00000     0.00000    -0.76797     // SZ 
#EPA 	  -0.05902     // Energy per Atom 
#RCUT 	6.5        // Rcut 
PD      0.00000      0.00000      0.00000      0.00000      0.00000      0.00000
PD      0.25000      0.25000      0.00000      0.00099      0.00099      0.00000
PD      0.25000      0.00000      0.25000      0.00099      0.00000      0.00099
PD      0.00000      0.25000      0.25000     -0.00000      0.00099      0.00099
PD      0.00000      0.00000      0.50000      0.00000      0.00000      0.00000
PD      0.25000      0.25000      0.50000      0.00132      0.00132      0.00000
PD      0.25000      0.00000      0.75000      0.00099     -0.00000     -0.00099
PD      0.00000      0.25000      0.75000      0.00000      0.00099     -0.00099
PD      0.00000      0.50000      0.00000      0.00000      0.00000      0.00000
PD      0.25000      0.75000      0.00000      0.00099     -0.00099     -0.00000
PD      0.25000      0.50000      0.25000      0.00132      0.00000      0.00132
PD      0.00000      0.75000      0.25000     -0.00000     -0.00099      0.00099
PD      0.00000      0.50000      0.50000      0.00000      0.00000      0.00000
PD      0.25000      0.75000      0.50000      0.00132     -0.00132      0.00000
PD      0.25000      0.50000      0.75000      0.00132      0.00000     -0.00132
PD      0.00000      0.75000      0.75000     -0.00000     -0.00099     -0.00099
PD      0.50000      0.00000      0.00000      0.00000      0.00000      0.00000
PD      0.75000      0.25000      0.00000     -0.00099      0.00099      0.00000
PD      0.75000      0.00000      0.25000     -0.00099      0.00000      0.00099
PD      0.50000      0.25000      0.25000      0.00000      0.00132      0.00132
PD      0.50000      0.00000      0.50000      0.00000      0.00000      0.00000
PD      0.75000      0.25000      0.50000     -0.00132      0.00132      0.00000
PD      0.75000      0.00000      0.75000     -0.00099      0.00000     -0.00099
PD      0.50000      0.25000      0.75000      0.00000      0.00132     -0.00132
PD      0.50000      0.50000      0.00000      0.00000      0.00000      0.00000
PD      0.75000      0.75000      0.00000     -0.00099     -0.00099      0.00000
PD      0.75000      0.50000      0.25000     -0.00132      0.00000      0.00132
PD      0.50000      0.75000      0.25000      0.00000     -0.00132      0.00132
PD      0.50000      0.50000      0.50000      0.00000      0.00000      0.00000
PD      0.75000      0.75000      0.50000     -0.00132     -0.00132      0.00000
PD      0.75000      0.50000      0.75000     -0.00132      0.00000     -0.00132
PD      0.50000      0.75000      0.75000      0.00000     -0.00132     -0.00132
