/* Converted from PWscf output file */ 
#L_UNITS ang 
#E_UNITS eV 
#S_UNITS GPA 
#F_UNITS EV/ANG 
#ALAT 	   6.21435     // a0 
#X 	   1.00000     0.00000     0.00000     // X 
#Y 	   0.00000     1.00000     0.00000     // Y 
#Z 	   0.00000     0.00000     1.00000     // Z 
#SX 	 762.05654     0.00000     0.00000     // SX 
#SY 	   0.00000   762.05654     0.00000     // SY 
#SZ 	   0.00000     0.00000   762.05654     // SZ 
#EPA 	   5.23643     // Energy per Atom 
#RCUT 	6.5        // Rcut 
PD      0.00000      0.00000      0.00000      0.00000      0.00000      0.00000
PD      0.25000      0.25000      0.00000      0.00001      0.00001      0.00000
PD      0.25000      0.00000      0.25000      0.00001     -0.00000      0.00001
PD      0.00000      0.25000      0.25000     -0.00000      0.00001      0.00001
PD      0.00000      0.00000      0.50000      0.00000      0.00000      0.00000
PD      0.25000      0.25000      0.50000     -0.00020     -0.00020     -0.00000
PD      0.25000      0.00000      0.75000      0.00001      0.00000     -0.00001
PD      0.00000      0.25000      0.75000      0.00000      0.00001     -0.00001
PD      0.00000      0.50000      0.00000      0.00000      0.00000      0.00000
PD      0.25000      0.75000      0.00000      0.00001     -0.00001      0.00000
PD      0.25000      0.50000      0.25000     -0.00020      0.00000     -0.00020
PD      0.00000      0.75000      0.25000      0.00000     -0.00001      0.00001
PD      0.00000      0.50000      0.50000      0.00000      0.00000      0.00000
PD      0.25000      0.75000      0.50000     -0.00020      0.00020      0.00000
PD      0.25000      0.50000      0.75000     -0.00020     -0.00000      0.00020
PD      0.00000      0.75000      0.75000     -0.00000     -0.00001     -0.00001
PD      0.50000      0.00000      0.00000      0.00000      0.00000      0.00000
PD      0.75000      0.25000      0.00000     -0.00001      0.00001      0.00000
PD      0.75000      0.00000      0.25000     -0.00001      0.00000      0.00001
PD      0.50000      0.25000      0.25000     -0.00000     -0.00020     -0.00020
PD      0.50000      0.00000      0.50000      0.00000      0.00000      0.00000
PD      0.75000      0.25000      0.50000      0.00020     -0.00020     -0.00000
PD      0.75000      0.00000      0.75000     -0.00001     -0.00000     -0.00001
PD      0.50000      0.25000      0.75000     -0.00000     -0.00020      0.00020
PD      0.50000      0.50000      0.00000      0.00000      0.00000      0.00000
PD      0.75000      0.75000      0.00000     -0.00001     -0.00001      0.00000
PD      0.75000      0.50000      0.25000      0.00020      0.00000     -0.00020
PD      0.50000      0.75000      0.25000      0.00000      0.00020     -0.00020
PD      0.50000      0.50000      0.50000      0.00000      0.00000      0.00000
PD      0.75000      0.75000      0.50000      0.00020      0.00020      0.00000
PD      0.75000      0.50000      0.75000      0.00020     -0.00000      0.00020
PD      0.50000      0.75000      0.75000      0.00000      0.00020      0.00020
