/* Converted from PWscf output file */ 
#L_UNITS ang 
#E_UNITS eV 
#S_UNITS GPA 
#F_UNITS EV/ANG 
#ALAT 	   8.21899     // a0 
#X 	   1.00000     0.00000     0.00000     // X 
#Y 	   0.00000     1.00000     0.00000     // Y 
#Z 	   0.00000     0.00000     1.00000     // Z 
#SX 	 -16.79666     0.00000     0.00000     // SX 
#SY 	   0.00000   -16.79666     0.00000     // SY 
#SZ 	   0.00000     0.00000   -16.79666     // SZ 
#EPA 	  -3.93244     // Energy per Atom 
#RCUT 	6.5        // Rcut 
PD      0.00000      0.00000      0.00000      0.00000      0.00000      0.00000
PD      0.25000      0.25000      0.00000      0.00003      0.00003      0.00000
PD      0.25000      0.00000      0.25000      0.00003     -0.00000      0.00003
PD      0.00000      0.25000      0.25000      0.00000      0.00003      0.00003
PD      0.00000      0.00000      0.50000      0.00000      0.00000      0.00000
PD      0.25000      0.25000      0.50000      0.00060      0.00060      0.00000
PD      0.25000      0.00000      0.75000      0.00003      0.00000     -0.00003
PD      0.00000      0.25000      0.75000      0.00000      0.00003     -0.00003
PD      0.00000      0.50000      0.00000      0.00000      0.00000      0.00000
PD      0.25000      0.75000      0.00000      0.00003     -0.00003     -0.00000
PD      0.25000      0.50000      0.25000      0.00060      0.00000      0.00060
PD      0.00000      0.75000      0.25000      0.00000     -0.00003      0.00003
PD      0.00000      0.50000      0.50000      0.00000      0.00000      0.00000
PD      0.25000      0.75000      0.50000      0.00060     -0.00060     -0.00000
PD      0.25000      0.50000      0.75000      0.00060      0.00000     -0.00060
PD      0.00000      0.75000      0.75000      0.00000     -0.00003     -0.00003
PD      0.50000      0.00000      0.00000      0.00000      0.00000      0.00000
PD      0.75000      0.25000      0.00000     -0.00003      0.00003      0.00000
PD      0.75000      0.00000      0.25000     -0.00003     -0.00000      0.00003
PD      0.50000      0.25000      0.25000      0.00000      0.00060      0.00060
PD      0.50000      0.00000      0.50000      0.00000      0.00000      0.00000
PD      0.75000      0.25000      0.50000     -0.00060      0.00060     -0.00000
PD      0.75000      0.00000      0.75000     -0.00003     -0.00000     -0.00003
PD      0.50000      0.25000      0.75000      0.00000      0.00060     -0.00060
PD      0.50000      0.50000      0.00000      0.00000      0.00000      0.00000
PD      0.75000      0.75000      0.00000     -0.00003     -0.00003      0.00000
PD      0.75000      0.50000      0.25000     -0.00060      0.00000      0.00060
PD      0.50000      0.75000      0.25000     -0.00000     -0.00060      0.00060
PD      0.50000      0.50000      0.50000      0.00000      0.00000      0.00000
PD      0.75000      0.75000      0.50000     -0.00060     -0.00060      0.00000
PD      0.75000      0.50000      0.75000     -0.00060     -0.00000     -0.00060
PD      0.50000      0.75000      0.75000     -0.00000     -0.00060     -0.00060
