/* Converted from PWscf output file */ 
#L_UNITS ang 
#E_UNITS eV 
#S_UNITS GPA 
#F_UNITS EV/ANG 
#ALAT 	  10.72478     // a0 
#X 	   1.00000     0.00000     0.00000     // X 
#Y 	   0.00000     1.00000     0.00000     // Y 
#Z 	   0.00000     0.00000     1.00000     // Z 
#SX 	 -12.08033     0.00000     0.00000     // SX 
#SY 	   0.00000   -12.08033     0.00000     // SY 
#SZ 	   0.00000     0.00000   -12.08033     // SZ 
#EPA 	  -1.51170     // Energy per Atom 
#RCUT 	6.5        // Rcut 
PD      0.00000      0.00000      0.00000      0.00000      0.00000      0.00000
PD      0.25000      0.25000      0.00000     -0.00276     -0.00276      0.00000
PD      0.25000      0.00000      0.25000     -0.00276      0.00000     -0.00276
PD      0.00000      0.25000      0.25000     -0.00000     -0.00276     -0.00276
PD      0.00000      0.00000      0.50000      0.00000      0.00000      0.00000
PD      0.25000      0.25000      0.50000     -0.00329     -0.00329     -0.00000
PD      0.25000      0.00000      0.75000     -0.00276      0.00000      0.00276
PD      0.00000      0.25000      0.75000      0.00000     -0.00276      0.00276
PD      0.00000      0.50000      0.00000      0.00000      0.00000      0.00000
PD      0.25000      0.75000      0.00000     -0.00276      0.00276     -0.00000
PD      0.25000      0.50000      0.25000     -0.00329      0.00000     -0.00329
PD      0.00000      0.75000      0.25000      0.00000      0.00276     -0.00276
PD      0.00000      0.50000      0.50000      0.00000      0.00000      0.00000
PD      0.25000      0.75000      0.50000     -0.00329      0.00329      0.00000
PD      0.25000      0.50000      0.75000     -0.00329     -0.00000      0.00329
PD      0.00000      0.75000      0.75000     -0.00000      0.00276      0.00276
PD      0.50000      0.00000      0.00000      0.00000      0.00000      0.00000
PD      0.75000      0.25000      0.00000      0.00276     -0.00276     -0.00000
PD      0.75000      0.00000      0.25000      0.00276      0.00000     -0.00276
PD      0.50000      0.25000      0.25000     -0.00000     -0.00329     -0.00329
PD      0.50000      0.00000      0.50000      0.00000      0.00000      0.00000
PD      0.75000      0.25000      0.50000      0.00329     -0.00329      0.00000
PD      0.75000      0.00000      0.75000      0.00276      0.00000      0.00276
PD      0.50000      0.25000      0.75000      0.00000     -0.00329      0.00329
PD      0.50000      0.50000      0.00000      0.00000      0.00000      0.00000
PD      0.75000      0.75000      0.00000      0.00276      0.00276      0.00000
PD      0.75000      0.50000      0.25000      0.00329      0.00000     -0.00329
PD      0.50000      0.75000      0.25000     -0.00000      0.00329     -0.00329
PD      0.50000      0.50000      0.50000      0.00000      0.00000      0.00000
PD      0.75000      0.75000      0.50000      0.00329      0.00329     -0.00000
PD      0.75000      0.50000      0.75000      0.00329      0.00000      0.00329
PD      0.50000      0.75000      0.75000      0.00000      0.00329      0.00329
