/* Converted from PWscf output file */ 
#L_UNITS ang 
#E_UNITS eV 
#S_UNITS GPA 
#F_UNITS EV/ANG 
#ALAT 	   6.84431     // a0 
#X 	   1.00000     0.00000     0.00000     // X 
#Y 	   0.00000     1.05447     0.00000     // Y 
#Z 	   0.00000     0.00000     1.00000     // Z 
#SX 	   0.09348     0.00350     0.02596     // SX 
#SY 	   0.00350     0.06096    -0.00467     // SY 
#SZ 	   0.02596    -0.00467     0.12017     // SZ 
#EPA 	  -4.78732     // Energy per Atom 
#RCUT 	6.5        // Rcut 
FE      0.99742      0.00028      0.00136      0.13339      0.03547     -0.18278
FE      0.24785      0.24805      0.99915      0.10561      0.17255      0.13897
FE      0.24881      0.00113      0.24932      0.10628      0.01445      0.06413
FE      0.99860      0.24866      0.24993      0.07947      0.15924      0.06153
FE      0.00169      0.00046      0.49907     -0.05689     -0.04713      0.19117
FE      0.25179      0.24942      0.50212     -0.11933      0.12255     -0.17514
FE      0.25276      0.00129      0.75269     -0.20983     -0.14233     -0.16126
FE      0.99843      0.25061      0.74962      0.14301     -0.05911      0.03438
FE      0.00119      0.50131      0.99864     -0.02171     -0.09928      0.24260
FE      0.24745      0.75168      0.99981      0.22935     -0.06301     -0.00519
FE      0.25003      0.50056      0.25006      0.06803     -0.06849      0.04037
FE      0.99996      0.75355      0.24594     -0.04615     -0.25887      0.27258
FE      0.00066      0.50090      0.49861     -0.09593     -0.06600      0.05452
FE      0.25037      0.74867      0.49934     -0.14493      0.11806      0.00567
FE      0.24914      0.50019      0.75126      0.05520     -0.02069     -0.11623
FE      0.99835      0.74746      0.75250      0.09846      0.25650     -0.21860
FE      0.49916      0.00193      0.00215      0.16194     -0.06170     -0.11210
FE      0.75024      0.25233      0.00050      0.00707     -0.16299      0.00158
FE      0.75344      0.99857      0.25051     -0.29307      0.10394      0.04802
FE      0.50422      0.25162      0.25314     -0.33843     -0.05053     -0.20182
FE      0.49767      0.00044      0.50021      0.14216     -0.06196      0.00307
FE      0.74820      0.24748      0.50078      0.13650      0.19752     -0.01259
FE      0.75239      0.99994      0.75075     -0.24131      0.00911     -0.07773
FE      0.49800      0.25012      0.74952      0.15417      0.00459      0.08969
FE      0.49870      0.49853      0.99939      0.05447      0.14619      0.05188
FE      0.74865      0.75090      0.99851     -0.03764     -0.08354      0.07635
FE      0.75220      0.50105      0.24853     -0.18100      0.03198      0.12715
FE      0.49805      0.75306      0.24907      0.11382     -0.21921      0.07006
FE      0.50138      0.50294      0.50429     -0.01699     -0.20284     -0.30741
FE      0.74967      0.75024      0.50077      0.04596      0.02728     -0.06534
FE      0.75342      0.49856      0.75273     -0.26195      0.09961     -0.20349
FE      0.49647      0.74878      0.74681      0.23025      0.16865      0.26601
