/* Converted from PWscf output file */ 
#L_UNITS ang 
#E_UNITS eV 
#S_UNITS GPA 
#F_UNITS EV/ANG 
#ALAT 	   6.84431     // a0 
#X 	   1.00000     0.00000     0.00000     // X 
#Y 	   0.00000     1.05447     0.00000     // Y 
#Z 	   0.00000     0.00000     1.00000     // Z 
#SX 	   0.27432     0.02523    -0.00715     // SX 
#SY 	   0.02523     0.18667     0.04638     // SY 
#SZ 	  -0.00715     0.04638     0.25580     // SZ 
#EPA 	  -4.78326     // Energy per Atom 
#RCUT 	6.5        // Rcut 
FE      0.99861      0.00179      0.00055      0.04010     -0.11054     -0.01123
FE      0.25165      0.25209      0.99307     -0.15110     -0.17388      0.43097
FE      0.24908      0.00344      0.24934      0.05975     -0.21944     -0.02649
FE      1.00000      0.25704      0.24769      0.00779     -0.48537      0.08187
FE      0.99801      0.99525      0.49774      0.19094      0.38620      0.21311
FE      0.24725      0.24988      0.49892      0.04879      0.04171      0.05623
FE      0.24935      0.00432      0.75398     -0.05394     -0.28624     -0.27781
FE      0.99906      0.25472      0.75115     -0.09121     -0.38315     -0.20996
FE      0.00429      0.49824      0.99606     -0.27373      0.27102      0.37030
FE      0.25068      0.75109      0.99396     -0.13250     -0.06292      0.47166
FE      0.25455      0.49714      0.25295     -0.34371      0.30840     -0.18806
FE      0.00078      0.75185      0.25217     -0.06800     -0.16957     -0.21389
FE      0.99619      0.50064      0.49585      0.13702      0.03958      0.15994
FE      0.25209      0.75136      0.49942     -0.07052     -0.09484     -0.02852
FE      0.24676      0.49961      0.74887      0.19122      0.08231     -0.18833
FE      0.99685      0.74662      0.75057      0.31485      0.36146     -0.13166
FE      0.50054      0.00148      0.99894     -0.01296     -0.04363      0.09512
FE      0.75258      0.25232      0.99917     -0.27812     -0.03916      0.03784
FE      0.74965      0.00160      0.25313     -0.05317     -0.10008     -0.23809
FE      0.49717      0.24907      0.25103      0.18356      0.03530     -0.07837
FE      0.49812      0.00359      0.50101      0.04781     -0.34590     -0.04966
FE      0.74987      0.24628      0.49765      0.11501      0.33415      0.06843
FE      0.75232      0.99737      0.75332     -0.16565      0.30794     -0.29328
FE      0.50071      0.25073      0.74750      0.04961     -0.04669      0.02675
FE      0.49191      0.49309      0.99827      0.55235      0.48310     -0.04302
FE      0.74672      0.75108      0.99611      0.33292     -0.18701      0.37318
FE      0.74648      0.50255      0.25071      0.17117     -0.20550     -0.22334
FE      0.50348      0.74439      0.24650     -0.39405      0.52380      0.14696
FE      0.50072      0.49932      0.49904      0.02853     -0.01406      0.13124
FE      0.74558      0.75050      0.50237      0.19321      0.01535     -0.28661
FE      0.75394      0.50424      0.74947     -0.33874     -0.37081      0.07906
FE      0.50139      0.74807      0.75343     -0.23722      0.14847     -0.25435
