/* Converted from PWscf output file */ 
#L_UNITS ang 
#E_UNITS eV 
#S_UNITS GPA 
#F_UNITS EV/ANG 
#ALAT 	   6.84431     // a0 
#X 	   1.00000     0.00000     0.00000     // X 
#Y 	   0.00000     1.05447     0.00000     // Y 
#Z 	   0.00000     0.00000     1.00000     // Z 
#SX 	   0.07073     0.00102     0.00175     // SX 
#SY 	   0.00102     0.05075    -0.00175     // SY 
#SZ 	   0.00175    -0.00175     0.07306     // SZ 
#EPA 	  -4.78810     // Energy per Atom 
#RCUT 	6.5        // Rcut 
FE      0.99996      0.00016      0.00146     -0.01177     -0.05979     -0.12931
FE      0.25035      0.25039      0.99864     -0.03156     -0.02654      0.08338
FE      0.25266      0.99953      0.24803     -0.15549      0.00659      0.16613
FE      0.99748      0.24799      0.24943      0.21110      0.13623      0.06902
FE      0.99970      0.99727      0.49757      0.04873      0.17222      0.12230
FE      0.25205      0.25149      0.49969     -0.17474     -0.16399      0.03811
FE      0.24963      0.99931      0.75186     -0.00662      0.07516     -0.22816
FE      0.99937      0.24897      0.74963      0.04943      0.03539     -0.04090
FE      0.99826      0.49866      0.99930      0.11596      0.05949      0.07832
FE      0.25038      0.75081      0.99929     -0.08490     -0.10084      0.05887
FE      0.25176      0.50133      0.24967     -0.16130     -0.13853     -0.04263
FE      0.99796      0.74920      0.24950      0.21115      0.00310     -0.00867
FE      0.00041      0.50114      0.49874     -0.04732     -0.13539      0.04002
FE      0.25267      0.74703      0.50040     -0.24580      0.27092     -0.02893
FE      0.24699      0.50199      0.75017      0.18031     -0.16055      0.00721
FE      0.99825      0.75069      0.74889      0.11814     -0.04309      0.12247
FE      0.49933      0.99820      0.99946      0.07380      0.10416     -0.00662
FE      0.74970      0.24869      0.99976      0.00155      0.04938      0.03250
FE      0.74917      0.99707      0.24761     -0.00319      0.19027      0.18582
FE      0.49909      0.25061      0.25088      0.07719     -0.04880     -0.11151
FE      0.50171      0.99871      0.50068     -0.16391      0.08022     -0.06636
FE      0.74766      0.25109      0.50178      0.21059     -0.11464     -0.21380
FE      0.74922      0.99942      0.74817      0.11654     -0.01956      0.11522
FE      0.50390      0.25096      0.74949     -0.37166     -0.05731      0.07001
FE      0.50009      0.50115      0.99968     -0.03528     -0.09128     -0.05333
FE      0.74968      0.74780      0.00289      0.02656      0.15468     -0.26545
FE      0.74951      0.50075      0.24876     -0.00080     -0.14302      0.10638
FE      0.49986      0.74784      0.25169     -0.03171      0.12768     -0.12912
FE      0.49858      0.50068      0.50072      0.10708     -0.07222     -0.00207
FE      0.75090      0.74836      0.49968     -0.09076      0.06930      0.02441
FE      0.75113      0.50031      0.74994     -0.06472      0.00373     -0.03110
FE      0.49857      0.75153      0.74956      0.13343     -0.16296      0.03780
