/* Converted from PWscf output file */ 
#L_UNITS ang 
#E_UNITS eV 
#S_UNITS GPA 
#F_UNITS EV/ANG 
#ALAT 	   6.84431     // a0 
#X 	   1.00000     0.00000     0.00000     // X 
#Y 	   0.00000     1.05447     0.00000     // Y 
#Z 	   0.00000     0.00000     1.00000     // Z 
#SX 	   0.01677     0.00146     0.00583     // SX 
#SY 	   0.00146     0.02669     0.00277     // SY 
#SZ 	   0.00583     0.00277     0.01721     // SZ 
#EPA 	  -4.78933     // Energy per Atom 
#RCUT 	6.5        // Rcut 
FE      0.99888      0.99885      0.99988      0.10180      0.07282     -0.02043
FE      0.25051      0.25096      0.00063     -0.04752     -0.11679     -0.03345
FE      0.24999      0.99912      0.24913     -0.00413      0.06549      0.02962
FE      0.00120      0.24998      0.25202     -0.09986     -0.01584     -0.13559
FE      0.99966      0.99915      0.49951      0.01824      0.07929      0.02502
FE      0.24952      0.25126      0.49965      0.09330     -0.13507      0.02961
FE      0.25069      0.99965      0.74959     -0.07166      0.02638      0.01242
FE      0.00099      0.24895      0.75057     -0.08594      0.05317     -0.05115
FE      0.99924      0.49927      0.99922      0.07090      0.03677      0.06083
FE      0.24947      0.74901      0.99888      0.04066      0.05466      0.06833
FE      0.25061      0.49965      0.24952     -0.06817      0.06651      0.04715
FE      0.00104      0.75123      0.25105     -0.08939     -0.13184     -0.09823
FE      0.99947      0.49969      0.50037      0.07359      0.03131     -0.01070
FE      0.24908      0.75079      0.49991      0.07348     -0.05820      0.01980
FE      0.25126      0.49882      0.75027     -0.07972      0.07072     -0.03713
FE      0.99997      0.74964      0.75044     -0.00077     -0.00937     -0.03726
FE      0.50015      0.99936      0.99979     -0.03105      0.03311     -0.01357
FE      0.75092      0.24914      0.00043     -0.04390      0.03300     -0.04348
FE      0.74874      0.00006      0.24912      0.10993     -0.00211      0.06637
FE      0.49991      0.24998      0.24904      0.03215      0.02330      0.07164
FE      0.50079      0.99991      0.49845     -0.07254      0.01233      0.09227
FE      0.75029      0.25135      0.49979     -0.03698     -0.10174      0.04839
FE      0.74965      0.99862      0.74910      0.02884      0.07641      0.02770
FE      0.49941      0.24850      0.75110      0.08449      0.10772     -0.07377
FE      0.49954      0.50012      0.99994      0.06066     -0.02146      0.00653
FE      0.74955      0.74927      0.00008      0.03110      0.05657      0.00700
FE      0.75068      0.50041      0.25012     -0.02617     -0.04037     -0.02605
FE      0.50009      0.75080      0.24946     -0.02197     -0.09008      0.02931
FE      0.49971      0.50141      0.49923      0.02274     -0.10261      0.04949
FE      0.75094      0.74892      0.49947     -0.07306      0.07810      0.01744
FE      0.75031      0.50095      0.75090     -0.04648     -0.09854     -0.06519
FE      0.49930      0.75045      0.75053      0.05743     -0.05364     -0.06291
