/* Converted from PWscf output file */ 
#L_UNITS ang 
#E_UNITS eV 
#S_UNITS GPA 
#F_UNITS EV/ANG 
#ALAT 	   6.84431     // a0 
#X 	   1.00000     0.00000     0.00000     // X 
#Y 	   0.00000     1.05447     0.00000     // Y 
#Z 	   0.00000     0.00000     1.00000     // Z 
#SX 	   0.40382    -0.09275    -0.00029     // SX 
#SY 	  -0.09275     0.22211     0.10529     // SY 
#SZ 	  -0.00029     0.10529     0.35219     // SZ 
#EPA 	  -4.78054     // Energy per Atom 
#RCUT 	6.5        // Rcut 
FE      0.00135      0.00140      0.99855     -0.08853     -0.08542      0.14787
FE      0.25658      0.24213      0.99752     -0.54880      0.65951      0.18773
FE      0.25148      0.99570      0.25147     -0.06199      0.12262     -0.07560
FE      0.00219      0.24747      0.25140     -0.00129      0.08172     -0.04308
FE      0.99976      0.99866      0.49902      0.05271     -0.00475      0.16448
FE      0.24973      0.24824      0.49825     -0.03126      0.12983      0.29863
FE      0.24666      0.00368      0.75732      0.24075     -0.45153     -0.67846
FE      0.99799      0.25242      0.75153      0.09566     -0.21323     -0.20980
FE      0.00027      0.49437      0.99962     -0.12150      0.23707      0.13079
FE      0.25395      0.74568      0.00110     -0.26913      0.40976      0.00205
FE      0.24752      0.50180      0.24598      0.14885     -0.29248      0.38106
FE      0.00072      0.74717      0.24465     -0.16307      0.20856      0.30520
FE      0.99882      0.50454      0.49684     -0.04369     -0.46291      0.19440
FE      0.24651      0.74973      0.50103      0.22282     -0.01548     -0.17014
FE      0.24565      0.50777      0.75260      0.27969     -0.85305     -0.24371
FE      0.00323      0.74533      0.75075     -0.31335      0.33855      0.11535
FE      0.50097      0.00051      0.00021     -0.01657     -0.35462      0.10428
FE      0.74828      0.25052      0.00470      0.09553     -0.08287     -0.26617
FE      0.75524      0.00328      0.24612     -0.39206     -0.37856      0.38873
FE      0.49683      0.24593      0.24843      0.12885      0.20348      0.19678
FE      0.50179      0.99771      0.50449     -0.20436      0.02093     -0.39545
FE      0.74659      0.24555      0.49851      0.28194      0.28938      0.02848
FE      0.74701      0.00066      0.74918      0.36306     -0.15079      0.12913
FE      0.50256      0.24202      0.75118     -0.18216      0.48569     -0.08175
FE      0.49535      0.50156      0.00112      0.34920     -0.27857     -0.17027
FE      0.75328      0.75570      0.00272     -0.28791     -0.58075     -0.33219
FE      0.74852      0.49678      0.24918      0.01158      0.14682      0.10009
FE      0.50158      0.74422      0.24863      0.06072      0.35509      0.26985
FE      0.49944      0.49784      0.50526     -0.06443     -0.00850     -0.34750
FE      0.75268      0.75139      0.50483     -0.16179     -0.18552     -0.28098
FE      0.74597      0.49224      0.75088      0.17657      0.55245     -0.06163
FE      0.49462      0.74811      0.74660      0.44396      0.15760      0.21183
