/* Converted from PWscf output file */ 
#L_UNITS ang 
#E_UNITS eV 
#S_UNITS GPA 
#F_UNITS EV/ANG 
#ALAT 	   6.84431     // a0 
#X 	   1.00000     0.00000     0.00000     // X 
#Y 	   0.00000     1.05447     0.00000     // Y 
#Z 	   0.00000     0.00000     1.00000     // Z 
#SX 	   0.15225    -0.00948    -0.05906     // SX 
#SY 	  -0.00948     0.06388    -0.03135     // SY 
#SZ 	  -0.05906    -0.03135     0.15925     // SZ 
#EPA 	  -4.78631     // Energy per Atom 
#RCUT 	6.5        // Rcut 
FE      0.00127      0.99715      0.00084     -0.12157      0.27796     -0.11174
FE      0.24968      0.25114      0.00187     -0.03923     -0.05872     -0.17076
FE      0.24834      0.00280      0.24650      0.15426     -0.17926      0.27361
FE      0.99787      0.25048      0.25210      0.10320     -0.02875     -0.14066
FE      0.99937      0.99751      0.50317     -0.00607      0.19751     -0.32419
FE      0.25006      0.24741      0.49691     -0.04394      0.16410      0.33276
FE      0.24751      0.00284      0.74607      0.19425     -0.21473      0.30891
FE      0.00192      0.25165      0.74729     -0.18374     -0.10726      0.24486
FE      0.99972      0.50025      0.99878      0.07596     -0.00358      0.10711
FE      0.25090      0.75188      0.00080     -0.03417     -0.17143     -0.05812
FE      0.24899      0.49750      0.25001      0.07281      0.29768     -0.03915
FE      0.00035      0.75239      0.25082     -0.04743     -0.16316     -0.09323
FE      0.00155      0.49975      0.50025     -0.12454      0.00238     -0.11163
FE      0.25167      0.75084      0.49749     -0.21847     -0.02472      0.23244
FE      0.25088      0.50075      0.74694     -0.02099     -0.03136      0.18640
FE      0.99926      0.74918      0.75071      0.09588      0.00979      0.00193
FE      0.50022      0.99928      0.99973     -0.02757      0.15884      0.01414
FE      0.75017      0.25187      0.00331     -0.01431     -0.16507     -0.26843
FE      0.75124      0.00333      0.24661     -0.17462     -0.24892      0.26230
FE      0.49494      0.25187      0.25490      0.45731     -0.11351     -0.40686
FE      0.49995      0.99743      0.50306      0.05570      0.19211     -0.28622
FE      0.74750      0.24917      0.50305      0.17319      0.06456     -0.20733
FE      0.75277      0.99790      0.74865     -0.18382      0.16230      0.16160
FE      0.50254      0.24923      0.74877     -0.23382      0.03059      0.15137
FE      0.50056      0.49944      0.99865     -0.07827      0.02832      0.06248
FE      0.74858      0.74938      0.00284      0.06259      0.07148     -0.19949
FE      0.75012      0.50142      0.24561     -0.03353     -0.05339      0.36642
FE      0.49703      0.75128      0.25201      0.22961     -0.07104     -0.16506
FE      0.49850      0.50166      0.50165      0.14143     -0.12451     -0.15786
FE      0.75107      0.74832      0.50266     -0.05473      0.07784     -0.20989
FE      0.75282      0.49874      0.74872     -0.23318      0.13909      0.08268
FE      0.49928      0.75187      0.74843      0.05779     -0.11515      0.16162
