/* Converted from PWscf output file */ 
#L_UNITS ang 
#E_UNITS eV 
#S_UNITS GPA 
#F_UNITS EV/ANG 
#ALAT 	   6.84431     // a0 
#X 	   1.00000     0.00000     0.00000     // X 
#Y 	   0.00000     1.05447     0.00000     // Y 
#Z 	   0.00000     0.00000     1.00000     // Z 
#SX 	  -0.00802     0.00000    -0.00000     // SX 
#SY 	   0.00000     0.01021    -0.00000     // SY 
#SZ 	  -0.00000    -0.00000    -0.01035     // SZ 
#EPA 	  -4.78979     // Energy per Atom 
#RCUT 	6.5        // Rcut 
FE      0.00037      0.99967      0.00008     -0.02425      0.03766     -0.00009
FE      0.24998      0.24995      0.99990      0.00257      0.00507      0.01016
FE      0.25028      0.00006      0.25008     -0.01859      0.00413      0.00274
FE      0.00003      0.24999      0.25020      0.00170     -0.00750     -0.00645
FE      0.99963      0.99991      0.50009      0.03376      0.01102     -0.00437
FE      0.24996      0.24996      0.50008      0.00501      0.00866      0.00026
FE      0.24988      0.00011      0.75006      0.00884     -0.00972     -0.00348
FE      0.00053      0.25041      0.74985     -0.04435     -0.02757      0.01090
FE      0.00008      0.49957      0.00002     -0.00231      0.03576     -0.01283
FE      0.24981      0.75003      0.00040      0.01837     -0.00613     -0.03346
FE      0.24978      0.49981      0.24980      0.00901      0.01467      0.01924
FE      0.99997      0.75007      0.25023     -0.00265     -0.00487     -0.02605
FE      0.00005      0.50019      0.50009     -0.00559     -0.01061     -0.00104
FE      0.24992      0.75020      0.49987      0.00735     -0.01184      0.00643
FE      0.25042      0.50032      0.74972     -0.01860     -0.01117      0.02099
FE      0.00016      0.75017      0.75030     -0.01324     -0.01878     -0.02274
FE      0.50003      0.99997      0.00008     -0.00320      0.00704     -0.00539
FE      0.75000      0.25012      0.00021      0.00702     -0.01510     -0.01938
FE      0.75024      0.00013      0.24999     -0.02387     -0.00929     -0.00398
FE      0.49998      0.25027      0.25026     -0.00038     -0.02178     -0.02539
FE      0.49987      0.00036      0.50013      0.01807     -0.02401     -0.00605
FE      0.74963      0.24970      0.49987      0.03272      0.02556      0.01822
FE      0.75013      0.00000      0.75019     -0.00123      0.01188     -0.00570
FE      0.50002      0.25004      0.75012      0.00032     -0.00105     -0.00080
FE      0.50001      0.50000      0.00031      0.00108      0.00588     -0.02271
FE      0.74987      0.75023      0.99956      0.01159     -0.02594      0.03823
FE      0.75010      0.49954      0.24992      0.00480      0.04299      0.00465
FE      0.49981      0.75007      0.24987      0.02135     -0.00369      0.01143
FE      0.50024      0.50002      0.49983     -0.01674      0.00420      0.00300
FE      0.75001      0.75020      0.49955     -0.00368     -0.01407      0.03683
FE      0.74972      0.49989      0.74993      0.01611      0.01134      0.00276
FE      0.50025      0.75019      0.74975     -0.02100     -0.00273      0.01408
