/* Converted from PWscf output file */ 
#L_UNITS ang 
#E_UNITS eV 
#S_UNITS GPA 
#F_UNITS EV/ANG 
#ALAT 	   6.84431     // a0 
#X 	   1.00000     0.00000     0.00000     // X 
#Y 	   0.00000     1.05447     0.00000     // Y 
#Z 	   0.00000     0.00000     1.00000     // Z 
#SX 	   0.36605    -0.01108    -0.04463     // SX 
#SY 	  -0.01108     0.18244    -0.03865     // SY 
#SZ 	  -0.04463    -0.03865     0.41345     // SZ 
#EPA 	  -4.78108     // Energy per Atom 
#RCUT 	6.5        // Rcut 
FE      0.00554      0.00447      0.00235     -0.38347     -0.34617     -0.15489
FE      0.25472      0.24869      0.99748     -0.37602     -0.00294      0.26050
FE      0.25234      0.00449      0.25441     -0.07285     -0.40988     -0.34895
FE      0.00365      0.24581      0.24962     -0.42037      0.42220     -0.06059
FE      0.99673      0.00430      0.49562      0.34909     -0.35582      0.29970
FE      0.24276      0.25146      0.49841      0.55256     -0.02500      0.15829
FE      0.25097      0.99370      0.75388     -0.12965      0.42486     -0.33952
FE      0.00212      0.24901      0.74903     -0.19130      0.09824      0.15484
FE      0.00259      0.49923      0.99984     -0.18541     -0.07162     -0.01626
FE      0.24614      0.74603      0.00107      0.26877      0.41961     -0.10642
FE      0.24835      0.50563      0.24918      0.10751     -0.45058      0.11321
FE      0.99564      0.75067      0.25100      0.30803     -0.01160     -0.13628
FE      0.00111      0.49965      0.50052     -0.16112      0.00623     -0.00883
FE      0.24544      0.75079      0.49892      0.34649     -0.05207     -0.07111
FE      0.25427      0.49831      0.75565     -0.27086      0.14929     -0.48222
FE      0.99965      0.74870      0.74503      0.02418      0.10849      0.31894
FE      0.50759      0.99611      0.99479     -0.55754      0.12421      0.34487
FE      0.74437      0.25419      0.99880      0.40016     -0.34419      0.05782
FE      0.74924      0.99517      0.24943      0.02332      0.55760     -0.10317
FE      0.49677      0.25073      0.24699      0.26231     -0.03313      0.29663
FE      0.49911      0.00223      0.49857      0.04099     -0.13316      0.21488
FE      0.74699      0.24278      0.50501      0.15881      0.58869     -0.43907
FE      0.75092      0.00317      0.75164      0.12889     -0.29905     -0.06594
FE      0.49552      0.24701      0.75412      0.31187      0.16278     -0.43246
FE      0.50167      0.49763      0.99870     -0.08955      0.40031      0.20649
FE      0.75416      0.74869      0.99703     -0.26279      0.04907      0.10640
FE      0.75099      0.49690      0.24940      0.01498      0.16254      0.16837
FE      0.50188      0.75454      0.24983     -0.15511     -0.40699     -0.08933
FE      0.50158      0.50031      0.50048     -0.10844     -0.06739     -0.10919
FE      0.75116      0.75429      0.49645     -0.19745     -0.26473      0.29281
FE      0.74798      0.50390      0.75199      0.14283     -0.38630     -0.29266
FE      0.49825      0.75012      0.74582      0.12113     -0.01349      0.26312
