/* Converted from PWscf output file */ 
#L_UNITS ang 
#E_UNITS eV 
#S_UNITS GPA 
#F_UNITS EV/ANG 
#ALAT 	   6.84431     // a0 
#X 	   1.00000     0.00000     0.00000     // X 
#Y 	   0.00000     1.05447     0.00000     // Y 
#Z 	   0.00000     0.00000     1.00000     // Z 
#SX 	  -0.00321     0.00044     0.00015     // SX 
#SY 	   0.00044     0.01313     0.00029     // SY 
#SZ 	   0.00015     0.00029    -0.00569     // SZ 
#EPA 	  -4.78975     // Energy per Atom 
#RCUT 	6.5        // Rcut 
FE      0.99979      0.99968      0.99947      0.02446      0.02023      0.03546
FE      0.24989      0.24981      0.99996      0.00526      0.01060     -0.00784
FE      0.24972      0.99995      0.25017      0.01952      0.00054     -0.02516
FE      0.00005      0.24985      0.25008     -0.00730      0.01272     -0.01419
FE      0.00019      0.00013      0.49961     -0.01333     -0.01469      0.04413
FE      0.24978      0.24998      0.49958      0.03240      0.00341      0.01986
FE      0.25007      0.99970      0.74984      0.00242      0.01769      0.01304
FE      0.00047      0.25010      0.74935     -0.03031     -0.01386      0.03979
FE      0.00029      0.49985      0.99998     -0.01579      0.00614     -0.00374
FE      0.25032      0.74973      0.00012     -0.02924      0.01981     -0.01045
FE      0.25014      0.50014      0.24963     -0.01422     -0.01760      0.03574
FE      0.00021      0.75048      0.25038     -0.01536     -0.04337     -0.02333
FE      0.99938      0.49979      0.50028      0.05027      0.02383     -0.03463
FE      0.25031      0.75018      0.50010     -0.01690     -0.01626     -0.01003
FE      0.25027      0.50019      0.74932     -0.01463     -0.02569      0.03457
FE      0.00033      0.74974      0.75002     -0.02768      0.01543     -0.00794
FE      0.49990      0.99992      0.00027      0.00758     -0.01127     -0.02667
FE      0.74997      0.24932      0.99998      0.01375      0.05082     -0.01013
FE      0.75022      0.00030      0.25037     -0.01294     -0.03155     -0.02437
FE      0.49987      0.24922      0.24927      0.01845      0.06323      0.04140
FE      0.50037      0.00018      0.50038     -0.03404     -0.01763     -0.03666
FE      0.75000      0.25015      0.50037     -0.00564     -0.00642     -0.03824
FE      0.74975      0.00016      0.74979      0.02177     -0.02126      0.01062
FE      0.50032      0.24975      0.74997     -0.03375      0.01749      0.00398
FE      0.49988      0.50042      0.99972      0.00695     -0.05057      0.02843
FE      0.75009      0.75013      0.99993      0.00363     -0.00519      0.01187
FE      0.75020      0.50022      0.25002     -0.01234     -0.01947     -0.02496
FE      0.49952      0.74993      0.24978      0.04952      0.01260      0.02056
FE      0.50029      0.50007      0.49989     -0.01239     -0.01782     -0.00833
FE      0.74999      0.75008      0.50021      0.00288     -0.00587     -0.01338
FE      0.74975      0.49995      0.75028      0.02217     -0.00284     -0.00875
FE      0.49997      0.74943      0.75017      0.01485      0.04682     -0.01063
