/* Converted from PWscf output file */ 
#L_UNITS ang 
#E_UNITS eV 
#S_UNITS GPA 
#F_UNITS EV/ANG 
#ALAT 	   6.84431     // a0 
#X 	   1.00000     0.00000     0.00000     // X 
#Y 	   0.00000     1.05447     0.00000     // Y 
#Z 	   0.00000     0.00000     1.00000     // Z 
#SX 	   0.30086     0.00919    -0.03106     // SX 
#SY 	   0.00919     0.15575    -0.04229     // SY 
#SZ 	  -0.03106    -0.04229     0.33455     // SZ 
#EPA 	  -4.78284     // Energy per Atom 
#RCUT 	6.5        // Rcut 
FE      0.00144      0.99864      0.00271     -0.06930      0.11936     -0.17482
FE      0.25049      0.25386      0.99632      0.06387     -0.32478      0.30780
FE      0.25427      0.00051      0.24915     -0.32414      0.10620     -0.03845
FE      0.99872      0.24886      0.25117      0.07526      0.11034     -0.17241
FE      0.00469      0.00176      0.49685     -0.41305     -0.05943     -0.00130
FE      0.24816      0.25464      0.50135      0.14253     -0.38203     -0.11079
FE      0.24746      0.99925      0.74480      0.12408      0.10676      0.36880
FE      0.00073      0.25265      0.74986     -0.08885     -0.27622      0.06954
FE      0.00609      0.50100      0.99665     -0.55386     -0.06771      0.25769
FE      0.24867      0.74478      0.00331      0.05120      0.31833     -0.42582
FE      0.24972      0.49690      0.25527      0.05217      0.15924     -0.40349
FE      0.00217      0.74798      0.24558     -0.16024      0.11618      0.35432
FE      0.99584      0.49936      0.50034      0.27165      0.12995      0.01117
FE      0.24778      0.75098      0.50080      0.12606     -0.13359     -0.11770
FE      0.24687      0.49829      0.74999      0.30982      0.25562     -0.15213
FE      0.00206      0.75509      0.74702     -0.25425     -0.38744      0.20527
FE      0.49134      0.99566      0.99669      0.63892      0.42516     -0.02335
FE      0.75134      0.24901      0.00046     -0.16619     -0.03270     -0.05670
FE      0.74660      0.99621      0.25173      0.19326      0.25130     -0.26270
FE      0.50275      0.24832      0.25531     -0.15414      0.13460     -0.43361
FE      0.49960      0.99798      0.49794      0.01691      0.12502      0.28891
FE      0.75067      0.25053      0.50127     -0.00131     -0.09895     -0.08219
FE      0.75384      0.99764      0.74626     -0.23715      0.19222      0.25421
FE      0.49994      0.25108      0.74747      0.04526     -0.09802      0.17137
FE      0.50145      0.50187      0.99645     -0.10986     -0.23347      0.36061
FE      0.74612      0.75059      0.00494      0.27616     -0.00431     -0.42296
FE      0.75427      0.50024      0.25070     -0.36765      0.01980     -0.17657
FE      0.49307      0.75520      0.24436      0.45203     -0.54763      0.49255
FE      0.49928      0.49936      0.49967      0.21272      0.19348     -0.04883
FE      0.75253      0.75280      0.49937     -0.20743     -0.22362     -0.04273
FE      0.75058      0.50082      0.74974     -0.02671      0.03296      0.09289
FE      0.49883      0.74861      0.74991      0.08225      0.07335     -0.08858
