/* Converted from PWscf output file */ 
#L_UNITS ang 
#E_UNITS eV 
#S_UNITS GPA 
#F_UNITS EV/ANG 
#ALAT 	   6.84431     // a0 
#X 	   1.00000     0.00000     0.00000     // X 
#Y 	   0.00000     1.05447     0.00000     // Y 
#Z 	   0.00000     0.00000     1.00000     // Z 
#SX 	   0.17763    -0.02013     0.05629     // SX 
#SY 	  -0.02013     0.08444    -0.04492     // SY 
#SZ 	   0.05629    -0.04492     0.20111     // SZ 
#EPA 	  -4.78563     // Energy per Atom 
#RCUT 	6.5        // Rcut 
FE      0.00177      0.99864      0.99793     -0.04903      0.14854      0.10130
FE      0.25202      0.24851      0.00255     -0.13269      0.05552     -0.21889
FE      0.25189      0.00161      0.25061     -0.19193     -0.13416     -0.07455
FE      0.99876      0.25081      0.25020      0.05329     -0.03515     -0.06808
FE      0.00420      0.00151      0.49993     -0.26585     -0.19397      0.03689
FE      0.24508      0.25252      0.49931      0.34965     -0.06507     -0.02516
FE      0.25118      0.00036      0.74575      0.00275     -0.01996      0.32051
FE      0.99955      0.25623      0.74919      0.06714     -0.50194      0.08564
FE      0.00067      0.49570      0.99867     -0.00098      0.33525      0.16205
FE      0.25265      0.74755      0.99925     -0.14297      0.23414     -0.04518
FE      0.25269      0.50503      0.24878     -0.09005     -0.36379      0.07732
FE      0.00415      0.74985      0.25034     -0.25809      0.08672     -0.11454
FE      0.99740      0.50107      0.49625      0.19726     -0.02138      0.26021
FE      0.24933      0.74868      0.49939      0.16885      0.01463      0.02685
FE      0.25234      0.49983      0.75039     -0.18443      0.04140     -0.08655
FE      0.99880      0.75075      0.75052      0.20313     -0.09422     -0.08628
FE      0.50034      0.99612      0.00297      0.01964      0.25148     -0.35633
FE      0.74821      0.24972      0.00029      0.04958     -0.02016     -0.02252
FE      0.75073      0.99844      0.25005      0.11878      0.13930     -0.04494
FE      0.49672      0.24783      0.24632      0.31701      0.18359      0.33127
FE      0.49831      0.99982      0.49891      0.19054      0.03920      0.08940
FE      0.75345      0.24455      0.50269     -0.26267      0.33838     -0.22714
FE      0.75063      0.99988      0.75122     -0.01828      0.07339     -0.09408
FE      0.49832      0.25033      0.74985      0.09197     -0.07400     -0.01536
FE      0.49783      0.50003      0.99942      0.26613     -0.00525      0.05015
FE      0.74983      0.75183      0.99686      0.15009     -0.26514      0.21901
FE      0.75136      0.50229      0.25224     -0.16129     -0.14536     -0.24779
FE      0.50331      0.75567      0.24580     -0.19788     -0.46601      0.36614
FE      0.50123      0.49723      0.50063      0.01374      0.12533     -0.11716
FE      0.75092      0.75047      0.50244      0.02044      0.03300     -0.24949
FE      0.75168      0.49875      0.75102     -0.08348      0.04634     -0.09563
FE      0.50380      0.74658      0.74807     -0.24037      0.25935      0.06295
