/* Converted from PWscf output file */ 
#L_UNITS ang 
#E_UNITS eV 
#S_UNITS GPA 
#F_UNITS EV/ANG 
#ALAT 	   6.84431     // a0 
#X 	   1.00000     0.00000     0.00000     // X 
#Y 	   0.00000     1.05447     0.00000     // Y 
#Z 	   0.00000     0.00000     1.00000     // Z 
#SX 	   0.00467     0.00146    -0.00233     // SX 
#SY 	   0.00146     0.01663     0.00131     // SY 
#SZ 	  -0.00233     0.00131     0.00277     // SZ 
#EPA 	  -4.78954     // Energy per Atom 
#RCUT 	6.5        // Rcut 
FE      0.99969      0.00072      0.99999      0.02780     -0.07103      0.02292
FE      0.24908      0.25126      0.00048      0.05498     -0.07931     -0.01793
FE      0.25059      0.99977      0.24964     -0.03097      0.02075      0.02282
FE      0.99951      0.24922      0.25053      0.03883      0.06440     -0.00538
FE      0.00040      0.00079      0.50072     -0.01351     -0.07451     -0.06386
FE      0.25078      0.24967      0.49972     -0.04297      0.01084      0.04141
FE      0.25020      0.99961      0.75038      0.01517      0.01243      0.01175
FE      0.99949      0.24808      0.75045      0.07253      0.15001     -0.05002
FE      0.99936      0.49998      0.00016      0.05186      0.00837     -0.01545
FE      0.25028      0.74954      0.99992     -0.00035      0.02423      0.01837
FE      0.24956      0.49933      0.25121      0.01838      0.03845     -0.07648
FE      0.00029      0.75023      0.24980     -0.01204     -0.01608      0.00583
FE      0.00007      0.49997      0.50034     -0.00308      0.00287     -0.00567
FE      0.24968      0.74964      0.49992      0.02519      0.05732      0.02113
FE      0.24962      0.50007      0.75021      0.01555     -0.02521     -0.01678
FE      0.00064      0.75077      0.75044     -0.06719     -0.06289     -0.01113
FE      0.49977      0.00065      0.00064      0.03559     -0.05644     -0.04725
FE      0.75102      0.24970      0.99989     -0.06725      0.01014      0.01912
FE      0.75009      0.00036      0.25035     -0.01163     -0.04407      0.00688
FE      0.50047      0.25029      0.24986     -0.02814     -0.01263     -0.01280
FE      0.50046      0.00143      0.50106     -0.04087     -0.10689     -0.08622
FE      0.75009      0.25125      0.49979     -0.02141     -0.07414      0.03041
FE      0.74985      0.00055      0.74851     -0.00087     -0.04964      0.11253
FE      0.49975      0.24973      0.75077      0.00409      0.04709     -0.01238
FE      0.50034      0.50077      0.00034     -0.03281     -0.06720     -0.01477
FE      0.74931      0.74980      0.00024      0.04876      0.06284     -0.02222
FE      0.75007      0.50018      0.24928      0.00915     -0.01545      0.05300
FE      0.50025      0.74932      0.25056     -0.02528      0.05924     -0.00891
FE      0.50007      0.49968      0.49967     -0.00939      0.00677      0.03550
FE      0.74934      0.74943      0.50018      0.08278      0.03861     -0.01164
FE      0.75024      0.49895      0.74986     -0.00487      0.05776      0.03708
FE      0.50122      0.74874      0.74925     -0.08802      0.08337      0.04016
