/* Converted from PWscf output file */ 
#L_UNITS ang 
#E_UNITS eV 
#S_UNITS GPA 
#F_UNITS EV/ANG 
#ALAT 	   6.84431     // a0 
#X 	   1.00000     0.00000     0.00000     // X 
#Y 	   0.00000     1.05447     0.00000     // Y 
#Z 	   0.00000     0.00000     1.00000     // Z 
#SX 	   0.22400     0.04288    -0.01546     // SX 
#SY 	   0.04288     0.13184    -0.02042     // SY 
#SZ 	  -0.01546    -0.02042     0.17004     // SZ 
#EPA 	  -4.78460     // Energy per Atom 
#RCUT 	6.5        // Rcut 
FE      0.00097      0.00175      0.99839     -0.26329     -0.11215     -0.02497
FE      0.24620      0.24826      0.99914      0.14020      0.08973      0.17185
FE      0.24888      0.99787      0.24852     -0.07586      0.18414      0.11534
FE      0.99157      0.24395      0.25593      0.47836      0.39629     -0.49581
FE      0.99677      0.00081      0.50241      0.21948     -0.03500     -0.12157
FE      0.24965      0.25317      0.49888     -0.05277     -0.21689     -0.01924
FE      0.25184      0.99888      0.74971     -0.23798      0.13791     -0.04932
FE      0.00029      0.25548      0.74859     -0.10829     -0.32884      0.05609
FE      0.00139      0.50167      0.99963     -0.14773     -0.11051     -0.03726
FE      0.25173      0.75304      0.00058     -0.19080     -0.16983     -0.19837
FE      0.24542      0.49860      0.24493      0.34185      0.05425      0.25741
FE      0.99868      0.75077      0.25095      0.12884     -0.03384     -0.16648
FE      0.00089      0.49753      0.49382     -0.19598      0.28044      0.26035
FE      0.24935      0.74966      0.49861      0.01547     -0.00146      0.07942
FE      0.24800      0.49790      0.74842      0.11034      0.30745     -0.00629
FE      0.99661      0.74805      0.74816      0.31037      0.13596      0.05215
FE      0.50081      0.99891      0.99894     -0.06767      0.16532      0.00163
FE      0.74742      0.25373      0.99734      0.12053     -0.24670      0.08703
FE      0.74868      0.99826      0.24840      0.05997      0.15057      0.09406
FE      0.49874      0.24429      0.25161      0.03072      0.44382     -0.25143
FE      0.49614      0.00260      0.50213      0.22175     -0.11514     -0.21388
FE      0.74920      0.25462      0.50175     -0.19301     -0.32845      0.00412
FE      0.74727      0.99900      0.74712      0.15857      0.20079      0.18806
FE      0.49755      0.25403      0.75284      0.01475     -0.18840     -0.16848
FE      0.49995      0.50302      0.99981     -0.18540     -0.13048     -0.12423
FE      0.75108      0.74715      0.00086     -0.08519      0.30985     -0.10269
FE      0.74565      0.49916      0.24443      0.24240      0.03757      0.33813
FE      0.50067      0.75467      0.24665     -0.13766     -0.35131      0.23138
FE      0.50269      0.50103      0.49777     -0.31607      0.02766     -0.00142
FE      0.75086      0.75050      0.49903     -0.09708      0.02643     -0.10459
FE      0.74789      0.50524      0.74813      0.09829     -0.32664      0.01169
FE      0.50370      0.75321      0.74701     -0.33712     -0.25256      0.13732
