/* Converted from PWscf output file */ 
#L_UNITS ang 
#E_UNITS eV 
#S_UNITS GPA 
#F_UNITS EV/ANG 
#ALAT 	   6.84431     // a0 
#X 	   1.00000     0.00000     0.00000     // X 
#Y 	   0.00000     1.05447     0.00000     // Y 
#Z 	   0.00000     0.00000     1.00000     // Z 
#SX 	   0.26688     0.02144     0.03340     // SX 
#SY 	   0.02144     0.16392     0.05119     // SY 
#SZ 	   0.03340     0.05119     0.28628     // SZ 
#EPA 	  -4.78309     // Energy per Atom 
#RCUT 	6.5        // Rcut 
FE      0.99576      0.99592      0.00202      0.26338      0.35144     -0.01611
FE      0.25002      0.24854      0.00295     -0.06004     -0.03200     -0.25414
FE      0.25161      0.00091      0.25235     -0.03953     -0.14991     -0.18332
FE      0.99654      0.24561      0.24991      0.24008      0.29602     -0.00479
FE      0.99601      0.00083      0.49420      0.42072     -0.16100      0.43957
FE      0.24821      0.24860      0.49941      0.09866      0.10891      0.13087
FE      0.25110      0.99576      0.74967     -0.21343      0.39621      0.15881
FE      0.99896      0.25077      0.74648      0.07119     -0.16075      0.32484
FE      0.99957      0.49461      0.99768      0.10287      0.34180      0.21757
FE      0.24726      0.74877      0.00104      0.30925      0.11510     -0.10966
FE      0.24694      0.49708      0.25235      0.09166      0.15273     -0.01056
FE      0.00221      0.75095      0.24686     -0.17800     -0.18051      0.17566
FE      0.99482      0.49634      0.50053      0.24600      0.23665      0.01905
FE      0.25162      0.74841      0.50362     -0.18700      0.02470     -0.38069
FE      0.24763      0.50141      0.75099      0.15553     -0.20753     -0.13179
FE      0.00420      0.75329      0.75239     -0.41002     -0.29327     -0.21132
FE      0.50110      0.00245      0.99874     -0.07078     -0.21577      0.04649
FE      0.75108      0.25130      0.99941     -0.17493     -0.10257     -0.01162
FE      0.74719      0.00596      0.25691     -0.01393     -0.52816     -0.58988
FE      0.49961      0.24805      0.25552     -0.08898      0.22553     -0.44911
FE      0.49847      0.00315      0.50357      0.01594     -0.35629     -0.10732
FE      0.74633      0.24593      0.49866      0.25903      0.33222      0.24217
FE      0.75392      0.00196      0.75108     -0.24699     -0.21952     -0.08915
FE      0.50280      0.24953      0.74852     -0.32989      0.13223      0.20707
FE      0.49450      0.50274      0.99999      0.23724     -0.27700      0.11504
FE      0.74889      0.74911      0.99621      0.04663      0.04456      0.36618
FE      0.74967      0.49632      0.25276     -0.00509      0.21387     -0.33215
FE      0.49940      0.74971      0.25039      0.03060      0.03586      0.00832
FE      0.50599      0.50149      0.50094     -0.44826     -0.13116     -0.05621
FE      0.75399      0.74916      0.49186     -0.23195      0.12762      0.53847
FE      0.74836      0.50350      0.75444      0.04664     -0.22507     -0.23703
FE      0.50037      0.74935      0.74694      0.06340      0.10506      0.18475
