/* Converted from PWscf output file */ 
#L_UNITS ang 
#E_UNITS eV 
#S_UNITS GPA 
#F_UNITS EV/ANG 
#ALAT 	   6.84431     // a0 
#X 	   1.00000     0.00000     0.00000     // X 
#Y 	   0.00000     1.05447     0.00000     // Y 
#Z 	   0.00000     0.00000     1.00000     // Z 
#SX 	   0.14759     0.00117     0.00554     // SX 
#SY 	   0.00117     0.05746     0.02508     // SY 
#SZ 	   0.00554     0.02508     0.15050     // SZ 
#EPA 	  -4.78691     // Energy per Atom 
#RCUT 	6.5        // Rcut 
FE      0.99965      0.99935      0.99904      0.04150     -0.02128      0.09576
FE      0.24916      0.24869      0.99768      0.09191      0.07482      0.16463
FE      0.24839      0.00040      0.25116      0.09481     -0.08135     -0.12454
FE      0.00002      0.25084      0.24966      0.02538     -0.05833      0.01739
FE      0.00271      0.99683      0.50062     -0.25695      0.19556     -0.04640
FE      0.25081      0.24810      0.49835     -0.12227      0.12186      0.15419
FE      0.24765      0.99869      0.74809      0.23550      0.03355      0.20693
FE      0.00182      0.25065      0.75199     -0.13753     -0.02030     -0.21359
FE      0.00097      0.50104      0.99982     -0.01899     -0.14297      0.04456
FE      0.24829      0.74863      0.00271      0.16662      0.04214     -0.19103
FE      0.25072      0.50187      0.25694      0.02080     -0.21918     -0.57562
FE      0.99937      0.74831      0.24950      0.02190      0.14092      0.05838
FE      0.00037      0.50177      0.49805     -0.10380     -0.21306      0.15093
FE      0.24753      0.74784      0.49939      0.25610      0.17709      0.02873
FE      0.25017      0.50083      0.74802     -0.06456     -0.08480      0.12945
FE      0.99982      0.74945      0.75152      0.03783      0.01230     -0.14281
FE      0.50250      0.00090      0.00312     -0.19519     -0.10755     -0.28456
FE      0.75102      0.24809      0.00004     -0.02706      0.16780     -0.00042
FE      0.74961      0.99904      0.24884      0.08788      0.04460      0.13297
FE      0.49988      0.24831      0.25101      0.02229      0.15266     -0.08302
FE      0.49743      0.00156      0.49946      0.21286     -0.29441      0.04955
FE      0.74834      0.24840      0.49916      0.20396      0.11000      0.00316
FE      0.75209      0.00211      0.75188     -0.20016     -0.20190     -0.18426
FE      0.50174      0.25058      0.74757     -0.13393     -0.12565      0.13734
FE      0.50111      0.49484      0.99715     -0.10965      0.29606      0.21492
FE      0.75121      0.74857      0.00011     -0.10017      0.07037     -0.10208
FE      0.74986      0.50294      0.24846     -0.05569     -0.32187      0.05225
FE      0.50388      0.74940      0.24658     -0.33791      0.01336      0.22727
FE      0.49805      0.49968      0.50178      0.23945      0.00365     -0.14576
FE      0.74808      0.74726      0.49861      0.07346      0.23134      0.17342
FE      0.74995      0.50168      0.74950      0.07098     -0.20404      0.07896
FE      0.50008      0.74799      0.75100     -0.03936      0.20859     -0.02669
