/* Converted from PWscf output file */ 
#L_UNITS ang 
#E_UNITS eV 
#S_UNITS GPA 
#F_UNITS EV/ANG 
#ALAT 	   6.84431     // a0 
#X 	   1.00000     0.00000     0.00000     // X 
#Y 	   0.00000     1.05447     0.00000     // Y 
#Z 	   0.00000     0.00000     1.00000     // Z 
#SX 	   0.11127    -0.00685    -0.01794     // SX 
#SY 	  -0.00685     0.05746    -0.00598     // SY 
#SZ 	  -0.01794    -0.00598     0.12381     // SZ 
#EPA 	  -4.78710     // Energy per Atom 
#RCUT 	6.5        // Rcut 
FE      0.00064      0.99934      0.00143     -0.11233      0.00993     -0.16779
FE      0.25034      0.24983      0.99928     -0.02424     -0.05437      0.07918
FE      0.24957      0.99772      0.24635     -0.00300      0.14977      0.31393
FE      0.99733      0.25043      0.25106      0.27745     -0.11313     -0.05085
FE      0.00094      0.99493      0.49825     -0.13484      0.31370      0.18377
FE      0.24932      0.24946      0.50116      0.03377     -0.11888     -0.06082
FE      0.25062      0.99930      0.74811     -0.03676      0.01057      0.17288
FE      0.00112      0.25004      0.75182     -0.07658     -0.08083     -0.14050
FE      0.00210      0.49884      0.00250     -0.16024      0.04158     -0.15268
FE      0.24909      0.74841      0.99901      0.07160      0.00005      0.10232
FE      0.24993      0.49617      0.25195     -0.01239      0.25315     -0.05613
FE      0.99890      0.75043      0.24833      0.09824     -0.13352      0.11947
FE      0.00255      0.49807      0.50149     -0.20563      0.15344     -0.03309
FE      0.25012      0.75053      0.50152      0.01340     -0.11798     -0.13185
FE      0.25262      0.49919      0.75024     -0.24979      0.02611      0.03423
FE      0.99632      0.75047      0.75144      0.28852     -0.08928     -0.07713
FE      0.49724      0.00033      0.00239      0.23697     -0.05847     -0.17088
FE      0.75234      0.25031      0.00061     -0.17685     -0.08280      0.00633
FE      0.74936      0.00017      0.25276      0.04931     -0.07931     -0.22802
FE      0.50147      0.25194      0.25082     -0.09732     -0.17688     -0.02705
FE      0.50174      0.00237      0.49870     -0.15827     -0.25816      0.06610
FE      0.75080      0.25040      0.49789      0.02080     -0.01815      0.20877
FE      0.74518      0.00056      0.75026      0.33314     -0.04065     -0.02734
FE      0.50218      0.25129      0.74911     -0.17190     -0.17703      0.09839
FE      0.49784      0.49598      0.00215      0.18538      0.24771     -0.12982
FE      0.74853      0.74902      0.99982      0.05283      0.05125      0.01610
FE      0.74957      0.50213      0.24950      0.10065     -0.21908      0.08188
FE      0.50394      0.74667      0.24901     -0.40992      0.17317      0.11679
FE      0.49938      0.49738      0.50408      0.07355      0.13933     -0.28270
FE      0.74944      0.74609      0.50020     -0.00884      0.20579      0.02014
FE      0.74816      0.49985      0.74984      0.19328     -0.06677      0.13851
FE      0.49949      0.74836      0.75033      0.01005      0.10975     -0.02213
