/* Converted from PWscf output file */ 
#L_UNITS ang 
#E_UNITS eV 
#S_UNITS GPA 
#F_UNITS EV/ANG 
#ALAT 	   6.84431     // a0 
#X 	   1.00000     0.00000     0.00000     // X 
#Y 	   0.00000     1.05447     0.00000     // Y 
#Z 	   0.00000     0.00000     1.00000     // Z 
#SX 	   0.13592     0.03894    -0.03675     // SX 
#SY 	   0.03894     0.06577    -0.01969     // SY 
#SZ 	  -0.03675    -0.01969     0.13694     // SZ 
#EPA 	  -4.78683     // Energy per Atom 
#RCUT 	6.5        // Rcut 
FE      0.99776      0.99933      0.00015      0.12802     -0.00024     -0.01526
FE      0.24800      0.25215      0.00027      0.12943     -0.18315     -0.06487
FE      0.24746      0.99985      0.24972      0.13636      0.06736     -0.04078
FE      0.99810      0.25367      0.24956      0.10266     -0.32166     -0.00520
FE      0.00246      0.00275      0.49858     -0.14195     -0.19263      0.11784
FE      0.25117      0.24962      0.50176      0.01001     -0.06812     -0.17368
FE      0.25213      0.99769      0.75238     -0.12288      0.08290     -0.14587
FE      0.00301      0.25006      0.74936     -0.21160     -0.10582      0.03219
FE      0.99559      0.50072      0.99904      0.31973      0.01992     -0.02880
FE      0.24605      0.74941      0.00136      0.21575     -0.01656     -0.15565
FE      0.24963      0.49647      0.25141     -0.00773      0.17753     -0.17343
FE      0.99969      0.74798      0.25213      0.04195      0.10021     -0.15287
FE      0.00226      0.49760      0.49944     -0.22665      0.10926      0.04409
FE      0.25109      0.74965      0.49606     -0.07800     -0.02484      0.24155
FE      0.24731      0.49922      0.75019      0.18448      0.11503     -0.05236
FE      0.00066      0.75003      0.74660     -0.08509      0.01746      0.11038
FE      0.50318      0.00113      0.00027     -0.27317     -0.05364     -0.02971
FE      0.75149      0.25041      0.99741     -0.10917     -0.05145      0.19066
FE      0.74710      0.99570      0.25113      0.30614      0.25618     -0.11519
FE      0.50067      0.24881      0.24953      0.00433      0.04244     -0.02436
FE      0.50134      0.99644      0.49777     -0.18124      0.18066      0.18701
FE      0.74861      0.24671      0.49892      0.07730      0.20507      0.02886
FE      0.74790      0.99943      0.75296      0.13751      0.01202     -0.29766
FE      0.50262      0.25147      0.74896     -0.25482     -0.14137      0.06334
FE      0.50003      0.50214      0.99838     -0.07216     -0.26498      0.11230
FE      0.74647      0.74772      0.99859      0.33319      0.14414      0.00143
FE      0.75162      0.50136      0.24728     -0.24389     -0.13994      0.23458
FE      0.49962      0.74985      0.24651     -0.06448     -0.04285      0.13831
FE      0.49789      0.49980      0.49808      0.16747      0.03780      0.07876
FE      0.75039      0.75025      0.49699     -0.07271     -0.12983      0.22789
FE      0.74783      0.49773      0.75086      0.16467      0.09830     -0.21517
FE      0.50346      0.74818      0.75101     -0.31349      0.07082     -0.11832
