/* Converted from PWscf output file */ 
#L_UNITS ang 
#E_UNITS eV 
#S_UNITS GPA 
#F_UNITS EV/ANG 
#ALAT 	   6.84431     // a0 
#X 	   1.00000     0.00000     0.00000     // X 
#Y 	   0.00000     1.05447     0.00000     // Y 
#Z 	   0.00000     0.00000     1.00000     // Z 
#SX 	   0.02567    -0.00598    -0.00700     // SX 
#SY 	  -0.00598     0.02435     0.00394     // SY 
#SZ 	  -0.00700     0.00394     0.02494     // SZ 
#EPA 	  -4.78912     // Energy per Atom 
#RCUT 	6.5        // Rcut 
FE      0.00068      0.99994      0.99909     -0.05224     -0.00471      0.10305
FE      0.24774      0.25029      0.00121      0.13846     -0.03680     -0.10186
FE      0.25072      0.00055      0.25115     -0.06537     -0.02866     -0.08432
FE      0.99981      0.24974      0.24920     -0.03852      0.05900      0.07135
FE      0.99874      0.00098      0.49997      0.08784     -0.06051     -0.03033
FE      0.25031      0.24908      0.49895     -0.04537      0.08510      0.06367
FE      0.24940      0.00008      0.75066      0.04484     -0.00708     -0.06902
FE      0.99909      0.24796      0.75066      0.06981      0.17551     -0.09076
FE      0.00016      0.49933      0.99805     -0.07134      0.08120      0.11003
FE      0.24887      0.74960      0.00047      0.07298      0.04507     -0.06340
FE      0.25139      0.49916      0.24777     -0.11397      0.08482      0.14114
FE      0.99995      0.75105      0.24919     -0.00700     -0.07597      0.03870
FE      0.00034      0.50086      0.49994      0.00191     -0.09896     -0.03439
FE      0.25091      0.74996      0.50075     -0.11316      0.01913     -0.05614
FE      0.24985      0.50006      0.74987     -0.01711     -0.01053     -0.02458
FE      0.99767      0.75101      0.75030      0.14618     -0.05744     -0.01396
FE      0.49981      0.00128      0.00040     -0.04840     -0.04578     -0.06579
FE      0.74957      0.24923      0.99973      0.00830      0.07847     -0.03243
FE      0.74970      0.00203      0.24930      0.01732     -0.15200      0.03914
FE      0.50074      0.24975      0.25032     -0.07489      0.03953     -0.03683
FE      0.49977      0.00032      0.49965      0.04461     -0.03830      0.06305
FE      0.74906      0.24936      0.49973      0.04632      0.07684      0.04326
FE      0.75161      0.00072      0.74994     -0.17787     -0.03903      0.00733
FE      0.49832      0.25095      0.74991      0.07387     -0.06030     -0.00540
FE      0.49942      0.49933      0.99911      0.07469      0.03840      0.05545
FE      0.74752      0.75135      0.99956      0.14821     -0.08825      0.05385
FE      0.75018      0.49988      0.25018     -0.01129      0.04112     -0.05959
FE      0.49876      0.75190      0.24948      0.06852     -0.11837      0.04839
FE      0.50030      0.50018      0.49890     -0.04355      0.02738      0.03204
FE      0.75243      0.74995      0.49964     -0.22112      0.03896     -0.01152
FE      0.75030      0.49993      0.74887     -0.02165      0.00029      0.03319
FE      0.49891      0.74985      0.75132      0.07899      0.03189     -0.12334
