/* Converted from PWscf output file */ 
#L_UNITS ang 
#E_UNITS eV 
#S_UNITS GPA 
#F_UNITS EV/ANG 
#ALAT 	   6.85572     // a0 
#X 	   1.00000     0.00000     0.00000     // X 
#Y 	   0.00000     1.05272     0.00000     // Y 
#Z 	   0.00000     0.00000     0.99832     // Z 
#SX 	  -0.61441     0.00000     0.00000     // SX 
#SY 	   0.00000    -0.23173     0.00000     // SY 
#SZ 	   0.00000     0.00000    -0.40761     // SZ 
#EPA 	  -4.79034     // Energy per Atom 
#RCUT 	6.5        // Rcut 
FE      0.00000      0.00000      0.00000      0.00000      0.00000      0.00000
FE      0.25000      0.25000      0.00000     -0.00083      0.00065      0.00000
FE      0.25000      0.00000      0.25000      0.00027     -0.00000     -0.00038
FE      0.00000      0.25000      0.25000      0.00000     -0.00122      0.00015
FE      0.00000      0.00000      0.50000      0.00000      0.00000      0.00000
FE      0.25000      0.25001      0.50000     -0.00033      0.00016      0.00000
FE      0.25000      0.00000      0.75000      0.00027      0.00000      0.00038
FE      0.00000      0.25000      0.74999      0.00000     -0.00122     -0.00015
FE      0.00000      0.50000      0.00000      0.00000      0.00000      0.00000
FE      0.25000      0.75000      0.00000     -0.00083     -0.00065      0.00000
FE      0.25000      0.50000      0.25000     -0.00006      0.00000      0.00004
FE      0.00000      0.75000      0.25000      0.00000      0.00122      0.00015
FE      0.00000      0.50000      0.50000      0.00000      0.00000      0.00000
FE      0.25000      0.74999      0.50000     -0.00033     -0.00016      0.00000
FE      0.25000      0.50000      0.75000     -0.00006     -0.00000     -0.00004
FE      0.00000      0.75000      0.74999      0.00000      0.00122     -0.00015
FE      0.50000      0.00000      0.00000      0.00000      0.00000      0.00000
FE      0.75000      0.25000      0.00000      0.00083      0.00065      0.00000
FE      0.75000      0.00000      0.25000     -0.00027      0.00000     -0.00038
FE      0.50000      0.25000      0.25000      0.00000      0.00017      0.00031
FE      0.50000      0.00000      0.50000      0.00000      0.00000      0.00000
FE      0.75000      0.25001      0.50000      0.00033      0.00016      0.00000
FE      0.75000      0.00000      0.75000     -0.00027     -0.00000      0.00038
FE      0.50000      0.25000      0.75000      0.00000      0.00017     -0.00031
FE      0.50000      0.50000      0.00000      0.00000      0.00000      0.00000
FE      0.75000      0.75000      0.00000      0.00083     -0.00065      0.00000
FE      0.75000      0.50000      0.25000      0.00006     -0.00000      0.00004
FE      0.50000      0.75000      0.25000      0.00000     -0.00017      0.00031
FE      0.50000      0.50000      0.50000      0.00000      0.00000      0.00000
FE      0.75000      0.74999      0.50000      0.00033     -0.00016      0.00000
FE      0.75000      0.50000      0.75000      0.00006      0.00000     -0.00004
FE      0.50000      0.75000      0.75000      0.00000     -0.00017     -0.00031
