/* Converted from PWscf output file */ 
#L_UNITS ang 
#E_UNITS eV 
#S_UNITS GPA 
#F_UNITS EV/ANG 
#ALAT 	   6.87853     // a0 
#X 	   1.00000     0.00000     0.00000     // X 
#Y 	   0.00000     1.04923     0.00000     // Y 
#Z 	   0.00000     0.00000     0.99501     // Z 
#SX 	  -1.74391     0.00000     0.00000     // SX 
#SY 	   0.00000    -0.57124     0.00000     // SY 
#SZ 	   0.00000     0.00000    -1.12673     // SZ 
#EPA 	  -4.79119     // Energy per Atom 
#RCUT 	6.5        // Rcut 
FE      0.00000      0.00000      0.00000      0.00000      0.00000      0.00000
FE      0.25000      0.25000      0.00000     -0.00141     -0.00045      0.00000
FE      0.25000      0.00000      0.25000     -0.00161     -0.00000     -0.00106
FE      0.00000      0.25000      0.25000      0.00000     -0.00062      0.00192
FE      0.00000      0.00000      0.50000      0.00000      0.00000      0.00000
FE      0.25000      0.25001      0.50000     -0.00125      0.00065      0.00000
FE      0.25000      0.00000      0.75000     -0.00161      0.00000      0.00106
FE      0.00000      0.25000      0.74999      0.00000     -0.00062     -0.00192
FE      0.00000      0.50000      0.00000      0.00000      0.00000      0.00000
FE      0.25000      0.75000      0.00000     -0.00141      0.00045      0.00000
FE      0.25000      0.50000      0.25000     -0.00021      0.00000      0.00012
FE      0.00000      0.75000      0.25000      0.00000      0.00062      0.00192
FE      0.00000      0.50000      0.50000      0.00000      0.00000      0.00000
FE      0.25000      0.74999      0.50000     -0.00125     -0.00065      0.00000
FE      0.25000      0.50000      0.75000     -0.00021     -0.00000     -0.00012
FE      0.00000      0.75000      0.74999      0.00000      0.00062     -0.00192
FE      0.50000      0.00000      0.00000      0.00000      0.00000      0.00000
FE      0.75000      0.25000      0.00000      0.00141     -0.00045      0.00000
FE      0.75000      0.00000      0.25000      0.00161      0.00000     -0.00106
FE      0.50000      0.25000      0.25000      0.00000     -0.00133      0.00115
FE      0.50000      0.00000      0.50000      0.00000      0.00000      0.00000
FE      0.75000      0.25001      0.50000      0.00125      0.00065      0.00000
FE      0.75000      0.00000      0.75000      0.00161     -0.00000      0.00106
FE      0.50000      0.25000      0.75000      0.00000     -0.00133     -0.00115
FE      0.50000      0.50000      0.00000      0.00000      0.00000      0.00000
FE      0.75000      0.75000      0.00000      0.00141      0.00045      0.00000
FE      0.75000      0.50000      0.25000      0.00021     -0.00000      0.00012
FE      0.50000      0.75000      0.25000      0.00000      0.00133      0.00115
FE      0.50000      0.50000      0.50000      0.00000      0.00000      0.00000
FE      0.75000      0.74999      0.50000      0.00125     -0.00065      0.00000
FE      0.75000      0.50000      0.75000      0.00021      0.00000     -0.00012
FE      0.50000      0.75000      0.75000      0.00000      0.00133     -0.00115
