/* Converted from PWscf output file */ 
#L_UNITS ang 
#E_UNITS eV 
#S_UNITS GPA 
#F_UNITS EV/ANG 
#ALAT 	   6.90134     // a0 
#X 	   1.00000     0.00000     0.00000     // X 
#Y 	   0.00000     1.04576     0.00000     // Y 
#Z 	   0.00000     0.00000     0.99172     // Z 
#SX 	  -2.99066     0.00000     0.00000     // SX 
#SY 	   0.00000    -1.07073     0.00000     // SY 
#SZ 	   0.00000     0.00000    -1.96456     // SZ 
#EPA 	  -4.79176     // Energy per Atom 
#RCUT 	6.5        // Rcut 
FE      0.00000      0.00000      0.00000      0.00000      0.00000      0.00000
FE      0.25000      0.25000      0.00000      0.00011      0.00139      0.00000
FE      0.25000      0.00000      0.25000      0.00189     -0.00000     -0.00058
FE      0.00000      0.25000      0.25000      0.00000     -0.00141     -0.00101
FE      0.00000      0.00000      0.50000      0.00000      0.00000      0.00000
FE      0.25000      0.25001      0.50000      0.00065      0.00024      0.00000
FE      0.25000      0.00000      0.75000      0.00189      0.00000      0.00058
FE      0.00000      0.25000      0.74999      0.00000     -0.00141      0.00101
FE      0.00000      0.50000      0.00000      0.00000      0.00000      0.00000
FE      0.25000      0.75000      0.00000      0.00011     -0.00139      0.00000
FE      0.25000      0.50000      0.25000      0.00040      0.00000     -0.00057
FE      0.00000      0.75000      0.25000      0.00000      0.00141     -0.00101
FE      0.00000      0.50000      0.50000      0.00000      0.00000      0.00000
FE      0.25000      0.74999      0.50000      0.00065     -0.00024      0.00000
FE      0.25000      0.50000      0.75000      0.00040      0.00000      0.00057
FE      0.00000      0.75000      0.74999      0.00000      0.00141      0.00101
FE      0.50000      0.00000      0.00000      0.00000      0.00000      0.00000
FE      0.75000      0.25000      0.00000     -0.00011      0.00139      0.00000
FE      0.75000      0.00000      0.25000     -0.00189      0.00000     -0.00058
FE      0.50000      0.25000      0.25000      0.00000      0.00121     -0.00078
FE      0.50000      0.00000      0.50000      0.00000      0.00000      0.00000
FE      0.75000      0.25001      0.50000     -0.00065      0.00024      0.00000
FE      0.75000      0.00000      0.75000     -0.00189     -0.00000      0.00058
FE      0.50000      0.25000      0.75000      0.00000      0.00121      0.00078
FE      0.50000      0.50000      0.00000      0.00000      0.00000      0.00000
FE      0.75000      0.75000      0.00000     -0.00011     -0.00139      0.00000
FE      0.75000      0.50000      0.25000     -0.00040      0.00000     -0.00057
FE      0.50000      0.75000      0.25000      0.00000     -0.00121     -0.00078
FE      0.50000      0.50000      0.50000      0.00000      0.00000      0.00000
FE      0.75000      0.74999      0.50000     -0.00065     -0.00024      0.00000
FE      0.75000      0.50000      0.75000     -0.00040      0.00000      0.00057
FE      0.50000      0.75000      0.75000      0.00000     -0.00121      0.00078
