/* Converted from PWscf output file */ 
#L_UNITS ang 
#E_UNITS eV 
#S_UNITS GPA 
#F_UNITS EV/ANG 
#ALAT 	   6.84431     // a0 
#X 	   1.00000     0.00000     0.00000     // X 
#Y 	   0.00000     1.05447     0.00167     // Y 
#Z 	   0.00000     0.00176     0.99999     // Z 
#SX 	   0.02202     0.00000     0.00000     // SX 
#SY 	   0.00000     0.03383    -0.61426     // SY 
#SZ 	   0.00000    -0.61426     0.02654     // SZ 
#EPA 	  -4.78976     // Energy per Atom 
#RCUT 	6.5        // Rcut 
FE      0.00000      0.00000      0.00000      0.00000      0.00000      0.00000
FE      0.25000      0.25000     -0.00002      0.00038      0.00015      0.00034
FE      0.25000      0.00002      0.25000      0.00082      0.00004      0.00059
FE      0.00000      0.25002      0.24998      0.00000     -0.00142      0.00029
FE      0.00000      0.00004      0.50000      0.00000      0.00000      0.00000
FE      0.25000      0.25005      0.49998     -0.00005     -0.00076     -0.00058
FE      0.25000      0.00006      0.75000      0.00082     -0.00004     -0.00059
FE      0.00000      0.25007      0.74997      0.00000     -0.00118     -0.00063
FE      0.00000      0.50000     -0.00005      0.00000      0.00000      0.00000
FE      0.25000      0.75000     -0.00007      0.00038     -0.00015     -0.00034
FE      0.25000      0.50002      0.24996     -0.00003      0.00009      0.00042
FE      0.00000      0.75002      0.24994      0.00000      0.00118      0.00063
FE      0.00000      0.50004      0.49995      0.00000      0.00000      0.00000
FE      0.25000      0.75004      0.49993     -0.00005      0.00076      0.00058
FE      0.25000      0.50006      0.74995     -0.00003     -0.00009     -0.00042
FE      0.00000      0.75006      0.74993      0.00000      0.00142     -0.00029
FE      0.50000      0.00000      0.00000      0.00000      0.00000      0.00000
FE      0.75000      0.25000     -0.00002     -0.00038      0.00015      0.00034
FE      0.75000      0.00002      0.25000     -0.00082      0.00004      0.00059
FE      0.50000      0.25002      0.24998      0.00000     -0.00036      0.00060
FE      0.50000      0.00004      0.50000      0.00000      0.00000      0.00000
FE      0.75000      0.25005      0.49998      0.00005     -0.00076     -0.00058
FE      0.75000      0.00006      0.75000     -0.00082     -0.00004     -0.00059
FE      0.50000      0.25006      0.74997      0.00000     -0.00003      0.00035
FE      0.50000      0.50000     -0.00005      0.00000      0.00000      0.00000
FE      0.75000      0.75000     -0.00007     -0.00038     -0.00015     -0.00034
FE      0.75000      0.50002      0.24996      0.00003      0.00009      0.00042
FE      0.50000      0.75002      0.24993      0.00000      0.00003     -0.00035
FE      0.50000      0.50004      0.49995      0.00000      0.00000      0.00000
FE      0.75000      0.75004      0.49993      0.00005      0.00076      0.00058
FE      0.75000      0.50006      0.74995      0.00003     -0.00009     -0.00042
FE      0.50000      0.75006      0.74993      0.00000      0.00036     -0.00060
