/* Converted from PWscf output file */ 
#L_UNITS ang 
#E_UNITS eV 
#S_UNITS GPA 
#F_UNITS EV/ANG 
#ALAT 	   6.84453     // a0 
#X 	   1.00000     0.00000     0.00000     // X 
#Y 	   0.00000     1.05447     0.01000     // Y 
#Z 	   0.00000     0.01054     0.99999     // Z 
#SX 	   0.05600     0.00000     0.00000     // SX 
#SY 	   0.00000     0.22430    -3.68338     // SY 
#SZ 	   0.00000    -3.68338     0.21263     // SZ 
#EPA 	  -4.78738     // Energy per Atom 
#RCUT 	6.5        // Rcut 
FE      0.00000      0.00000      0.00000      0.00000      0.00000      0.00000
FE      0.25000      0.25000     -0.00014      0.00131      0.00050      0.00043
FE      0.25000      0.00013      0.25000      0.00390      0.00038      0.00290
FE      0.00000      0.25013      0.24987      0.00000     -0.00214     -0.00389
FE      0.00000      0.00026      0.50000      0.00000      0.00000      0.00000
FE      0.25000      0.25026      0.49986      0.00101     -0.00356     -0.00256
FE      0.25000      0.00039      0.75000      0.00390     -0.00038     -0.00290
FE      0.00000      0.25039      0.74985      0.00000     -0.00334      0.00366
FE      0.00000      0.50000     -0.00027      0.00000      0.00000      0.00000
FE      0.25000      0.75000     -0.00041      0.00131     -0.00050     -0.00043
FE      0.25000      0.50013      0.24973     -0.00066     -0.00155      0.00025
FE      0.00000      0.75013      0.24959      0.00000      0.00334     -0.00366
FE      0.00000      0.50026      0.49973      0.00000      0.00000      0.00000
FE      0.25000      0.75026      0.49959      0.00101      0.00356      0.00256
FE      0.25000      0.50039      0.74972     -0.00066      0.00155     -0.00025
FE      0.00000      0.75039      0.74958      0.00000      0.00214      0.00389
FE      0.50000      0.00000      0.00000      0.00000      0.00000      0.00000
FE      0.75000      0.25000     -0.00014     -0.00131      0.00050      0.00043
FE      0.75000      0.00013      0.25000     -0.00390      0.00038      0.00290
FE      0.50000      0.25013      0.24986      0.00000      0.00143      0.00049
FE      0.50000      0.00026      0.50000      0.00000      0.00000      0.00000
FE      0.75000      0.25026      0.49986     -0.00101     -0.00356     -0.00256
FE      0.75000      0.00039      0.75000     -0.00390     -0.00038     -0.00290
FE      0.50000      0.25039      0.74986      0.00000      0.00293      0.00448
FE      0.50000      0.50000     -0.00027      0.00000      0.00000      0.00000
FE      0.75000      0.75000     -0.00041     -0.00131     -0.00050     -0.00043
FE      0.75000      0.50013      0.24973      0.00066     -0.00155      0.00025
FE      0.50000      0.75013      0.24959      0.00000     -0.00293     -0.00448
FE      0.50000      0.50026      0.49973      0.00000      0.00000      0.00000
FE      0.75000      0.75026      0.49959     -0.00101      0.00356      0.00256
FE      0.75000      0.50039      0.74972      0.00066      0.00155     -0.00025
FE      0.50000      0.75039      0.74958      0.00000     -0.00143     -0.00049
