/* Converted from PWscf output file */ 
#L_UNITS ang 
#E_UNITS eV 
#S_UNITS GPA 
#F_UNITS EV/ANG 
#ALAT 	   6.84447     // a0 
#X 	   1.00000     0.00000     0.00000     // X 
#Y 	   0.00000     1.05447     0.00833     // Y 
#Z 	   0.00000     0.00879     0.99999     // Z 
#SX 	   0.05746     0.00000     0.00000     // SX 
#SY 	   0.00000     0.16902    -3.07029     // SY 
#SZ 	   0.00000    -3.07029     0.16713     // SZ 
#EPA 	  -4.78812     // Energy per Atom 
#RCUT 	6.5        // Rcut 
FE      0.00000      0.00000      0.00000      0.00000      0.00000      0.00000
FE      0.25000      0.25000     -0.00011      0.00308     -0.00026      0.00005
FE      0.25000      0.00011      0.25000      0.00589     -0.00005      0.00200
FE      0.00000      0.25011      0.24989      0.00000     -0.00375     -0.00574
FE      0.00000      0.00022      0.50000      0.00000      0.00000      0.00000
FE      0.25000      0.25022      0.49988      0.00262     -0.00483     -0.00249
FE      0.25000      0.00032      0.75000      0.00589      0.00005     -0.00200
FE      0.00000      0.25033      0.74988      0.00000     -0.00467      0.00559
FE      0.00000      0.50000     -0.00023      0.00000      0.00000      0.00000
FE      0.25000      0.75000     -0.00034      0.00308      0.00026     -0.00005
FE      0.25000      0.50011      0.24977      0.00106     -0.00174     -0.00107
FE      0.00000      0.75011      0.24966      0.00000      0.00467     -0.00559
FE      0.00000      0.50022      0.49977      0.00000      0.00000      0.00000
FE      0.25000      0.75021      0.49966      0.00262      0.00483      0.00249
FE      0.25000      0.50033      0.74977      0.00106      0.00174      0.00107
FE      0.00000      0.75033      0.74965      0.00000      0.00375      0.00574
FE      0.50000      0.00000      0.00000      0.00000      0.00000      0.00000
FE      0.75000      0.25000     -0.00011     -0.00308     -0.00026      0.00005
FE      0.75000      0.00011      0.25000     -0.00589     -0.00005      0.00200
FE      0.50000      0.25011      0.24989      0.00000      0.00115     -0.00094
FE      0.50000      0.00022      0.50000      0.00000      0.00000      0.00000
FE      0.75000      0.25022      0.49988     -0.00262     -0.00483     -0.00249
FE      0.75000      0.00032      0.75000     -0.00589      0.00005     -0.00200
FE      0.50000      0.25032      0.74988      0.00000      0.00270      0.00643
FE      0.50000      0.50000     -0.00023      0.00000      0.00000      0.00000
FE      0.75000      0.75000     -0.00034     -0.00308      0.00026     -0.00005
FE      0.75000      0.50011      0.24977     -0.00106     -0.00174     -0.00107
FE      0.50000      0.75011      0.24966      0.00000     -0.00270     -0.00643
FE      0.50000      0.50022      0.49977      0.00000      0.00000      0.00000
FE      0.75000      0.75021      0.49966     -0.00262      0.00483      0.00249
FE      0.75000      0.50033      0.74977     -0.00106      0.00174      0.00107
FE      0.50000      0.75033      0.74965      0.00000     -0.00115      0.00094
