/* Converted from PWscf output file */ 
#L_UNITS ang 
#E_UNITS eV 
#S_UNITS GPA 
#F_UNITS EV/ANG 
#ALAT 	   6.84453     // a0 
#X 	   1.00000     0.00000     0.01000     // X 
#Y 	   0.00000     1.05447     0.00000     // Y 
#Z 	   0.01000     0.00000     0.99999     // Z 
#SX 	   0.13344     0.00000    -5.36181     // SX 
#SY 	   0.00000    -0.04506     0.00000     // SY 
#SZ 	  -5.36181     0.00000     0.13213     // SZ 
#EPA 	  -4.78627     // Energy per Atom 
#RCUT 	6.5        // Rcut 
FE      0.00000      0.00000      0.00000      0.00000      0.00000      0.00000
FE      0.25000      0.25000      0.00000     -0.00020      0.00100     -0.00165
FE      0.25000      0.00000      0.25000     -0.00013      0.00000     -0.00093
FE      0.00000      0.25000      0.25000     -0.00022     -0.00064      0.00058
FE      0.00000      0.00000      0.50000      0.00000      0.00000      0.00000
FE      0.25000      0.25001      0.50000      0.00055      0.00094      0.00013
FE      0.25000      0.00000      0.75000      0.00020      0.00000     -0.00008
FE      0.00000      0.25000      0.75000      0.00022     -0.00064     -0.00058
FE      0.00000      0.50000      0.00000      0.00000      0.00000      0.00000
FE      0.25000      0.75000      0.00000     -0.00020     -0.00100     -0.00165
FE      0.25000      0.50000      0.25000     -0.00033      0.00000     -0.00059
FE      0.00000      0.75000      0.25000     -0.00022      0.00064      0.00058
FE      0.00000      0.50000      0.50000      0.00000      0.00000      0.00000
FE      0.25000      0.75000      0.50000      0.00055     -0.00094      0.00013
FE      0.25000      0.50000      0.75000      0.00137      0.00000     -0.00025
FE      0.00000      0.75000      0.75000      0.00022      0.00064     -0.00058
FE      0.50000      0.00000      0.00000      0.00000      0.00000      0.00000
FE      0.75000      0.25000      0.00000      0.00020      0.00100      0.00165
FE      0.75000      0.00000      0.25000     -0.00020      0.00000      0.00008
FE      0.50000      0.25000      0.25000     -0.00123      0.00020      0.00007
FE      0.50000      0.00000      0.50000      0.00000      0.00000      0.00000
FE      0.75000      0.25001      0.50000     -0.00055      0.00094     -0.00013
FE      0.75000      0.00000      0.75000      0.00013      0.00000      0.00093
FE      0.50000      0.25000      0.75000      0.00123      0.00020     -0.00007
FE      0.50000      0.50000      0.00000      0.00000      0.00000      0.00000
FE      0.75000      0.75000      0.00000      0.00020     -0.00100      0.00165
FE      0.75000      0.50000      0.25000     -0.00137      0.00000      0.00025
FE      0.50000      0.75000      0.25000     -0.00123     -0.00020      0.00007
FE      0.50000      0.50000      0.50000      0.00000      0.00000      0.00000
FE      0.75000      0.75000      0.50000     -0.00055     -0.00094     -0.00013
FE      0.75000      0.50000      0.75000      0.00033      0.00000      0.00059
FE      0.50000      0.75000      0.75000      0.00123     -0.00020     -0.00007
