/* Converted from PWscf output file */ 
#L_UNITS ang 
#E_UNITS eV 
#S_UNITS GPA 
#F_UNITS EV/ANG 
#ALAT 	   6.84441     // a0 
#X 	   1.00000     0.00000     0.00667     // X 
#Y 	   0.00000     1.05447     0.00000     // Y 
#Z 	   0.00667     0.00000     0.99999     // Z 
#SX 	   0.01517     0.00000    -3.57517     // SX 
#SY 	   0.00000    -0.03456     0.00000     // SY 
#SZ 	  -3.57517     0.00000     0.01385     // SZ 
#EPA 	  -4.78824     // Energy per Atom 
#RCUT 	6.5        // Rcut 
FE      0.00000      0.00000      0.00000      0.00000      0.00000      0.00000
FE      0.25000      0.25000     -0.00000     -0.00008      0.00102     -0.00162
FE      0.25000      0.00000      0.25000      0.00014      0.00000     -0.00101
FE     -0.00000      0.25000      0.25000     -0.00017     -0.00097      0.00040
FE     -0.00000      0.00000      0.50000      0.00000      0.00000      0.00000
FE      0.25000      0.25001      0.50000      0.00064      0.00067      0.00019
FE      0.25000      0.00000      0.75000      0.00064      0.00000     -0.00046
FE     -0.00000      0.25000      0.74999      0.00017     -0.00097     -0.00040
FE      0.00000      0.50000      0.00000      0.00000      0.00000      0.00000
FE      0.25000      0.75000     -0.00000     -0.00008     -0.00102     -0.00162
FE      0.25000      0.50000      0.25000     -0.00065      0.00000     -0.00038
FE     -0.00000      0.75000      0.25000     -0.00017      0.00097      0.00040
FE     -0.00000      0.50000      0.50000      0.00000      0.00000      0.00000
FE      0.25000      0.75000      0.50000      0.00064     -0.00067      0.00019
FE      0.25000      0.50000      0.75000      0.00164      0.00000     -0.00012
FE     -0.00000      0.75000      0.74999      0.00017      0.00097     -0.00040
FE      0.50000      0.00000     -0.00000      0.00000      0.00000      0.00000
FE      0.75000      0.25000     -0.00000      0.00008      0.00102      0.00162
FE      0.75000      0.00000      0.25000     -0.00064      0.00000      0.00046
FE      0.50000      0.25000      0.25000     -0.00113      0.00025     -0.00009
FE      0.50000      0.00000      0.50000      0.00000      0.00000      0.00000
FE      0.75000      0.25001      0.50000     -0.00064      0.00067     -0.00019
FE      0.75000      0.00000      0.75000     -0.00014      0.00000      0.00101
FE      0.50000      0.25000      0.75000      0.00113      0.00025      0.00009
FE      0.50000      0.50000     -0.00000      0.00000      0.00000      0.00000
FE      0.75000      0.75000     -0.00000      0.00008     -0.00102      0.00162
FE      0.75000      0.50000      0.25000     -0.00164      0.00000      0.00012
FE      0.50000      0.75000      0.25000     -0.00113     -0.00025     -0.00009
FE      0.50000      0.50000      0.50000      0.00000      0.00000      0.00000
FE      0.75000      0.75000      0.50000     -0.00064     -0.00067     -0.00019
FE      0.75000      0.50000      0.75000      0.00065      0.00000      0.00038
FE      0.50000      0.75000      0.75000      0.00113     -0.00025      0.00009
