/* Converted from PWscf output file */ 
#L_UNITS ang 
#E_UNITS eV 
#S_UNITS GPA 
#F_UNITS EV/ANG 
#ALAT 	   6.84441     // a0 
#X 	   1.00000     0.00703     0.00000     // X 
#Y 	   0.00667     1.05447     0.00000     // Y 
#Z 	   0.00000     0.00000     0.99999     // Z 
#SX 	   0.09406    -2.45413     0.00000     // SX 
#SY 	  -2.45413     0.13081     0.00000     // SY 
#SZ 	   0.00000     0.00000     0.02421     // SZ 
#EPA 	  -4.78875     // Energy per Atom 
#RCUT 	6.5        // Rcut 
FE      0.00000      0.00000      0.00000      0.00000      0.00000      0.00000
FE      0.24991      0.25009      0.00000      0.00160      0.00093      0.00000
FE      0.25000      0.00009      0.25000      0.00556      0.00072      0.00437
FE     -0.00009      0.25000      0.25000      0.00017     -0.00539     -0.00377
FE      0.00000      0.00000      0.50000      0.00000      0.00000      0.00000
FE      0.24991      0.25009      0.50000      0.00406     -0.01421      0.00000
FE      0.25000      0.00009      0.75000      0.00556      0.00072     -0.00437
FE     -0.00009      0.25000      0.74999      0.00017     -0.00539      0.00377
FE     -0.00018      0.50000      0.00000      0.00000      0.00000      0.00000
FE      0.24972      0.75009      0.00000      0.00473      0.00346      0.00000
FE      0.24982      0.50009      0.25000     -0.00059     -0.00463      0.00078
FE     -0.00027      0.75000      0.25000     -0.00017      0.00539     -0.00377
FE     -0.00018      0.50000      0.50000      0.00000      0.00000      0.00000
FE      0.24973      0.75008      0.50000     -0.00137      0.00058      0.00000
FE      0.24982      0.50009      0.75000     -0.00059     -0.00463     -0.00078
FE     -0.00027      0.75000      0.74999     -0.00017      0.00539      0.00377
FE      0.50000      0.00017      0.00000      0.00000      0.00000      0.00000
FE      0.74991      0.25026      0.00000     -0.00473     -0.00346      0.00000
FE      0.75000      0.00026      0.25000     -0.00556     -0.00072      0.00437
FE      0.49991      0.25017      0.25000      0.00474      0.00092     -0.00288
FE      0.50000      0.00017      0.50000      0.00000      0.00000      0.00000
FE      0.74991      0.25026      0.50000      0.00137     -0.00058      0.00000
FE      0.75000      0.00026      0.75000     -0.00556     -0.00072     -0.00437
FE      0.49991      0.25017      0.75000      0.00474      0.00092      0.00288
FE      0.49982      0.50017      0.00000      0.00000      0.00000      0.00000
FE      0.74973      0.75026      0.00000     -0.00160     -0.00093      0.00000
FE      0.74982      0.50026      0.25000      0.00059      0.00463      0.00078
FE      0.49973      0.75017      0.25000     -0.00474     -0.00092     -0.00288
FE      0.49982      0.50017      0.50000      0.00000      0.00000      0.00000
FE      0.74973      0.75026      0.50000     -0.00406      0.01421      0.00000
FE      0.74982      0.50026      0.75000      0.00059      0.00463     -0.00078
FE      0.49973      0.75017      0.75000     -0.00474     -0.00092      0.00288
