/* Converted from PWscf output file */ 
#L_UNITS ang 
#E_UNITS eV 
#S_UNITS GPA 
#F_UNITS EV/ANG 
#ALAT 	   6.84436     // a0 
#X 	   1.00000     0.00527     0.00000     // X 
#Y 	   0.00500     1.05447     0.00000     // Y 
#Z 	   0.00000     0.00000     0.99999     // Z 
#SX 	  -0.04433    -1.84147     0.00000     // SX 
#SY 	  -1.84147    -0.02348     0.00000     // SY 
#SZ 	   0.00000     0.00000    -0.08371     // SZ 
#EPA 	  -4.78922     // Energy per Atom 
#RCUT 	6.5        // Rcut 
FE      0.00000      0.00000      0.00000      0.00000      0.00000      0.00000
FE      0.24993      0.25007      0.00000      0.00157      0.00034      0.00000
FE      0.25000      0.00006      0.25000      0.00290      0.00039      0.00130
FE     -0.00007      0.25000      0.25000      0.00035     -0.00232     -0.00173
FE      0.00000      0.00000      0.50000      0.00000      0.00000      0.00000
FE      0.24993      0.25007      0.50000      0.00209     -0.00379      0.00000
FE      0.25000      0.00006      0.75000      0.00290      0.00039     -0.00130
FE     -0.00007      0.25000      0.75000      0.00035     -0.00232      0.00173
FE     -0.00014      0.50000      0.00000      0.00000      0.00000      0.00000
FE      0.24979      0.75006      0.00000     -0.00077     -0.00166      0.00000
FE      0.24986      0.50007      0.25000     -0.00003     -0.00241     -0.00001
FE     -0.00020      0.75000      0.25000     -0.00035      0.00232     -0.00173
FE     -0.00014      0.50000      0.50000      0.00000      0.00000      0.00000
FE      0.24980      0.75006      0.50000     -0.00031      0.00067      0.00000
FE      0.24986      0.50007      0.75000     -0.00003     -0.00241      0.00001
FE     -0.00020      0.75000      0.75000     -0.00035      0.00232      0.00173
FE      0.50000      0.00013      0.00000      0.00000      0.00000      0.00000
FE      0.74993      0.25020      0.00000      0.00077      0.00166      0.00000
FE      0.75000      0.00019      0.25000     -0.00290     -0.00039      0.00130
FE      0.49993      0.25013      0.25000      0.00145      0.00055     -0.00135
FE      0.50000      0.00013      0.50000      0.00000      0.00000      0.00000
FE      0.74993      0.25020      0.50000      0.00031     -0.00067      0.00000
FE      0.75000      0.00019      0.75000     -0.00290     -0.00039     -0.00130
FE      0.49993      0.25013      0.75000      0.00145      0.00055      0.00135
FE      0.49986      0.50013      0.00000      0.00000      0.00000      0.00000
FE      0.74980      0.75019      0.00000     -0.00157     -0.00034      0.00000
FE      0.74986      0.50019      0.25000      0.00003      0.00241     -0.00001
FE      0.49980      0.75013      0.25000     -0.00145     -0.00055     -0.00135
FE      0.49986      0.50013      0.50000      0.00000      0.00000      0.00000
FE      0.74980      0.75019      0.50000     -0.00209      0.00379      0.00000
FE      0.74986      0.50019      0.75000      0.00003      0.00241      0.00001
FE      0.49980      0.75013      0.75000     -0.00145     -0.00055      0.00135
