/* Converted from PWscf output file */ 
#L_UNITS ang 
#E_UNITS eV 
#S_UNITS GPA 
#F_UNITS EV/ANG 
#ALAT 	   6.84431     // a0 
#X 	   1.00000     0.00176     0.00000     // X 
#Y 	   0.00167     1.05447     0.00000     // Y 
#Z 	   0.00000     0.00000     0.99999     // Z 
#SX 	  -0.07569    -0.61368     0.00000     // SX 
#SY 	  -0.61368    -0.04740     0.00000     // SY 
#SZ 	   0.00000     0.00000    -0.08094     // SZ 
#EPA 	  -4.78976     // Energy per Atom 
#RCUT 	6.5        // Rcut 
FE      0.00000      0.00000      0.00000      0.00000      0.00000      0.00000
FE      0.24997      0.25002      0.00000      0.00073      0.00114      0.00000
FE      0.25000      0.00002      0.25000      0.00064      0.00038     -0.00018
FE     -0.00002      0.25000      0.25000      0.00071     -0.00001     -0.00026
FE      0.00000      0.00000      0.50000      0.00000      0.00000      0.00000
FE      0.24998      0.25003      0.50000      0.00069      0.00019      0.00000
FE      0.25000      0.00002      0.75000      0.00064      0.00038      0.00018
FE     -0.00002      0.25000      0.74999      0.00071     -0.00001      0.00026
FE     -0.00005      0.50000      0.00000      0.00000      0.00000      0.00000
FE      0.24993      0.75002      0.00000     -0.00044     -0.00154      0.00000
FE      0.24996      0.50002      0.25000      0.00017     -0.00068     -0.00014
FE     -0.00007      0.75000      0.25000     -0.00071      0.00001     -0.00026
FE     -0.00005      0.50000      0.50000      0.00000      0.00000      0.00000
FE      0.24993      0.75002      0.50000      0.00025     -0.00089      0.00000
FE      0.24996      0.50002      0.75000      0.00017     -0.00068      0.00014
FE     -0.00007      0.75000      0.74999     -0.00071      0.00001      0.00026
FE      0.50000      0.00004      0.00000      0.00000      0.00000      0.00000
FE      0.74998      0.25007      0.00000      0.00044      0.00154      0.00000
FE      0.75000      0.00006      0.25000     -0.00064     -0.00038     -0.00018
FE      0.49998      0.25004      0.25000     -0.00001      0.00096     -0.00043
FE      0.50000      0.00004      0.50000      0.00000      0.00000      0.00000
FE      0.74998      0.25007      0.50000     -0.00025      0.00089      0.00000
FE      0.75000      0.00006      0.75000     -0.00064     -0.00038      0.00018
FE      0.49998      0.25004      0.75000     -0.00001      0.00096      0.00043
FE      0.49995      0.50004      0.00000      0.00000      0.00000      0.00000
FE      0.74993      0.75006      0.00000     -0.00073     -0.00114      0.00000
FE      0.74995      0.50006      0.25000     -0.00017      0.00068     -0.00014
FE      0.49993      0.75004      0.25000      0.00001     -0.00096     -0.00043
FE      0.49995      0.50004      0.50000      0.00000      0.00000      0.00000
FE      0.74993      0.75006      0.50000     -0.00069     -0.00019      0.00000
FE      0.74995      0.50006      0.75000     -0.00017      0.00068      0.00014
FE      0.49993      0.75004      0.75000      0.00001     -0.00096      0.00043
