/* Converted from PWscf output file */ 
#L_UNITS ang 
#E_UNITS eV 
#S_UNITS GPA 
#F_UNITS EV/ANG 
#ALAT 	   6.84447     // a0 
#X 	   1.00000     0.00879     0.00000     // X 
#Y 	   0.00833     1.05447     0.00000     // Y 
#Z 	   0.00000     0.00000     0.99999     // Z 
#SX 	   0.05527    -3.06679     0.00000     // SX 
#SY 	  -3.06679     0.10427     0.00000     // SY 
#SZ 	   0.00000     0.00000    -0.05323     // SZ 
#EPA 	  -4.78812     // Energy per Atom 
#RCUT 	6.5        // Rcut 
FE      0.00000      0.00000      0.00000      0.00000      0.00000      0.00000
FE      0.24988      0.25011      0.00000      0.00145      0.00072      0.00000
FE      0.25000      0.00011      0.25000      0.00505      0.00003      0.00357
FE     -0.00011      0.25000      0.25000     -0.00000     -0.00452     -0.00358
FE      0.00000      0.00000      0.50000      0.00000      0.00000      0.00000
FE      0.24989      0.25011      0.50000      0.00389     -0.01068      0.00000
FE      0.25000      0.00011      0.75000      0.00505      0.00003     -0.00357
FE     -0.00011      0.25000      0.75000     -0.00000     -0.00452      0.00358
FE     -0.00023      0.50000      0.00000      0.00000      0.00000      0.00000
FE      0.24966      0.75011      0.00000      0.00179      0.00020      0.00000
FE      0.24977      0.50011      0.25000     -0.00037     -0.00372      0.00038
FE     -0.00034      0.75000      0.25000      0.00000      0.00452     -0.00358
FE     -0.00023      0.50000      0.50000      0.00000      0.00000      0.00000
FE      0.24966      0.75011      0.50000     -0.00108      0.00069      0.00000
FE      0.24977      0.50011      0.75000     -0.00037     -0.00372     -0.00038
FE     -0.00034      0.75000      0.75000      0.00000      0.00452      0.00358
FE      0.50000      0.00021      0.00000      0.00000      0.00000      0.00000
FE      0.74989      0.25033      0.00000     -0.00179     -0.00020      0.00000
FE      0.75000      0.00032      0.25000     -0.00505     -0.00003      0.00357
FE      0.49988      0.25022      0.25000      0.00406      0.00081     -0.00263
FE      0.50000      0.00021      0.50000      0.00000      0.00000      0.00000
FE      0.74988      0.25033      0.50000      0.00108     -0.00069      0.00000
FE      0.75000      0.00032      0.75000     -0.00505     -0.00003     -0.00357
FE      0.49988      0.25022      0.75000      0.00406      0.00081      0.00263
FE      0.49977      0.50022      0.00000      0.00000      0.00000      0.00000
FE      0.74966      0.75032      0.00000     -0.00145     -0.00072      0.00000
FE      0.74977      0.50032      0.25000      0.00037      0.00372      0.00038
FE      0.49966      0.75022      0.25000     -0.00406     -0.00081     -0.00263
FE      0.49977      0.50022      0.50000      0.00000      0.00000      0.00000
FE      0.74966      0.75032      0.50000     -0.00389      0.01068      0.00000
FE      0.74977      0.50032      0.75000      0.00037      0.00372     -0.00038
FE      0.49966      0.75022      0.75000     -0.00406     -0.00081      0.00263
