/* Converted from PWscf output file */ 
#L_UNITS ang 
#E_UNITS eV 
#S_UNITS GPA 
#F_UNITS EV/ANG 
#ALAT 	   6.91298     // a0 
#X 	   1.00000     0.00000     0.00000     // X 
#Y 	   0.00000     1.03359     0.00000     // Y 
#Z 	   0.00000     0.00000     0.99009     // Z 
#SX 	  -2.47980     0.00000     0.00000     // SX 
#SY 	   0.00000     1.53215     0.00000     // SY 
#SZ 	   0.00000     0.00000    -1.11973     // SZ 
#EPA 	  -4.78841     // Energy per Atom 
#RCUT 	6.5        // Rcut 
FE      0.00000      0.00000      0.00000      0.00000      0.00000      0.00000
FE      0.25000      0.25000      0.00000      0.00089      0.00104      0.00000
FE      0.25000      0.00000      0.25000      0.00287      0.00000      0.00028
FE      0.00000      0.25000      0.25000      0.00000     -0.00152     -0.00165
FE      0.00000      0.00000      0.50000      0.00000      0.00000      0.00000
FE      0.25000      0.25001      0.50000      0.00141     -0.00046      0.00000
FE      0.25000      0.00000      0.75000      0.00287      0.00000     -0.00028
FE      0.00000      0.25000      0.75000      0.00000     -0.00152      0.00165
FE      0.00000      0.50000      0.00000      0.00000      0.00000      0.00000
FE      0.25000      0.75000      0.00000      0.00089     -0.00104      0.00000
FE      0.25000      0.50000      0.25000      0.00096     -0.00000     -0.00028
FE      0.00000      0.75000      0.25000      0.00000      0.00152     -0.00165
FE      0.00000      0.50000      0.50000      0.00000      0.00000      0.00000
FE      0.25000      0.74999      0.50000      0.00141      0.00046      0.00000
FE      0.25000      0.50000      0.75000      0.00096      0.00000      0.00028
FE      0.00000      0.75000      0.75000      0.00000      0.00152      0.00165
FE      0.50000      0.00000      0.00000      0.00000      0.00000      0.00000
FE      0.75000      0.25000      0.00000     -0.00089      0.00104      0.00000
FE      0.75000      0.00000      0.25000     -0.00287      0.00000      0.00028
FE      0.50000      0.25000      0.25000      0.00000      0.00134     -0.00081
FE      0.50000      0.00000      0.50000      0.00000      0.00000      0.00000
FE      0.75000      0.25001      0.50000     -0.00141     -0.00046      0.00000
FE      0.75000      0.00000      0.75000     -0.00287      0.00000     -0.00028
FE      0.50000      0.25000      0.75000      0.00000      0.00134      0.00081
FE      0.50000      0.50000      0.00000      0.00000      0.00000      0.00000
FE      0.75000      0.75000      0.00000     -0.00089     -0.00104      0.00000
FE      0.75000      0.50000      0.25000     -0.00096      0.00000     -0.00028
FE      0.50000      0.75000      0.25000      0.00000     -0.00134     -0.00081
FE      0.50000      0.50000      0.50000      0.00000      0.00000      0.00000
FE      0.75000      0.74999      0.50000     -0.00141      0.00046      0.00000
FE      0.75000      0.50000      0.75000     -0.00096     -0.00000      0.00028
FE      0.50000      0.75000      0.75000      0.00000     -0.00134      0.00081
