/* Converted from PWscf output file */ 
#L_UNITS ang 
#E_UNITS eV 
#S_UNITS GPA 
#F_UNITS EV/ANG 
#ALAT 	   6.89004     // a0 
#X 	   1.00000     0.00000     0.00000     // X 
#Y 	   0.00000     1.04051     0.00000     // Y 
#Z 	   0.00000     0.00000     0.99336     // Z 
#SX 	  -1.34650     0.00000     0.00000     // SX 
#SY 	   0.00000     1.34942     0.00000     // SY 
#SZ 	   0.00000     0.00000    -0.46609     // SZ 
#EPA 	  -4.78917     // Energy per Atom 
#RCUT 	6.5        // Rcut 
FE      0.00000      0.00000      0.00000      0.00000      0.00000      0.00000
FE      0.25000      0.25000      0.00000      0.00029      0.00077      0.00000
FE      0.25000      0.00000      0.25000      0.00141      0.00000     -0.00150
FE      0.00000      0.25000      0.25000      0.00000     -0.00079     -0.00175
FE      0.00000      0.00000      0.50000      0.00000      0.00000      0.00000
FE      0.25000      0.25001      0.50000      0.00055      0.00010      0.00000
FE      0.25000      0.00000      0.75000      0.00141      0.00000      0.00150
FE      0.00000      0.25000      0.74999      0.00000     -0.00079      0.00175
FE      0.00000      0.50000      0.00000      0.00000      0.00000      0.00000
FE      0.25000      0.75000      0.00000      0.00029     -0.00077      0.00000
FE      0.25000      0.50000      0.25000      0.00018      0.00000     -0.00156
FE      0.00000      0.75000      0.25000      0.00000      0.00079     -0.00175
FE      0.00000      0.50000      0.50000      0.00000      0.00000      0.00000
FE      0.25000      0.75000      0.50000      0.00055     -0.00010      0.00000
FE      0.25000      0.50000      0.75000      0.00018     -0.00000      0.00156
FE      0.00000      0.75000      0.74999      0.00000      0.00079      0.00175
FE      0.50000      0.00000      0.00000      0.00000      0.00000      0.00000
FE      0.75000      0.25000      0.00000     -0.00029      0.00077      0.00000
FE      0.75000      0.00000      0.25000     -0.00141      0.00000     -0.00150
FE      0.50000      0.25000      0.25000      0.00000      0.00072     -0.00156
FE      0.50000      0.00000      0.50000      0.00000      0.00000      0.00000
FE      0.75000      0.25001      0.50000     -0.00055      0.00010      0.00000
FE      0.75000      0.00000      0.75000     -0.00141      0.00000      0.00150
FE      0.50000      0.25000      0.75000      0.00000      0.00072      0.00156
FE      0.50000      0.50000      0.00000      0.00000      0.00000      0.00000
FE      0.75000      0.75000      0.00000     -0.00029     -0.00077      0.00000
FE      0.75000      0.50000      0.25000     -0.00018     -0.00000     -0.00156
FE      0.50000      0.75000      0.25000      0.00000     -0.00072     -0.00156
FE      0.50000      0.50000      0.50000      0.00000      0.00000      0.00000
FE      0.75000      0.75000      0.50000     -0.00055     -0.00010      0.00000
FE      0.75000      0.50000      0.75000     -0.00018      0.00000      0.00156
FE      0.50000      0.75000      0.75000      0.00000     -0.00072      0.00156
