/* Converted from PWscf output file */ 
#L_UNITS ang 
#E_UNITS eV 
#S_UNITS GPA 
#F_UNITS EV/ANG 
#ALAT 	   6.86715     // a0 
#X 	   1.00000     0.00000     0.00000     // X 
#Y 	   0.00000     1.04747     0.00000     // Y 
#Z 	   0.00000     0.00000     0.99667     // Z 
#SX 	  -0.90170     0.00000     0.00000     // SX 
#SY 	   0.00000     0.43897     0.00000     // SY 
#SZ 	   0.00000     0.00000    -0.47484     // SZ 
#EPA 	  -4.78962     // Energy per Atom 
#RCUT 	6.5        // Rcut 
FE      0.00000      0.00000      0.00000      0.00000      0.00000      0.00000
FE      0.25000      0.25000      0.00000      0.00057      0.00081      0.00000
FE      0.25000      0.00000      0.25000      0.00109     -0.00000     -0.00044
FE      0.00000      0.25000      0.25000      0.00000     -0.00053     -0.00009
FE      0.00000      0.00000      0.50000      0.00000      0.00000      0.00000
FE      0.25000      0.25001      0.50000      0.00058      0.00016      0.00000
FE      0.25000      0.00000      0.75000      0.00109      0.00000      0.00044
FE      0.00000      0.25000      0.74999      0.00000     -0.00053      0.00009
FE      0.00000      0.50000      0.00000      0.00000      0.00000      0.00000
FE      0.25000      0.75000      0.00000      0.00057     -0.00081      0.00000
FE      0.25000      0.50000      0.25000      0.00081      0.00000     -0.00051
FE      0.00000      0.75000      0.25000      0.00000      0.00053     -0.00009
FE      0.00000      0.50000      0.50000      0.00000      0.00000      0.00000
FE      0.25000      0.74999      0.50000      0.00058     -0.00016      0.00000
FE      0.25000      0.50000      0.75000      0.00081      0.00000      0.00051
FE      0.00000      0.75000      0.74999      0.00000      0.00053      0.00009
FE      0.50000      0.00000      0.00000      0.00000      0.00000      0.00000
FE      0.75000      0.25000      0.00000     -0.00057      0.00081      0.00000
FE      0.75000      0.00000      0.25000     -0.00109      0.00000     -0.00044
FE      0.50000      0.25000      0.25000      0.00000      0.00044     -0.00012
FE      0.50000      0.00000      0.50000      0.00000      0.00000      0.00000
FE      0.75000      0.25001      0.50000     -0.00058      0.00016      0.00000
FE      0.75000      0.00000      0.75000     -0.00109     -0.00000      0.00044
FE      0.50000      0.25000      0.75000      0.00000      0.00044      0.00012
FE      0.50000      0.50000      0.00000      0.00000      0.00000      0.00000
FE      0.75000      0.75000      0.00000     -0.00057     -0.00081      0.00000
FE      0.75000      0.50000      0.25000     -0.00081      0.00000     -0.00051
FE      0.50000      0.75000      0.25000      0.00000     -0.00044     -0.00012
FE      0.50000      0.50000      0.50000      0.00000      0.00000      0.00000
FE      0.75000      0.74999      0.50000     -0.00058     -0.00016      0.00000
FE      0.75000      0.50000      0.75000     -0.00081      0.00000      0.00051
FE      0.50000      0.75000      0.75000      0.00000     -0.00044      0.00012
