/* Converted from PWscf output file */ 
#L_UNITS ang 
#E_UNITS eV 
#S_UNITS GPA 
#F_UNITS EV/ANG 
#ALAT 	   6.85572     // a0 
#X 	   1.00000     0.00000     0.00000     // X 
#Y 	   0.00000     1.05096     0.00000     // Y 
#Z 	   0.00000     0.00000     0.99832     // Z 
#SX 	  -0.37961     0.00000     0.00000     // SX 
#SY 	   0.00000     0.27811     0.00000     // SY 
#SZ 	   0.00000     0.00000    -0.16902     // SZ 
#EPA 	  -4.78973     // Energy per Atom 
#RCUT 	6.5        // Rcut 
FE      0.00000      0.00000      0.00000      0.00000      0.00000      0.00000
FE      0.25000      0.25000      0.00000     -0.00084      0.00130      0.00000
FE      0.25000      0.00000      0.25000      0.00123      0.00000     -0.00065
FE      0.00000      0.25000      0.25000      0.00000     -0.00243      0.00011
FE      0.00000      0.00000      0.50000      0.00000      0.00000      0.00000
FE      0.25000      0.25001      0.50000      0.00009      0.00019      0.00000
FE      0.25000      0.00000      0.75000      0.00123     -0.00000      0.00065
FE      0.00000      0.25000      0.74999      0.00000     -0.00243     -0.00011
FE      0.00000      0.50000      0.00000      0.00000      0.00000      0.00000
FE      0.25000      0.75000      0.00000     -0.00084     -0.00130      0.00000
FE      0.25000      0.50000      0.25000     -0.00000      0.00000     -0.00009
FE      0.00000      0.75000      0.25000      0.00000      0.00243      0.00011
FE      0.00000      0.50000      0.50000      0.00000      0.00000      0.00000
FE      0.25000      0.75000      0.50000      0.00009     -0.00019      0.00000
FE      0.25000      0.50000      0.75000     -0.00000      0.00000      0.00009
FE      0.00000      0.75000      0.74999      0.00000      0.00243     -0.00011
FE      0.50000      0.00000      0.00000      0.00000      0.00000      0.00000
FE      0.75000      0.25000      0.00000      0.00084      0.00130      0.00000
FE      0.75000      0.00000      0.25000     -0.00123     -0.00000     -0.00065
FE      0.50000      0.25000      0.25000      0.00000      0.00026     -0.00001
FE      0.50000      0.00000      0.50000      0.00000      0.00000      0.00000
FE      0.75000      0.25001      0.50000     -0.00009      0.00019      0.00000
FE      0.75000      0.00000      0.75000     -0.00123      0.00000      0.00065
FE      0.50000      0.25000      0.75000      0.00000      0.00026      0.00001
FE      0.50000      0.50000      0.00000      0.00000      0.00000      0.00000
FE      0.75000      0.75000      0.00000      0.00084     -0.00130      0.00000
FE      0.75000      0.50000      0.25000      0.00000      0.00000     -0.00009
FE      0.50000      0.75000      0.25000      0.00000     -0.00026     -0.00001
FE      0.50000      0.50000      0.50000      0.00000      0.00000      0.00000
FE      0.75000      0.75000      0.50000     -0.00009     -0.00019      0.00000
FE      0.75000      0.50000      0.75000      0.00000      0.00000      0.00009
FE      0.50000      0.75000      0.75000      0.00000     -0.00026      0.00001
