/* Converted from PWscf output file */ 
#L_UNITS ang 
#E_UNITS eV 
#S_UNITS GPA 
#F_UNITS EV/ANG 
#ALAT 	   6.91298     // a0 
#X 	   1.00000     0.00000     0.00000     // X 
#Y 	   0.00000     1.04403     0.00000     // Y 
#Z 	   0.00000     0.00000     0.98018     // Z 
#SX 	  -1.36094     0.00000     0.00000     // SX 
#SY 	   0.00000    -0.01575     0.00000     // SY 
#SZ 	   0.00000     0.00000     1.11725     // SZ 
#EPA 	  -4.78899     // Energy per Atom 
#RCUT 	6.5        // Rcut 
FE      0.00000      0.00000      0.00000      0.00000      0.00000      0.00000
FE      0.25000      0.25000      0.00000      0.00118      0.00145      0.00000
FE      0.25000      0.00000      0.25000      0.00415      0.00000      0.00061
FE      0.00000      0.25000      0.25000      0.00000     -0.00263     -0.00248
FE      0.00000      0.00000      0.50000      0.00000      0.00000      0.00000
FE      0.25000      0.25001      0.50000      0.00139     -0.00147      0.00000
FE      0.25000      0.00000      0.75000      0.00415      0.00000     -0.00061
FE      0.00000      0.25000      0.75000      0.00000     -0.00263      0.00248
FE      0.00000      0.50000      0.00000      0.00000      0.00000      0.00000
FE      0.25000      0.75000      0.00000      0.00118     -0.00145      0.00000
FE      0.25000      0.50000      0.25000     -0.00004      0.00000     -0.00054
FE      0.00000      0.75000      0.25000      0.00000      0.00263     -0.00248
FE      0.00000      0.50000      0.50000      0.00000      0.00000      0.00000
FE      0.25000      0.75000      0.50000      0.00139      0.00147      0.00000
FE      0.25000      0.50000      0.75000     -0.00004     -0.00000      0.00054
FE      0.00000      0.75000      0.75000      0.00000      0.00263      0.00248
FE      0.50000      0.00000      0.00000      0.00000      0.00000      0.00000
FE      0.75000      0.25000      0.00000     -0.00118      0.00145      0.00000
FE      0.75000      0.00000      0.25000     -0.00415      0.00000      0.00061
FE      0.50000      0.25000      0.25000      0.00000      0.00164     -0.00177
FE      0.50000      0.00000      0.50000      0.00000      0.00000      0.00000
FE      0.75000      0.25001      0.50000     -0.00139     -0.00147      0.00000
FE      0.75000      0.00000      0.75000     -0.00415      0.00000     -0.00061
FE      0.50000      0.25000      0.75000      0.00000      0.00164      0.00177
FE      0.50000      0.50000      0.00000      0.00000      0.00000      0.00000
FE      0.75000      0.75000      0.00000     -0.00118     -0.00145      0.00000
FE      0.75000      0.50000      0.25000      0.00004     -0.00000     -0.00054
FE      0.50000      0.75000      0.25000      0.00000     -0.00164     -0.00177
FE      0.50000      0.50000      0.50000      0.00000      0.00000      0.00000
FE      0.75000      0.75000      0.50000     -0.00139      0.00147      0.00000
FE      0.75000      0.50000      0.75000      0.00004      0.00000      0.00054
FE      0.50000      0.75000      0.75000      0.00000     -0.00164      0.00177
