/* Converted from PWscf output file */ 
#L_UNITS ang 
#E_UNITS eV 
#S_UNITS GPA 
#F_UNITS EV/ANG 
#ALAT 	   6.86715     // a0 
#X 	   1.00000     0.00000     0.00000     // X 
#Y 	   0.00000     1.05097     0.00000     // Y 
#Z 	   0.00000     0.00000     0.99334     // Z 
#SX 	  -0.44699     0.00000     0.00000     // SX 
#SY 	   0.00000    -0.01152     0.00000     // SY 
#SZ 	   0.00000     0.00000     0.37888     // SZ 
#EPA 	  -4.78973     // Energy per Atom 
#RCUT 	6.5        // Rcut 
FE      0.00000      0.00000      0.00000      0.00000      0.00000      0.00000
FE      0.25000      0.25000      0.00000      0.00038     -0.00014      0.00000
FE      0.25000      0.00000      0.25000     -0.00000      0.00000      0.00019
FE      0.00000      0.25000      0.25000      0.00000      0.00006     -0.00021
FE      0.00000      0.00000      0.50000      0.00000      0.00000      0.00000
FE      0.25000      0.25001      0.50000      0.00008      0.00019      0.00000
FE      0.25000      0.00000      0.75000     -0.00000      0.00000     -0.00019
FE      0.00000      0.25000      0.75000      0.00000      0.00006      0.00021
FE      0.00000      0.50000      0.00000      0.00000      0.00000      0.00000
FE      0.25000      0.75000      0.00000      0.00038      0.00014      0.00000
FE      0.25000      0.50000      0.25000      0.00067     -0.00000     -0.00006
FE      0.00000      0.75000      0.25000      0.00000     -0.00006     -0.00021
FE      0.00000      0.50000      0.50000      0.00000      0.00000      0.00000
FE      0.25000      0.74999      0.50000      0.00008     -0.00019      0.00000
FE      0.25000      0.50000      0.75000      0.00067      0.00000      0.00006
FE      0.00000      0.75000      0.75000      0.00000     -0.00006      0.00021
FE      0.50000      0.00000      0.00000      0.00000      0.00000      0.00000
FE      0.75000      0.25000      0.00000     -0.00038     -0.00014      0.00000
FE      0.75000      0.00000      0.25000      0.00000      0.00000      0.00019
FE      0.50000      0.25000      0.25000      0.00000      0.00029      0.00015
FE      0.50000      0.00000      0.50000      0.00000      0.00000      0.00000
FE      0.75000      0.25001      0.50000     -0.00008      0.00019      0.00000
FE      0.75000      0.00000      0.75000      0.00000      0.00000     -0.00019
FE      0.50000      0.25000      0.75000      0.00000      0.00029     -0.00015
FE      0.50000      0.50000      0.00000      0.00000      0.00000      0.00000
FE      0.75000      0.75000      0.00000     -0.00038      0.00014      0.00000
FE      0.75000      0.50000      0.25000     -0.00067      0.00000     -0.00006
FE      0.50000      0.75000      0.25000      0.00000     -0.00029      0.00015
FE      0.50000      0.50000      0.50000      0.00000      0.00000      0.00000
FE      0.75000      0.74999      0.50000     -0.00008     -0.00019      0.00000
FE      0.75000      0.50000      0.75000     -0.00067     -0.00000      0.00006
FE      0.50000      0.75000      0.75000      0.00000     -0.00029     -0.00015
