/* Converted from PWscf output file */ 
#L_UNITS ang 
#E_UNITS eV 
#S_UNITS GPA 
#F_UNITS EV/ANG 
#ALAT 	   6.85572     // a0 
#X 	   1.00000     0.00000     0.00000     // X 
#Y 	   0.00000     1.05272     0.00000     // Y 
#Z 	   0.00000     0.00000     0.99666     // Z 
#SX 	  -0.26936     0.00000     0.00000     // SX 
#SY 	   0.00000    -0.06898     0.00000     // SY 
#SZ 	   0.00000     0.00000     0.14438     // SZ 
#EPA 	  -4.78980     // Energy per Atom 
#RCUT 	6.5        // Rcut 
FE      0.00000      0.00000      0.00000      0.00000      0.00000      0.00000
FE      0.25000      0.25000      0.00000      0.00075      0.00087      0.00000
FE      0.25000      0.00000      0.25000      0.00343      0.00000      0.00041
FE      0.00000      0.25000      0.25000      0.00000     -0.00337     -0.00343
FE      0.00000      0.00000      0.50000      0.00000      0.00000      0.00000
FE      0.25000      0.25001      0.50000      0.00120     -0.00227      0.00000
FE      0.25000      0.00000      0.75000      0.00343     -0.00000     -0.00041
FE      0.00000      0.25000      0.75000      0.00000     -0.00337      0.00343
FE      0.00000      0.50000      0.00000      0.00000      0.00000      0.00000
FE      0.25000      0.75000      0.00000      0.00075     -0.00087      0.00000
FE      0.25000      0.50000      0.25000      0.00015     -0.00000     -0.00108
FE      0.00000      0.75000      0.25000      0.00000      0.00337     -0.00343
FE      0.00000      0.50000      0.50000      0.00000      0.00000      0.00000
FE      0.25000      0.74999      0.50000      0.00120      0.00227      0.00000
FE      0.25000      0.50000      0.75000      0.00015      0.00000      0.00108
FE      0.00000      0.75000      0.75000      0.00000      0.00337      0.00343
FE      0.50000      0.00000      0.00000      0.00000      0.00000      0.00000
FE      0.75000      0.25000      0.00000     -0.00075      0.00087      0.00000
FE      0.75000      0.00000      0.25000     -0.00343     -0.00000      0.00041
FE      0.50000      0.25000      0.25000      0.00000      0.00118     -0.00221
FE      0.50000      0.00000      0.50000      0.00000      0.00000      0.00000
FE      0.75000      0.25001      0.50000     -0.00120     -0.00227      0.00000
FE      0.75000      0.00000      0.75000     -0.00343      0.00000     -0.00041
FE      0.50000      0.25000      0.75000      0.00000      0.00118      0.00221
FE      0.50000      0.50000      0.00000      0.00000      0.00000      0.00000
FE      0.75000      0.75000      0.00000     -0.00075     -0.00087      0.00000
FE      0.75000      0.50000      0.25000     -0.00015      0.00000     -0.00108
FE      0.50000      0.75000      0.25000      0.00000     -0.00118     -0.00221
FE      0.50000      0.50000      0.50000      0.00000      0.00000      0.00000
FE      0.75000      0.74999      0.50000     -0.00120      0.00227      0.00000
FE      0.75000      0.50000      0.75000     -0.00015     -0.00000      0.00108
FE      0.50000      0.75000      0.75000      0.00000     -0.00118      0.00221
