/* Converted from PWscf output file */ 
#L_UNITS ang 
#E_UNITS eV 
#S_UNITS GPA 
#F_UNITS EV/ANG 
#ALAT 	   6.89004     // a0 
#X 	   1.00000     0.00000     0.00000     // X 
#Y 	   0.00000     1.04749     0.00000     // Y 
#Z 	   0.00000     0.00000     0.98674     // Z 
#SX 	  -0.94808     0.00000     0.00000     // SX 
#SY 	   0.00000    -0.05002     0.00000     // SY 
#SZ 	   0.00000     0.00000     0.70366     // SZ 
#EPA 	  -4.78946     // Energy per Atom 
#RCUT 	6.5        // Rcut 
FE      0.00000      0.00000      0.00000      0.00000      0.00000      0.00000
FE      0.25000      0.25000      0.00000     -0.00060      0.00110      0.00000
FE      0.25000      0.00000      0.25000     -0.00117      0.00000      0.00018
FE      0.00000      0.25000      0.25000      0.00000      0.00150      0.00160
FE      0.00000      0.00000      0.50000      0.00000      0.00000      0.00000
FE      0.25000      0.25001      0.50000     -0.00088      0.00187      0.00000
FE      0.25000      0.00000      0.75000     -0.00117      0.00000     -0.00018
FE      0.00000      0.25000      0.75000      0.00000      0.00150     -0.00160
FE      0.00000      0.50000      0.00000      0.00000      0.00000      0.00000
FE      0.25000      0.75000      0.00000     -0.00060     -0.00110      0.00000
FE      0.25000      0.50000      0.25000     -0.00038      0.00000      0.00069
FE      0.00000      0.75000      0.25000      0.00000     -0.00150      0.00160
FE      0.00000      0.50000      0.50000      0.00000      0.00000      0.00000
FE      0.25000      0.75000      0.50000     -0.00088     -0.00187      0.00000
FE      0.25000      0.50000      0.75000     -0.00038     -0.00000     -0.00069
FE      0.00000      0.75000      0.75000      0.00000     -0.00150     -0.00160
FE      0.50000      0.00000      0.00000      0.00000      0.00000      0.00000
FE      0.75000      0.25000      0.00000      0.00060      0.00110      0.00000
FE      0.75000      0.00000      0.25000      0.00117      0.00000      0.00018
FE      0.50000      0.25000      0.25000      0.00000      0.00075      0.00125
FE      0.50000      0.00000      0.50000      0.00000      0.00000      0.00000
FE      0.75000      0.25001      0.50000      0.00088      0.00187      0.00000
FE      0.75000      0.00000      0.75000      0.00117      0.00000     -0.00018
FE      0.50000      0.25000      0.75000      0.00000      0.00075     -0.00125
FE      0.50000      0.50000      0.00000      0.00000      0.00000      0.00000
FE      0.75000      0.75000      0.00000      0.00060     -0.00110      0.00000
FE      0.75000      0.50000      0.25000      0.00038     -0.00000      0.00069
FE      0.50000      0.75000      0.25000      0.00000     -0.00075      0.00125
FE      0.50000      0.50000      0.50000      0.00000      0.00000      0.00000
FE      0.75000      0.75000      0.50000      0.00088     -0.00187      0.00000
FE      0.75000      0.50000      0.75000      0.00038      0.00000     -0.00069
FE      0.50000      0.75000      0.75000      0.00000     -0.00075     -0.00125
