/* Converted from PWscf output file */ 
#L_UNITS ang 
#E_UNITS eV 
#S_UNITS GPA 
#F_UNITS EV/ANG 
#ALAT 	   6.84441     // a0 
#X 	   1.00000     0.00000     0.00000     // X 
#Y 	   0.00000     1.06150     0.00000     // Y 
#Z 	   0.00000     0.00000     0.99332     // Z 
#SX 	   0.75222     0.00000     0.00000     // SX 
#SY 	   0.00000    -1.15283     0.00000     // SY 
#SZ 	   0.00000     0.00000     1.52413     // SZ 
#EPA 	  -4.78926     // Energy per Atom 
#RCUT 	6.5        // Rcut 
FE      0.00000      0.00000      0.00000      0.00000      0.00000      0.00000
FE      0.25000      0.25000      0.00000      0.00118     -0.00036      0.00000
FE      0.25000      0.00000      0.25000      0.00235      0.00000      0.00232
FE      0.00000      0.25000      0.25000      0.00000     -0.00139     -0.00316
FE      0.00000      0.00000      0.50000      0.00000      0.00000      0.00000
FE      0.25000      0.25001      0.50000      0.00043     -0.00296      0.00000
FE      0.25000      0.00000      0.75000      0.00235      0.00000     -0.00232
FE      0.00000      0.25000      0.75000      0.00000     -0.00139      0.00316
FE      0.00000      0.50000      0.00000      0.00000      0.00000      0.00000
FE      0.25000      0.75000      0.00000      0.00118      0.00036      0.00000
FE      0.25000      0.50000      0.25000     -0.00040      0.00000     -0.00024
FE      0.00000      0.75000      0.25000      0.00000      0.00139     -0.00316
FE      0.00000      0.50000      0.50000      0.00000      0.00000      0.00000
FE      0.25000      0.75000      0.50000      0.00043      0.00296      0.00000
FE      0.25000      0.50000      0.75000     -0.00040     -0.00000      0.00024
FE      0.00000      0.75000      0.75000      0.00000      0.00139      0.00316
FE      0.50000      0.00000      0.00000      0.00000      0.00000      0.00000
FE      0.75000      0.25000      0.00000     -0.00118     -0.00036      0.00000
FE      0.75000      0.00000      0.25000     -0.00235      0.00000      0.00232
FE      0.50000      0.25000      0.25000      0.00000      0.00145     -0.00161
FE      0.50000      0.00000      0.50000      0.00000      0.00000      0.00000
FE      0.75000      0.25001      0.50000     -0.00043     -0.00296      0.00000
FE      0.75000      0.00000      0.75000     -0.00235      0.00000     -0.00232
FE      0.50000      0.25000      0.75000      0.00000      0.00145      0.00161
FE      0.50000      0.50000      0.00000      0.00000      0.00000      0.00000
FE      0.75000      0.75000      0.00000     -0.00118      0.00036      0.00000
FE      0.75000      0.50000      0.25000      0.00040     -0.00000     -0.00024
FE      0.50000      0.75000      0.25000      0.00000     -0.00145     -0.00161
FE      0.50000      0.50000      0.50000      0.00000      0.00000      0.00000
FE      0.75000      0.75000      0.50000     -0.00043      0.00296      0.00000
FE      0.75000      0.50000      0.75000      0.00040      0.00000      0.00024
FE      0.50000      0.75000      0.75000      0.00000     -0.00145      0.00161
