/* Converted from PWscf output file */ 
#L_UNITS ang 
#E_UNITS eV 
#S_UNITS GPA 
#F_UNITS EV/ANG 
#ALAT 	   6.84447     // a0 
#X 	   1.00000     0.00000     0.00000     // X 
#Y 	   0.00000     1.06326     0.00000     // Y 
#Z 	   0.00000     0.00000     0.99165     // Z 
#SX 	   0.93452     0.00000     0.00000     // SX 
#SY 	   0.00000    -1.45573     0.00000     // SY 
#SZ 	   0.00000     0.00000     1.88289     // SZ 
#EPA 	  -4.78893     // Energy per Atom 
#RCUT 	6.5        // Rcut 
FE      0.00000      0.00000      0.00000      0.00000      0.00000      0.00000
FE      0.25000      0.25000      0.00000      0.00308      0.00063      0.00000
FE      0.25000      0.00000      0.25000      0.00748      0.00000      0.00282
FE      0.00000      0.25000      0.25000      0.00000     -0.00503     -0.00611
FE      0.00000      0.00000      0.50000      0.00000      0.00000      0.00000
FE      0.25000      0.25001      0.50000      0.00265     -0.00560      0.00000
FE      0.25000      0.00000      0.75000      0.00748     -0.00000     -0.00282
FE      0.00000      0.25000      0.74999      0.00000     -0.00503      0.00611
FE      0.00000      0.50000      0.00000      0.00000      0.00000      0.00000
FE      0.25000      0.75000      0.00000      0.00308     -0.00063      0.00000
FE      0.25000      0.50000      0.25000     -0.00005      0.00000     -0.00099
FE      0.00000      0.75000      0.25000      0.00000      0.00503     -0.00611
FE      0.00000      0.50000      0.50000      0.00000      0.00000      0.00000
FE      0.25000      0.74999      0.50000      0.00265      0.00560      0.00000
FE      0.25000      0.50000      0.75000     -0.00005      0.00000      0.00099
FE      0.00000      0.75000      0.74999      0.00000      0.00503      0.00611
FE      0.50000      0.00000      0.00000      0.00000      0.00000      0.00000
FE      0.75000      0.25000      0.00000     -0.00308      0.00063      0.00000
FE      0.75000      0.00000      0.25000     -0.00748     -0.00000      0.00282
FE      0.50000      0.25000      0.25000      0.00000      0.00208     -0.00402
FE      0.50000      0.00000      0.50000      0.00000      0.00000      0.00000
FE      0.75000      0.25001      0.50000     -0.00265     -0.00560      0.00000
FE      0.75000      0.00000      0.75000     -0.00748      0.00000     -0.00282
FE      0.50000      0.25000      0.75000      0.00000      0.00208      0.00402
FE      0.50000      0.50000      0.00000      0.00000      0.00000      0.00000
FE      0.75000      0.75000      0.00000     -0.00308     -0.00063      0.00000
FE      0.75000      0.50000      0.25000      0.00005      0.00000     -0.00099
FE      0.50000      0.75000      0.25000      0.00000     -0.00208     -0.00402
FE      0.50000      0.50000      0.50000      0.00000      0.00000      0.00000
FE      0.75000      0.74999      0.50000     -0.00265      0.00560      0.00000
FE      0.75000      0.50000      0.75000      0.00005      0.00000      0.00099
FE      0.50000      0.75000      0.75000      0.00000     -0.00208      0.00402
