/* Converted from PWscf output file */ 
#L_UNITS ang 
#E_UNITS eV 
#S_UNITS GPA 
#F_UNITS EV/ANG 
#ALAT 	   7.71783     // a0 
#X 	   1.00000     0.00000     0.00000     // X 
#Y 	   0.00000     1.00000     0.00000     // Y 
#Z 	   0.00000     0.00000     1.00000     // Z 
#SX 	  10.71734     0.00000     0.00000     // SX 
#SY 	   0.00000    10.71734     0.00000     // SY 
#SZ 	   0.00000     0.00000    10.71734     // SZ 
#EPA 	  -4.01815     // Energy per Atom 
#RCUT 	6.5        // Rcut 
PD      0.00000      0.00000      0.00000      0.00000      0.00000      0.00000
PD      0.25000      0.25000      0.00000     -0.00043     -0.00043      0.00000
PD      0.25000      0.00000      0.25000     -0.00043     -0.00000     -0.00043
PD      0.00000      0.25000      0.25000      0.00000     -0.00043     -0.00043
PD      0.00000      0.00000      0.50000      0.00000      0.00000      0.00000
PD      0.25000      0.25000      0.50000     -0.00045     -0.00045     -0.00000
PD      0.25000      0.00000      0.75000     -0.00043     -0.00000      0.00043
PD      0.00000      0.25000      0.75000      0.00000     -0.00043      0.00043
PD      0.00000      0.50000      0.00000      0.00000      0.00000      0.00000
PD      0.25000      0.75000      0.00000     -0.00043      0.00043      0.00000
PD      0.25000      0.50000      0.25000     -0.00045      0.00000     -0.00045
PD      0.00000      0.75000      0.25000     -0.00000      0.00043     -0.00043
PD      0.00000      0.50000      0.50000      0.00000      0.00000      0.00000
PD      0.25000      0.75000      0.50000     -0.00045      0.00045      0.00000
PD      0.25000      0.50000      0.75000     -0.00045      0.00000      0.00045
PD      0.00000      0.75000      0.75000      0.00000      0.00043      0.00043
PD      0.50000      0.00000      0.00000      0.00000      0.00000      0.00000
PD      0.75000      0.25000      0.00000      0.00043     -0.00043      0.00000
PD      0.75000      0.00000      0.25000      0.00043      0.00000     -0.00043
PD      0.50000      0.25000      0.25000      0.00000     -0.00045     -0.00045
PD      0.50000      0.00000      0.50000      0.00000      0.00000      0.00000
PD      0.75000      0.25000      0.50000      0.00045     -0.00045     -0.00000
PD      0.75000      0.00000      0.75000      0.00043     -0.00000      0.00043
PD      0.50000      0.25000      0.75000      0.00000     -0.00045      0.00045
PD      0.50000      0.50000      0.00000      0.00000      0.00000      0.00000
PD      0.75000      0.75000      0.00000      0.00043      0.00043      0.00000
PD      0.75000      0.50000      0.25000      0.00045      0.00000     -0.00045
PD      0.50000      0.75000      0.25000      0.00000      0.00045     -0.00045
PD      0.50000      0.50000      0.50000      0.00000      0.00000      0.00000
PD      0.75000      0.75000      0.50000      0.00045      0.00045     -0.00000
PD      0.75000      0.50000      0.75000      0.00045     -0.00000      0.00045
PD      0.50000      0.75000      0.75000      0.00000      0.00045      0.00045
