/* Converted from PWscf output file */ 
#L_UNITS ang 
#E_UNITS eV 
#S_UNITS GPA 
#F_UNITS EV/ANG 
#ALAT 	   6.71552     // a0 
#X 	   1.00000     0.00000     0.00000     // X 
#Y 	   0.00000     1.00000     0.00000     // Y 
#Z 	   0.00000     0.00000     1.00000     // Z 
#SX 	 286.50211     0.00000     0.00000     // SX 
#SY 	   0.00000   286.50211     0.00000     // SY 
#SZ 	   0.00000     0.00000   286.50211     // SZ 
#EPA 	  -0.79846     // Energy per Atom 
#RCUT 	6.5        // Rcut 
PD      0.00000      0.00000      0.00000      0.00000      0.00000      0.00000
PD      0.25000      0.25000      0.00000      0.00022      0.00022      0.00000
PD      0.25000      0.00000      0.25000      0.00022     -0.00000      0.00022
PD      0.00000      0.25000      0.25000      0.00000      0.00022      0.00022
PD      0.00000      0.00000      0.50000      0.00000      0.00000      0.00000
PD      0.25000      0.25000      0.50000     -0.00034     -0.00034      0.00000
PD      0.25000      0.00000      0.75000      0.00022      0.00000     -0.00022
PD      0.00000      0.25000      0.75000      0.00000      0.00022     -0.00022
PD      0.00000      0.50000      0.00000      0.00000      0.00000      0.00000
PD      0.25000      0.75000      0.00000      0.00022     -0.00022      0.00000
PD      0.25000      0.50000      0.25000     -0.00034     -0.00000     -0.00034
PD      0.00000      0.75000      0.25000      0.00000     -0.00022      0.00022
PD      0.00000      0.50000      0.50000      0.00000      0.00000      0.00000
PD      0.25000      0.75000      0.50000     -0.00034      0.00034     -0.00000
PD      0.25000      0.50000      0.75000     -0.00034      0.00000      0.00034
PD      0.00000      0.75000      0.75000      0.00000     -0.00022     -0.00022
PD      0.50000      0.00000      0.00000      0.00000      0.00000      0.00000
PD      0.75000      0.25000      0.00000     -0.00022      0.00022      0.00000
PD      0.75000      0.00000      0.25000     -0.00022      0.00000      0.00022
PD      0.50000      0.25000      0.25000     -0.00000     -0.00034     -0.00034
PD      0.50000      0.00000      0.50000      0.00000      0.00000      0.00000
PD      0.75000      0.25000      0.50000      0.00034     -0.00034     -0.00000
PD      0.75000      0.00000      0.75000     -0.00022     -0.00000     -0.00022
PD      0.50000      0.25000      0.75000     -0.00000     -0.00034      0.00034
PD      0.50000      0.50000      0.00000      0.00000      0.00000      0.00000
PD      0.75000      0.75000      0.00000     -0.00022     -0.00022      0.00000
PD      0.75000      0.50000      0.25000      0.00034     -0.00000     -0.00034
PD      0.50000      0.75000      0.25000      0.00000      0.00034     -0.00034
PD      0.50000      0.50000      0.50000      0.00000      0.00000      0.00000
PD      0.75000      0.75000      0.50000      0.00034      0.00034      0.00000
PD      0.75000      0.50000      0.75000      0.00034      0.00000      0.00034
PD      0.50000      0.75000      0.75000      0.00000      0.00034      0.00034
