The 8-bit codepage and sorting file: 88591lat.csf
The top-level auxiliary file: main.aux
The style file: biblatex.bst
A level-1 auxilliary file: cover/cover.aux
A level-1 auxilliary file: abstract/abstract.aux
A level-1 auxilliary file: contents/contents.aux
A level-1 auxilliary file: contents/figures.aux
A level-1 auxilliary file: contents/tables.aux
A level-1 auxilliary file: chapters/introduction/introduction.aux
A level-1 auxilliary file: chapters/background_radiation_effects_and_transport/background_radiation_effects_and_transport.aux
A level-1 auxilliary file: chapters/background_austenitic_steels_in_nuclear/bcc.aux
A level-1 auxilliary file: chapters/background_austenitic_steels_in_nuclear/fcc.aux
A level-1 auxilliary file: chapters/background_austenitic_steels_in_nuclear/fct.aux
A level-1 auxilliary file: chapters/background_austenitic_steels_in_nuclear/background_austenitic_steels_in_nuclear.aux
A level-1 auxilliary file: chapters/background_activity/background_activity.aux
A level-1 auxilliary file: chapters/background_potential_fitting/background_potential_fitting.aux
Case mismatch error between cite keys localtfraczkowski and localtfRaczkowski
---line 643 of file main.aux
 : \citation{localtfraczkowski
 :                            }
I'm skipping whatever remains of this command
A level-1 auxilliary file: chapters/methodology_activity/methodology_activity.aux
A level-1 auxilliary file: chapters/results_activity_code/activity_code.aux
A level-1 auxilliary file: chapters/methodology_interatomic_potentials/methodology_ip.aux
A level-1 auxilliary file: chapters/results_dft_reference_db/results_dft.aux
A level-1 auxilliary file: chapters/results_potential_fitting/results_potfit.aux
A level-1 auxilliary file: chapters/conclusions/conclusions.aux
A level-1 auxilliary file: chapters/future_work/future_work.aux
A level-1 auxilliary file: glossary/glossary.aux
A level-1 auxilliary file: bibliography/bibliography.aux
A level-1 auxilliary file: chapters/acknowledgement/acknowledgement.aux
Case mismatch error between cite keys dfttisiravindran and DftTiSiRavindran
---line 1310 of file main.aux
 : \citation{dfttisiravindran
 :                           }
I'm skipping whatever remains of this command
Case mismatch error between cite keys dfttisiravindran and DftTiSiRavindran
---line 1313 of file main.aux
 : \citation{dfttisiravindran
 :                           }
I'm skipping whatever remains of this command
Database file #1: main-blx.bib
Database file #2: share/bib/thesis2022.bib
Biblatex version: 3.8
(There were 3 error messages)
