\BOOKMARK [0][-]{chapter.1}{Introduction}{}% 1
\BOOKMARK [1][-]{section.1.1}{Motivation}{chapter.1}% 2
\BOOKMARK [2][-]{subsection.1.1.1}{Part 1: Activity Computer Program}{section.1.1}% 3
\BOOKMARK [2][-]{subsection.1.1.2}{Part 2: Iron-Palladium and Iron-Ruthenium Potential}{section.1.1}% 4
\BOOKMARK [1][-]{section.1.2}{Nuclear Power in the United Kingdom}{chapter.1}% 5
\BOOKMARK [2][-]{subsection.1.2.1}{Nuclear Fuel}{section.1.2}% 6
\BOOKMARK [2][-]{subsection.1.2.2}{Generation I Reactors}{section.1.2}% 7
\BOOKMARK [2][-]{subsection.1.2.3}{Generation II Reactors}{section.1.2}% 8
\BOOKMARK [2][-]{subsection.1.2.4}{Generation III Reactors}{section.1.2}% 9
\BOOKMARK [1][-]{section.1.3}{An Approaching Energy Gap for the UK}{chapter.1}% 10
\BOOKMARK [2][-]{subsection.1.3.1}{Why choose Nuclear Power?}{section.1.3}% 11
\BOOKMARK [2][-]{subsection.1.3.2}{Proposed Generation III+ Nuclear Power Plant Designs}{section.1.3}% 12
\BOOKMARK [2][-]{subsection.1.3.3}{Generation IV}{section.1.3}% 13
\BOOKMARK [1][-]{section.1.4}{Damage to Nuclear Core Components by Neutrons}{chapter.1}% 14
\BOOKMARK [1][-]{section.1.5}{Radiation Damage: Replacing Neutrons with Protons}{chapter.1}% 15
\BOOKMARK [1][-]{section.1.6}{Simulated Material Damage}{chapter.1}% 16
\BOOKMARK [2][-]{subsection.1.6.1}{Molecular Dynamics}{section.1.6}% 17
\BOOKMARK [2][-]{subsection.1.6.2}{Density Functional Theory}{section.1.6}% 18
\BOOKMARK [2][-]{subsection.1.6.3}{Interatomic Potentials for Molecular Dynamics}{section.1.6}% 19
\BOOKMARK [0][-]{chapter.2}{Consequences of Ionizing Radiation}{}% 20
\BOOKMARK [1][-]{section.2.1}{Radiation Types Relevant to This Work}{chapter.2}% 21
\BOOKMARK [2][-]{subsection.2.1.1}{Introduction}{section.2.1}% 22
\BOOKMARK [2][-]{subsection.2.1.2}{Protons and other Ions}{section.2.1}% 23
\BOOKMARK [2][-]{subsection.2.1.3}{Neutrons}{section.2.1}% 24
\BOOKMARK [2][-]{subsection.2.1.4}{High Energy Photons}{section.2.1}% 25
\BOOKMARK [1][-]{section.2.2}{Microscopic and Macroscopic Cross Sections}{chapter.2}% 26
\BOOKMARK [1][-]{section.2.3}{Quantifying Radiation and its Effects}{chapter.2}% 27
\BOOKMARK [1][-]{section.2.4}{Effects of Radiation on Organics}{chapter.2}% 28
\BOOKMARK [2][-]{subsection.2.4.1}{Reference Levels of Radiation}{section.2.4}% 29
\BOOKMARK [2][-]{subsection.2.4.2}{Levels of Radioactivity from Neutron Irradiated Components}{section.2.4}% 30
\BOOKMARK [2][-]{subsection.2.4.3}{Damage to Organics by Radiation}{section.2.4}% 31
\BOOKMARK [1][-]{section.2.5}{Damage Cascades in Metals}{chapter.2}% 32
\BOOKMARK [0][-]{chapter.3}{Austenitic Steels in Nuclear Power}{}% 33
\BOOKMARK [1][-]{section.3.1}{Stainless Steel}{chapter.3}% 34
\BOOKMARK [2][-]{subsection.3.1.1}{Introduction}{section.3.1}% 35
\BOOKMARK [2][-]{subsection.3.1.2}{Grades of Stainless Steel}{section.3.1}% 36
\BOOKMARK [1][-]{section.3.2}{Use In Reactors}{chapter.3}% 37
\BOOKMARK [2][-]{subsection.3.2.1}{The Use of Austenintic Steels in Reactors}{section.3.2}% 38
\BOOKMARK [2][-]{subsection.3.2.2}{Atom Damage Cascades}{section.3.2}% 39
\BOOKMARK [2][-]{subsection.3.2.3}{Damage Rates}{section.3.2}% 40
\BOOKMARK [2][-]{subsection.3.2.4}{Swelling}{section.3.2}% 41
\BOOKMARK [2][-]{subsection.3.2.5}{Radiation Induced Segregation}{section.3.2}% 42
\BOOKMARK [1][-]{section.3.3}{Corrosion Resistance}{chapter.3}% 43
\BOOKMARK [2][-]{subsection.3.3.1}{Passive Film Protection of Chromium}{section.3.3}% 44
\BOOKMARK [2][-]{subsection.3.3.2}{sensitization and Passive Film Removal}{section.3.3}% 45
\BOOKMARK [2][-]{subsection.3.3.3}{Addition of Molybdenum}{section.3.3}% 46
\BOOKMARK [1][-]{section.3.4}{IASCC}{chapter.3}% 47
\BOOKMARK [1][-]{section.3.5}{IGSCC}{chapter.3}% 48
\BOOKMARK [2][-]{subsection.3.5.1}{IGSCC in Light Water Reactors}{section.3.5}% 49
\BOOKMARK [2][-]{subsection.3.5.2}{IGSCC and Advanced Gas-cooled Reactors}{section.3.5}% 50
\BOOKMARK [1][-]{section.3.6}{SS in Gen III+ and Gen IV}{chapter.3}% 51
\BOOKMARK [1][-]{section.3.7}{Addition of PGMs}{chapter.3}% 52
\BOOKMARK [0][-]{chapter.4}{Isotope Activation and Radioactive Decay}{}% 53
\BOOKMARK [1][-]{section.4.1}{Ion Sources}{chapter.4}% 54
\BOOKMARK [2][-]{subsection.4.1.1}{linac}{section.4.1}% 55
\BOOKMARK [2][-]{subsection.4.1.2}{Cyclotron}{section.4.1}% 56
\BOOKMARK [2][-]{subsection.4.1.3}{Synchrotron}{section.4.1}% 57
\BOOKMARK [1][-]{section.4.2}{Neutron Sources}{chapter.4}% 58
\BOOKMARK [2][-]{subsection.4.2.1}{High-Flux Neutron Reactors}{section.4.2}% 59
\BOOKMARK [2][-]{subsection.4.2.2}{Spallation}{section.4.2}% 60
\BOOKMARK [1][-]{section.4.3}{Source Review}{chapter.4}% 61
\BOOKMARK [1][-]{section.4.4}{Emulating Neutron Damage}{chapter.4}% 62
\BOOKMARK [2][-]{subsection.4.4.1}{Ion Irradiation at the University of Birmingham}{section.4.4}% 63
\BOOKMARK [2][-]{subsection.4.4.2}{Transmutation of Nuclei by Neutrons and Protons}{section.4.4}% 64
\BOOKMARK [2][-]{subsection.4.4.3}{Nuclear Reaction Cross Sections}{section.4.4}% 65
\BOOKMARK [2][-]{subsection.4.4.4}{Radioactive Decay}{section.4.4}% 66
\BOOKMARK [2][-]{subsection.4.4.5}{Saturation Activity}{section.4.4}% 67
\BOOKMARK [2][-]{subsection.4.4.6}{Decay Constants: jeff 3.3 Data File}{section.4.4}% 68
\BOOKMARK [2][-]{subsection.4.4.7}{Bateman Equation for Radioactive Decay}{section.4.4}% 69
\BOOKMARK [1][-]{section.4.5}{Using SRIM and TRIM}{chapter.4}% 70
\BOOKMARK [0][-]{chapter.5}{Interatomic Potential Fitting}{}% 71
\BOOKMARK [1][-]{section.5.1}{Experiment, Modelling and Theory}{chapter.5}% 72
\BOOKMARK [2][-]{subsection.5.1.1}{Introduction}{section.5.1}% 73
\BOOKMARK [2][-]{subsection.5.1.2}{Simulating Materials on a Variety of Scales in Time and Space}{section.5.1}% 74
\BOOKMARK [1][-]{section.5.2}{Properties of Crystals}{chapter.5}% 75
\BOOKMARK [2][-]{subsection.5.2.1}{Introduction}{section.5.2}% 76
\BOOKMARK [2][-]{subsection.5.2.2}{Equation of State}{section.5.2}% 77
\BOOKMARK [2][-]{subsection.5.2.3}{Voigt Notation}{section.5.2}% 78
\BOOKMARK [2][-]{subsection.5.2.4}{Elastic Constants}{section.5.2}% 79
\BOOKMARK [2][-]{subsection.5.2.5}{Calculating Elastic Constants for a Cubic Crystal}{section.5.2}% 80
\BOOKMARK [2][-]{subsection.5.2.6}{Calculating Elastic Constants for Orthorhombic Crystal}{section.5.2}% 81
\BOOKMARK [2][-]{subsection.5.2.7}{Stability Conditions and Other Properties}{section.5.2}% 82
\BOOKMARK [1][-]{section.5.3}{Choice of Function}{chapter.5}% 83
\BOOKMARK [2][-]{subsection.5.3.1}{Introduction}{section.5.3}% 84
\BOOKMARK [2][-]{subsection.5.3.2}{Pair Potentials}{section.5.3}% 85
\BOOKMARK [2][-]{subsection.5.3.3}{Many Body Potentials}{section.5.3}% 86
\BOOKMARK [2][-]{subsection.5.3.4}{EAM and Two-Band EAM Functions}{section.5.3}% 87
\BOOKMARK [1][-]{section.5.4}{EAM Potential Fitting}{chapter.5}% 88
\BOOKMARK [2][-]{subsection.5.4.1}{Sacrificing Physical Elegance}{section.5.4}% 89
\BOOKMARK [2][-]{subsection.5.4.2}{Exact Fitting to Parameters}{section.5.4}% 90
\BOOKMARK [2][-]{subsection.5.4.3}{Force Matching}{section.5.4}% 91
\BOOKMARK [2][-]{subsection.5.4.4}{Pair and Embedding Symmetry Transforms}{section.5.4}% 92
\BOOKMARK [1][-]{section.5.5}{Classical Molecular Dynamics}{chapter.5}% 93
\BOOKMARK [2][-]{subsection.5.5.1}{Introduction}{section.5.5}% 94
\BOOKMARK [2][-]{subsection.5.5.2}{Molecular Dynamics Codes}{section.5.5}% 95
\BOOKMARK [2][-]{subsection.5.5.3}{Velocity Verlet Algorithm}{section.5.5}% 96
\BOOKMARK [1][-]{section.5.6}{Existing Potential Fitting Programs}{chapter.5}% 97
\BOOKMARK [1][-]{section.5.7}{Density Functional Theory}{chapter.5}% 98
\BOOKMARK [2][-]{subsection.5.7.1}{Motivation For Using dft In This Work}{section.5.7}% 99
\BOOKMARK [2][-]{subsection.5.7.2}{Brief Overview of DFT}{section.5.7}% 100
\BOOKMARK [2][-]{subsection.5.7.3}{tise}{section.5.7}% 101
\BOOKMARK [2][-]{subsection.5.7.4}{Many Body tise}{section.5.7}% 102
\BOOKMARK [2][-]{subsection.5.7.5}{Born-Oppenheimer}{section.5.7}% 103
\BOOKMARK [2][-]{subsection.5.7.6}{Crystals, Reciprocal Space and Bloch Theorem}{section.5.7}% 104
\BOOKMARK [2][-]{subsection.5.7.7}{hk Theorem}{section.5.7}% 105
\BOOKMARK [2][-]{subsection.5.7.8}{Kohn-Sham Equations}{section.5.7}% 106
\BOOKMARK [2][-]{subsection.5.7.9}{Self-Consistent Solution}{section.5.7}% 107
\BOOKMARK [2][-]{subsection.5.7.10}{Exchange-Correlation Energy}{section.5.7}% 108
\BOOKMARK [2][-]{subsection.5.7.11}{Pseudopotentials}{section.5.7}% 109
\BOOKMARK [2][-]{subsection.5.7.12}{Ecut, K-Point Integration and Smearing}{section.5.7}% 110
\BOOKMARK [2][-]{subsection.5.7.13}{Ferromagnetism, Antiferromagnetism and Hund's Rule}{section.5.7}% 111
\BOOKMARK [2][-]{subsection.5.7.14}{Collinear and Non-Collinear DFT Calculations}{section.5.7}% 112
\BOOKMARK [0][-]{chapter.6}{Predicting Activation}{}% 113
\BOOKMARK [1][-]{section.6.1}{Introduction}{chapter.6}% 114
\BOOKMARK [1][-]{section.6.2}{Activation by Ion Irradiation}{chapter.6}% 115
\BOOKMARK [2][-]{subsection.6.2.1}{Laplace Transform}{section.6.2}% 116
\BOOKMARK [2][-]{subsection.6.2.2}{Constructing the Differential Equations}{section.6.2}% 117
\BOOKMARK [2][-]{subsection.6.2.3}{Numerical Inversion of the Laplace Transform}{section.6.2}% 118
\BOOKMARK [2][-]{subsection.6.2.4}{Analytic Solution by Partial Fraction Expansion}{section.6.2}% 119
\BOOKMARK [2][-]{subsection.6.2.5}{Preference: Analytic over Numeric}{section.6.2}% 120
\BOOKMARK [1][-]{section.6.3}{Activity Code}{chapter.6}% 121
\BOOKMARK [2][-]{subsection.6.3.1}{Computer Code Development}{section.6.3}% 122
\BOOKMARK [2][-]{subsection.6.3.2}{Extended Bateman Equations}{section.6.3}% 123
\BOOKMARK [2][-]{subsection.6.3.3}{Talys Generated Proton Cross Section Database}{section.6.3}% 124
\BOOKMARK [2][-]{subsection.6.3.4}{Ion Trajectory Data}{section.6.3}% 125
\BOOKMARK [2][-]{subsection.6.3.5}{Activity Code Assumptions}{section.6.3}% 126
\BOOKMARK [2][-]{subsection.6.3.6}{Foil Activation by Neutron Irradiation}{section.6.3}% 127
\BOOKMARK [1][-]{section.6.4}{Simulating with SRIM - Iron}{chapter.6}% 128
\BOOKMARK [1][-]{section.6.5}{Cyclotron Irradiated Iron}{chapter.6}% 129
\BOOKMARK [2][-]{subsection.6.5.1}{Cyclotron Beam Line}{section.6.5}% 130
\BOOKMARK [2][-]{subsection.6.5.2}{Creation of Cobalt-55}{section.6.5}% 131
\BOOKMARK [2][-]{subsection.6.5.3}{Measurement of Sample Activity}{section.6.5}% 132
\BOOKMARK [2][-]{subsection.6.5.4}{Prediction of Activity}{section.6.5}% 133
\BOOKMARK [2][-]{subsection.6.5.5}{Estimation of Cobalt-55 Radioactivity}{section.6.5}% 134
\BOOKMARK [2][-]{subsection.6.5.6}{Simulating Proton Irradiated Iron with Actvity V1}{section.6.5}% 135
\BOOKMARK [2][-]{subsection.6.5.7}{Simulating Proton Irradiated Iron with Actvity V2}{section.6.5}% 136
\BOOKMARK [2][-]{subsection.6.5.8}{Comparing Experimental Results with Calculated Values}{section.6.5}% 137
\BOOKMARK [1][-]{section.6.6}{100DPA Predicted Activity}{chapter.6}% 138
\BOOKMARK [1][-]{section.6.7}{Proton Irradiated Molybdenum}{chapter.6}% 139
\BOOKMARK [2][-]{subsection.6.7.1}{Experimental Irradiation - Molybdenum}{section.6.7}% 140
\BOOKMARK [2][-]{subsection.6.7.2}{Estimating the Activity of Proton Irradiated Molybdenum}{section.6.7}% 141
\BOOKMARK [2][-]{subsection.6.7.3}{Simulated Proton Irradiated Molybdenum}{section.6.7}% 142
\BOOKMARK [1][-]{section.6.8}{Proton Irradiated Molybdenum Doped Steel}{chapter.6}% 143
\BOOKMARK [1][-]{section.6.9}{Media Accessible via GitHub}{chapter.6}% 144
\BOOKMARK [0][-]{chapter.7}{Potentials for Fe, Ru, Pd}{}% 145
\BOOKMARK [1][-]{section.7.1}{Introduction}{chapter.7}% 146
\BOOKMARK [2][-]{subsection.7.1.1}{Interatomic Potential Fitting}{section.7.1}% 147
\BOOKMARK [2][-]{subsection.7.1.2}{Existing Experimental \046 DFT Bulk Property Data}{section.7.1}% 148
\BOOKMARK [1][-]{section.7.2}{DFT Settings}{chapter.7}% 149
\BOOKMARK [2][-]{subsection.7.2.1}{Quantum Espresso}{section.7.2}% 150
\BOOKMARK [2][-]{subsection.7.2.2}{Pseudopotential Selection}{section.7.2}% 151
\BOOKMARK [2][-]{subsection.7.2.3}{Smearing Type}{section.7.2}% 152
\BOOKMARK [2][-]{subsection.7.2.4}{Parameter Convergence}{section.7.2}% 153
\BOOKMARK [2][-]{subsection.7.2.5}{QECONVERGE Python Code}{section.7.2}% 154
\BOOKMARK [2][-]{subsection.7.2.6}{DFT Parameter Convergence}{section.7.2}% 155
\BOOKMARK [1][-]{section.7.3}{DFT Results}{chapter.7}% 156
\BOOKMARK [2][-]{subsection.7.3.1}{QEEOS Python Program}{section.7.3}% 157
\BOOKMARK [2][-]{subsection.7.3.2}{DFT Calculations of Bulk Properties}{section.7.3}% 158
\BOOKMARK [2][-]{subsection.7.3.3}{Relaxed Crystal Calculations}{section.7.3}% 159
\BOOKMARK [2][-]{subsection.7.3.4}{Elastic Constants}{section.7.3}% 160
\BOOKMARK [2][-]{subsection.7.3.5}{Calibrating the Cohesive Energies}{section.7.3}% 161
\BOOKMARK [2][-]{subsection.7.3.6}{DFT Reference Database}{section.7.3}% 162
\BOOKMARK [2][-]{subsection.7.3.7}{Pure Element Defects}{section.7.3}% 163
\BOOKMARK [2][-]{subsection.7.3.8}{Alloy Atom Positions for Pd and Ru}{section.7.3}% 164
\BOOKMARK [2][-]{subsection.7.3.9}{Configurations with Randomised Positions}{section.7.3}% 165
\BOOKMARK [2][-]{subsection.7.3.10}{Surface Energy Calculations}{section.7.3}% 166
\BOOKMARK [2][-]{subsection.7.3.11}{Defects in Fe-Pd and Fe-Ru Alloys}{section.7.3}% 167
\BOOKMARK [2][-]{subsection.7.3.12}{DFT Errors, Convergence Failures and Repeat Calculations}{section.7.3}% 168
\BOOKMARK [1][-]{section.7.4}{EAMPA}{chapter.7}% 169
\BOOKMARK [2][-]{subsection.7.4.1}{Introduction}{section.7.4}% 170
\BOOKMARK [2][-]{subsection.7.4.2}{Potentials}{section.7.4}% 171
\BOOKMARK [2][-]{subsection.7.4.3}{Calculations}{section.7.4}% 172
\BOOKMARK [2][-]{subsection.7.4.4}{Verifying Energy and Force Calculations with LAMMPS}{section.7.4}% 173
\BOOKMARK [1][-]{section.7.5}{Application of the EAMPA Code}{chapter.7}% 174
\BOOKMARK [2][-]{subsection.7.5.1}{Potential Transferability}{section.7.5}% 175
\BOOKMARK [2][-]{subsection.7.5.2}{Fitting Potentials with EAMPA}{section.7.5}% 176
\BOOKMARK [2][-]{subsection.7.5.3}{Iron-Palladium and Iron-Ruthenium Potentials}{section.7.5}% 177
\BOOKMARK [1][-]{section.7.6}{DL\137POLY Contribution}{chapter.7}% 178
\BOOKMARK [0][-]{chapter.8}{Conclusions}{}% 179
\BOOKMARK [1][-]{section.8.1}{Inter Granular Stress Corrosion Cracking}{chapter.8}% 180
\BOOKMARK [1][-]{section.8.2}{Predicting Ion Induced Radioactivity}{chapter.8}% 181
\BOOKMARK [2][-]{subsection.8.2.1}{Modified Equation}{section.8.2}% 182
\BOOKMARK [2][-]{subsection.8.2.2}{Activity Code}{section.8.2}% 183
\BOOKMARK [2][-]{subsection.8.2.3}{Iron Irradiation}{section.8.2}% 184
\BOOKMARK [2][-]{subsection.8.2.4}{Molybdenum Irradiation}{section.8.2}% 185
\BOOKMARK [2][-]{subsection.8.2.5}{Beam Flux Reduction and Gamma Attenuation}{section.8.2}% 186
\BOOKMARK [2][-]{subsection.8.2.6}{More Experimental Data Required}{section.8.2}% 187
\BOOKMARK [2][-]{subsection.8.2.7}{100DPA Activity Predictions}{section.8.2}% 188
\BOOKMARK [2][-]{subsection.8.2.8}{Original Contribution}{section.8.2}% 189
\BOOKMARK [1][-]{section.8.3}{Derived Potentials}{chapter.8}% 190
\BOOKMARK [2][-]{subsection.8.3.1}{Restricting Potentials to Binary Alloys}{section.8.3}% 191
\BOOKMARK [2][-]{subsection.8.3.2}{Collinear Spin dft}{section.8.3}% 192
\BOOKMARK [2][-]{subsection.8.3.3}{Automated Convergence Calculations}{section.8.3}% 193
\BOOKMARK [2][-]{subsection.8.3.4}{Bulk Property Calculations}{section.8.3}% 194
\BOOKMARK [2][-]{subsection.8.3.5}{Iron-Palladium and Iron-Ruthenium Configurations as Fitting Data}{section.8.3}% 195
\BOOKMARK [2][-]{subsection.8.3.6}{Iron-Palladium and Iron-Ruthenium Potentials}{section.8.3}% 196
\BOOKMARK [2][-]{subsection.8.3.7}{Original Contribution}{section.8.3}% 197
\BOOKMARK [1][-]{section.8.4}{Two-Band EAM Contribution to DL-Poly}{chapter.8}% 198
\BOOKMARK [0][-]{chapter.9}{Future Work}{}% 199
\BOOKMARK [1][-]{section.9.1}{Activity Code}{chapter.9}% 200
\BOOKMARK [2][-]{subsection.9.1.1}{Experimental Activity Readings for Ion Irradiated Targets}{section.9.1}% 201
\BOOKMARK [2][-]{subsection.9.1.2}{Code Improvements}{section.9.1}% 202
\BOOKMARK [1][-]{section.9.2}{Potential Fitting and MD Simulations}{chapter.9}% 203
\BOOKMARK [2][-]{subsection.9.2.1}{Larger Supercells}{section.9.2}% 204
\BOOKMARK [2][-]{subsection.9.2.2}{Alloy Bulk Properties}{section.9.2}% 205
\BOOKMARK [2][-]{subsection.9.2.3}{Defects}{section.9.2}% 206
\BOOKMARK [2][-]{subsection.9.2.4}{MEAM for FCC Iron}{section.9.2}% 207
\BOOKMARK [2][-]{subsection.9.2.5}{Improved Potential: Fe-Ni-Cr-Pd}{section.9.2}% 208
\BOOKMARK [2][-]{subsection.9.2.6}{PKA Cascade Trials in LAMMPS or DL\137POLY}{section.9.2}% 209
\BOOKMARK [2][-]{subsection.9.2.7}{Radiation Induced Segregation Trials}{section.9.2}% 210
\BOOKMARK [0][-]{chapter.10}{Acknowledgements}{}% 211
\BOOKMARK [0][-]{section*.233}{Appendices}{}% 212
\BOOKMARK [0][-]{appendix.a.A}{Useful Laplace Transforms}{}% 213
\BOOKMARK [1][-]{section.a.A.1}{Table of Transforms}{appendix.a.A}% 214
\BOOKMARK [1][-]{section.a.A.2}{Decay with a Source Term}{appendix.a.A}% 215
\BOOKMARK [0][-]{appendix.a.B}{Activity Equation in Python: decay class}{}% 216
\BOOKMARK [1][-]{section.a.B.1}{Full Source Code}{appendix.a.B}% 217
\BOOKMARK [1][-]{section.a.B.2}{Highlighted Code}{appendix.a.B}% 218
\BOOKMARK [1][-]{section.a.B.3}{Activity Equation Testing}{appendix.a.B}% 219
\BOOKMARK [2][-]{subsection.a.B.3.1}{Numeric Fortran Code}{section.a.B.3}% 220
\BOOKMARK [2][-]{subsection.a.B.3.2}{Chromium-49}{section.a.B.3}% 221
\BOOKMARK [2][-]{subsection.a.B.3.3}{Nickel-66}{section.a.B.3}% 222
\BOOKMARK [2][-]{subsection.a.B.3.4}{Caesium-125}{section.a.B.3}% 223
\BOOKMARK [2][-]{subsection.a.B.3.5}{Bismuth-213}{section.a.B.3}% 224
\BOOKMARK [2][-]{subsection.a.B.3.6}{Polonium-216}{section.a.B.3}% 225
\BOOKMARK [2][-]{subsection.a.B.3.7}{Radon-218}{section.a.B.3}% 226
\BOOKMARK [0][-]{appendix.a.C}{Activity Code}{}% 227
\BOOKMARK [1][-]{section.a.C.1}{Activity V1}{appendix.a.C}% 228
\BOOKMARK [2][-]{subsection.a.C.1.1}{Paper published in Computer Physics Communications}{section.a.C.1}% 229
\BOOKMARK [2][-]{subsection.a.C.1.2}{Accompanying Manual}{section.a.C.1}% 230
\BOOKMARK [1][-]{section.a.C.2}{Activity V2}{appendix.a.C}% 231
\BOOKMARK [2][-]{subsection.a.C.2.1}{Accompanying Manual}{section.a.C.2}% 232
\BOOKMARK [0][-]{appendix.a.D}{Activity V1 Full Results}{}% 233
\BOOKMARK [1][-]{section.a.D.1}{36MeV Proton Irradiated Iron}{appendix.a.D}% 234
\BOOKMARK [0][-]{appendix.a.E}{Activity V2 Full Results}{}% 235
\BOOKMARK [1][-]{section.a.E.1}{36MeV Proton Irradiated Iron}{appendix.a.E}% 236
\BOOKMARK [2][-]{subsection.a.E.1.1}{Calculation Settings}{section.a.E.1}% 237
\BOOKMARK [2][-]{subsection.a.E.1.2}{Results File}{section.a.E.1}% 238
\BOOKMARK [2][-]{subsection.a.E.1.3}{Activity Tallied by Residual Isotope}{section.a.E.1}% 239
\BOOKMARK [2][-]{subsection.a.E.1.4}{Gamma Output Tallied by Residual Isotope}{section.a.E.1}% 240
\BOOKMARK [2][-]{subsection.a.E.1.5}{Activity Tallied by Target Isotope}{section.a.E.1}% 241
\BOOKMARK [2][-]{subsection.a.E.1.6}{Gamma Output Tallied by Target Isotope}{section.a.E.1}% 242
\BOOKMARK [1][-]{section.a.E.2}{13MeV Proton Irradiated Molybdenum}{appendix.a.E}% 243
\BOOKMARK [2][-]{subsection.a.E.2.1}{Calculation Settings}{section.a.E.2}% 244
\BOOKMARK [2][-]{subsection.a.E.2.2}{Results}{section.a.E.2}% 245
\BOOKMARK [2][-]{subsection.a.E.2.3}{Total Decay Rates Over Time}{section.a.E.2}% 246
\BOOKMARK [2][-]{subsection.a.E.2.4}{Residual Activity Tallied by Target Isotope}{section.a.E.2}% 247
\BOOKMARK [2][-]{subsection.a.E.2.5}{Residual Activity Tallied by Residual Isotope}{section.a.E.2}% 248
\BOOKMARK [2][-]{subsection.a.E.2.6}{Residual Gamma Energy Tallied by Residual Isotope}{section.a.E.2}% 249
\BOOKMARK [2][-]{subsection.a.E.2.7}{Gamma Lines}{section.a.E.2}% 250
\BOOKMARK [1][-]{section.a.E.3}{13MeV Proton Irradiated Steel}{appendix.a.E}% 251
\BOOKMARK [2][-]{subsection.a.E.3.1}{Calculation Settings}{section.a.E.3}% 252
\BOOKMARK [2][-]{subsection.a.E.3.2}{Results}{section.a.E.3}% 253
\BOOKMARK [0][-]{appendix.a.F}{Iron Activity: Irradiated to 100DPA}{}% 254
\BOOKMARK [1][-]{section.a.F.1}{Activity vs Beam Energy}{appendix.a.F}% 255
\BOOKMARK [2][-]{subsection.a.F.1.1}{5MeV Proton Beam - 60 microamp 100DPA}{section.a.F.1}% 256
\BOOKMARK [2][-]{subsection.a.F.1.2}{10MeV Proton Beam - 60 microamp 100DPA}{section.a.F.1}% 257
\BOOKMARK [2][-]{subsection.a.F.1.3}{15MeV Proton Beam - 60 microamp 100DPA}{section.a.F.1}% 258
\BOOKMARK [2][-]{subsection.a.F.1.4}{20MeV Proton Beam - 60 microamp 100DPA}{section.a.F.1}% 259
\BOOKMARK [2][-]{subsection.a.F.1.5}{25MeV Proton Beam - 60 microamp 100DPA}{section.a.F.1}% 260
\BOOKMARK [2][-]{subsection.a.F.1.6}{30MeV Proton Beam - 60 microamp 100DPA}{section.a.F.1}% 261
\BOOKMARK [0][-]{appendix.a.G}{SRIM Results}{}% 262
\BOOKMARK [1][-]{subsection.a.G.0.1}{Ion paths through an iron sample}{appendix.a.G}% 263
\BOOKMARK [0][-]{appendix.a.H}{Crystal Structures}{}% 264
\BOOKMARK [1][-]{section.a.H.1}{Common Cubic Structures}{appendix.a.H}% 265
\BOOKMARK [2][-]{subsection.a.H.1.1}{Simple Cubic}{section.a.H.1}% 266
\BOOKMARK [2][-]{subsection.a.H.1.2}{Body Centered Cubic}{section.a.H.1}% 267
\BOOKMARK [2][-]{subsection.a.H.1.3}{Face Centered Cubic}{section.a.H.1}% 268
\BOOKMARK [2][-]{subsection.a.H.1.4}{Zincblende}{section.a.H.1}% 269
\BOOKMARK [1][-]{section.a.H.2}{FCC Defects}{appendix.a.H}% 270
\BOOKMARK [2][-]{subsection.a.H.2.1}{Dumbbell <100>}{section.a.H.2}% 271
\BOOKMARK [2][-]{subsection.a.H.2.2}{Dumbbell <110>}{section.a.H.2}% 272
\BOOKMARK [2][-]{subsection.a.H.2.3}{Dumbbell <111>}{section.a.H.2}% 273
\BOOKMARK [2][-]{subsection.a.H.2.4}{Crowdion}{section.a.H.2}% 274
\BOOKMARK [2][-]{subsection.a.H.2.5}{Octahedral Interstitial}{section.a.H.2}% 275
\BOOKMARK [2][-]{subsection.a.H.2.6}{Tetrahedral Interstitial}{section.a.H.2}% 276
\BOOKMARK [0][-]{appendix.a.I}{Elastic Constants}{}% 277
\BOOKMARK [1][-]{section.a.I.1}{Elastic Constant Matrices}{appendix.a.I}% 278
\BOOKMARK [1][-]{section.a.I.2}{Sets of Strains Applied to Calculate Elastic Constants}{appendix.a.I}% 279
\BOOKMARK [2][-]{subsection.a.I.2.1}{Cubic Crystals - Mehl, Singh, Klein and Papaconstantopoulos 1993}{section.a.I.2}% 280
\BOOKMARK [2][-]{subsection.a.I.2.2}{Orthorhombic Crystals - Ravindran, Fast, Korzhavyi and Johansson}{section.a.I.2}% 281
\BOOKMARK [2][-]{subsection.a.I.2.3}{Cubic Crystals - Connetable and Thomas 2009}{section.a.I.2}% 282
\BOOKMARK [2][-]{subsection.a.I.2.4}{Orthorhombic Crystals - Connetable and Thomas 2009}{section.a.I.2}% 283
\BOOKMARK [2][-]{subsection.a.I.2.5}{Stability Conditions}{section.a.I.2}% 284
\BOOKMARK [1][-]{section.a.I.3}{Computing Values from Elastic Constants}{appendix.a.I}% 285
\BOOKMARK [1][-]{section.a.I.4}{Correlation of Melting Temperature in Metals with Elastic Constants}{appendix.a.I}% 286
\BOOKMARK [0][-]{appendix.a.J}{PBE Functional}{}% 287
\BOOKMARK [0][-]{appendix.a.K}{QECONVERGE}{}% 288
\BOOKMARK [0][-]{appendix.a.L}{DFT Convergence Plots}{}% 289
\BOOKMARK [0][-]{appendix.a.M}{QEEOS}{}% 290
\BOOKMARK [0][-]{appendix.a.N}{DFT Calculated Properties}{}% 291
\BOOKMARK [1][-]{section.a.N.1}{QEEOS}{appendix.a.N}% 292
\BOOKMARK [1][-]{section.a.N.2}{FCC Aluminium}{appendix.a.N}% 293
\BOOKMARK [2][-]{subsection.a.N.2.1}{DFT Settings for PWscf}{section.a.N.2}% 294
\BOOKMARK [2][-]{subsection.a.N.2.2}{Resulting Plots}{section.a.N.2}% 295
\BOOKMARK [2][-]{subsection.a.N.2.3}{Aluminium FCC Results File}{section.a.N.2}% 296
\BOOKMARK [2][-]{subsection.a.N.2.4}{Known and Calculated Values}{section.a.N.2}% 297
\BOOKMARK [1][-]{section.a.N.3}{BCC Iron [No Magnetism]}{appendix.a.N}% 298
\BOOKMARK [2][-]{subsection.a.N.3.1}{Major DFT Settings}{section.a.N.3}% 299
\BOOKMARK [2][-]{subsection.a.N.3.2}{Equation of State and Elastic Constants}{section.a.N.3}% 300
\BOOKMARK [2][-]{subsection.a.N.3.3}{Iron BCC Results File}{section.a.N.3}% 301
\BOOKMARK [1][-]{section.a.N.4}{BCC Iron [Ferromagnetic]}{appendix.a.N}% 302
\BOOKMARK [2][-]{subsection.a.N.4.1}{Major DFT Settings}{section.a.N.4}% 303
\BOOKMARK [2][-]{subsection.a.N.4.2}{Equation of State and Elastic Constants}{section.a.N.4}% 304
\BOOKMARK [2][-]{subsection.a.N.4.3}{Iron Ferromagnetic BCC Results File}{section.a.N.4}% 305
\BOOKMARK [2][-]{subsection.a.N.4.4}{Known and Calculated Results}{section.a.N.4}% 306
\BOOKMARK [1][-]{section.a.N.5}{FCC Iron [Antiferromagnetic]}{appendix.a.N}% 307
\BOOKMARK [2][-]{subsection.a.N.5.1}{Major DFT Settings}{section.a.N.5}% 308
\BOOKMARK [2][-]{subsection.a.N.5.2}{Equation of State and Elastic Constants}{section.a.N.5}% 309
\BOOKMARK [2][-]{subsection.a.N.5.3}{Iron FCC Results File}{section.a.N.5}% 310
\BOOKMARK [1][-]{section.a.N.6}{FCC Palladium}{appendix.a.N}% 311
\BOOKMARK [2][-]{subsection.a.N.6.1}{Major DFT Settings}{section.a.N.6}% 312
\BOOKMARK [2][-]{subsection.a.N.6.2}{Equation of State and Elastic Constants}{section.a.N.6}% 313
\BOOKMARK [2][-]{subsection.a.N.6.3}{Palladium FCC Results File}{section.a.N.6}% 314
\BOOKMARK [2][-]{subsection.a.N.6.4}{Known and Calculated Values}{section.a.N.6}% 315
\BOOKMARK [1][-]{section.a.N.7}{FCC Ruthenium}{appendix.a.N}% 316
\BOOKMARK [2][-]{subsection.a.N.7.1}{Major DFT Settings}{section.a.N.7}% 317
\BOOKMARK [2][-]{subsection.a.N.7.2}{Equation of State and Elastic Constants}{section.a.N.7}% 318
\BOOKMARK [2][-]{subsection.a.N.7.3}{Ruthenium FCC Results File}{section.a.N.7}% 319
\BOOKMARK [2][-]{subsection.a.N.7.4}{Calculated Results}{section.a.N.7}% 320
\BOOKMARK [0][-]{appendix.a.O}{DFT Errors}{}% 321
\BOOKMARK [1][-]{subsection.a.O.0.1}{Insufficient Memory}{appendix.a.O}% 322
\BOOKMARK [2][-]{subsection.a.O.0.2}{Scratch Restrictions}{subsection.a.O.0.1}% 323
\BOOKMARK [2][-]{subsection.a.O.0.3}{Caching Repeat Calculations}{subsection.a.O.0.1}% 324
\BOOKMARK [2][-]{subsection.a.O.0.4}{Adjustment of DFT Parameters}{subsection.a.O.0.1}% 325
\BOOKMARK [2][-]{subsection.a.O.0.5}{Not Straying Too Far From Reality}{subsection.a.O.0.1}% 326
\BOOKMARK [2][-]{subsection.a.O.0.6}{Trial Parameters for Iron with and Octahedral Defect}{subsection.a.O.0.1}% 327
\BOOKMARK [0][-]{appendix.a.P}{Transferability}{}% 328
\BOOKMARK [1][-]{section.a.P.1}{Sheng Aluminium Potential}{appendix.a.P}% 329
\BOOKMARK [2][-]{subsection.a.P.1.1}{FCC Structure}{section.a.P.1}% 330
\BOOKMARK [2][-]{subsection.a.P.1.2}{BCC Structure}{section.a.P.1}% 331
\BOOKMARK [1][-]{section.a.P.2}{Mendelev et al 2003 Iron Potential}{appendix.a.P}% 332
\BOOKMARK [2][-]{subsection.a.P.2.1}{BCC Structure}{section.a.P.2}% 333
\BOOKMARK [2][-]{subsection.a.P.2.2}{FCC Structure}{section.a.P.2}% 334
\BOOKMARK [1][-]{section.a.P.3}{Ackland et al 1997 Iron Potential}{appendix.a.P}% 335
\BOOKMARK [2][-]{subsection.a.P.3.1}{BCC Structure}{section.a.P.3}% 336
\BOOKMARK [2][-]{subsection.a.P.3.2}{FCC Structure}{section.a.P.3}% 337
\BOOKMARK [0][-]{appendix.a.Q}{Optimization}{}% 338
\BOOKMARK [1][-]{section.a.Q.1}{Optimization}{appendix.a.Q}% 339
\BOOKMARK [2][-]{subsection.a.Q.1.1}{Introduction}{section.a.Q.1}% 340
\BOOKMARK [2][-]{subsection.a.Q.1.2}{Continuous and Discrete Optimization}{section.a.Q.1}% 341
\BOOKMARK [2][-]{subsection.a.Q.1.3}{Constrained and Unconstrained Optimization}{section.a.Q.1}% 342
\BOOKMARK [2][-]{subsection.a.Q.1.4}{Global and Local Optimization}{section.a.Q.1}% 343
\BOOKMARK [2][-]{subsection.a.Q.1.5}{Global Optimization Algorithms}{section.a.Q.1}% 344
\BOOKMARK [2][-]{subsection.a.Q.1.6}{Local Optimization Algorithms}{section.a.Q.1}% 345
\BOOKMARK [0][-]{appendix.a.R}{EFS Calculations}{}% 346
\BOOKMARK [1][-]{subsection.a.R.0.1}{Calculating Energy, Force and Stress}{appendix.a.R}% 347
\BOOKMARK [0][-]{appendix.a.S}{EAMPA Code}{}% 348
\BOOKMARK [1][-]{section.a.S.1}{Energy, Force, and Stress Subroutine}{appendix.a.S}% 349
\BOOKMARK [1][-]{section.a.S.2}{Neighbour List Subroutine}{appendix.a.S}% 350
\BOOKMARK [1][-]{section.a.S.3}{Fortran Programmed Functions}{appendix.a.S}% 351
\BOOKMARK [1][-]{section.a.S.4}{Main fitting class}{appendix.a.S}% 352
\BOOKMARK [1][-]{section.a.S.5}{Global Fitting Algorithms}{appendix.a.S}% 353
\BOOKMARK [1][-]{section.a.S.6}{Bulk Properties}{appendix.a.S}% 354
\BOOKMARK [1][-]{section.a.S.7}{Interpolation}{appendix.a.S}% 355
\BOOKMARK [1][-]{section.a.S.8}{Interpolation \(Gradient\)}{appendix.a.S}% 356
\BOOKMARK [0][-]{appendix.a.T}{Potential Functions}{}% 357
\BOOKMARK [1][-]{section.a.T.1}{Introduction}{appendix.a.T}% 358
\BOOKMARK [1][-]{section.a.T.2}{Functions}{appendix.a.T}% 359
\BOOKMARK [2][-]{subsection.a.T.2.1}{Ackland Embedding}{section.a.T.2}% 360
\BOOKMARK [2][-]{subsection.a.T.2.2}{Buckingham}{section.a.T.2}% 361
\BOOKMARK [2][-]{subsection.a.T.2.3}{Lennard Jones}{section.a.T.2}% 362
\BOOKMARK [2][-]{subsection.a.T.2.4}{Mishin Density}{section.a.T.2}% 363
\BOOKMARK [2][-]{subsection.a.T.2.5}{Morse}{section.a.T.2}% 364
\BOOKMARK [2][-]{subsection.a.T.2.6}{Polynomial Embedding}{section.a.T.2}% 365
\BOOKMARK [2][-]{subsection.a.T.2.7}{Spline}{section.a.T.2}% 366
\BOOKMARK [2][-]{subsection.a.T.2.8}{Slater 4s}{section.a.T.2}% 367
\BOOKMARK [2][-]{subsection.a.T.2.9}{Zero}{section.a.T.2}% 368
\BOOKMARK [1][-]{section.a.T.3}{Splines}{appendix.a.T}% 369
\BOOKMARK [0][-]{appendix.a.U}{Fe-Pd and Fe-Ru Structures}{}% 370
\BOOKMARK [0][-]{appendix.a.V}{Fe-Pd Potential}{}% 371
\BOOKMARK [1][-]{section.a.V.1}{Tabulated Potential}{appendix.a.V}% 372
\BOOKMARK [1][-]{section.a.V.2}{Potential Function Plots}{appendix.a.V}% 373
\BOOKMARK [1][-]{section.a.V.3}{Potential vs DFT}{appendix.a.V}% 374
\BOOKMARK [1][-]{section.a.V.4}{Bulk Properties}{appendix.a.V}% 375
\BOOKMARK [2][-]{subsection.a.V.4.1}{Iron FCC}{section.a.V.4}% 376
\BOOKMARK [2][-]{subsection.a.V.4.2}{Palladium FCC}{section.a.V.4}% 377
\BOOKMARK [2][-]{subsection.a.V.4.3}{Iron BCC}{section.a.V.4}% 378
\BOOKMARK [0][-]{appendix.a.W}{Fe-Ru Potential}{}% 379
\BOOKMARK [1][-]{section.a.W.1}{Tabulated Potential}{appendix.a.W}% 380
\BOOKMARK [1][-]{section.a.W.2}{Potential Function Plots}{appendix.a.W}% 381
\BOOKMARK [1][-]{section.a.W.3}{Potential vs DFT}{appendix.a.W}% 382
\BOOKMARK [1][-]{section.a.W.4}{Bulk Properties}{appendix.a.W}% 383
\BOOKMARK [2][-]{subsection.a.W.4.1}{Iron FCC}{section.a.W.4}% 384
\BOOKMARK [2][-]{subsection.a.W.4.2}{Ruthenium FCC}{section.a.W.4}% 385
\BOOKMARK [2][-]{subsection.a.W.4.3}{Iron BCC}{section.a.W.4}% 386
\BOOKMARK [0][-]{appendix.a.X}{Contribution to the DLPOLY Source Code}{}% 387
\BOOKMARK [1][-]{section.a.X.1}{Contribution to DLPOLY 4.04}{appendix.a.X}% 388
