/* Converted from PWscf output file */ 
#L_UNITS ang 
#E_UNITS eV 
#S_UNITS GPA 
#F_UNITS EV/ANG 
#ALAT 	   7.82297     // a0 
#X 	   1.00000     0.00000     0.00000     // X 
#Y 	   0.00000     1.03676    -0.04488     // Y 
#Z 	   0.00000    -0.04488     1.03676     // Z 
#SX 	   0.03646     0.00000     0.00000     // SX 
#SY 	   0.00000     0.22444    -0.03500     // SY 
#SZ 	   0.00000    -0.03500     0.22444     // SZ 
#EPA 	  -3.87561     // Energy per Atom 
#RCUT 	6.5        // Rcut 
PD      0.00000      0.37500      0.12500      0.00000      0.00000      0.00000
PD     -0.00000      0.00697      0.00480      0.00000      0.00572      0.00859
PD      0.27154      0.24653     -0.00347      0.00815      0.01786      0.01786
PD      0.25999     -0.01081      0.25526     -0.02031     -0.01089      0.03303
PD      0.00000      0.18162      0.31838     -0.00000     -0.05805      0.05805
PD     -0.00000     -0.02089      0.52089     -0.00000      0.01628     -0.01628
PD      0.25999      0.24474      0.51081     -0.02031     -0.03303      0.01089
PD      0.25501      0.00219      0.75219     -0.00824     -0.00478     -0.00478
PD     -0.00000      0.25480      0.75697      0.00000      0.00859      0.00572
PD      0.00000      0.56838     -0.06838     -0.00000      0.05805     -0.05805
PD      0.25999      0.76081     -0.00526     -0.02031      0.01089     -0.03303
PD      0.27154      0.50347      0.25347      0.00815     -0.01786     -0.01786
PD     -0.00000      0.74303      0.24520      0.00000     -0.00572     -0.00859
PD     -0.00000      0.49520      0.49303      0.00000     -0.00859     -0.00572
PD      0.25501      0.74781      0.49781     -0.00824      0.00478      0.00478
PD      0.25999      0.50526      0.73919     -0.02031      0.03303     -0.01089
PD     -0.00000      0.77089      0.72911     -0.00000     -0.01628      0.01628
PD      0.50000     -0.00065      0.00204      0.00000     -0.04614     -0.00545
PD      0.72846      0.24653     -0.00347     -0.00815      0.01786      0.01786
PD      0.74001     -0.01081      0.25526      0.02031     -0.01089      0.03303
PD      0.50000      0.24339      0.25661     -0.00000     -0.04750      0.04750
PD      0.50000     -0.00445      0.50445     -0.00000     -0.04202      0.04202
PD      0.74001      0.24474      0.51081      0.02031     -0.03303      0.01089
PD      0.74499      0.00219      0.75219      0.00824     -0.00478     -0.00478
PD      0.50000      0.25204      0.74935      0.00000     -0.00545     -0.04614
PD      0.50000      0.50661     -0.00661     -0.00000      0.04750     -0.04750
PD      0.74001      0.76081     -0.00526      0.02031      0.01089     -0.03303
PD      0.72846      0.50347      0.25347     -0.00815     -0.01786     -0.01786
PD      0.50000      0.75065      0.24796      0.00000      0.04614      0.00545
PD      0.50000      0.49796      0.50065      0.00000      0.00545      0.04614
PD      0.74499      0.74781      0.49781      0.00824      0.00478      0.00478
PD      0.74001      0.50526      0.73919      0.02031      0.03303     -0.01089
PD      0.50000      0.75445      0.74555     -0.00000      0.04202     -0.04202
