/* Converted from PWscf output file */ 
#L_UNITS ang 
#E_UNITS eV 
#S_UNITS GPA 
#F_UNITS EV/ANG 
#ALAT 	   7.74332     // a0 
#X 	   1.00000     0.00000     0.00000     // X 
#Y 	   0.00000     1.05037    -0.04421     // Y 
#Z 	   0.00000    -0.04421     1.05037     // Z 
#SX 	   1.00860     0.00000     0.00000     // SX 
#SY 	   0.00000     1.26790    -0.16363     // SY 
#SZ 	   0.00000    -0.16363     1.26790     // SZ 
#EPA 	  -3.86876     // Energy per Atom 
#RCUT 	6.5        // Rcut 
PD      0.00000      0.37500      0.12500      0.00000      0.00000      0.00000
PD     -0.00000      0.00197      0.00004     -0.00000      0.23785      0.18309
PD      0.27261      0.24106     -0.00894     -0.23298      0.24460      0.24460
PD      0.25928     -0.00771      0.25194      0.05558     -0.00991      0.05878
PD      0.00000      0.18369      0.31631      0.00000     -0.82719      0.82719
PD      0.00000     -0.01950      0.51950      0.00000     -0.03565      0.03565
PD      0.25928      0.24806      0.50771      0.05558     -0.05878      0.00991
PD      0.25505     -0.00120      0.74880      0.18986      0.08407      0.08407
PD     -0.00000      0.25004      0.75197     -0.00000      0.18309      0.23785
PD      0.00000      0.56631     -0.06631      0.00000      0.82719     -0.82719
PD      0.25928      0.75771     -0.00194      0.05558      0.00991     -0.05878
PD      0.27261      0.50894      0.25894     -0.23298     -0.24460     -0.24460
PD     -0.00000      0.74803      0.24996     -0.00000     -0.23785     -0.18309
PD     -0.00000      0.49996      0.49803     -0.00000     -0.18309     -0.23785
PD      0.25505      0.75120      0.50120      0.18986     -0.08407     -0.08407
PD      0.25928      0.50194      0.74229      0.05558      0.05878     -0.00991
PD      0.00000      0.76950      0.73050      0.00000      0.03565     -0.03565
PD      0.50000     -0.00627     -0.00034      0.00000      0.09903      0.04425
PD      0.72739      0.24106     -0.00894      0.23298      0.24460      0.24460
PD      0.74072     -0.00771      0.25194     -0.05558     -0.00991      0.05878
PD      0.50000      0.24701      0.25299      0.00000     -0.07312      0.07312
PD      0.50000     -0.00169      0.50169     -0.00000     -0.05653      0.05653
PD      0.74072      0.24806      0.50771     -0.05558     -0.05878      0.00991
PD      0.74495     -0.00120      0.74880     -0.18986      0.08407      0.08407
PD      0.50000      0.24966      0.74373      0.00000      0.04425      0.09903
PD      0.50000      0.50299     -0.00299      0.00000      0.07312     -0.07312
PD      0.74072      0.75771     -0.00194     -0.05558      0.00991     -0.05878
PD      0.72739      0.50894      0.25894      0.23298     -0.24460     -0.24460
PD      0.50000      0.75627      0.25034      0.00000     -0.09903     -0.04425
PD      0.50000      0.50034      0.50627      0.00000     -0.04425     -0.09903
PD      0.74495      0.75120      0.50120     -0.18986     -0.08407     -0.08407
PD      0.74072      0.50194      0.74229     -0.05558      0.05878     -0.00991
PD      0.50000      0.75169      0.74831     -0.00000      0.05653     -0.05653
