/* Converted from PWscf output file */ 
#L_UNITS ang 
#E_UNITS eV 
#S_UNITS GPA 
#F_UNITS EV/ANG 
#ALAT 	   7.64779     // a0 
#X 	   1.00000     0.00000     0.00000     // X 
#Y 	   0.00000     1.00977    -0.01021     // Y 
#Z 	   0.00000    -0.01021     1.00977     // Z 
#SX 	  36.84284     0.00000     0.00000     // SX 
#SY 	   0.00000   129.20953   -96.51674     // SY 
#SZ 	   0.00000   -96.51674   129.20953     // SZ 
#EPA 	  -0.95070     // Energy per Atom 
#RCUT 	6.5        // Rcut 
PD      0.00000      0.37500      0.12500      0.00000      0.00000      0.00000
PD      0.00000     -0.00012     -0.00005      0.00000     -0.68979     -0.32848
PD      0.25075      0.24962     -0.00038      4.48752     -2.27263     -2.27263
PD      0.25003     -0.00003      0.25001      0.16815     -0.20419      0.03608
PD      0.00000      0.22545      0.27455      0.00000   -146.77614    146.77614
PD      0.00000     -0.00002      0.50002      0.00000     -0.12930      0.12930
PD      0.25003      0.24999      0.50003      0.16815     -0.03608      0.20419
PD      0.25000     -0.00001      0.74999      0.01266     -0.03466     -0.03466
PD      0.00000      0.24995      0.74988      0.00000     -0.32848     -0.68979
PD      0.00000      0.52455     -0.02455      0.00000    146.77614   -146.77614
PD      0.25003      0.75003     -0.00001      0.16815      0.20419     -0.03608
PD      0.25075      0.50038      0.25038      4.48752      2.27263      2.27263
PD      0.00000      0.75012      0.25005      0.00000      0.68979      0.32848
PD      0.00000      0.50005      0.50012      0.00000      0.32848      0.68979
PD      0.25000      0.75001      0.50001      0.01266      0.03466      0.03466
PD      0.25003      0.50001      0.74997      0.16815      0.03608     -0.20419
PD      0.00000      0.75002      0.74998      0.00000      0.12930     -0.12930
PD      0.50000     -0.00002     -0.00001      0.00000     -0.10193     -0.03268
PD      0.74925      0.24962     -0.00038     -4.48752     -2.27263     -2.27263
PD      0.74997     -0.00003      0.25001     -0.16815     -0.20419      0.03608
PD      0.50000      0.24999      0.25001      0.00000     -0.05548      0.05548
PD      0.50000      0.00000      0.50000      0.00000      0.00582     -0.00582
PD      0.74997      0.24999      0.50003     -0.16815     -0.03608      0.20419
PD      0.75000     -0.00001      0.74999     -0.01266     -0.03466     -0.03466
PD      0.50000      0.24999      0.74998      0.00000     -0.03268     -0.10193
PD      0.50000      0.50001     -0.00001      0.00000      0.05548     -0.05548
PD      0.74997      0.75003     -0.00001     -0.16815      0.20419     -0.03608
PD      0.74925      0.50038      0.25038     -4.48752      2.27263      2.27263
PD      0.50000      0.75002      0.25001      0.00000      0.10193      0.03268
PD      0.50000      0.50001      0.50002      0.00000      0.03268      0.10193
PD      0.75000      0.75001      0.50001     -0.01266      0.03466      0.03466
PD      0.74997      0.50001      0.74997     -0.16815      0.03608     -0.20419
PD      0.50000      0.75000      0.75000      0.00000     -0.00582      0.00582
