/* Converted from PWscf output file */ 
#L_UNITS ang 
#E_UNITS eV 
#S_UNITS GPA 
#F_UNITS EV/ANG 
#ALAT 	   7.75257     // a0 
#X 	   1.00000     0.00000     0.00000     // X 
#Y 	   0.00000     1.05254    -0.04510     // Y 
#Z 	   0.00000    -0.04510     1.05254     // Z 
#SX 	   0.24107     0.00000     0.00000     // SX 
#SY 	   0.00000    -0.45107     0.02990     // SY 
#SZ 	   0.00000     0.02990    -0.45107     // SZ 
#EPA 	  -3.87304     // Energy per Atom 
#RCUT 	6.5        // Rcut 
PD      0.00000      0.37500      0.12500      0.00000      0.00000      0.00000
PD     -0.00000      0.00483      0.00225      0.00000      0.13962      0.12262
PD      0.27094      0.24367     -0.00633     -0.10176      0.15009      0.15009
PD      0.26005     -0.00829      0.25267      0.00524     -0.02111      0.02831
PD      0.00000      0.18118      0.31882     -0.00000      0.13658     -0.13658
PD      0.00000     -0.02067      0.52067      0.00000     -0.01416      0.01416
PD      0.26005      0.24733      0.50829      0.00524     -0.02831      0.02111
PD      0.25690      0.00012      0.75012      0.04717      0.09949      0.09949
PD     -0.00000      0.25225      0.75483      0.00000      0.12262      0.13962
PD      0.00000      0.56882     -0.06882     -0.00000     -0.13658      0.13658
PD      0.26005      0.75829     -0.00267      0.00524      0.02111     -0.02831
PD      0.27094      0.50633      0.25633     -0.10176     -0.15009     -0.15009
PD     -0.00000      0.74517      0.24775      0.00000     -0.13962     -0.12262
PD     -0.00000      0.49775      0.49517      0.00000     -0.12262     -0.13962
PD      0.25690      0.74988      0.49988      0.04717     -0.09949     -0.09949
PD      0.26005      0.50267      0.74171      0.00524      0.02831     -0.02111
PD      0.00000      0.77067      0.72933      0.00000      0.01416     -0.01416
PD      0.50000     -0.00410      0.00030      0.00000      0.20650      0.05439
PD      0.72906      0.24367     -0.00633      0.10176      0.15009      0.15009
PD      0.73995     -0.00829      0.25267     -0.00524     -0.02111      0.02831
PD      0.50000      0.24605      0.25395      0.00000     -0.03485      0.03485
PD      0.50000     -0.00241      0.50241      0.00000     -0.02881      0.02881
PD      0.73995      0.24733      0.50829     -0.00524     -0.02831      0.02111
PD      0.74310      0.00012      0.75012     -0.04717      0.09949      0.09949
PD      0.50000      0.25030      0.74590      0.00000      0.05439      0.20650
PD      0.50000      0.50395     -0.00395      0.00000      0.03485     -0.03485
PD      0.73995      0.75829     -0.00267     -0.00524      0.02111     -0.02831
PD      0.72906      0.50633      0.25633      0.10176     -0.15009     -0.15009
PD      0.50000      0.75410      0.24970      0.00000     -0.20650     -0.05439
PD      0.50000      0.49970      0.50410      0.00000     -0.05439     -0.20650
PD      0.74310      0.74988      0.49988     -0.04717     -0.09949     -0.09949
PD      0.73995      0.50267      0.74171     -0.00524      0.02831     -0.02111
PD      0.50000      0.75241      0.74759      0.00000      0.02881     -0.02881
