/* Converted from PWscf output file */ 
#L_UNITS ang 
#E_UNITS eV 
#S_UNITS GPA 
#F_UNITS EV/ANG 
#ALAT 	   7.76991     // a0 
#X 	   1.00000     0.00000     0.00000     // X 
#Y 	   0.00000     1.04826    -0.04941     // Y 
#Z 	   0.00000    -0.04941     1.04826     // Z 
#SX 	   0.06563     0.00000     0.00000     // SX 
#SY 	   0.00000     0.02158     0.04273     // SY 
#SZ 	   0.00000     0.04273     0.02158     // SZ 
#EPA 	  -3.87612     // Energy per Atom 
#RCUT 	6.5        // Rcut 
PD      0.00000      0.37500      0.12500      0.00000      0.00000      0.00000
PD      0.00000      0.01011      0.00584      0.00000      0.01709     -0.02012
PD      0.27581      0.24849     -0.00151      0.04051     -0.00445     -0.00445
PD      0.25787     -0.01369      0.25770      0.01139     -0.01903     -0.00397
PD      0.00000      0.18264      0.31736      0.00000     -0.01724      0.01724
PD     -0.00000     -0.02043      0.52043      0.00000     -0.00061      0.00061
PD      0.25787      0.24230      0.51369      0.01139      0.00397      0.01903
PD      0.25436      0.00381      0.75381      0.00794     -0.00800     -0.00800
PD     -0.00000      0.25584      0.76011     -0.00000     -0.02012      0.01709
PD      0.00000      0.56736     -0.06736      0.00000      0.01724     -0.01724
PD      0.25787      0.76369     -0.00770      0.01139      0.01903      0.00397
PD      0.27581      0.50151      0.25151      0.04051      0.00445      0.00445
PD      0.00000      0.73989      0.24416      0.00000     -0.01709      0.02012
PD     -0.00000      0.49416      0.48989     -0.00000      0.02012     -0.01709
PD      0.25436      0.74619      0.49619      0.00794      0.00800      0.00800
PD      0.25787      0.50770      0.73631      0.01139     -0.00397     -0.01903
PD     -0.00000      0.77043      0.72957      0.00000      0.00061     -0.00061
PD      0.50000     -0.00160      0.00379     -0.00000      0.01429      0.03026
PD      0.72419      0.24849     -0.00151     -0.04051     -0.00445     -0.00445
PD      0.74213     -0.01369      0.25770     -0.01139     -0.01903     -0.00397
PD      0.50000      0.23750      0.26250     -0.00000      0.01310     -0.01310
PD      0.50000     -0.00680      0.50680     -0.00000      0.03883     -0.03883
PD      0.74213      0.24230      0.51369     -0.01139      0.00397      0.01903
PD      0.74564      0.00381      0.75381     -0.00794     -0.00800     -0.00800
PD      0.50000      0.25379      0.74840      0.00000      0.03026      0.01429
PD      0.50000      0.51250     -0.01250     -0.00000     -0.01310      0.01310
PD      0.74213      0.76369     -0.00770     -0.01139      0.01903      0.00397
PD      0.72419      0.50151      0.25151     -0.04051      0.00445      0.00445
PD      0.50000      0.75160      0.24621     -0.00000     -0.01429     -0.03026
PD      0.50000      0.49621      0.50160      0.00000     -0.03026     -0.01429
PD      0.74564      0.74619      0.49619     -0.00794      0.00800      0.00800
PD      0.74213      0.50770      0.73631     -0.01139     -0.00397     -0.01903
PD      0.50000      0.75680      0.74320     -0.00000     -0.03883      0.03883
