/* Converted from PWscf output file */ 
#L_UNITS ang 
#E_UNITS eV 
#S_UNITS GPA 
#F_UNITS EV/ANG 
#ALAT 	   7.93856     // a0 
#X 	   1.00000     0.00000     0.00000     // X 
#Y 	   0.00000     1.02292    -0.02608     // Y 
#Z 	   0.00000    -0.02608     1.02292     // Z 
#SX 	  -4.89061     0.00000     0.00000     // SX 
#SY 	   0.00000     3.86378    -8.22982     // SY 
#SZ 	   0.00000    -8.22982     3.86378     // SZ 
#EPA 	  -3.70315     // Energy per Atom 
#RCUT 	6.5        // Rcut 
PD      0.00000      0.37500      0.12500      0.00000      0.00000      0.00000
PD     -0.00000     -0.00149     -0.00175      0.00000      0.01424     -0.01262
PD      0.26826      0.24098     -0.00902      0.46536     -0.16895     -0.16895
PD      0.25484     -0.00452      0.25027      0.16560     -0.13388      0.07276
PD      0.00000      0.20308      0.29692      0.00000    -12.23811     12.23811
PD      0.00000     -0.01116      0.51116      0.00000     -0.24955      0.24955
PD      0.25484      0.24973      0.50452      0.16560     -0.07276      0.13388
PD      0.25108     -0.00081      0.74919      0.11627     -0.07065     -0.07065
PD     -0.00000      0.24825      0.74851      0.00000     -0.01262      0.01424
PD      0.00000      0.54692     -0.04692      0.00000     12.23811    -12.23811
PD      0.25484      0.75452     -0.00027      0.16560      0.13388     -0.07276
PD      0.26826      0.50902      0.25902      0.46536      0.16895      0.16895
PD     -0.00000      0.75149      0.25175      0.00000     -0.01424      0.01262
PD     -0.00000      0.50175      0.50149      0.00000      0.01262     -0.01424
PD      0.25108      0.75081      0.50081      0.11627      0.07065      0.07065
PD      0.25484      0.50027      0.74548      0.16560      0.07276     -0.13388
PD      0.00000      0.76116      0.73884      0.00000      0.24955     -0.24955
PD      0.50000     -0.00278     -0.00051     -0.00000     -0.24307     -0.03043
PD      0.73174      0.24098     -0.00902     -0.46536     -0.16895     -0.16895
PD      0.74516     -0.00452      0.25027     -0.16560     -0.13388      0.07276
PD      0.50000      0.24926      0.25074      0.00000     -0.08615      0.08615
PD      0.50000     -0.00040      0.50040      0.00000     -0.03454      0.03454
PD      0.74516      0.24973      0.50452     -0.16560     -0.07276      0.13388
PD      0.74892     -0.00081      0.74919     -0.11627     -0.07065     -0.07065
PD      0.50000      0.24949      0.74722      0.00000     -0.03043     -0.24307
PD      0.50000      0.50074     -0.00074      0.00000      0.08615     -0.08615
PD      0.74516      0.75452     -0.00027     -0.16560      0.13388     -0.07276
PD      0.73174      0.50902      0.25902     -0.46536      0.16895      0.16895
PD      0.50000      0.75278      0.25051     -0.00000      0.24307      0.03043
PD      0.50000      0.50051      0.50278      0.00000      0.03043      0.24307
PD      0.74892      0.75081      0.50081     -0.11627      0.07065      0.07065
PD      0.74516      0.50027      0.74548     -0.16560      0.07276     -0.13388
PD      0.50000      0.75040      0.74960      0.00000      0.03454     -0.03454
