/* Converted from PWscf output file */ 
#L_UNITS ang 
#E_UNITS eV 
#S_UNITS GPA 
#F_UNITS EV/ANG 
#ALAT 	   7.76258     // a0 
#X 	   1.00000     0.00000     0.00000     // X 
#Y 	   0.00000     1.04981    -0.04967     // Y 
#Z 	   0.00000    -0.04967     1.04981     // Z 
#SX 	   0.04565     0.00000     0.00000     // SX 
#SY 	   0.00000     0.00000     0.00875     // SY 
#SZ 	   0.00000     0.00875     0.00000     // SZ 
#EPA 	  -3.87617     // Energy per Atom 
#RCUT 	6.5        // Rcut 
PD      0.00000      0.37500      0.12500      0.00000      0.00000      0.00000
PD      0.00000      0.01028      0.00572      0.00000      0.01107     -0.00945
PD      0.27599      0.24848     -0.00152     -0.00307      0.00300      0.00300
PD      0.25792     -0.01377      0.25765     -0.00804     -0.00114      0.00827
PD      0.00000      0.18256      0.31744      0.00000     -0.00753      0.00753
PD     -0.00000     -0.02047      0.52047      0.00000      0.00104     -0.00104
PD      0.25792      0.24235      0.51377     -0.00804     -0.00827      0.00114
PD      0.25450      0.00376      0.75376      0.01709     -0.01287     -0.01287
PD     -0.00000      0.25572      0.76028      0.00000     -0.00945      0.01107
PD      0.00000      0.56744     -0.06744      0.00000      0.00753     -0.00753
PD      0.25792      0.76377     -0.00765     -0.00804      0.00114     -0.00827
PD      0.27599      0.50152      0.25152     -0.00307     -0.00300     -0.00300
PD      0.00000      0.73972      0.24428      0.00000     -0.01107      0.00945
PD     -0.00000      0.49428      0.48972      0.00000      0.00945     -0.01107
PD      0.25450      0.74624      0.49624      0.01709      0.01287      0.01287
PD      0.25792      0.50765      0.73623     -0.00804      0.00827     -0.00114
PD     -0.00000      0.77047      0.72953      0.00000     -0.00104      0.00104
PD      0.50000     -0.00151      0.00397      0.00000     -0.00676      0.00921
PD      0.72401      0.24848     -0.00152      0.00307      0.00300      0.00300
PD      0.74208     -0.01377      0.25765      0.00804     -0.00114      0.00827
PD      0.50000      0.23760      0.26240     -0.00000      0.00423     -0.00423
PD      0.50000     -0.00654      0.50654      0.00000      0.00437     -0.00437
PD      0.74208      0.24235      0.51377      0.00804     -0.00827      0.00114
PD      0.74550      0.00376      0.75376     -0.01709     -0.01287     -0.01287
PD      0.50000      0.25397      0.74849     -0.00000      0.00921     -0.00676
PD      0.50000      0.51240     -0.01240     -0.00000     -0.00423      0.00423
PD      0.74208      0.76377     -0.00765      0.00804      0.00114     -0.00827
PD      0.72401      0.50152      0.25152      0.00307     -0.00300     -0.00300
PD      0.50000      0.75151      0.24603      0.00000      0.00676     -0.00921
PD      0.50000      0.49603      0.50151     -0.00000     -0.00921      0.00676
PD      0.74550      0.74624      0.49624     -0.01709      0.01287      0.01287
PD      0.74208      0.50765      0.73623      0.00804      0.00827     -0.00114
PD      0.50000      0.75654      0.74346      0.00000     -0.00437      0.00437
