/* Converted from PWscf output file */ 
#L_UNITS ang 
#E_UNITS eV 
#S_UNITS GPA 
#F_UNITS EV/ANG 
#ALAT 	   7.76255     // a0 
#X 	   1.00000     0.00000     0.00000     // X 
#Y 	   0.00000     1.04981    -0.04967     // Y 
#Z 	   0.00000     0.04967     1.04981     // Z 
#SX 	   0.33221     0.00000     0.00000     // SX 
#SY 	   0.00000     0.46084    -0.15357     // SY 
#SZ 	   0.00000    -0.15357     0.46084     // SZ 
#EPA 	  -3.90208     // Energy per Atom 
#RCUT 	6.5        // Rcut 
PD      0.00000      0.37333      0.08960      0.00000      0.00000      0.00000
PD      0.00000      0.01023      0.00475      0.00000      0.00980     -0.00752
PD      0.27599      0.24737     -0.02498     -0.00552      0.00534      0.00534
PD      0.25792     -0.01371      0.25895     -0.00842      0.00319      0.01232
PD      0.00000      0.18175      0.30020      0.00000     -0.00313      0.00313
PD      0.00000     -0.02037      0.52240      0.00000      0.00063     -0.00063
PD      0.25792      0.24127      0.49089     -0.00842     -0.01232     -0.00319
PD      0.25450      0.00374      0.75341      0.01452     -0.01533     -0.01533
PD      0.00000      0.25458      0.73614      0.00000     -0.00752      0.00980
PD      0.00000      0.56490     -0.12101      0.00000      0.00313     -0.00313
PD      0.25792      0.76036     -0.07976     -0.00842     -0.00319     -0.01232
PD      0.27599      0.49928      0.20417     -0.00552     -0.00534     -0.00534
PD      0.00000      0.73642      0.17445      0.00000     -0.00980      0.00752
PD      0.00000      0.49207      0.44306      0.00000      0.00752     -0.00980
PD      0.25450      0.74291      0.42579      0.01452      0.01533      0.01533
PD      0.25792      0.50539      0.68830     -0.00842      0.01232      0.00319
PD      0.00000      0.76702      0.65680      0.00000     -0.00063      0.00063
PD      0.50000     -0.00151      0.00411      0.00000     -0.00373      0.00574
PD      0.72401      0.24737     -0.02498      0.00552      0.00534      0.00534
PD      0.74208     -0.01371      0.25895      0.00842      0.00319      0.01232
PD      0.50000      0.23654      0.23997      0.00000      0.00710     -0.00710
PD      0.50000     -0.00652      0.50716      0.00000      0.00063     -0.00063
PD      0.74208      0.24127      0.49089      0.00842     -0.01232     -0.00319
PD      0.74550      0.00374      0.75341     -0.01452     -0.01533     -0.01533
PD      0.50000      0.25283      0.72451      0.00000      0.00574     -0.00373
PD      0.50000      0.51011     -0.06078      0.00000     -0.00710      0.00710
PD      0.74208      0.76036     -0.07976      0.00842     -0.00319     -0.01232
PD      0.72401      0.49928      0.20417      0.00552     -0.00534     -0.00534
PD      0.50000      0.74816      0.17508      0.00000      0.00373     -0.00574
PD      0.50000      0.49382      0.45468      0.00000     -0.00574      0.00373
PD      0.74550      0.74291      0.42579     -0.01452      0.01533      0.01533
PD      0.74208      0.50539      0.68830      0.00842      0.01232      0.00319
PD      0.50000      0.75317      0.67203      0.00000     -0.00063      0.00063
