/* Converted from PWscf output file */ 
#L_UNITS ang 
#E_UNITS eV 
#S_UNITS GPA 
#F_UNITS EV/ANG 
#ALAT 	   7.81681     // a0 
#X 	   1.00000     0.00000     0.00000     // X 
#Y 	   0.00000     1.03897    -0.04665     // Y 
#Z 	   0.00000    -0.04665     1.03897     // Z 
#SX 	  -0.21773     0.00000     0.00000     // SX 
#SY 	   0.00000    -0.03573    -0.02625     // SY 
#SZ 	   0.00000    -0.02625    -0.03573     // SZ 
#EPA 	  -3.87595     // Energy per Atom 
#RCUT 	6.5        // Rcut 
PD      0.00000      0.37500      0.12500      0.00000      0.00000      0.00000
PD     -0.00000      0.00843      0.00570      0.00000      0.02566     -0.00716
PD      0.27331      0.24777     -0.00223      0.04006     -0.00318     -0.00318
PD      0.25872     -0.01226      0.25695     -0.00342     -0.01207     -0.01811
PD      0.00000      0.18201      0.31799      0.00000      0.05873     -0.05873
PD     -0.00000     -0.02065      0.52065      0.00000     -0.00497      0.00497
PD      0.25872      0.24305      0.51226     -0.00342      0.01811      0.01207
PD      0.25446      0.00304      0.75304      0.01224      0.01565      0.01565
PD      0.00000      0.25570      0.75843      0.00000     -0.00716      0.02566
PD      0.00000      0.56799     -0.06799      0.00000     -0.05873      0.05873
PD      0.25872      0.76226     -0.00695     -0.00342      0.01207      0.01811
PD      0.27331      0.50223      0.25223      0.04006      0.00318      0.00318
PD     -0.00000      0.74157      0.24430      0.00000     -0.02566      0.00716
PD      0.00000      0.49430      0.49157      0.00000      0.00716     -0.02566
PD      0.25446      0.74696      0.49696      0.01224     -0.01565     -0.01565
PD      0.25872      0.50695      0.73774     -0.00342     -0.01811     -0.01207
PD     -0.00000      0.77065      0.72935      0.00000      0.00497     -0.00497
PD      0.50000     -0.00147      0.00265     -0.00000      0.01921      0.01966
PD      0.72669      0.24777     -0.00223     -0.04006     -0.00318     -0.00318
PD      0.74128     -0.01226      0.25695      0.00342     -0.01207     -0.01811
PD      0.50000      0.23992      0.26008     -0.00000     -0.00778      0.00778
PD      0.50000     -0.00650      0.50650      0.00000      0.02900     -0.02900
PD      0.74128      0.24305      0.51226      0.00342      0.01811      0.01207
PD      0.74554      0.00304      0.75304     -0.01224      0.01565      0.01565
PD      0.50000      0.25265      0.74853      0.00000      0.01966      0.01921
PD      0.50000      0.51008     -0.01008     -0.00000      0.00778     -0.00778
PD      0.74128      0.76226     -0.00695      0.00342      0.01207      0.01811
PD      0.72669      0.50223      0.25223     -0.04006      0.00318      0.00318
PD      0.50000      0.75147      0.24735     -0.00000     -0.01921     -0.01966
PD      0.50000      0.49735      0.50147      0.00000     -0.01966     -0.01921
PD      0.74554      0.74696      0.49696     -0.01224     -0.01565     -0.01565
PD      0.74128      0.50695      0.73774      0.00342     -0.01811     -0.01207
PD      0.50000      0.75650      0.74350      0.00000     -0.02900      0.02900
