/* Converted from PWscf output file */ 
#L_UNITS ang 
#E_UNITS eV 
#S_UNITS GPA 
#F_UNITS EV/ANG 
#ALAT 	   7.78738     // a0 
#X 	   1.00000     0.00000     0.00000     // X 
#Y 	   0.00000     1.04581    -0.04517     // Y 
#Z 	   0.00000    -0.04517     1.04581     // Z 
#SX 	   0.04127     0.00000     0.00000     // SX 
#SY 	   0.00000    -0.61805     0.03398     // SY 
#SZ 	   0.00000     0.03398    -0.61805     // SZ 
#EPA 	  -3.87481     // Energy per Atom 
#RCUT 	6.5        // Rcut 
PD      0.00000      0.37500      0.12500      0.00000      0.00000      0.00000
PD     -0.00000      0.00694      0.00417     -0.00000     -0.00406      0.01778
PD      0.26957      0.24603     -0.00397      0.08857     -0.00067     -0.00067
PD      0.26020     -0.00892      0.25339      0.00434     -0.06461      0.03665
PD      0.00000      0.18140      0.31860      0.00000      0.21594     -0.21594
PD      0.00000     -0.02092      0.52092      0.00000     -0.02219      0.02219
PD      0.26020      0.24661      0.50892      0.00434     -0.03665      0.06461
PD      0.25729      0.00164      0.75164     -0.09323      0.03242      0.03242
PD     -0.00000      0.25417      0.75694      0.00000      0.01778     -0.00406
PD      0.00000      0.56860     -0.06860      0.00000     -0.21594      0.21594
PD      0.26020      0.75892     -0.00339      0.00434      0.06461     -0.03665
PD      0.26957      0.50397      0.25397      0.08857      0.00067      0.00067
PD     -0.00000      0.74306      0.24583     -0.00000      0.00406     -0.01778
PD     -0.00000      0.49583      0.49306      0.00000     -0.01778      0.00406
PD      0.25729      0.74836      0.49836     -0.09323     -0.03242     -0.03242
PD      0.26020      0.50339      0.74108      0.00434      0.03665     -0.06461
PD      0.00000      0.77092      0.72908      0.00000      0.02219     -0.02219
PD      0.50000     -0.00103      0.00118      0.00000      0.06689      0.04147
PD      0.73043      0.24603     -0.00397     -0.08857     -0.00067     -0.00067
PD      0.73980     -0.00892      0.25339     -0.00434     -0.06461      0.03665
PD      0.50000      0.24526      0.25474      0.00000     -0.03102      0.03102
PD      0.50000     -0.00301      0.50301      0.00000     -0.01733      0.01733
PD      0.73980      0.24661      0.50892     -0.00434     -0.03665      0.06461
PD      0.74271      0.00164      0.75164      0.09323      0.03242      0.03242
PD      0.50000      0.25118      0.74897      0.00000      0.04147      0.06689
PD      0.50000      0.50474     -0.00474      0.00000      0.03102     -0.03102
PD      0.73980      0.75892     -0.00339     -0.00434      0.06461     -0.03665
PD      0.73043      0.50397      0.25397     -0.08857      0.00067      0.00067
PD      0.50000      0.75103      0.24882      0.00000     -0.06689     -0.04147
PD      0.50000      0.49882      0.50103      0.00000     -0.04147     -0.06689
PD      0.74271      0.74836      0.49836      0.09323     -0.03242     -0.03242
PD      0.73980      0.50339      0.74108     -0.00434      0.03665     -0.06461
PD      0.50000      0.75301      0.74699      0.00000      0.01733     -0.01733
