/* Converted from PWscf output file */ 
#L_UNITS ang 
#E_UNITS eV 
#S_UNITS GPA 
#F_UNITS EV/ANG 
#ALAT 	   7.74385     // a0 
#X 	   1.00000     0.00000     0.00000     // X 
#Y 	   0.00000     1.05283    -0.04496     // Y 
#Z 	   0.00000    -0.04496     1.05283     // Z 
#SX 	   0.60566     0.00000     0.00000     // SX 
#SY 	   0.00000     0.16304     0.01823     // SY 
#SZ 	   0.00000     0.01823     0.16304     // SZ 
#EPA 	  -3.87195     // Energy per Atom 
#RCUT 	6.5        // Rcut 
PD      0.00000      0.37500      0.12500      0.00000      0.00000      0.00000
PD     -0.00000      0.00321      0.00096     -0.00000      0.19069      0.15694
PD      0.27200      0.24211     -0.00789     -0.17052      0.19962      0.19962
PD      0.25972     -0.00799      0.25227      0.01761     -0.00781      0.03697
PD      0.00000      0.18217      0.31783      0.00000     -0.12429      0.12429
PD      0.00000     -0.02016      0.52016      0.00000     -0.00460      0.00460
PD      0.25972      0.24773      0.50799      0.01761     -0.03697      0.00781
PD      0.25597     -0.00071      0.74929      0.11734      0.10803      0.10803
PD     -0.00000      0.25096      0.75321      0.00000      0.15694      0.19069
PD      0.00000      0.56783     -0.06783      0.00000      0.12429     -0.12429
PD      0.25972      0.75799     -0.00227      0.01761      0.00781     -0.03697
PD      0.27200      0.50789      0.25789     -0.17052     -0.19962     -0.19962
PD     -0.00000      0.74679      0.24904     -0.00000     -0.19069     -0.15694
PD     -0.00000      0.49904      0.49679      0.00000     -0.15694     -0.19069
PD      0.25597      0.75071      0.50071      0.11734     -0.10803     -0.10803
PD      0.25972      0.50227      0.74201      0.01761      0.03697     -0.00781
PD      0.00000      0.77016      0.72984      0.00000      0.00460     -0.00460
PD      0.50000     -0.00560     -0.00011      0.00000      0.19932      0.05127
PD      0.72800      0.24211     -0.00789      0.17052      0.19962      0.19962
PD      0.74028     -0.00799      0.25227     -0.01761     -0.00781      0.03697
PD      0.50000      0.24657      0.25343      0.00000     -0.04687      0.04687
PD      0.50000     -0.00201      0.50201      0.00000     -0.04117      0.04117
PD      0.74028      0.24773      0.50799     -0.01761     -0.03697      0.00781
PD      0.74403     -0.00071      0.74929     -0.11734      0.10803      0.10803
PD      0.50000      0.24989      0.74440      0.00000      0.05127      0.19932
PD      0.50000      0.50343     -0.00343      0.00000      0.04687     -0.04687
PD      0.74028      0.75799     -0.00227     -0.01761      0.00781     -0.03697
PD      0.72800      0.50789      0.25789      0.17052     -0.19962     -0.19962
PD      0.50000      0.75560      0.25011      0.00000     -0.19932     -0.05127
PD      0.50000      0.50011      0.50560     -0.00000     -0.05127     -0.19932
PD      0.74403      0.75071      0.50071     -0.11734     -0.10803     -0.10803
PD      0.74028      0.50227      0.74201     -0.01761      0.03697     -0.00781
PD      0.50000      0.75201      0.74799      0.00000      0.04117     -0.04117
