/* Converted from PWscf output file */ 
#L_UNITS ang 
#E_UNITS eV 
#S_UNITS GPA 
#F_UNITS EV/ANG 
#ALAT 	   7.85486     // a0 
#X 	   1.00000     0.00000     0.00000     // X 
#Y 	   0.00000     1.03328    -0.03477     // Y 
#Z 	   0.00000    -0.03477     1.03328     // Z 
#SX 	  -2.56569     0.00000     0.00000     // SX 
#SY 	   0.00000     2.03500    -3.69125     // SY 
#SZ 	   0.00000    -3.69125     2.03500     // SZ 
#EPA 	  -3.81030     // Energy per Atom 
#RCUT 	6.5        // Rcut 
PD      0.00000      0.37500      0.12500      0.00000      0.00000      0.00000
PD      0.00000     -0.00072     -0.00159      0.00000      0.15985      0.09011
PD      0.27175      0.23988     -0.01012      0.01725      0.09272      0.09272
PD      0.25694     -0.00617      0.25088      0.15145     -0.08535      0.08475
PD      0.00000      0.19291      0.30709      0.00000     -6.12701      6.12701
PD      0.00000     -0.01538      0.51538      0.00000     -0.22028      0.22028
PD      0.25694      0.24912      0.50617      0.15145     -0.08475      0.08535
PD      0.25235     -0.00133      0.74867      0.16682     -0.05020     -0.05020
PD     -0.00000      0.24841      0.74928     -0.00000      0.09011      0.15985
PD      0.00000      0.55709     -0.05709      0.00000      6.12701     -6.12701
PD      0.25694      0.75617     -0.00088      0.15145      0.08535     -0.08475
PD      0.27175      0.51012      0.26012      0.01725     -0.09272     -0.09272
PD      0.00000      0.75072      0.25159      0.00000     -0.15985     -0.09011
PD     -0.00000      0.50159      0.50072     -0.00000     -0.09011     -0.15985
PD      0.25235      0.75133      0.50133      0.16682      0.05020      0.05020
PD      0.25694      0.50088      0.74383      0.15145      0.08475     -0.08535
PD      0.00000      0.76538      0.73462      0.00000      0.22028     -0.22028
PD      0.50000     -0.00492     -0.00060     -0.00000     -0.22873     -0.00063
PD      0.72825      0.23988     -0.01012     -0.01725      0.09272      0.09272
PD      0.74306     -0.00617      0.25088     -0.15145     -0.08535      0.08475
PD      0.50000      0.24841      0.25159      0.00000     -0.10292      0.10292
PD      0.50000     -0.00081      0.50081      0.00000     -0.04903      0.04903
PD      0.74306      0.24912      0.50617     -0.15145     -0.08475      0.08535
PD      0.74765     -0.00133      0.74867     -0.16682     -0.05020     -0.05020
PD      0.50000      0.24940      0.74508      0.00000     -0.00063     -0.22873
PD      0.50000      0.50159     -0.00159      0.00000      0.10292     -0.10292
PD      0.74306      0.75617     -0.00088     -0.15145      0.08535     -0.08475
PD      0.72825      0.51012      0.26012     -0.01725     -0.09272     -0.09272
PD      0.50000      0.75492      0.25060      0.00000      0.22873      0.00063
PD      0.50000      0.50060      0.50492      0.00000      0.00063      0.22873
PD      0.74765      0.75133      0.50133     -0.16682      0.05020      0.05020
PD      0.74306      0.50088      0.74383     -0.15145      0.08475     -0.08535
PD      0.50000      0.75081      0.74919      0.00000      0.04903     -0.04903
