/* Converted from PWscf output file */ 
#L_UNITS ang 
#E_UNITS eV 
#S_UNITS GPA 
#F_UNITS EV/ANG 
#ALAT 	   7.78525     // a0 
#X 	   1.00000     0.00000     0.00000     // X 
#Y 	   0.00000     1.04521    -0.04851     // Y 
#Z 	   0.00000    -0.04851     1.04521     // Z 
#SX 	  -0.01050     0.00000     0.00000     // SX 
#SY 	   0.00000    -0.01283     0.03631     // SY 
#SZ 	   0.00000     0.03631    -0.01283     // SZ 
#EPA 	  -3.87607     // Energy per Atom 
#RCUT 	6.5        // Rcut 
PD      0.00000      0.37500      0.12500      0.00000      0.00000      0.00000
PD     -0.00000      0.00966      0.00590      0.00000      0.01990     -0.01996
PD      0.27512      0.24836     -0.00164      0.05859     -0.00836     -0.00836
PD      0.25798     -0.01332      0.25758      0.01473     -0.02601     -0.01204
PD      0.00000      0.18258      0.31742      0.00000      0.00404     -0.00404
PD     -0.00000     -0.02045      0.52045     -0.00000     -0.00365      0.00365
PD      0.25798      0.24242      0.51332      0.01473      0.01204      0.02601
PD      0.25431      0.00367      0.75367      0.00247      0.00235      0.00235
PD      0.00000      0.25590      0.75966      0.00000     -0.01996      0.01990
PD      0.00000      0.56742     -0.06742      0.00000     -0.00404      0.00404
PD      0.25798      0.76332     -0.00758      0.01473      0.02601      0.01204
PD      0.27512      0.50164      0.25164      0.05859      0.00836      0.00836
PD     -0.00000      0.74034      0.24410      0.00000     -0.01990      0.01996
PD      0.00000      0.49410      0.49034      0.00000      0.01996     -0.01990
PD      0.25431      0.74633      0.49633      0.00247     -0.00235     -0.00235
PD      0.25798      0.50758      0.73668      0.01473     -0.01204     -0.02601
PD     -0.00000      0.77045      0.72955     -0.00000      0.00365     -0.00365
PD      0.50000     -0.00165      0.00342     -0.00000      0.02406      0.03514
PD      0.72488      0.24836     -0.00164     -0.05859     -0.00836     -0.00836
PD      0.74202     -0.01332      0.25758     -0.01473     -0.02601     -0.01204
PD      0.50000      0.23793      0.26207      0.00000      0.00877     -0.00877
PD      0.50000     -0.00695      0.50695     -0.00000      0.04763     -0.04763
PD      0.74202      0.24242      0.51332     -0.01473      0.01204      0.02601
PD      0.74569      0.00367      0.75367     -0.00247      0.00235      0.00235
PD      0.50000      0.25342      0.74835      0.00000      0.03514      0.02406
PD      0.50000      0.51207     -0.01207      0.00000     -0.00877      0.00877
PD      0.74202      0.76332     -0.00758     -0.01473      0.02601      0.01204
PD      0.72488      0.50164      0.25164     -0.05859      0.00836      0.00836
PD      0.50000      0.75165      0.24658     -0.00000     -0.02406     -0.03514
PD      0.50000      0.49658      0.50165      0.00000     -0.03514     -0.02406
PD      0.74569      0.74633      0.49633     -0.00247     -0.00235     -0.00235
PD      0.74202      0.50758      0.73668     -0.01473     -0.01204     -0.02601
PD      0.50000      0.75695      0.74305     -0.00000     -0.04763      0.04763
