/* Converted from PWscf output file */ 
#L_UNITS ang 
#E_UNITS eV 
#S_UNITS GPA 
#F_UNITS EV/ANG 
#ALAT 	   7.82650     // a0 
#X 	   1.00000     0.00000     0.00000     // X 
#Y 	   0.00000     1.03697    -0.04598     // Y 
#Z 	   0.00000    -0.04598     1.03697     // Z 
#SX 	  -0.26323     0.00000     0.00000     // SX 
#SY 	   0.00000    -0.00715    -0.05338     // SY 
#SZ 	   0.00000    -0.05338    -0.00715     // SZ 
#EPA 	  -3.87588     // Energy per Atom 
#RCUT 	6.5        // Rcut 
PD      0.00000      0.37500      0.12500      0.00000      0.00000      0.00000
PD     -0.00000      0.00793      0.00556      0.00000      0.02823      0.00127
PD      0.27271      0.24748     -0.00252      0.02159      0.00507      0.00507
PD      0.25919     -0.01193      0.25666     -0.01532     -0.00295     -0.01323
PD      0.00000      0.18165      0.31835      0.00000      0.06914     -0.06914
PD     -0.00000     -0.02080      0.52080     -0.00000     -0.00204      0.00204
PD      0.25919      0.24334      0.51193     -0.01532      0.01323      0.00295
PD      0.25447      0.00277      0.75277      0.01896      0.01708      0.01708
PD     -0.00000      0.25556      0.75793      0.00000      0.00127      0.02823
PD      0.00000      0.56835     -0.06835      0.00000     -0.06914      0.06914
PD      0.25919      0.76193     -0.00666     -0.01532      0.00295      0.01323
PD      0.27271      0.50252      0.25252      0.02159     -0.00507     -0.00507
PD     -0.00000      0.74207      0.24444      0.00000     -0.02823     -0.00127
PD     -0.00000      0.49444      0.49207      0.00000     -0.00127     -0.02823
PD      0.25447      0.74723      0.49723      0.01896     -0.01708     -0.01708
PD      0.25919      0.50666      0.73807     -0.01532     -0.01323     -0.00295
PD     -0.00000      0.77080      0.72920     -0.00000      0.00204     -0.00204
PD      0.50000     -0.00122      0.00245      0.00000      0.00871      0.00927
PD      0.72729      0.24748     -0.00252     -0.02159      0.00507      0.00507
PD      0.74081     -0.01193      0.25666      0.01532     -0.00295     -0.01323
PD      0.50000      0.24090      0.25910      0.00000     -0.01961      0.01961
PD      0.50000     -0.00611      0.50611     -0.00000      0.01003     -0.01003
PD      0.74081      0.24334      0.51193      0.01532      0.01323      0.00295
PD      0.74553      0.00277      0.75277     -0.01896      0.01708      0.01708
PD      0.50000      0.25245      0.74878     -0.00000      0.00927      0.00871
PD      0.50000      0.50910     -0.00910      0.00000      0.01961     -0.01961
PD      0.74081      0.76193     -0.00666      0.01532      0.00295      0.01323
PD      0.72729      0.50252      0.25252     -0.02159     -0.00507     -0.00507
PD      0.50000      0.75122      0.24755      0.00000     -0.00871     -0.00927
PD      0.50000      0.49755      0.50122     -0.00000     -0.00927     -0.00871
PD      0.74553      0.74723      0.49723     -0.01896     -0.01708     -0.01708
PD      0.74081      0.50666      0.73807      0.01532     -0.01323     -0.00295
PD      0.50000      0.75611      0.74389     -0.00000     -0.01003      0.01003
