/* Converted from PWscf output file */ 
#L_UNITS ang 
#E_UNITS eV 
#S_UNITS GPA 
#F_UNITS EV/ANG 
#ALAT 	   7.76777     // a0 
#X 	   1.00000     0.00000     0.00000     // X 
#Y 	   0.00000     1.05017    -0.04516     // Y 
#Z 	   0.00000    -0.04516     1.05017     // Z 
#SX 	   0.00860     0.00000     0.00000     // SX 
#SY 	   0.00000    -0.77833     0.02494     // SY 
#SZ 	   0.00000     0.02494    -0.77833     // SZ 
#EPA 	  -3.87406     // Energy per Atom 
#RCUT 	6.5        // Rcut 
PD      0.00000      0.37500      0.12500      0.00000      0.00000      0.00000
PD     -0.00000      0.00645      0.00364      0.00000      0.07058      0.07423
PD      0.26982      0.24539     -0.00461     -0.00632      0.07942      0.07942
PD      0.26024     -0.00865      0.25312      0.00394     -0.04473      0.02838
PD      0.00000      0.18093      0.31907      0.00000      0.25499     -0.25499
PD      0.00000     -0.02098      0.52098      0.00000     -0.02741      0.02741
PD      0.26024      0.24688      0.50865      0.00394     -0.02838      0.04473
PD      0.25749      0.00114      0.75114     -0.03036      0.07259      0.07259
PD     -0.00000      0.25364      0.75645      0.00000      0.07423      0.07058
PD      0.00000      0.56907     -0.06907      0.00000     -0.25499      0.25499
PD      0.26024      0.75865     -0.00312      0.00394      0.04473     -0.02838
PD      0.26982      0.50461      0.25461     -0.00632     -0.07942     -0.07942
PD     -0.00000      0.74355      0.24636      0.00000     -0.07058     -0.07423
PD     -0.00000      0.49636      0.49355      0.00000     -0.07423     -0.07058
PD      0.25749      0.74886      0.49886     -0.03036     -0.07259     -0.07259
PD      0.26024      0.50312      0.74135      0.00394      0.02838     -0.04473
PD      0.00000      0.77098      0.72902      0.00000      0.02741     -0.02741
PD      0.50000     -0.00207      0.00085      0.00000      0.15881      0.05269
PD      0.73018      0.24539     -0.00461      0.00632      0.07942      0.07942
PD      0.73976     -0.00865      0.25312     -0.00394     -0.04473      0.02838
PD      0.50000      0.24552      0.25448      0.00000     -0.02949      0.02949
PD      0.50000     -0.00282      0.50282     -0.00000     -0.01936      0.01936
PD      0.73976      0.24688      0.50865     -0.00394     -0.02838      0.04473
PD      0.74251      0.00114      0.75114      0.03036      0.07259      0.07259
PD      0.50000      0.25085      0.74793      0.00000      0.05269      0.15881
PD      0.50000      0.50448     -0.00448      0.00000      0.02949     -0.02949
PD      0.73976      0.75865     -0.00312     -0.00394      0.04473     -0.02838
PD      0.73018      0.50461      0.25461      0.00632     -0.07942     -0.07942
PD      0.50000      0.75207      0.24915      0.00000     -0.15881     -0.05269
PD      0.50000      0.49915      0.50207      0.00000     -0.05269     -0.15881
PD      0.74251      0.74886      0.49886      0.03036     -0.07259     -0.07259
PD      0.73976      0.50312      0.74135     -0.00394      0.02838     -0.04473
PD      0.50000      0.75282      0.74718     -0.00000      0.01936     -0.01936
