/* Converted from PWscf output file */ 
#L_UNITS ang 
#E_UNITS eV 
#S_UNITS GPA 
#F_UNITS EV/ANG 
#ALAT 	   8.00076     // a0 
#X 	   1.00000     0.00000     0.00000     // X 
#Y 	   0.00000     1.00000     0.00000     // Y 
#Z 	   0.00000     0.00000     1.00000     // Z 
#SX 	   0.08006     0.00000     0.00000     // SX 
#SY 	   0.00000     0.08006     0.00000     // SY 
#SZ 	   0.00000     0.00000     0.08006     // SZ 
#EPA 	  -3.92564     // Energy per Atom 
#RCUT 	6.5        // Rcut 
PD      0.25000      0.25000      0.25000      0.00000      0.00000      0.00000
PD      0.00414      0.00414      0.00414     -0.00136     -0.00136     -0.00136
PD      0.25000      0.25000     -0.05588      0.00000      0.00000     -0.01238
PD      0.25000     -0.05588      0.25000      0.00000     -0.01238      0.00000
PD     -0.05588      0.25000      0.25000     -0.01238      0.00000      0.00000
PD      0.00414      0.00414      0.49586     -0.00136     -0.00136      0.00136
PD      0.25000      0.25000      0.55588      0.00000      0.00000      0.01238
PD      0.25000     -0.01574      0.75000     -0.00000      0.00164     -0.00000
PD     -0.01574      0.25000      0.75000      0.00164      0.00000      0.00000
PD      0.00414      0.49586      0.00414     -0.00136      0.00136     -0.00136
PD      0.25000      0.75000     -0.01574      0.00000      0.00000      0.00164
PD      0.25000      0.55588      0.25000      0.00000      0.01238      0.00000
PD     -0.01574      0.75000      0.25000      0.00164      0.00000      0.00000
PD      0.00414      0.49586      0.49586     -0.00136      0.00136      0.00136
PD      0.25000      0.75000      0.51574      0.00000      0.00000     -0.00164
PD      0.25000      0.51574      0.75000     -0.00000     -0.00164      0.00000
PD     -0.00671      0.75000      0.75000      0.00975     -0.00000     -0.00000
PD      0.49586      0.00414      0.00414      0.00136     -0.00136     -0.00136
PD      0.75000      0.25000     -0.01574      0.00000      0.00000      0.00164
PD      0.75000     -0.01574      0.25000     -0.00000      0.00164     -0.00000
PD      0.55588      0.25000      0.25000      0.01238      0.00000      0.00000
PD      0.49586      0.00414      0.49586      0.00136     -0.00136      0.00136
PD      0.75000      0.25000      0.51574      0.00000      0.00000     -0.00164
PD      0.75000     -0.00671      0.75000      0.00000      0.00975      0.00000
PD      0.51574      0.25000      0.75000     -0.00164      0.00000      0.00000
PD      0.49586      0.49586      0.00414      0.00136      0.00136     -0.00136
PD      0.75000      0.75000     -0.00671     -0.00000     -0.00000      0.00975
PD      0.75000      0.51574      0.25000     -0.00000     -0.00164     -0.00000
PD      0.51574      0.75000      0.25000     -0.00164      0.00000      0.00000
PD      0.49586      0.49586      0.49586      0.00136      0.00136      0.00136
PD      0.75000      0.75000      0.50671     -0.00000     -0.00000     -0.00975
PD      0.75000      0.50671      0.75000      0.00000     -0.00975      0.00000
PD      0.50671      0.75000      0.75000     -0.00975     -0.00000     -0.00000
