/* Converted from PWscf output file */ 
#L_UNITS ang 
#E_UNITS eV 
#S_UNITS GPA 
#F_UNITS EV/ANG 
#ALAT 	   8.00413     // a0 
#X 	   1.00000     0.00000     0.00000     // X 
#Y 	   0.00000     1.00000     0.00000     // Y 
#Z 	   0.00000     0.00000     1.00000     // Z 
#SX 	  -0.01123     0.00000     0.00000     // SX 
#SY 	   0.00000    -0.01123     0.00000     // SY 
#SZ 	   0.00000     0.00000    -0.01123     // SZ 
#EPA 	  -3.92472     // Energy per Atom 
#RCUT 	6.5        // Rcut 
PD      0.25000      0.25000      0.25000      0.00000      0.00000      0.00000
PD      0.00224      0.00224      0.00224      0.08762      0.08762      0.08762
PD      0.25000      0.25000     -0.05638      0.00000      0.00000      0.10354
PD      0.25000     -0.05638      0.25000      0.00000      0.10354     -0.00000
PD     -0.05638      0.25000      0.25000      0.10354      0.00000      0.00000
PD      0.00224      0.00224      0.49776      0.08762      0.08762     -0.08762
PD      0.25000      0.25000      0.55638      0.00000      0.00000     -0.10354
PD      0.25000     -0.01591      0.75000      0.00000      0.04621     -0.00000
PD     -0.01591      0.25000      0.75000      0.04621     -0.00000      0.00000
PD      0.00224      0.49776      0.00224      0.08762     -0.08762      0.08762
PD      0.25000      0.75000     -0.01591      0.00000     -0.00000      0.04621
PD      0.25000      0.55638      0.25000      0.00000     -0.10354     -0.00000
PD     -0.01591      0.75000      0.25000      0.04621     -0.00000      0.00000
PD      0.00224      0.49776      0.49776      0.08762     -0.08762     -0.08762
PD      0.25000      0.75000      0.51591      0.00000     -0.00000     -0.04621
PD      0.25000      0.51591      0.75000      0.00000     -0.04621     -0.00000
PD     -0.00576      0.75000      0.75000     -0.22384      0.00000      0.00000
PD      0.49776      0.00224      0.00224     -0.08762      0.08762      0.08762
PD      0.75000      0.25000     -0.01591      0.00000      0.00000      0.04621
PD      0.75000     -0.01591      0.25000     -0.00000      0.04621      0.00000
PD      0.55638      0.25000      0.25000     -0.10354      0.00000      0.00000
PD      0.49776      0.00224      0.49776     -0.08762      0.08762     -0.08762
PD      0.75000      0.25000      0.51591      0.00000      0.00000     -0.04621
PD      0.75000     -0.00576      0.75000      0.00000     -0.22384      0.00000
PD      0.51591      0.25000      0.75000     -0.04621     -0.00000      0.00000
PD      0.49776      0.49776      0.00224     -0.08762     -0.08762      0.08762
PD      0.75000      0.75000     -0.00576      0.00000      0.00000     -0.22384
PD      0.75000      0.51591      0.25000     -0.00000     -0.04621      0.00000
PD      0.51591      0.75000      0.25000     -0.04621     -0.00000      0.00000
PD      0.49776      0.49776      0.49776     -0.08762     -0.08762     -0.08762
PD      0.75000      0.75000      0.50576      0.00000      0.00000      0.22384
PD      0.75000      0.50576      0.75000      0.00000      0.22384      0.00000
PD      0.50576      0.75000      0.75000      0.22384      0.00000      0.00000
