/* Converted from PWscf output file */ 
#L_UNITS ang 
#E_UNITS eV 
#S_UNITS GPA 
#F_UNITS EV/ANG 
#ALAT 	   8.00056     // a0 
#X 	   1.00000     0.00000     0.00000     // X 
#Y 	   0.00000     1.00000     0.00000     // Y 
#Z 	   0.00000     0.00000     1.00000     // Z 
#SX 	   0.09684     0.00000     0.00000     // SX 
#SY 	   0.00000     0.09684     0.00000     // SY 
#SZ 	   0.00000     0.00000     0.09684     // SZ 
#EPA 	  -3.92562     // Energy per Atom 
#RCUT 	6.5        // Rcut 
PD      0.25000      0.25000      0.25000      0.00000      0.00000      0.00000
PD      0.00416      0.00416      0.00416      0.00954      0.00954      0.00954
PD      0.25000      0.25000     -0.05582      0.00000     -0.00000     -0.02012
PD      0.25000     -0.05582      0.25000      0.00000     -0.02012      0.00000
PD     -0.05582      0.25000      0.25000     -0.02012      0.00000     -0.00000
PD      0.00416      0.00416      0.49584      0.00954      0.00954     -0.00954
PD      0.25000      0.25000      0.55582      0.00000     -0.00000      0.02012
PD      0.25000     -0.01573      0.75000     -0.00000     -0.00225     -0.00000
PD     -0.01573      0.25000      0.75000     -0.00225      0.00000     -0.00000
PD      0.00416      0.49584      0.00416      0.00954     -0.00954      0.00954
PD      0.25000      0.75000     -0.01573     -0.00000      0.00000     -0.00225
PD      0.25000      0.55582      0.25000      0.00000      0.02012      0.00000
PD     -0.01573      0.75000      0.25000     -0.00225     -0.00000     -0.00000
PD      0.00416      0.49584      0.49584      0.00954     -0.00954     -0.00954
PD      0.25000      0.75000      0.51573     -0.00000      0.00000      0.00225
PD      0.25000      0.51573      0.75000     -0.00000      0.00225     -0.00000
PD     -0.00679      0.75000      0.75000      0.05153      0.00000     -0.00000
PD      0.49584      0.00416      0.00416     -0.00954      0.00954      0.00954
PD      0.75000      0.25000     -0.01573      0.00000      0.00000     -0.00225
PD      0.75000     -0.01573      0.25000     -0.00000     -0.00225     -0.00000
PD      0.55582      0.25000      0.25000      0.02012      0.00000     -0.00000
PD      0.49584      0.00416      0.49584     -0.00954      0.00954     -0.00954
PD      0.75000      0.25000      0.51573      0.00000      0.00000      0.00225
PD      0.75000     -0.00679      0.75000     -0.00000      0.05153      0.00000
PD      0.51573      0.25000      0.75000      0.00225      0.00000     -0.00000
PD      0.49584      0.49584      0.00416     -0.00954     -0.00954      0.00954
PD      0.75000      0.75000     -0.00679      0.00000     -0.00000      0.05153
PD      0.75000      0.51573      0.25000     -0.00000      0.00225     -0.00000
PD      0.51573      0.75000      0.25000      0.00225     -0.00000     -0.00000
PD      0.49584      0.49584      0.49584     -0.00954     -0.00954     -0.00954
PD      0.75000      0.75000      0.50679      0.00000     -0.00000     -0.05153
PD      0.75000      0.50679      0.75000     -0.00000     -0.05153      0.00000
PD      0.50679      0.75000      0.75000     -0.05153      0.00000     -0.00000
