/* Converted from PWscf output file */ 
#L_UNITS ang 
#E_UNITS eV 
#S_UNITS GPA 
#F_UNITS EV/ANG 
#ALAT 	   7.96733     // a0 
#X 	   1.00000     0.00000     0.00000     // X 
#Y 	   0.00000     1.00000     0.00000     // Y 
#Z 	   0.00000     0.00000     1.00000     // Z 
#SX 	   2.58188     0.00000     0.00000     // SX 
#SY 	   0.00000     2.58188     0.00000     // SY 
#SZ 	   0.00000     0.00000     2.58188     // SZ 
#EPA 	  -3.91512     // Energy per Atom 
#RCUT 	6.5        // Rcut 
PD      0.25000      0.25000      0.25000      0.00000      0.00000      0.00000
PD      0.00117      0.00117      0.00117      0.12096      0.12096      0.12096
PD      0.25000      0.25000     -0.05464      0.00000      0.00000     -0.03141
PD      0.25000     -0.05464      0.25000      0.00000     -0.03141     -0.00000
PD     -0.05464      0.25000      0.25000     -0.03141     -0.00000      0.00000
PD      0.00117      0.00117      0.49883      0.12096      0.12096     -0.12096
PD      0.25000      0.25000      0.55464      0.00000     -0.00000      0.03141
PD      0.25000     -0.01272      0.75000      0.00000     -0.62832      0.00000
PD     -0.01272      0.25000      0.75000     -0.62832      0.00000      0.00000
PD      0.00117      0.49883      0.00117      0.12096     -0.12096      0.12096
PD      0.25000      0.75000     -0.01272      0.00000      0.00000     -0.62832
PD      0.25000      0.55464      0.25000     -0.00000      0.03141      0.00000
PD     -0.01272      0.75000      0.25000     -0.62832      0.00000      0.00000
PD      0.00117      0.49883      0.49883      0.12096     -0.12096     -0.12096
PD      0.25000      0.75000      0.51272      0.00000      0.00000      0.62832
PD      0.25000      0.51272      0.75000      0.00000      0.62832      0.00000
PD     -0.00275      0.75000      0.75000     -0.34259      0.00000      0.00000
PD      0.49883      0.00117      0.00117     -0.12096      0.12096      0.12096
PD      0.75000      0.25000     -0.01272      0.00000      0.00000     -0.62832
PD      0.75000     -0.01272      0.25000      0.00000     -0.62832     -0.00000
PD      0.55464      0.25000      0.25000      0.03141     -0.00000     -0.00000
PD      0.49883      0.00117      0.49883     -0.12096      0.12096     -0.12096
PD      0.75000      0.25000      0.51272      0.00000      0.00000      0.62832
PD      0.75000     -0.00275      0.75000      0.00000     -0.34259     -0.00000
PD      0.51272      0.25000      0.75000      0.62832      0.00000      0.00000
PD      0.49883      0.49883      0.00117     -0.12096     -0.12096      0.12096
PD      0.75000      0.75000     -0.00275      0.00000      0.00000     -0.34259
PD      0.75000      0.51272      0.25000      0.00000      0.62832     -0.00000
PD      0.51272      0.75000      0.25000      0.62832      0.00000      0.00000
PD      0.49883      0.49883      0.49883     -0.12096     -0.12096     -0.12096
PD      0.75000      0.75000      0.50275      0.00000      0.00000      0.34259
PD      0.75000      0.50275      0.75000      0.00000      0.34259     -0.00000
PD      0.50275      0.75000      0.75000      0.34259      0.00000      0.00000
