/* Converted from PWscf output file */ 
#L_UNITS ang 
#E_UNITS eV 
#S_UNITS GPA 
#F_UNITS EV/ANG 
#ALAT 	   8.00204     // a0 
#X 	   1.00000     0.00000     0.00000     // X 
#Y 	   0.00000     1.00000     0.00000     // Y 
#Z 	   0.00000     0.00000     1.00000     // Z 
#SX 	   0.01313     0.00000     0.00000     // SX 
#SY 	   0.00000     0.01313     0.00000     // SY 
#SZ 	   0.00000     0.00000     0.01313     // SZ 
#EPA 	  -3.92556     // Energy per Atom 
#RCUT 	6.5        // Rcut 
PD      0.25000      0.25000      0.25000      0.00000      0.00000      0.00000
PD      0.00393      0.00393      0.00393      0.02708      0.02708      0.02708
PD      0.25000      0.25000     -0.05574     -0.00000      0.00000     -0.01746
PD      0.25000     -0.05574      0.25000      0.00000     -0.01746      0.00000
PD     -0.05574      0.25000      0.25000     -0.01746      0.00000     -0.00000
PD      0.00393      0.00393      0.49607      0.02708      0.02708     -0.02708
PD      0.25000      0.25000      0.55574     -0.00000      0.00000      0.01746
PD      0.25000     -0.01572      0.75000      0.00000     -0.00330     -0.00000
PD     -0.01572      0.25000      0.75000     -0.00330      0.00000     -0.00000
PD      0.00393      0.49607      0.00393      0.02708     -0.02708      0.02708
PD      0.25000      0.75000     -0.01572      0.00000     -0.00000     -0.00330
PD      0.25000      0.55574      0.25000      0.00000      0.01746      0.00000
PD     -0.01572      0.75000      0.25000     -0.00330      0.00000      0.00000
PD      0.00393      0.49607      0.49607      0.02708     -0.02708     -0.02708
PD      0.25000      0.75000      0.51572      0.00000     -0.00000      0.00330
PD      0.25000      0.51572      0.75000      0.00000      0.00330     -0.00000
PD     -0.00709      0.75000      0.75000      0.07586      0.00000      0.00000
PD      0.49607      0.00393      0.00393     -0.02708      0.02708      0.02708
PD      0.75000      0.25000     -0.01572     -0.00000     -0.00000     -0.00330
PD      0.75000     -0.01572      0.25000      0.00000     -0.00330     -0.00000
PD      0.55574      0.25000      0.25000      0.01746      0.00000     -0.00000
PD      0.49607      0.00393      0.49607     -0.02708      0.02708     -0.02708
PD      0.75000      0.25000      0.51572     -0.00000     -0.00000      0.00330
PD      0.75000     -0.00709      0.75000      0.00000      0.07586      0.00000
PD      0.51572      0.25000      0.75000      0.00330      0.00000     -0.00000
PD      0.49607      0.49607      0.00393     -0.02708     -0.02708      0.02708
PD      0.75000      0.75000     -0.00709      0.00000      0.00000      0.07586
PD      0.75000      0.51572      0.25000      0.00000      0.00330     -0.00000
PD      0.51572      0.75000      0.25000      0.00330      0.00000      0.00000
PD      0.49607      0.49607      0.49607     -0.02708     -0.02708     -0.02708
PD      0.75000      0.75000      0.50709      0.00000      0.00000     -0.07586
PD      0.75000      0.50709      0.75000      0.00000     -0.07586      0.00000
PD      0.50709      0.75000      0.75000     -0.07586      0.00000      0.00000
