/* Converted from PWscf output file */ 
#L_UNITS ang 
#E_UNITS eV 
#S_UNITS GPA 
#F_UNITS EV/ANG 
#ALAT 	   8.00154     // a0 
#X 	   1.00000     0.00000     0.00000     // X 
#Y 	   0.00000     1.00000     0.00000     // Y 
#Z 	   0.00000     0.00000     1.00000     // Z 
#SX 	   0.26353     0.00000     0.00000     // SX 
#SY 	   0.00000     0.26353     0.00000     // SY 
#SZ 	   0.00000     0.00000     0.26353     // SZ 
#EPA 	  -3.93416     // Energy per Atom 
#RCUT 	6.5        // Rcut 
PD      0.25000      0.25000      0.25000      0.00000      0.00000      0.00000
PD      0.00414      0.00414      0.00414      0.00006      0.00006      0.00006
PD      0.25000      0.25000     -0.05588     -0.00000      0.00000     -0.00624
PD      0.25000     -0.05588      0.25000     -0.00000     -0.00624     -0.00000
PD     -0.05588      0.25000      0.25000     -0.00624     -0.00000      0.00000
PD      0.00414      0.00414      0.49586      0.00006      0.00006     -0.00006
PD      0.25000      0.25000      0.55588     -0.00000      0.00000      0.00624
PD      0.25000     -0.01574      0.75000      0.00000      0.00247      0.00000
PD     -0.01574      0.25000      0.75000      0.00247      0.00000      0.00000
PD      0.00414      0.49586      0.00414      0.00006     -0.00006      0.00006
PD      0.25000      0.75000     -0.01574      0.00000     -0.00000      0.00247
PD      0.25000      0.55588      0.25000      0.00000      0.00624      0.00000
PD     -0.01574      0.75000      0.25000      0.00247      0.00000     -0.00000
PD      0.00414      0.49586      0.49586      0.00006     -0.00006     -0.00006
PD      0.25000      0.75000      0.51574      0.00000     -0.00000     -0.00247
PD      0.25000      0.51574      0.75000      0.00000     -0.00247      0.00000
PD     -0.00671      0.75000      0.75000     -0.00036      0.00000      0.00000
PD      0.49586      0.00414      0.00414     -0.00006      0.00006      0.00006
PD      0.75000      0.25000     -0.01574     -0.00000     -0.00000      0.00247
PD      0.75000     -0.01574      0.25000      0.00000      0.00247     -0.00000
PD      0.55588      0.25000      0.25000      0.00624     -0.00000      0.00000
PD      0.49586      0.00414      0.49586     -0.00006      0.00006     -0.00006
PD      0.75000      0.25000      0.51574     -0.00000      0.00000     -0.00247
PD      0.75000     -0.00671      0.75000     -0.00000     -0.00036     -0.00000
PD      0.51574      0.25000      0.75000     -0.00247      0.00000     -0.00000
PD      0.49586      0.49586      0.00414     -0.00006     -0.00006      0.00006
PD      0.75000      0.75000     -0.00671      0.00000      0.00000     -0.00036
PD      0.75000      0.51574      0.25000      0.00000     -0.00247      0.00000
PD      0.51574      0.75000      0.25000     -0.00247      0.00000      0.00000
PD      0.49586      0.49586      0.49586     -0.00006     -0.00006     -0.00006
PD      0.75000      0.75000      0.50671      0.00000      0.00000      0.00036
PD      0.75000      0.50671      0.75000     -0.00000      0.00036     -0.00000
PD      0.50671      0.75000      0.75000      0.00036      0.00000      0.00000
