/* Converted from PWscf output file */ 
#L_UNITS ang 
#E_UNITS eV 
#S_UNITS GPA 
#F_UNITS EV/ANG 
#ALAT 	   8.00397     // a0 
#X 	   1.00000     0.00000     0.00000     // X 
#Y 	   0.00000     1.00000     0.00000     // Y 
#Z 	   0.00000     0.00000     1.00000     // Z 
#SX 	  -0.11040     0.00000     0.00000     // SX 
#SY 	   0.00000    -0.11040     0.00000     // SY 
#SZ 	   0.00000     0.00000    -0.11040     // SZ 
#EPA 	  -3.92551     // Energy per Atom 
#RCUT 	6.5        // Rcut 
PD      0.25000      0.25000      0.25000      0.00000      0.00000      0.00000
PD      0.00350      0.00350      0.00350      0.03699      0.03699      0.03699
PD      0.25000      0.25000     -0.05573      0.00000      0.00000     -0.01132
PD      0.25000     -0.05573      0.25000      0.00000     -0.01132     -0.00000
PD     -0.05573      0.25000      0.25000     -0.01132     -0.00000      0.00000
PD      0.00350      0.00350      0.49650      0.03699      0.03699     -0.03699
PD      0.25000      0.25000      0.55573      0.00000      0.00000      0.01132
PD      0.25000     -0.01573      0.75000     -0.00000      0.00015      0.00000
PD     -0.01573      0.25000      0.75000      0.00015     -0.00000     -0.00000
PD      0.00350      0.49650      0.00350      0.03699     -0.03699      0.03699
PD      0.25000      0.75000     -0.01573     -0.00000      0.00000      0.00015
PD      0.25000      0.55573      0.25000      0.00000      0.01132     -0.00000
PD     -0.01573      0.75000      0.25000      0.00015     -0.00000     -0.00000
PD      0.00350      0.49650      0.49650      0.03699     -0.03699     -0.03699
PD      0.25000      0.75000      0.51573     -0.00000      0.00000     -0.00015
PD      0.25000      0.51573      0.75000     -0.00000     -0.00015      0.00000
PD     -0.00728      0.75000      0.75000      0.07357     -0.00000     -0.00000
PD      0.49650      0.00350      0.00350     -0.03699      0.03699      0.03699
PD      0.75000      0.25000     -0.01573      0.00000      0.00000      0.00015
PD      0.75000     -0.01573      0.25000      0.00000      0.00015     -0.00000
PD      0.55573      0.25000      0.25000      0.01132     -0.00000      0.00000
PD      0.49650      0.00350      0.49650     -0.03699      0.03699     -0.03699
PD      0.75000      0.25000      0.51573      0.00000      0.00000     -0.00015
PD      0.75000     -0.00728      0.75000      0.00000      0.07357      0.00000
PD      0.51573      0.25000      0.75000     -0.00015     -0.00000     -0.00000
PD      0.49650      0.49650      0.00350     -0.03699     -0.03699      0.03699
PD      0.75000      0.75000     -0.00728      0.00000      0.00000      0.07357
PD      0.75000      0.51573      0.25000      0.00000     -0.00015     -0.00000
PD      0.51573      0.75000      0.25000     -0.00015     -0.00000     -0.00000
PD      0.49650      0.49650      0.49650     -0.03699     -0.03699     -0.03699
PD      0.75000      0.75000      0.50728      0.00000      0.00000     -0.07357
PD      0.75000      0.50728      0.75000      0.00000     -0.07357      0.00000
PD      0.50728      0.75000      0.75000     -0.07357     -0.00000     -0.00000
