/* Converted from PWscf output file */ 
#L_UNITS ang 
#E_UNITS eV 
#S_UNITS GPA 
#F_UNITS EV/ANG 
#ALAT 	   8.01421     // a0 
#X 	   1.00000     0.00000     0.00000     // X 
#Y 	   0.00000     1.00000     0.00000     // Y 
#Z 	   0.00000     0.00000     1.00000     // Z 
#SX 	   0.51247     0.00000     0.00000     // SX 
#SY 	   0.00000     0.51247     0.00000     // SY 
#SZ 	   0.00000     0.00000     0.51247     // SZ 
#EPA 	  -3.87633     // Energy per Atom 
#RCUT 	6.5        // Rcut 
PD      0.12500      0.12500      0.12500      0.00000      0.00000      0.00000
PD     -0.04115     -0.04115     -0.04115     -0.35383     -0.35383     -0.35383
PD      0.29115      0.29115     -0.04115      0.35383      0.35383     -0.35383
PD      0.29115     -0.04115      0.29115      0.35383     -0.35383      0.35383
PD     -0.04115      0.29115      0.29115     -0.35383      0.35383      0.35383
PD     -0.00015     -0.00015      0.50006      0.04053      0.04053     -0.06376
PD      0.25015      0.25015      0.50006     -0.04053     -0.04053     -0.06376
PD      0.25015     -0.00015      0.74994     -0.04053      0.04053      0.06376
PD     -0.00015      0.25015      0.74994      0.04053     -0.04053      0.06376
PD     -0.00015      0.50006     -0.00015      0.04053     -0.06376      0.04053
PD      0.25015      0.74994     -0.00015     -0.04053      0.06376      0.04053
PD      0.25015      0.50006      0.25015     -0.04053     -0.06376     -0.04053
PD     -0.00015      0.74994      0.25015      0.04053      0.06376     -0.04053
PD     -0.00057      0.51039      0.51039     -0.08772      0.16710      0.16710
PD      0.25057      0.73961      0.51039      0.08772     -0.16710      0.16710
PD      0.25057      0.51039      0.73961      0.08772      0.16710     -0.16710
PD     -0.00057      0.73961      0.73961     -0.08772     -0.16710     -0.16710
PD      0.50006     -0.00015     -0.00015     -0.06376      0.04053      0.04053
PD      0.74994      0.25015     -0.00015      0.06376     -0.04053      0.04053
PD      0.74994     -0.00015      0.25015      0.06376      0.04053     -0.04053
PD      0.50006      0.25015      0.25015     -0.06376     -0.04053     -0.04053
PD      0.51039     -0.00057      0.51039      0.16710     -0.08772      0.16710
PD      0.73961      0.25057      0.51039     -0.16710      0.08772      0.16710
PD      0.73961     -0.00057      0.73961     -0.16710     -0.08772     -0.16710
PD      0.51039      0.25057      0.73961      0.16710      0.08772     -0.16710
PD      0.51039      0.51039     -0.00057      0.16710      0.16710     -0.08772
PD      0.73961      0.73961     -0.00057     -0.16710     -0.16710     -0.08772
PD      0.73961      0.51039      0.25057     -0.16710      0.16710      0.08772
PD      0.51039      0.73961      0.25057      0.16710     -0.16710      0.08772
PD      0.49998      0.49998      0.49998     -0.00131     -0.00131     -0.00131
PD      0.75002      0.75002      0.49998      0.00131      0.00131     -0.00131
PD      0.75002      0.49998      0.75002      0.00131     -0.00131      0.00131
PD      0.49998      0.75002      0.75002     -0.00131      0.00131      0.00131
