/* Converted from PWscf output file */ 
#L_UNITS ang 
#E_UNITS eV 
#S_UNITS GPA 
#F_UNITS EV/ANG 
#ALAT 	   8.02249     // a0 
#X 	   1.00000     0.00000     0.00000     // X 
#Y 	   0.00000     1.00000     0.00000     // Y 
#Z 	   0.00000     0.00000     1.00000     // Z 
#SX 	  -0.06971     0.00000     0.00000     // SX 
#SY 	   0.00000    -0.06971     0.00000     // SY 
#SZ 	   0.00000     0.00000    -0.06971     // SZ 
#EPA 	  -3.87897     // Energy per Atom 
#RCUT 	6.5        // Rcut 
PD      0.12500      0.12500      0.12500      0.00000      0.00000      0.00000
PD     -0.04136     -0.04136     -0.04136      0.02062      0.02062      0.02062
PD      0.29136      0.29136     -0.04136     -0.02062     -0.02062      0.02062
PD      0.29136     -0.04136      0.29136     -0.02062      0.02062     -0.02062
PD     -0.04136      0.29136      0.29136      0.02062     -0.02062     -0.02062
PD      0.00088      0.00088      0.49858      0.00609      0.00609     -0.00740
PD      0.24912      0.24912      0.49858     -0.00609     -0.00609     -0.00740
PD      0.24912      0.00088      0.75142     -0.00609      0.00609      0.00740
PD      0.00088      0.24912      0.75142      0.00609     -0.00609      0.00740
PD      0.00088      0.49858      0.00088      0.00609     -0.00740      0.00609
PD      0.24912      0.75142      0.00088     -0.00609      0.00740      0.00609
PD      0.24912      0.49858      0.24912     -0.00609     -0.00740     -0.00609
PD      0.00088      0.75142      0.24912      0.00609      0.00740     -0.00609
PD     -0.00199      0.51071      0.51071      0.01823      0.00229      0.00229
PD      0.25199      0.73929      0.51071     -0.01823     -0.00229      0.00229
PD      0.25199      0.51071      0.73929     -0.01823      0.00229     -0.00229
PD     -0.00199      0.73929      0.73929      0.01823     -0.00229     -0.00229
PD      0.49858      0.00088      0.00088     -0.00740      0.00609      0.00609
PD      0.75142      0.24912      0.00088      0.00740     -0.00609      0.00609
PD      0.75142      0.00088      0.24912      0.00740      0.00609     -0.00609
PD      0.49858      0.24912      0.24912     -0.00740     -0.00609     -0.00609
PD      0.51071     -0.00199      0.51071      0.00229      0.01823      0.00229
PD      0.73929      0.25199      0.51071     -0.00229     -0.01823      0.00229
PD      0.73929     -0.00199      0.73929     -0.00229      0.01823     -0.00229
PD      0.51071      0.25199      0.73929      0.00229     -0.01823     -0.00229
PD      0.51071      0.51071     -0.00199      0.00229      0.00229      0.01823
PD      0.73929      0.73929     -0.00199     -0.00229     -0.00229      0.01823
PD      0.73929      0.51071      0.25199     -0.00229      0.00229     -0.01823
PD      0.51071      0.73929      0.25199      0.00229     -0.00229     -0.01823
PD      0.49950      0.49950      0.49950     -0.01965     -0.01965     -0.01965
PD      0.75050      0.75050      0.49950      0.01965      0.01965     -0.01965
PD      0.75050      0.49950      0.75050      0.01965     -0.01965      0.01965
PD      0.49950      0.75050      0.75050     -0.01965      0.01965      0.01965
