/* Converted from PWscf output file */ 
#L_UNITS ang 
#E_UNITS eV 
#S_UNITS GPA 
#F_UNITS EV/ANG 
#ALAT 	   8.00233     // a0 
#X 	   1.00000     0.00000     0.00000     // X 
#Y 	   0.00000     1.00000     0.00000     // Y 
#Z 	   0.00000     0.00000     1.00000     // Z 
#SX 	   1.82091     0.00000     0.00000     // SX 
#SY 	   0.00000     1.82091     0.00000     // SY 
#SZ 	   0.00000     0.00000     1.82091     // SZ 
#EPA 	  -3.85421     // Energy per Atom 
#RCUT 	6.5        // Rcut 
PD      0.12500      0.12500      0.12500      0.00000      0.00000      0.00000
PD     -0.03910     -0.03910     -0.03910     -1.52083     -1.52083     -1.52083
PD      0.28910      0.28910     -0.03910      1.52083      1.52083     -1.52083
PD      0.28910     -0.03910      0.28910      1.52083     -1.52083      1.52083
PD     -0.03910      0.28910      0.28910     -1.52083      1.52083      1.52083
PD     -0.00028     -0.00028      0.50030      0.01075      0.01075     -0.02893
PD      0.25028      0.25028      0.50030     -0.01075     -0.01075     -0.02893
PD      0.25028     -0.00028      0.74970     -0.01075      0.01075      0.02893
PD     -0.00028      0.25028      0.74970      0.01075     -0.01075      0.02893
PD     -0.00028      0.50030     -0.00028      0.01075     -0.02893      0.01075
PD      0.25028      0.74970     -0.00028     -0.01075      0.02893      0.01075
PD      0.25028      0.50030      0.25028     -0.01075     -0.02893     -0.01075
PD     -0.00028      0.74970      0.25028      0.01075      0.02893     -0.01075
PD     -0.00022      0.50885      0.50885     -0.04681      0.45314      0.45314
PD      0.25022      0.74115      0.50885      0.04681     -0.45314      0.45314
PD      0.25022      0.50885      0.74115      0.04681      0.45314     -0.45314
PD     -0.00022      0.74115      0.74115     -0.04681     -0.45314     -0.45314
PD      0.50030     -0.00028     -0.00028     -0.02893      0.01075      0.01075
PD      0.74970      0.25028     -0.00028      0.02893     -0.01075      0.01075
PD      0.74970     -0.00028      0.25028      0.02893      0.01075     -0.01075
PD      0.50030      0.25028      0.25028     -0.02893     -0.01075     -0.01075
PD      0.50885     -0.00022      0.50885      0.45314     -0.04681      0.45314
PD      0.74115      0.25022      0.50885     -0.45314      0.04681      0.45314
PD      0.74115     -0.00022      0.74115     -0.45314     -0.04681     -0.45314
PD      0.50885      0.25022      0.74115      0.45314      0.04681     -0.45314
PD      0.50885      0.50885     -0.00022      0.45314      0.45314     -0.04681
PD      0.74115      0.74115     -0.00022     -0.45314     -0.45314     -0.04681
PD      0.74115      0.50885      0.25022     -0.45314      0.45314      0.04681
PD      0.50885      0.74115      0.25022      0.45314     -0.45314      0.04681
PD      0.49998      0.49998      0.49998      0.00190      0.00190      0.00190
PD      0.75002      0.75002      0.49998     -0.00190     -0.00190      0.00190
PD      0.75002      0.49998      0.75002     -0.00190      0.00190     -0.00190
PD      0.49998      0.75002      0.75002      0.00190     -0.00190     -0.00190
