/* Converted from PWscf output file */ 
#L_UNITS ang 
#E_UNITS eV 
#S_UNITS GPA 
#F_UNITS EV/ANG 
#ALAT 	   8.02107     // a0 
#X 	   1.00000     0.00000     0.00000     // X 
#Y 	   0.00000     1.00000     0.00000     // Y 
#Z 	   0.00000     0.00000     1.00000     // Z 
#SX 	   0.27286     0.00000     0.00000     // SX 
#SY 	   0.00000     0.27286     0.00000     // SY 
#SZ 	   0.00000     0.00000     0.27286     // SZ 
#EPA 	  -3.88877     // Energy per Atom 
#RCUT 	6.5        // Rcut 
PD      0.12500      0.12500      0.12500      0.00000      0.00000      0.00000
PD     -0.04136     -0.04136     -0.04136     -0.00538     -0.00538     -0.00538
PD      0.29136      0.29136     -0.04136      0.00538      0.00538     -0.00538
PD      0.29136     -0.04136      0.29136      0.00538     -0.00538      0.00538
PD     -0.04136      0.29136      0.29136     -0.00538      0.00538      0.00538
PD      0.00088      0.00088      0.49858     -0.00102     -0.00102      0.00399
PD      0.24912      0.24912      0.49858      0.00102      0.00102      0.00399
PD      0.24912      0.00088      0.75142      0.00102     -0.00102     -0.00399
PD      0.00088      0.24912      0.75142     -0.00102      0.00102     -0.00399
PD      0.00088      0.49858      0.00088     -0.00102      0.00399     -0.00102
PD      0.24912      0.75142      0.00088      0.00102     -0.00399     -0.00102
PD      0.24912      0.49858      0.24912      0.00102      0.00399      0.00102
PD      0.00088      0.75142      0.24912     -0.00102     -0.00399      0.00102
PD     -0.00199      0.51071      0.51071      0.01936      0.00229      0.00229
PD      0.25199      0.73929      0.51071     -0.01936     -0.00229      0.00229
PD      0.25199      0.51071      0.73929     -0.01936      0.00229     -0.00229
PD     -0.00199      0.73929      0.73929      0.01936     -0.00229     -0.00229
PD      0.49858      0.00088      0.00088      0.00399     -0.00102     -0.00102
PD      0.75142      0.24912      0.00088     -0.00399      0.00102     -0.00102
PD      0.75142      0.00088      0.24912     -0.00399     -0.00102      0.00102
PD      0.49858      0.24912      0.24912      0.00399      0.00102      0.00102
PD      0.51071     -0.00199      0.51071      0.00229      0.01936      0.00229
PD      0.73929      0.25199      0.51071     -0.00229     -0.01936      0.00229
PD      0.73929     -0.00199      0.73929     -0.00229      0.01936     -0.00229
PD      0.51071      0.25199      0.73929      0.00229     -0.01936     -0.00229
PD      0.51071      0.51071     -0.00199      0.00229      0.00229      0.01936
PD      0.73929      0.73929     -0.00199     -0.00229     -0.00229      0.01936
PD      0.73929      0.51071      0.25199     -0.00229      0.00229     -0.01936
PD      0.51071      0.73929      0.25199      0.00229     -0.00229     -0.01936
PD      0.49950      0.49950      0.49950     -0.01038     -0.01038     -0.01038
PD      0.75050      0.75050      0.49950      0.01038      0.01038     -0.01038
PD      0.75050      0.49950      0.75050      0.01038     -0.01038      0.01038
PD      0.49950      0.75050      0.75050     -0.01038      0.01038      0.01038
