/* Converted from PWscf output file */ 
#L_UNITS ang 
#E_UNITS eV 
#S_UNITS GPA 
#F_UNITS EV/ANG 
#ALAT 	   7.98773     // a0 
#X 	   1.00000     0.00000     0.00000     // X 
#Y 	   0.00000     1.00000     0.00000     // Y 
#Z 	   0.00000     0.00000     1.00000     // Z 
#SX 	  40.98342     0.00000     0.00000     // SX 
#SY 	   0.00000    40.98342     0.00000     // SY 
#SZ 	   0.00000     0.00000    40.98342     // SZ 
#EPA 	  -2.66282     // Energy per Atom 
#RCUT 	6.5        // Rcut 
PD      0.12500      0.12500      0.12500      0.00000      0.00000      0.00000
PD     -0.01945     -0.01945     -0.01945    -29.73131    -29.73131    -29.73131
PD      0.26945      0.26945     -0.01945     29.73131     29.73131    -29.73131
PD      0.26945     -0.01945      0.26945     29.73131    -29.73131     29.73131
PD     -0.01945      0.26945      0.26945    -29.73131     29.73131     29.73131
PD     -0.00002     -0.00002      0.50011     -0.03033     -0.03033      0.16720
PD      0.25002      0.25002      0.50011      0.03033      0.03033      0.16720
PD      0.25002     -0.00002      0.74989      0.03033     -0.03033     -0.16720
PD     -0.00002      0.25002      0.74989     -0.03033      0.03033     -0.16720
PD     -0.00002      0.50011     -0.00002     -0.03033      0.16720     -0.03033
PD      0.25002      0.74989     -0.00002      0.03033     -0.16720     -0.03033
PD      0.25002      0.50011      0.25002      0.03033      0.16720      0.03033
PD     -0.00002      0.74989      0.25002     -0.03033     -0.16720      0.03033
PD     -0.00004      0.50002      0.50002     -0.05399      0.02630      0.02630
PD      0.25004      0.74998      0.50002      0.05399     -0.02630      0.02630
PD      0.25004      0.50002      0.74998      0.05399      0.02630     -0.02630
PD     -0.00004      0.74998      0.74998     -0.05399     -0.02630     -0.02630
PD      0.50011     -0.00002     -0.00002      0.16720     -0.03033     -0.03033
PD      0.74989      0.25002     -0.00002     -0.16720      0.03033     -0.03033
PD      0.74989     -0.00002      0.25002     -0.16720     -0.03033      0.03033
PD      0.50011      0.25002      0.25002      0.16720      0.03033      0.03033
PD      0.50002     -0.00004      0.50002      0.02630     -0.05399      0.02630
PD      0.74998      0.25004      0.50002     -0.02630      0.05399      0.02630
PD      0.74998     -0.00004      0.74998     -0.02630     -0.05399     -0.02630
PD      0.50002      0.25004      0.74998      0.02630      0.05399     -0.02630
PD      0.50002      0.50002     -0.00004      0.02630      0.02630     -0.05399
PD      0.74998      0.74998     -0.00004     -0.02630     -0.02630     -0.05399
PD      0.74998      0.50002      0.25004     -0.02630      0.02630      0.05399
PD      0.50002      0.74998      0.25004      0.02630     -0.02630      0.05399
PD      0.50000      0.50000      0.50000     -0.00087     -0.00087     -0.00087
PD      0.75000      0.75000      0.50000      0.00087      0.00087     -0.00087
PD      0.75000      0.50000      0.75000      0.00087     -0.00087      0.00087
PD      0.50000      0.75000      0.75000     -0.00087      0.00087      0.00087
