/* Converted from PWscf output file */ 
#L_UNITS ang 
#E_UNITS eV 
#S_UNITS GPA 
#F_UNITS EV/ANG 
#ALAT 	   7.82590     // a0 
#X 	   1.00000     0.00000     0.00000     // X 
#Y 	   0.00000     1.00000     0.00000     // Y 
#Z 	   0.00000     0.00000     1.00000     // Z 
#SX 	  -0.39449     0.00000     0.00000     // SX 
#SY 	   0.00000    -0.39449     0.00000     // SY 
#SZ 	   0.00000     0.00000    -0.39449     // SZ 
#EPA 	  -3.99662     // Energy per Atom 
#RCUT 	6.5        // Rcut 
PD      0.24759      0.24759      0.00000     -0.14305     -0.14305     -0.00000
PD      0.24759      0.00000      0.24759     -0.14305      0.00000     -0.14305
PD      0.00000      0.24759      0.24759      0.00000     -0.14305     -0.14305
PD      0.00000      0.00000      0.50000      0.00000      0.00000      0.00000
PD      0.24955      0.24955      0.50000     -0.04226     -0.04226      0.00000
PD      0.24759      0.00000      0.75241     -0.14305     -0.00000      0.14305
PD     -0.00000      0.24759      0.75241      0.00000     -0.14305      0.14305
PD      0.00000      0.50000      0.00000      0.00000      0.00000      0.00000
PD      0.24759      0.75241     -0.00000     -0.14305      0.14305     -0.00000
PD      0.24955      0.50000      0.24955     -0.04226     -0.00000     -0.04226
PD     -0.00000      0.75241      0.24759     -0.00000      0.14305     -0.14305
PD      0.00000      0.50000      0.50000      0.00000      0.00000      0.00000
PD      0.24955      0.75045      0.50000     -0.04226      0.04226      0.00000
PD      0.24955      0.50000      0.75045     -0.04226      0.00000      0.04226
PD      0.00000      0.75241      0.75241      0.00000      0.14305      0.14305
PD      0.50000      0.00000      0.00000      0.00000      0.00000      0.00000
PD      0.75241      0.24759      0.00000      0.14305     -0.14305      0.00000
PD      0.75241     -0.00000      0.24759      0.14305      0.00000     -0.14305
PD      0.50000      0.24955      0.24955      0.00000     -0.04226     -0.04226
PD      0.50000      0.00000      0.50000      0.00000      0.00000      0.00000
PD      0.75045      0.24955      0.50000      0.04226     -0.04226      0.00000
PD      0.75241     -0.00000      0.75241      0.14305      0.00000      0.14305
PD      0.50000      0.24955      0.75045     -0.00000     -0.04226      0.04226
PD      0.50000      0.50000      0.00000      0.00000      0.00000      0.00000
PD      0.75241      0.75241      0.00000      0.14305      0.14305     -0.00000
PD      0.75045      0.50000      0.24955      0.04226     -0.00000     -0.04226
PD      0.50000      0.75045      0.24955     -0.00000      0.04226     -0.04226
PD      0.50000      0.50000      0.50000      0.00000      0.00000      0.00000
PD      0.75045      0.75045      0.50000      0.04226      0.04226     -0.00000
PD      0.75045      0.50000      0.75045      0.04226      0.00000      0.04226
PD      0.50000      0.75045      0.75045      0.00000      0.04226      0.04226
