/* Converted from PWscf output file */ 
#L_UNITS ang 
#E_UNITS eV 
#S_UNITS GPA 
#F_UNITS EV/ANG 
#ALAT 	   7.81632     // a0 
#X 	   1.00000     0.00000     0.00000     // X 
#Y 	   0.00000     1.00000     0.00000     // Y 
#Z 	   0.00000     0.00000     1.00000     // Z 
#SX 	   0.31296     0.00000     0.00000     // SX 
#SY 	   0.00000     0.31296     0.00000     // SY 
#SZ 	   0.00000     0.00000     0.31296     // SZ 
#EPA 	  -4.00965     // Energy per Atom 
#RCUT 	6.5        // Rcut 
PD      0.24596      0.24596      0.00000      0.00521      0.00521      0.00000
PD      0.24596      0.00000      0.24596      0.00521     -0.00000      0.00521
PD      0.00000      0.24596      0.24596      0.00000      0.00521      0.00521
PD      0.00000      0.00000      0.50000      0.00000      0.00000      0.00000
PD      0.24894      0.24894      0.50000     -0.00703     -0.00703      0.00000
PD      0.24596      0.00000      0.75404      0.00521      0.00000     -0.00521
PD      0.00000      0.24596      0.75404     -0.00000      0.00521     -0.00521
PD      0.00000      0.50000      0.00000      0.00000      0.00000      0.00000
PD      0.24596      0.75404      0.00000      0.00521     -0.00521     -0.00000
PD      0.24894      0.50000      0.24894     -0.00703      0.00000     -0.00703
PD      0.00000      0.75404      0.24596     -0.00000     -0.00521      0.00521
PD      0.00000      0.50000      0.50000      0.00000      0.00000      0.00000
PD      0.24894      0.75105      0.50000     -0.00703      0.00703      0.00000
PD      0.24894      0.50000      0.75105     -0.00703      0.00000      0.00703
PD      0.00000      0.75404      0.75404      0.00000     -0.00521     -0.00521
PD      0.50000      0.00000      0.00000      0.00000      0.00000      0.00000
PD      0.75404      0.24596      0.00000     -0.00521      0.00521     -0.00000
PD      0.75404      0.00000      0.24596     -0.00521      0.00000      0.00521
PD      0.50000      0.24894      0.24894      0.00000     -0.00703     -0.00703
PD      0.50000      0.00000      0.50000      0.00000      0.00000      0.00000
PD      0.75105      0.24894      0.50000      0.00703     -0.00703      0.00000
PD      0.75404      0.00000      0.75404     -0.00521     -0.00000     -0.00521
PD      0.50000      0.24894      0.75105      0.00000     -0.00703      0.00703
PD      0.50000      0.50000      0.00000      0.00000      0.00000      0.00000
PD      0.75404      0.75404      0.00000     -0.00521     -0.00521      0.00000
PD      0.75105      0.50000      0.24894      0.00703      0.00000     -0.00703
PD      0.50000      0.75105      0.24894      0.00000      0.00703     -0.00703
PD      0.50000      0.50000      0.50000      0.00000      0.00000      0.00000
PD      0.75105      0.75105      0.50000      0.00703      0.00703      0.00000
PD      0.75105      0.50000      0.75105      0.00703      0.00000      0.00703
PD      0.50000      0.75105      0.75105      0.00000      0.00703      0.00703
