/* Converted from PWscf output file */ 
#L_UNITS ang 
#E_UNITS eV 
#S_UNITS GPA 
#F_UNITS EV/ANG 
#ALAT 	   7.84840     // a0 
#X 	   1.00000     0.00000     0.00000     // X 
#Y 	   0.00000     1.00000     0.00000     // Y 
#Z 	   0.00000     0.00000     1.00000     // Z 
#SX 	  -1.85941     0.00000     0.00000     // SX 
#SY 	   0.00000    -1.85941     0.00000     // SY 
#SZ 	   0.00000     0.00000    -1.85941     // SZ 
#EPA 	  -3.99533     // Energy per Atom 
#RCUT 	6.5        // Rcut 
PD      0.24829      0.24829      0.00000     -0.14893     -0.14893      0.00000
PD      0.24829      0.00000      0.24829     -0.14893      0.00000     -0.14893
PD      0.00000      0.24829      0.24829      0.00000     -0.14893     -0.14893
PD      0.00000      0.00000      0.50000      0.00000      0.00000      0.00000
PD      0.24976      0.24976      0.50000     -0.04559     -0.04559      0.00000
PD      0.24829      0.00000      0.75171     -0.14893      0.00000      0.14893
PD     -0.00000      0.24829      0.75171      0.00000     -0.14893      0.14893
PD      0.00000      0.50000      0.00000      0.00000      0.00000      0.00000
PD      0.24829      0.75171     -0.00000     -0.14893      0.14893      0.00000
PD      0.24976      0.50000      0.24976     -0.04559     -0.00000     -0.04559
PD      0.00000      0.75171      0.24829      0.00000      0.14893     -0.14893
PD      0.00000      0.50000      0.50000      0.00000      0.00000      0.00000
PD      0.24976      0.75024      0.50000     -0.04559      0.04559      0.00000
PD      0.24976      0.50000      0.75024     -0.04559     -0.00000      0.04559
PD      0.00000      0.75171      0.75171      0.00000      0.14893      0.14893
PD      0.50000      0.00000      0.00000      0.00000      0.00000      0.00000
PD      0.75171      0.24829      0.00000      0.14893     -0.14893      0.00000
PD      0.75171     -0.00000      0.24829      0.14893     -0.00000     -0.14893
PD      0.50000      0.24976      0.24976     -0.00000     -0.04559     -0.04559
PD      0.50000      0.00000      0.50000      0.00000      0.00000      0.00000
PD      0.75024      0.24976      0.50000      0.04559     -0.04559      0.00000
PD      0.75171     -0.00000      0.75171      0.14893     -0.00000      0.14893
PD      0.50000      0.24976      0.75024      0.00000     -0.04559      0.04559
PD      0.50000      0.50000      0.00000      0.00000      0.00000      0.00000
PD      0.75171      0.75171      0.00000      0.14893      0.14893      0.00000
PD      0.75024      0.50000      0.24976      0.04559      0.00000     -0.04559
PD      0.50000      0.75024      0.24976      0.00000      0.04559     -0.04559
PD      0.50000      0.50000      0.50000      0.00000      0.00000      0.00000
PD      0.75024      0.75024      0.50000      0.04559      0.04559     -0.00000
PD      0.75024      0.50000      0.75024      0.04559      0.00000      0.04559
PD      0.50000      0.75024      0.75024     -0.00000      0.04559      0.04559
