/* Converted from PWscf output file */ 
#L_UNITS ang 
#E_UNITS eV 
#S_UNITS GPA 
#F_UNITS EV/ANG 
#ALAT 	   9.58203     // a0 
#X 	   1.00000     0.00000     0.00000     // X 
#Y 	   0.00000     1.05447     0.00000     // Y 
#Z 	   0.00000     0.00000     1.00000     // Z 
#SX 	 -18.78397     0.00000     0.00000     // SX 
#SY 	   0.00000   -17.44242     0.00000     // SY 
#SZ 	   0.00000     0.00000   -18.78499     // SZ 
#EPA 	  -2.34609     // Energy per Atom 
#RCUT 	6.5        // Rcut 
FE      0.00000      0.00000      0.00000      0.00000      0.00000      0.00000
FE      0.25000      0.25000      0.00000     -0.00032     -0.00039     -0.00000
FE      0.25000      0.00000      0.25000      0.00047      0.00000      0.00130
FE      0.00000      0.25000      0.25000      0.00000      0.00023     -0.00008
FE      0.00000      0.00000      0.50000      0.00000      0.00000      0.00000
FE      0.25000      0.25000      0.50000      0.00037     -0.00060      0.00000
FE      0.25000      0.00000      0.75000      0.00047      0.00000     -0.00130
FE      0.00000      0.25000      0.75000      0.00000      0.00023      0.00008
FE      0.00000      0.50000      0.00000      0.00000      0.00000      0.00000
FE      0.25000      0.75000      0.00000     -0.00032      0.00039      0.00000
FE      0.25000      0.50000      0.25000     -0.00168     -0.00000      0.00002
FE      0.00000      0.75000      0.25000      0.00000     -0.00023     -0.00008
FE      0.00000      0.50000      0.50000      0.00000      0.00000      0.00000
FE      0.25000      0.75000      0.50000      0.00037      0.00060      0.00000
FE      0.25000      0.50000      0.75000     -0.00168      0.00000     -0.00002
FE      0.00000      0.75000      0.75000      0.00000     -0.00023      0.00008
FE      0.50000      0.00000      0.00000      0.00000      0.00000      0.00000
FE      0.75000      0.25000      0.00000      0.00032     -0.00039      0.00000
FE      0.75000      0.00000      0.25000     -0.00047      0.00000      0.00130
FE      0.50000      0.25000      0.25000      0.00000      0.00147     -0.00250
FE      0.50000      0.00000      0.50000      0.00000      0.00000      0.00000
FE      0.75000      0.25000      0.50000     -0.00037     -0.00060      0.00000
FE      0.75000      0.00000      0.75000     -0.00047      0.00000     -0.00130
FE      0.50000      0.25000      0.75000      0.00000      0.00147      0.00250
FE      0.50000      0.50000      0.00000      0.00000      0.00000      0.00000
FE      0.75000      0.75000      0.00000      0.00032      0.00039     -0.00000
FE      0.75000      0.50000      0.25000      0.00168      0.00000      0.00002
FE      0.50000      0.75000      0.25000      0.00000     -0.00147     -0.00250
FE      0.50000      0.50000      0.50000      0.00000      0.00000      0.00000
FE      0.75000      0.75000      0.50000     -0.00037      0.00060     -0.00000
FE      0.75000      0.50000      0.75000      0.00168      0.00000     -0.00002
FE      0.50000      0.75000      0.75000     -0.00000     -0.00147      0.00250
