/* Converted from PWscf output file */ 
#L_UNITS ang 
#E_UNITS eV 
#S_UNITS GPA 
#F_UNITS EV/ANG 
#ALAT 	   9.03449     // a0 
#X 	   1.00000     0.00000     0.00000     // X 
#Y 	   0.00000     1.05447     0.00000     // Y 
#Z 	   0.00000     0.00000     1.00000     // Z 
#SX 	 -23.38393     0.00000     0.00000     // SX 
#SY 	   0.00000   -21.47158     0.00000     // SY 
#SZ 	   0.00000     0.00000   -23.38480     // SZ 
#EPA 	  -2.89335     // Energy per Atom 
#RCUT 	6.5        // Rcut 
FE      0.00000      0.00000      0.00000      0.00000      0.00000      0.00000
FE      0.25000      0.25000      0.00000     -0.00313     -0.00011     -0.00000
FE      0.25000      0.00000      0.25000     -0.00179      0.00000     -0.00037
FE      0.00000      0.25000      0.25000      0.00000      0.00084     -0.00010
FE      0.00000      0.00000      0.50000      0.00000      0.00000      0.00000
FE      0.25000      0.25000      0.50000      0.00015      0.00062      0.00000
FE      0.25000      0.00000      0.75000     -0.00179      0.00000      0.00037
FE      0.00000      0.25000      0.75000      0.00000      0.00084      0.00010
FE      0.00000      0.50000      0.00000      0.00000      0.00000      0.00000
FE      0.25000      0.75000      0.00000     -0.00313      0.00011      0.00000
FE      0.25000      0.50000      0.25000     -0.00171      0.00000      0.00003
FE      0.00000      0.75000      0.25000      0.00000     -0.00084     -0.00010
FE      0.00000      0.50000      0.50000      0.00000      0.00000      0.00000
FE      0.25000      0.75000      0.50000      0.00015     -0.00062      0.00000
FE      0.25000      0.50000      0.75000     -0.00171      0.00000     -0.00003
FE      0.00000      0.75000      0.75000      0.00000     -0.00084      0.00010
FE      0.50000      0.00000      0.00000      0.00000      0.00000      0.00000
FE      0.75000      0.25000      0.00000      0.00313     -0.00011      0.00000
FE      0.75000      0.00000      0.25000      0.00179      0.00000     -0.00037
FE      0.50000      0.25000      0.25000      0.00000      0.00077     -0.00070
FE      0.50000      0.00000      0.50000      0.00000      0.00000      0.00000
FE      0.75000      0.25000      0.50000     -0.00015      0.00062      0.00000
FE      0.75000      0.00000      0.75000      0.00179      0.00000      0.00037
FE      0.50000      0.25000      0.75000      0.00000      0.00077      0.00070
FE      0.50000      0.50000      0.00000      0.00000      0.00000      0.00000
FE      0.75000      0.75000      0.00000      0.00313      0.00011     -0.00000
FE      0.75000      0.50000      0.25000      0.00171      0.00000      0.00003
FE      0.50000      0.75000      0.25000      0.00000     -0.00077     -0.00070
FE      0.50000      0.50000      0.50000      0.00000      0.00000      0.00000
FE      0.75000      0.75000      0.50000     -0.00015     -0.00062      0.00000
FE      0.75000      0.50000      0.75000      0.00171     -0.00000     -0.00003
FE      0.50000      0.75000      0.75000      0.00000     -0.00077      0.00070
