/* Converted from PWscf output file */ 
#L_UNITS ang 
#E_UNITS eV 
#S_UNITS GPA 
#F_UNITS EV/ANG 
#ALAT 	   7.66562     // a0 
#X 	   1.00000     0.00000     0.00000     // X 
#Y 	   0.00000     1.05447     0.00000     // Y 
#Z 	   0.00000     0.00000     1.00000     // Z 
#SX 	 -31.20876     0.00000     0.00000     // SX 
#SY 	   0.00000   -24.88458     0.00000     // SY 
#SZ 	   0.00000     0.00000   -31.21007     // SZ 
#EPA 	  -4.33337     // Energy per Atom 
#RCUT 	6.5        // Rcut 
FE      0.00000      0.00000      0.00000      0.00000      0.00000      0.00000
FE      0.25000      0.25000      0.00000      0.00394      0.00096      0.00000
FE      0.25000      0.00000      0.25000      0.00109      0.00000     -0.00488
FE      0.00000      0.25000      0.25000      0.00000     -0.00233     -0.00047
FE      0.00000      0.00000      0.50000      0.00000      0.00000      0.00000
FE      0.25000      0.25000      0.50000     -0.00210      0.00081      0.00000
FE      0.25000      0.00000      0.75000      0.00109      0.00000      0.00488
FE      0.00000      0.25000      0.75000      0.00000     -0.00233      0.00047
FE      0.00000      0.50000      0.00000      0.00000      0.00000      0.00000
FE      0.25000      0.75000      0.00000      0.00394     -0.00096      0.00000
FE      0.25000      0.50000      0.25000      0.00564      0.00000     -0.00126
FE      0.00000      0.75000      0.25000      0.00000      0.00233     -0.00047
FE      0.00000      0.50000      0.50000      0.00000      0.00000      0.00000
FE      0.25000      0.75000      0.50000     -0.00210     -0.00081      0.00000
FE      0.25000      0.50000      0.75000      0.00564      0.00000      0.00126
FE      0.00000      0.75000      0.75000      0.00000      0.00233      0.00047
FE      0.50000      0.00000      0.00000      0.00000      0.00000      0.00000
FE      0.75000      0.25000      0.00000     -0.00394      0.00096      0.00000
FE      0.75000      0.00000      0.25000     -0.00109      0.00000     -0.00488
FE      0.50000      0.25000      0.25000      0.00000     -0.00449      0.00485
FE      0.50000      0.00000      0.50000      0.00000      0.00000      0.00000
FE      0.75000      0.25000      0.50000      0.00210      0.00081      0.00000
FE      0.75000      0.00000      0.75000     -0.00109      0.00000      0.00488
FE      0.50000      0.25000      0.75000      0.00000     -0.00449     -0.00485
FE      0.50000      0.50000      0.00000      0.00000      0.00000      0.00000
FE      0.75000      0.75000      0.00000     -0.00394     -0.00096      0.00000
FE      0.75000      0.50000      0.25000     -0.00564      0.00000     -0.00126
FE      0.50000      0.75000      0.25000      0.00000      0.00449      0.00485
FE      0.50000      0.50000      0.50000      0.00000      0.00000      0.00000
FE      0.75000      0.75000      0.50000      0.00210     -0.00081      0.00000
FE      0.75000      0.50000      0.75000     -0.00564      0.00000      0.00126
FE      0.50000      0.75000      0.75000     -0.00000      0.00449     -0.00485
