/* Converted from PWscf output file */ 
#L_UNITS ang 
#E_UNITS eV 
#S_UNITS GPA 
#F_UNITS EV/ANG 
#ALAT 	   9.30826     // a0 
#X 	   1.00000     0.00000     0.00000     // X 
#Y 	   0.00000     1.05447     0.00000     // Y 
#Z 	   0.00000     0.00000     1.00000     // Z 
#SX 	 -21.03276     0.00000     0.00000     // SX 
#SY 	   0.00000   -19.42798     0.00000     // SY 
#SZ 	   0.00000     0.00000   -21.03363     // SZ 
#EPA 	  -2.61295     // Energy per Atom 
#RCUT 	6.5        // Rcut 
FE      0.00000      0.00000      0.00000      0.00000      0.00000      0.00000
FE      0.25000      0.25000      0.00000     -0.00178     -0.00611     -0.00000
FE      0.25000      0.00000      0.25000     -0.00041      0.00000      0.00161
FE      0.00000      0.25000      0.25000      0.00000     -0.00466     -0.00015
FE      0.00000      0.00000      0.50000      0.00000      0.00000      0.00000
FE      0.25000      0.25000      0.50000      0.00081     -0.00620      0.00000
FE      0.25000      0.00000      0.75000     -0.00041      0.00000     -0.00161
FE      0.00000      0.25000      0.75000      0.00000     -0.00466      0.00015
FE      0.00000      0.50000      0.00000      0.00000      0.00000      0.00000
FE      0.25000      0.75000      0.00000     -0.00178      0.00611      0.00000
FE      0.25000      0.50000      0.25000     -0.00213      0.00000      0.00033
FE      0.00000      0.75000      0.25000      0.00000      0.00466     -0.00015
FE      0.00000      0.50000      0.50000      0.00000      0.00000      0.00000
FE      0.25000      0.75000      0.50000      0.00081      0.00620      0.00000
FE      0.25000      0.50000      0.75000     -0.00213      0.00000     -0.00033
FE      0.00000      0.75000      0.75000      0.00000      0.00466      0.00015
FE      0.50000      0.00000      0.00000      0.00000      0.00000      0.00000
FE      0.75000      0.25000      0.00000      0.00178     -0.00611      0.00000
FE      0.75000      0.00000      0.25000      0.00041      0.00000      0.00161
FE      0.50000      0.25000      0.25000      0.00000     -0.00458     -0.00204
FE      0.50000      0.00000      0.50000      0.00000      0.00000      0.00000
FE      0.75000      0.25000      0.50000     -0.00081     -0.00620      0.00000
FE      0.75000      0.00000      0.75000      0.00041      0.00000     -0.00161
FE      0.50000      0.25000      0.75000      0.00000     -0.00458      0.00204
FE      0.50000      0.50000      0.00000      0.00000      0.00000      0.00000
FE      0.75000      0.75000      0.00000      0.00178      0.00611     -0.00000
FE      0.75000      0.50000      0.25000      0.00213      0.00000      0.00033
FE      0.50000      0.75000      0.25000      0.00000      0.00458     -0.00204
FE      0.50000      0.50000      0.50000      0.00000      0.00000      0.00000
FE      0.75000      0.75000      0.50000     -0.00081      0.00620      0.00000
FE      0.75000      0.50000      0.75000      0.00213      0.00000     -0.00033
FE      0.50000      0.75000      0.75000     -0.00000      0.00458      0.00204
