/* Converted from PWscf output file */ 
#L_UNITS ang 
#E_UNITS eV 
#S_UNITS GPA 
#F_UNITS EV/ANG 
#ALAT 	   6.57054     // a0 
#X 	   1.00000     0.00000     0.00000     // X 
#Y 	   0.00000     1.05447     0.00000     // Y 
#Z 	   0.00000     0.00000     1.00000     // Z 
#SX 	  39.15434     0.00000     0.00000     // SX 
#SY 	   0.00000    29.64875     0.00000     // SY 
#SZ 	   0.00000     0.00000    39.15172     // SZ 
#EPA 	  -4.62758     // Energy per Atom 
#RCUT 	6.5        // Rcut 
FE      0.00000      0.00000      0.00000      0.00000      0.00000      0.00000
FE      0.25000      0.25000      0.00000     -0.00528      0.00061      0.00000
FE      0.25000      0.00000      0.25000     -0.00697      0.00000     -0.00740
FE      0.00000      0.25000      0.25000      0.00000     -0.00026     -0.00524
FE      0.00000      0.00000      0.50000      0.00000      0.00000      0.00000
FE      0.25000      0.25000      0.50000     -0.00411     -0.00003      0.00000
FE      0.25000      0.00000      0.75000     -0.00697      0.00000      0.00740
FE      0.00000      0.25000      0.75000      0.00000     -0.00026      0.00524
FE      0.00000      0.50000      0.00000      0.00000      0.00000      0.00000
FE      0.25000      0.75000      0.00000     -0.00528     -0.00061      0.00000
FE      0.25000      0.50000      0.25000     -0.00736      0.00000     -0.00762
FE      0.00000      0.75000      0.25000      0.00000      0.00026     -0.00524
FE      0.00000      0.50000      0.50000      0.00000      0.00000      0.00000
FE      0.25000      0.75000      0.50000     -0.00411      0.00003      0.00000
FE      0.25000      0.50000      0.75000     -0.00736      0.00000      0.00762
FE      0.00000      0.75000      0.75000      0.00000      0.00026      0.00524
FE      0.50000      0.00000      0.00000      0.00000      0.00000      0.00000
FE      0.75000      0.25000      0.00000      0.00528      0.00061      0.00000
FE      0.75000      0.00000      0.25000      0.00697      0.00000     -0.00740
FE      0.50000      0.25000      0.25000      0.00000      0.00012     -0.00443
FE      0.50000      0.00000      0.50000      0.00000      0.00000      0.00000
FE      0.75000      0.25000      0.50000      0.00411     -0.00003      0.00000
FE      0.75000      0.00000      0.75000      0.00697      0.00000      0.00740
FE      0.50000      0.25000      0.75000      0.00000      0.00012      0.00443
FE      0.50000      0.50000      0.00000      0.00000      0.00000      0.00000
FE      0.75000      0.75000      0.00000      0.00528     -0.00061      0.00000
FE      0.75000      0.50000      0.25000      0.00736      0.00000     -0.00762
FE      0.50000      0.75000      0.25000      0.00000     -0.00012     -0.00443
FE      0.50000      0.50000      0.50000      0.00000      0.00000      0.00000
FE      0.75000      0.75000      0.50000      0.00411      0.00003      0.00000
FE      0.75000      0.50000      0.75000      0.00736      0.00000      0.00762
FE      0.50000      0.75000      0.75000      0.00000     -0.00012      0.00443
