/* Converted from PWscf output file */ 
#L_UNITS ang 
#E_UNITS eV 
#S_UNITS GPA 
#F_UNITS EV/ANG 
#ALAT 	   7.39185     // a0 
#X 	   1.00000     0.00000     0.00000     // X 
#Y 	   0.00000     1.05447     0.00000     // Y 
#Z 	   0.00000     0.00000     1.00000     // Z 
#SX 	 -28.77403     0.00000     0.00000     // SX 
#SY 	   0.00000   -22.29993     0.00000     // SY 
#SZ 	   0.00000     0.00000   -28.77578     // SZ 
#EPA 	  -4.57042     // Energy per Atom 
#RCUT 	6.5        // Rcut 
FE      0.00000      0.00000      0.00000      0.00000      0.00000      0.00000
FE      0.25000      0.25000      0.00000      0.00123      0.00090      0.00000
FE      0.25000      0.00000      0.25000      0.00034      0.00000     -0.00324
FE      0.00000      0.25000      0.25000      0.00000     -0.00215     -0.00070
FE      0.00000      0.00000      0.50000      0.00000      0.00000      0.00000
FE      0.25000      0.25000      0.50000     -0.00153      0.00034      0.00000
FE      0.25000      0.00000      0.75000      0.00034      0.00000      0.00324
FE      0.00000      0.25000      0.75000      0.00000     -0.00215      0.00070
FE      0.00000      0.50000      0.00000      0.00000      0.00000      0.00000
FE      0.25000      0.75000      0.00000      0.00123     -0.00090     -0.00000
FE      0.25000      0.50000      0.25000      0.00406     -0.00000     -0.00051
FE      0.00000      0.75000      0.25000      0.00000      0.00215     -0.00070
FE      0.00000      0.50000      0.50000      0.00000      0.00000      0.00000
FE      0.25000      0.75000      0.50000     -0.00153     -0.00034      0.00000
FE      0.25000      0.50000      0.75000      0.00406      0.00000      0.00051
FE      0.00000      0.75000      0.75000      0.00000      0.00215      0.00070
FE      0.50000      0.00000      0.00000      0.00000      0.00000      0.00000
FE      0.75000      0.25000      0.00000     -0.00123      0.00090     -0.00000
FE      0.75000      0.00000      0.25000     -0.00034      0.00000     -0.00324
FE      0.50000      0.25000      0.25000      0.00000     -0.00424      0.00575
FE      0.50000      0.00000      0.50000      0.00000      0.00000      0.00000
FE      0.75000      0.25000      0.50000      0.00153      0.00034      0.00000
FE      0.75000      0.00000      0.75000     -0.00034      0.00000      0.00324
FE      0.50000      0.25000      0.75000     -0.00000     -0.00424     -0.00575
FE      0.50000      0.50000      0.00000      0.00000      0.00000      0.00000
FE      0.75000      0.75000      0.00000     -0.00123     -0.00090      0.00000
FE      0.75000      0.50000      0.25000     -0.00406      0.00000     -0.00051
FE      0.50000      0.75000      0.25000      0.00000      0.00424      0.00575
FE      0.50000      0.50000      0.50000      0.00000      0.00000      0.00000
FE      0.75000      0.75000      0.50000      0.00153     -0.00034      0.00000
FE      0.75000      0.50000      0.75000     -0.00406      0.00000      0.00051
FE      0.50000      0.75000      0.75000      0.00000      0.00424     -0.00575
