/* Converted from PWscf output file */ 
#L_UNITS ang 
#E_UNITS eV 
#S_UNITS GPA 
#F_UNITS EV/ANG 
#ALAT 	   7.11808     // a0 
#X 	   1.00000     0.00000     0.00000     // X 
#Y 	   0.00000     1.05447     0.00000     // Y 
#Z 	   0.00000     0.00000     1.00000     // Z 
#SX 	 -20.08176     0.00000     0.00000     // SX 
#SY 	   0.00000   -15.13063     0.00000     // SY 
#SZ 	   0.00000     0.00000   -20.08424     // SZ 
#EPA 	  -4.74153     // Energy per Atom 
#RCUT 	6.5        // Rcut 
FE      0.00000      0.00000      0.00000      0.00000      0.00000      0.00000
FE      0.25000      0.25000      0.00000      0.00097     -0.00161     -0.00000
FE      0.25000      0.00000      0.25000      0.00235      0.00000      0.00086
FE      0.00000      0.25000      0.25000      0.00000     -0.00123     -0.00047
FE      0.00000      0.00000      0.50000      0.00000      0.00000      0.00000
FE      0.25000      0.25000      0.50000      0.00185     -0.00168     -0.00000
FE      0.25000      0.00000      0.75000      0.00235      0.00000     -0.00086
FE      0.00000      0.25000      0.75000      0.00000     -0.00123      0.00047
FE      0.00000      0.50000      0.00000      0.00000      0.00000      0.00000
FE      0.25000      0.75000      0.00000      0.00097      0.00161      0.00000
FE      0.25000      0.50000      0.25000     -0.00066      0.00000     -0.00013
FE      0.00000      0.75000      0.25000      0.00000      0.00123     -0.00047
FE      0.00000      0.50000      0.50000      0.00000      0.00000      0.00000
FE      0.25000      0.75000      0.50000      0.00185      0.00168      0.00000
FE      0.25000      0.50000      0.75000     -0.00066      0.00000      0.00013
FE      0.00000      0.75000      0.75000      0.00000      0.00123      0.00047
FE      0.50000      0.00000      0.00000      0.00000      0.00000      0.00000
FE      0.75000      0.25000      0.00000     -0.00097     -0.00161      0.00000
FE      0.75000      0.00000      0.25000     -0.00235      0.00000      0.00086
FE      0.50000      0.25000      0.25000     -0.00000      0.00041     -0.00296
FE      0.50000      0.00000      0.50000      0.00000      0.00000      0.00000
FE      0.75000      0.25000      0.50000     -0.00185     -0.00168      0.00000
FE      0.75000      0.00000      0.75000     -0.00235      0.00000     -0.00086
FE      0.50000      0.25000      0.75000      0.00000      0.00041      0.00296
FE      0.50000      0.50000      0.00000      0.00000      0.00000      0.00000
FE      0.75000      0.75000      0.00000     -0.00097      0.00161     -0.00000
FE      0.75000      0.50000      0.25000      0.00066      0.00000     -0.00013
FE      0.50000      0.75000      0.25000      0.00000     -0.00041     -0.00296
FE      0.50000      0.50000      0.50000      0.00000      0.00000      0.00000
FE      0.75000      0.75000      0.50000     -0.00185      0.00168      0.00000
FE      0.75000      0.50000      0.75000      0.00066      0.00000      0.00013
FE      0.50000      0.75000      0.75000      0.00000     -0.00041      0.00296
