/* Converted from PWscf output file */ 
#L_UNITS ang 
#E_UNITS eV 
#S_UNITS GPA 
#F_UNITS EV/ANG 
#ALAT 	   8.48694     // a0 
#X 	   1.00000     0.00000     0.00000     // X 
#Y 	   0.00000     1.05447     0.00000     // Y 
#Z 	   0.00000     0.00000     1.00000     // Z 
#SX 	 -27.69469     0.00000     0.00000     // SX 
#SY 	   0.00000   -24.76616     0.00000     // SY 
#SZ 	   0.00000     0.00000   -27.69586     // SZ 
#EPA 	  -3.47914     // Energy per Atom 
#RCUT 	6.5        // Rcut 
FE      0.00000      0.00000      0.00000      0.00000      0.00000      0.00000
FE      0.25000      0.25000      0.00000      0.00079      0.00030      0.00000
FE      0.25000      0.00000      0.25000     -0.00015      0.00000     -0.00240
FE      0.00000      0.25000      0.25000      0.00000     -0.00161     -0.00040
FE      0.00000      0.00000      0.50000      0.00000      0.00000      0.00000
FE      0.25000      0.25000      0.50000     -0.00008      0.00072     -0.00000
FE      0.25000      0.00000      0.75000     -0.00015      0.00000      0.00240
FE      0.00000      0.25000      0.75000      0.00000     -0.00161      0.00040
FE      0.00000      0.50000      0.00000      0.00000      0.00000      0.00000
FE      0.25000      0.75000      0.00000      0.00079     -0.00030      0.00000
FE      0.25000      0.50000      0.25000      0.00320      0.00000      0.00010
FE      0.00000      0.75000      0.25000      0.00000      0.00161     -0.00040
FE      0.00000      0.50000      0.50000      0.00000      0.00000      0.00000
FE      0.25000      0.75000      0.50000     -0.00008     -0.00072     -0.00000
FE      0.25000      0.50000      0.75000      0.00320      0.00000     -0.00010
FE      0.00000      0.75000      0.75000      0.00000      0.00161      0.00040
FE      0.50000      0.00000      0.00000      0.00000      0.00000      0.00000
FE      0.75000      0.25000      0.00000     -0.00079      0.00030      0.00000
FE      0.75000      0.00000      0.25000      0.00015      0.00000     -0.00240
FE      0.50000      0.25000      0.25000      0.00000     -0.00226      0.00442
FE      0.50000      0.00000      0.50000      0.00000      0.00000      0.00000
FE      0.75000      0.25000      0.50000      0.00008      0.00072     -0.00000
FE      0.75000      0.00000      0.75000      0.00015      0.00000      0.00240
FE      0.50000      0.25000      0.75000      0.00000     -0.00226     -0.00442
FE      0.50000      0.50000      0.00000      0.00000      0.00000      0.00000
FE      0.75000      0.75000      0.00000     -0.00079     -0.00030      0.00000
FE      0.75000      0.50000      0.25000     -0.00320      0.00000      0.00010
FE      0.50000      0.75000      0.25000      0.00000      0.00226      0.00442
FE      0.50000      0.50000      0.50000      0.00000      0.00000      0.00000
FE      0.75000      0.75000      0.50000      0.00008     -0.00072     -0.00000
FE      0.75000      0.50000      0.75000     -0.00320      0.00000     -0.00010
FE      0.50000      0.75000      0.75000      0.00000      0.00226     -0.00442
