/* Converted from PWscf output file */ 
#L_UNITS ang 
#E_UNITS eV 
#S_UNITS GPA 
#F_UNITS EV/ANG 
#ALAT 	   6.88994     // a0 
#X 	   1.00000     0.00000     0.00000     // X 
#Y 	   0.00000     1.05447     0.00000     // Y 
#Z 	   0.00000     0.00000     0.99999     // Z 
#SX 	  -4.37056     0.00000     0.00000     // SX 
#SY 	   0.00000    -3.22429     0.00000     // SY 
#SZ 	   0.00000     0.00000    -4.37056     // SZ 
#EPA 	  -4.79367     // Energy per Atom 
#RCUT 	6.5        // Rcut 
FE      0.00000      0.00000      0.00000      0.00000      0.00000      0.00000
FE      0.25000      0.25000      0.00000      0.00089      0.00146      0.00000
FE      0.25000      0.00000      0.25000      0.00185      0.00000      0.00021
FE      0.00000      0.25000      0.25000      0.00000     -0.00115     -0.00056
FE      0.00000      0.00000      0.50000      0.00000      0.00000      0.00000
FE      0.25000      0.25001      0.50000      0.00133      0.00028      0.00000
FE      0.25000      0.00000      0.75000      0.00185     -0.00000     -0.00021
FE      0.00000      0.25000      0.74999      0.00000     -0.00115      0.00056
FE      0.00000      0.50000      0.00000      0.00000      0.00000      0.00000
FE      0.25000      0.75000      0.00000      0.00089     -0.00146      0.00000
FE      0.25000      0.50000      0.25000      0.00148     -0.00000      0.00006
FE      0.00000      0.75000      0.25000      0.00000      0.00115     -0.00056
FE      0.00000      0.50000      0.50000      0.00000      0.00000      0.00000
FE      0.25000      0.74999      0.50000      0.00133     -0.00028      0.00000
FE      0.25000      0.50000      0.75000      0.00148      0.00000     -0.00006
FE      0.00000      0.75000      0.74999      0.00000      0.00115      0.00056
FE      0.50000      0.00000      0.00000      0.00000      0.00000      0.00000
FE      0.75000      0.25000      0.00000     -0.00089      0.00146      0.00000
FE      0.75000      0.00000      0.25000     -0.00185     -0.00000      0.00021
FE      0.50000      0.25000      0.25000      0.00000      0.00138     -0.00010
FE      0.50000      0.00000      0.50000      0.00000      0.00000      0.00000
FE      0.75000      0.25001      0.50000     -0.00133      0.00028      0.00000
FE      0.75000      0.00000      0.75000     -0.00185      0.00000     -0.00021
FE      0.50000      0.25000      0.75000      0.00000      0.00138      0.00010
FE      0.50000      0.50000      0.00000      0.00000      0.00000      0.00000
FE      0.75000      0.75000      0.00000     -0.00089     -0.00146      0.00000
FE      0.75000      0.50000      0.25000     -0.00148      0.00000      0.00006
FE      0.50000      0.75000      0.25000      0.00000     -0.00138     -0.00010
FE      0.50000      0.50000      0.50000      0.00000      0.00000      0.00000
FE      0.75000      0.74999      0.50000     -0.00133     -0.00028      0.00000
FE      0.75000      0.50000      0.75000     -0.00148     -0.00000     -0.00006
FE      0.50000      0.75000      0.75000      0.00000     -0.00138      0.00010
