/* Converted from PWscf output file */ 
#L_UNITS ang 
#E_UNITS eV 
#S_UNITS GPA 
#F_UNITS EV/ANG 
#ALAT 	   6.98119     // a0 
#X 	   1.00000     0.00000     0.00000     // X 
#Y 	   0.00000     1.05447     0.00000     // Y 
#Z 	   0.00000     0.00000     0.99999     // Z 
#SX 	 -11.99122     0.00000     0.00000     // SX 
#SY 	   0.00000    -8.96643     0.00000     // SY 
#SZ 	   0.00000     0.00000   -11.99107     // SZ 
#EPA 	  -4.78583     // Energy per Atom 
#RCUT 	6.5        // Rcut 
FE      0.00000      0.00000      0.00000      0.00000      0.00000      0.00000
FE      0.25000      0.25000      0.00000      0.00129     -0.00027      0.00000
FE      0.25000      0.00000      0.25000      0.00369      0.00000      0.00148
FE      0.00000      0.25000      0.25000      0.00000     -0.00380     -0.00333
FE      0.00000      0.00000      0.50000      0.00000      0.00000      0.00000
FE      0.25000      0.25001      0.50000      0.00108     -0.00407      0.00000
FE      0.25000      0.00000      0.75000      0.00369     -0.00000     -0.00148
FE      0.00000      0.25000      0.74999      0.00000     -0.00380      0.00333
FE      0.00000      0.50000      0.00000      0.00000      0.00000      0.00000
FE      0.25000      0.75000      0.00000      0.00129      0.00027      0.00000
FE      0.25000      0.50000      0.25000     -0.00002      0.00000     -0.00046
FE      0.00000      0.75000      0.25000      0.00000      0.00380     -0.00333
FE      0.00000      0.50000      0.50000      0.00000      0.00000      0.00000
FE      0.25000      0.75000      0.50000      0.00108      0.00407      0.00000
FE      0.25000      0.50000      0.75000     -0.00002      0.00000      0.00046
FE      0.00000      0.75000      0.74999      0.00000      0.00380      0.00333
FE      0.50000      0.00000      0.00000      0.00000      0.00000      0.00000
FE      0.75000      0.25000      0.00000     -0.00129     -0.00027      0.00000
FE      0.75000      0.00000      0.25000     -0.00369     -0.00000      0.00148
FE      0.50000      0.25000      0.25000      0.00000      0.00079     -0.00221
FE      0.50000      0.00000      0.50000      0.00000      0.00000      0.00000
FE      0.75000      0.25001      0.50000     -0.00108     -0.00407      0.00000
FE      0.75000      0.00000      0.75000     -0.00369      0.00000     -0.00148
FE      0.50000      0.25000      0.75000      0.00000      0.00079      0.00221
FE      0.50000      0.50000      0.00000      0.00000      0.00000      0.00000
FE      0.75000      0.75000      0.00000     -0.00129      0.00027      0.00000
FE      0.75000      0.50000      0.25000      0.00002      0.00000     -0.00046
FE      0.50000      0.75000      0.25000      0.00000     -0.00079     -0.00221
FE      0.50000      0.50000      0.50000      0.00000      0.00000      0.00000
FE      0.75000      0.75000      0.50000     -0.00108      0.00407      0.00000
FE      0.75000      0.50000      0.75000      0.00002      0.00000      0.00046
FE      0.50000      0.75000      0.75000      0.00000     -0.00079      0.00221
