/* Converted from PWscf output file */ 
#L_UNITS ang 
#E_UNITS eV 
#S_UNITS GPA 
#F_UNITS EV/ANG 
#ALAT 	   6.70742     // a0 
#X 	   1.00000     0.00000     0.00000     // X 
#Y 	   0.00000     1.05447     0.00000     // Y 
#Z 	   0.00000     0.00000     0.99999     // Z 
#SX 	  16.69443     0.00000     0.00000     // SX 
#SY 	   0.00000    12.51594     0.00000     // SY 
#SZ 	   0.00000     0.00000    16.69239     // SZ 
#EPA 	  -4.74167     // Energy per Atom 
#RCUT 	6.5        // Rcut 
FE      0.00000      0.00000      0.00000      0.00000      0.00000      0.00000
FE      0.25000      0.25000      0.00000      0.00076      0.00027      0.00000
FE      0.25000      0.00000      0.25000      0.00112     -0.00000      0.00063
FE      0.00000      0.25000      0.25000      0.00000     -0.00026     -0.00169
FE      0.00000      0.00000      0.50000      0.00000      0.00000      0.00000
FE      0.25000      0.25001      0.50000      0.00081     -0.00070      0.00000
FE      0.25000      0.00000      0.75000      0.00112      0.00000     -0.00063
FE      0.00000      0.25000      0.75000      0.00000     -0.00026      0.00169
FE      0.00000      0.50000      0.00000      0.00000      0.00000      0.00000
FE      0.25000      0.75000      0.00000      0.00076     -0.00027      0.00000
FE      0.25000      0.50000      0.25000      0.00052      0.00000     -0.00035
FE      0.00000      0.75000      0.25000      0.00000      0.00026     -0.00169
FE      0.00000      0.50000      0.50000      0.00000      0.00000      0.00000
FE      0.25000      0.75000      0.50000      0.00081      0.00070      0.00000
FE      0.25000      0.50000      0.75000      0.00052     -0.00000      0.00035
FE      0.00000      0.75000      0.75000      0.00000      0.00026      0.00169
FE      0.50000      0.00000      0.00000      0.00000      0.00000      0.00000
FE      0.75000      0.25000      0.00000     -0.00076      0.00027      0.00000
FE      0.75000      0.00000      0.25000     -0.00112      0.00000      0.00063
FE      0.50000      0.25000      0.25000      0.00000      0.00085     -0.00152
FE      0.50000      0.00000      0.50000      0.00000      0.00000      0.00000
FE      0.75000      0.25001      0.50000     -0.00081     -0.00070      0.00000
FE      0.75000      0.00000      0.75000     -0.00112     -0.00000     -0.00063
FE      0.50000      0.25000      0.75000      0.00000      0.00085      0.00152
FE      0.50000      0.50000      0.00000      0.00000      0.00000      0.00000
FE      0.75000      0.75000      0.00000     -0.00076     -0.00027      0.00000
FE      0.75000      0.50000      0.25000     -0.00052     -0.00000     -0.00035
FE      0.50000      0.75000      0.25000      0.00000     -0.00085     -0.00152
FE      0.50000      0.50000      0.50000      0.00000      0.00000      0.00000
FE      0.75000      0.75000      0.50000     -0.00081      0.00070      0.00000
FE      0.75000      0.50000      0.75000     -0.00052      0.00000      0.00035
FE      0.50000      0.75000      0.75000      0.00000     -0.00085      0.00152
