/* Converted from PWscf output file */ 
#L_UNITS ang 
#E_UNITS eV 
#S_UNITS GPA 
#F_UNITS EV/ANG 
#ALAT 	   6.93556     // a0 
#X 	   1.00000     0.00000     0.00000     // X 
#Y 	   0.00000     1.05447     0.00000     // Y 
#Z 	   0.00000     0.00000     0.99999     // Z 
#SX 	  -8.50049     0.00000     0.00000     // SX 
#SY 	   0.00000    -6.36968     0.00000     // SY 
#SZ 	   0.00000     0.00000    -8.49932     // SZ 
#EPA 	  -4.79218     // Energy per Atom 
#RCUT 	6.5        // Rcut 
FE      0.00000      0.00000      0.00000      0.00000      0.00000      0.00000
FE      0.25000      0.25000      0.00000      0.00159      0.00152      0.00000
FE      0.25000      0.00000      0.25000      0.00529      0.00000      0.00200
FE      0.00000      0.25000      0.25000      0.00000     -0.00308     -0.00375
FE      0.00000      0.00000      0.50000      0.00000      0.00000      0.00000
FE      0.25000      0.25001      0.50000      0.00184     -0.00286      0.00000
FE      0.25000      0.00000      0.75000      0.00529     -0.00000     -0.00200
FE      0.00000      0.25000      0.75000      0.00000     -0.00308      0.00375
FE      0.00000      0.50000      0.00000      0.00000      0.00000      0.00000
FE      0.25000      0.75000      0.00000      0.00159     -0.00152      0.00000
FE      0.25000      0.50000      0.25000      0.00028     -0.00000     -0.00028
FE      0.00000      0.75000      0.25000      0.00000      0.00308     -0.00375
FE      0.00000      0.50000      0.50000      0.00000      0.00000      0.00000
FE      0.25000      0.75000      0.50000      0.00184      0.00286      0.00000
FE      0.25000      0.50000      0.75000      0.00028      0.00000      0.00028
FE      0.00000      0.75000      0.75000      0.00000      0.00308      0.00375
FE      0.50000      0.00000      0.00000      0.00000      0.00000      0.00000
FE      0.75000      0.25000      0.00000     -0.00159      0.00152      0.00000
FE      0.75000      0.00000      0.25000     -0.00529     -0.00000      0.00200
FE      0.50000      0.25000      0.25000      0.00000      0.00245     -0.00182
FE      0.50000      0.00000      0.50000      0.00000      0.00000      0.00000
FE      0.75000      0.25001      0.50000     -0.00184     -0.00286      0.00000
FE      0.75000      0.00000      0.75000     -0.00529      0.00000     -0.00200
FE      0.50000      0.25000      0.75000      0.00000      0.00245      0.00182
FE      0.50000      0.50000      0.00000      0.00000      0.00000      0.00000
FE      0.75000      0.75000      0.00000     -0.00159     -0.00152      0.00000
FE      0.75000      0.50000      0.25000     -0.00028      0.00000     -0.00028
FE      0.50000      0.75000      0.25000      0.00000     -0.00245     -0.00182
FE      0.50000      0.50000      0.50000      0.00000      0.00000      0.00000
FE      0.75000      0.75000      0.50000     -0.00184      0.00286      0.00000
FE      0.75000      0.50000      0.75000     -0.00028     -0.00000      0.00028
FE      0.50000      0.75000      0.75000      0.00000     -0.00245      0.00182
