/* Converted from PWscf output file */ 
#L_UNITS ang 
#E_UNITS eV 
#S_UNITS GPA 
#F_UNITS EV/ANG 
#ALAT 	   6.97916     // a0 
#X 	   1.00000     0.00000     0.00000     // X 
#Y 	   0.00000     1.04987     0.00000     // Y 
#Z 	   0.00000     0.00000     1.00000     // Z 
#SX 	   0.38865     0.00000     0.00000     // SX 
#SY 	   0.00000    -1.24223     0.00000     // SY 
#SZ 	   0.00000     0.00000     0.38865     // SZ 
#EPA 	  -4.65366     // Energy per Atom 
#RCUT 	6.5        // Rcut 
FE      0.25000      0.25000      0.25000      0.00000      0.00000      0.00000
FE      0.00188      0.00118      0.00188      0.01781     -0.04506      0.01781
FE      0.25000      0.25000     -0.05874      0.00000      0.00000      0.15457
FE      0.25000     -0.05057      0.25000      0.00000      0.86930      0.00000
FE     -0.05874      0.25000      0.25000      0.15457      0.00000     -0.00000
FE      0.00188      0.00118      0.49812      0.01781     -0.04506     -0.01781
FE      0.25000      0.25000      0.55874      0.00000      0.00000     -0.15457
FE      0.25000     -0.01200      0.75000      0.00000      0.31890      0.00000
FE     -0.01135      0.25000      0.75000      0.33894      0.00000     -0.00000
FE      0.00188      0.49882      0.00188      0.01781      0.04506      0.01781
FE      0.25000      0.75000     -0.01422      0.00000      0.00000      0.15287
FE      0.25000      0.55057      0.25000      0.00000     -0.86930      0.00000
FE     -0.01422      0.75000      0.25000      0.15287      0.00000      0.00000
FE      0.00188      0.49882      0.49812      0.01781      0.04506     -0.01781
FE      0.25000      0.75000      0.51422      0.00000      0.00000     -0.15287
FE      0.25000      0.51200      0.75000      0.00000     -0.31890      0.00000
FE     -0.00079      0.75000      0.75000      0.44047      0.00000      0.00000
FE      0.49812      0.00118      0.00188     -0.01781     -0.04506      0.01781
FE      0.75000      0.25000     -0.01135      0.00000      0.00000      0.33894
FE      0.75000     -0.01200      0.25000      0.00000      0.31890      0.00000
FE      0.55874      0.25000      0.25000     -0.15457      0.00000     -0.00000
FE      0.49812      0.00118      0.49812     -0.01781     -0.04506     -0.01781
FE      0.75000      0.25000      0.51135      0.00000      0.00000     -0.33894
FE      0.75000     -0.00205      0.75000      0.00000      0.33833      0.00000
FE      0.51135      0.25000      0.75000     -0.33894      0.00000     -0.00000
FE      0.49812      0.49882      0.00188     -0.01781      0.04506      0.01781
FE      0.75000      0.75000     -0.00079      0.00000      0.00000      0.44047
FE      0.75000      0.51200      0.25000      0.00000     -0.31890      0.00000
FE      0.51422      0.75000      0.25000     -0.15287     -0.00000      0.00000
FE      0.49812      0.49882      0.49812     -0.01781      0.04506     -0.01781
FE      0.75000      0.75000      0.50079      0.00000      0.00000     -0.44047
FE      0.75000      0.50205      0.75000      0.00000     -0.33833      0.00000
FE      0.50079      0.75000      0.75000     -0.44047      0.00000      0.00000
