/* Converted from PWscf output file */ 
#L_UNITS ang 
#E_UNITS eV 
#S_UNITS GPA 
#F_UNITS EV/ANG 
#ALAT 	   6.99267     // a0 
#X 	   1.00000     0.00000     0.00000     // X 
#Y 	   0.00000     1.04134     0.00000     // Y 
#Z 	   0.00000     0.00000     1.00000     // Z 
#SX 	  -0.16582     0.00000     0.00000     // SX 
#SY 	   0.00000     0.43970     0.00000     // SY 
#SZ 	   0.00000     0.00000    -0.16582     // SZ 
#EPA 	  -4.65839     // Energy per Atom 
#RCUT 	6.5        // Rcut 
FE      0.25000      0.25000      0.25000      0.00000      0.00000      0.00000
FE      0.00162      0.00093      0.00162     -0.02534     -0.00110     -0.02534
FE      0.25000      0.25000     -0.05588      0.00000      0.00000      0.07202
FE      0.25000     -0.04741      0.25000      0.00000     -0.10730      0.00000
FE     -0.05588      0.25000      0.25000      0.07202      0.00000      0.00000
FE      0.00162      0.00093      0.49838     -0.02534     -0.00110      0.02534
FE      0.25000      0.25000      0.55588      0.00000      0.00000     -0.07202
FE      0.25000     -0.01006      0.75000      0.00000      0.00613      0.00000
FE     -0.00975      0.25000      0.75000     -0.02710      0.00000     -0.00000
FE      0.00162      0.49907      0.00162     -0.02534      0.00110     -0.02534
FE      0.25000      0.75000     -0.01071      0.00000      0.00000      0.13927
FE      0.25000      0.54741      0.25000     -0.00000      0.10730      0.00000
FE     -0.01071      0.75000      0.25000      0.13927      0.00000      0.00000
FE      0.00162      0.49907      0.49838     -0.02534      0.00110      0.02534
FE      0.25000      0.75000      0.51071      0.00000      0.00000     -0.13927
FE      0.25000      0.51006      0.75000      0.00000     -0.00613      0.00000
FE      0.00241      0.75000      0.75000      0.00563      0.00000      0.00000
FE      0.49838      0.00093      0.00162      0.02534     -0.00110     -0.02534
FE      0.75000      0.25000     -0.00975      0.00000     -0.00000     -0.02710
FE      0.75000     -0.01006      0.25000      0.00000      0.00613      0.00000
FE      0.55588      0.25000      0.25000     -0.07202      0.00000      0.00000
FE      0.49838      0.00093      0.49838      0.02534     -0.00110      0.02534
FE      0.75000      0.25000      0.50975      0.00000     -0.00000      0.02710
FE      0.75000     -0.00019      0.75000      0.00000     -0.03145     -0.00000
FE      0.50975      0.25000      0.75000      0.02710      0.00000     -0.00000
FE      0.49838      0.49907      0.00162      0.02534      0.00110     -0.02534
FE      0.75000      0.75000      0.00241      0.00000     -0.00000      0.00563
FE      0.75000      0.51006      0.25000      0.00000     -0.00613      0.00000
FE      0.51071      0.75000      0.25000     -0.13927      0.00000      0.00000
FE      0.49838      0.49907      0.49838      0.02534      0.00110      0.02534
FE      0.75000      0.75000      0.49759      0.00000     -0.00000     -0.00563
FE      0.75000      0.50019      0.75000      0.00000      0.03145     -0.00000
FE      0.49759      0.75000      0.75000     -0.00563      0.00000      0.00000
