/* Converted from PWscf output file */ 
#L_UNITS ang 
#E_UNITS eV 
#S_UNITS GPA 
#F_UNITS EV/ANG 
#ALAT 	   6.98897     // a0 
#X 	   1.00000     0.00000     0.00000     // X 
#Y 	   0.00000     1.04328     0.00000     // Y 
#Z 	   0.00000     0.00000     1.00000     // Z 
#SX 	  -0.11390     0.00000     0.00000     // SX 
#SY 	   0.00000     0.16946     0.00000     // SY 
#SZ 	   0.00000     0.00000    -0.11390     // SZ 
#EPA 	  -4.65854     // Energy per Atom 
#RCUT 	6.5        // Rcut 
FE      0.25000      0.25000      0.25000      0.00000      0.00000      0.00000
FE      0.00153      0.00092      0.00153     -0.01752     -0.00459     -0.01752
FE      0.25000      0.25000     -0.05583      0.00000      0.00000     -0.02207
FE      0.25000     -0.04752      0.25000      0.00000     -0.00205      0.00000
FE     -0.05583      0.25000      0.25000     -0.02207      0.00000      0.00000
FE      0.00153      0.00092      0.49847     -0.01752     -0.00459      0.01752
FE      0.25000      0.25000      0.55583      0.00000      0.00000      0.02207
FE      0.25000     -0.01004      0.75000      0.00000      0.00098      0.00000
FE     -0.00983      0.25000      0.75000     -0.01762      0.00000     -0.00000
FE      0.00153      0.49908      0.00153     -0.01752      0.00459     -0.01752
FE      0.25000      0.75000     -0.01033      0.00000     -0.00000      0.04934
FE      0.25000      0.54752      0.25000      0.00000      0.00205      0.00000
FE     -0.01033      0.75000      0.25000      0.04934     -0.00000      0.00000
FE      0.00153      0.49908      0.49847     -0.01752      0.00459      0.01752
FE      0.25000      0.75000      0.51033      0.00000     -0.00000     -0.04934
FE      0.25000      0.51004      0.75000      0.00000     -0.00098      0.00000
FE      0.00233      0.75000      0.75000     -0.03505      0.00000      0.00000
FE      0.49847      0.00092      0.00153      0.01752     -0.00459     -0.01752
FE      0.75000      0.25000     -0.00983      0.00000      0.00000     -0.01762
FE      0.75000     -0.01004      0.25000      0.00000      0.00098      0.00000
FE      0.55583      0.25000      0.25000      0.02207      0.00000      0.00000
FE      0.49847      0.00092      0.49847      0.01752     -0.00459      0.01752
FE      0.75000      0.25000      0.50983      0.00000      0.00000      0.01762
FE      0.75000     -0.00037      0.75000      0.00000     -0.05133      0.00000
FE      0.50983      0.25000      0.75000      0.01762      0.00000     -0.00000
FE      0.49847      0.49908      0.00153      0.01752      0.00459     -0.01752
FE      0.75000      0.75000      0.00233      0.00000      0.00000     -0.03505
FE      0.75000      0.51004      0.25000      0.00000     -0.00098      0.00000
FE      0.51033      0.75000      0.25000     -0.04934     -0.00000      0.00000
FE      0.49847      0.49908      0.49847      0.01752      0.00459      0.01752
FE      0.75000      0.75000      0.49767      0.00000      0.00000      0.03505
FE      0.75000      0.50037      0.75000      0.00000      0.05133      0.00000
FE      0.49767      0.75000      0.75000      0.03505      0.00000      0.00000
