/* Converted from PWscf output file */ 
#L_UNITS ang 
#E_UNITS eV 
#S_UNITS GPA 
#F_UNITS EV/ANG 
#ALAT 	   6.97916     // a0 
#X 	   1.00000     0.00000     0.00000     // X 
#Y 	   0.00000     1.04987     0.00000     // Y 
#Z 	   0.00000     0.00000     1.00000     // Z 
#SX 	  -0.30436     0.00000     0.00000     // SX 
#SY 	   0.00000    -2.84555     0.00000     // SY 
#SZ 	   0.00000     0.00000    -0.30436     // SZ 
#EPA 	  -4.64915     // Energy per Atom 
#RCUT 	6.5        // Rcut 
FE      0.25000      0.25000      0.25000      0.00000      0.00000      0.00000
FE      0.00176      0.00147      0.00176      0.03389     -0.07038      0.03389
FE      0.25000      0.25000     -0.05963      0.00000      0.00000      0.01632
FE      0.25000     -0.05603      0.25000      0.00000      1.30260      0.00000
FE     -0.05963      0.25000      0.25000      0.01632      0.00000      0.00000
FE      0.00176      0.00147      0.49824      0.03389     -0.07038     -0.03389
FE      0.25000      0.25000      0.55963      0.00000      0.00000     -0.01632
FE      0.25000     -0.01399      0.75000      0.00000      0.46419      0.00000
FE     -0.01364      0.25000      0.75000      0.56068      0.00000      0.00000
FE      0.00176      0.49853      0.00176      0.03389      0.07038      0.03389
FE      0.25000      0.75000     -0.01513      0.00000      0.00000      0.05494
FE      0.25000      0.55603      0.25000      0.00000     -1.30260      0.00000
FE     -0.01513      0.75000      0.25000      0.05494      0.00000      0.00000
FE      0.00176      0.49853      0.49824      0.03389      0.07038     -0.03389
FE      0.25000      0.75000      0.51513      0.00000      0.00000     -0.05494
FE      0.25000      0.51399      0.75000      0.00000     -0.46419     -0.00000
FE     -0.00367      0.75000      0.75000      0.57544     -0.00000      0.00000
FE      0.49824      0.00147      0.00176     -0.03389     -0.07038      0.03389
FE      0.75000      0.25000     -0.01364      0.00000      0.00000      0.56068
FE      0.75000     -0.01399      0.25000      0.00000      0.46419      0.00000
FE      0.55963      0.25000      0.25000     -0.01632     -0.00000      0.00000
FE      0.49824      0.00147      0.49824     -0.03389     -0.07038     -0.03389
FE      0.75000      0.25000      0.51364      0.00000      0.00000     -0.56068
FE      0.75000     -0.00414      0.75000      0.00000      0.43868     -0.00000
FE      0.51364      0.25000      0.75000     -0.56068      0.00000      0.00000
FE      0.49824      0.49853      0.00176     -0.03389      0.07038      0.03389
FE      0.75000      0.75000     -0.00367      0.00000     -0.00000      0.57544
FE      0.75000      0.51399      0.25000      0.00000     -0.46419      0.00000
FE      0.51513      0.75000      0.25000     -0.05494      0.00000      0.00000
FE      0.49824      0.49853      0.49824     -0.03389      0.07038     -0.03389
FE      0.75000      0.75000      0.50367      0.00000     -0.00000     -0.57544
FE      0.75000      0.50414      0.75000      0.00000     -0.43868      0.00000
FE      0.50367      0.75000      0.75000     -0.57544     -0.00000     -0.00000
