/* Converted from PWscf output file */ 
#L_UNITS ang 
#E_UNITS eV 
#S_UNITS GPA 
#F_UNITS EV/ANG 
#ALAT 	   6.98301     // a0 
#X 	   1.00000     0.00000     0.00000     // X 
#Y 	   0.00000     1.04612     0.00000     // Y 
#Z 	   0.00000     0.00000     1.00000     // Z 
#SX 	   0.03544     0.00000     0.00000     // SX 
#SY 	   0.00000    -0.03471     0.00000     // SY 
#SZ 	   0.00000     0.00000     0.03544     // SZ 
#EPA 	  -4.65861     // Energy per Atom 
#RCUT 	6.5        // Rcut 
FE      0.25000      0.25000      0.25000      0.00000      0.00000      0.00000
FE      0.00125      0.00080      0.00125      0.00067     -0.00299      0.00067
FE      0.25000      0.25000     -0.05619      0.00000     -0.00000     -0.00912
FE      0.25000     -0.04663      0.25000      0.00000      0.05905      0.00000
FE     -0.05619      0.25000      0.25000     -0.00912     -0.00000      0.00000
FE      0.00125      0.00080      0.49875      0.00067     -0.00299     -0.00067
FE      0.25000      0.25000      0.55619      0.00000     -0.00000      0.00912
FE      0.25000     -0.01012      0.75000      0.00000     -0.01499      0.00000
FE     -0.01013      0.25000      0.75000     -0.00399     -0.00000      0.00000
FE      0.00125      0.49920      0.00125      0.00067      0.00299      0.00067
FE      0.25000      0.75000     -0.00952      0.00000      0.00000     -0.00292
FE      0.25000      0.54663      0.25000      0.00000     -0.05905      0.00000
FE     -0.00952      0.75000      0.25000     -0.00292      0.00000      0.00000
FE      0.00125      0.49920      0.49875      0.00067      0.00299     -0.00067
FE      0.25000      0.75000      0.50952      0.00000      0.00000      0.00292
FE      0.25000      0.51012      0.75000      0.00000      0.01499      0.00000
FE      0.00183      0.75000      0.75000     -0.00318      0.00000      0.00000
FE      0.49875      0.00080      0.00125     -0.00067     -0.00299      0.00067
FE      0.75000      0.25000     -0.01013      0.00000      0.00000     -0.00399
FE      0.75000     -0.01012      0.25000      0.00000     -0.01499      0.00000
FE      0.55619      0.25000      0.25000      0.00912     -0.00000      0.00000
FE      0.49875      0.00080      0.49875     -0.00067     -0.00299     -0.00067
FE      0.75000      0.25000      0.51013      0.00000      0.00000      0.00399
FE      0.75000     -0.00102      0.75000      0.00000      0.00586      0.00000
FE      0.51013      0.25000      0.75000      0.00399     -0.00000      0.00000
FE      0.49875      0.49920      0.00125     -0.00067      0.00299      0.00067
FE      0.75000      0.75000      0.00183      0.00000     -0.00000     -0.00318
FE      0.75000      0.51012      0.25000      0.00000      0.01499      0.00000
FE      0.50952      0.75000      0.25000      0.00292      0.00000      0.00000
FE      0.49875      0.49920      0.49875     -0.00067      0.00299     -0.00067
FE      0.75000      0.75000      0.49817      0.00000     -0.00000      0.00318
FE      0.75000      0.50102      0.75000      0.00000     -0.00586      0.00000
FE      0.49817      0.75000      0.75000      0.00318      0.00000      0.00000
