/* Converted from PWscf output file */ 
#L_UNITS ang 
#E_UNITS eV 
#S_UNITS GPA 
#F_UNITS EV/ANG 
#ALAT 	   6.99294     // a0 
#X 	   1.00000     0.00000     0.00000     // X 
#Y 	   0.00000     1.04079     0.00000     // Y 
#Z 	   0.00000     0.00000     1.00000     // Z 
#SX 	  -0.06417     0.00000     0.00000     // SX 
#SY 	   0.00000     0.58014     0.00000     // SY 
#SZ 	   0.00000     0.00000    -0.06417     // SZ 
#EPA 	  -4.65812     // Energy per Atom 
#RCUT 	6.5        // Rcut 
FE      0.25000      0.25000      0.25000      0.00000      0.00000      0.00000
FE      0.00179      0.00098      0.00179     -0.02574     -0.00074     -0.02574
FE      0.25000      0.25000     -0.05666      0.00000      0.00000      0.16190
FE      0.25000     -0.04734      0.25000      0.00000     -0.10602      0.00000
FE     -0.05666      0.25000      0.25000      0.16190      0.00000     -0.00000
FE      0.00179      0.00098      0.49821     -0.02574     -0.00074      0.02574
FE      0.25000      0.25000      0.55666      0.00000      0.00000     -0.16190
FE      0.25000     -0.01037      0.75000     -0.00000      0.02502      0.00000
FE     -0.00985      0.25000      0.75000     -0.01762      0.00000      0.00000
FE      0.00179      0.49902      0.00179     -0.02574      0.00074     -0.02574
FE      0.25000      0.75000     -0.01193      0.00000      0.00000      0.20411
FE      0.25000      0.54734      0.25000     -0.00000      0.10602      0.00000
FE     -0.01193      0.75000      0.25000      0.20411      0.00000      0.00000
FE      0.00179      0.49902      0.49821     -0.02574      0.00074      0.02574
FE      0.25000      0.75000      0.51193      0.00000      0.00000     -0.20411
FE      0.25000      0.51037      0.75000      0.00000     -0.02502      0.00000
FE      0.00192      0.75000      0.75000      0.06813      0.00000      0.00000
FE      0.49821      0.00098      0.00179      0.02574     -0.00074     -0.02574
FE      0.75000      0.25000     -0.00985      0.00000      0.00000     -0.01762
FE      0.75000     -0.01037      0.25000      0.00000      0.02502      0.00000
FE      0.55666      0.25000      0.25000     -0.16190      0.00000     -0.00000
FE      0.49821      0.00098      0.49821      0.02574     -0.00074      0.02574
FE      0.75000      0.25000      0.50985      0.00000      0.00000      0.01762
FE      0.75000     -0.00031      0.75000      0.00000      0.01726     -0.00000
FE      0.50985      0.25000      0.75000      0.01762      0.00000      0.00000
FE      0.49821      0.49902      0.00179      0.02574      0.00074     -0.02574
FE      0.75000      0.75000      0.00192      0.00000      0.00000      0.06813
FE      0.75000      0.51037      0.25000      0.00000     -0.02502      0.00000
FE      0.51193      0.75000      0.25000     -0.20411      0.00000     -0.00000
FE      0.49821      0.49902      0.49821      0.02574      0.00074      0.02574
FE      0.75000      0.75000      0.49808      0.00000      0.00000     -0.06813
FE      0.75000      0.50031      0.75000      0.00000     -0.01726     -0.00000
FE      0.49808      0.75000      0.75000     -0.06813      0.00000      0.00000
