/* Converted from PWscf output file */ 
#L_UNITS ang 
#E_UNITS eV 
#S_UNITS GPA 
#F_UNITS EV/ANG 
#ALAT 	   6.98732     // a0 
#X 	   1.00000     0.00000     0.00000     // X 
#Y 	   0.00000     1.04320     0.00000     // Y 
#Z 	   0.00000     0.00000     1.00000     // Z 
#SX 	   0.25667     0.00000     0.00000     // SX 
#SY 	   0.00000     0.23261     0.00000     // SY 
#SZ 	   0.00000     0.00000     0.25667     // SZ 
#EPA 	  -4.65730     // Energy per Atom 
#RCUT 	6.5        // Rcut 
FE      0.25000      0.25000      0.25000      0.00000      0.00000      0.00000
FE      0.00188      0.00103      0.00188     -0.01172     -0.01230     -0.01172
FE      0.25000      0.25000     -0.05753      0.00000     -0.00000      0.22922
FE      0.25000     -0.04787      0.25000      0.00000      0.19131      0.00000
FE     -0.05753      0.25000      0.25000      0.22922     -0.00000      0.00000
FE      0.00188      0.00103      0.49812     -0.01172     -0.01230      0.01172
FE      0.25000      0.25000      0.55753      0.00000      0.00000     -0.22922
FE      0.25000     -0.01083      0.75000      0.00000      0.11593     -0.00000
FE     -0.01019      0.25000      0.75000      0.07752      0.00000      0.00000
FE      0.00188      0.49897      0.00188     -0.01172      0.01230     -0.01172
FE      0.25000      0.75000     -0.01298      0.00000      0.00000      0.23077
FE      0.25000      0.54787      0.25000      0.00000     -0.19131      0.00000
FE     -0.01298      0.75000      0.25000      0.23077      0.00000      0.00000
FE      0.00188      0.49897      0.49812     -0.01172      0.01230      0.01172
FE      0.25000      0.75000      0.51298      0.00000      0.00000     -0.23077
FE      0.25000      0.51083      0.75000      0.00000     -0.11593     -0.00000
FE      0.00110      0.75000      0.75000      0.21238      0.00000      0.00000
FE      0.49812      0.00103      0.00188      0.01172     -0.01230     -0.01172
FE      0.75000      0.25000     -0.01019      0.00000     -0.00000      0.07752
FE      0.75000     -0.01083      0.25000      0.00000      0.11593      0.00000
FE      0.55753      0.25000      0.25000     -0.22922      0.00000     -0.00000
FE      0.49812      0.00103      0.49812      0.01172     -0.01230      0.01172
FE      0.75000      0.25000      0.51019      0.00000     -0.00000     -0.07752
FE      0.75000     -0.00076      0.75000      0.00000      0.14501      0.00000
FE      0.51019      0.25000      0.75000     -0.07752      0.00000      0.00000
FE      0.49812      0.49897      0.00188      0.01172      0.01230     -0.01172
FE      0.75000      0.75000      0.00110      0.00000     -0.00000      0.21238
FE      0.75000      0.51083      0.25000      0.00000     -0.11593      0.00000
FE      0.51298      0.75000      0.25000     -0.23077      0.00000     -0.00000
FE      0.49812      0.49897      0.49812      0.01172      0.01230      0.01172
FE      0.75000      0.75000      0.49890      0.00000     -0.00000     -0.21238
FE      0.75000      0.50076      0.75000      0.00000     -0.14501     -0.00000
FE      0.49890      0.75000      0.75000     -0.21238      0.00000      0.00000
