/* Converted from PWscf output file */ 
#L_UNITS ang 
#E_UNITS eV 
#S_UNITS GPA 
#F_UNITS EV/ANG 
#ALAT 	   6.98269     // a0 
#X 	   1.00000     0.00000     0.00000     // X 
#Y 	   0.00000     1.04635     0.00000     // Y 
#Z 	   0.00000     0.00000     1.00000     // Z 
#SX 	   0.04156     0.00000     0.00000     // SX 
#SY 	   0.00000    -0.03529     0.00000     // SY 
#SZ 	   0.00000     0.00000     0.04156     // SZ 
#EPA 	  -4.65606     // Energy per Atom 
#RCUT 	6.5        // Rcut 
FE      0.25000      0.25000      0.25000      0.00000      0.00000      0.00000
FE      0.00125      0.00080      0.00125      0.00266     -0.00104      0.00266
FE      0.25000      0.25000     -0.05619      0.00000      0.00000     -0.00041
FE      0.25000     -0.04663      0.25000      0.00000      0.02065     -0.00000
FE     -0.05619      0.25000      0.25000     -0.00041      0.00000      0.00000
FE      0.00125      0.00080      0.49875      0.00266     -0.00104     -0.00266
FE      0.25000      0.25000      0.55619      0.00000      0.00000      0.00041
FE      0.25000     -0.01012      0.75000      0.00000     -0.01698      0.00000
FE     -0.01013      0.25000      0.75000     -0.00237      0.00000      0.00000
FE      0.00125      0.49920      0.00125      0.00266      0.00104      0.00266
FE      0.25000      0.75000     -0.00952      0.00000     -0.00000      0.00040
FE      0.25000      0.54663      0.25000      0.00000     -0.02065     -0.00000
FE     -0.00952      0.75000      0.25000      0.00040      0.00000      0.00000
FE      0.00125      0.49920      0.49875      0.00266      0.00104     -0.00266
FE      0.25000      0.75000      0.50952      0.00000     -0.00000     -0.00040
FE      0.25000      0.51012      0.75000      0.00000      0.01698      0.00000
FE      0.00183      0.75000      0.75000      0.00337      0.00000      0.00000
FE      0.49875      0.00080      0.00125     -0.00266     -0.00104      0.00266
FE      0.75000      0.25000     -0.01013      0.00000     -0.00000     -0.00237
FE      0.75000     -0.01012      0.25000      0.00000     -0.01698      0.00000
FE      0.55619      0.25000      0.25000      0.00041      0.00000      0.00000
FE      0.49875      0.00080      0.49875     -0.00266     -0.00104     -0.00266
FE      0.75000      0.25000      0.51013      0.00000     -0.00000      0.00237
FE      0.75000     -0.00102      0.75000      0.00000      0.01511      0.00000
FE      0.51013      0.25000      0.75000      0.00237      0.00000      0.00000
FE      0.49875      0.49920      0.00125     -0.00266      0.00104      0.00266
FE      0.75000      0.75000      0.00183      0.00000      0.00000      0.00337
FE      0.75000      0.51012      0.25000      0.00000      0.01698      0.00000
FE      0.50952      0.75000      0.25000     -0.00040      0.00000      0.00000
FE      0.49875      0.49920      0.49875     -0.00266      0.00104     -0.00266
FE      0.75000      0.75000      0.49817      0.00000      0.00000     -0.00337
FE      0.75000      0.50102      0.75000      0.00000     -0.01511      0.00000
FE      0.49817      0.75000      0.75000     -0.00337      0.00000      0.00000
