/* Converted from PWscf output file */ 
#L_UNITS ang 
#E_UNITS eV 
#S_UNITS GPA 
#F_UNITS EV/ANG 
#ALAT 	   6.96241     // a0 
#X 	   1.00000     0.00000     0.00000     // X 
#Y 	   0.00000     1.05907     0.00000     // Y 
#Z 	   0.00000     0.00000     1.00000     // Z 
#SX 	   0.01065     0.00000     0.00000     // SX 
#SY 	   0.00000    -0.02027     0.00000     // SY 
#SZ 	   0.00000     0.00000     0.01065     // SZ 
#EPA 	  -4.64926     // Energy per Atom 
#RCUT 	6.5        // Rcut 
FE      0.12500      0.12500      0.12500      0.00000     -0.00004      0.00000
FE     -0.03748     -0.03962     -0.03748      0.00892      0.00172      0.00892
FE      0.28748      0.28962     -0.03748     -0.00896     -0.00170      0.00896
FE      0.28748     -0.03962      0.28748     -0.00892      0.00172     -0.00892
FE     -0.03748      0.28962      0.28748      0.00896     -0.00170     -0.00896
FE      0.00112      0.00056      0.49811      0.00710     -0.00770     -0.00124
FE      0.24888      0.24944      0.49811     -0.00709      0.00770     -0.00124
FE      0.24888      0.00056      0.75189     -0.00710     -0.00770      0.00124
FE      0.00112      0.24944      0.75189      0.00709      0.00770      0.00124
FE      0.00039      0.49770      0.00039      0.00157      0.00122      0.00157
FE      0.24961      0.75230      0.00039     -0.00158     -0.00121      0.00158
FE      0.24961      0.49770      0.24961     -0.00157      0.00122     -0.00157
FE      0.00039      0.75230      0.24961      0.00158     -0.00121     -0.00158
FE      0.00053      0.50884      0.50679     -0.00566      0.01544      0.00381
FE      0.24947      0.74116      0.50679      0.00566     -0.01544      0.00382
FE      0.24947      0.50884      0.74321      0.00566      0.01544     -0.00381
FE      0.00053      0.74116      0.74321     -0.00566     -0.01544     -0.00382
FE      0.49811      0.00056      0.00112     -0.00124     -0.00770      0.00710
FE      0.75189      0.24944      0.00112      0.00124      0.00770      0.00709
FE      0.75189      0.00056      0.24888      0.00124     -0.00770     -0.00710
FE      0.49811      0.24944      0.24888     -0.00124      0.00770     -0.00709
FE      0.50882      0.00197      0.50882      0.00223      0.00115      0.00223
FE      0.74118      0.24803      0.50882     -0.00221     -0.00114      0.00221
FE      0.74118      0.00197      0.74118     -0.00223      0.00115     -0.00223
FE      0.50882      0.24803      0.74118      0.00221     -0.00114     -0.00221
FE      0.50679      0.50884      0.00053      0.00381      0.01544     -0.00566
FE      0.74321      0.74116      0.00053     -0.00382     -0.01544     -0.00566
FE      0.74321      0.50884      0.24947     -0.00381      0.01544      0.00566
FE      0.50679      0.74116      0.24947      0.00382     -0.01544      0.00566
FE      0.50155      0.50027      0.50155     -0.00117     -0.00640     -0.00117
FE      0.74845      0.74973      0.50155      0.00116      0.00640     -0.00116
FE      0.74845      0.50027      0.74845      0.00117     -0.00640      0.00117
FE      0.50155      0.74973      0.74845     -0.00116      0.00640      0.00116
