/* Converted from PWscf output file */ 
#L_UNITS ang 
#E_UNITS eV 
#S_UNITS GPA 
#F_UNITS EV/ANG 
#ALAT 	   6.96697     // a0 
#X 	   1.00000     0.00000     0.00000     // X 
#Y 	   0.00000     1.05473     0.00000     // Y 
#Z 	   0.00000     0.00000     1.00000     // Z 
#SX 	   0.17850     0.00000    -0.00015     // SX 
#SY 	   0.00000     0.60055     0.00000     // SY 
#SZ 	  -0.00015     0.00000     0.17850     // SZ 
#EPA 	  -4.64884     // Energy per Atom 
#RCUT 	6.5        // Rcut 
FE      0.12500      0.12500      0.12500      0.00000     -0.00006      0.00000
FE     -0.03735     -0.03919     -0.03735     -0.11249     -0.12179     -0.11249
FE      0.28735      0.28919     -0.03735      0.11242      0.12182     -0.11242
FE      0.28735     -0.03919      0.28735      0.11249     -0.12179      0.11249
FE     -0.03735      0.28919      0.28735     -0.11242      0.12182      0.11242
FE      0.00130      0.00100      0.49739     -0.02308     -0.03183      0.06654
FE      0.24870      0.24900      0.49739      0.02310      0.03182      0.06655
FE      0.24870      0.00100      0.75261      0.02308     -0.03183     -0.06654
FE      0.00130      0.24900      0.75261     -0.02310      0.03182     -0.06655
FE      0.00083      0.49697      0.00083     -0.03662      0.06696     -0.03662
FE      0.24917      0.75303      0.00083      0.03660     -0.06695     -0.03660
FE      0.24917      0.49697      0.24917      0.03662      0.06696      0.03662
FE      0.00083      0.75303      0.24917     -0.03660     -0.06695      0.03660
FE      0.00034      0.50875      0.50738      0.01019     -0.06126     -0.10206
FE      0.24966      0.74125      0.50739     -0.01015      0.06126     -0.10210
FE      0.24966      0.50875      0.74262     -0.01019     -0.06126      0.10206
FE      0.00034      0.74125      0.74261      0.01015      0.06126      0.10210
FE      0.49739      0.00100      0.00130      0.06654     -0.03183     -0.02308
FE      0.75261      0.24900      0.00130     -0.06655      0.03182     -0.02310
FE      0.75261      0.00100      0.24870     -0.06654     -0.03183      0.02308
FE      0.49739      0.24900      0.24870      0.06655      0.03182      0.02310
FE      0.50910      0.00132      0.50910     -0.10867      0.03751     -0.10867
FE      0.74090      0.24868      0.50910      0.10866     -0.03749     -0.10866
FE      0.74090      0.00132      0.74090      0.10867      0.03751      0.10867
FE      0.50910      0.24868      0.74090     -0.10866     -0.03749      0.10866
FE      0.50738      0.50875      0.00034     -0.10206     -0.06126      0.01019
FE      0.74261      0.74125      0.00034      0.10210      0.06126      0.01015
FE      0.74262      0.50875      0.24966      0.10206     -0.06126     -0.01019
FE      0.50739      0.74125      0.24966     -0.10210      0.06126     -0.01015
FE      0.50104      0.50026      0.50104      0.04639      0.01079      0.04639
FE      0.74896      0.74974      0.50104     -0.04638     -0.01081      0.04638
FE      0.74896      0.50026      0.74896     -0.04639      0.01079     -0.04639
FE      0.50104      0.74974      0.74896      0.04638     -0.01081     -0.04638
