/* Converted from PWscf output file */ 
#L_UNITS ang 
#E_UNITS eV 
#S_UNITS GPA 
#F_UNITS EV/ANG 
#ALAT 	   6.96637     // a0 
#X 	   1.00000     0.00000     0.00000     // X 
#Y 	   0.00000     1.05712     0.00000     // Y 
#Z 	   0.00000     0.00000     1.00000     // Z 
#SX 	  -0.08940     0.00000     0.00015     // SX 
#SY 	   0.00000     0.13942     0.00000     // SY 
#SZ 	   0.00015     0.00000    -0.08940     // SZ 
#EPA 	  -4.64921     // Energy per Atom 
#RCUT 	6.5        // Rcut 
FE      0.12500      0.12500      0.12500      0.00000     -0.00005      0.00000
FE     -0.03750     -0.03952     -0.03750      0.00646     -0.00510      0.00646
FE      0.28750      0.28953     -0.03750     -0.00649      0.00513      0.00649
FE      0.28750     -0.03952      0.28750     -0.00646     -0.00510     -0.00646
FE     -0.03750      0.28953      0.28750      0.00649      0.00513     -0.00649
FE      0.00115      0.00072      0.49790     -0.00302     -0.01708      0.02218
FE      0.24885      0.24928      0.49790      0.00303      0.01707      0.02218
FE      0.24885      0.00072      0.75210      0.00302     -0.01708     -0.02218
FE      0.00115      0.24928      0.75210     -0.00303      0.01707     -0.02218
FE      0.00052      0.49746      0.00052     -0.01374      0.02672     -0.01374
FE      0.24948      0.75254      0.00052      0.01372     -0.02670     -0.01372
FE      0.24948      0.49746      0.24948      0.01374      0.02672      0.01374
FE      0.00052      0.75254      0.24948     -0.01372     -0.02670      0.01372
FE      0.00050      0.50862      0.50683      0.00355      0.03373      0.00633
FE      0.24950      0.74138      0.50683     -0.00354     -0.03374      0.00633
FE      0.24950      0.50862      0.74317     -0.00355      0.03373     -0.00633
FE      0.00050      0.74138      0.74317      0.00354     -0.03374     -0.00633
FE      0.49790      0.00072      0.00115      0.02218     -0.01708     -0.00302
FE      0.75210      0.24928      0.00115     -0.02218      0.01707     -0.00303
FE      0.75210      0.00072      0.24885     -0.02218     -0.01708      0.00302
FE      0.49790      0.24928      0.24885      0.02218      0.01707      0.00303
FE      0.50874      0.00176      0.50874      0.02324      0.02402      0.02324
FE      0.74126      0.24824      0.50874     -0.02320     -0.02401      0.02320
FE      0.74126      0.00176      0.74126     -0.02324      0.02402     -0.02324
FE      0.50874      0.24824      0.74126      0.02320     -0.02401     -0.02320
FE      0.50683      0.50862      0.00050      0.00633      0.03373      0.00355
FE      0.74317      0.74138      0.00050     -0.00633     -0.03374      0.00354
FE      0.74317      0.50862      0.24950     -0.00633      0.03373     -0.00355
FE      0.50683      0.74138      0.24950      0.00633     -0.03374     -0.00354
FE      0.50141      0.50031      0.50141      0.01411     -0.00457      0.01411
FE      0.74859      0.74969      0.50141     -0.01411      0.00456      0.01411
FE      0.74859      0.50031      0.74859     -0.01411     -0.00457     -0.01411
FE      0.50141      0.74969      0.74859      0.01411      0.00456     -0.01411
