/* Converted from PWscf output file */ 
#L_UNITS ang 
#E_UNITS eV 
#S_UNITS GPA 
#F_UNITS EV/ANG 
#ALAT 	   6.96509     // a0 
#X 	   1.00000     0.00000     0.00000     // X 
#Y 	   0.00000     1.05787     0.00000     // Y 
#Z 	   0.00000     0.00000     1.00000     // Z 
#SX 	  -0.07948     0.00000     0.00000     // SX 
#SY 	   0.00000     0.05513     0.00000     // SY 
#SZ 	   0.00000     0.00000    -0.07948     // SZ 
#EPA 	  -4.64923     // Energy per Atom 
#RCUT 	6.5        // Rcut 
FE      0.12500      0.12500      0.12500      0.00000     -0.00004      0.00000
FE     -0.03748     -0.03962     -0.03748      0.01261      0.00232      0.01261
FE      0.28748      0.28962     -0.03748     -0.01265     -0.00230      0.01265
FE      0.28748     -0.03962      0.28748     -0.01261      0.00232     -0.01261
FE     -0.03748      0.28962      0.28748      0.01265     -0.00230     -0.01265
FE      0.00112      0.00056      0.49811      0.00146     -0.01362      0.01255
FE      0.24888      0.24944      0.49811     -0.00146      0.01362      0.01255
FE      0.24888      0.00056      0.75189     -0.00146     -0.01362     -0.01255
FE      0.00112      0.24944      0.75189      0.00146      0.01362     -0.01255
FE      0.00039      0.49770      0.00039     -0.00775      0.01681     -0.00775
FE      0.24961      0.75230      0.00039      0.00774     -0.01679     -0.00774
FE      0.24961      0.49770      0.24961      0.00775      0.01681      0.00775
FE      0.00039      0.75230      0.24961     -0.00774     -0.01679      0.00774
FE      0.00053      0.50884      0.50679     -0.00008      0.03273      0.01060
FE      0.24947      0.74116      0.50679      0.00009     -0.03273      0.01060
FE      0.24947      0.50884      0.74321      0.00008      0.03273     -0.01060
FE      0.00053      0.74116      0.74321     -0.00009     -0.03273     -0.01060
FE      0.49811      0.00056      0.00112      0.01255     -0.01362      0.00146
FE      0.75189      0.24944      0.00112     -0.01255      0.01362      0.00146
FE      0.75189      0.00056      0.24888     -0.01255     -0.01362     -0.00146
FE      0.49811      0.24944      0.24888      0.01255      0.01362     -0.00146
FE      0.50882      0.00197      0.50882      0.02176      0.01576      0.02176
FE      0.74118      0.24803      0.50882     -0.02173     -0.01575      0.02173
FE      0.74118      0.00197      0.74118     -0.02176      0.01576     -0.02176
FE      0.50882      0.24803      0.74118      0.02173     -0.01575     -0.02173
FE      0.50679      0.50884      0.00053      0.01060      0.03273     -0.00008
FE      0.74321      0.74116      0.00053     -0.01060     -0.03273     -0.00009
FE      0.74321      0.50884      0.24947     -0.01060      0.03273      0.00008
FE      0.50679      0.74116      0.24947      0.01060     -0.03273      0.00009
FE      0.50155      0.50027      0.50155      0.00756     -0.00603      0.00756
FE      0.74845      0.74973      0.50155     -0.00756      0.00602      0.00756
FE      0.74845      0.50027      0.74845     -0.00756     -0.00603     -0.00756
FE      0.50155      0.74973      0.74845      0.00756      0.00602     -0.00756
