/* Converted from PWscf output file */ 
#L_UNITS ang 
#E_UNITS eV 
#S_UNITS GPA 
#F_UNITS EV/ANG 
#ALAT 	   6.97318     // a0 
#X 	   1.00000     0.00000     0.00000     // X 
#Y 	   0.00000     1.05440     0.00000     // Y 
#Z 	   0.00000     0.00000     1.00000     // Z 
#SX 	  -0.80385     0.00000     0.00073     // SX 
#SY 	   0.00000    -0.84293     0.00000     // SY 
#SZ 	   0.00073     0.00000    -0.80385     // SZ 
#EPA 	  -4.63997     // Energy per Atom 
#RCUT 	6.5        // Rcut 
FE      0.12500      0.12500      0.12500      0.00000      0.00015      0.00000
FE     -0.04103     -0.04175     -0.04103      0.86129      0.65328      0.86129
FE      0.29103      0.29175     -0.04103     -0.86134     -0.65339      0.86134
FE      0.29103     -0.04175      0.29103     -0.86129      0.65328     -0.86129
FE     -0.04103      0.29175      0.29103      0.86134     -0.65339     -0.86134
FE      0.00169      0.00159      0.49647     -0.04469     -0.08143      0.09317
FE      0.24831      0.24841      0.49647      0.04463      0.08150      0.09317
FE      0.24831      0.00159      0.75353      0.04469     -0.08143     -0.09317
FE      0.00169      0.24841      0.75353     -0.04463      0.08150     -0.09317
FE      0.00155      0.49632      0.00155     -0.09186      0.04532     -0.09186
FE      0.24845      0.75368      0.00155      0.09192     -0.04542     -0.09192
FE      0.24845      0.49632      0.24845      0.09186      0.04532      0.09186
FE      0.00155      0.75368      0.24845     -0.09192     -0.04542      0.09192
FE     -0.00073      0.51046      0.51007      0.20073     -0.23740     -0.35636
FE      0.25073      0.73954      0.51007     -0.20078      0.23741     -0.35627
FE      0.25073      0.51046      0.73993     -0.20073     -0.23740      0.35636
FE     -0.00073      0.73954      0.73993      0.20078      0.23741      0.35627
FE      0.49647      0.00159      0.00169      0.09317     -0.08143     -0.04469
FE      0.75353      0.24841      0.00169     -0.09317      0.08150     -0.04463
FE      0.75353      0.00159      0.24831     -0.09317     -0.08143      0.04469
FE      0.49647      0.24841      0.24831      0.09317      0.08150      0.04463
FE      0.51079     -0.00043      0.51079     -0.11333      0.31944     -0.11333
FE      0.73921      0.25043      0.51079      0.11313     -0.31950     -0.11313
FE      0.73921     -0.00043      0.73921      0.11333      0.31944      0.11333
FE      0.51079      0.25043      0.73921     -0.11313     -0.31950      0.11313
FE      0.51007      0.51046     -0.00073     -0.35636     -0.23740      0.20073
FE      0.73993      0.73954     -0.00073      0.35627      0.23741      0.20078
FE      0.73993      0.51046      0.25073      0.35636     -0.23740     -0.20073
FE      0.51007      0.73954      0.25073     -0.35627      0.23741     -0.20078
FE      0.50004      0.49983      0.50004      0.13133      0.06539      0.13133
FE      0.74996      0.75017      0.50004     -0.13132     -0.06535      0.13132
FE      0.74996      0.49983      0.74996     -0.13133      0.06539     -0.13133
FE      0.50004      0.75017      0.74996      0.13132     -0.06535     -0.13132
